{"target": 0.5063117305798979, "params": {"T1": 0.05631523515508505, "T3": 0.11599598467504026, "T5": 0.10802480286737604, "U1": 13.667513190275265, "U5": 16.122540453449957}, "datetime": {"datetime": "2021-03-04 16:02:51", "elapsed": 4.443618, "delta": 0.05297}}
{"target": 0.18004913510204618, "params": {"T1": 0.07818181711760676, "T3": 0.09780625974929563, "T5": 0.10186633160280903, "U1": 12.592178858392547, "U5": 14.395854101270388}, "datetime": {"datetime": "2021-03-04 16:02:51", "elapsed": 4.497793, "delta": 0.054175}}
{"target": 0.17509836948449534, "params": {"T1": 0.08715104199193488, "T3": 0.09190144943089687, "T5": 0.08129954321192301, "U1": 16.886955212097323, "U5": 15.928297551094554}, "datetime": {"datetime": "2021-03-04 16:02:51", "elapsed": 4.549827, "delta": 0.052034}}
{"target": 0.12567855886993914, "params": {"T1": 0.144687418552839, "T3": 0.08751483480814307, "T5": 0.09976454785834159, "U1": 14.159176799770146, "U5": 13.27275116317054}, "datetime": {"datetime": "2021-03-04 16:02:51", "elapsed": 4.605168, "delta": 0.055341}}
{"target": 0.33023686896338156, "params": {"T1": 0.14974911408300318, "T3": 0.085524365899516, "T5": 0.1440017191762945, "U1": 18.366852786085683, "U5": 14.997543314814337}, "datetime": {"datetime": "2021-03-04 16:02:51", "elapsed": 4.660902, "delta": 0.055734}}
{"target": 0.26706877674790375, "params": {"T1": 0.10490020804270295, "T3": 0.1153886258533829, "T5": 0.12762827922956405, "U1": 12.867632259331993, "U5": 18.65056022569766}, "datetime": {"datetime": "2021-03-04 16:02:51", "elapsed": 4.716113, "delta": 0.055211}}
{"target": 0.41405650823764434, "params": {"T1": 0.06199073618354831, "T3": 0.0866466334213096, "T5": 0.08742912425418924, "U1": 16.601149805857588, "U5": 18.725166375351158}, "datetime": {"datetime": "2021-03-04 16:02:51", "elapsed": 4.766728, "delta": 0.050615}}
{"target": 0.22110911882937873, "params": {"T1": 0.11935236130889675, "T3": 0.06049946135037069, "T5": 0.0812602811388099, "U1": 14.740918294743938, "U5": 14.548731424213202}, "datetime": {"datetime": "2021-03-04 16:02:51", "elapsed": 4.819185, "delta": 0.052457}}
{"target": 0.25106533644646734, "params": {"T1": 0.10022070477893116, "T3": 0.14246194769280834, "T5": 0.09472636561436774, "U1": 17.710291935505868, "U5": 19.3786163747649}, "datetime": {"datetime": "2021-03-04 16:02:51", "elapsed": 4.872195, "delta": 0.05301}}
{"target": 0.15358135733047532, "params": {"T1": 0.11720184226330274, "T3": 0.06291687859990117, "T5": 0.1459328477939939, "U1": 18.687853731741875, "U5": 17.33781531453145}, "datetime": {"datetime": "2021-03-04 16:02:51", "elapsed": 4.926425, "delta": 0.05423}}
{"target": 0.23738609241374178, "params": {"T1": 0.11319984744216857, "T3": 0.07138564191177413, "T5": 0.07744799951949445, "U1": 15.84678937773733, "U5": 16.95910508673364}, "datetime": {"datetime": "2021-03-04 16:02:51", "elapsed": 4.978287, "delta": 0.051862}}
{"target": 0.29769383976742025, "params": {"T1": 0.12397045286305203, "T3": 0.13057240454356583, "T5": 0.14228671194370063, "U1": 14.587393793947408, "U5": 12.046767855245403}, "datetime": {"datetime": "2021-03-04 16:02:51", "elapsed": 5.036521, "delta": 0.058234}}
{"target": 0.13025352622617384, "params": {"T1": 0.10294421559900918, "T3": 0.14789204060998834, "T5": 0.14886393446335705, "U1": 14.73878914065733, "U5": 16.837859632531078}, "datetime": {"datetime": "2021-03-04 16:02:51", "elapsed": 5.093345, "delta": 0.056824}}
{"target": 0.2826400354378878, "params": {"T1": 0.0810330851350756, "T3": 0.12330140745328902, "T5": 0.13200448097188344, "U1": 12.547370024206806, "U5": 12.66647653459877}, "datetime": {"datetime": "2021-03-04 16:02:51", "elapsed": 5.150051, "delta": 0.056706}}
{"target": 0.18545083333134646, "params": {"T1": 0.07591978501265195, "T3": 0.0848211714750813, "T5": 0.06593969797612251, "U1": 17.42391554547226, "U5": 19.985230532392542}, "datetime": {"datetime": "2021-03-04 16:02:51", "elapsed": 5.199631, "delta": 0.04958}}
{"target": 0.9386110460011043, "params": {"T1": 0.14882237166746315, "T3": 0.10896763479649207, "T5": 0.05272560829690942, "U1": 17.108594573614646, "U5": 13.029052701488407}, "datetime": {"datetime": "2021-03-04 16:02:52", "elapsed": 5.252795, "delta": 0.053164}}
{"target": 0.4099276691837767, "params": {"T1": 0.09446845441230359, "T3": 0.1104586052772018, "T5": 0.1339314533752427, "U1": 13.354401579057516, "U5": 14.64017615529195}, "datetime": {"datetime": "2021-03-04 16:02:52", "elapsed": 5.308016, "delta": 0.055221}}
{"target": 0.21330021569715218, "params": {"T1": 0.0724324472618177, "T3": 0.06044760978851447, "T5": 0.10299573630601006, "U1": 13.19878320410378, "U5": 13.247830283532767}, "datetime": {"datetime": "2021-03-04 16:02:52", "elapsed": 5.360063, "delta": 0.052047}}
{"target": 0.1884998335911827, "params": {"T1": 0.07258791226274437, "T3": 0.07811908301175145, "T5": 0.08424519449991133, "U1": 13.738354573062665, "U5": 16.68196632304974}, "datetime": {"datetime": "2021-03-04 16:02:52", "elapsed": 5.411606, "delta": 0.051543}}
{"target": 0.18013392049103885, "params": {"T1": 0.12861750654595427, "T3": 0.13044497661008264, "T5": 0.07073273441316216, "U1": 17.27906943321068, "U5": 13.20643987386352}, "datetime": {"datetime": "2021-03-04 16:02:52", "elapsed": 5.465956, "delta": 0.05435}}
{"target": 0.16751372803745618, "params": {"T1": 0.05403776427116071, "T3": 0.1254159796746023, "T5": 0.13426007417834482, "U1": 14.89557363980898, "U5": 15.462518265051042}, "datetime": {"datetime": "2021-03-04 16:02:52", "elapsed": 5.520526, "delta": 0.05457}}
{"target": 0.29489137390535136, "params": {"T1": 0.10438115471807968, "T3": 0.06725374874082386, "T5": 0.11706963956112043, "U1": 15.375370832247398, "U5": 14.060681728238775}, "datetime": {"datetime": "2021-03-04 16:02:52", "elapsed": 5.575376, "delta": 0.05485}}
{"target": 0.21010650150406557, "params": {"T1": 0.10889502474887852, "T3": 0.06964933113790321, "T5": 0.11910143992236652, "U1": 18.8665319600112, "U5": 19.075133361853712}, "datetime": {"datetime": "2021-03-04 16:02:52", "elapsed": 5.627527, "delta": 0.052151}}
{"target": 0.24640402638708014, "params": {"T1": 0.10817032806319504, "T3": 0.10454996700407865, "T5": 0.08719387826704875, "U1": 17.21231916787744, "U5": 16.17371044624639}, "datetime": {"datetime": "2021-03-04 16:02:52", "elapsed": 5.681272, "delta": 0.053745}}
{"target": 0.18125384581179294, "params": {"T1": 0.05752146174310083, "T3": 0.061250128788426665, "T5": 0.11702300923431448, "U1": 18.304140794101343, "U5": 14.294772364361961}, "datetime": {"datetime": "2021-03-04 16:02:52", "elapsed": 5.737406, "delta": 0.056134}}
{"target": 0.34545813902170086, "params": {"T1": 0.08212120519347106, "T3": 0.13059944234250742, "T5": 0.054792118215506926, "U1": 18.110710203628322, "U5": 19.260495601728717}, "datetime": {"datetime": "2021-03-04 16:02:52", "elapsed": 5.788977, "delta": 0.051571}}
{"target": 0.8901190496135708, "params": {"T1": 0.10936664089479078, "T3": 0.14247135776289516, "T5": 0.06960352951580842, "U1": 18.732512481255878, "U5": 14.309665245449953}, "datetime": {"datetime": "2021-03-04 16:02:52", "elapsed": 5.842306, "delta": 0.053329}}
{"target": 0.26350832423057957, "params": {"T1": 0.11975513683138399, "T3": 0.10069969179048083, "T5": 0.13420175983376964, "U1": 13.326658137164241, "U5": 18.09434126912893}, "datetime": {"datetime": "2021-03-04 16:02:52", "elapsed": 5.898183, "delta": 0.055877}}
{"target": 0.18558456628282596, "params": {"T1": 0.09882069624142847, "T3": 0.07624690505780739, "T5": 0.14474852617623093, "U1": 14.040454291687743, "U5": 19.239045203679495}, "datetime": {"datetime": "2021-03-04 16:02:52", "elapsed": 5.952192, "delta": 0.054009}}
{"target": 0.24697485891236373, "params": {"T1": 0.08504364461882072, "T3": 0.08544882536655415, "T5": 0.06004464670649993, "U1": 16.200300164628935, "U5": 19.185038513705294}, "datetime": {"datetime": "2021-03-04 16:02:52", "elapsed": 6.002679, "delta": 0.050487}}
{"target": 0.16558150134735497, "params": {"T1": 0.13085178187575355, "T3": 0.11078131031650276, "T5": 0.07638250447441156, "U1": 18.577069849039958, "U5": 12.905410266664088}, "datetime": {"datetime": "2021-03-04 16:02:52", "elapsed": 6.05642, "delta": 0.053741}}
{"target": 0.2047171344669114, "params": {"T1": 0.06697166831170409, "T3": 0.0665937147211125, "T5": 0.11539557441984223, "U1": 18.602589977800218, "U5": 19.23526340998621}, "datetime": {"datetime": "2021-03-04 16:02:52", "elapsed": 6.107032, "delta": 0.050612}}
{"target": 0.28634523385085414, "params": {"T1": 0.080021659722622, "T3": 0.1273471193539189, "T5": 0.14828245156286196, "U1": 15.478304688154774, "U5": 15.88903491855509}, "datetime": {"datetime": "2021-03-04 16:02:52", "elapsed": 6.162427, "delta": 0.055395}}
{"target": 0.4076032982449805, "params": {"T1": 0.09622235857863226, "T3": 0.1037400201029639, "T5": 0.08518138491627983, "U1": 18.569628880535912, "U5": 12.529876372762807}, "datetime": {"datetime": "2021-03-04 16:02:53", "elapsed": 6.214915, "delta": 0.052488}}
{"target": 0.21377080332946768, "params": {"T1": 0.1369192213823182, "T3": 0.05630312556569771, "T5": 0.09297360026778528, "U1": 17.804052199312814, "U5": 12.105178641000258}, "datetime": {"datetime": "2021-03-04 16:02:53", "elapsed": 6.268077, "delta": 0.053162}}
{"target": 0.36457311671770104, "params": {"T1": 0.12622907539219164, "T3": 0.14939946674283783, "T5": 0.05351870125150082, "U1": 17.488237982071183, "U5": 12.736602432702767}, "datetime": {"datetime": "2021-03-04 16:02:53", "elapsed": 6.321775, "delta": 0.053698}}
{"target": 0.3084265014162154, "params": {"T1": 0.07915165850976856, "T3": 0.1057442816935078, "T5": 0.07799382115441494, "U1": 19.834339954476043, "U5": 19.144744104402676}, "datetime": {"datetime": "2021-03-04 16:02:53", "elapsed": 6.372379, "delta": 0.050604}}
{"target": 0.1662625617571628, "params": {"T1": 0.08261447437064147, "T3": 0.11411282265656936, "T5": 0.06499989127948624, "U1": 14.877478773623102, "U5": 13.8867708081357}, "datetime": {"datetime": "2021-03-04 16:02:53", "elapsed": 6.424151, "delta": 0.051772}}
{"target": 0.9070439432282139, "params": {"T1": 0.07274007633479893, "T3": 0.08059990345591608, "T5": 0.11736563722075556, "U1": 12.150847291450937, "U5": 16.81490145925987}, "datetime": {"datetime": "2021-03-04 16:02:53", "elapsed": 6.476786, "delta": 0.052635}}
{"target": 0.3444902632572305, "params": {"T1": 0.09897483778308191, "T3": 0.14602454322986258, "T5": 0.10651005516148007, "U1": 19.806817371224703, "U5": 17.22760486554359}, "datetime": {"datetime": "2021-03-04 16:02:53", "elapsed": 6.5306, "delta": 0.053814}}
{"target": 0.332370856274883, "params": {"T1": 0.09375766319236312, "T3": 0.141624168589732, "T5": 0.06055028417518628, "U1": 14.676331850259078, "U5": 13.365678076682858}, "datetime": {"datetime": "2021-03-04 16:02:53", "elapsed": 6.583687, "delta": 0.053087}}
{"target": 0.15869603584363723, "params": {"T1": 0.10987092162231026, "T3": 0.11014086614584095, "T5": 0.1131088215693684, "U1": 15.160158001658358, "U5": 17.687852594581933}, "datetime": {"datetime": "2021-03-04 16:02:53", "elapsed": 6.637893, "delta": 0.054206}}
{"target": 0.3242969061020157, "params": {"T1": 0.1463855361231956, "T3": 0.06089840541636415, "T5": 0.07879487616242792, "U1": 17.22369667502315, "U5": 18.4431446576573}, "datetime": {"datetime": "2021-03-04 16:02:53", "elapsed": 6.690617, "delta": 0.052724}}
{"target": 0.16997030388726003, "params": {"T1": 0.08570678279166412, "T3": 0.09791927167442044, "T5": 0.06291140916788156, "U1": 12.25590734685187, "U5": 19.776386432791547}, "datetime": {"datetime": "2021-03-04 16:02:53", "elapsed": 6.741548, "delta": 0.050931}}
{"target": 0.15637893663515037, "params": {"T1": 0.12992234529080862, "T3": 0.05929368762485916, "T5": 0.0702162254723125, "U1": 14.235994749313948, "U5": 19.231606947908812}, "datetime": {"datetime": "2021-03-04 16:02:53", "elapsed": 6.793653, "delta": 0.052105}}
{"target": 0.26883142300737123, "params": {"T1": 0.13622148816361002, "T3": 0.10937735148777536, "T5": 0.12452322932792619, "U1": 14.908714899728562, "U5": 16.1905898673525}, "datetime": {"datetime": "2021-03-04 16:02:53", "elapsed": 6.849705, "delta": 0.056052}}
{"target": 0.30242710606043915, "params": {"T1": 0.06603350403393601, "T3": 0.10763100658708422, "T5": 0.08894130904390095, "U1": 16.662220361598482, "U5": 16.08881043512543}, "datetime": {"datetime": "2021-03-04 16:02:53", "elapsed": 6.901513, "delta": 0.051808}}
{"target": 0.29008021880541357, "params": {"T1": 0.1194045114852801, "T3": 0.0659503116113955, "T5": 0.06009359585680929, "U1": 13.978366812012368, "U5": 13.609271134215579}, "datetime": {"datetime": "2021-03-04 16:02:53", "elapsed": 6.954071, "delta": 0.052558}}
{"target": 0.18505226410133815, "params": {"T1": 0.12337913781646377, "T3": 0.05432694466524479, "T5": 0.09229408960359078, "U1": 17.97357202862989, "U5": 19.28320195307339}, "datetime": {"datetime": "2021-03-04 16:02:53", "elapsed": 7.006118, "delta": 0.052047}}
{"target": 0.2425558509530428, "params": {"T1": 0.06782973838321175, "T3": 0.10506337562302734, "T5": 0.11646567616070277, "U1": 13.447101147028093, "U5": 19.639026087339083}, "datetime": {"datetime": "2021-03-04 16:02:53", "elapsed": 7.058587, "delta": 0.052469}}
{"target": 0.19666394928877823, "params": {"T1": 0.09057327850492022, "T3": 0.08478446805074016, "T5": 0.1387838990040884, "U1": 13.019418416415327, "U5": 18.274635539478748}, "datetime": {"datetime": "2021-03-04 16:02:53", "elapsed": 7.112238, "delta": 0.053651}}
{"target": 0.2970866998002511, "params": {"T1": 0.12408261481677475, "T3": 0.11209626189211183, "T5": 0.10916696780697037, "U1": 15.964085686673748, "U5": 14.751645832359603}, "datetime": {"datetime": "2021-03-04 16:02:53", "elapsed": 7.167605, "delta": 0.055367}}
{"target": 0.29624489300908796, "params": {"T1": 0.09164373189423769, "T3": 0.14750048922567294, "T5": 0.10226780834475571, "U1": 18.809720050691954, "U5": 14.29463858904544}, "datetime": {"datetime": "2021-03-04 16:02:54", "elapsed": 7.222043, "delta": 0.054438}}
{"target": 0.34143578755712245, "params": {"T1": 0.14936246823656502, "T3": 0.1078020804461291, "T5": 0.055466246171652814, "U1": 19.68316446597024, "U5": 14.582258807203974}, "datetime": {"datetime": "2021-03-04 16:02:54", "elapsed": 7.275009, "delta": 0.052966}}
{"target": 0.345163393023675, "params": {"T1": 0.08171626904842529, "T3": 0.10042454987247765, "T5": 0.06845624289396793, "U1": 17.828325191944376, "U5": 17.01565007729763}, "datetime": {"datetime": "2021-03-04 16:02:54", "elapsed": 7.326138, "delta": 0.051129}}
{"target": 0.2913340008894776, "params": {"T1": 0.07698508156070355, "T3": 0.12594420299302403, "T5": 0.132984036843887, "U1": 12.584076705212532, "U5": 12.596804309591793}, "datetime": {"datetime": "2021-03-04 16:02:54", "elapsed": 7.383045, "delta": 0.056907}}
{"target": 0.15770885802650547, "params": {"T1": 0.14545980804091618, "T3": 0.1395465241189363, "T5": 0.08751340534000591, "U1": 17.814663096091685, "U5": 17.957988624599242}, "datetime": {"datetime": "2021-03-04 16:02:54", "elapsed": 7.437633, "delta": 0.054588}}
{"target": 0.17296167569474186, "params": {"T1": 0.1483934442796559, "T3": 0.06506377138466776, "T5": 0.07774326854210208, "U1": 15.589968242187958, "U5": 18.973808557919966}, "datetime": {"datetime": "2021-03-04 16:02:54", "elapsed": 7.491162, "delta": 0.053529}}
{"target": 0.17341034264842264, "params": {"T1": 0.13834441655445556, "T3": 0.13116619331520496, "T5": 0.10894476874027291, "U1": 15.118036722478635, "U5": 16.435093496386237}, "datetime": {"datetime": "2021-03-04 16:02:54", "elapsed": 7.547424, "delta": 0.056262}}
{"target": 0.23293489630533973, "params": {"T1": 0.06742977903869797, "T3": 0.1318317167367293, "T5": 0.14938403242726753, "U1": 18.314725982699034, "U5": 19.18144300084857}, "datetime": {"datetime": "2021-03-04 16:02:54", "elapsed": 7.600761, "delta": 0.053337}}
{"target": 0.12125408963976442, "params": {"T1": 0.09624172798537814, "T3": 0.05550683621888028, "T5": 0.1064032210167235, "U1": 16.020402421137774, "U5": 18.175501407336743}, "datetime": {"datetime": "2021-03-04 16:02:54", "elapsed": 7.652558, "delta": 0.051797}}
{"target": 0.4082485708747262, "params": {"T1": 0.06857552132109287, "T3": 0.09424995862595796, "T5": 0.1295817636445179, "U1": 14.108024683054067, "U5": 14.79338899695354}, "datetime": {"datetime": "2021-03-04 16:02:54", "elapsed": 7.706131, "delta": 0.053573}}
{"target": 0.3311920993259364, "params": {"T1": 0.06575039121381662, "T3": 0.1324594068983202, "T5": 0.14220171997678904, "U1": 19.014702456461936, "U5": 13.122837367496318}, "datetime": {"datetime": "2021-03-04 16:02:54", "elapsed": 7.761066, "delta": 0.054935}}
{"target": 0.24690843994898018, "params": {"T1": 0.09887189327494383, "T3": 0.08222861436552234, "T5": 0.14002990430135526, "U1": 17.575679223203007, "U5": 19.66030798816528}, "datetime": {"datetime": "2021-03-04 16:02:54", "elapsed": 7.814728, "delta": 0.053662}}
{"target": 0.20352947406382135, "params": {"T1": 0.12108775914656449, "T3": 0.13156241684596376, "T5": 0.0814941790671311, "U1": 12.120764435058476, "U5": 15.800416436979908}, "datetime": {"datetime": "2021-03-04 16:02:54", "elapsed": 7.870402, "delta": 0.055674}}
{"target": 0.20249197769834837, "params": {"T1": 0.11653042044934558, "T3": 0.07059427047225295, "T5": 0.09414322102940292, "U1": 16.789764510525693, "U5": 17.16154497359761}, "datetime": {"datetime": "2021-03-04 16:02:54", "elapsed": 7.923312, "delta": 0.05291}}
{"target": 0.18519730945734925, "params": {"T1": 0.07134032212120031, "T3": 0.05155237808465734, "T5": 0.10313941116160286, "U1": 15.92418664994402, "U5": 12.629427719834739}, "datetime": {"datetime": "2021-03-04 16:02:54", "elapsed": 7.975502, "delta": 0.05219}}
{"target": 0.17933718433605064, "params": {"T1": 0.10169486805400406, "T3": 0.0749280773149431, "T5": 0.07120282534836309, "U1": 15.010067261882547, "U5": 13.421684280522957}, "datetime": {"datetime": "2021-03-04 16:02:54", "elapsed": 8.027414, "delta": 0.051912}}
{"target": 0.38272327828913494, "params": {"T1": 0.1161875966856515, "T3": 0.09964783535936272, "T5": 0.059905256122848, "U1": 19.190496850738196, "U5": 15.91034663454525}, "datetime": {"datetime": "2021-03-04 16:02:54", "elapsed": 8.079328, "delta": 0.051914}}
{"target": 0.3608125974493461, "params": {"T1": 0.09889038468142375, "T3": 0.13568742011369472, "T5": 0.14733426180162343, "U1": 13.372228977498224, "U5": 13.25322922722766}, "datetime": {"datetime": "2021-03-04 16:02:54", "elapsed": 8.136668, "delta": 0.05734}}
{"target": 0.5220079724177742, "params": {"T1": 0.07433809363460744, "T3": 0.09651190491824152, "T5": 0.0893999358107942, "U1": 15.931149688496454, "U5": 18.38552659186976}, "datetime": {"datetime": "2021-03-04 16:02:54", "elapsed": 8.187897, "delta": 0.051229}}
{"target": 0.36296511729143716, "params": {"T1": 0.08160451075158962, "T3": 0.14481121014372994, "T5": 0.10167360571930131, "U1": 18.624762395405412, "U5": 17.374886094428078}, "datetime": {"datetime": "2021-03-04 16:02:55", "elapsed": 8.24126, "delta": 0.053363}}
{"target": 0.3052161266968838, "params": {"T1": 0.10532706385557167, "T3": 0.06738123873697931, "T5": 0.14607713547406448, "U1": 12.463935178381144, "U5": 14.543732873223025}, "datetime": {"datetime": "2021-03-04 16:02:55", "elapsed": 8.298001, "delta": 0.056741}}
{"target": 0.17597817345605105, "params": {"T1": 0.07362680353724187, "T3": 0.10657520738541545, "T5": 0.14438220201028176, "U1": 13.524749433506575, "U5": 15.054524887999339}, "datetime": {"datetime": "2021-03-04 16:02:55", "elapsed": 8.352147, "delta": 0.054146}}
{"target": 0.25939430795815727, "params": {"T1": 0.08182374564496112, "T3": 0.14910216248640887, "T5": 0.06613871390314496, "U1": 12.57638963048808, "U5": 12.791054801594226}, "datetime": {"datetime": "2021-03-04 16:02:55", "elapsed": 8.406644, "delta": 0.054497}}
{"target": 0.1995536161457551, "params": {"T1": 0.14714549382969944, "T3": 0.09544199018849985, "T5": 0.13460847231370393, "U1": 12.582385734252071, "U5": 12.72612900057015}, "datetime": {"datetime": "2021-03-04 16:02:55", "elapsed": 8.465034, "delta": 0.05839}}
{"target": 0.35830909451255477, "params": {"T1": 0.07305872570742683, "T3": 0.07421273946569082, "T5": 0.07012850732113877, "U1": 18.08211558682507, "U5": 18.034068892981402}, "datetime": {"datetime": "2021-03-04 16:02:55", "elapsed": 8.514809, "delta": 0.049775}}
{"target": 0.20097572626539773, "params": {"T1": 0.11885250070337659, "T3": 0.1253271107243124, "T5": 0.13542476990924512, "U1": 14.189528260729977, "U5": 18.396383910616663}, "datetime": {"datetime": "2021-03-04 16:02:55", "elapsed": 8.571058, "delta": 0.056249}}
{"target": 0.15774345377939228, "params": {"T1": 0.11023726578720278, "T3": 0.06333231389972224, "T5": 0.11696489079961299, "U1": 13.229191942985379, "U5": 19.05970214750854}, "datetime": {"datetime": "2021-03-04 16:02:55", "elapsed": 8.624777, "delta": 0.053719}}
{"target": 0.28967446950661585, "params": {"T1": 0.05632933248877499, "T3": 0.13453884690084064, "T5": 0.07453747538795263, "U1": 14.74094173215919, "U5": 12.26939650652687}, "datetime": {"datetime": "2021-03-04 16:02:55", "elapsed": 8.67719, "delta": 0.052413}}
{"target": 0.27309966315731254, "params": {"T1": 0.07258946929628236, "T3": 0.09762343492522421, "T5": 0.06473387983996345, "U1": 15.135930618491031, "U5": 12.27185349659825}, "datetime": {"datetime": "2021-03-04 16:02:55", "elapsed": 8.73197, "delta": 0.05478}}
{"target": 0.21678746503326082, "params": {"T1": 0.11438635195713308, "T3": 0.093148023729387, "T5": 0.1356974479437278, "U1": 17.6174199405845, "U5": 19.503543031751455}, "datetime": {"datetime": "2021-03-04 16:02:55", "elapsed": 8.786046, "delta": 0.054076}}
{"target": 0.3018759198707423, "params": {"T1": 0.09920252810549215, "T3": 0.11322513692876143, "T5": 0.10119310931864192, "U1": 19.538801757278428, "U5": 15.505212664884159}, "datetime": {"datetime": "2021-03-04 16:02:55", "elapsed": 8.839539, "delta": 0.053493}}
