{"target": 0.20614089803023702, "params": {"T1": 0.058484129579935124, "T3": 0.11059692375204824, "T5": 0.12967943707150564, "U1": 14.12879682384809, "U5": 14.796609363945088}, "datetime": {"datetime": "2021-03-05 13:10:51", "elapsed": 458.83502, "delta": 3.798426}}
{"target": 0.1728488672406284, "params": {"T1": 0.09330269028383695, "T3": 0.05797782186467601, "T5": 0.11035125883933211, "U1": 13.35176979521431, "U5": 17.748004415960146}, "datetime": {"datetime": "2021-03-05 13:10:52", "elapsed": 460.0192, "delta": 1.18418}}
{"target": 0.3521746976700084, "params": {"T1": 0.10190244377912759, "T3": 0.13155159546655698, "T5": 0.06426015298399361, "U1": 18.66148066536128, "U5": 18.02342308370949}, "datetime": {"datetime": "2021-03-05 13:10:54", "elapsed": 461.758049, "delta": 1.738849}}
{"target": 0.3289411759918154, "params": {"T1": 0.06376241303717745, "T3": 0.07740542428780092, "T5": 0.06843833956157296, "U1": 14.818193488251532, "U5": 13.821402619064374}, "datetime": {"datetime": "2021-03-05 13:10:55", "elapsed": 463.102489, "delta": 1.34444}}
{"target": 0.12762492369499776, "params": {"T1": 0.08007947616915888, "T3": 0.07550946878460353, "T5": 0.09829105416049122, "U1": 16.773570085882678, "U5": 19.308040160743783}, "datetime": {"datetime": "2021-03-05 13:10:59", "elapsed": 466.393257, "delta": 3.290768}}
{"target": 0.3311143727521474, "params": {"T1": 0.12455110841859142, "T3": 0.07020081724269397, "T5": 0.07610880246528276, "U1": 13.56054518683853, "U5": 17.51190692080351}, "datetime": {"datetime": "2021-03-05 13:11:00", "elapsed": 468.005653, "delta": 1.612396}}
{"target": 0.20856834642717342, "params": {"T1": 0.11854606403203789, "T3": 0.136304385420482, "T5": 0.07688243256553837, "U1": 15.539128680459665, "U5": 17.526980399488956}, "datetime": {"datetime": "2021-03-05 13:11:02", "elapsed": 469.431186, "delta": 1.425533}}
{"target": 0.23583572882659876, "params": {"T1": 0.11221574214238711, "T3": 0.14774477678867903, "T5": 0.1286211236388349, "U1": 19.064758631757684, "U5": 14.352222073467933}, "datetime": {"datetime": "2021-03-05 13:11:03", "elapsed": 470.992844, "delta": 1.561658}}
{"target": 0.1347704419644275, "params": {"T1": 0.13765783799027193, "T3": 0.06676921005031067, "T5": 0.10298332329754833, "U1": 18.020846780536438, "U5": 18.47837979865991}, "datetime": {"datetime": "2021-03-05 13:11:05", "elapsed": 472.618303, "delta": 1.625459}}
{"target": 0.14374156260712756, "params": {"T1": 0.13211057925617023, "T3": 0.05129074005833472, "T5": 0.10146235067771942, "U1": 14.488104533364613, "U5": 16.7463401183947}, "datetime": {"datetime": "2021-03-05 13:11:06", "elapsed": 474.127641, "delta": 1.509338}}
{"target": 0.21073571439707434, "params": {"T1": 0.12536645414135916, "T3": 0.1021590210570569, "T5": 0.055247692131138365, "U1": 18.203013174991206, "U5": 15.01219230662706}, "datetime": {"datetime": "2021-03-05 13:11:09", "elapsed": 476.868161, "delta": 2.74052}}
{"target": 0.2428632979699559, "params": {"T1": 0.0557036177518933, "T3": 0.10516532913298324, "T5": 0.11427444955083386, "U1": 15.656927779951307, "U5": 15.226746328481624}, "datetime": {"datetime": "2021-03-05 13:11:11", "elapsed": 478.385501, "delta": 1.51734}}
{"target": 0.14289109418735885, "params": {"T1": 0.11268803968391157, "T3": 0.05754247576057447, "T5": 0.09709047287300908, "U1": 19.512192926032185, "U5": 12.234257837974678}, "datetime": {"datetime": "2021-03-05 13:11:12", "elapsed": 479.770717, "delta": 1.385216}}
{"target": 0.21608432274515252, "params": {"T1": 0.09168606632192888, "T3": 0.09553092714001019, "T5": 0.056320813464914236, "U1": 14.877170714861315, "U5": 13.87044035775174}, "datetime": {"datetime": "2021-03-05 13:11:16", "elapsed": 483.636028, "delta": 3.865311}}
{"target": 0.6752012157104386, "params": {"T1": 0.12741410682639326, "T3": 0.08543630316212722, "T5": 0.05387774348256659, "U1": 17.85677689659766, "U5": 12.710475114325753}, "datetime": {"datetime": "2021-03-05 13:11:17", "elapsed": 485.013465, "delta": 1.377437}}
{"target": 0.25356153365744655, "params": {"T1": 0.10208135265846816, "T3": 0.1318375264909124, "T5": 0.055923441148357546, "U1": 14.514462286166122, "U5": 18.65588859725745}, "datetime": {"datetime": "2021-03-05 13:11:21", "elapsed": 488.487931, "delta": 3.474466}}
{"target": 0.15940326802501162, "params": {"T1": 0.10591232152571392, "T3": 0.07045925335096817, "T5": 0.05371277832007213, "U1": 16.020780721542895, "U5": 17.02993210181009}, "datetime": {"datetime": "2021-03-05 13:11:23", "elapsed": 490.573674, "delta": 2.085743}}
{"target": 0.28056741017127246, "params": {"T1": 0.10123680277140656, "T3": 0.08974934215589783, "T5": 0.06996454010790833, "U1": 18.872262284641533, "U5": 19.823025307127942}, "datetime": {"datetime": "2021-03-05 13:11:24", "elapsed": 492.129093, "delta": 1.555419}}
{"target": 0.23818086950318865, "params": {"T1": 0.08850845214688735, "T3": 0.06010004902004339, "T5": 0.12430319592114603, "U1": 19.592801236768643, "U5": 16.40790037783782}, "datetime": {"datetime": "2021-03-05 13:11:26", "elapsed": 493.454836, "delta": 1.325743}}
{"target": 0.5762343672371091, "params": {"T1": 0.09720412999241487, "T3": 0.12219437019920282, "T5": 0.05716384000712347, "U1": 14.659331932006456, "U5": 13.349835723561513}, "datetime": {"datetime": "2021-03-05 13:11:30", "elapsed": 497.568637, "delta": 4.113801}}
{"target": 0.33954531373549773, "params": {"T1": 0.10882191707738081, "T3": 0.10772564504991988, "T5": 0.0681953551800358, "U1": 19.249494062909662, "U5": 17.496855236854554}, "datetime": {"datetime": "2021-03-05 13:11:31", "elapsed": 498.744303, "delta": 1.175666}}
{"target": 0.19166199409692025, "params": {"T1": 0.08204115176115696, "T3": 0.09829890411710682, "T5": 0.09008350922044352, "U1": 12.001164060982154, "U5": 15.654490790974158}, "datetime": {"datetime": "2021-03-05 13:11:33", "elapsed": 500.373226, "delta": 1.628923}}
{"target": 0.16701291583510453, "params": {"T1": 0.05241188666929995, "T3": 0.12993493259213162, "T5": 0.08898366084166486, "U1": 16.755904887415664, "U5": 12.190109352202148}, "datetime": {"datetime": "2021-03-05 13:11:34", "elapsed": 501.709157, "delta": 1.335931}}
{"target": 0.15988189299360908, "params": {"T1": 0.07623619940436772, "T3": 0.09953182898614002, "T5": 0.1464037242359627, "U1": 14.685353907538076, "U5": 17.00045940949062}, "datetime": {"datetime": "2021-03-05 13:11:35", "elapsed": 502.940833, "delta": 1.231676}}
{"target": 0.29294877046032886, "params": {"T1": 0.054808804386480885, "T3": 0.1097634560176996, "T5": 0.13361551766897256, "U1": 15.2287878274051, "U5": 13.807430250934818}, "datetime": {"datetime": "2021-03-05 13:11:37", "elapsed": 504.284621, "delta": 1.343788}}
{"target": 0.3104503451843079, "params": {"T1": 0.07681707874565644, "T3": 0.0600855206932788, "T5": 0.11626632632744117, "U1": 13.200773213474752, "U5": 13.248227154061048}, "datetime": {"datetime": "2021-03-05 13:11:38", "elapsed": 505.67897, "delta": 1.394349}}
{"target": 0.8244388181192117, "params": {"T1": 0.09776425683053336, "T3": 0.12285667770748712, "T5": 0.08623055969165846, "U1": 18.537281411724, "U5": 17.701366449024636}, "datetime": {"datetime": "2021-03-05 13:11:43", "elapsed": 510.893193, "delta": 5.214223}}
{"target": 0.1431155592533431, "params": {"T1": 0.13681485961994733, "T3": 0.09547577521940928, "T5": 0.14802059452361188, "U1": 19.27879437132909, "U5": 13.604398303797938}, "datetime": {"datetime": "2021-03-05 13:11:45", "elapsed": 512.258207, "delta": 1.365014}}
{"target": 0.325557096131899, "params": {"T1": 0.08666931133419434, "T3": 0.13409749242304073, "T5": 0.06424589634251807, "U1": 19.59792817995574, "U5": 13.562269506994376}, "datetime": {"datetime": "2021-03-05 13:11:46", "elapsed": 513.740179, "delta": 1.481972}}
{"target": 0.17380108477812467, "params": {"T1": 0.1404678846977141, "T3": 0.12566810522763372, "T5": 0.07467349935879106, "U1": 12.371319426786071, "U5": 15.561523381862244}, "datetime": {"datetime": "2021-03-05 13:11:48", "elapsed": 515.322936, "delta": 1.582757}}
{"target": 0.28927456150072506, "params": {"T1": 0.10501275723579845, "T3": 0.13623709149710866, "T5": 0.06299742636332714, "U1": 18.67068843005073, "U5": 18.010756481462103}, "datetime": {"datetime": "2021-03-05 13:11:49", "elapsed": 516.514418, "delta": 1.191482}}
{"target": 0.1367941466373109, "params": {"T1": 0.1467806678232041, "T3": 0.07046743200769919, "T5": 0.12100753997264498, "U1": 14.912782559363187, "U5": 15.727697648120252}, "datetime": {"datetime": "2021-03-05 13:11:50", "elapsed": 518.076782, "delta": 1.562364}}
{"target": 0.1490682389533112, "params": {"T1": 0.1291848109274279, "T3": 0.12499535950269756, "T5": 0.084507298265046, "U1": 13.543816116655165, "U5": 16.438127990121064}, "datetime": {"datetime": "2021-03-05 13:11:52", "elapsed": 519.804712, "delta": 1.72793}}
{"target": 0.38441410689896166, "params": {"T1": 0.1354791320832766, "T3": 0.12929455865319212, "T5": 0.06114574786671276, "U1": 16.64941077332022, "U5": 17.536922018343994}, "datetime": {"datetime": "2021-03-05 13:11:53", "elapsed": 521.096311, "delta": 1.291599}}
{"target": 0.2350071940131179, "params": {"T1": 0.12490279931347359, "T3": 0.06649369832336788, "T5": 0.10097128402874164, "U1": 19.5112125197513, "U5": 17.25176666792965}, "datetime": {"datetime": "2021-03-05 13:11:58", "elapsed": 525.472187, "delta": 4.375876}}
{"target": 0.28891914286955617, "params": {"T1": 0.07197540874167375, "T3": 0.05809151945415045, "T5": 0.12020469611183213, "U1": 15.681583168380927, "U5": 14.810012244494732}, "datetime": {"datetime": "2021-03-05 13:11:59", "elapsed": 527.130696, "delta": 1.658509}}
{"target": 0.1665498133696635, "params": {"T1": 0.10498282982479773, "T3": 0.13689870880803587, "T5": 0.1431658474125562, "U1": 18.949823688596627, "U5": 19.66047958178749}, "datetime": {"datetime": "2021-03-05 13:12:01", "elapsed": 528.37639, "delta": 1.245694}}
{"target": 0.47919950793900346, "params": {"T1": 0.08328102765620018, "T3": 0.13413176164815327, "T5": 0.09195974586209886, "U1": 18.901493275493984, "U5": 13.72816678805621}, "datetime": {"datetime": "2021-03-05 13:12:02", "elapsed": 530.023859, "delta": 1.647469}}
{"target": 0.43761169151769713, "params": {"T1": 0.07146571169130497, "T3": 0.0786805205475497, "T5": 0.10074100962995461, "U1": 16.60773223782279, "U5": 15.046127987540952}, "datetime": {"datetime": "2021-03-05 13:12:06", "elapsed": 533.687757, "delta": 3.663898}}
{"target": 0.4847966622509954, "params": {"T1": 0.06221074235854608, "T3": 0.08831342166927403, "T5": 0.06502851065079374, "U1": 14.378688707426905, "U5": 13.976864515414533}, "datetime": {"datetime": "2021-03-05 13:12:08", "elapsed": 535.280855, "delta": 1.593098}}
{"target": 0.28275651409446495, "params": {"T1": 0.1307748417949544, "T3": 0.06049787524809065, "T5": 0.13301392926866187, "U1": 14.101501824294036, "U5": 19.497418740997844}, "datetime": {"datetime": "2021-03-05 13:12:09", "elapsed": 536.779585, "delta": 1.49873}}
{"target": 0.2294116459366316, "params": {"T1": 0.0691745453600354, "T3": 0.10331659901179112, "T5": 0.06779458371856315, "U1": 19.839384993905703, "U5": 19.147703053491323}, "datetime": {"datetime": "2021-03-05 13:12:15", "elapsed": 542.377676, "delta": 5.598091}}
{"target": 0.2900090188245806, "params": {"T1": 0.130941953804589, "T3": 0.06867736078406132, "T5": 0.12386179179688746, "U1": 12.23630883495283, "U5": 17.37366237598397}, "datetime": {"datetime": "2021-03-05 13:12:16", "elapsed": 543.874511, "delta": 1.496835}}
{"target": 0.1712691783333013, "params": {"T1": 0.1408215432546242, "T3": 0.13341648582965615, "T5": 0.0772862802182278, "U1": 13.63236737543863, "U5": 19.04787457758669}, "datetime": {"datetime": "2021-03-05 13:12:18", "elapsed": 545.215359, "delta": 1.340848}}
{"target": 0.6547210946350586, "params": {"T1": 0.08987536660870984, "T3": 0.08159085076153577, "T5": 0.12177392554677498, "U1": 19.466696408842246, "U5": 18.515681019191604}, "datetime": {"datetime": "2021-03-05 13:12:22", "elapsed": 549.33369, "delta": 4.118331}}
{"target": 0.7178329841747849, "params": {"T1": 0.14806727660704544, "T3": 0.09071671542677787, "T5": 0.12383371497656771, "U1": 17.55566766369111, "U5": 15.384435479860382}, "datetime": {"datetime": "2021-03-05 13:12:23", "elapsed": 550.756854, "delta": 1.423164}}
{"target": 0.38526073619399653, "params": {"T1": 0.0680038073973577, "T3": 0.0801221832880618, "T5": 0.06372474195584289, "U1": 18.653334635227655, "U5": 18.86632589435513}, "datetime": {"datetime": "2021-03-05 13:12:25", "elapsed": 552.348712, "delta": 1.591858}}
{"target": 0.2738857517139509, "params": {"T1": 0.09347693743386831, "T3": 0.10382811229005688, "T5": 0.13137852511293407, "U1": 15.391935638561886, "U5": 12.972243187327038}, "datetime": {"datetime": "2021-03-05 13:12:26", "elapsed": 553.917969, "delta": 1.569257}}
{"target": 0.6533861080812695, "params": {"T1": 0.11112867294351844, "T3": 0.1395972424766156, "T5": 0.05805988576930396, "U1": 15.737253309875317, "U5": 13.116885626465262}, "datetime": {"datetime": "2021-03-05 13:12:28", "elapsed": 555.335866, "delta": 1.417897}}
{"target": 0.26928917714585193, "params": {"T1": 0.11720542497899313, "T3": 0.1325934969968927, "T5": 0.08970922135884668, "U1": 19.407454467269748, "U5": 19.709576594904625}, "datetime": {"datetime": "2021-03-05 13:12:29", "elapsed": 556.854198, "delta": 1.518332}}
{"target": 0.43587959289986744, "params": {"T1": 0.05972569643007195, "T3": 0.1239542572363182, "T5": 0.11888410971564954, "U1": 18.320463859555385, "U5": 19.18839432542282}, "datetime": {"datetime": "2021-03-05 13:12:33", "elapsed": 561.086682, "delta": 4.232484}}
{"target": 0.5549309886192424, "params": {"T1": 0.0991554248057409, "T3": 0.13722775018355945, "T5": 0.08884661402717045, "U1": 18.948346983918903, "U5": 12.25115667549992}, "datetime": {"datetime": "2021-03-05 13:12:35", "elapsed": 562.705279, "delta": 1.618597}}
{"target": 0.2914258293076634, "params": {"T1": 0.0872880671995395, "T3": 0.1270967630106419, "T5": 0.14988401895588038, "U1": 12.710378441416466, "U5": 13.546913095387035}, "datetime": {"datetime": "2021-03-05 13:12:36", "elapsed": 564.167514, "delta": 1.462235}}
{"target": 0.6626900879469279, "params": {"T1": 0.07153661323995107, "T3": 0.07330111217465896, "T5": 0.11727158678469275, "U1": 16.598462279631747, "U5": 15.06229491545761}, "datetime": {"datetime": "2021-03-05 13:12:41", "elapsed": 568.760565, "delta": 4.593051}}
{"target": 0.43556756963522364, "params": {"T1": 0.14589721518811463, "T3": 0.10961973272037354, "T5": 0.11806883480533563, "U1": 18.111749360085383, "U5": 14.758681957928317}, "datetime": {"datetime": "2021-03-05 13:12:43", "elapsed": 570.475994, "delta": 1.715429}}
{"target": 0.24037988702126137, "params": {"T1": 0.07918633413177285, "T3": 0.06751390529322047, "T5": 0.07019832373175229, "U1": 16.0602729447691, "U5": 14.00459243504839}, "datetime": {"datetime": "2021-03-05 13:12:44", "elapsed": 571.957007, "delta": 1.481013}}
{"target": 0.1694224822335159, "params": {"T1": 0.12929206994375658, "T3": 0.09998918784960639, "T5": 0.08595802818666938, "U1": 15.84730141783534, "U5": 18.205573388373082}, "datetime": {"datetime": "2021-03-05 13:12:46", "elapsed": 573.948758, "delta": 1.991751}}
{"target": 0.17881467799991937, "params": {"T1": 0.11100697188010732, "T3": 0.13288687416698275, "T5": 0.051540939397303934, "U1": 15.832577681521926, "U5": 12.273228988615376}, "datetime": {"datetime": "2021-03-05 13:12:48", "elapsed": 575.708013, "delta": 1.759255}}
{"target": 0.2803839164493632, "params": {"T1": 0.11739995390416048, "T3": 0.09583755621237916, "T5": 0.09146855080779434, "U1": 19.508614709530324, "U5": 17.280497611108785}, "datetime": {"datetime": "2021-03-05 13:12:53", "elapsed": 580.570603, "delta": 4.86259}}
{"target": 0.28967431799393545, "params": {"T1": 0.10915894036959697, "T3": 0.13913185986360324, "T5": 0.11173587345313185, "U1": 18.532293885497953, "U5": 17.695304075870915}, "datetime": {"datetime": "2021-03-05 13:12:58", "elapsed": 585.701399, "delta": 5.130796}}
{"target": 0.32091745788378334, "params": {"T1": 0.08461082598658878, "T3": 0.14111459777167545, "T5": 0.09818266063760865, "U1": 14.966271624491865, "U5": 13.740805041476035}, "datetime": {"datetime": "2021-03-05 13:13:00", "elapsed": 587.554968, "delta": 1.853569}}
{"target": 0.3674198960066107, "params": {"T1": 0.10199808419580547, "T3": 0.1115076616310689, "T5": 0.1328050054123176, "U1": 17.015957058938618, "U5": 16.997464561428544}, "datetime": {"datetime": "2021-03-05 13:13:02", "elapsed": 589.34403, "delta": 1.789062}}
{"target": 0.2709005538732697, "params": {"T1": 0.05428052214295617, "T3": 0.12921026939770627, "T5": 0.13037706440513908, "U1": 17.784750017270994, "U5": 15.455443644872627}, "datetime": {"datetime": "2021-03-05 13:13:03", "elapsed": 590.746469, "delta": 1.402439}}
{"target": 0.13627082233505797, "params": {"T1": 0.07634226174768056, "T3": 0.06555894779280179, "T5": 0.05939410480939851, "U1": 12.97227886823617, "U5": 14.990468538462288}, "datetime": {"datetime": "2021-03-05 13:13:05", "elapsed": 592.23322, "delta": 1.486751}}
{"target": 0.18117011235382133, "params": {"T1": 0.10969025086435795, "T3": 0.08635283820548932, "T5": 0.13924947022792925, "U1": 17.521600134578957, "U5": 16.361300483779097}, "datetime": {"datetime": "2021-03-05 13:13:06", "elapsed": 593.718462, "delta": 1.485242}}
{"target": 0.17073737986489013, "params": {"T1": 0.05957364641158372, "T3": 0.06130300605686492, "T5": 0.10033395271173033, "U1": 18.709020032250116, "U5": 12.202223488403707}, "datetime": {"datetime": "2021-03-05 13:13:08", "elapsed": 595.622616, "delta": 1.904154}}
{"target": 0.2729269572762453, "params": {"T1": 0.12165139787393257, "T3": 0.08523771371393066, "T5": 0.07966162365503884, "U1": 14.676217919441612, "U5": 13.887790583782003}, "datetime": {"datetime": "2021-03-05 13:13:10", "elapsed": 597.192975, "delta": 1.570359}}
{"target": 0.2440841346128345, "params": {"T1": 0.0818629553934037, "T3": 0.12246730189332145, "T5": 0.08346841570558511, "U1": 18.697454770921247, "U5": 14.326965669274768}, "datetime": {"datetime": "2021-03-05 13:13:14", "elapsed": 601.580259, "delta": 4.387284}}
{"target": 0.2767832019720368, "params": {"T1": 0.0684946077879954, "T3": 0.12493578435980945, "T5": 0.10436003920391301, "U1": 18.91663489968041, "U5": 13.720628782546488}, "datetime": {"datetime": "2021-03-05 13:13:18", "elapsed": 605.700947, "delta": 4.120688}}
{"target": 0.33262620628756234, "params": {"T1": 0.08365640812389295, "T3": 0.11799083616693927, "T5": 0.06070069428268349, "U1": 15.058491752003508, "U5": 18.53604449044009}, "datetime": {"datetime": "2021-03-05 13:13:24", "elapsed": 611.944228, "delta": 6.243281}}
{"target": 0.34124634586395636, "params": {"T1": 0.09936674655926445, "T3": 0.13275069347035526, "T5": 0.10525146202372462, "U1": 12.443561268089095, "U5": 15.039800662919037}, "datetime": {"datetime": "2021-03-05 13:13:26", "elapsed": 613.569178, "delta": 1.62495}}
{"target": 0.13988870703747658, "params": {"T1": 0.12836515965081352, "T3": 0.11816468676975087, "T5": 0.07481165227507193, "U1": 14.531667007235296, "U5": 18.595976780592807}, "datetime": {"datetime": "2021-03-05 13:13:31", "elapsed": 618.475021, "delta": 4.905843}}
{"target": 0.243636687124917, "params": {"T1": 0.09096647817495093, "T3": 0.05312912884052622, "T5": 0.06126141120591122, "U1": 17.426928966845225, "U5": 16.020626629719153}, "datetime": {"datetime": "2021-03-05 13:13:32", "elapsed": 619.953558, "delta": 1.478537}}
{"target": 0.3170481721300092, "params": {"T1": 0.14686159624374998, "T3": 0.09059259352970053, "T5": 0.14722078432142377, "U1": 19.731182384782773, "U5": 19.33545202103671}, "datetime": {"datetime": "2021-03-05 13:13:34", "elapsed": 621.721692, "delta": 1.768134}}
{"target": 0.19846418903956123, "params": {"T1": 0.07303812790322278, "T3": 0.13065525585559817, "T5": 0.11330422921179296, "U1": 18.812414895036394, "U5": 14.294808180706077}, "datetime": {"datetime": "2021-03-05 13:13:36", "elapsed": 623.587243, "delta": 1.865551}}
{"target": 0.1718340314483488, "params": {"T1": 0.10314777722326683, "T3": 0.1062013838300121, "T5": 0.05300266195428674, "U1": 14.661860287264531, "U5": 13.346029615975585}, "datetime": {"datetime": "2021-03-05 13:13:40", "elapsed": 627.849752, "delta": 4.262509}}
{"target": 0.15693150096545744, "params": {"T1": 0.05045205205613963, "T3": 0.1171978877149229, "T5": 0.07541433547670856, "U1": 14.607096196036892, "U5": 16.022449284466084}, "datetime": {"datetime": "2021-03-05 13:13:42", "elapsed": 629.550392, "delta": 1.70064}}
{"target": 0.23906485203585331, "params": {"T1": 0.1386939300458968, "T3": 0.11211005895237872, "T5": 0.12835120739141237, "U1": 18.096850499968156, "U5": 14.756629856718673}, "datetime": {"datetime": "2021-03-05 13:13:44", "elapsed": 631.512739, "delta": 1.962347}}
{"target": 0.3155637591058634, "params": {"T1": 0.13602926960661144, "T3": 0.1071423520673982, "T5": 0.10402734027470545, "U1": 17.359641209776367, "U5": 16.456162889690457}, "datetime": {"datetime": "2021-03-05 13:13:45", "elapsed": 632.948332, "delta": 1.435593}}
{"target": 0.3430881314566178, "params": {"T1": 0.09768869673418837, "T3": 0.1189727546886946, "T5": 0.08635767322569066, "U1": 18.153775076108854, "U5": 13.420752592515294}, "datetime": {"datetime": "2021-03-05 13:13:47", "elapsed": 634.741215, "delta": 1.792883}}
{"target": 1.0976522479120492, "params": {"T1": 0.09532564084589576, "T3": 0.08735414367445554, "T5": 0.056484884923473457, "U1": 18.284944678771442, "U5": 16.270789517602456}, "datetime": {"datetime": "2021-03-05 13:13:49", "elapsed": 636.403246, "delta": 1.662031}}
{"target": 0.523730203960161, "params": {"T1": 0.1124831985709589, "T3": 0.10505242553345076, "T5": 0.09923119352640791, "U1": 19.840450608904654, "U5": 19.99235841123908}, "datetime": {"datetime": "2021-03-05 13:13:50", "elapsed": 638.145706, "delta": 1.74246}}
