{"target": 0.6020903144437033, "params": {"T1": 0.12037731049197443, "T3": 0.11923193356808523, "T5": 0.1304320820292949, "U1": 17.175568734965545, "U5": 19.856037154264907}, "datetime": {"datetime": "2021-03-05 14:02:21", "elapsed": 3548.780442, "delta": 4.846988}}
{"target": 0.315063802519869, "params": {"T1": 0.09929218399669998, "T3": 0.11978282205217645, "T5": 0.10458108645379041, "U1": 13.692259444081142, "U5": 14.301812163463397}, "datetime": {"datetime": "2021-03-05 14:02:26", "elapsed": 3554.092981, "delta": 5.312539}}
{"target": 0.19084452347044975, "params": {"T1": 0.08998181495999692, "T3": 0.08464842625926139, "T5": 0.12526304889777948, "U1": 18.862908073589946, "U5": 19.078188681419014}, "datetime": {"datetime": "2021-03-05 14:02:36", "elapsed": 3563.508471, "delta": 9.41549}}
{"target": 0.2283086620232065, "params": {"T1": 0.09579342572106764, "T3": 0.11534815449759075, "T5": 0.08670322703879592, "U1": 15.492495404207254, "U5": 12.67068439166816}, "datetime": {"datetime": "2021-03-05 14:02:41", "elapsed": 3568.775149, "delta": 5.266678}}
{"target": 0.23016813732665403, "params": {"T1": 0.11861934315072618, "T3": 0.09027323552999837, "T5": 0.08263339216585225, "U1": 16.313252474948463, "U5": 16.181687865467623}, "datetime": {"datetime": "2021-03-05 14:02:46", "elapsed": 3573.982542, "delta": 5.207393}}
{"target": 0.30671506787200153, "params": {"T1": 0.14853047754748602, "T3": 0.13399704622793368, "T5": 0.05875082964783385, "U1": 14.087840831916852, "U5": 13.419230750599294}, "datetime": {"datetime": "2021-03-05 14:02:51", "elapsed": 3578.522604, "delta": 4.540062}}
{"target": 0.6151404172817213, "params": {"T1": 0.06453057408483534, "T3": 0.08369175177174247, "T5": 0.05961325720690972, "U1": 14.721749326121342, "U5": 16.204498305925135}, "datetime": {"datetime": "2021-03-05 14:02:56", "elapsed": 3583.267991, "delta": 4.745387}}
{"target": 0.24571790200703758, "params": {"T1": 0.14562514726865916, "T3": 0.06940037170295665, "T5": 0.07399283587467215, "U1": 14.883841215540905, "U5": 18.651269184530552}, "datetime": {"datetime": "2021-03-05 14:03:01", "elapsed": 3589.032525, "delta": 5.764534}}
{"target": 0.15621064801897688, "params": {"T1": 0.05735624886766978, "T3": 0.08317723774738041, "T5": 0.06157918273729227, "U1": 14.13088947752819, "U5": 15.507458814035271}, "datetime": {"datetime": "2021-03-05 14:03:06", "elapsed": 3593.889286, "delta": 4.856761}}
{"target": 0.25265779644316616, "params": {"T1": 0.05431632815109161, "T3": 0.09291251625579959, "T5": 0.13802339568754218, "U1": 17.69035514423236, "U5": 19.333496419382925}, "datetime": {"datetime": "2021-03-05 14:03:11", "elapsed": 3598.412862, "delta": 4.523576}}
{"target": 0.1972063032493746, "params": {"T1": 0.13143521411680315, "T3": 0.10133173332318735, "T5": 0.07016296224455207, "U1": 17.386032566825676, "U5": 12.877705744699439}, "datetime": {"datetime": "2021-03-05 14:03:21", "elapsed": 3608.654208, "delta": 10.241346}}
{"target": 0.15366250077580557, "params": {"T1": 0.11081199052634783, "T3": 0.12721984110691226, "T5": 0.12339468183417765, "U1": 16.542169889853806, "U5": 14.12688634616282}, "datetime": {"datetime": "2021-03-05 14:03:25", "elapsed": 3612.679416, "delta": 4.025208}}
{"target": 0.15683498867251755, "params": {"T1": 0.13349202989948644, "T3": 0.11726271757027663, "T5": 0.13168118138529258, "U1": 17.06826842029126, "U5": 16.980563279318332}, "datetime": {"datetime": "2021-03-05 14:03:31", "elapsed": 3618.527068, "delta": 5.847652}}
{"target": 0.4776704316953106, "params": {"T1": 0.06968455484647171, "T3": 0.14744947463786795, "T5": 0.08023798666960548, "U1": 18.776809264514547, "U5": 14.295091730901213}, "datetime": {"datetime": "2021-03-05 14:03:41", "elapsed": 3628.674487, "delta": 10.147419}}
{"target": 0.18307755779332502, "params": {"T1": 0.13869864817690997, "T3": 0.09917239815500692, "T5": 0.10662185022366896, "U1": 14.664312818317246, "U5": 17.24401173323689}, "datetime": {"datetime": "2021-03-05 14:03:46", "elapsed": 3633.606249, "delta": 4.931762}}
{"target": 0.29672523452172983, "params": {"T1": 0.10992013600895993, "T3": 0.08053251792153535, "T5": 0.14538788418960985, "U1": 14.420144167649546, "U5": 15.315381849771786}, "datetime": {"datetime": "2021-03-05 14:03:51", "elapsed": 3639.026893, "delta": 5.420644}}
{"target": 0.5683896596792323, "params": {"T1": 0.0992188819069503, "T3": 0.10877793684837109, "T5": 0.11366353602294739, "U1": 14.29449379841435, "U5": 19.7651070906498}, "datetime": {"datetime": "2021-03-05 14:03:56", "elapsed": 3643.90521, "delta": 4.878317}}
{"target": 0.1341623544021667, "params": {"T1": 0.10358420191130346, "T3": 0.052552458337395684, "T5": 0.08834029191575596, "U1": 13.406186089617044, "U5": 17.650988028692733}, "datetime": {"datetime": "2021-03-05 14:04:01", "elapsed": 3648.475366, "delta": 4.570156}}
{"target": 0.2735956265439734, "params": {"T1": 0.06487308286116422, "T3": 0.059852315946854084, "T5": 0.09710072512237752, "U1": 16.108563312902525, "U5": 12.506797574884313}, "datetime": {"datetime": "2021-03-05 14:04:06", "elapsed": 3653.325379, "delta": 4.850013}}
{"target": 0.34558178363822184, "params": {"T1": 0.11436043363815426, "T3": 0.1061480318534923, "T5": 0.12102656608643055, "U1": 12.813847724136965, "U5": 19.91056162115899}, "datetime": {"datetime": "2021-03-05 14:04:11", "elapsed": 3659.140149, "delta": 5.81477}}
{"target": 0.9811917822424868, "params": {"T1": 0.0887548045752947, "T3": 0.1424781353595972, "T5": 0.09432279225718526, "U1": 18.881121586725374, "U5": 13.741739508748406}, "datetime": {"datetime": "2021-03-05 14:04:20", "elapsed": 3667.657187, "delta": 8.517038}}
{"target": 0.17923114702214776, "params": {"T1": 0.05763987657500123, "T3": 0.13679450259548637, "T5": 0.1497168246419151, "U1": 16.761565745764116, "U5": 19.642639700297202}, "datetime": {"datetime": "2021-03-05 14:04:25", "elapsed": 3672.30433, "delta": 4.647143}}
{"target": 0.18515994216972928, "params": {"T1": 0.09204909703168418, "T3": 0.11729536468148567, "T5": 0.12463145287408109, "U1": 13.27870042839913, "U5": 17.38495503459818}, "datetime": {"datetime": "2021-03-05 14:04:36", "elapsed": 3683.526469, "delta": 11.222139}}
{"target": 0.4208885267013266, "params": {"T1": 0.06481222338295133, "T3": 0.11037502775270006, "T5": 0.08243542887598293, "U1": 13.90910211823605, "U5": 14.705984653341197}, "datetime": {"datetime": "2021-03-05 14:04:41", "elapsed": 3688.91198, "delta": 5.385511}}
{"target": 0.2994512212553911, "params": {"T1": 0.12504339938324, "T3": 0.055141537668964825, "T5": 0.13741451255359732, "U1": 15.25056963773974, "U5": 12.502080671606182}, "datetime": {"datetime": "2021-03-05 14:04:49", "elapsed": 3696.448363, "delta": 7.536383}}
{"target": 0.176036276583723, "params": {"T1": 0.09227275860774739, "T3": 0.1497247901726309, "T5": 0.13034978605585273, "U1": 15.34309541633654, "U5": 15.528618574364698}, "datetime": {"datetime": "2021-03-05 14:04:56", "elapsed": 3703.468143, "delta": 7.01978}}
{"target": 0.15635564595157211, "params": {"T1": 0.12824637896030117, "T3": 0.10881300549874504, "T5": 0.053974161705717595, "U1": 17.123553288887415, "U5": 13.035909110436101}, "datetime": {"datetime": "2021-03-05 14:05:02", "elapsed": 3709.412266, "delta": 5.944123}}
{"target": 0.1315238374892147, "params": {"T1": 0.12681617473378298, "T3": 0.09729245071383628, "T5": 0.13838820053119377, "U1": 18.45702007701786, "U5": 19.1232755463663}, "datetime": {"datetime": "2021-03-05 14:05:07", "elapsed": 3714.521149, "delta": 5.108883}}
{"target": 0.2469786316260603, "params": {"T1": 0.12947627243297166, "T3": 0.07937996529919336, "T5": 0.13456585612012606, "U1": 14.108814297730543, "U5": 19.488490456517944}, "datetime": {"datetime": "2021-03-05 14:05:14", "elapsed": 3721.8466, "delta": 7.325451}}
{"target": 0.1403818150705271, "params": {"T1": 0.12754816752916914, "T3": 0.11072082156618321, "T5": 0.10920242589727794, "U1": 17.124500232423976, "U5": 18.019744327761188}, "datetime": {"datetime": "2021-03-05 14:05:19", "elapsed": 3726.476767, "delta": 4.630167}}
{"target": 0.5444116572890277, "params": {"T1": 0.06656995844821247, "T3": 0.14499954133010454, "T5": 0.08955732003338249, "U1": 17.07412512814052, "U5": 15.794070075719947}, "datetime": {"datetime": "2021-03-05 14:05:24", "elapsed": 3731.924876, "delta": 5.448109}}
{"target": 0.13619704913098768, "params": {"T1": 0.117201281921703, "T3": 0.06175112934015395, "T5": 0.14753116729269056, "U1": 13.661757609599242, "U5": 19.316950920482462}, "datetime": {"datetime": "2021-03-05 14:05:30", "elapsed": 3737.188832, "delta": 5.263956}}
{"target": 0.2400006774321928, "params": {"T1": 0.11749273431784878, "T3": 0.11290913040413693, "T5": 0.10457570334764785, "U1": 19.834229894967514, "U5": 19.984689637938615}, "datetime": {"datetime": "2021-03-05 14:05:38", "elapsed": 3745.472203, "delta": 8.283371}}
{"target": 0.8804043795142138, "params": {"T1": 0.07452687512458823, "T3": 0.112526806531775, "T5": 0.08714202928407809, "U1": 19.105313124425777, "U5": 15.512344495201638}, "datetime": {"datetime": "2021-03-05 14:05:43", "elapsed": 3751.018221, "delta": 5.546018}}
{"target": 0.46715678360404034, "params": {"T1": 0.09545709018354792, "T3": 0.11533274708747523, "T5": 0.1255467789937441, "U1": 14.53802460429676, "U5": 14.506852659844885}, "datetime": {"datetime": "2021-03-05 14:05:49", "elapsed": 3756.417951, "delta": 5.39973}}
{"target": 0.2242604160801349, "params": {"T1": 0.11420941142313878, "T3": 0.07999711137543093, "T5": 0.12478526251386926, "U1": 19.46615352171682, "U5": 12.748175377286817}, "datetime": {"datetime": "2021-03-05 14:05:54", "elapsed": 3761.689307, "delta": 5.271356}}
{"target": 0.2963234883887273, "params": {"T1": 0.09820561738891093, "T3": 0.1427218560021184, "T5": 0.11942369138509683, "U1": 16.319539509869884, "U5": 16.013279138392107}, "datetime": {"datetime": "2021-03-05 14:05:59", "elapsed": 3766.834246, "delta": 5.144939}}
{"target": 0.2104552333195128, "params": {"T1": 0.13260495104452572, "T3": 0.07314405720327868, "T5": 0.08523077180626654, "U1": 17.368750226874344, "U5": 14.839085172100354}, "datetime": {"datetime": "2021-03-05 14:06:05", "elapsed": 3772.524049, "delta": 5.689803}}
{"target": 0.21365244178495946, "params": {"T1": 0.11687660199539444, "T3": 0.14443372848929592, "T5": 0.12484403700138479, "U1": 12.679401492288152, "U5": 16.382442688575487}, "datetime": {"datetime": "2021-03-05 14:06:09", "elapsed": 3776.921387, "delta": 4.397338}}
{"target": 0.1799737530704609, "params": {"T1": 0.10133650031258357, "T3": 0.09686188114036386, "T5": 0.12377514253597077, "U1": 14.835578505558129, "U5": 14.73989167867569}, "datetime": {"datetime": "2021-03-05 14:06:17", "elapsed": 3784.751864, "delta": 7.830477}}
{"target": 0.5609584432828459, "params": {"T1": 0.12420270189421377, "T3": 0.1040186452909345, "T5": 0.11205532276624272, "U1": 16.15442260462558, "U5": 14.821989120909654}, "datetime": {"datetime": "2021-03-05 14:06:22", "elapsed": 3789.55774, "delta": 4.805876}}
{"target": 0.3121210297915508, "params": {"T1": 0.12341477602393906, "T3": 0.12022441924915513, "T5": 0.13223880271661886, "U1": 16.693727914860347, "U5": 13.18760722898353}, "datetime": {"datetime": "2021-03-05 14:06:31", "elapsed": 3798.319072, "delta": 8.761332}}
{"target": 0.41990150574767127, "params": {"T1": 0.06617118675072481, "T3": 0.10826747229515221, "T5": 0.08564284953105597, "U1": 18.613105887307547, "U5": 18.143477452170895}, "datetime": {"datetime": "2021-03-05 14:06:40", "elapsed": 3807.977102, "delta": 9.65803}}
{"target": 0.27284374194288197, "params": {"T1": 0.12042416519758263, "T3": 0.1408820305857117, "T5": 0.14122253223869652, "U1": 12.752313425495432, "U5": 19.0643308026608}, "datetime": {"datetime": "2021-03-05 14:06:46", "elapsed": 3813.402567, "delta": 5.425465}}
{"target": 0.4218206260898115, "params": {"T1": 0.08609588936673039, "T3": 0.0867263159620982, "T5": 0.05210153846398022, "U1": 17.01908550044682, "U5": 19.000541353647016}, "datetime": {"datetime": "2021-03-05 14:06:57", "elapsed": 3824.78763, "delta": 11.385063}}
{"target": 0.15982076002418186, "params": {"T1": 0.08203869239414116, "T3": 0.14263796596571265, "T5": 0.10484125770723068, "U1": 12.448087659010426, "U5": 18.191214967986316}, "datetime": {"datetime": "2021-03-05 14:07:02", "elapsed": 3830.018139, "delta": 5.230509}}
{"target": 0.1469329387534648, "params": {"T1": 0.14356513653283948, "T3": 0.11372395304662455, "T5": 0.14195145629044237, "U1": 14.630072844238098, "U5": 14.834181429956669}, "datetime": {"datetime": "2021-03-05 14:07:09", "elapsed": 3837.118753, "delta": 7.100614}}
{"target": 0.1926947349816495, "params": {"T1": 0.1367613951950522, "T3": 0.07406641233473917, "T5": 0.10502567234516547, "U1": 14.904901408644553, "U5": 16.85480843844896}, "datetime": {"datetime": "2021-03-05 14:07:14", "elapsed": 3842.068615, "delta": 4.949862}}
{"target": 0.2237670256547713, "params": {"T1": 0.08498989320999642, "T3": 0.11609731500222527, "T5": 0.12185694808537706, "U1": 16.611372996245773, "U5": 15.04296286114316}, "datetime": {"datetime": "2021-03-05 14:07:24", "elapsed": 3851.288923, "delta": 9.220308}}
{"target": 0.15148580772653894, "params": {"T1": 0.08670722759977526, "T3": 0.08487583743521933, "T5": 0.10576285932306112, "U1": 16.69225035077953, "U5": 12.801890553297486}, "datetime": {"datetime": "2021-03-05 14:07:29", "elapsed": 3856.526744, "delta": 5.237821}}
{"target": 0.18295445300975696, "params": {"T1": 0.14355333946298032, "T3": 0.14046603712145522, "T5": 0.13890397737984567, "U1": 19.26306971846503, "U5": 16.37208234795872}, "datetime": {"datetime": "2021-03-05 14:07:34", "elapsed": 3861.520755, "delta": 4.994011}}
{"target": 0.20927491638352835, "params": {"T1": 0.12246022387957124, "T3": 0.11928371495776131, "T5": 0.14750337427366927, "U1": 17.18683855447456, "U5": 19.85120403828292}, "datetime": {"datetime": "2021-03-05 14:07:41", "elapsed": 3869.127822, "delta": 7.607067}}
{"target": 0.14246247823531424, "params": {"T1": 0.08941832722722572, "T3": 0.07441585773079354, "T5": 0.0891809649134264, "U1": 16.781427668657084, "U5": 19.327276948419627}, "datetime": {"datetime": "2021-03-05 14:07:48", "elapsed": 3875.289133, "delta": 6.161311}}
{"target": 0.2042185067700476, "params": {"T1": 0.13270471499798936, "T3": 0.14176562471333062, "T5": 0.07376467771984811, "U1": 12.623606306545032, "U5": 18.448942237465438}, "datetime": {"datetime": "2021-03-05 14:07:53", "elapsed": 3880.271552, "delta": 4.982419}}
{"target": 0.93812079988805, "params": {"T1": 0.0848137360573335, "T3": 0.13470549520430083, "T5": 0.06636361200860427, "U1": 19.552396094212153, "U5": 19.519172362705064}, "datetime": {"datetime": "2021-03-05 14:07:58", "elapsed": 3885.854541, "delta": 5.582989}}
{"target": 0.19690988489318062, "params": {"T1": 0.07849683818606164, "T3": 0.1044499285878607, "T5": 0.06905337483211264, "U1": 14.886981981376646, "U5": 13.86329370100352}, "datetime": {"datetime": "2021-03-05 14:08:05", "elapsed": 3892.568881, "delta": 6.71434}}
{"target": 0.4646136517213598, "params": {"T1": 0.08603954275686827, "T3": 0.12315555225202031, "T5": 0.059758136425838576, "U1": 18.658193386930197, "U5": 18.048182926143546}, "datetime": {"datetime": "2021-03-05 14:08:11", "elapsed": 3898.772937, "delta": 6.204056}}
{"target": 0.796469296045953, "params": {"T1": 0.06303452528494989, "T3": 0.10297126113337382, "T5": 0.07554905017279387, "U1": 13.872764142120538, "U5": 17.03891320982904}, "datetime": {"datetime": "2021-03-05 14:08:16", "elapsed": 3904.104867, "delta": 5.33193}}
{"target": 0.299744962421739, "params": {"T1": 0.08366086864048494, "T3": 0.08099308221098202, "T5": 0.1093567839246461, "U1": 12.616008134920868, "U5": 19.354114565470525}, "datetime": {"datetime": "2021-03-05 14:08:21", "elapsed": 3909.113189, "delta": 5.008322}}
{"target": 0.13882065812591618, "params": {"T1": 0.10808882041302503, "T3": 0.06922137065771952, "T5": 0.10785489654404659, "U1": 13.229217034276573, "U5": 14.575761536262197}, "datetime": {"datetime": "2021-03-05 14:08:27", "elapsed": 3914.866646, "delta": 5.753457}}
{"target": 0.4883805709387611, "params": {"T1": 0.0972826960162988, "T3": 0.13237038322600925, "T5": 0.1038626407259303, "U1": 18.618622404244743, "U5": 17.397028490437144}, "datetime": {"datetime": "2021-03-05 14:08:34", "elapsed": 3921.836077, "delta": 6.969431}}
{"target": 0.21375106818747983, "params": {"T1": 0.12226038629507563, "T3": 0.06555153594919809, "T5": 0.0800958976142633, "U1": 12.400896790702788, "U5": 15.752070769964421}, "datetime": {"datetime": "2021-03-05 14:08:40", "elapsed": 3927.627551, "delta": 5.791474}}
{"target": 0.30110018163272695, "params": {"T1": 0.06492477702747426, "T3": 0.09651687265843903, "T5": 0.11838474944863343, "U1": 15.512726828856593, "U5": 14.524632394266359}, "datetime": {"datetime": "2021-03-05 14:08:45", "elapsed": 3932.719001, "delta": 5.09145}}
{"target": 0.15285019820141743, "params": {"T1": 0.13285887631483345, "T3": 0.06611875301288378, "T5": 0.06836243771465726, "U1": 13.573558607160642, "U5": 12.53979855438697}, "datetime": {"datetime": "2021-03-05 14:08:51", "elapsed": 3938.181679, "delta": 5.462678}}
{"target": 0.4017177834530113, "params": {"T1": 0.08890335900838087, "T3": 0.13237395078147107, "T5": 0.0937137934353243, "U1": 18.858610385353813, "U5": 13.742900767813623}, "datetime": {"datetime": "2021-03-05 14:08:59", "elapsed": 3946.639549, "delta": 8.45787}}
{"target": 0.25191832786731644, "params": {"T1": 0.14245136339025727, "T3": 0.13100926947908004, "T5": 0.06281461176019706, "U1": 12.297480368098727, "U5": 15.587755998209845}, "datetime": {"datetime": "2021-03-05 14:09:05", "elapsed": 3952.927174, "delta": 6.287625}}
{"target": 0.3003304559109042, "params": {"T1": 0.07740713273382059, "T3": 0.09771464004833233, "T5": 0.14643207074823816, "U1": 18.83681322888672, "U5": 17.65538337107376}, "datetime": {"datetime": "2021-03-05 14:09:10", "elapsed": 3957.795644, "delta": 4.86847}}
{"target": 0.4502839180450044, "params": {"T1": 0.14918339197874997, "T3": 0.13791537197457204, "T5": 0.06452949140200637, "U1": 15.167023350337878, "U5": 19.097200075933227}, "datetime": {"datetime": "2021-03-05 14:09:16", "elapsed": 3963.462198, "delta": 5.666554}}
{"target": 0.217854297460875, "params": {"T1": 0.11779862796675522, "T3": 0.09132619872366712, "T5": 0.11255233734235845, "U1": 19.53851801686678, "U5": 17.237264666316662}, "datetime": {"datetime": "2021-03-05 14:09:26", "elapsed": 3974.009515, "delta": 10.547317}}
{"target": 0.3912555606095145, "params": {"T1": 0.14748414239404997, "T3": 0.09470115078207442, "T5": 0.11143764733003661, "U1": 16.63988900463744, "U5": 15.484550227622936}, "datetime": {"datetime": "2021-03-05 14:09:32", "elapsed": 3979.554558, "delta": 5.545043}}
{"target": 0.28045163487266367, "params": {"T1": 0.12823187108199588, "T3": 0.054075216846843854, "T5": 0.08823368892113352, "U1": 12.209330374915057, "U5": 17.61657320857914}, "datetime": {"datetime": "2021-03-05 14:09:37", "elapsed": 3984.776708, "delta": 5.22215}}
{"target": 0.16218555851502525, "params": {"T1": 0.08354163423089803, "T3": 0.11977803220913265, "T5": 0.0552012498424943, "U1": 14.682844124343015, "U5": 13.350149631690794}, "datetime": {"datetime": "2021-03-05 14:09:44", "elapsed": 3991.657298, "delta": 6.88059}}
{"target": 0.48662085297534513, "params": {"T1": 0.07063328018953959, "T3": 0.08265300479322954, "T5": 0.11245235481911073, "U1": 12.851005968506989, "U5": 18.08798930703168}, "datetime": {"datetime": "2021-03-05 14:09:49", "elapsed": 3996.583022, "delta": 4.925724}}
{"target": 0.14253965513752143, "params": {"T1": 0.11193348995652717, "T3": 0.05866729858809146, "T5": 0.10510662965075095, "U1": 16.00977756575248, "U5": 18.99543206657875}, "datetime": {"datetime": "2021-03-05 14:09:54", "elapsed": 4002.096681, "delta": 5.513659}}
{"target": 0.1613578067432237, "params": {"T1": 0.08359884806046772, "T3": 0.06555845725026034, "T5": 0.1351112554334397, "U1": 18.537940916513442, "U5": 18.108896035653288}, "datetime": {"datetime": "2021-03-05 14:09:59", "elapsed": 4006.889666, "delta": 4.792985}}
{"target": 0.14344877803258396, "params": {"T1": 0.08389308051787067, "T3": 0.12719062159341316, "T5": 0.10399886653306287, "U1": 12.978865910487091, "U5": 15.921475813950696}, "datetime": {"datetime": "2021-03-05 14:10:06", "elapsed": 4013.92413, "delta": 7.034464}}
{"target": 0.2057691884699497, "params": {"T1": 0.05077941210961702, "T3": 0.10932671936190538, "T5": 0.06966731372416204, "U1": 19.40930855938891, "U5": 17.341937149491063}, "datetime": {"datetime": "2021-03-05 14:10:13", "elapsed": 4020.21593, "delta": 6.2918}}
{"target": 0.24615313404176054, "params": {"T1": 0.08041667689520623, "T3": 0.10463406393103018, "T5": 0.08607163053387769, "U1": 16.65665835973991, "U5": 16.085461850227517}, "datetime": {"datetime": "2021-03-05 14:10:22", "elapsed": 4029.284448, "delta": 9.068518}}
{"target": 0.33783592650112676, "params": {"T1": 0.1229405796639207, "T3": 0.10831715950248083, "T5": 0.07052166306863906, "U1": 13.61758854833657, "U5": 18.608909176595777}, "datetime": {"datetime": "2021-03-05 14:10:28", "elapsed": 4035.179238, "delta": 5.89479}}
{"target": 0.4297121819568347, "params": {"T1": 0.08080703445570699, "T3": 0.13853544158378006, "T5": 0.07895876675377288, "U1": 17.992780830090968, "U5": 14.54457953879053}, "datetime": {"datetime": "2021-03-05 14:10:33", "elapsed": 4041.056662, "delta": 5.877424}}
{"target": 0.2000879508171337, "params": {"T1": 0.0966126938118439, "T3": 0.0846699282725332, "T5": 0.13293883960684277, "U1": 19.85168550810638, "U5": 19.95769666306382}, "datetime": {"datetime": "2021-03-05 14:10:48", "elapsed": 4056.003418, "delta": 14.946756}}
{"target": 0.2279835043347334, "params": {"T1": 0.13701562598065542, "T3": 0.12163458617740183, "T5": 0.06646092584455637, "U1": 18.038441882431496, "U5": 12.089890787770962}, "datetime": {"datetime": "2021-03-05 14:10:56", "elapsed": 4063.590319, "delta": 7.586901}}
