{"target": 0.2193256027684164, "params": {"T1": 0.10967977968020146, "T3": 0.14927474669213137, "T5": 0.10371003325090598, "U1": 12.48270759493198, "U5": 16.62785548715349}, "datetime": {"datetime": "2021-03-04 16:15:12", "elapsed": 745.267198, "delta": 1.857588}}
{"target": 0.4089643271194289, "params": {"T1": 0.07987373913659775, "T3": 0.12482846306926253, "T5": 0.08061508244577802, "U1": 18.830106854997997, "U5": 13.804278705838403}, "datetime": {"datetime": "2021-03-04 16:15:14", "elapsed": 747.907004, "delta": 2.639806}}
{"target": 0.2965159219418045, "params": {"T1": 0.07896647707005613, "T3": 0.12412327543727669, "T5": 0.14498692975694644, "U1": 18.61174633349794, "U5": 18.96834083269531}, "datetime": {"datetime": "2021-03-04 16:15:16", "elapsed": 750.102376, "delta": 2.195372}}
{"target": 0.12992610974442353, "params": {"T1": 0.12892642471736274, "T3": 0.06476554222673733, "T5": 0.0727903420402536, "U1": 14.37987158496454, "U5": 13.590895838863759}, "datetime": {"datetime": "2021-03-04 16:15:19", "elapsed": 752.473186, "delta": 2.37081}}
{"target": 0.39406928336871005, "params": {"T1": 0.10442810759258651, "T3": 0.10418497500490043, "T5": 0.0692445705393057, "U1": 19.558865266668096, "U5": 15.491986415457067}, "datetime": {"datetime": "2021-03-04 16:15:22", "elapsed": 755.212882, "delta": 2.739696}}
{"target": 0.4708821103560672, "params": {"T1": 0.07196565383113769, "T3": 0.13427739340661868, "T5": 0.09732882434690057, "U1": 12.00741876827284, "U5": 17.918368335983395}, "datetime": {"datetime": "2021-03-04 16:15:23", "elapsed": 756.94492, "delta": 1.732038}}
{"target": 0.18738160501661227, "params": {"T1": 0.07071176371780925, "T3": 0.1318766069353453, "T5": 0.06765447499223255, "U1": 12.65100998011355, "U5": 18.16360991896908}, "datetime": {"datetime": "2021-03-04 16:15:26", "elapsed": 759.395735, "delta": 2.450815}}
{"target": 0.22368780341372202, "params": {"T1": 0.05696585471286164, "T3": 0.08110143699483023, "T5": 0.06831983768838881, "U1": 19.956429158884788, "U5": 17.309498474760304}, "datetime": {"datetime": "2021-03-04 16:15:27", "elapsed": 760.963797, "delta": 1.568062}}
{"target": 0.3137556128898193, "params": {"T1": 0.12004618199877017, "T3": 0.1279375720620849, "T5": 0.14554025335850485, "U1": 16.696664302046365, "U5": 13.188438555735953}, "datetime": {"datetime": "2021-03-04 16:15:29", "elapsed": 762.595736, "delta": 1.631939}}
{"target": 0.22517325588056852, "params": {"T1": 0.10049152647310448, "T3": 0.13982690775877177, "T5": 0.0571947914505901, "U1": 16.294737724075656, "U5": 17.340937860517567}, "datetime": {"datetime": "2021-03-04 16:15:31", "elapsed": 764.690323, "delta": 2.094587}}
{"target": 0.518330105453316, "params": {"T1": 0.061131919539372484, "T3": 0.11256685286114117, "T5": 0.09064844035518636, "U1": 16.67040447551305, "U5": 16.101916077508218}, "datetime": {"datetime": "2021-03-04 16:15:34", "elapsed": 767.298223, "delta": 2.6079}}
{"target": 0.13626629678804844, "params": {"T1": 0.10090977164246942, "T3": 0.07599185804026132, "T5": 0.08076462437323007, "U1": 13.22876663175554, "U5": 18.1647561943119}, "datetime": {"datetime": "2021-03-04 16:15:36", "elapsed": 769.710917, "delta": 2.412694}}
{"target": 0.458354278156884, "params": {"T1": 0.07583283101431045, "T3": 0.11448839931401693, "T5": 0.09398251875403589, "U1": 16.91912320334881, "U5": 17.518254370402207}, "datetime": {"datetime": "2021-03-04 16:15:38", "elapsed": 772.19061, "delta": 2.479693}}
{"target": 0.20648295439527684, "params": {"T1": 0.12288075349925, "T3": 0.13732065987375713, "T5": 0.05986789925268711, "U1": 15.985369247932105, "U5": 16.573790532172374}, "datetime": {"datetime": "2021-03-04 16:15:40", "elapsed": 773.918544, "delta": 1.727934}}
{"target": 0.12970858856555129, "params": {"T1": 0.11640314582675128, "T3": 0.07425491884436387, "T5": 0.14586061143158247, "U1": 19.57379007063121, "U5": 19.405614080261685}, "datetime": {"datetime": "2021-03-04 16:15:42", "elapsed": 775.40695, "delta": 1.488406}}
{"target": 0.12179200484463144, "params": {"T1": 0.14980332419433845, "T3": 0.08285561340593342, "T5": 0.14087622507084624, "U1": 14.15039221500431, "U5": 19.572405581389354}, "datetime": {"datetime": "2021-03-04 16:15:44", "elapsed": 777.56083, "delta": 2.15388}}
{"target": 0.29054733831968477, "params": {"T1": 0.0957196588489713, "T3": 0.06981985943940254, "T5": 0.06514616308058625, "U1": 16.19939462771193, "U5": 17.15145748823155}, "datetime": {"datetime": "2021-03-04 16:15:46", "elapsed": 779.316688, "delta": 1.755858}}
{"target": 0.9324862574645842, "params": {"T1": 0.09915562656088221, "T3": 0.10515128424952586, "T5": 0.13142253125348752, "U1": 18.593708986758266, "U5": 18.942726949603376}, "datetime": {"datetime": "2021-03-04 16:15:49", "elapsed": 782.282583, "delta": 2.965895}}
{"target": 0.2964637018834012, "params": {"T1": 0.0893975163785257, "T3": 0.13781419416537807, "T5": 0.12412620377292068, "U1": 19.530088404001592, "U5": 16.56408421557568}, "datetime": {"datetime": "2021-03-04 16:15:50", "elapsed": 783.806804, "delta": 1.524221}}
{"target": 0.9617060351391209, "params": {"T1": 0.08989450281686545, "T3": 0.1294690892133561, "T5": 0.053743765146161006, "U1": 12.303097131494091, "U5": 12.7268457133368}, "datetime": {"datetime": "2021-03-04 16:15:52", "elapsed": 785.539471, "delta": 1.732667}}
{"target": 0.2077370835890876, "params": {"T1": 0.07033842147655496, "T3": 0.1116863015144795, "T5": 0.08802336473479903, "U1": 16.5948712622228, "U5": 18.727336434129597}, "datetime": {"datetime": "2021-03-04 16:15:55", "elapsed": 788.768466, "delta": 3.228995}}
{"target": 0.2931387253674856, "params": {"T1": 0.09527141086086535, "T3": 0.0785239784770031, "T5": 0.13563999934764856, "U1": 14.7938356066819, "U5": 14.944535593187902}, "datetime": {"datetime": "2021-03-04 16:15:57", "elapsed": 790.509155, "delta": 1.740689}}
{"target": 0.22942690568834828, "params": {"T1": 0.08786895865621132, "T3": 0.06633035029998313, "T5": 0.0633106066466872, "U1": 19.105306766829028, "U5": 13.571693473888892}, "datetime": {"datetime": "2021-03-04 16:16:00", "elapsed": 793.215469, "delta": 2.706314}}
{"target": 0.14763315553308134, "params": {"T1": 0.10015645796574763, "T3": 0.05697365909854096, "T5": 0.07562193026765963, "U1": 16.76062864107861, "U5": 19.33293294760542}, "datetime": {"datetime": "2021-03-04 16:16:02", "elapsed": 796.025542, "delta": 2.810073}}
{"target": 0.13930667237805977, "params": {"T1": 0.10693887008932129, "T3": 0.05609545485729206, "T5": 0.12727788877285479, "U1": 19.323892229209964, "U5": 12.290304707230067}, "datetime": {"datetime": "2021-03-04 16:16:04", "elapsed": 797.812247, "delta": 1.786705}}
{"target": 0.25571185779177963, "params": {"T1": 0.05756855735135119, "T3": 0.08116233180748281, "T5": 0.1049408713189815, "U1": 12.160536909643179, "U5": 16.82084360511958}, "datetime": {"datetime": "2021-03-04 16:16:07", "elapsed": 800.715059, "delta": 2.902812}}
{"target": 0.7126100007063787, "params": {"T1": 0.07213254274774618, "T3": 0.08963656240638328, "T5": 0.058279306355964136, "U1": 19.229850902580424, "U5": 15.246222388379014}, "datetime": {"datetime": "2021-03-04 16:16:10", "elapsed": 803.451942, "delta": 2.736883}}
{"target": 0.2846450363843308, "params": {"T1": 0.09022683208288322, "T3": 0.1249928681643225, "T5": 0.13588195225078648, "U1": 13.197691369808016, "U5": 18.08724394429925}, "datetime": {"datetime": "2021-03-04 16:16:12", "elapsed": 805.649802, "delta": 2.19786}}
{"target": 0.22356021933967418, "params": {"T1": 0.09968764989012327, "T3": 0.10010784775939166, "T5": 0.06951827191907144, "U1": 17.02768994295984, "U5": 19.010441171784276}, "datetime": {"datetime": "2021-03-04 16:16:15", "elapsed": 808.633297, "delta": 2.983495}}
{"target": 0.28735514713134575, "params": {"T1": 0.08801366837185201, "T3": 0.06341178200241983, "T5": 0.14850358444594966, "U1": 17.86048635864729, "U5": 15.07386712609673}, "datetime": {"datetime": "2021-03-04 16:16:17", "elapsed": 811.126933, "delta": 2.493636}}
{"target": 0.38440718120711526, "params": {"T1": 0.12402912461984596, "T3": 0.10104890807955699, "T5": 0.14139944588991415, "U1": 18.62259560048203, "U5": 15.478612606966035}, "datetime": {"datetime": "2021-03-04 16:16:19", "elapsed": 812.764098, "delta": 1.637165}}
{"target": 0.12362109035117394, "params": {"T1": 0.128851997900357, "T3": 0.06051955693613914, "T5": 0.08524622922994743, "U1": 15.77356749497601, "U5": 14.707053012871135}, "datetime": {"datetime": "2021-03-04 16:16:21", "elapsed": 814.555828, "delta": 1.79173}}
{"target": 0.14493217279050066, "params": {"T1": 0.1178359574204105, "T3": 0.08591493976147015, "T5": 0.1083846379148005, "U1": 14.115674872344535, "U5": 12.150868716322634}, "datetime": {"datetime": "2021-03-04 16:16:23", "elapsed": 816.611449, "delta": 2.055621}}
{"target": 0.16244578637814613, "params": {"T1": 0.1049994444752461, "T3": 0.06645150016714836, "T5": 0.07822870467357981, "U1": 18.953014213309743, "U5": 17.67408008430128}, "datetime": {"datetime": "2021-03-04 16:16:25", "elapsed": 818.405257, "delta": 1.793808}}
{"target": 0.29868195259457114, "params": {"T1": 0.08884939595401141, "T3": 0.05870074504080456, "T5": 0.083640078521603, "U1": 14.431062783397941, "U5": 12.910457823736788}, "datetime": {"datetime": "2021-03-04 16:16:26", "elapsed": 820.0783, "delta": 1.673043}}
{"target": 0.17281432507929975, "params": {"T1": 0.10522567826599577, "T3": 0.07951937983990263, "T5": 0.07571029507130385, "U1": 16.893294715697383, "U5": 17.503451389531257}, "datetime": {"datetime": "2021-03-04 16:16:28", "elapsed": 822.164767, "delta": 2.086467}}
{"target": 0.26094541819262074, "params": {"T1": 0.07889281186595366, "T3": 0.09398816421020864, "T5": 0.14615785233992837, "U1": 18.61937816390094, "U5": 18.9547849177823}, "datetime": {"datetime": "2021-03-04 16:16:32", "elapsed": 825.343825, "delta": 3.179058}}
{"target": 0.17022916978316227, "params": {"T1": 0.05618352444999715, "T3": 0.1275498239764392, "T5": 0.061335614440181346, "U1": 15.040767727546287, "U5": 14.394946073921334}, "datetime": {"datetime": "2021-03-04 16:16:33", "elapsed": 826.930312, "delta": 1.586487}}
{"target": 0.6976277582845868, "params": {"T1": 0.05988360202275689, "T3": 0.07875557795521955, "T5": 0.08416456813930183, "U1": 19.20089638270643, "U5": 17.172786212587933}, "datetime": {"datetime": "2021-03-04 16:16:37", "elapsed": 830.845308, "delta": 3.914996}}
{"target": 0.30951264601115386, "params": {"T1": 0.08943650310853424, "T3": 0.10066581284841163, "T5": 0.14784591975585304, "U1": 17.20496356177296, "U5": 14.087340059629692}, "datetime": {"datetime": "2021-03-04 16:16:40", "elapsed": 833.808845, "delta": 2.963537}}
{"target": 0.22399041312047327, "params": {"T1": 0.14076086679896638, "T3": 0.05491603191141961, "T5": 0.10466551424608915, "U1": 12.767639439463558, "U5": 14.166792981051845}, "datetime": {"datetime": "2021-03-04 16:16:42", "elapsed": 835.616707, "delta": 1.807862}}
{"target": 0.40990339613404436, "params": {"T1": 0.07062913435775382, "T3": 0.09798127405708121, "T5": 0.09419774513852934, "U1": 17.017320262663535, "U5": 13.957315022869318}, "datetime": {"datetime": "2021-03-04 16:16:45", "elapsed": 838.599513, "delta": 2.982806}}
{"target": 0.3288157065178989, "params": {"T1": 0.14421242628168668, "T3": 0.08813455386198009, "T5": 0.08347275565250054, "U1": 18.581179304135553, "U5": 12.913250570733357}, "datetime": {"datetime": "2021-03-04 16:16:47", "elapsed": 840.366587, "delta": 1.767074}}
{"target": 0.27073564361318364, "params": {"T1": 0.14534460866657883, "T3": 0.06981541751289436, "T5": 0.12731299250293307, "U1": 14.444833819572892, "U5": 19.193075187272942}, "datetime": {"datetime": "2021-03-04 16:16:48", "elapsed": 842.02549, "delta": 1.658903}}
{"target": 0.1749813356775009, "params": {"T1": 0.08879015217612445, "T3": 0.0971534796215669, "T5": 0.11624635023206195, "U1": 18.162746370954608, "U5": 18.399732884285946}, "datetime": {"datetime": "2021-03-04 16:16:50", "elapsed": 844.090204, "delta": 2.064714}}
{"target": 0.20161735626396582, "params": {"T1": 0.0778063160823829, "T3": 0.09532375565891382, "T5": 0.08644977000664297, "U1": 19.663631165282425, "U5": 17.7935488904961}, "datetime": {"datetime": "2021-03-04 16:16:52", "elapsed": 845.884626, "delta": 1.794422}}
{"target": 0.16321367306882037, "params": {"T1": 0.1494358622303118, "T3": 0.07572268122394513, "T5": 0.1259932108868422, "U1": 15.39739214692613, "U5": 17.921161854505765}, "datetime": {"datetime": "2021-03-04 16:16:54", "elapsed": 847.260194, "delta": 1.375568}}
{"target": 0.3110966845060702, "params": {"T1": 0.10404578588260519, "T3": 0.11315716116894657, "T5": 0.06271345352854578, "U1": 19.544457487195466, "U5": 15.47508113336368}, "datetime": {"datetime": "2021-03-04 16:16:57", "elapsed": 850.271772, "delta": 3.011578}}
{"target": 0.15350005386285737, "params": {"T1": 0.09409242158847803, "T3": 0.0972052841243061, "T5": 0.13783715934409208, "U1": 17.844569373117693, "U5": 19.055244145782098}, "datetime": {"datetime": "2021-03-04 16:16:58", "elapsed": 852.005267, "delta": 1.733495}}
{"target": 0.21033717332204643, "params": {"T1": 0.11739614040720887, "T3": 0.05469526794209483, "T5": 0.116862757010897, "U1": 15.410083315786448, "U5": 14.411602800104944}, "datetime": {"datetime": "2021-03-04 16:17:01", "elapsed": 854.682683, "delta": 2.677416}}
{"target": 0.22645860010029406, "params": {"T1": 0.11366521802136784, "T3": 0.0669482884461933, "T5": 0.13061669621330624, "U1": 12.67668832932942, "U5": 17.409731222226274}, "datetime": {"datetime": "2021-03-04 16:17:03", "elapsed": 856.56937, "delta": 1.886687}}
{"target": 0.224533081091282, "params": {"T1": 0.11364685680363669, "T3": 0.07022196513100436, "T5": 0.1474082539683078, "U1": 14.178611838402304, "U5": 16.267288955077017}, "datetime": {"datetime": "2021-03-04 16:17:05", "elapsed": 858.505804, "delta": 1.936434}}
{"target": 0.30414916947301984, "params": {"T1": 0.1181686393621662, "T3": 0.14132427840069656, "T5": 0.05185683900303863, "U1": 13.795646833743739, "U5": 12.445958869506505}, "datetime": {"datetime": "2021-03-04 16:17:07", "elapsed": 860.258606, "delta": 1.752802}}
{"target": 0.48466524350134094, "params": {"T1": 0.14798999493930548, "T3": 0.07112904047635558, "T5": 0.14222734194055903, "U1": 19.377505874578024, "U5": 16.28296744110508}, "datetime": {"datetime": "2021-03-04 16:17:09", "elapsed": 862.901369, "delta": 2.642763}}
{"target": 0.24731441892356112, "params": {"T1": 0.0723910573534794, "T3": 0.11841893930488251, "T5": 0.10737070884097377, "U1": 19.25526254359774, "U5": 19.19621977118534}, "datetime": {"datetime": "2021-03-04 16:17:11", "elapsed": 864.603187, "delta": 1.701818}}
{"target": 0.132281111257512, "params": {"T1": 0.14028917373288274, "T3": 0.08304047242587392, "T5": 0.11089181862781053, "U1": 14.666019606725747, "U5": 13.193802512117834}, "datetime": {"datetime": "2021-03-04 16:17:13", "elapsed": 866.454994, "delta": 1.851807}}
{"target": 0.1736226542999674, "params": {"T1": 0.05678237627260444, "T3": 0.12637170066697256, "T5": 0.14640455190611762, "U1": 12.356316697958619, "U5": 18.11419551006601}, "datetime": {"datetime": "2021-03-04 16:17:14", "elapsed": 868.106119, "delta": 1.651125}}
{"target": 0.29473790466286565, "params": {"T1": 0.05571535280891572, "T3": 0.0964307646723622, "T5": 0.10851000376396944, "U1": 13.337278291680052, "U5": 19.567458950855915}, "datetime": {"datetime": "2021-03-04 16:17:16", "elapsed": 869.838841, "delta": 1.732722}}
{"target": 0.38219991469931097, "params": {"T1": 0.07368437833953403, "T3": 0.08680163219298666, "T5": 0.0723121253503615, "U1": 14.906642173735976, "U5": 19.426861865640845}, "datetime": {"datetime": "2021-03-04 16:17:18", "elapsed": 871.57526, "delta": 1.736419}}
{"target": 0.2748892075395652, "params": {"T1": 0.14434029533736342, "T3": 0.06144875123430435, "T5": 0.07762233900531658, "U1": 17.22895325520727, "U5": 18.45216287964149}, "datetime": {"datetime": "2021-03-04 16:17:21", "elapsed": 875.050935, "delta": 3.475675}}
{"target": 0.15502830801119158, "params": {"T1": 0.10803517888884992, "T3": 0.09809765970271969, "T5": 0.05570797753743472, "U1": 15.777679894227004, "U5": 16.93528893259964}, "datetime": {"datetime": "2021-03-04 16:17:23", "elapsed": 876.828926, "delta": 1.777991}}
{"target": 0.3931377589379326, "params": {"T1": 0.14166474487594655, "T3": 0.1164709636884125, "T5": 0.12298466849131222, "U1": 17.44213571886333, "U5": 13.885749082930444}, "datetime": {"datetime": "2021-03-04 16:17:28", "elapsed": 881.757789, "delta": 4.928863}}
{"target": 0.16762630387231425, "params": {"T1": 0.08667475672582713, "T3": 0.13721022586634246, "T5": 0.10348172294458505, "U1": 13.405234498100219, "U5": 15.481262285484576}, "datetime": {"datetime": "2021-03-04 16:17:31", "elapsed": 884.313836, "delta": 2.556047}}
{"target": 0.2694662033260811, "params": {"T1": 0.08822973991845237, "T3": 0.13871275024732946, "T5": 0.05727152582851513, "U1": 18.27250681603108, "U5": 17.014830198269056}, "datetime": {"datetime": "2021-03-04 16:17:33", "elapsed": 887.036772, "delta": 2.722936}}
{"target": 0.15748808646201345, "params": {"T1": 0.11315935605275627, "T3": 0.05574704380961553, "T5": 0.11507885649537704, "U1": 13.746630012412936, "U5": 13.854916089671812}, "datetime": {"datetime": "2021-03-04 16:17:35", "elapsed": 888.964241, "delta": 1.927469}}
{"target": 0.3257096076121897, "params": {"T1": 0.10663239483678591, "T3": 0.09292824128844573, "T5": 0.08375745726969941, "U1": 18.826250580592713, "U5": 13.801766958502235}, "datetime": {"datetime": "2021-03-04 16:17:39", "elapsed": 893.089602, "delta": 4.125361}}
{"target": 0.3074998157742244, "params": {"T1": 0.07665368714799943, "T3": 0.054050390524526405, "T5": 0.13072709279491762, "U1": 13.7769507253734, "U5": 13.735384283642922}, "datetime": {"datetime": "2021-03-04 16:17:42", "elapsed": 895.417204, "delta": 2.327602}}
{"target": 0.12295747798198589, "params": {"T1": 0.12604351235703531, "T3": 0.07647224084160772, "T5": 0.10603710757833607, "U1": 16.735922414942856, "U5": 18.428772703216033}, "datetime": {"datetime": "2021-03-04 16:17:45", "elapsed": 899.147751, "delta": 3.730547}}
{"target": 0.23754451215135394, "params": {"T1": 0.09457514004583892, "T3": 0.09881426495919499, "T5": 0.05294054164760882, "U1": 18.541350691180064, "U5": 13.29821496639873}, "datetime": {"datetime": "2021-03-04 16:17:47", "elapsed": 901.078731, "delta": 1.93098}}
{"target": 0.37182584693309645, "params": {"T1": 0.10169842669294779, "T3": 0.1337798063613413, "T5": 0.14819068229819665, "U1": 16.5267574595049, "U5": 14.501268135824992}, "datetime": {"datetime": "2021-03-04 16:17:49", "elapsed": 903.1588, "delta": 2.080069}}
{"target": 0.3022648986757376, "params": {"T1": 0.054057425173594714, "T3": 0.0992143293683915, "T5": 0.12107295835186337, "U1": 12.593810602922135, "U5": 19.438122607972595}, "datetime": {"datetime": "2021-03-04 16:17:51", "elapsed": 904.941421, "delta": 1.782621}}
{"target": 0.3057687900579218, "params": {"T1": 0.12321863814329116, "T3": 0.11715574851513728, "T5": 0.11763178067448245, "U1": 15.727353808888083, "U5": 19.332861698147152}, "datetime": {"datetime": "2021-03-04 16:17:53", "elapsed": 906.83121, "delta": 1.889789}}
{"target": 0.17560472847602493, "params": {"T1": 0.11680649531957829, "T3": 0.10592699972262813, "T5": 0.11281970654401959, "U1": 19.28143530714909, "U5": 16.155862475797303}, "datetime": {"datetime": "2021-03-04 16:17:55", "elapsed": 908.792823, "delta": 1.961613}}
{"target": 0.16561953438732174, "params": {"T1": 0.14943884269909927, "T3": 0.11078707209811678, "T5": 0.10750056874834323, "U1": 19.545001857056782, "U5": 16.685479592831147}, "datetime": {"datetime": "2021-03-04 16:17:58", "elapsed": 911.539367, "delta": 2.746544}}
{"target": 0.46349028722331415, "params": {"T1": 0.06522942172363508, "T3": 0.13163501296165775, "T5": 0.08733946127313254, "U1": 15.901724159847745, "U5": 12.548009897740371}, "datetime": {"datetime": "2021-03-04 16:18:02", "elapsed": 915.294854, "delta": 3.755487}}
{"target": 0.17284130772012327, "params": {"T1": 0.06222254944315347, "T3": 0.11580105024427172, "T5": 0.07708720143309532, "U1": 16.66319321949633, "U5": 16.097260352508794}, "datetime": {"datetime": "2021-03-04 16:18:05", "elapsed": 918.36262, "delta": 3.067766}}
{"target": 0.26059677727622316, "params": {"T1": 0.10524354234855592, "T3": 0.11629295277920167, "T5": 0.052511391805798516, "U1": 15.615527768367578, "U5": 15.614267840935307}, "datetime": {"datetime": "2021-03-04 16:18:07", "elapsed": 921.114584, "delta": 2.751964}}
{"target": 0.1536586730222848, "params": {"T1": 0.08493734122032867, "T3": 0.09198723337328335, "T5": 0.12211182911146508, "U1": 17.416435518811248, "U5": 15.158974112868162}, "datetime": {"datetime": "2021-03-04 16:18:11", "elapsed": 924.291148, "delta": 3.176564}}
{"target": 0.18755397349790892, "params": {"T1": 0.10074263241393172, "T3": 0.13121442635101294, "T5": 0.10450538674052982, "U1": 19.79651830024531, "U5": 17.2233928758627}, "datetime": {"datetime": "2021-03-04 16:18:13", "elapsed": 927.052479, "delta": 2.761331}}
{"target": 0.5400867120929499, "params": {"T1": 0.09682321936537275, "T3": 0.10942747511826956, "T5": 0.061214014424012544, "U1": 15.158901596799437, "U5": 16.477828435634734}, "datetime": {"datetime": "2021-03-04 16:18:15", "elapsed": 929.140396, "delta": 2.087917}}
{"target": 0.1470782501003742, "params": {"T1": 0.0887734359246443, "T3": 0.119255585880295, "T5": 0.1304719021593431, "U1": 17.02070756089464, "U5": 17.014276493658457}, "datetime": {"datetime": "2021-03-04 16:18:18", "elapsed": 932.034941, "delta": 2.894545}}
{"target": 0.28524331613333564, "params": {"T1": 0.11539673519466546, "T3": 0.11216676569351458, "T5": 0.0786624515374785, "U1": 15.709604244254919, "U5": 16.869962698464622}, "datetime": {"datetime": "2021-03-04 16:18:20", "elapsed": 934.140752, "delta": 2.105811}}
