{"target": 0.22699358197390535, "params": {"T1": 0.07427905912000507, "T3": 0.14612477062357518, "T5": 0.10495529135853376, "U1": 19.503323018421753, "U5": 14.126160685387651}, "datetime": {"datetime": "2021-03-05 13:27:55", "elapsed": 1299.653716, "delta": 2.495995}}
{"target": 0.310455676062763, "params": {"T1": 0.10583257483237477, "T3": 0.06820190978857661, "T5": 0.12898946321490096, "U1": 13.89927343533066, "U5": 13.20283189533638}, "datetime": {"datetime": "2021-03-05 13:27:58", "elapsed": 1302.411382, "delta": 2.757666}}
{"target": 0.2201989760845703, "params": {"T1": 0.06004122251797683, "T3": 0.07627877268123631, "T5": 0.060938311685248096, "U1": 15.912309409479061, "U5": 19.689791022661574}, "datetime": {"datetime": "2021-03-05 13:28:03", "elapsed": 1308.181221, "delta": 5.769839}}
{"target": 0.419882540119018, "params": {"T1": 0.11913822182545455, "T3": 0.14263428825297153, "T5": 0.10240938377838146, "U1": 19.32246792017111, "U5": 18.313399000844708}, "datetime": {"datetime": "2021-03-05 13:28:06", "elapsed": 1310.609454, "delta": 2.428233}}
{"target": 0.18105640898042394, "params": {"T1": 0.08848796641179196, "T3": 0.06127047676214641, "T5": 0.10889333453207055, "U1": 19.23432392617168, "U5": 14.296550845110705}, "datetime": {"datetime": "2021-03-05 13:28:09", "elapsed": 1313.282485, "delta": 2.673031}}
{"target": 0.17116014776910665, "params": {"T1": 0.10439089521199205, "T3": 0.0744851911680125, "T5": 0.10829846817119047, "U1": 14.208309486242449, "U5": 13.408046624332375}, "datetime": {"datetime": "2021-03-05 13:28:12", "elapsed": 1316.376919, "delta": 3.094434}}
{"target": 0.41788986571743447, "params": {"T1": 0.13981324371509085, "T3": 0.09356150552745218, "T5": 0.0628594151375331, "U1": 15.478787750355245, "U5": 14.320142569591813}, "datetime": {"datetime": "2021-03-05 13:28:15", "elapsed": 1319.38288, "delta": 3.005961}}
{"target": 0.1979904744925016, "params": {"T1": 0.06184737627613231, "T3": 0.14286374328063992, "T5": 0.09161467982983074, "U1": 15.43845717800652, "U5": 16.883646025183474}, "datetime": {"datetime": "2021-03-05 13:28:20", "elapsed": 1324.246574, "delta": 4.863694}}
{"target": 0.15596085662106263, "params": {"T1": 0.062401693066026165, "T3": 0.10098463490620378, "T5": 0.1081385674363537, "U1": 13.312488346045562, "U5": 12.934097066469784}, "datetime": {"datetime": "2021-03-05 13:28:24", "elapsed": 1328.891245, "delta": 4.644671}}
{"target": 0.7933914904660645, "params": {"T1": 0.07005025390194144, "T3": 0.14182219295655282, "T5": 0.11296725611109716, "U1": 12.650758410559423, "U5": 17.448637647445032}, "datetime": {"datetime": "2021-03-05 13:28:27", "elapsed": 1331.344293, "delta": 2.453048}}
{"target": 0.22982339739281046, "params": {"T1": 0.08242940248172928, "T3": 0.13586495769368392, "T5": 0.09966993472919491, "U1": 17.5587564816001, "U5": 14.27070653469638}, "datetime": {"datetime": "2021-03-05 13:28:32", "elapsed": 1336.628811, "delta": 5.284518}}
{"target": 0.19619099800279105, "params": {"T1": 0.09284458855000832, "T3": 0.06381091522490692, "T5": 0.12279503933094255, "U1": 17.685761323857836, "U5": 15.067313279423427}, "datetime": {"datetime": "2021-03-05 13:28:35", "elapsed": 1339.618688, "delta": 2.989877}}
{"target": 0.15866772172006322, "params": {"T1": 0.10218118469895279, "T3": 0.1469114631590609, "T5": 0.10813083907683035, "U1": 14.95380979317887, "U5": 14.413615478332016}, "datetime": {"datetime": "2021-03-05 13:28:40", "elapsed": 1344.401117, "delta": 4.782429}}
{"target": 0.16865933885136636, "params": {"T1": 0.05887068092630924, "T3": 0.052508248494910065, "T5": 0.10319982393138169, "U1": 13.97321032797459, "U5": 17.9359458039349}, "datetime": {"datetime": "2021-03-05 13:28:42", "elapsed": 1347.182523, "delta": 2.781406}}
{"target": 0.20117988706082865, "params": {"T1": 0.09511287133719307, "T3": 0.08908927166226874, "T5": 0.055071196959561336, "U1": 14.81908307106919, "U5": 19.420144605947133}, "datetime": {"datetime": "2021-03-05 13:28:45", "elapsed": 1349.981131, "delta": 2.798608}}
{"target": 0.1285239817313164, "params": {"T1": 0.13541883984141345, "T3": 0.06343547870903732, "T5": 0.06529770023240225, "U1": 14.275554439977398, "U5": 14.165637648667543}, "datetime": {"datetime": "2021-03-05 13:28:49", "elapsed": 1353.966366, "delta": 3.985235}}
{"target": 0.2831783012446572, "params": {"T1": 0.10567354930997003, "T3": 0.11319467591718092, "T5": 0.05156465560455712, "U1": 14.569441856658846, "U5": 19.688240167616215}, "datetime": {"datetime": "2021-03-05 13:28:53", "elapsed": 1357.352386, "delta": 3.38602}}
{"target": 0.22025959805805706, "params": {"T1": 0.11067399670212094, "T3": 0.14799002555305069, "T5": 0.14564565637779636, "U1": 15.530839373901916, "U5": 14.276824235066353}, "datetime": {"datetime": "2021-03-05 13:28:56", "elapsed": 1360.553143, "delta": 3.200757}}
{"target": 0.5658134618064677, "params": {"T1": 0.14418983748865677, "T3": 0.12202624732058279, "T5": 0.07184554832357536, "U1": 18.054771464521178, "U5": 14.934817808993017}, "datetime": {"datetime": "2021-03-05 13:28:59", "elapsed": 1363.485419, "delta": 2.932276}}
{"target": 0.24287814244228972, "params": {"T1": 0.07239921394913724, "T3": 0.13633201724699334, "T5": 0.10706913107732274, "U1": 19.579868121488268, "U5": 14.040647878116147}, "datetime": {"datetime": "2021-03-05 13:29:01", "elapsed": 1366.160519, "delta": 2.6751}}
{"target": 0.3160320800838439, "params": {"T1": 0.11510971274892003, "T3": 0.09624831880215982, "T5": 0.08840379419135438, "U1": 19.400628511960324, "U5": 16.196820409365987}, "datetime": {"datetime": "2021-03-05 13:29:05", "elapsed": 1369.440965, "delta": 3.280446}}
{"target": 0.3415500299887376, "params": {"T1": 0.10221367075407231, "T3": 0.14719662956048685, "T5": 0.07866746292133645, "U1": 18.299457111057073, "U5": 18.43970999379428}, "datetime": {"datetime": "2021-03-05 13:29:08", "elapsed": 1372.319232, "delta": 2.878267}}
{"target": 0.23031588306729883, "params": {"T1": 0.12257902147359678, "T3": 0.10444608458462598, "T5": 0.11982110102791485, "U1": 14.833923900953979, "U5": 14.74687067099938}, "datetime": {"datetime": "2021-03-05 13:29:11", "elapsed": 1375.919642, "delta": 3.60041}}
{"target": 0.3708263072301479, "params": {"T1": 0.07050764131260549, "T3": 0.1177248184946288, "T5": 0.1294821136183531, "U1": 19.457344832440413, "U5": 15.447018210420747}, "datetime": {"datetime": "2021-03-05 13:29:14", "elapsed": 1378.727098, "delta": 2.807456}}
{"target": 0.2683979024267483, "params": {"T1": 0.06943969122582086, "T3": 0.055969164847618526, "T5": 0.14716693577973472, "U1": 17.290163783218784, "U5": 16.36963310353402}, "datetime": {"datetime": "2021-03-05 13:29:17", "elapsed": 1381.604046, "delta": 2.876948}}
{"target": 0.4280637031813413, "params": {"T1": 0.13629529263688384, "T3": 0.10381881347326141, "T5": 0.11198130462596498, "U1": 19.970129512903416, "U5": 14.777755304196464}, "datetime": {"datetime": "2021-03-05 13:29:19", "elapsed": 1384.042359, "delta": 2.438313}}
{"target": 0.2815855339005966, "params": {"T1": 0.1313238347678801, "T3": 0.07460274120506044, "T5": 0.10338755031005056, "U1": 14.43903692014581, "U5": 14.445972177045748}, "datetime": {"datetime": "2021-03-05 13:29:22", "elapsed": 1386.437054, "delta": 2.394695}}
{"target": 0.4892283576716119, "params": {"T1": 0.1412991146748664, "T3": 0.13704412487537931, "T5": 0.06664299662242283, "U1": 17.86755968197848, "U5": 16.59800263379548}, "datetime": {"datetime": "2021-03-05 13:29:27", "elapsed": 1391.853386, "delta": 5.416332}}
{"target": 0.35252198246603456, "params": {"T1": 0.11326370612109933, "T3": 0.12402697846798923, "T5": 0.055086169592069904, "U1": 19.581344544958903, "U5": 14.219668038506683}, "datetime": {"datetime": "2021-03-05 13:29:32", "elapsed": 1396.541767, "delta": 4.688381}}
{"target": 0.130438464420293, "params": {"T1": 0.08505473695499856, "T3": 0.0597704394482336, "T5": 0.09114981036739098, "U1": 16.207725757981628, "U5": 16.847812076340215}, "datetime": {"datetime": "2021-03-05 13:29:35", "elapsed": 1399.444407, "delta": 2.90264}}
{"target": 0.5804829410118779, "params": {"T1": 0.08855852151479285, "T3": 0.1245482553745435, "T5": 0.07542493767730843, "U1": 16.26739753243754, "U5": 16.915496443728692}, "datetime": {"datetime": "2021-03-05 13:29:37", "elapsed": 1402.039176, "delta": 2.594769}}
{"target": 0.29347003615746325, "params": {"T1": 0.13388740586626297, "T3": 0.09473956034044027, "T5": 0.13623779565945757, "U1": 13.111379144251266, "U5": 12.394012267921447}, "datetime": {"datetime": "2021-03-05 13:29:40", "elapsed": 1404.94896, "delta": 2.909784}}
{"target": 0.4055616925538609, "params": {"T1": 0.09108091038204433, "T3": 0.07849817180413035, "T5": 0.09509515532233517, "U1": 17.66126291351995, "U5": 18.141804489751724}, "datetime": {"datetime": "2021-03-05 13:29:43", "elapsed": 1408.005994, "delta": 3.057034}}
{"target": 0.16235577454439953, "params": {"T1": 0.1083178268907237, "T3": 0.06320666494173183, "T5": 0.07477325425561443, "U1": 15.244162925223755, "U5": 17.41460210749966}, "datetime": {"datetime": "2021-03-05 13:29:49", "elapsed": 1414.068815, "delta": 6.062821}}
{"target": 0.21442567324604908, "params": {"T1": 0.08428479104772764, "T3": 0.1154595582211617, "T5": 0.09655996763673035, "U1": 17.392046659506228, "U5": 15.50130073860631}, "datetime": {"datetime": "2021-03-05 13:29:55", "elapsed": 1419.796954, "delta": 5.728139}}
{"target": 0.23237343726086182, "params": {"T1": 0.0831999816994386, "T3": 0.14542027923025028, "T5": 0.11166509518646012, "U1": 12.564800012132437, "U5": 15.177351531368327}, "datetime": {"datetime": "2021-03-05 13:29:58", "elapsed": 1422.397055, "delta": 2.600101}}
{"target": 0.18213165157221814, "params": {"T1": 0.08016040273702908, "T3": 0.13933456020085605, "T5": 0.13720785046673856, "U1": 16.516159005909394, "U5": 18.94328262607617}, "datetime": {"datetime": "2021-03-05 13:30:02", "elapsed": 1426.391211, "delta": 3.994156}}
{"target": 0.15558912111726675, "params": {"T1": 0.09753230651296027, "T3": 0.05069418669679378, "T5": 0.13029358517894318, "U1": 16.185749596386017, "U5": 13.921049165347629}, "datetime": {"datetime": "2021-03-05 13:30:05", "elapsed": 1429.561036, "delta": 3.169825}}
{"target": 0.27115113285373044, "params": {"T1": 0.12099197717614564, "T3": 0.06347326646784343, "T5": 0.0757193109092896, "U1": 17.422831654341856, "U5": 17.59474010836471}, "datetime": {"datetime": "2021-03-05 13:30:08", "elapsed": 1432.584433, "delta": 3.023397}}
{"target": 0.1858181290064858, "params": {"T1": 0.11534393228422196, "T3": 0.07178543295204234, "T5": 0.08965774254887895, "U1": 12.664508388810205, "U5": 14.134651953154748}, "datetime": {"datetime": "2021-03-05 13:30:11", "elapsed": 1435.600306, "delta": 3.015873}}
{"target": 0.612070518429114, "params": {"T1": 0.13086923173546786, "T3": 0.10669897234862144, "T5": 0.0697981713991939, "U1": 18.593010229496493, "U5": 17.682856057017492}, "datetime": {"datetime": "2021-03-05 13:30:14", "elapsed": 1438.43632, "delta": 2.836014}}
{"target": 0.24310382069093744, "params": {"T1": 0.08144987186052507, "T3": 0.05558605810277654, "T5": 0.1104967659352184, "U1": 13.397954979505796, "U5": 18.89530474770369}, "datetime": {"datetime": "2021-03-05 13:30:18", "elapsed": 1442.597578, "delta": 4.161258}}
{"target": 0.27793638134602433, "params": {"T1": 0.10130267924980005, "T3": 0.09557470437103487, "T5": 0.082715852774562, "U1": 12.887742734899405, "U5": 13.537677228257756}, "datetime": {"datetime": "2021-03-05 13:30:25", "elapsed": 1450.030199, "delta": 7.432621}}
{"target": 0.14455283788019316, "params": {"T1": 0.11407727528490909, "T3": 0.0918827777379249, "T5": 0.07107223174671799, "U1": 12.202038818025382, "U5": 16.204686187104954}, "datetime": {"datetime": "2021-03-05 13:30:28", "elapsed": 1452.921204, "delta": 2.891005}}
{"target": 0.3185412319063098, "params": {"T1": 0.06167406449579718, "T3": 0.052944314156680265, "T5": 0.12110868913365193, "U1": 17.00292358621025, "U5": 13.346203056424951}, "datetime": {"datetime": "2021-03-05 13:30:31", "elapsed": 1455.826702, "delta": 2.905498}}
{"target": 0.3531035110342948, "params": {"T1": 0.09886198503564791, "T3": 0.06302745144957446, "T5": 0.05875886254729713, "U1": 15.603950359942642, "U5": 19.486433137345585}, "datetime": {"datetime": "2021-03-05 13:30:34", "elapsed": 1458.823282, "delta": 2.99658}}
{"target": 0.4087249962287783, "params": {"T1": 0.09312330409551658, "T3": 0.07434886356522713, "T5": 0.12751135583908213, "U1": 16.305197252012025, "U5": 16.09451942468008}, "datetime": {"datetime": "2021-03-05 13:30:37", "elapsed": 1461.596515, "delta": 2.773233}}
{"target": 0.1649330936745084, "params": {"T1": 0.10450810117064988, "T3": 0.1320049828041827, "T5": 0.07097075743688364, "U1": 16.29470209369005, "U5": 12.363591402464834}, "datetime": {"datetime": "2021-03-05 13:30:40", "elapsed": 1464.313325, "delta": 2.71681}}
{"target": 0.28550942069424956, "params": {"T1": 0.05779090261157961, "T3": 0.09958593368405665, "T5": 0.12989576928545588, "U1": 13.561110485062871, "U5": 17.32936039369331}, "datetime": {"datetime": "2021-03-05 13:30:42", "elapsed": 1467.063241, "delta": 2.749916}}
{"target": 0.15538537450465537, "params": {"T1": 0.13380810884905187, "T3": 0.14665494824595388, "T5": 0.0897546410301817, "U1": 13.5148437726413, "U5": 13.838169974714244}, "datetime": {"datetime": "2021-03-05 13:30:45", "elapsed": 1469.189874, "delta": 2.126633}}
{"target": 0.15290751820300344, "params": {"T1": 0.07287690731932447, "T3": 0.06828871369268937, "T5": 0.13889553173126618, "U1": 15.485983671765151, "U5": 14.038305495514514}, "datetime": {"datetime": "2021-03-05 13:30:47", "elapsed": 1472.010754, "delta": 2.82088}}
{"target": 0.16297210643516785, "params": {"T1": 0.12829960692861303, "T3": 0.10784476071704774, "T5": 0.07826152751331258, "U1": 13.209966361065687, "U5": 12.359939429974062}, "datetime": {"datetime": "2021-03-05 13:30:50", "elapsed": 1474.549783, "delta": 2.539029}}
{"target": 0.20786262983025852, "params": {"T1": 0.12168486637293079, "T3": 0.13758829473697598, "T5": 0.05436377130790815, "U1": 19.91956249157376, "U5": 15.707721621407721}, "datetime": {"datetime": "2021-03-05 13:30:53", "elapsed": 1477.791863, "delta": 3.24208}}
{"target": 0.20591821607299288, "params": {"T1": 0.12163861270656864, "T3": 0.13377260209132685, "T5": 0.06863456642600611, "U1": 13.021045973187615, "U5": 15.631101108315228}, "datetime": {"datetime": "2021-03-05 13:30:56", "elapsed": 1480.274864, "delta": 2.483001}}
{"target": 0.28588799904708173, "params": {"T1": 0.06170815862068335, "T3": 0.10147633605412099, "T5": 0.07147223134566236, "U1": 15.26556183478175, "U5": 14.079047737436934}, "datetime": {"datetime": "2021-03-05 13:31:01", "elapsed": 1485.646794, "delta": 5.37193}}
{"target": 0.37311877428022394, "params": {"T1": 0.07052975500530537, "T3": 0.07516614851781175, "T5": 0.09551071648078861, "U1": 19.826123987674634, "U5": 12.316552363563067}, "datetime": {"datetime": "2021-03-05 13:31:04", "elapsed": 1488.550857, "delta": 2.904063}}
{"target": 0.17314629210728572, "params": {"T1": 0.09799513980813311, "T3": 0.12171869603539999, "T5": 0.09921656809830764, "U1": 13.637327193688419, "U5": 16.939221037980694}, "datetime": {"datetime": "2021-03-05 13:31:08", "elapsed": 1492.215047, "delta": 3.66419}}
{"target": 0.15802942088384528, "params": {"T1": 0.11427611337890449, "T3": 0.1271091200769277, "T5": 0.11986169198881531, "U1": 19.134823118423686, "U5": 17.070682783141113}, "datetime": {"datetime": "2021-03-05 13:31:12", "elapsed": 1496.962961, "delta": 4.747914}}
{"target": 0.2857165375548961, "params": {"T1": 0.10334809381245529, "T3": 0.05551253896470962, "T5": 0.11657163940521201, "U1": 14.262301399051218, "U5": 17.982017271242263}, "datetime": {"datetime": "2021-03-05 13:31:15", "elapsed": 1499.802095, "delta": 2.839134}}
{"target": 0.2391437158216908, "params": {"T1": 0.12078015731131742, "T3": 0.12375109731320438, "T5": 0.11711185078188448, "U1": 17.171059530365604, "U5": 18.94891412908566}, "datetime": {"datetime": "2021-03-05 13:31:18", "elapsed": 1502.408714, "delta": 2.606619}}
{"target": 0.13264669737028048, "params": {"T1": 0.05640120471605321, "T3": 0.0704122070711912, "T5": 0.060641797374087064, "U1": 14.175001469683743, "U5": 16.63949099982242}, "datetime": {"datetime": "2021-03-05 13:31:23", "elapsed": 1507.397354, "delta": 4.98864}}
{"target": 0.22545581341643592, "params": {"T1": 0.13571393500771828, "T3": 0.054253130665506834, "T5": 0.08316626393748502, "U1": 12.22709577482112, "U5": 13.099374117504306}, "datetime": {"datetime": "2021-03-05 13:31:25", "elapsed": 1510.023627, "delta": 2.626273}}
{"target": 0.2420038201109441, "params": {"T1": 0.08112812634042149, "T3": 0.12376170826208446, "T5": 0.11535077997751775, "U1": 19.047656760813208, "U5": 15.147196510423726}, "datetime": {"datetime": "2021-03-05 13:31:30", "elapsed": 1514.398356, "delta": 4.374729}}
{"target": 0.1593760148384989, "params": {"T1": 0.06711288361411662, "T3": 0.1067508141511026, "T5": 0.12767442689159775, "U1": 16.269855989457323, "U5": 19.582411338032987}, "datetime": {"datetime": "2021-03-05 13:31:33", "elapsed": 1517.451043, "delta": 3.052687}}
{"target": 0.35737009219023447, "params": {"T1": 0.06362045318477201, "T3": 0.11782340434364365, "T5": 0.09951299722936013, "U1": 19.917325843186852, "U5": 12.312521652248552}, "datetime": {"datetime": "2021-03-05 13:31:36", "elapsed": 1520.31032, "delta": 2.859277}}
{"target": 0.7783811353720689, "params": {"T1": 0.10968483011580792, "T3": 0.11513418599283891, "T5": 0.08627848955161474, "U1": 16.684170928810495, "U5": 19.82411369635575}, "datetime": {"datetime": "2021-03-05 13:31:38", "elapsed": 1523.080352, "delta": 2.770032}}
{"target": 0.34182999476137294, "params": {"T1": 0.09492972293562318, "T3": 0.11428748319243494, "T5": 0.06101402917668554, "U1": 16.666443565243274, "U5": 18.20680926463327}, "datetime": {"datetime": "2021-03-05 13:31:41", "elapsed": 1526.122076, "delta": 3.041724}}
{"target": 0.35441884177476074, "params": {"T1": 0.06622619308671532, "T3": 0.12604303951146573, "T5": 0.0775074390410079, "U1": 19.147329737156127, "U5": 15.553456141654571}, "datetime": {"datetime": "2021-03-05 13:31:45", "elapsed": 1529.901645, "delta": 3.779569}}
{"target": 0.26314030179480735, "params": {"T1": 0.1419683490901304, "T3": 0.07284556880567276, "T5": 0.05690152152685429, "U1": 15.961257475949822, "U5": 13.764214437601575}, "datetime": {"datetime": "2021-03-05 13:31:49", "elapsed": 1533.286576, "delta": 3.384931}}
{"target": 0.17286883545343026, "params": {"T1": 0.12275668307800647, "T3": 0.056445846319434646, "T5": 0.08839094549095283, "U1": 13.905773598380263, "U5": 19.622890922002156}, "datetime": {"datetime": "2021-03-05 13:31:52", "elapsed": 1536.38981, "delta": 3.103234}}
{"target": 0.3980784885874389, "params": {"T1": 0.09665509286419088, "T3": 0.0579801515069806, "T5": 0.13881647687731422, "U1": 13.600438948845836, "U5": 18.028766129511382}, "datetime": {"datetime": "2021-03-05 13:31:55", "elapsed": 1539.580877, "delta": 3.191067}}
{"target": 0.18725859165905548, "params": {"T1": 0.07710944903813302, "T3": 0.14608862008462065, "T5": 0.12571926441790426, "U1": 17.478479826665783, "U5": 14.43681113350215}, "datetime": {"datetime": "2021-03-05 13:31:59", "elapsed": 1544.074349, "delta": 4.493472}}
{"target": 0.40260164551908184, "params": {"T1": 0.11927549296504254, "T3": 0.1459364703919871, "T5": 0.09664945429086308, "U1": 19.845316236699354, "U5": 15.756409108971647}, "datetime": {"datetime": "2021-03-05 13:32:03", "elapsed": 1547.202523, "delta": 3.128174}}
{"target": 0.1367799529251891, "params": {"T1": 0.14283554842753168, "T3": 0.07601718287363637, "T5": 0.10955910591626791, "U1": 15.500339664223315, "U5": 15.600280191211183}, "datetime": {"datetime": "2021-03-05 13:32:06", "elapsed": 1550.676757, "delta": 3.474234}}
{"target": 0.2927063682494594, "params": {"T1": 0.1103511407454463, "T3": 0.056373725267263, "T5": 0.13165110535546998, "U1": 13.760234865110085, "U5": 13.69728843872025}, "datetime": {"datetime": "2021-03-05 13:32:09", "elapsed": 1553.631045, "delta": 2.954288}}
{"target": 0.16995190703641702, "params": {"T1": 0.13191477534089288, "T3": 0.1159666850527232, "T5": 0.06704891158849818, "U1": 17.83098364128316, "U5": 15.627964322190234}, "datetime": {"datetime": "2021-03-05 13:32:12", "elapsed": 1556.550667, "delta": 2.919622}}
{"target": 0.14518369863971795, "params": {"T1": 0.06900572434684099, "T3": 0.052015882637033564, "T5": 0.08811574761109367, "U1": 18.21990762462592, "U5": 15.598221029087934}, "datetime": {"datetime": "2021-03-05 13:32:15", "elapsed": 1559.351413, "delta": 2.800746}}
{"target": 0.13028114869808377, "params": {"T1": 0.14325418321174943, "T3": 0.10995371462922807, "T5": 0.06969380895001902, "U1": 14.137049698364557, "U5": 13.038702188362436}, "datetime": {"datetime": "2021-03-05 13:32:18", "elapsed": 1562.464512, "delta": 3.113099}}
{"target": 0.25824214369918547, "params": {"T1": 0.1044799516843325, "T3": 0.057571525232143594, "T5": 0.08782161843934219, "U1": 19.37828273278376, "U5": 18.33198757274124}, "datetime": {"datetime": "2021-03-05 13:32:31", "elapsed": 1576.102509, "delta": 13.637997}}
{"target": 0.29656220498000424, "params": {"T1": 0.1256408730691137, "T3": 0.05046463097759596, "T5": 0.08588487178237063, "U1": 13.987750851305094, "U5": 15.34008443028545}, "datetime": {"datetime": "2021-03-05 13:32:35", "elapsed": 1579.341347, "delta": 3.238838}}
{"target": 0.41826739810013497, "params": {"T1": 0.12476830149497191, "T3": 0.0867077822933658, "T5": 0.07738740875606935, "U1": 14.271295673001823, "U5": 17.654995211773645}, "datetime": {"datetime": "2021-03-05 13:32:37", "elapsed": 1582.0376, "delta": 2.696253}}
{"target": 0.2062179007417621, "params": {"T1": 0.14102270172541653, "T3": 0.053425458810515115, "T5": 0.14019567369877506, "U1": 13.275091718727943, "U5": 15.186371832048279}, "datetime": {"datetime": "2021-03-05 13:32:40", "elapsed": 1585.021405, "delta": 2.983805}}
