{"target": 0.2970237136156813, "params": {"T1": 0.08525470523266077, "T3": 0.05836888533064571, "T5": 0.1260657839087682, "U1": 14.294173236931742, "U5": 14.254364968930975}, "datetime": {"datetime": "2021-03-05 13:16:43", "elapsed": 627.720944, "delta": 1.581636}}
{"target": 0.2597903634022511, "params": {"T1": 0.06698857419169535, "T3": 0.0921544477944206, "T5": 0.1361898798318626, "U1": 19.74593990257381, "U5": 14.618164182333022}, "datetime": {"datetime": "2021-03-05 13:16:46", "elapsed": 631.082783, "delta": 3.361839}}
{"target": 0.2735046746679423, "params": {"T1": 0.06195452509176461, "T3": 0.0903228156196714, "T5": 0.05034397568817303, "U1": 15.472096582004378, "U5": 14.309721136467616}, "datetime": {"datetime": "2021-03-05 13:16:48", "elapsed": 632.477252, "delta": 1.394469}}
{"target": 0.16948203550002425, "params": {"T1": 0.05091387902569482, "T3": 0.10127025503077372, "T5": 0.078807864774466, "U1": 13.936804328569561, "U5": 15.613773284613599}, "datetime": {"datetime": "2021-03-05 13:16:49", "elapsed": 634.107923, "delta": 1.630671}}
{"target": 0.5408747062172135, "params": {"T1": 0.05932904058636667, "T3": 0.13783439227138206, "T5": 0.08666703832739156, "U1": 19.599020745486865, "U5": 14.142586294002648}, "datetime": {"datetime": "2021-03-05 13:16:52", "elapsed": 637.149072, "delta": 3.041149}}
{"target": 0.3056217254531856, "params": {"T1": 0.07194572031352275, "T3": 0.14817580252694104, "T5": 0.08681633068170727, "U1": 14.380259168746331, "U5": 16.637893144312542}, "datetime": {"datetime": "2021-03-05 13:16:55", "elapsed": 639.916666, "delta": 2.767594}}
{"target": 0.18952458259843344, "params": {"T1": 0.11359450325201915, "T3": 0.13878081833516567, "T5": 0.11820175024982306, "U1": 14.988153483690335, "U5": 17.380187789756548}, "datetime": {"datetime": "2021-03-05 13:16:57", "elapsed": 641.817606, "delta": 1.90094}}
{"target": 0.3124502742868412, "params": {"T1": 0.13761715071783512, "T3": 0.11306745118792046, "T5": 0.06548582719651067, "U1": 17.474658810359504, "U5": 18.158923649429354}, "datetime": {"datetime": "2021-03-05 13:17:02", "elapsed": 646.346057, "delta": 4.528451}}
{"target": 0.36441836436313774, "params": {"T1": 0.06936511380895226, "T3": 0.11076608255699626, "T5": 0.08314683203082096, "U1": 16.244868222735537, "U5": 13.117140112457939}, "datetime": {"datetime": "2021-03-05 13:17:04", "elapsed": 648.34586, "delta": 1.999803}}
{"target": 0.26367430476934034, "params": {"T1": 0.0577530285806447, "T3": 0.055220784363438885, "T5": 0.13235618189014192, "U1": 12.83064064919094, "U5": 17.911886041449847}, "datetime": {"datetime": "2021-03-05 13:17:05", "elapsed": 649.795031, "delta": 1.449171}}
{"target": 0.18509479346034008, "params": {"T1": 0.13881565518047378, "T3": 0.12262747975763244, "T5": 0.12018529348816749, "U1": 16.426507541651553, "U5": 18.629013906243024}, "datetime": {"datetime": "2021-03-05 13:17:08", "elapsed": 652.855717, "delta": 3.060686}}
{"target": 0.17983666036771653, "params": {"T1": 0.05130265867504338, "T3": 0.11006999482448625, "T5": 0.12561940295910629, "U1": 18.47352656497246, "U5": 14.455620829489908}, "datetime": {"datetime": "2021-03-05 13:17:10", "elapsed": 654.4303, "delta": 1.574583}}
{"target": 0.3001666067655681, "params": {"T1": 0.05586848541137465, "T3": 0.0914762308678638, "T5": 0.1394533482723342, "U1": 13.845901254872063, "U5": 15.70699895450048}, "datetime": {"datetime": "2021-03-05 13:17:12", "elapsed": 656.349379, "delta": 1.919079}}
{"target": 0.24764388368368384, "params": {"T1": 0.11925711322253525, "T3": 0.1461357462776608, "T5": 0.07698738497489868, "U1": 18.011436681750304, "U5": 12.246759912098486}, "datetime": {"datetime": "2021-03-05 13:17:13", "elapsed": 658.03896, "delta": 1.689581}}
{"target": 0.16653194823751793, "params": {"T1": 0.13052105076419854, "T3": 0.06973904536487048, "T5": 0.09311617775101692, "U1": 15.840650287838326, "U5": 19.86844409862167}, "datetime": {"datetime": "2021-03-05 13:17:16", "elapsed": 660.690022, "delta": 2.651062}}
{"target": 0.21874308113294608, "params": {"T1": 0.14447550697816916, "T3": 0.1011219170279891, "T5": 0.10773854907724915, "U1": 17.428476780527593, "U5": 19.348292025137447}, "datetime": {"datetime": "2021-03-05 13:17:19", "elapsed": 663.759921, "delta": 3.069899}}
{"target": 0.19402411848567286, "params": {"T1": 0.09314416970822079, "T3": 0.05982714513463734, "T5": 0.06591462080130608, "U1": 17.719843342294894, "U5": 14.77206500100738}, "datetime": {"datetime": "2021-03-05 13:17:21", "elapsed": 665.579939, "delta": 1.820018}}
{"target": 0.1269768584388483, "params": {"T1": 0.14124941158467846, "T3": 0.10755212484685484, "T5": 0.10315186203974505, "U1": 14.255499662239936, "U5": 15.54791158111722}, "datetime": {"datetime": "2021-03-05 13:17:23", "elapsed": 667.500418, "delta": 1.920479}}
{"target": 0.1568997354992778, "params": {"T1": 0.12852276139569818, "T3": 0.14313890361490486, "T5": 0.13414377583401543, "U1": 16.6729437601181, "U5": 18.296908643500373}, "datetime": {"datetime": "2021-03-05 13:17:25", "elapsed": 669.492645, "delta": 1.992227}}
{"target": 0.16484262411288894, "params": {"T1": 0.05066633701572022, "T3": 0.1277650636272463, "T5": 0.05908263232798192, "U1": 13.111876312642167, "U5": 16.920408578091475}, "datetime": {"datetime": "2021-03-05 13:17:29", "elapsed": 673.269734, "delta": 3.777089}}
{"target": 0.1716950546703202, "params": {"T1": 0.13596904325865838, "T3": 0.0881073042375633, "T5": 0.1281696294647504, "U1": 14.361236083613175, "U5": 16.61963287643645}, "datetime": {"datetime": "2021-03-05 13:17:32", "elapsed": 676.288898, "delta": 3.019164}}
{"target": 0.21429127297698136, "params": {"T1": 0.10046127546458208, "T3": 0.12265290067446473, "T5": 0.1227960360370718, "U1": 17.31876519894464, "U5": 16.744221228740596}, "datetime": {"datetime": "2021-03-05 13:17:34", "elapsed": 678.432547, "delta": 2.143649}}
{"target": 0.19573278645636746, "params": {"T1": 0.13791278390962228, "T3": 0.12210999226650429, "T5": 0.14135415838538795, "U1": 12.89192471423629, "U5": 17.190190952633046}, "datetime": {"datetime": "2021-03-05 13:17:37", "elapsed": 681.371256, "delta": 2.938709}}
{"target": 0.1337668908500881, "params": {"T1": 0.1490060567840157, "T3": 0.08209756460016888, "T5": 0.13012968935909835, "U1": 14.035609919399581, "U5": 14.052833092018071}, "datetime": {"datetime": "2021-03-05 13:17:39", "elapsed": 683.668457, "delta": 2.297201}}
{"target": 0.15222690048004522, "params": {"T1": 0.07690513910493228, "T3": 0.08858969810633745, "T5": 0.12630350887357233, "U1": 18.707285417779108, "U5": 13.062954879970349}, "datetime": {"datetime": "2021-03-05 13:17:41", "elapsed": 685.336347, "delta": 1.66789}}
{"target": 0.6435596402653514, "params": {"T1": 0.09065695847399638, "T3": 0.1103919048534685, "T5": 0.11478285742979011, "U1": 12.344792059638355, "U5": 19.844060130669607}, "datetime": {"datetime": "2021-03-05 13:17:43", "elapsed": 687.240161, "delta": 1.903814}}
{"target": 0.1922379068642387, "params": {"T1": 0.14892489217790944, "T3": 0.10381622176381314, "T5": 0.10235909828018606, "U1": 15.64028699001282, "U5": 17.79887252766361}, "datetime": {"datetime": "2021-03-05 13:17:44", "elapsed": 689.147743, "delta": 1.907582}}
{"target": 0.3298352854819771, "params": {"T1": 0.104965306277637, "T3": 0.12709749204657128, "T5": 0.052051301183562715, "U1": 13.796026758638373, "U5": 12.403570205173263}, "datetime": {"datetime": "2021-03-05 13:17:47", "elapsed": 691.610749, "delta": 2.463006}}
{"target": 0.24973046882476485, "params": {"T1": 0.11913097430920043, "T3": 0.14979177157534188, "T5": 0.11139239820383917, "U1": 14.118285573999012, "U5": 14.645408375717148}, "datetime": {"datetime": "2021-03-05 13:17:49", "elapsed": 693.225874, "delta": 1.615125}}
{"target": 0.27906041749366706, "params": {"T1": 0.09074313657897556, "T3": 0.0932886664043773, "T5": 0.06913753143162915, "U1": 17.024868166041642, "U5": 19.01207819419612}, "datetime": {"datetime": "2021-03-05 13:17:51", "elapsed": 695.471834, "delta": 2.24596}}
{"target": 0.28170464947991714, "params": {"T1": 0.12539632929719274, "T3": 0.0833880220135074, "T5": 0.13775520220952409, "U1": 12.212888686248224, "U5": 17.895683760587218}, "datetime": {"datetime": "2021-03-05 13:17:52", "elapsed": 697.071234, "delta": 1.5994}}
{"target": 0.2742301371625062, "params": {"T1": 0.05421124346034589, "T3": 0.14294320416996403, "T5": 0.11137674115033112, "U1": 19.84706230308671, "U5": 18.8182689783832}, "datetime": {"datetime": "2021-03-05 13:17:54", "elapsed": 699.055623, "delta": 1.984389}}
{"target": 0.20216800252893202, "params": {"T1": 0.11108464116726896, "T3": 0.07314230190540612, "T5": 0.10874795001664805, "U1": 16.743174312357056, "U5": 18.44304858649593}, "datetime": {"datetime": "2021-03-05 13:17:57", "elapsed": 701.2274, "delta": 2.171777}}
{"target": 0.1506092128003992, "params": {"T1": 0.10529483916523771, "T3": 0.1396808593435569, "T5": 0.14371172623374545, "U1": 15.82667359311722, "U5": 15.5231337731541}, "datetime": {"datetime": "2021-03-05 13:18:00", "elapsed": 704.556718, "delta": 3.329318}}
{"target": 0.1484476099248001, "params": {"T1": 0.13793530339411164, "T3": 0.10532863165798381, "T5": 0.1034598172740866, "U1": 15.486410051949408, "U5": 13.818330268573654}, "datetime": {"datetime": "2021-03-05 13:18:02", "elapsed": 706.426992, "delta": 1.870274}}
{"target": 0.7522797527259151, "params": {"T1": 0.0734985739229602, "T3": 0.14463442583116898, "T5": 0.13955976447634194, "U1": 12.341281884586255, "U5": 17.4232605155854}, "datetime": {"datetime": "2021-03-05 13:18:06", "elapsed": 710.434583, "delta": 4.007591}}
{"target": 0.34285476309220003, "params": {"T1": 0.05899898688886771, "T3": 0.1281840737494119, "T5": 0.137822739165271, "U1": 19.029522613420784, "U5": 19.366490606146385}, "datetime": {"datetime": "2021-03-05 13:18:10", "elapsed": 714.304526, "delta": 3.869943}}
{"target": 0.23553006598215112, "params": {"T1": 0.0878181270568063, "T3": 0.14703058286252194, "T5": 0.0587549972055494, "U1": 13.72837910372158, "U5": 13.59675031733963}, "datetime": {"datetime": "2021-03-05 13:18:11", "elapsed": 715.967639, "delta": 1.663113}}
{"target": 0.1303965991876145, "params": {"T1": 0.11551864722489663, "T3": 0.09585007554750818, "T5": 0.14013841837712498, "U1": 16.32725050086719, "U5": 18.330086328801695}, "datetime": {"datetime": "2021-03-05 13:18:13", "elapsed": 718.023843, "delta": 2.056204}}
{"target": 0.2726280249157798, "params": {"T1": 0.14313393505192662, "T3": 0.06532748002311523, "T5": 0.08874205374601485, "U1": 13.186294684696946, "U5": 18.06725940402456}, "datetime": {"datetime": "2021-03-05 13:18:15", "elapsed": 719.59586, "delta": 1.572017}}
{"target": 0.5393284871471388, "params": {"T1": 0.0553262612667032, "T3": 0.13494246281088723, "T5": 0.06572280864901747, "U1": 15.219766028511085, "U5": 16.769033086113776}, "datetime": {"datetime": "2021-03-05 13:18:17", "elapsed": 721.737098, "delta": 2.141238}}
{"target": 0.33032198042168415, "params": {"T1": 0.10028905093635632, "T3": 0.14662903426852575, "T5": 0.06787222035776412, "U1": 18.21401753817797, "U5": 19.482102843760007}, "datetime": {"datetime": "2021-03-05 13:18:19", "elapsed": 723.685128, "delta": 1.94803}}
{"target": 0.3023762986373635, "params": {"T1": 0.05063769785875234, "T3": 0.08138592153905173, "T5": 0.14001558065762154, "U1": 13.723037009269497, "U5": 18.057429689789934}, "datetime": {"datetime": "2021-03-05 13:18:21", "elapsed": 725.517667, "delta": 1.832539}}
{"target": 0.28179785225742726, "params": {"T1": 0.09134442472878015, "T3": 0.08170942922559007, "T5": 0.11592348358571251, "U1": 14.772835624909764, "U5": 14.414200096602249}, "datetime": {"datetime": "2021-03-05 13:18:22", "elapsed": 727.112078, "delta": 1.594411}}
{"target": 0.40120973777558083, "params": {"T1": 0.0621693431044275, "T3": 0.06512680939487678, "T5": 0.10984062017624893, "U1": 17.000041439444644, "U5": 15.694324266640955}, "datetime": {"datetime": "2021-03-05 13:18:24", "elapsed": 728.74366, "delta": 1.631582}}
{"target": 0.3004251205211483, "params": {"T1": 0.058107836903296566, "T3": 0.12012222095700426, "T5": 0.06474614030887273, "U1": 17.531926282115133, "U5": 18.87717871271075}, "datetime": {"datetime": "2021-03-05 13:18:26", "elapsed": 730.251257, "delta": 1.507597}}
{"target": 0.30437941177989597, "params": {"T1": 0.05079826383703652, "T3": 0.08772613732728934, "T5": 0.12635862803944595, "U1": 17.572677320828316, "U5": 12.91943521280836}, "datetime": {"datetime": "2021-03-05 13:18:29", "elapsed": 733.96054, "delta": 3.709283}}
{"target": 0.20984888746302774, "params": {"T1": 0.10190833330085425, "T3": 0.068238064061123, "T5": 0.0746675132572811, "U1": 13.339052484330654, "U5": 18.860203816068505}, "datetime": {"datetime": "2021-03-05 13:18:32", "elapsed": 737.163562, "delta": 3.203022}}
{"target": 0.28264626583938673, "params": {"T1": 0.06441622357092874, "T3": 0.057630394642422124, "T5": 0.06292898009599672, "U1": 13.657586576810662, "U5": 14.406553729294307}, "datetime": {"datetime": "2021-03-05 13:18:34", "elapsed": 739.150349, "delta": 1.986787}}
{"target": 0.2058932815429562, "params": {"T1": 0.0863749332892741, "T3": 0.11464382924959123, "T5": 0.1455175174571083, "U1": 19.168795311193236, "U5": 13.356235735422407}, "datetime": {"datetime": "2021-03-05 13:18:36", "elapsed": 741.014739, "delta": 1.86439}}
{"target": 0.2370093393569343, "params": {"T1": 0.11091505302558927, "T3": 0.1028049993096653, "T5": 0.09822734244318379, "U1": 19.727147078894316, "U5": 12.706936106825967}, "datetime": {"datetime": "2021-03-05 13:18:38", "elapsed": 742.817429, "delta": 1.80269}}
{"target": 0.19294012910990851, "params": {"T1": 0.11962850807309787, "T3": 0.10406275145062582, "T5": 0.13123140735280892, "U1": 16.817493632788498, "U5": 18.863812987468343}, "datetime": {"datetime": "2021-03-05 13:18:40", "elapsed": 744.87345, "delta": 2.056021}}
{"target": 0.20341324799122468, "params": {"T1": 0.10601021889653926, "T3": 0.058417160433517384, "T5": 0.0502497570279514, "U1": 12.347852882488176, "U5": 13.410286212332355}, "datetime": {"datetime": "2021-03-05 13:18:42", "elapsed": 747.026992, "delta": 2.153542}}
{"target": 0.3006407614675809, "params": {"T1": 0.07701160501983069, "T3": 0.13001485807083707, "T5": 0.12792493321861093, "U1": 14.87752833537577, "U5": 15.909915461860551}, "datetime": {"datetime": "2021-03-05 13:18:46", "elapsed": 750.431309, "delta": 3.404317}}
{"target": 0.24446615887064763, "params": {"T1": 0.11702532418358993, "T3": 0.08943833227381999, "T5": 0.06548155805492191, "U1": 17.638665017646474, "U5": 12.920342332940226}, "datetime": {"datetime": "2021-03-05 13:18:48", "elapsed": 752.730078, "delta": 2.298769}}
{"target": 0.15292219983674563, "params": {"T1": 0.12381486394198275, "T3": 0.07423202127654344, "T5": 0.13622230956122006, "U1": 16.021908941305323, "U5": 18.116601201068637}, "datetime": {"datetime": "2021-03-05 13:18:50", "elapsed": 754.883173, "delta": 2.153095}}
{"target": 0.16863327384459717, "params": {"T1": 0.0948085670969582, "T3": 0.11556426020655641, "T5": 0.1072950231892407, "U1": 18.215400810846294, "U5": 17.512088839946184}, "datetime": {"datetime": "2021-03-05 13:18:52", "elapsed": 756.714333, "delta": 1.83116}}
{"target": 0.1769879677062908, "params": {"T1": 0.07737096223611539, "T3": 0.1327487791075277, "T5": 0.12863181834614873, "U1": 14.003540027261412, "U5": 15.310582038369567}, "datetime": {"datetime": "2021-03-05 13:18:54", "elapsed": 759.065406, "delta": 2.351073}}
{"target": 0.548978219223108, "params": {"T1": 0.06789609236832886, "T3": 0.11048169808396127, "T5": 0.08480590311392056, "U1": 13.529819701847757, "U5": 13.770708626730467}, "datetime": {"datetime": "2021-03-05 13:18:56", "elapsed": 760.907198, "delta": 1.841792}}
{"target": 0.13007228900033355, "params": {"T1": 0.13064279033566356, "T3": 0.09339529780402264, "T5": 0.07309553166839321, "U1": 13.461444153065358, "U5": 15.055276713401614}, "datetime": {"datetime": "2021-03-05 13:18:58", "elapsed": 762.998578, "delta": 2.09138}}
{"target": 0.2814890295503902, "params": {"T1": 0.05035599767835544, "T3": 0.129328225767241, "T5": 0.13997014062423238, "U1": 18.449409398941498, "U5": 13.654383421819213}, "datetime": {"datetime": "2021-03-05 13:19:00", "elapsed": 764.869827, "delta": 1.871249}}
{"target": 0.22003122693792818, "params": {"T1": 0.12232044724289304, "T3": 0.11358780138331025, "T5": 0.09410958183637774, "U1": 19.20309369135022, "U5": 19.27458364072602}, "datetime": {"datetime": "2021-03-05 13:19:03", "elapsed": 767.464543, "delta": 2.594716}}
{"target": 0.2561227711472076, "params": {"T1": 0.14789664812875458, "T3": 0.1068593048641302, "T5": 0.11319619820986311, "U1": 12.383607359782854, "U5": 13.55106325101133}, "datetime": {"datetime": "2021-03-05 13:19:05", "elapsed": 769.410541, "delta": 1.945998}}
{"target": 0.2651335532548356, "params": {"T1": 0.09535204247578477, "T3": 0.14241193624497034, "T5": 0.12001202561479747, "U1": 18.645253236910612, "U5": 15.401423028380837}, "datetime": {"datetime": "2021-03-05 13:19:07", "elapsed": 771.826581, "delta": 2.41604}}
{"target": 0.31776833564783935, "params": {"T1": 0.12038932065489168, "T3": 0.10455999971793214, "T5": 0.08570132080546174, "U1": 18.57897796827555, "U5": 14.67135987244913}, "datetime": {"datetime": "2021-03-05 13:19:11", "elapsed": 775.544816, "delta": 3.718235}}
{"target": 0.19357521476135886, "params": {"T1": 0.07643737202125783, "T3": 0.14968427394642003, "T5": 0.11486094802955688, "U1": 12.727268531273467, "U5": 16.982528837120576}, "datetime": {"datetime": "2021-03-05 13:19:13", "elapsed": 777.818351, "delta": 2.273535}}
{"target": 0.19938655753883025, "params": {"T1": 0.11769930689317498, "T3": 0.10297168336949833, "T5": 0.10097837267711943, "U1": 15.68466887772192, "U5": 13.76451104684808}, "datetime": {"datetime": "2021-03-05 13:19:17", "elapsed": 781.344527, "delta": 3.526176}}
{"target": 0.31035363060498716, "params": {"T1": 0.06555586873524087, "T3": 0.09663605775372806, "T5": 0.10885703480884676, "U1": 13.647834349623448, "U5": 14.37491186601121}, "datetime": {"datetime": "2021-03-05 13:19:19", "elapsed": 783.907338, "delta": 2.562811}}
{"target": 0.1671955995582905, "params": {"T1": 0.11664045806040163, "T3": 0.057504415836197864, "T5": 0.0762319954940461, "U1": 17.387451382394097, "U5": 15.242833001696871}, "datetime": {"datetime": "2021-03-05 13:19:21", "elapsed": 785.927175, "delta": 2.019837}}
{"target": 0.19262821560480167, "params": {"T1": 0.05208923463015422, "T3": 0.1303206577306747, "T5": 0.13718746837641127, "U1": 15.736351755228918, "U5": 19.798290396318468}, "datetime": {"datetime": "2021-03-05 13:19:24", "elapsed": 788.74005, "delta": 2.812875}}
{"target": 0.3044785028293634, "params": {"T1": 0.05135271648818297, "T3": 0.1226696913318691, "T5": 0.13409213041659948, "U1": 18.995970940965915, "U5": 16.490027623583785}, "datetime": {"datetime": "2021-03-05 13:19:29", "elapsed": 794.178396, "delta": 5.438346}}
{"target": 0.27189380556838516, "params": {"T1": 0.07071615988015008, "T3": 0.061483400006093515, "T5": 0.12152668964018651, "U1": 13.482727844863104, "U5": 19.94590260396811}, "datetime": {"datetime": "2021-03-05 13:19:31", "elapsed": 795.952051, "delta": 1.773655}}
{"target": 0.1596295297397728, "params": {"T1": 0.08911403264325748, "T3": 0.06062798300803264, "T5": 0.08233315447891706, "U1": 14.916217307737064, "U5": 15.699897661365375}, "datetime": {"datetime": "2021-03-05 13:19:33", "elapsed": 797.623232, "delta": 1.671181}}
{"target": 0.14519034456543004, "params": {"T1": 0.12573749732005324, "T3": 0.07164840097699306, "T5": 0.07572926246226701, "U1": 19.46482753405792, "U5": 15.131379010204249}, "datetime": {"datetime": "2021-03-05 13:19:36", "elapsed": 800.501103, "delta": 2.877871}}
{"target": 0.29653562700962627, "params": {"T1": 0.12526967380567638, "T3": 0.05841669205111258, "T5": 0.13903766628614364, "U1": 17.242824488898904, "U5": 14.58433014543958}, "datetime": {"datetime": "2021-03-05 13:19:38", "elapsed": 803.154402, "delta": 2.653299}}
{"target": 0.4310559917316312, "params": {"T1": 0.0914674524528629, "T3": 0.0874990048462417, "T5": 0.069596671551093, "U1": 19.800468212255492, "U5": 18.74794391480371}, "datetime": {"datetime": "2021-03-05 13:19:41", "elapsed": 806.028412, "delta": 2.87401}}
{"target": 0.22720348531319845, "params": {"T1": 0.13094325792922168, "T3": 0.1033441466574104, "T5": 0.139516618065467, "U1": 19.158113724355697, "U5": 17.97146532440735}, "datetime": {"datetime": "2021-03-05 13:19:43", "elapsed": 807.859205, "delta": 1.830793}}
{"target": 0.14996416669355017, "params": {"T1": 0.08366868568900332, "T3": 0.13428311585689265, "T5": 0.05255497832947329, "U1": 15.737315718359344, "U5": 12.809493792216564}, "datetime": {"datetime": "2021-03-05 13:19:45", "elapsed": 809.69522, "delta": 1.836015}}
{"target": 0.19077381848617744, "params": {"T1": 0.05043814262910599, "T3": 0.14156775716932102, "T5": 0.058274577769821034, "U1": 18.46932625058205, "U5": 13.34127646593134}, "datetime": {"datetime": "2021-03-05 13:19:48", "elapsed": 812.979135, "delta": 3.283915}}
{"target": 0.18913721950760706, "params": {"T1": 0.09922413221934342, "T3": 0.1372463394120848, "T5": 0.09082428027674203, "U1": 18.642801512144803, "U5": 15.492722391808455}, "datetime": {"datetime": "2021-03-05 13:19:52", "elapsed": 817.168243, "delta": 4.189108}}
{"target": 0.13763177496359588, "params": {"T1": 0.12751285617583819, "T3": 0.09419139704078676, "T5": 0.05454100114696937, "U1": 14.954944253343701, "U5": 12.997029478324425}, "datetime": {"datetime": "2021-03-05 13:19:54", "elapsed": 819.185539, "delta": 2.017296}}
{"target": 0.19849157303306142, "params": {"T1": 0.05287894279120284, "T3": 0.12054803211314437, "T5": 0.10136828207863963, "U1": 19.940737600392247, "U5": 12.899358813867057}, "datetime": {"datetime": "2021-03-05 13:19:57", "elapsed": 821.294198, "delta": 2.108659}}
