{"target": 0.19376091412389398, "params": {"T1": 0.0732731476997743, "T3": 0.058868690889164646, "T5": 0.11241601230188558, "U1": 15.855315117334381, "U5": 19.222527387141525}, "datetime": {"datetime": "2021-03-05 13:12:01", "elapsed": 345.277002, "delta": 1.124173}}
{"target": 0.40471322024079737, "params": {"T1": 0.062471187399710575, "T3": 0.11983397285424816, "T5": 0.10854050890336708, "U1": 13.492415534121374, "U5": 14.002935945640107}, "datetime": {"datetime": "2021-03-05 13:12:02", "elapsed": 346.348186, "delta": 1.071184}}
{"target": 0.16231364906026288, "params": {"T1": 0.05232999463753801, "T3": 0.06386340929917747, "T5": 0.08709868109887345, "U1": 14.142195732265632, "U5": 19.543553481351026}, "datetime": {"datetime": "2021-03-05 13:12:03", "elapsed": 347.564244, "delta": 1.216058}}
{"target": 0.185340464399965, "params": {"T1": 0.08042363263416032, "T3": 0.06610057977911471, "T5": 0.11713712682420618, "U1": 17.837592042265246, "U5": 12.424486787683577}, "datetime": {"datetime": "2021-03-05 13:12:04", "elapsed": 348.878321, "delta": 1.314077}}
{"target": 0.1746478308563303, "params": {"T1": 0.1454904209110215, "T3": 0.08017219402941293, "T5": 0.06409380479182568, "U1": 17.170123506538243, "U5": 14.825718469407725}, "datetime": {"datetime": "2021-03-05 13:12:05", "elapsed": 350.138627, "delta": 1.260306}}
{"target": 0.28077684287832655, "params": {"T1": 0.12998025240108058, "T3": 0.10152040390693662, "T5": 0.10436256711134378, "U1": 16.105389413289664, "U5": 12.867357594332866}, "datetime": {"datetime": "2021-03-05 13:12:07", "elapsed": 351.402331, "delta": 1.263704}}
{"target": 0.14902371874975326, "params": {"T1": 0.10748638952656164, "T3": 0.1424448796331419, "T5": 0.14341428390793387, "U1": 14.839527569759799, "U5": 15.553958147958888}, "datetime": {"datetime": "2021-03-05 13:12:08", "elapsed": 352.319286, "delta": 0.916955}}
{"target": 0.2695519517767033, "params": {"T1": 0.06527182147409974, "T3": 0.1252074737158771, "T5": 0.07849526872897201, "U1": 15.048967446318422, "U5": 18.528275756467263}, "datetime": {"datetime": "2021-03-05 13:12:09", "elapsed": 353.678009, "delta": 1.358723}}
{"target": 0.18969141229276223, "params": {"T1": 0.0845142595818196, "T3": 0.09155781570239854, "T5": 0.13381052052543596, "U1": 12.921251258992799, "U5": 15.203515173851777}, "datetime": {"datetime": "2021-03-05 13:12:10", "elapsed": 355.075974, "delta": 1.397965}}
{"target": 0.20147805577050426, "params": {"T1": 0.08638842589414449, "T3": 0.0567498508802734, "T5": 0.07675606824718181, "U1": 18.76852279142563, "U5": 19.612810900639687}, "datetime": {"datetime": "2021-03-05 13:12:12", "elapsed": 356.511924, "delta": 1.43595}}
{"target": 0.16129891109316782, "params": {"T1": 0.08342774547390247, "T3": 0.14226150316877928, "T5": 0.08870900871467367, "U1": 14.409750958841276, "U5": 17.69709183773396}, "datetime": {"datetime": "2021-03-05 13:12:13", "elapsed": 357.76655, "delta": 1.254626}}
{"target": 0.23805613938308126, "params": {"T1": 0.11632173717860038, "T3": 0.14422983830856898, "T5": 0.09233187597620883, "U1": 18.548799158909446, "U5": 17.70828595205027}, "datetime": {"datetime": "2021-03-05 13:12:15", "elapsed": 359.2491, "delta": 1.48255}}
{"target": 0.1836248372252702, "params": {"T1": 0.1477731898347967, "T3": 0.08156094759819038, "T5": 0.12108647087153314, "U1": 18.489735699965834, "U5": 19.97822366667429}, "datetime": {"datetime": "2021-03-05 13:12:16", "elapsed": 360.393315, "delta": 1.144215}}
{"target": 0.2759447260857092, "params": {"T1": 0.057136892697971765, "T3": 0.053965363840711426, "T5": 0.07245675601478845, "U1": 16.23510941989919, "U5": 17.838413368247853}, "datetime": {"datetime": "2021-03-05 13:12:17", "elapsed": 361.643452, "delta": 1.250137}}
{"target": 0.34296935743401363, "params": {"T1": 0.09813598618586541, "T3": 0.09418459108435717, "T5": 0.11628834435788324, "U1": 17.62733510617819, "U5": 18.17195650296953}, "datetime": {"datetime": "2021-03-05 13:12:18", "elapsed": 362.687129, "delta": 1.043677}}
{"target": 0.1770433696316574, "params": {"T1": 0.06763793883257711, "T3": 0.06210905936667254, "T5": 0.13178271243657497, "U1": 16.498126037810923, "U5": 16.739280167551406}, "datetime": {"datetime": "2021-03-05 13:12:20", "elapsed": 364.700341, "delta": 2.013212}}
{"target": 0.1283980571789594, "params": {"T1": 0.12608790233267958, "T3": 0.10788042699703618, "T5": 0.11405050621381654, "U1": 15.420792308003719, "U5": 17.545624459513398}, "datetime": {"datetime": "2021-03-05 13:12:22", "elapsed": 366.709457, "delta": 2.009116}}
{"target": 0.29489074148551325, "params": {"T1": 0.13850545249474638, "T3": 0.07507017334589129, "T5": 0.1489474266321128, "U1": 13.51447226969758, "U5": 19.530936144297517}, "datetime": {"datetime": "2021-03-05 13:12:23", "elapsed": 367.780581, "delta": 1.071124}}
{"target": 0.12717916615136649, "params": {"T1": 0.14139989178206294, "T3": 0.08294427041432487, "T5": 0.1474710732317478, "U1": 13.73327956674133, "U5": 16.125412884945764}, "datetime": {"datetime": "2021-03-05 13:12:24", "elapsed": 368.982259, "delta": 1.201678}}
{"target": 0.24527309357514937, "params": {"T1": 0.08220932893459923, "T3": 0.06719154288173121, "T5": 0.1091270253048513, "U1": 12.323706173413962, "U5": 17.559484767335185}, "datetime": {"datetime": "2021-03-05 13:12:25", "elapsed": 370.029975, "delta": 1.047716}}
{"target": 0.23400407535563356, "params": {"T1": 0.1353326098176756, "T3": 0.08252600342027008, "T5": 0.06731068974048923, "U1": 14.814043524152122, "U5": 16.69639605931038}, "datetime": {"datetime": "2021-03-05 13:12:26", "elapsed": 371.134459, "delta": 1.104484}}
{"target": 0.2675823886404221, "params": {"T1": 0.05178426189289795, "T3": 0.12232594031702565, "T5": 0.08719266372072222, "U1": 16.402859038577734, "U5": 16.297464625777263}, "datetime": {"datetime": "2021-03-05 13:12:28", "elapsed": 373.147249, "delta": 2.01279}}
{"target": 0.4301415861786057, "params": {"T1": 0.09908287192074777, "T3": 0.053507310479515784, "T5": 0.12149036325028102, "U1": 19.639364189672303, "U5": 19.39918523485224}, "datetime": {"datetime": "2021-03-05 13:12:30", "elapsed": 374.267813, "delta": 1.120564}}
{"target": 0.18119028738870308, "params": {"T1": 0.0879614179231871, "T3": 0.10077166204993973, "T5": 0.08381548024154759, "U1": 18.121422486933877, "U5": 18.02720039823692}, "datetime": {"datetime": "2021-03-05 13:12:31", "elapsed": 375.563736, "delta": 1.295923}}
{"target": 0.41912861517972255, "params": {"T1": 0.06893043711752442, "T3": 0.12619199445114068, "T5": 0.05283304890244031, "U1": 15.055785763669412, "U5": 16.24321812409253}, "datetime": {"datetime": "2021-03-05 13:12:33", "elapsed": 378.012083, "delta": 2.448347}}
{"target": 0.2894505443498255, "params": {"T1": 0.14866023466860107, "T3": 0.1460123377999882, "T5": 0.10328498299690511, "U1": 18.562983932849832, "U5": 18.799237994617577}, "datetime": {"datetime": "2021-03-05 13:12:35", "elapsed": 379.197365, "delta": 1.185282}}
{"target": 0.17205986381347413, "params": {"T1": 0.0822376806335673, "T3": 0.1302810480326587, "T5": 0.13045185949991261, "U1": 19.613198672103742, "U5": 14.598490509697369}, "datetime": {"datetime": "2021-03-05 13:12:36", "elapsed": 380.607927, "delta": 1.410562}}
{"target": 0.21151472101951088, "params": {"T1": 0.11840265567783345, "T3": 0.07527728518822793, "T5": 0.13180363081256014, "U1": 14.09876523666933, "U5": 19.497170211545516}, "datetime": {"datetime": "2021-03-05 13:12:37", "elapsed": 381.696786, "delta": 1.088859}}
{"target": 0.306225602516227, "params": {"T1": 0.11223816471654902, "T3": 0.05782653783637553, "T5": 0.11680994665570753, "U1": 12.018521300673763, "U5": 17.17271259940208}, "datetime": {"datetime": "2021-03-05 13:12:40", "elapsed": 384.337673, "delta": 2.640887}}
{"target": 0.861674970620896, "params": {"T1": 0.09665404620991357, "T3": 0.08272684962095582, "T5": 0.050400779585894, "U1": 17.182228969233076, "U5": 12.322691872628166}, "datetime": {"datetime": "2021-03-05 13:12:42", "elapsed": 386.416852, "delta": 2.079179}}
{"target": 0.1617832316919197, "params": {"T1": 0.0737427771158893, "T3": 0.1465519171950277, "T5": 0.0549576836409338, "U1": 14.950968308419377, "U5": 16.133768918970382}, "datetime": {"datetime": "2021-03-05 13:12:44", "elapsed": 388.626642, "delta": 2.20979}}
{"target": 0.28560789794572017, "params": {"T1": 0.09018032350225172, "T3": 0.1035017841366766, "T5": 0.08402012100129738, "U1": 19.953977601667983, "U5": 16.381700667840597}, "datetime": {"datetime": "2021-03-05 13:12:45", "elapsed": 389.910675, "delta": 1.284033}}
{"target": 0.21662107585529036, "params": {"T1": 0.06046954364662466, "T3": 0.07080410033780873, "T5": 0.059947102207933534, "U1": 16.001905801380133, "U5": 18.61563585885711}, "datetime": {"datetime": "2021-03-05 13:12:47", "elapsed": 392.115349, "delta": 2.204674}}
{"target": 0.3231770856938272, "params": {"T1": 0.0607642101552253, "T3": 0.09904961151605124, "T5": 0.1003419453561375, "U1": 19.184142262525263, "U5": 13.1346605080482}, "datetime": {"datetime": "2021-03-05 13:12:50", "elapsed": 394.197405, "delta": 2.082056}}
{"target": 0.13407316013522338, "params": {"T1": 0.10176415990205127, "T3": 0.07082545437473553, "T5": 0.11429262790508202, "U1": 14.879998046217306, "U5": 18.459149781610662}, "datetime": {"datetime": "2021-03-05 13:12:52", "elapsed": 396.348674, "delta": 2.151269}}
{"target": 0.16436988767108093, "params": {"T1": 0.08710797867212691, "T3": 0.10607747755793877, "T5": 0.14559850690948217, "U1": 18.06721346806237, "U5": 17.65063782333152}, "datetime": {"datetime": "2021-03-05 13:12:53", "elapsed": 397.979202, "delta": 1.630528}}
{"target": 0.2375065477343922, "params": {"T1": 0.12788190739402117, "T3": 0.13341375613684606, "T5": 0.10922401035042689, "U1": 12.451277230891963, "U5": 15.651958604839772}, "datetime": {"datetime": "2021-03-05 13:12:55", "elapsed": 399.901715, "delta": 1.922513}}
{"target": 0.14719678867825503, "params": {"T1": 0.09197074936590643, "T3": 0.05294311462742057, "T5": 0.09040471912511563, "U1": 12.726310852096656, "U5": 16.462619070705195}, "datetime": {"datetime": "2021-03-05 13:12:56", "elapsed": 401.126667, "delta": 1.224952}}
{"target": 0.16588324885331424, "params": {"T1": 0.0503077438245616, "T3": 0.1100906849917267, "T5": 0.0934027969088002, "U1": 13.546347587404089, "U5": 19.805440496141472}, "datetime": {"datetime": "2021-03-05 13:12:59", "elapsed": 403.529043, "delta": 2.402376}}
{"target": 0.7278678683571175, "params": {"T1": 0.055425614422083797, "T3": 0.13009025009480132, "T5": 0.0590014102794357, "U1": 18.51813745729554, "U5": 15.14982157593675}, "datetime": {"datetime": "2021-03-05 13:13:01", "elapsed": 405.704585, "delta": 2.175542}}
{"target": 1.430156589013694, "params": {"T1": 0.09697049034486259, "T3": 0.10830810238721364, "T5": 0.10551788037304832, "U1": 18.567157738499315, "U5": 16.814160677057643}, "datetime": {"datetime": "2021-03-05 13:13:02", "elapsed": 406.85242, "delta": 1.147835}}
{"target": 0.15620828787997093, "params": {"T1": 0.10286299339366617, "T3": 0.08575400504091166, "T5": 0.07460672083589934, "U1": 17.954052618982715, "U5": 13.244833012026204}, "datetime": {"datetime": "2021-03-05 13:13:05", "elapsed": 409.37237, "delta": 2.51995}}
{"target": 0.13394512469151826, "params": {"T1": 0.10686293194485963, "T3": 0.13656790656249973, "T5": 0.07737758349362356, "U1": 16.796649467815364, "U5": 16.613046656967683}, "datetime": {"datetime": "2021-03-05 13:13:06", "elapsed": 410.738065, "delta": 1.365695}}
{"target": 0.28857793362847833, "params": {"T1": 0.0612358016048759, "T3": 0.1059229899710703, "T5": 0.09777902083877303, "U1": 19.865510002792423, "U5": 19.62129631287778}, "datetime": {"datetime": "2021-03-05 13:13:07", "elapsed": 411.901385, "delta": 1.16332}}
{"target": 0.18589196374940536, "params": {"T1": 0.08192170282635322, "T3": 0.13196518066052207, "T5": 0.1119982819500765, "U1": 14.513611379059743, "U5": 19.689136519697733}, "datetime": {"datetime": "2021-03-05 13:13:09", "elapsed": 413.193293, "delta": 1.291908}}
{"target": 0.2678292815449448, "params": {"T1": 0.12304347061374961, "T3": 0.08170195686878554, "T5": 0.09915446673777521, "U1": 15.058860638323676, "U5": 12.190286207563993}, "datetime": {"datetime": "2021-03-05 13:13:10", "elapsed": 414.878803, "delta": 1.68551}}
{"target": 0.22404539238477214, "params": {"T1": 0.07275705400428757, "T3": 0.11208270292518796, "T5": 0.09800672691976219, "U1": 18.612093814995553, "U5": 18.14024871200461}, "datetime": {"datetime": "2021-03-05 13:13:11", "elapsed": 416.108615, "delta": 1.229812}}
{"target": 0.3119944817526178, "params": {"T1": 0.05964808027797324, "T3": 0.08047338023711005, "T5": 0.05689356918851113, "U1": 17.52295196997317, "U5": 12.837061658090452}, "datetime": {"datetime": "2021-03-05 13:13:13", "elapsed": 417.844785, "delta": 1.73617}}
{"target": 0.2609381668128828, "params": {"T1": 0.059326707355441766, "T3": 0.1427805674131217, "T5": 0.12241032824242519, "U1": 12.154442144816002, "U5": 18.781955778385182}, "datetime": {"datetime": "2021-03-05 13:13:15", "elapsed": 419.663632, "delta": 1.818847}}
{"target": 0.1760910045154172, "params": {"T1": 0.06868892414799903, "T3": 0.07948522782086068, "T5": 0.05031343074033362, "U1": 16.609636258763334, "U5": 17.13099768734078}, "datetime": {"datetime": "2021-03-05 13:13:17", "elapsed": 422.021414, "delta": 2.357782}}
{"target": 0.15413355141934146, "params": {"T1": 0.10623510202860502, "T3": 0.1461295855311014, "T5": 0.0911894096381684, "U1": 14.067337798832778, "U5": 15.810609588944594}, "datetime": {"datetime": "2021-03-05 13:13:19", "elapsed": 423.565581, "delta": 1.544167}}
{"target": 0.15574661344139443, "params": {"T1": 0.07631759306404529, "T3": 0.07020030004363831, "T5": 0.07597533636778953, "U1": 18.61664919187096, "U5": 19.17336361479044}, "datetime": {"datetime": "2021-03-05 13:13:21", "elapsed": 425.847765, "delta": 2.282184}}
{"target": 0.15901033050658264, "params": {"T1": 0.13076636013221848, "T3": 0.09533959679441666, "T5": 0.05741944818752092, "U1": 14.97980778261827, "U5": 19.576102073717653}, "datetime": {"datetime": "2021-03-05 13:13:24", "elapsed": 428.937202, "delta": 3.089437}}
{"target": 0.1468126412526063, "params": {"T1": 0.06451365995995063, "T3": 0.13660760841376846, "T5": 0.13701157534787373, "U1": 14.80167939239926, "U5": 14.088277257212226}, "datetime": {"datetime": "2021-03-05 13:13:26", "elapsed": 430.970023, "delta": 2.032821}}
{"target": 0.16577716910826776, "params": {"T1": 0.08686463761913352, "T3": 0.08482405807983194, "T5": 0.13688087784449593, "U1": 14.206340642351718, "U5": 18.963544566694868}, "datetime": {"datetime": "2021-03-05 13:13:28", "elapsed": 432.298432, "delta": 1.328409}}
{"target": 0.184995510811374, "params": {"T1": 0.13564948970436902, "T3": 0.11638296503646894, "T5": 0.07196089054585247, "U1": 15.489200101990871, "U5": 12.790017804286293}, "datetime": {"datetime": "2021-03-05 13:13:30", "elapsed": 434.242949, "delta": 1.944517}}
{"target": 0.2082821384635598, "params": {"T1": 0.06540835029667083, "T3": 0.08758344606632763, "T5": 0.1411575694168155, "U1": 16.79062026045032, "U5": 18.408761978961323}, "datetime": {"datetime": "2021-03-05 13:13:31", "elapsed": 435.997641, "delta": 1.754692}}
{"target": 0.19837195230607296, "params": {"T1": 0.12558918683547354, "T3": 0.08420960830178495, "T5": 0.1424277745844368, "U1": 18.63716567735858, "U5": 14.485394414195417}, "datetime": {"datetime": "2021-03-05 13:13:33", "elapsed": 437.404126, "delta": 1.406485}}
{"target": 0.1627220017326939, "params": {"T1": 0.14907625381657907, "T3": 0.14101140531792045, "T5": 0.13726984308714246, "U1": 17.098573149815287, "U5": 16.110683488712937}, "datetime": {"datetime": "2021-03-05 13:13:34", "elapsed": 438.476392, "delta": 1.072266}}
{"target": 0.39000551738753153, "params": {"T1": 0.12303654375837093, "T3": 0.09099475156514342, "T5": 0.07380193067120129, "U1": 16.454248001172807, "U5": 16.96921107967977}, "datetime": {"datetime": "2021-03-05 13:13:35", "elapsed": 439.795083, "delta": 1.318691}}
{"target": 0.1517628464982288, "params": {"T1": 0.05849926402098604, "T3": 0.08502477747486584, "T5": 0.08241358969709654, "U1": 15.022746973098416, "U5": 18.196224466693266}, "datetime": {"datetime": "2021-03-05 13:13:36", "elapsed": 441.171246, "delta": 1.376163}}
{"target": 0.21214094314618634, "params": {"T1": 0.1412602789900303, "T3": 0.09970272421067683, "T5": 0.13657988686292008, "U1": 17.96594383515956, "U5": 15.169665403208644}, "datetime": {"datetime": "2021-03-05 13:13:38", "elapsed": 442.701431, "delta": 1.530185}}
{"target": 0.3182212307461625, "params": {"T1": 0.05331121310349605, "T3": 0.07313931859891848, "T5": 0.11313334545301178, "U1": 13.969449292346509, "U5": 13.499247021520404}, "datetime": {"datetime": "2021-03-05 13:13:40", "elapsed": 444.275161, "delta": 1.57373}}
{"target": 0.2894303031879663, "params": {"T1": 0.10650239868694225, "T3": 0.0948477674764132, "T5": 0.10647015035389326, "U1": 18.994899837284468, "U5": 14.365992880940368}, "datetime": {"datetime": "2021-03-05 13:13:42", "elapsed": 446.573333, "delta": 2.298172}}
{"target": 0.15784971027784508, "params": {"T1": 0.10503254599029682, "T3": 0.13849184857830885, "T5": 0.10065194218198215, "U1": 16.450721238989264, "U5": 17.042526115178603}, "datetime": {"datetime": "2021-03-05 13:13:43", "elapsed": 447.860017, "delta": 1.286684}}
{"target": 0.13568045535231932, "params": {"T1": 0.12680990122195768, "T3": 0.06112405294601634, "T5": 0.09853438458595684, "U1": 18.8086248233236, "U5": 12.156537216002906}, "datetime": {"datetime": "2021-03-05 13:13:44", "elapsed": 449.186789, "delta": 1.326772}}
{"target": 0.21941205014623863, "params": {"T1": 0.13552000903108186, "T3": 0.09739759801727244, "T5": 0.12781170738322256, "U1": 18.232342925793816, "U5": 18.880557861420336}, "datetime": {"datetime": "2021-03-05 13:13:46", "elapsed": 450.375007, "delta": 1.188218}}
{"target": 0.33504685911937543, "params": {"T1": 0.12819699425677727, "T3": 0.07513662234600045, "T5": 0.0866645679512406, "U1": 14.368490696061397, "U5": 13.592155717480527}, "datetime": {"datetime": "2021-03-05 13:13:47", "elapsed": 451.759225, "delta": 1.384218}}
{"target": 0.13137411447299524, "params": {"T1": 0.09373225253420914, "T3": 0.09019268587912528, "T5": 0.14702130655186746, "U1": 13.976872283970863, "U5": 18.798336215735958}, "datetime": {"datetime": "2021-03-05 13:13:49", "elapsed": 453.492097, "delta": 1.732872}}
{"target": 0.2720250132818711, "params": {"T1": 0.1232722298523676, "T3": 0.05997175189441811, "T5": 0.14990765770122386, "U1": 12.092156303422197, "U5": 13.555450805365808}, "datetime": {"datetime": "2021-03-05 13:13:50", "elapsed": 454.638714, "delta": 1.146617}}
{"target": 0.2811760307154397, "params": {"T1": 0.1278543528723356, "T3": 0.07951772565300841, "T5": 0.0748458653159038, "U1": 12.910831739939798, "U5": 14.688240329885964}, "datetime": {"datetime": "2021-03-05 13:13:51", "elapsed": 455.718092, "delta": 1.079378}}
{"target": 0.3184036774957312, "params": {"T1": 0.06725608632676272, "T3": 0.08636678310353033, "T5": 0.07687070648276649, "U1": 12.99854144583972, "U5": 19.99418041251184}, "datetime": {"datetime": "2021-03-05 13:13:52", "elapsed": 457.07527, "delta": 1.357178}}
{"target": 0.1479965149402022, "params": {"T1": 0.1329905237254622, "T3": 0.09087770166667518, "T5": 0.052849110871275896, "U1": 15.063122636888071, "U5": 15.652197837940552}, "datetime": {"datetime": "2021-03-05 13:13:54", "elapsed": 458.798988, "delta": 1.723718}}
{"target": 0.27080611103770086, "params": {"T1": 0.07051161537470799, "T3": 0.07902736806606858, "T5": 0.1498981820787046, "U1": 14.160737024369208, "U5": 13.096132211043649}, "datetime": {"datetime": "2021-03-05 13:13:55", "elapsed": 460.10078, "delta": 1.301792}}
{"target": 0.19369451062168763, "params": {"T1": 0.1336294241059126, "T3": 0.14244502107569373, "T5": 0.06849608850436333, "U1": 19.682053167592347, "U5": 19.91449232939267}, "datetime": {"datetime": "2021-03-05 13:13:57", "elapsed": 461.500642, "delta": 1.399862}}
{"target": 0.3222616004324938, "params": {"T1": 0.05190193607108952, "T3": 0.09263203525700062, "T5": 0.13947011117183006, "U1": 19.056090647414692, "U5": 12.137222001216198}, "datetime": {"datetime": "2021-03-05 13:13:58", "elapsed": 462.905482, "delta": 1.40484}}
{"target": 0.4525352378603626, "params": {"T1": 0.09818844729208248, "T3": 0.08444043954377344, "T5": 0.13582987439088273, "U1": 19.83078745906393, "U5": 13.137919244832787}, "datetime": {"datetime": "2021-03-05 13:14:00", "elapsed": 464.455776, "delta": 1.550294}}
{"target": 0.17856577986445515, "params": {"T1": 0.13605514773305766, "T3": 0.11441671353915067, "T5": 0.06077820045686499, "U1": 14.93004633489955, "U5": 15.838162801300125}, "datetime": {"datetime": "2021-03-05 13:14:01", "elapsed": 465.936991, "delta": 1.481215}}
{"target": 0.28910555522549053, "params": {"T1": 0.10708542463514341, "T3": 0.14898621091756667, "T5": 0.10095093216061232, "U1": 12.61607432779769, "U5": 14.842664499701318}, "datetime": {"datetime": "2021-03-05 13:14:03", "elapsed": 467.913198, "delta": 1.976207}}
{"target": 0.16293012951125652, "params": {"T1": 0.1371211982849334, "T3": 0.09666286564029553, "T5": 0.06390556580661857, "U1": 13.419269854391441, "U5": 13.608748360530402}, "datetime": {"datetime": "2021-03-05 13:14:04", "elapsed": 469.159925, "delta": 1.246727}}
{"target": 0.223424889035547, "params": {"T1": 0.14449182780074282, "T3": 0.09510334354616733, "T5": 0.10078309824562645, "U1": 19.643984061443714, "U5": 16.94568346740251}, "datetime": {"datetime": "2021-03-05 13:14:06", "elapsed": 470.474771, "delta": 1.314846}}
{"target": 0.1619070924935169, "params": {"T1": 0.0973211422755382, "T3": 0.07356119465789694, "T5": 0.06531920309474466, "U1": 12.382215395864845, "U5": 12.03843538281477}, "datetime": {"datetime": "2021-03-05 13:14:07", "elapsed": 471.932986, "delta": 1.458215}}
