{"target": 0.29435411696673536, "params": {"T1": 0.05174437133238738, "T3": 0.13472463960469616, "T5": 0.0656768779950664, "U1": 18.08028701541381, "U5": 18.66827864471787}, "datetime": {"datetime": "2021-03-05 15:49:10", "elapsed": 301.04939, "delta": 0.903817}}
{"target": 0.3058062163581888, "params": {"T1": 0.09337049233795625, "T3": 0.05427854369969714, "T5": 0.09934011135889668, "U1": 16.470195686812684, "U5": 17.37895824060312}, "datetime": {"datetime": "2021-03-05 15:49:11", "elapsed": 301.897674, "delta": 0.848284}}
{"target": 0.2920324235371946, "params": {"T1": 0.11231332728700696, "T3": 0.08305961017420944, "T5": 0.05208447230546162, "U1": 15.345558763385544, "U5": 17.085596120631855}, "datetime": {"datetime": "2021-03-05 15:49:12", "elapsed": 302.803907, "delta": 0.906233}}
{"target": 0.29704271254430864, "params": {"T1": 0.07121389632911207, "T3": 0.11499584418329119, "T5": 0.06829506216878896, "U1": 13.586438723820855, "U5": 18.56331038464737}, "datetime": {"datetime": "2021-03-05 15:49:13", "elapsed": 303.62198, "delta": 0.818073}}
{"target": 0.2975560527204691, "params": {"T1": 0.1383010281520684, "T3": 0.08556675139248274, "T5": 0.05775690006290074, "U1": 13.959837542188508, "U5": 19.539368329095275}, "datetime": {"datetime": "2021-03-05 15:49:14", "elapsed": 304.454074, "delta": 0.832094}}
{"target": 0.31743402508340635, "params": {"T1": 0.07990937311061101, "T3": 0.11434809303199832, "T5": 0.1039824872493875, "U1": 19.91555517077144, "U5": 18.533575249691363}, "datetime": {"datetime": "2021-03-05 15:49:15", "elapsed": 305.420781, "delta": 0.966707}}
{"target": 0.30662154653153356, "params": {"T1": 0.11690076223545835, "T3": 0.08024295224035441, "T5": 0.057666526700726875, "U1": 16.625702690951314, "U5": 19.642798579784223}, "datetime": {"datetime": "2021-03-05 15:49:16", "elapsed": 306.827199, "delta": 1.406418}}
{"target": 0.34226385986422975, "params": {"T1": 0.07426025153901523, "T3": 0.08894459425518592, "T5": 0.06591409081113601, "U1": 17.906378364916414, "U5": 15.752922295402936}, "datetime": {"datetime": "2021-03-05 15:49:17", "elapsed": 308.354711, "delta": 1.527512}}
{"target": 0.43618558009771674, "params": {"T1": 0.09974355719152073, "T3": 0.09889282466531478, "T5": 0.14088233385361437, "U1": 15.756923197693592, "U5": 15.867473913908032}, "datetime": {"datetime": "2021-03-05 15:49:18", "elapsed": 309.242359, "delta": 0.887648}}
{"target": 0.3041709344311866, "params": {"T1": 0.0945336672771695, "T3": 0.1068811992032285, "T5": 0.07090537461374541, "U1": 13.982972183483838, "U5": 14.023398171843935}, "datetime": {"datetime": "2021-03-05 15:49:19", "elapsed": 310.269744, "delta": 1.027385}}
{"target": 0.3067598528228797, "params": {"T1": 0.06587255923044491, "T3": 0.07102005154271693, "T5": 0.12039838983713863, "U1": 18.83205535474542, "U5": 19.06703124750439}, "datetime": {"datetime": "2021-03-05 15:49:21", "elapsed": 311.683753, "delta": 1.414009}}
{"target": 0.32330298792703466, "params": {"T1": 0.07180556275419744, "T3": 0.09432750434051984, "T5": 0.05269249312482635, "U1": 12.58901038529525, "U5": 18.74433989038711}, "datetime": {"datetime": "2021-03-05 15:49:22", "elapsed": 312.49262, "delta": 0.808867}}
{"target": 0.3043537978924328, "params": {"T1": 0.08249895213181511, "T3": 0.14668753484206226, "T5": 0.06981626296010471, "U1": 12.321672652038387, "U5": 19.889596461486434}, "datetime": {"datetime": "2021-03-05 15:49:23", "elapsed": 313.68054, "delta": 1.18792}}
{"target": 0.2919866400849773, "params": {"T1": 0.14147632928683912, "T3": 0.09376639495606912, "T5": 0.10330943679481952, "U1": 14.469256462157986, "U5": 19.11911434466876}, "datetime": {"datetime": "2021-03-05 15:49:24", "elapsed": 314.550971, "delta": 0.870431}}
{"target": 0.3290994432188848, "params": {"T1": 0.11617919125301086, "T3": 0.13064501891286096, "T5": 0.10302350736197177, "U1": 18.890874310098944, "U5": 18.591742192535573}, "datetime": {"datetime": "2021-03-05 15:49:25", "elapsed": 315.483229, "delta": 0.932258}}
{"target": 0.36276075719039036, "params": {"T1": 0.13301158596382412, "T3": 0.0834611478097937, "T5": 0.09735592937203551, "U1": 18.53734684347065, "U5": 19.406638756066926}, "datetime": {"datetime": "2021-03-05 15:49:26", "elapsed": 316.731729, "delta": 1.2485}}
{"target": 0.29546298881319494, "params": {"T1": 0.13592828466214985, "T3": 0.08296751922870493, "T5": 0.13423803563426234, "U1": 19.66138448330654, "U5": 18.563725726319248}, "datetime": {"datetime": "2021-03-05 15:49:27", "elapsed": 317.688223, "delta": 0.956494}}
{"target": 0.29759279165277736, "params": {"T1": 0.11509539892576051, "T3": 0.0925559285035415, "T5": 0.1440746539681524, "U1": 19.02330112753389, "U5": 12.621738203350045}, "datetime": {"datetime": "2021-03-05 15:49:28", "elapsed": 318.586389, "delta": 0.898166}}
{"target": 0.31269749963470883, "params": {"T1": 0.11017444275764286, "T3": 0.061770415255337156, "T5": 0.14228261440005585, "U1": 14.493061235319914, "U5": 19.77538570079628}, "datetime": {"datetime": "2021-03-05 15:49:29", "elapsed": 319.566842, "delta": 0.980453}}
{"target": 0.2851071530989194, "params": {"T1": 0.13053448602045725, "T3": 0.11982497716535657, "T5": 0.1321963993508916, "U1": 13.67801779075861, "U5": 17.87443445751712}, "datetime": {"datetime": "2021-03-05 15:49:30", "elapsed": 320.928331, "delta": 1.361489}}
{"target": 0.29752700125336207, "params": {"T1": 0.05370180070324179, "T3": 0.0929694427332885, "T5": 0.09352112472901503, "U1": 14.996456824791043, "U5": 14.821092414348449}, "datetime": {"datetime": "2021-03-05 15:49:31", "elapsed": 321.899033, "delta": 0.970702}}
{"target": 0.4025732013802802, "params": {"T1": 0.13661477671533345, "T3": 0.12171740556380128, "T5": 0.08556911073305225, "U1": 19.28504949548386, "U5": 12.704216992694999}, "datetime": {"datetime": "2021-03-05 15:49:32", "elapsed": 322.77415, "delta": 0.875117}}
{"target": 0.2600725910705678, "params": {"T1": 0.10585338125895372, "T3": 0.14345549067943433, "T5": 0.08248055030613877, "U1": 12.13862207791757, "U5": 18.879488418757568}, "datetime": {"datetime": "2021-03-05 15:49:33", "elapsed": 324.240427, "delta": 1.466277}}
{"target": 0.3000965577023883, "params": {"T1": 0.05948658070963613, "T3": 0.0730148865828795, "T5": 0.07539791744162092, "U1": 19.810445981797034, "U5": 14.746188800191112}, "datetime": {"datetime": "2021-03-05 15:49:35", "elapsed": 326.047302, "delta": 1.806875}}
{"target": 0.3043895965262833, "params": {"T1": 0.10521809832074763, "T3": 0.08206794154055572, "T5": 0.14282444871214744, "U1": 19.863809734505374, "U5": 15.603494986375722}, "datetime": {"datetime": "2021-03-05 15:49:36", "elapsed": 327.091408, "delta": 1.044106}}
{"target": 0.32085548555392107, "params": {"T1": 0.10393452898658417, "T3": 0.08497605757726398, "T5": 0.07870569067649186, "U1": 16.98671309254168, "U5": 17.153174014670725}, "datetime": {"datetime": "2021-03-05 15:49:37", "elapsed": 327.982257, "delta": 0.890849}}
{"target": 0.30413801677805496, "params": {"T1": 0.06984114611079645, "T3": 0.10114046029237622, "T5": 0.13264884724224668, "U1": 19.53639270747866, "U5": 17.275774001775105}, "datetime": {"datetime": "2021-03-05 15:49:38", "elapsed": 328.856057, "delta": 0.8738}}
{"target": 0.3150191776367417, "params": {"T1": 0.06345930378213012, "T3": 0.12126402993375895, "T5": 0.06719858970626677, "U1": 16.79563460605113, "U5": 13.211963336546615}, "datetime": {"datetime": "2021-03-05 15:49:39", "elapsed": 330.123813, "delta": 1.267756}}
{"target": 0.3196550862043663, "params": {"T1": 0.09607465816283137, "T3": 0.09858100255991435, "T5": 0.11213085283579, "U1": 19.94518047084894, "U5": 16.68472721627561}, "datetime": {"datetime": "2021-03-05 15:49:40", "elapsed": 330.99768, "delta": 0.873867}}
{"target": 0.271007555954582, "params": {"T1": 0.145248606365711, "T3": 0.10592985367492982, "T5": 0.058001069850061954, "U1": 14.126444431517378, "U5": 18.78303849953731}, "datetime": {"datetime": "2021-03-05 15:49:41", "elapsed": 331.933286, "delta": 0.935606}}
{"target": 0.27749712640574725, "params": {"T1": 0.0513206826125123, "T3": 0.10740360422857098, "T5": 0.09447721079400483, "U1": 18.351522532040708, "U5": 19.22958457372603}, "datetime": {"datetime": "2021-03-05 15:49:42", "elapsed": 332.907328, "delta": 0.974042}}
{"target": 0.36165029275388505, "params": {"T1": 0.07700722506850895, "T3": 0.0754935630780193, "T5": 0.10508721143141439, "U1": 13.113610906385393, "U5": 19.808199948835192}, "datetime": {"datetime": "2021-03-05 15:49:43", "elapsed": 333.74129, "delta": 0.833962}}
{"target": 0.2773778587030271, "params": {"T1": 0.07026939136121904, "T3": 0.06926100114694245, "T5": 0.12414231444342064, "U1": 12.902066505313933, "U5": 14.656228125108768}, "datetime": {"datetime": "2021-03-05 15:49:44", "elapsed": 334.717753, "delta": 0.976463}}
{"target": 0.3029615787949144, "params": {"T1": 0.053871555531261765, "T3": 0.10875071434025765, "T5": 0.12047168816053237, "U1": 19.206214229782255, "U5": 14.829744063356342}, "datetime": {"datetime": "2021-03-05 15:49:45", "elapsed": 336.072337, "delta": 1.354584}}
{"target": 0.28537778381751266, "params": {"T1": 0.1291709572851496, "T3": 0.12227511710028986, "T5": 0.10147504316849873, "U1": 12.727357117620949, "U5": 15.598215432549232}, "datetime": {"datetime": "2021-03-05 15:49:46", "elapsed": 337.015737, "delta": 0.9434}}
{"target": 0.2776197250883259, "params": {"T1": 0.05915852361798013, "T3": 0.1308908209409164, "T5": 0.12261521841470975, "U1": 15.678309809650948, "U5": 17.66058565425225}, "datetime": {"datetime": "2021-03-05 15:49:47", "elapsed": 337.953521, "delta": 0.937784}}
{"target": 0.30425445018559943, "params": {"T1": 0.07411251040692451, "T3": 0.1095006213956691, "T5": 0.1100216795041308, "U1": 19.737277598907877, "U5": 14.161878467908814}, "datetime": {"datetime": "2021-03-05 15:49:48", "elapsed": 338.944106, "delta": 0.990585}}
{"target": 0.298011148498654, "params": {"T1": 0.11880559819100062, "T3": 0.11728943241434854, "T5": 0.05818067275228957, "U1": 14.888910832225978, "U5": 16.258881285764655}, "datetime": {"datetime": "2021-03-05 15:49:49", "elapsed": 339.904748, "delta": 0.960642}}
{"target": 0.32000502890483823, "params": {"T1": 0.09843446318379738, "T3": 0.1294440804517331, "T5": 0.0910758717386492, "U1": 15.695564327155962, "U5": 16.66160775994726}, "datetime": {"datetime": "2021-03-05 15:49:50", "elapsed": 341.064334, "delta": 1.159586}}
{"target": 0.29647822817811825, "params": {"T1": 0.14285759421098498, "T3": 0.07458683071905017, "T5": 0.0988538820133851, "U1": 16.079637892893658, "U5": 17.393085706880914}, "datetime": {"datetime": "2021-03-05 15:49:51", "elapsed": 342.080844, "delta": 1.01651}}
{"target": 0.4621891332055577, "params": {"T1": 0.06861813416840731, "T3": 0.1438296305087819, "T5": 0.077148237691436, "U1": 16.972231067071775, "U5": 14.490010693949067}, "datetime": {"datetime": "2021-03-05 15:49:52", "elapsed": 343.034705, "delta": 0.953861}}
{"target": 0.3289167793349199, "params": {"T1": 0.06742171650579434, "T3": 0.11843789245907564, "T5": 0.11849927202550234, "U1": 15.044975921245628, "U5": 13.004529644913159}, "datetime": {"datetime": "2021-03-05 15:49:53", "elapsed": 344.004075, "delta": 0.96937}}
{"target": 0.3022257204479112, "params": {"T1": 0.13197148597890496, "T3": 0.09065595892723581, "T5": 0.1170427303874516, "U1": 13.97425583401235, "U5": 13.660185358129077}, "datetime": {"datetime": "2021-03-05 15:49:55", "elapsed": 345.534715, "delta": 1.53064}}
{"target": 0.3000227383189934, "params": {"T1": 0.08129738210004304, "T3": 0.09878188693553047, "T5": 0.09299571586337235, "U1": 18.602191419436583, "U5": 16.991938874145827}, "datetime": {"datetime": "2021-03-05 15:49:55", "elapsed": 346.396319, "delta": 0.861604}}
{"target": 0.4236307049572277, "params": {"T1": 0.12020430161726088, "T3": 0.13802229300086472, "T5": 0.08293894747650392, "U1": 13.157557857276519, "U5": 18.024662354677776}, "datetime": {"datetime": "2021-03-05 15:49:57", "elapsed": 348.01097, "delta": 1.614651}}
{"target": 0.3124730441607422, "params": {"T1": 0.12262215966332397, "T3": 0.0847213619911, "T5": 0.14188717689609479, "U1": 19.166913410733226, "U5": 17.33564996599456}, "datetime": {"datetime": "2021-03-05 15:49:59", "elapsed": 349.777072, "delta": 1.766102}}
{"target": 0.20317925911037515, "params": {"T1": 0.13091666082705977, "T3": 0.05819234690408383, "T5": 0.11498467787839516, "U1": 16.29697829051681, "U5": 17.395190050370218}, "datetime": {"datetime": "2021-03-05 15:50:00", "elapsed": 351.274549, "delta": 1.497477}}
{"target": 0.3017061747744877, "params": {"T1": 0.10862795897451652, "T3": 0.08168684253522328, "T5": 0.11720275479960775, "U1": 14.65334026786136, "U5": 19.883679819962804}, "datetime": {"datetime": "2021-03-05 15:50:01", "elapsed": 352.148567, "delta": 0.874018}}
{"target": 0.2802602486454444, "params": {"T1": 0.12501695707952815, "T3": 0.10073985313122738, "T5": 0.12053429147890324, "U1": 12.169208975982588, "U5": 15.566565589082712}, "datetime": {"datetime": "2021-03-05 15:50:03", "elapsed": 353.584224, "delta": 1.435657}}
{"target": 0.3028992111769807, "params": {"T1": 0.06870437926517461, "T3": 0.05042676115886402, "T5": 0.12653799342893096, "U1": 17.760037733749986, "U5": 18.883436299964874}, "datetime": {"datetime": "2021-03-05 15:50:04", "elapsed": 354.51553, "delta": 0.931306}}
{"target": 0.30354743536047135, "params": {"T1": 0.07575690085778436, "T3": 0.10869854325395034, "T5": 0.11796153938361467, "U1": 18.573397456362567, "U5": 15.508711652665639}, "datetime": {"datetime": "2021-03-05 15:50:05", "elapsed": 355.481803, "delta": 0.966273}}
{"target": 0.29412964046756257, "params": {"T1": 0.10509173157347415, "T3": 0.06588547949733319, "T5": 0.06501264248888707, "U1": 16.461499219404995, "U5": 16.780791109665525}, "datetime": {"datetime": "2021-03-05 15:50:06", "elapsed": 356.557251, "delta": 1.075448}}
{"target": 0.3053181444971717, "params": {"T1": 0.11959394015900894, "T3": 0.12014693949938193, "T5": 0.11450866734421583, "U1": 16.445166431052037, "U5": 19.98198420672771}, "datetime": {"datetime": "2021-03-05 15:50:07", "elapsed": 357.578537, "delta": 1.021286}}
{"target": 0.3073923108691573, "params": {"T1": 0.06921976606166946, "T3": 0.08141237965735271, "T5": 0.13607958340365267, "U1": 18.43203302427576, "U5": 17.576656803454547}, "datetime": {"datetime": "2021-03-05 15:50:08", "elapsed": 358.527404, "delta": 0.948867}}
{"target": 0.27887800442110444, "params": {"T1": 0.05450086586708136, "T3": 0.05217971238269471, "T5": 0.11381078927346101, "U1": 15.20424740519558, "U5": 14.277883436970138}, "datetime": {"datetime": "2021-03-05 15:50:09", "elapsed": 360.016601, "delta": 1.489197}}
{"target": 0.2873104513401129, "params": {"T1": 0.12119189302435594, "T3": 0.13935645545116404, "T5": 0.12419733097508233, "U1": 16.08272157282157, "U5": 12.632080524346447}, "datetime": {"datetime": "2021-03-05 15:50:10", "elapsed": 361.003507, "delta": 0.986906}}
{"target": 0.29599890959643366, "params": {"T1": 0.05247750156033798, "T3": 0.05842516697183786, "T5": 0.13569995949465435, "U1": 17.83727302598433, "U5": 15.619765772083287}, "datetime": {"datetime": "2021-03-05 15:50:11", "elapsed": 361.986081, "delta": 0.982574}}
{"target": 0.3102153901936852, "params": {"T1": 0.07379401372387524, "T3": 0.062050794087141106, "T5": 0.12383233716352339, "U1": 19.70008051245529, "U5": 16.565684097024313}, "datetime": {"datetime": "2021-03-05 15:50:12", "elapsed": 362.886623, "delta": 0.900542}}
{"target": 0.2867367485743348, "params": {"T1": 0.1336285983882235, "T3": 0.14756716950261384, "T5": 0.10454926839604581, "U1": 14.136124233927806, "U5": 15.110924570273383}, "datetime": {"datetime": "2021-03-05 15:50:13", "elapsed": 363.88241, "delta": 0.995787}}
{"target": 0.2897619548201228, "params": {"T1": 0.12333231067706192, "T3": 0.09117328747826178, "T5": 0.14079353286895271, "U1": 13.238307025876415, "U5": 15.537282652980153}, "datetime": {"datetime": "2021-03-05 15:50:14", "elapsed": 364.773288, "delta": 0.890878}}
{"target": 0.3112872875570799, "params": {"T1": 0.11745464250029172, "T3": 0.08328088291216007, "T5": 0.12083802095006814, "U1": 14.058650903362487, "U5": 14.30124375502995}, "datetime": {"datetime": "2021-03-05 15:50:15", "elapsed": 365.82664, "delta": 1.053352}}
{"target": 0.2997851113874822, "params": {"T1": 0.0828110838138477, "T3": 0.12408705645270775, "T5": 0.08394850945532426, "U1": 15.495940306760922, "U5": 16.144135019075623}, "datetime": {"datetime": "2021-03-05 15:50:16", "elapsed": 366.732297, "delta": 0.905657}}
{"target": 0.3014816061438213, "params": {"T1": 0.0895639194810956, "T3": 0.06712036708823278, "T5": 0.13253574215230868, "U1": 15.24209573444852, "U5": 12.73537858603737}, "datetime": {"datetime": "2021-03-05 15:50:17", "elapsed": 367.720883, "delta": 0.988586}}
{"target": 0.3101789925931366, "params": {"T1": 0.11587660081414353, "T3": 0.05140153429871197, "T5": 0.14435044199263303, "U1": 17.6371082377754, "U5": 12.249945390898867}, "datetime": {"datetime": "2021-03-05 15:50:18", "elapsed": 368.931825, "delta": 1.210942}}
{"target": 0.29448478898106184, "params": {"T1": 0.11361090223759447, "T3": 0.14380972855412827, "T5": 0.14778689876204557, "U1": 13.245956142571192, "U5": 14.714369311326266}, "datetime": {"datetime": "2021-03-05 15:50:19", "elapsed": 369.979515, "delta": 1.04769}}
{"target": 0.3324862334013387, "params": {"T1": 0.09542662017928988, "T3": 0.07728461389066452, "T5": 0.06327416560991425, "U1": 13.303391696779268, "U5": 13.42951999909489}, "datetime": {"datetime": "2021-03-05 15:50:21", "elapsed": 371.482788, "delta": 1.503273}}
{"target": 0.3023147162988386, "params": {"T1": 0.05997627113912916, "T3": 0.10432771729194883, "T5": 0.12239934645830815, "U1": 12.130912813608333, "U5": 15.134223196114334}, "datetime": {"datetime": "2021-03-05 15:50:22", "elapsed": 372.48494, "delta": 1.002152}}
{"target": 0.3030448984823155, "params": {"T1": 0.08171960536867054, "T3": 0.13606966605577703, "T5": 0.06514960270541767, "U1": 19.221373388081506, "U5": 19.136128200447153}, "datetime": {"datetime": "2021-03-05 15:50:22", "elapsed": 373.339311, "delta": 0.854371}}
{"target": 0.2952493299413669, "params": {"T1": 0.05051452452165722, "T3": 0.09554311064313081, "T5": 0.08961807473558903, "U1": 18.35241541412267, "U5": 19.791344833821523}, "datetime": {"datetime": "2021-03-05 15:50:24", "elapsed": 374.980186, "delta": 1.640875}}
{"target": 0.29547908056297223, "params": {"T1": 0.050366026171703326, "T3": 0.08602787890906713, "T5": 0.08235178723679248, "U1": 15.259192465422277, "U5": 14.529373952312792}, "datetime": {"datetime": "2021-03-05 15:50:25", "elapsed": 376.000512, "delta": 1.020326}}
{"target": 0.4687919933583763, "params": {"T1": 0.14548753530398906, "T3": 0.12958773767139803, "T5": 0.07098810870402396, "U1": 18.849697107498482, "U5": 14.23941894240569}, "datetime": {"datetime": "2021-03-05 15:50:26", "elapsed": 377.023816, "delta": 1.023304}}
{"target": 0.2992375310932175, "params": {"T1": 0.06243673661104884, "T3": 0.09085482095130389, "T5": 0.11508177806675858, "U1": 16.517835123057463, "U5": 16.27656875859472}, "datetime": {"datetime": "2021-03-05 15:50:27", "elapsed": 378.079684, "delta": 1.055868}}
{"target": 0.304660608498959, "params": {"T1": 0.06580185199533009, "T3": 0.11576686156705317, "T5": 0.05007361733800275, "U1": 12.747860391306194, "U5": 16.818419460190473}, "datetime": {"datetime": "2021-03-05 15:50:28", "elapsed": 379.160152, "delta": 1.080468}}
{"target": 0.31737241661304716, "params": {"T1": 0.13098045085799964, "T3": 0.10150921091157442, "T5": 0.06977678957221946, "U1": 18.7116603215627, "U5": 14.90133287319749}, "datetime": {"datetime": "2021-03-05 15:50:29", "elapsed": 380.244701, "delta": 1.084549}}
{"target": 0.3656729468919151, "params": {"T1": 0.13789785263851034, "T3": 0.12419378263379863, "T5": 0.10715268839361, "U1": 18.07104180836736, "U5": 12.596715934139153}, "datetime": {"datetime": "2021-03-05 15:50:30", "elapsed": 381.266049, "delta": 1.021348}}
{"target": 0.2826616863134629, "params": {"T1": 0.05543994144642739, "T3": 0.13387275097288692, "T5": 0.05322336257495813, "U1": 17.06899028757175, "U5": 15.617139246491128}, "datetime": {"datetime": "2021-03-05 15:50:31", "elapsed": 382.226505, "delta": 0.960456}}
{"target": 0.26895500575305403, "params": {"T1": 0.12189927370593047, "T3": 0.12418405857337766, "T5": 0.1272741799158758, "U1": 12.089083183901007, "U5": 13.227384913921405}, "datetime": {"datetime": "2021-03-05 15:50:32", "elapsed": 383.318763, "delta": 1.092258}}
{"target": 0.38009985654034517, "params": {"T1": 0.05092913817697732, "T3": 0.1441174170445593, "T5": 0.07863846332671072, "U1": 19.443804299192394, "U5": 19.664789358300297}, "datetime": {"datetime": "2021-03-05 15:50:34", "elapsed": 384.819739, "delta": 1.500976}}
{"target": 0.2803604704587118, "params": {"T1": 0.09792784539760716, "T3": 0.07505606283020914, "T5": 0.12253359441147907, "U1": 12.950569515715024, "U5": 12.138697577002802}, "datetime": {"datetime": "2021-03-05 15:50:35", "elapsed": 385.733658, "delta": 0.913919}}
{"target": 0.294177913515481, "params": {"T1": 0.07633387269396279, "T3": 0.12461284448362717, "T5": 0.10563197248280332, "U1": 12.996289815156523, "U5": 14.16788038677981}, "datetime": {"datetime": "2021-03-05 15:50:36", "elapsed": 386.752446, "delta": 1.018788}}
{"target": 0.28208146028147607, "params": {"T1": 0.14013666105981248, "T3": 0.05257777595325424, "T5": 0.10540195789529902, "U1": 12.235997248104194, "U5": 17.373017440488045}, "datetime": {"datetime": "2021-03-05 15:50:38", "elapsed": 388.459936, "delta": 1.70749}}
{"target": 0.29609254594454903, "params": {"T1": 0.06459532738456727, "T3": 0.0715581043698323, "T5": 0.1292389773296876, "U1": 19.613670509973918, "U5": 14.637423197427234}, "datetime": {"datetime": "2021-03-05 15:50:39", "elapsed": 389.506163, "delta": 1.046227}}
