{"target": 0.18176077518785314, "params": {"T1": 0.1372958919958489, "T3": 0.09846183490064328, "T5": 0.13420849258359507, "U1": 18.137149811907378, "U5": 18.81858466595129}, "datetime": {"datetime": "2021-03-05 13:23:21", "elapsed": 1025.578514, "delta": 4.865397}}
{"target": 0.2997751052134992, "params": {"T1": 0.09457514004583892, "T3": 0.09881426495919499, "T5": 0.05294054164760882, "U1": 18.541350691180064, "U5": 13.29821496639873}, "datetime": {"datetime": "2021-03-05 13:23:23", "elapsed": 1027.948854, "delta": 2.37034}}
{"target": 0.2812256052011752, "params": {"T1": 0.10169842669294779, "T3": 0.1337798063613413, "T5": 0.14819068229819665, "U1": 16.5267574595049, "U5": 14.501268135824992}, "datetime": {"datetime": "2021-03-05 13:23:27", "elapsed": 1031.59159, "delta": 3.642736}}
{"target": 0.25563738443972406, "params": {"T1": 0.054057425173594714, "T3": 0.0992143293683915, "T5": 0.12107295835186337, "U1": 12.593810602922135, "U5": 19.438122607972595}, "datetime": {"datetime": "2021-03-05 13:23:29", "elapsed": 1034.006851, "delta": 2.415261}}
{"target": 0.4332399229984904, "params": {"T1": 0.12321863814329116, "T3": 0.11715574851513728, "T5": 0.11763178067448245, "U1": 15.727353808888083, "U5": 19.332861698147152}, "datetime": {"datetime": "2021-03-05 13:23:32", "elapsed": 1036.53874, "delta": 2.531889}}
{"target": 0.1554796537684335, "params": {"T1": 0.11680649531957829, "T3": 0.10592699972262813, "T5": 0.11281970654401959, "U1": 19.28143530714909, "U5": 16.155862475797303}, "datetime": {"datetime": "2021-03-05 13:23:36", "elapsed": 1040.842329, "delta": 4.303589}}
{"target": 0.5026510611794055, "params": {"T1": 0.14943884269909927, "T3": 0.11078707209811678, "T5": 0.10750056874834323, "U1": 19.545001857056782, "U5": 16.685479592831147}, "datetime": {"datetime": "2021-03-05 13:23:41", "elapsed": 1045.901556, "delta": 5.059227}}
{"target": 0.2214242989775415, "params": {"T1": 0.14622589823375864, "T3": 0.13776078897132227, "T5": 0.12668593931993533, "U1": 17.38555310554472, "U5": 17.691594713117127}, "datetime": {"datetime": "2021-03-05 13:23:45", "elapsed": 1050.141989, "delta": 4.240433}}
{"target": 0.3412624427828694, "params": {"T1": 0.06480364579183315, "T3": 0.1401995459374769, "T5": 0.12915662723113333, "U1": 13.554491769009648, "U5": 14.950929142206455}, "datetime": {"datetime": "2021-03-05 13:23:48", "elapsed": 1052.596836, "delta": 2.454847}}
{"target": 0.15341629985732014, "params": {"T1": 0.13024705339082138, "T3": 0.07311266930590515, "T5": 0.1392288029148392, "U1": 16.74937501578772, "U5": 14.225217064229977}, "datetime": {"datetime": "2021-03-05 13:23:50", "elapsed": 1054.771705, "delta": 2.174869}}
{"target": 0.13603602511822915, "params": {"T1": 0.11078791638533447, "T3": 0.07814878674548079, "T5": 0.10231686082861269, "U1": 15.8788904734079, "U5": 16.904193016279308}, "datetime": {"datetime": "2021-03-05 13:23:56", "elapsed": 1060.777772, "delta": 6.006067}}
{"target": 0.1844499403952071, "params": {"T1": 0.08360290287636515, "T3": 0.1440345480949628, "T5": 0.07589921016804639, "U1": 12.295889675425887, "U5": 13.86458278241944}, "datetime": {"datetime": "2021-03-05 13:23:58", "elapsed": 1062.798988, "delta": 2.021216}}
{"target": 0.6661875126416602, "params": {"T1": 0.09682321936537275, "T3": 0.10942747511826956, "T5": 0.061214014424012544, "U1": 15.158901596799437, "U5": 16.477828435634734}, "datetime": {"datetime": "2021-03-05 13:24:01", "elapsed": 1065.322202, "delta": 2.523214}}
{"target": 0.2625748117546546, "params": {"T1": 0.05283446981703545, "T3": 0.05920529948738741, "T5": 0.14366014994273385, "U1": 16.45234350924791, "U5": 19.400820745177228}, "datetime": {"datetime": "2021-03-05 13:24:03", "elapsed": 1068.122886, "delta": 2.800684}}
{"target": 0.31917769551157754, "params": {"T1": 0.11539673519466546, "T3": 0.11216676569351458, "T5": 0.0786624515374785, "U1": 15.709604244254919, "U5": 16.869962698464622}, "datetime": {"datetime": "2021-03-05 13:24:08", "elapsed": 1072.405346, "delta": 4.28246}}
{"target": 0.20613998231404898, "params": {"T1": 0.10441534607825434, "T3": 0.08893233488120651, "T5": 0.0911617140666923, "U1": 17.06583038942477, "U5": 16.13901235086606}, "datetime": {"datetime": "2021-03-05 13:24:10", "elapsed": 1074.677501, "delta": 2.272155}}
{"target": 0.2979231029680276, "params": {"T1": 0.10333812545399204, "T3": 0.0855644672655569, "T5": 0.13826318112225539, "U1": 14.571495416622394, "U5": 15.07748742041603}, "datetime": {"datetime": "2021-03-05 13:24:12", "elapsed": 1076.820199, "delta": 2.142698}}
{"target": 0.14328242155576662, "params": {"T1": 0.13250538730090655, "T3": 0.07665971469521841, "T5": 0.13350283939480156, "U1": 18.680471892206633, "U5": 16.93209983406637}, "datetime": {"datetime": "2021-03-05 13:24:16", "elapsed": 1080.830359, "delta": 4.01016}}
{"target": 0.14223114066498274, "params": {"T1": 0.10661468549973024, "T3": 0.07753431202062702, "T5": 0.08481378981398385, "U1": 18.15947980958185, "U5": 18.188143249232375}, "datetime": {"datetime": "2021-03-05 13:24:19", "elapsed": 1083.346708, "delta": 2.516349}}
{"target": 0.14624262056390214, "params": {"T1": 0.1402773428474667, "T3": 0.055860288199641034, "T5": 0.05672976947024984, "U1": 15.456307072331912, "U5": 13.45213057739874}, "datetime": {"datetime": "2021-03-05 13:24:22", "elapsed": 1086.401042, "delta": 3.054334}}
{"target": 0.1839450494747568, "params": {"T1": 0.08909181943989002, "T3": 0.13238778796117717, "T5": 0.08361137701539503, "U1": 15.705045951988938, "U5": 13.076033812659599}, "datetime": {"datetime": "2021-03-05 13:24:24", "elapsed": 1088.902846, "delta": 2.501804}}
{"target": 0.9531067478114739, "params": {"T1": 0.12068987397525877, "T3": 0.10520755394368511, "T5": 0.06597035228157398, "U1": 18.567755864944274, "U5": 14.24236670231408}, "datetime": {"datetime": "2021-03-05 13:24:27", "elapsed": 1091.378032, "delta": 2.475186}}
{"target": 0.21962940100016992, "params": {"T1": 0.05358275955344023, "T3": 0.07290572351197654, "T5": 0.12245291294427899, "U1": 16.44854998639165, "U5": 15.961694682236777}, "datetime": {"datetime": "2021-03-05 13:24:29", "elapsed": 1093.740841, "delta": 2.362809}}
{"target": 0.8717140716146301, "params": {"T1": 0.07460454348635576, "T3": 0.1361384715344343, "T5": 0.09434176992571533, "U1": 12.649783732432878, "U5": 19.23030125859794}, "datetime": {"datetime": "2021-03-05 13:24:32", "elapsed": 1096.369386, "delta": 2.628545}}
{"target": 0.2354673941607123, "params": {"T1": 0.1107938558288716, "T3": 0.0966775579836783, "T5": 0.07094512793194296, "U1": 18.058303137804096, "U5": 15.456037281293412}, "datetime": {"datetime": "2021-03-05 13:24:34", "elapsed": 1098.982273, "delta": 2.612887}}
{"target": 0.31889259791012226, "params": {"T1": 0.12177659667342447, "T3": 0.14443330071919153, "T5": 0.11386874473033677, "U1": 12.364639726793623, "U5": 13.872925706143356}, "datetime": {"datetime": "2021-03-05 13:24:38", "elapsed": 1102.646313, "delta": 3.66404}}
{"target": 0.27292564254339374, "params": {"T1": 0.0750126777565247, "T3": 0.06563687907142143, "T5": 0.07812593037330609, "U1": 12.724722434621278, "U5": 15.977041078012288}, "datetime": {"datetime": "2021-03-05 13:24:41", "elapsed": 1105.392773, "delta": 2.74646}}
{"target": 0.18403911500079886, "params": {"T1": 0.09899839845806344, "T3": 0.128961515527235, "T5": 0.0551616526780665, "U1": 17.403323405234254, "U5": 17.916079038040948}, "datetime": {"datetime": "2021-03-05 13:24:43", "elapsed": 1107.918543, "delta": 2.52577}}
{"target": 0.5155645131494304, "params": {"T1": 0.14344853728243867, "T3": 0.1345946437325668, "T5": 0.0755832896597378, "U1": 14.146700783742759, "U5": 19.620475818072062}, "datetime": {"datetime": "2021-03-05 13:24:46", "elapsed": 1110.459395, "delta": 2.540852}}
{"target": 0.3835399424938555, "params": {"T1": 0.06795442425806597, "T3": 0.13125494175375008, "T5": 0.0664855396006374, "U1": 17.01022195909055, "U5": 12.454245927754915}, "datetime": {"datetime": "2021-03-05 13:24:50", "elapsed": 1114.681327, "delta": 4.221932}}
{"target": 0.13412954764444518, "params": {"T1": 0.14218764257907862, "T3": 0.0671180461567242, "T5": 0.06225850624502597, "U1": 14.421746356794584, "U5": 17.192254508086673}, "datetime": {"datetime": "2021-03-05 13:24:58", "elapsed": 1122.223198, "delta": 7.541871}}
{"target": 0.2715394000697731, "params": {"T1": 0.09035463340266359, "T3": 0.09010704735974914, "T5": 0.10212225350393395, "U1": 19.37035574743009, "U5": 14.994544433306434}, "datetime": {"datetime": "2021-03-05 13:25:00", "elapsed": 1124.386084, "delta": 2.162886}}
{"target": 0.16884530635234352, "params": {"T1": 0.1420567416813303, "T3": 0.11292720914686484, "T5": 0.07218677665679518, "U1": 17.161364772452956, "U5": 16.16156105739642}, "datetime": {"datetime": "2021-03-05 13:25:04", "elapsed": 1128.760333, "delta": 4.374249}}
{"target": 0.2899993020380539, "params": {"T1": 0.1258487065776996, "T3": 0.11406657847403108, "T5": 0.11058806387665479, "U1": 13.120285800972894, "U5": 14.684668427843375}, "datetime": {"datetime": "2021-03-05 13:25:07", "elapsed": 1131.367028, "delta": 2.606695}}
{"target": 0.359268735975905, "params": {"T1": 0.08844143588410029, "T3": 0.06274672302536512, "T5": 0.05288351565907661, "U1": 17.736394432156704, "U5": 18.325561611375836}, "datetime": {"datetime": "2021-03-05 13:25:09", "elapsed": 1133.663592, "delta": 2.296564}}
{"target": 0.19331398318311452, "params": {"T1": 0.09295549713797502, "T3": 0.08810464678601891, "T5": 0.08744479893442464, "U1": 14.918863330039152, "U5": 19.902693046293802}, "datetime": {"datetime": "2021-03-05 13:25:11", "elapsed": 1136.04186, "delta": 2.378268}}
{"target": 1.4570208257044315, "params": {"T1": 0.14696714832274232, "T3": 0.10905251104147909, "T5": 0.055764172037178955, "U1": 18.731936173376717, "U5": 17.164340344938562}, "datetime": {"datetime": "2021-03-05 13:25:16", "elapsed": 1140.51402, "delta": 4.47216}}
{"target": 0.1452861110110946, "params": {"T1": 0.059837328092966414, "T3": 0.09749984608792099, "T5": 0.11509169129935101, "U1": 15.868269679708842, "U5": 16.3871402616143}, "datetime": {"datetime": "2021-03-05 13:25:18", "elapsed": 1143.104968, "delta": 2.590948}}
{"target": 0.18493530394595084, "params": {"T1": 0.07210138840418531, "T3": 0.06777101861880605, "T5": 0.14104384379226087, "U1": 19.408147385354532, "U5": 15.239714530631135}, "datetime": {"datetime": "2021-03-05 13:25:25", "elapsed": 1149.368217, "delta": 6.263249}}
{"target": 0.13116628910371803, "params": {"T1": 0.1025223997718499, "T3": 0.08301972089830549, "T5": 0.0522975708259399, "U1": 12.872768586256424, "U5": 15.736062433226621}, "datetime": {"datetime": "2021-03-05 13:25:27", "elapsed": 1151.996942, "delta": 2.628725}}
{"target": 0.5498457357437929, "params": {"T1": 0.09900082779404734, "T3": 0.10593422840554442, "T5": 0.05593391497213934, "U1": 14.120450976319889, "U5": 12.213192601474038}, "datetime": {"datetime": "2021-03-05 13:25:31", "elapsed": 1155.332207, "delta": 3.335265}}
{"target": 0.40520987985268075, "params": {"T1": 0.09013559211385117, "T3": 0.10425294891153289, "T5": 0.06238761210448787, "U1": 14.005975650620837, "U5": 16.24648819690471}, "datetime": {"datetime": "2021-03-05 13:25:33", "elapsed": 1157.413357, "delta": 2.08115}}
{"target": 0.29464935314305923, "params": {"T1": 0.05876778580951351, "T3": 0.11053847245973214, "T5": 0.10353475302794693, "U1": 15.209942975687493, "U5": 14.262088074835884}, "datetime": {"datetime": "2021-03-05 13:25:35", "elapsed": 1159.930196, "delta": 2.516839}}
{"target": 0.4874837921309403, "params": {"T1": 0.07481346824749319, "T3": 0.054146388021695205, "T5": 0.0713308522513863, "U1": 15.232696249429459, "U5": 13.704495496331058}, "datetime": {"datetime": "2021-03-05 13:25:40", "elapsed": 1164.711315, "delta": 4.781119}}
{"target": 0.20841869386905185, "params": {"T1": 0.05527677945752725, "T3": 0.05065398520181569, "T5": 0.1454946538218213, "U1": 17.254715222159874, "U5": 17.520753814580303}, "datetime": {"datetime": "2021-03-05 13:25:44", "elapsed": 1168.422281, "delta": 3.710966}}
{"target": 0.23982862422408247, "params": {"T1": 0.10724167270925075, "T3": 0.07061084163306489, "T5": 0.09521965395459646, "U1": 12.806125797634031, "U5": 15.841521250299266}, "datetime": {"datetime": "2021-03-05 13:25:47", "elapsed": 1172.000948, "delta": 3.578667}}
{"target": 0.3298600580226692, "params": {"T1": 0.11949215034520694, "T3": 0.14754790335090068, "T5": 0.13765871860912732, "U1": 14.897436003763593, "U5": 19.164338081828486}, "datetime": {"datetime": "2021-03-05 13:25:51", "elapsed": 1176.120518, "delta": 4.11957}}
{"target": 0.31017342132257886, "params": {"T1": 0.050784592606294456, "T3": 0.06594910494328651, "T5": 0.13768166120388808, "U1": 17.559728781254297, "U5": 15.478823936701144}, "datetime": {"datetime": "2021-03-05 13:25:56", "elapsed": 1180.699581, "delta": 4.579063}}
{"target": 0.2839642433890488, "params": {"T1": 0.05077544925739713, "T3": 0.10773671697453666, "T5": 0.11379397283231693, "U1": 14.343462552393294, "U5": 16.4703690823101}, "datetime": {"datetime": "2021-03-05 13:25:59", "elapsed": 1183.306341, "delta": 2.60676}}
{"target": 0.2020831457456763, "params": {"T1": 0.13616091225227783, "T3": 0.08476807116525174, "T5": 0.0676532042609667, "U1": 16.810965134159154, "U5": 12.635595842142912}, "datetime": {"datetime": "2021-03-05 13:26:01", "elapsed": 1185.853301, "delta": 2.54696}}
{"target": 0.14988555154856212, "params": {"T1": 0.08011039075926542, "T3": 0.06289582559636056, "T5": 0.12459770311914593, "U1": 19.18913149988922, "U5": 18.802462040461734}, "datetime": {"datetime": "2021-03-05 13:26:04", "elapsed": 1188.421485, "delta": 2.568184}}
{"target": 0.7662976005644447, "params": {"T1": 0.09565233005286931, "T3": 0.12447504298752997, "T5": 0.08651524020332635, "U1": 15.511300381806388, "U5": 14.40320654349647}, "datetime": {"datetime": "2021-03-05 13:26:06", "elapsed": 1190.838324, "delta": 2.416839}}
{"target": 0.2854626001103645, "params": {"T1": 0.10333137014223362, "T3": 0.13660070136430913, "T5": 0.1436964501498701, "U1": 12.806893907500843, "U5": 14.859584414161349}, "datetime": {"datetime": "2021-03-05 13:26:09", "elapsed": 1193.83401, "delta": 2.995686}}
{"target": 0.1436369338361758, "params": {"T1": 0.12670414846368291, "T3": 0.060159207476166376, "T5": 0.09185416009642698, "U1": 16.967596112208305, "U5": 15.761030234392688}, "datetime": {"datetime": "2021-03-05 13:26:12", "elapsed": 1196.246648, "delta": 2.412638}}
{"target": 0.11676790204660988, "params": {"T1": 0.1291917884986341, "T3": 0.11332567627657976, "T5": 0.08326858529063638, "U1": 16.129316768429494, "U5": 18.785009672300003}, "datetime": {"datetime": "2021-03-05 13:26:14", "elapsed": 1198.623745, "delta": 2.377097}}
{"target": 0.13077329989156658, "params": {"T1": 0.12585103871067113, "T3": 0.0730514988728315, "T5": 0.060976816693809305, "U1": 13.597617993015579, "U5": 17.49989122719357}, "datetime": {"datetime": "2021-03-05 13:26:17", "elapsed": 1201.597773, "delta": 2.974028}}
{"target": 0.5078103823662391, "params": {"T1": 0.0632351016044481, "T3": 0.07255625260570966, "T5": 0.06669712688431004, "U1": 13.613798192552924, "U5": 14.613885336374118}, "datetime": {"datetime": "2021-03-05 13:26:21", "elapsed": 1205.783174, "delta": 4.185401}}
{"target": 0.1441801458401892, "params": {"T1": 0.12564914603631996, "T3": 0.12000765152500374, "T5": 0.050022946312504674, "U1": 17.31078871217187, "U5": 12.954728001863081}, "datetime": {"datetime": "2021-03-05 13:26:25", "elapsed": 1209.428737, "delta": 3.645563}}
{"target": 0.1985375341914364, "params": {"T1": 0.051947506830799565, "T3": 0.08939890535483813, "T5": 0.07315229403489938, "U1": 13.456477889624768, "U5": 16.99735454093206}, "datetime": {"datetime": "2021-03-05 13:26:28", "elapsed": 1212.884934, "delta": 3.456197}}
{"target": 0.5670447965290212, "params": {"T1": 0.13256237729632325, "T3": 0.12394492576672919, "T5": 0.1210705653612698, "U1": 17.078247930178144, "U5": 16.965249117235686}, "datetime": {"datetime": "2021-03-05 13:26:30", "elapsed": 1215.14228, "delta": 2.257346}}
{"target": 0.3880166805454107, "params": {"T1": 0.11956819616126636, "T3": 0.12164688991401958, "T5": 0.07914606465084159, "U1": 14.324778451646122, "U5": 16.758521371093824}, "datetime": {"datetime": "2021-03-05 13:26:33", "elapsed": 1217.555218, "delta": 2.412938}}
{"target": 0.18389699187210348, "params": {"T1": 0.06529844167666726, "T3": 0.08627360069002106, "T5": 0.08730954191475412, "U1": 18.09004977937515, "U5": 15.323556076436999}, "datetime": {"datetime": "2021-03-05 13:26:37", "elapsed": 1221.668326, "delta": 4.113108}}
{"target": 0.30607053886459124, "params": {"T1": 0.0643840600482002, "T3": 0.10043650794304115, "T5": 0.06205503774231787, "U1": 16.869743675040745, "U5": 15.842763570363173}, "datetime": {"datetime": "2021-03-05 13:26:42", "elapsed": 1226.595358, "delta": 4.927032}}
{"target": 0.13719884043067818, "params": {"T1": 0.13241084358856947, "T3": 0.059828098012078224, "T5": 0.12166303821054485, "U1": 15.352754306922211, "U5": 16.022539545099786}, "datetime": {"datetime": "2021-03-05 13:26:44", "elapsed": 1228.768354, "delta": 2.172996}}
{"target": 0.21907365291612177, "params": {"T1": 0.10315406329484167, "T3": 0.08038029858563046, "T5": 0.08579483993158277, "U1": 13.565519195598995, "U5": 15.343671658548953}, "datetime": {"datetime": "2021-03-05 13:26:49", "elapsed": 1234.080583, "delta": 5.312229}}
{"target": 0.17770906769508207, "params": {"T1": 0.0549255490254726, "T3": 0.12446797064666965, "T5": 0.059620541261720554, "U1": 19.71764054913327, "U5": 13.166156275210746}, "datetime": {"datetime": "2021-03-05 13:26:52", "elapsed": 1236.497419, "delta": 2.416836}}
{"target": 0.3996961822654605, "params": {"T1": 0.12480610441237157, "T3": 0.129665205410872, "T5": 0.12178098921390533, "U1": 12.885178241874726, "U5": 12.486610177795725}, "datetime": {"datetime": "2021-03-05 13:26:55", "elapsed": 1239.258733, "delta": 2.761314}}
{"target": 0.1532850704654534, "params": {"T1": 0.13917105268955912, "T3": 0.07291752233179992, "T5": 0.14973668132512324, "U1": 16.61032608096444, "U5": 19.734496823653476}, "datetime": {"datetime": "2021-03-05 13:26:57", "elapsed": 1241.900425, "delta": 2.641692}}
{"target": 0.21301262770272658, "params": {"T1": 0.07324253511255067, "T3": 0.05654637165587656, "T5": 0.06729469309680716, "U1": 14.57956494254416, "U5": 15.390560198380856}, "datetime": {"datetime": "2021-03-05 13:27:02", "elapsed": 1246.854345, "delta": 4.95392}}
{"target": 0.16344608849638725, "params": {"T1": 0.10854681980223757, "T3": 0.10088025567644746, "T5": 0.06377606955447211, "U1": 15.301248705498084, "U5": 17.178909613830342}, "datetime": {"datetime": "2021-03-05 13:27:05", "elapsed": 1249.413242, "delta": 2.558897}}
{"target": 0.36397435306886294, "params": {"T1": 0.09897175628950994, "T3": 0.08746006546005844, "T5": 0.08426102246970307, "U1": 19.644849441669834, "U5": 14.460892893438592}, "datetime": {"datetime": "2021-03-05 13:27:10", "elapsed": 1254.59959, "delta": 5.186348}}
{"target": 0.28471237156857276, "params": {"T1": 0.08060874618813692, "T3": 0.1177547707975994, "T5": 0.14675715363185224, "U1": 15.402455930674233, "U5": 13.776382257946286}, "datetime": {"datetime": "2021-03-05 13:27:15", "elapsed": 1259.498046, "delta": 4.898456}}
{"target": 0.31114035257406886, "params": {"T1": 0.07263823852726706, "T3": 0.0875409321376989, "T5": 0.05786203537458621, "U1": 13.826001134175037, "U5": 16.263888748796866}, "datetime": {"datetime": "2021-03-05 13:27:18", "elapsed": 1262.294043, "delta": 2.795997}}
{"target": 0.1448642081463871, "params": {"T1": 0.09999249645047903, "T3": 0.0796344677093079, "T5": 0.1289536357814529, "U1": 13.146556486154987, "U5": 12.019261269997397}, "datetime": {"datetime": "2021-03-05 13:27:20", "elapsed": 1264.695272, "delta": 2.401229}}
{"target": 0.1887898514846311, "params": {"T1": 0.06462606614123619, "T3": 0.056029363191073545, "T5": 0.05495035789861903, "U1": 15.348756170793191, "U5": 17.542659465790265}, "datetime": {"datetime": "2021-03-05 13:27:25", "elapsed": 1269.385704, "delta": 4.690432}}
{"target": 0.12912257673356753, "params": {"T1": 0.12501837972115581, "T3": 0.09807583818748974, "T5": 0.07162248017913117, "U1": 16.046602048297068, "U5": 13.557781168096373}, "datetime": {"datetime": "2021-03-05 13:27:27", "elapsed": 1271.691725, "delta": 2.306021}}
{"target": 0.3815363236867442, "params": {"T1": 0.14280711013746716, "T3": 0.07169094099601801, "T5": 0.09807087870517738, "U1": 18.661003112947352, "U5": 18.08885302470741}, "datetime": {"datetime": "2021-03-05 13:27:32", "elapsed": 1276.662808, "delta": 4.971083}}
{"target": 0.13469803131874986, "params": {"T1": 0.11557397385952285, "T3": 0.07238937686447502, "T5": 0.10382027775367562, "U1": 15.64073872496787, "U5": 19.098537589150165}, "datetime": {"datetime": "2021-03-05 13:27:37", "elapsed": 1282.023612, "delta": 5.360804}}
{"target": 0.18451141132879717, "params": {"T1": 0.08005333224844932, "T3": 0.11257339259792466, "T5": 0.11494716479245472, "U1": 17.11037534424972, "U5": 15.915372150408064}, "datetime": {"datetime": "2021-03-05 13:27:40", "elapsed": 1284.703949, "delta": 2.680337}}
{"target": 0.14423383396530695, "params": {"T1": 0.06312683153917553, "T3": 0.10738240945976193, "T5": 0.14447894172972303, "U1": 17.50333289242384, "U5": 14.712699327420953}, "datetime": {"datetime": "2021-03-05 13:27:43", "elapsed": 1287.274391, "delta": 2.570442}}
{"target": 0.21923613189532098, "params": {"T1": 0.12719903958317674, "T3": 0.09394753493025965, "T5": 0.09971241803756942, "U1": 12.91396882191674, "U5": 19.773088152687166}, "datetime": {"datetime": "2021-03-05 13:27:50", "elapsed": 1294.482601, "delta": 7.20821}}
{"target": 0.2780070435119164, "params": {"T1": 0.06669722031446221, "T3": 0.10073307801437087, "T5": 0.127890718815582, "U1": 18.680095395393433, "U5": 14.393525585231163}, "datetime": {"datetime": "2021-03-05 13:27:52", "elapsed": 1297.157721, "delta": 2.67512}}
