{"target": 0.1503039875893505, "params": {"T1": 0.10441534607825434, "T3": 0.08893233488120651, "T5": 0.0911617140666923, "U1": 17.06583038942477, "U5": 16.13901235086606}, "datetime": {"datetime": "2021-03-04 16:18:22", "elapsed": 935.968085, "delta": 1.827333}}
{"target": 0.161754502317195, "params": {"T1": 0.0767671771095699, "T3": 0.07156714689107409, "T5": 0.05868727652176026, "U1": 16.998561436102726, "U5": 19.825616546188567}, "datetime": {"datetime": "2021-03-04 16:18:26", "elapsed": 939.679106, "delta": 3.711021}}
{"target": 0.13675254608350076, "params": {"T1": 0.13250538730090655, "T3": 0.07665971469521841, "T5": 0.13350283939480156, "U1": 18.680471892206633, "U5": 16.93209983406637}, "datetime": {"datetime": "2021-03-04 16:18:28", "elapsed": 941.914125, "delta": 2.235019}}
{"target": 0.13000932041426191, "params": {"T1": 0.10881515494046395, "T3": 0.10546881998817031, "T5": 0.130426540017812, "U1": 18.60883673578178, "U5": 15.493909569887682}, "datetime": {"datetime": "2021-03-04 16:18:31", "elapsed": 944.672149, "delta": 2.758024}}
{"target": 0.5670610171226832, "params": {"T1": 0.06579023593687029, "T3": 0.09976065342600703, "T5": 0.06491934122257177, "U1": 19.829685947061435, "U5": 19.165072618610086}, "datetime": {"datetime": "2021-03-04 16:18:33", "elapsed": 947.117421, "delta": 2.445272}}
{"target": 0.20797075685967747, "params": {"T1": 0.08909181943989002, "T3": 0.13238778796117717, "T5": 0.08361137701539503, "U1": 15.705045951988938, "U5": 13.076033812659599}, "datetime": {"datetime": "2021-03-04 16:18:35", "elapsed": 948.989129, "delta": 1.871708}}
{"target": 0.5492341192075054, "params": {"T1": 0.12068987397525877, "T3": 0.10520755394368511, "T5": 0.06597035228157398, "U1": 18.567755864944274, "U5": 14.24236670231408}, "datetime": {"datetime": "2021-03-04 16:18:37", "elapsed": 950.887865, "delta": 1.898736}}
{"target": 0.14977636775980763, "params": {"T1": 0.09646371911398088, "T3": 0.06829261896763915, "T5": 0.1219231308586612, "U1": 15.366826211029895, "U5": 14.071802820262391}, "datetime": {"datetime": "2021-03-04 16:18:40", "elapsed": 954.047641, "delta": 3.159776}}
{"target": 0.280624347539099, "params": {"T1": 0.07460454348635576, "T3": 0.1361384715344343, "T5": 0.09434176992571533, "U1": 12.649783732432878, "U5": 19.23030125859794}, "datetime": {"datetime": "2021-03-04 16:18:42", "elapsed": 956.009509, "delta": 1.961868}}
{"target": 0.1378666456309701, "params": {"T1": 0.1107938558288716, "T3": 0.0966775579836783, "T5": 0.07094512793194296, "U1": 18.058303137804096, "U5": 15.456037281293412}, "datetime": {"datetime": "2021-03-04 16:18:44", "elapsed": 957.980222, "delta": 1.970713}}
{"target": 0.4971611771814379, "params": {"T1": 0.08910660075588392, "T3": 0.13222173010709407, "T5": 0.06058636847574516, "U1": 19.38079024171353, "U5": 19.571687699351852}, "datetime": {"datetime": "2021-03-04 16:18:47", "elapsed": 960.822986, "delta": 2.842764}}
{"target": 0.19999300249483756, "params": {"T1": 0.0750126777565247, "T3": 0.06563687907142143, "T5": 0.07812593037330609, "U1": 12.724722434621278, "U5": 15.977041078012288}, "datetime": {"datetime": "2021-03-04 16:18:49", "elapsed": 962.927488, "delta": 2.104502}}
{"target": 0.9994762364683165, "params": {"T1": 0.07399940370984895, "T3": 0.07711283629875446, "T5": 0.056710524790287965, "U1": 18.068284138496278, "U5": 18.041808741835197}, "datetime": {"datetime": "2021-03-04 16:18:53", "elapsed": 966.210829, "delta": 3.283341}}
{"target": 0.20476476842303523, "params": {"T1": 0.14344853728243867, "T3": 0.1345946437325668, "T5": 0.0755832896597378, "U1": 14.146700783742759, "U5": 19.620475818072062}, "datetime": {"datetime": "2021-03-04 16:18:55", "elapsed": 968.209736, "delta": 1.998907}}
{"target": 0.6842515341533263, "params": {"T1": 0.06795442425806597, "T3": 0.13125494175375008, "T5": 0.0664855396006374, "U1": 17.01022195909055, "U5": 12.454245927754915}, "datetime": {"datetime": "2021-03-04 16:18:56", "elapsed": 970.147673, "delta": 1.937937}}
{"target": 0.12631525922096046, "params": {"T1": 0.14218764257907862, "T3": 0.0671180461567242, "T5": 0.06225850624502597, "U1": 14.421746356794584, "U5": 17.192254508086673}, "datetime": {"datetime": "2021-03-04 16:18:59", "elapsed": 972.658629, "delta": 2.510956}}
{"target": 0.27915256746779504, "params": {"T1": 0.07943279328393724, "T3": 0.10760691292035574, "T5": 0.10096330373008289, "U1": 19.852194255439752, "U5": 19.64527711492812}, "datetime": {"datetime": "2021-03-04 16:19:04", "elapsed": 977.392825, "delta": 4.734196}}
{"target": 0.8141852904097767, "params": {"T1": 0.1420567416813303, "T3": 0.11292720914686484, "T5": 0.07218677665679518, "U1": 17.161364772452956, "U5": 16.16156105739642}, "datetime": {"datetime": "2021-03-04 16:19:06", "elapsed": 979.252724, "delta": 1.859899}}
{"target": 0.2762928387104211, "params": {"T1": 0.1258487065776996, "T3": 0.11406657847403108, "T5": 0.11058806387665479, "U1": 13.120285800972894, "U5": 14.684668427843375}, "datetime": {"datetime": "2021-03-04 16:19:08", "elapsed": 981.308904, "delta": 2.05618}}
{"target": 0.12228451895545854, "params": {"T1": 0.07516824830070798, "T3": 0.10869813808998238, "T5": 0.1340190603104776, "U1": 18.597000495630127, "U5": 18.963822781954445}, "datetime": {"datetime": "2021-03-04 16:19:11", "elapsed": 984.32202, "delta": 3.013116}}
{"target": 0.3568179620117634, "params": {"T1": 0.11176869482121735, "T3": 0.12855414145932798, "T5": 0.05222564091831671, "U1": 19.385737351287148, "U5": 19.56694955093356}, "datetime": {"datetime": "2021-03-04 16:19:14", "elapsed": 987.564563, "delta": 3.242543}}
{"target": 0.913083145176236, "params": {"T1": 0.14696714832274232, "T3": 0.10905251104147909, "T5": 0.055764172037178955, "U1": 18.731936173376717, "U5": 17.164340344938562}, "datetime": {"datetime": "2021-03-04 16:19:16", "elapsed": 989.746247, "delta": 2.181684}}
{"target": 0.29773489974116435, "params": {"T1": 0.10488082982232097, "T3": 0.07478930556536459, "T5": 0.14970713401122815, "U1": 13.207531658078912, "U5": 14.308750773475023}, "datetime": {"datetime": "2021-03-04 16:19:18", "elapsed": 992.08957, "delta": 2.343323}}
{"target": 0.1474881644101915, "params": {"T1": 0.07210138840418531, "T3": 0.06777101861880605, "T5": 0.14104384379226087, "U1": 19.408147385354532, "U5": 15.239714530631135}, "datetime": {"datetime": "2021-03-04 16:19:21", "elapsed": 994.905471, "delta": 2.815901}}
{"target": 0.2106963846849857, "params": {"T1": 0.05143495753636636, "T3": 0.1044782764623403, "T5": 0.08312634317633534, "U1": 19.694134682493445, "U5": 13.42219611833453}, "datetime": {"datetime": "2021-03-04 16:19:24", "elapsed": 997.971588, "delta": 3.066117}}
{"target": 0.22272178174197932, "params": {"T1": 0.084523124934849, "T3": 0.09790041539644148, "T5": 0.0732247425323713, "U1": 19.942390369449537, "U5": 13.71399172552241}, "datetime": {"datetime": "2021-03-04 16:19:28", "elapsed": 1002.077955, "delta": 4.106367}}
{"target": 0.1523588644143002, "params": {"T1": 0.1015091988805265, "T3": 0.1440459758412101, "T5": 0.11293868213098286, "U1": 19.80827938169345, "U5": 17.22689509535927}, "datetime": {"datetime": "2021-03-04 16:19:32", "elapsed": 1005.300244, "delta": 3.222289}}
{"target": 0.15787184026373638, "params": {"T1": 0.05876778580951351, "T3": 0.11053847245973214, "T5": 0.10353475302794693, "U1": 15.209942975687493, "U5": 14.262088074835884}, "datetime": {"datetime": "2021-03-04 16:19:34", "elapsed": 1007.304265, "delta": 2.004021}}
{"target": 0.21610800731601545, "params": {"T1": 0.07481346824749319, "T3": 0.054146388021695205, "T5": 0.0713308522513863, "U1": 15.232696249429459, "U5": 13.704495496331058}, "datetime": {"datetime": "2021-03-04 16:19:36", "elapsed": 1009.82294, "delta": 2.518675}}
{"target": 0.17608061675267903, "params": {"T1": 0.07733333938166752, "T3": 0.14499812401189116, "T5": 0.13356665676329976, "U1": 19.53161730472775, "U5": 16.56562346394788}, "datetime": {"datetime": "2021-03-04 16:19:39", "elapsed": 1012.832477, "delta": 3.009537}}
{"target": 0.269522621625424, "params": {"T1": 0.10724167270925075, "T3": 0.07061084163306489, "T5": 0.09521965395459646, "U1": 12.806125797634031, "U5": 15.841521250299266}, "datetime": {"datetime": "2021-03-04 16:19:41", "elapsed": 1015.041002, "delta": 2.208525}}
{"target": 0.8576093246495458, "params": {"T1": 0.11949215034520694, "T3": 0.14754790335090068, "T5": 0.13765871860912732, "U1": 14.897436003763593, "U5": 19.164338081828486}, "datetime": {"datetime": "2021-03-04 16:19:44", "elapsed": 1017.447002, "delta": 2.406}}
{"target": 0.25939821095948495, "params": {"T1": 0.11704203952510824, "T3": 0.11289311528920883, "T5": 0.057123139297797026, "U1": 19.391040774404438, "U5": 19.57032545606263}, "datetime": {"datetime": "2021-03-04 16:19:46", "elapsed": 1020.144435, "delta": 2.697433}}
{"target": 0.257869400937727, "params": {"T1": 0.05077544925739713, "T3": 0.10773671697453666, "T5": 0.11379397283231693, "U1": 14.343462552393294, "U5": 16.4703690823101}, "datetime": {"datetime": "2021-03-04 16:19:48", "elapsed": 1022.158666, "delta": 2.014231}}
{"target": 0.26782539569532826, "params": {"T1": 0.10631778449858867, "T3": 0.08041300302104916, "T5": 0.07283453234082742, "U1": 16.933649520584012, "U5": 17.515079343244174}, "datetime": {"datetime": "2021-03-04 16:19:52", "elapsed": 1025.262378, "delta": 3.103712}}
{"target": 0.6926474587212804, "params": {"T1": 0.09008172201650096, "T3": 0.11433259808181184, "T5": 0.06226426062972278, "U1": 19.56968201411903, "U5": 15.501936716627293}, "datetime": {"datetime": "2021-03-04 16:19:54", "elapsed": 1028.171731, "delta": 2.909353}}
{"target": 0.18146477951867918, "params": {"T1": 0.12155236484525524, "T3": 0.1338895592075558, "T5": 0.12046768743894912, "U1": 14.370666452798307, "U5": 13.119974274286601}, "datetime": {"datetime": "2021-03-04 16:19:57", "elapsed": 1030.988307, "delta": 2.816576}}
{"target": 0.17826085047321516, "params": {"T1": 0.10333137014223362, "T3": 0.13660070136430913, "T5": 0.1436964501498701, "U1": 12.806893907500843, "U5": 14.859584414161349}, "datetime": {"datetime": "2021-03-04 16:19:59", "elapsed": 1033.158626, "delta": 2.170319}}
{"target": 0.22059211115600644, "params": {"T1": 0.07153271415447096, "T3": 0.12394486265275546, "T5": 0.1309621759139168, "U1": 18.001471284242427, "U5": 18.09416255119917}, "datetime": {"datetime": "2021-03-04 16:20:02", "elapsed": 1035.868014, "delta": 2.709388}}
{"target": 0.14238197105185726, "params": {"T1": 0.1291917884986341, "T3": 0.11332567627657976, "T5": 0.08326858529063638, "U1": 16.129316768429494, "U5": 18.785009672300003}, "datetime": {"datetime": "2021-03-04 16:20:04", "elapsed": 1038.068588, "delta": 2.200574}}
{"target": 0.13291785738363687, "params": {"T1": 0.12585103871067113, "T3": 0.0730514988728315, "T5": 0.060976816693809305, "U1": 13.597617993015579, "U5": 17.49989122719357}, "datetime": {"datetime": "2021-03-04 16:20:07", "elapsed": 1040.247691, "delta": 2.179103}}
{"target": 0.17877795496125815, "params": {"T1": 0.0632351016044481, "T3": 0.07255625260570966, "T5": 0.06669712688431004, "U1": 13.613798192552924, "U5": 14.613885336374118}, "datetime": {"datetime": "2021-03-04 16:20:09", "elapsed": 1042.69388, "delta": 2.446189}}
{"target": 0.21745029354755288, "params": {"T1": 0.0852895423701016, "T3": 0.09125111930436768, "T5": 0.09531133595799463, "U1": 18.97033476388517, "U5": 13.673488979007953}, "datetime": {"datetime": "2021-03-04 16:20:14", "elapsed": 1047.250634, "delta": 4.556754}}
{"target": 0.21241085901346635, "params": {"T1": 0.1233529090763415, "T3": 0.07820980298834575, "T5": 0.05089069981052244, "U1": 18.577409483051653, "U5": 14.23317305363987}, "datetime": {"datetime": "2021-03-04 16:20:18", "elapsed": 1051.880303, "delta": 4.629669}}
{"target": 0.2711183525632551, "params": {"T1": 0.13256237729632325, "T3": 0.12394492576672919, "T5": 0.1210705653612698, "U1": 17.078247930178144, "U5": 16.965249117235686}, "datetime": {"datetime": "2021-03-04 16:20:20", "elapsed": 1053.696478, "delta": 1.816175}}
{"target": 0.380925913411765, "params": {"T1": 0.11956819616126636, "T3": 0.12164688991401958, "T5": 0.07914606465084159, "U1": 14.324778451646122, "U5": 16.758521371093824}, "datetime": {"datetime": "2021-03-04 16:20:22", "elapsed": 1055.780766, "delta": 2.084288}}
{"target": 0.5343815131159724, "params": {"T1": 0.06281579510633462, "T3": 0.13533614861292814, "T5": 0.11257191145600626, "U1": 12.296226395135951, "U5": 12.524989697569398}, "datetime": {"datetime": "2021-03-04 16:20:25", "elapsed": 1058.698397, "delta": 2.917631}}
{"target": 0.3017997730733356, "params": {"T1": 0.0643840600482002, "T3": 0.10043650794304115, "T5": 0.06205503774231787, "U1": 16.869743675040745, "U5": 15.842763570363173}, "datetime": {"datetime": "2021-03-04 16:20:27", "elapsed": 1061.000574, "delta": 2.302177}}
{"target": 0.2797207521933396, "params": {"T1": 0.11841758495221173, "T3": 0.12522741144245264, "T5": 0.09764600355923074, "U1": 19.631405401546452, "U5": 18.31949645125666}, "datetime": {"datetime": "2021-03-04 16:20:31", "elapsed": 1064.842189, "delta": 3.841615}}
{"target": 0.19165195295923432, "params": {"T1": 0.09565887961332485, "T3": 0.12942900542997532, "T5": 0.07567536561145619, "U1": 18.025835136843785, "U5": 17.625855985145034}, "datetime": {"datetime": "2021-03-04 16:20:35", "elapsed": 1068.764611, "delta": 3.922422}}
{"target": 0.33126687435297253, "params": {"T1": 0.0549255490254726, "T3": 0.12446797064666965, "T5": 0.059620541261720554, "U1": 19.71764054913327, "U5": 13.166156275210746}, "datetime": {"datetime": "2021-03-04 16:20:37", "elapsed": 1070.780289, "delta": 2.015678}}
{"target": 0.12866388686720634, "params": {"T1": 0.08065191797267601, "T3": 0.06379149265074971, "T5": 0.115179488081382, "U1": 17.282912330762166, "U5": 15.607808161847458}, "datetime": {"datetime": "2021-03-04 16:20:41", "elapsed": 1074.735449, "delta": 3.95516}}
{"target": 0.24702551526643574, "params": {"T1": 0.13917105268955912, "T3": 0.07291752233179992, "T5": 0.14973668132512324, "U1": 16.61032608096444, "U5": 19.734496823653476}, "datetime": {"datetime": "2021-03-04 16:20:43", "elapsed": 1076.728745, "delta": 1.993296}}
{"target": 0.27071415158090834, "params": {"T1": 0.11599817732437744, "T3": 0.14061886866585593, "T5": 0.12417901477946436, "U1": 15.725908414557338, "U5": 19.350119613201294}, "datetime": {"datetime": "2021-03-04 16:20:49", "elapsed": 1082.302158, "delta": 5.573413}}
{"target": 0.3620016772669919, "params": {"T1": 0.09500944561712793, "T3": 0.136949244595376, "T5": 0.08713471954213091, "U1": 18.147633781734807, "U5": 13.409692813916038}, "datetime": {"datetime": "2021-03-04 16:20:53", "elapsed": 1086.548135, "delta": 4.245977}}
{"target": 0.5371524440812291, "params": {"T1": 0.09897175628950994, "T3": 0.08746006546005844, "T5": 0.08426102246970307, "U1": 19.644849441669834, "U5": 14.460892893438592}, "datetime": {"datetime": "2021-03-04 16:20:55", "elapsed": 1089.10246, "delta": 2.554325}}
{"target": 0.30414337066853875, "params": {"T1": 0.08060874618813692, "T3": 0.1177547707975994, "T5": 0.14675715363185224, "U1": 15.402455930674233, "U5": 13.776382257946286}, "datetime": {"datetime": "2021-03-04 16:20:58", "elapsed": 1091.43572, "delta": 2.33326}}
{"target": 0.21118306588894384, "params": {"T1": 0.07263823852726706, "T3": 0.0875409321376989, "T5": 0.05786203537458621, "U1": 13.826001134175037, "U5": 16.263888748796866}, "datetime": {"datetime": "2021-03-04 16:21:00", "elapsed": 1093.846672, "delta": 2.410952}}
{"target": 1.3907426206018518, "params": {"T1": 0.09715962067947563, "T3": 0.14116434126131894, "T5": 0.09413928613209915, "U1": 18.62278977424864, "U5": 17.386063559849507}, "datetime": {"datetime": "2021-03-04 16:21:03", "elapsed": 1097.076762, "delta": 3.23009}}
{"target": 0.18899934762237056, "params": {"T1": 0.06462606614123619, "T3": 0.056029363191073545, "T5": 0.05495035789861903, "U1": 15.348756170793191, "U5": 17.542659465790265}, "datetime": {"datetime": "2021-03-04 16:21:06", "elapsed": 1099.35345, "delta": 2.276688}}
{"target": 0.3770736905561194, "params": {"T1": 0.06933970764402907, "T3": 0.13582072833822745, "T5": 0.067107518502941, "U1": 16.984862048088534, "U5": 12.462464121793236}, "datetime": {"datetime": "2021-03-04 16:21:10", "elapsed": 1103.694595, "delta": 4.341145}}
{"target": 0.146599725124111, "params": {"T1": 0.14280711013746716, "T3": 0.07169094099601801, "T5": 0.09807087870517738, "U1": 18.661003112947352, "U5": 18.08885302470741}, "datetime": {"datetime": "2021-03-04 16:21:12", "elapsed": 1106.136763, "delta": 2.442168}}
{"target": 0.1827408720647758, "params": {"T1": 0.11557397385952285, "T3": 0.07238937686447502, "T5": 0.10382027775367562, "U1": 15.64073872496787, "U5": 19.098537589150165}, "datetime": {"datetime": "2021-03-04 16:21:15", "elapsed": 1109.071437, "delta": 2.934674}}
{"target": 0.16939800393444504, "params": {"T1": 0.07741709754659283, "T3": 0.07402634944826758, "T5": 0.08398916586765243, "U1": 19.19118631747839, "U5": 17.15834299048257}, "datetime": {"datetime": "2021-03-04 16:21:19", "elapsed": 1112.640104, "delta": 3.568667}}
{"target": 0.1986487489029082, "params": {"T1": 0.06312683153917553, "T3": 0.10738240945976193, "T5": 0.14447894172972303, "U1": 17.50333289242384, "U5": 14.712699327420953}, "datetime": {"datetime": "2021-03-04 16:21:21", "elapsed": 1114.637759, "delta": 1.997655}}
{"target": 0.3104093349845572, "params": {"T1": 0.13790563568778608, "T3": 0.11644849590365221, "T5": 0.12698224299438537, "U1": 19.671902811237576, "U5": 14.31712293929658}, "datetime": {"datetime": "2021-03-04 16:21:25", "elapsed": 1118.323004, "delta": 3.685245}}
{"target": 0.169596801065372, "params": {"T1": 0.06669722031446221, "T3": 0.10073307801437087, "T5": 0.127890718815582, "U1": 18.680095395393433, "U5": 14.393525585231163}, "datetime": {"datetime": "2021-03-04 16:21:27", "elapsed": 1120.657161, "delta": 2.334157}}
{"target": 0.15843960213884645, "params": {"T1": 0.09018164227445134, "T3": 0.07904712871510361, "T5": 0.07325119355764763, "U1": 15.633548204178908, "U5": 18.9725425899331}, "datetime": {"datetime": "2021-03-04 16:21:30", "elapsed": 1123.515697, "delta": 2.858536}}
{"target": 0.22249085877417032, "params": {"T1": 0.07442997833283929, "T3": 0.10868631496888023, "T5": 0.06456596979251814, "U1": 19.08945440970765, "U5": 12.938812474777661}, "datetime": {"datetime": "2021-03-04 16:21:33", "elapsed": 1126.60614, "delta": 3.090443}}
{"target": 0.3114596768197872, "params": {"T1": 0.06004122251797683, "T3": 0.07627877268123631, "T5": 0.060938311685248096, "U1": 15.912309409479061, "U5": 19.689791022661574}, "datetime": {"datetime": "2021-03-04 16:21:36", "elapsed": 1129.295723, "delta": 2.689583}}
{"target": 0.36855704901812947, "params": {"T1": 0.11913822182545455, "T3": 0.14263428825297153, "T5": 0.10240938377838146, "U1": 19.32246792017111, "U5": 18.313399000844708}, "datetime": {"datetime": "2021-03-04 16:21:38", "elapsed": 1131.223505, "delta": 1.927782}}
{"target": 0.13593361239641782, "params": {"T1": 0.08848796641179196, "T3": 0.06127047676214641, "T5": 0.10889333453207055, "U1": 19.23432392617168, "U5": 14.296550845110705}, "datetime": {"datetime": "2021-03-04 16:21:39", "elapsed": 1133.079807, "delta": 1.856302}}
{"target": 0.31034239581619294, "params": {"T1": 0.10439089521199205, "T3": 0.0744851911680125, "T5": 0.10829846817119047, "U1": 14.208309486242449, "U5": 13.408046624332375}, "datetime": {"datetime": "2021-03-04 16:21:42", "elapsed": 1135.402496, "delta": 2.322689}}
{"target": 0.32363198956147005, "params": {"T1": 0.13981324371509085, "T3": 0.09356150552745218, "T5": 0.0628594151375331, "U1": 15.478787750355245, "U5": 14.320142569591813}, "datetime": {"datetime": "2021-03-04 16:21:44", "elapsed": 1137.679662, "delta": 2.277166}}
{"target": 0.1978917706910821, "params": {"T1": 0.06184737627613231, "T3": 0.14286374328063992, "T5": 0.09161467982983074, "U1": 15.43845717800652, "U5": 16.883646025183474}, "datetime": {"datetime": "2021-03-04 16:21:47", "elapsed": 1140.388901, "delta": 2.709239}}
{"target": 0.24014265470651613, "params": {"T1": 0.062401693066026165, "T3": 0.10098463490620378, "T5": 0.1081385674363537, "U1": 13.312488346045562, "U5": 12.934097066469784}, "datetime": {"datetime": "2021-03-04 16:21:49", "elapsed": 1142.897896, "delta": 2.508995}}
{"target": 0.3371078150120503, "params": {"T1": 0.06781251927529512, "T3": 0.11461650129859764, "T5": 0.08770683632723766, "U1": 13.666949019147783, "U5": 16.132465336237175}, "datetime": {"datetime": "2021-03-04 16:21:53", "elapsed": 1146.520936, "delta": 3.62304}}
{"target": 0.39560279317172115, "params": {"T1": 0.08242940248172928, "T3": 0.13586495769368392, "T5": 0.09966993472919491, "U1": 17.5587564816001, "U5": 14.27070653469638}, "datetime": {"datetime": "2021-03-04 16:21:55", "elapsed": 1148.945025, "delta": 2.424089}}
{"target": 0.19722551199621205, "params": {"T1": 0.09284458855000832, "T3": 0.06381091522490692, "T5": 0.12279503933094255, "U1": 17.685761323857836, "U5": 15.067313279423427}, "datetime": {"datetime": "2021-03-04 16:21:57", "elapsed": 1151.176506, "delta": 2.231481}}
{"target": 0.45657008923644593, "params": {"T1": 0.10218118469895279, "T3": 0.1469114631590609, "T5": 0.10813083907683035, "U1": 14.95380979317887, "U5": 14.413615478332016}, "datetime": {"datetime": "2021-03-04 16:22:00", "elapsed": 1153.573011, "delta": 2.396505}}
{"target": 0.3061117838521201, "params": {"T1": 0.05887068092630924, "T3": 0.052508248494910065, "T5": 0.10319982393138169, "U1": 13.97321032797459, "U5": 17.9359458039349}, "datetime": {"datetime": "2021-03-04 16:22:02", "elapsed": 1155.613856, "delta": 2.040845}}
{"target": 0.4253835641281149, "params": {"T1": 0.11107455249287843, "T3": 0.11409669357639542, "T5": 0.05645939325722974, "U1": 18.71871821190548, "U5": 14.360211157196346}, "datetime": {"datetime": "2021-03-04 16:22:06", "elapsed": 1160.003106, "delta": 4.38925}}
