{"target": 0.30676443612425275, "params": {"T1": 0.14226093632891107, "T3": 0.06895807161508119, "T5": 0.12560530425484145, "U1": 18.236094613510893, "U5": 19.22767523934802}, "datetime": {"datetime": "2021-03-05 15:44:22", "elapsed": 12.936554, "delta": 0.186268}}
{"target": 0.43548597855039023, "params": {"T1": 0.12171787876919174, "T3": 0.10385876218646645, "T5": 0.12421374255395964, "U1": 13.341753986186337, "U5": 14.270215741711405}, "datetime": {"datetime": "2021-03-05 15:44:22", "elapsed": 13.149567, "delta": 0.213013}}
{"target": 0.31554787234048665, "params": {"T1": 0.10344713777412226, "T3": 0.1449783305135201, "T5": 0.09455295056513689, "U1": 18.80633053082554, "U5": 14.755885978382857}, "datetime": {"datetime": "2021-03-05 15:44:22", "elapsed": 13.394623, "delta": 0.245056}}
{"target": 0.31315809832661823, "params": {"T1": 0.09576918438328166, "T3": 0.10590692369945892, "T5": 0.11734971679340907, "U1": 13.353891411137742, "U5": 14.281350298850452}, "datetime": {"datetime": "2021-03-05 15:44:23", "elapsed": 13.643653, "delta": 0.24903}}
{"target": 0.2546977962125885, "params": {"T1": 0.1295100153658315, "T3": 0.051041420078341504, "T5": 0.08289046841146783, "U1": 18.792974961076325, "U5": 14.761538481457553}, "datetime": {"datetime": "2021-03-05 15:44:23", "elapsed": 13.940454, "delta": 0.296801}}
{"target": 0.2899450247439919, "params": {"T1": 0.12781501097992193, "T3": 0.1376131317868511, "T5": 0.13508090775229614, "U1": 13.166019645613627, "U5": 15.051027315564951}, "datetime": {"datetime": "2021-03-05 15:44:23", "elapsed": 14.120728, "delta": 0.180274}}
{"target": 0.30498635617916636, "params": {"T1": 0.05249070193338077, "T3": 0.09895928333460532, "T5": 0.05180621306246039, "U1": 17.240727775134125, "U5": 17.424473330929597}, "datetime": {"datetime": "2021-03-05 15:44:23", "elapsed": 14.294211, "delta": 0.173483}}
{"target": 0.3322799540303556, "params": {"T1": 0.1284364263276113, "T3": 0.08560314618109335, "T5": 0.08027003197082834, "U1": 18.76816411377096, "U5": 14.704102714865527}, "datetime": {"datetime": "2021-03-05 15:44:24", "elapsed": 14.533433, "delta": 0.239222}}
{"target": 0.2910666217054373, "params": {"T1": 0.11124228491065014, "T3": 0.1250362515102249, "T5": 0.06198573811313984, "U1": 18.84746873733243, "U5": 14.829977696775714}, "datetime": {"datetime": "2021-03-05 15:44:24", "elapsed": 14.71015, "delta": 0.176717}}
{"target": 0.3026215141434321, "params": {"T1": 0.13410777842433097, "T3": 0.10809380371296967, "T5": 0.10970247967321703, "U1": 18.729330768323535, "U5": 14.773020716695331}, "datetime": {"datetime": "2021-03-05 15:44:24", "elapsed": 14.958228, "delta": 0.248078}}
{"target": 0.3068327463806564, "params": {"T1": 0.05704628274893361, "T3": 0.10333011929242764, "T5": 0.09778228882780807, "U1": 17.022271091340563, "U5": 14.543023886317968}, "datetime": {"datetime": "2021-03-05 15:44:24", "elapsed": 15.133341, "delta": 0.175113}}
{"target": 0.30852006529834597, "params": {"T1": 0.05844580364957134, "T3": 0.10958675699915663, "T5": 0.07135631728291866, "U1": 16.54380955107885, "U5": 17.583711125052886}, "datetime": {"datetime": "2021-03-05 15:44:24", "elapsed": 15.310237, "delta": 0.176896}}
{"target": 0.3004979108620914, "params": {"T1": 0.0680752514840542, "T3": 0.05644923109063413, "T5": 0.053134407896456154, "U1": 12.124541905366371, "U5": 12.7592562976121}, "datetime": {"datetime": "2021-03-05 15:44:25", "elapsed": 15.488298, "delta": 0.178061}}
{"target": 0.35306984825625104, "params": {"T1": 0.1169014110472953, "T3": 0.12382129146560937, "T5": 0.0795180078549762, "U1": 18.793878267113527, "U5": 14.800820827200166}, "datetime": {"datetime": "2021-03-05 15:44:25", "elapsed": 15.748313, "delta": 0.260015}}
{"target": 0.30908534987128083, "params": {"T1": 0.08271257743784848, "T3": 0.13776071784627547, "T5": 0.051551590006928175, "U1": 13.981136618304767, "U5": 15.728264251437235}, "datetime": {"datetime": "2021-03-05 15:44:25", "elapsed": 15.976007, "delta": 0.227694}}
{"target": 0.29908466804696343, "params": {"T1": 0.09013301673344748, "T3": 0.05047952616431481, "T5": 0.10689026230833254, "U1": 18.712253431021182, "U5": 14.745406572702159}, "datetime": {"datetime": "2021-03-05 15:44:25", "elapsed": 16.272282, "delta": 0.296275}}
{"target": 0.31129808007353044, "params": {"T1": 0.07452566324188362, "T3": 0.08439790558448218, "T5": 0.1114514609033907, "U1": 12.809049114594316, "U5": 17.121142321776546}, "datetime": {"datetime": "2021-03-05 15:44:26", "elapsed": 16.466466, "delta": 0.194184}}
{"target": 0.2954549933618252, "params": {"T1": 0.10114467846183603, "T3": 0.10116101205456882, "T5": 0.14665634923113657, "U1": 15.15873788160512, "U5": 17.532983479890518}, "datetime": {"datetime": "2021-03-05 15:44:26", "elapsed": 16.662827, "delta": 0.196361}}
{"target": 0.2606045557467306, "params": {"T1": 0.07127447007096968, "T3": 0.1322014025957975, "T5": 0.12114729544209554, "U1": 15.582155668545482, "U5": 15.85690764982306}, "datetime": {"datetime": "2021-03-05 15:44:26", "elapsed": 16.990237, "delta": 0.32741}}
{"target": 0.3025389085414055, "params": {"T1": 0.09592902500666603, "T3": 0.09681987405656114, "T5": 0.10127157701317363, "U1": 12.407978967440648, "U5": 15.324640614347217}, "datetime": {"datetime": "2021-03-05 15:44:26", "elapsed": 17.186731, "delta": 0.196494}}
{"target": 0.3033715900609028, "params": {"T1": 0.08664867387249209, "T3": 0.12503442473325327, "T5": 0.12752483804725237, "U1": 14.356128895176582, "U5": 15.557857451894956}, "datetime": {"datetime": "2021-03-05 15:44:26", "elapsed": 17.384935, "delta": 0.198204}}
{"target": 0.307869014866245, "params": {"T1": 0.059914062688083705, "T3": 0.09952984192830636, "T5": 0.14700508497357656, "U1": 14.907478684729057, "U5": 12.636731812652625}, "datetime": {"datetime": "2021-03-05 15:44:27", "elapsed": 17.580356, "delta": 0.195421}}
{"target": 0.3000636574311374, "params": {"T1": 0.05956123193295413, "T3": 0.0956158480596111, "T5": 0.08754601638544572, "U1": 12.849436810670575, "U5": 19.312691398112115}, "datetime": {"datetime": "2021-03-05 15:44:27", "elapsed": 17.771209, "delta": 0.190853}}
{"target": 0.30504029771089075, "params": {"T1": 0.12148259485897718, "T3": 0.11469411786817423, "T5": 0.1379534138415041, "U1": 16.768978839338292, "U5": 14.425366219072039}, "datetime": {"datetime": "2021-03-05 15:44:27", "elapsed": 17.968427, "delta": 0.197218}}
{"target": 0.2612808556841797, "params": {"T1": 0.0592150855967875, "T3": 0.1432381805482561, "T5": 0.131789816798376, "U1": 17.74945840562022, "U5": 13.13320859016007}, "datetime": {"datetime": "2021-03-05 15:44:27", "elapsed": 18.246794, "delta": 0.278367}}
{"target": 0.29641497726289473, "params": {"T1": 0.12032726202588973, "T3": 0.09597481437088165, "T5": 0.07236269114787107, "U1": 18.759598629694473, "U5": 14.78019438373251}, "datetime": {"datetime": "2021-03-05 15:44:28", "elapsed": 18.541395, "delta": 0.294601}}
{"target": 0.229446368737783, "params": {"T1": 0.10029638801388518, "T3": 0.061628861661530636, "T5": 0.06113203308038504, "U1": 18.7437509647262, "U5": 14.765799451244582}, "datetime": {"datetime": "2021-03-05 15:44:28", "elapsed": 18.826973, "delta": 0.285578}}
{"target": 0.3030682581950581, "params": {"T1": 0.1359382071743297, "T3": 0.06516870018272028, "T5": 0.14328229537777878, "U1": 18.70571974723408, "U5": 14.75071547208366}, "datetime": {"datetime": "2021-03-05 15:44:28", "elapsed": 19.097675, "delta": 0.270702}}
{"target": 0.3023453168621294, "params": {"T1": 0.06415788058585803, "T3": 0.09722612122451563, "T5": 0.12174028326161969, "U1": 19.203952114470862, "U5": 16.817440647877653}, "datetime": {"datetime": "2021-03-05 15:44:28", "elapsed": 19.29109, "delta": 0.193415}}
{"target": 0.30698126007494914, "params": {"T1": 0.12397115635348144, "T3": 0.10883219868150926, "T5": 0.1207838870045678, "U1": 15.726974837173067, "U5": 15.845989846389408}, "datetime": {"datetime": "2021-03-05 15:44:29", "elapsed": 19.491466, "delta": 0.200376}}
{"target": 0.30184025989227137, "params": {"T1": 0.07804060592909196, "T3": 0.14813056142587955, "T5": 0.10337278483707127, "U1": 16.165014025582018, "U5": 14.333748453592854}, "datetime": {"datetime": "2021-03-05 15:44:29", "elapsed": 19.689477, "delta": 0.198011}}
{"target": 0.3143281398169714, "params": {"T1": 0.06803466204494679, "T3": 0.12966816503886835, "T5": 0.0907600656832297, "U1": 18.09066395601736, "U5": 13.756073576546784}, "datetime": {"datetime": "2021-03-05 15:44:29", "elapsed": 19.886181, "delta": 0.196704}}
{"target": 0.29222231471276844, "params": {"T1": 0.10567288975544112, "T3": 0.13038294421888658, "T5": 0.14692211889319534, "U1": 16.011490957442483, "U5": 17.47193614025608}, "datetime": {"datetime": "2021-03-05 15:44:29", "elapsed": 20.086157, "delta": 0.199976}}
{"target": 0.3024824244636263, "params": {"T1": 0.10326805630311153, "T3": 0.09287871958000582, "T5": 0.10303402865782996, "U1": 12.636801589603474, "U5": 15.449253614016667}, "datetime": {"datetime": "2021-03-05 15:44:29", "elapsed": 20.284649, "delta": 0.198492}}
{"target": 0.29926989776813023, "params": {"T1": 0.12991046904739473, "T3": 0.09644716265648773, "T5": 0.06403552717000938, "U1": 15.743959444689363, "U5": 19.239724925772645}, "datetime": {"datetime": "2021-03-05 15:44:30", "elapsed": 20.484326, "delta": 0.199677}}
{"target": 0.3151470579310171, "params": {"T1": 0.13849307689560436, "T3": 0.11022725540862313, "T5": 0.09826777171993487, "U1": 13.316779441445146, "U5": 14.315225587706113}, "datetime": {"datetime": "2021-03-05 15:44:30", "elapsed": 20.787704, "delta": 0.303378}}
{"target": 0.29891911501999585, "params": {"T1": 0.10448545450775484, "T3": 0.0711552138642026, "T5": 0.08608608133395741, "U1": 15.926274506294938, "U5": 19.864591993020305}, "datetime": {"datetime": "2021-03-05 15:44:30", "elapsed": 20.978138, "delta": 0.190434}}
{"target": 0.25011272175162763, "params": {"T1": 0.07221425492019072, "T3": 0.10945519215981984, "T5": 0.06672392534992506, "U1": 18.87849783723306, "U5": 14.815612920405867}, "datetime": {"datetime": "2021-03-05 15:44:30", "elapsed": 21.281554, "delta": 0.303416}}
{"target": 0.2997950645219015, "params": {"T1": 0.07543985375430809, "T3": 0.0862870014984585, "T5": 0.07065949814328636, "U1": 14.437496133580131, "U5": 18.057110449551452}, "datetime": {"datetime": "2021-03-05 15:44:31", "elapsed": 21.479438, "delta": 0.197884}}
{"target": 0.3000746561913494, "params": {"T1": 0.09662836916352552, "T3": 0.1270443447136586, "T5": 0.1441423272717547, "U1": 15.609532779045793, "U5": 15.835389868539627}, "datetime": {"datetime": "2021-03-05 15:44:31", "elapsed": 21.779955, "delta": 0.300517}}
{"target": 0.4904554684622429, "params": {"T1": 0.09973820548821322, "T3": 0.10694493534662756, "T5": 0.1465284387769702, "U1": 15.500420367082384, "U5": 14.680341957715587}, "datetime": {"datetime": "2021-03-05 15:44:31", "elapsed": 21.984301, "delta": 0.204346}}
{"target": 0.2390459508083612, "params": {"T1": 0.0814507886124448, "T3": 0.07830837936474237, "T5": 0.14577862609131817, "U1": 14.96940781174414, "U5": 17.487016155236127}, "datetime": {"datetime": "2021-03-05 15:44:31", "elapsed": 22.184748, "delta": 0.200447}}
{"target": 0.30103540615393626, "params": {"T1": 0.10485696596798946, "T3": 0.13423796522461476, "T5": 0.12294149410690827, "U1": 15.543916548754927, "U5": 13.020100524096513}, "datetime": {"datetime": "2021-03-05 15:44:31", "elapsed": 22.390862, "delta": 0.206114}}
{"target": 0.29607848064782505, "params": {"T1": 0.10308701175480987, "T3": 0.0839838107923909, "T5": 0.05925204438279899, "U1": 19.638198626839582, "U5": 18.138025829072934}, "datetime": {"datetime": "2021-03-05 15:44:32", "elapsed": 22.585677, "delta": 0.194815}}
{"target": 0.3017576222800978, "params": {"T1": 0.11698050068462389, "T3": 0.06334932403509458, "T5": 0.10475192378767965, "U1": 16.321514914857477, "U5": 13.738483119266567}, "datetime": {"datetime": "2021-03-05 15:44:32", "elapsed": 22.781581, "delta": 0.195904}}
{"target": 0.308286461158635, "params": {"T1": 0.05077702940922912, "T3": 0.11818562109175591, "T5": 0.1086842136433056, "U1": 18.988144913082362, "U5": 17.804604664571023}, "datetime": {"datetime": "2021-03-05 15:44:32", "elapsed": 22.969324, "delta": 0.187743}}
{"target": 0.2983452116253073, "params": {"T1": 0.11535992782532908, "T3": 0.08814719251742081, "T5": 0.09131139401847392, "U1": 15.977821807296458, "U5": 14.729795740238492}, "datetime": {"datetime": "2021-03-05 15:44:32", "elapsed": 23.162742, "delta": 0.193418}}
{"target": 0.5337688105685371, "params": {"T1": 0.14200716053232956, "T3": 0.1172103812398564, "T5": 0.11012717708825343, "U1": 18.77510848383458, "U5": 14.784188754886326}, "datetime": {"datetime": "2021-03-05 15:44:33", "elapsed": 23.468101, "delta": 0.305359}}
{"target": 0.3028548031731063, "params": {"T1": 0.13420968936786476, "T3": 0.0880208377449894, "T5": 0.08795227862475294, "U1": 14.928665954830905, "U5": 17.423876758329847}, "datetime": {"datetime": "2021-03-05 15:44:33", "elapsed": 23.6734, "delta": 0.205299}}
{"target": 0.3202043078783867, "params": {"T1": 0.08402250073379391, "T3": 0.1146751771952141, "T5": 0.1482616188813973, "U1": 17.158390072234738, "U5": 19.848247857760487}, "datetime": {"datetime": "2021-03-05 15:44:33", "elapsed": 23.869989, "delta": 0.196589}}
{"target": 0.30880952922773464, "params": {"T1": 0.13024426380853044, "T3": 0.12563764519064896, "T5": 0.1074765757866521, "U1": 17.537887762260013, "U5": 19.789764525165943}, "datetime": {"datetime": "2021-03-05 15:44:33", "elapsed": 24.068234, "delta": 0.198245}}
{"target": 0.28828488572435673, "params": {"T1": 0.06624339727833398, "T3": 0.05591444882853972, "T5": 0.08582655471339627, "U1": 13.976251562116868, "U5": 16.925848656685616}, "datetime": {"datetime": "2021-03-05 15:44:33", "elapsed": 24.265655, "delta": 0.197421}}
{"target": 0.3115453630583684, "params": {"T1": 0.12927468586203905, "T3": 0.09478854309999488, "T5": 0.09407585699832088, "U1": 16.024826500787007, "U5": 16.19487597757761}, "datetime": {"datetime": "2021-03-05 15:44:34", "elapsed": 24.463927, "delta": 0.198272}}
{"target": 0.30192497105392707, "params": {"T1": 0.08047288386680732, "T3": 0.08914153636638691, "T5": 0.08791038079697236, "U1": 18.765858118272554, "U5": 14.757003409167567}, "datetime": {"datetime": "2021-03-05 15:44:34", "elapsed": 24.80565, "delta": 0.341723}}
{"target": 0.30780093493455585, "params": {"T1": 0.11437343860703109, "T3": 0.07265447377160611, "T5": 0.08928744920402215, "U1": 15.141538684328882, "U5": 12.4227363491793}, "datetime": {"datetime": "2021-03-05 15:44:34", "elapsed": 25.062178, "delta": 0.256528}}
{"target": 0.5482963050510361, "params": {"T1": 0.12445851726625642, "T3": 0.13897863015915546, "T5": 0.0594676124639681, "U1": 18.277803076630384, "U5": 17.936726444785187}, "datetime": {"datetime": "2021-03-05 15:44:34", "elapsed": 25.272009, "delta": 0.209831}}
{"target": 0.2869189032506578, "params": {"T1": 0.1062424724822312, "T3": 0.13160838474712075, "T5": 0.08311644628340263, "U1": 18.67161093437676, "U5": 14.743590274957693}, "datetime": {"datetime": "2021-03-05 15:44:35", "elapsed": 25.641456, "delta": 0.369447}}
{"target": 0.2986156209297672, "params": {"T1": 0.09886941617431287, "T3": 0.11761858305211088, "T5": 0.14481498772348753, "U1": 13.323437916237225, "U5": 14.263873023184203}, "datetime": {"datetime": "2021-03-05 15:44:35", "elapsed": 26.009768, "delta": 0.368312}}
{"target": 0.30275273860448904, "params": {"T1": 0.10929034466598384, "T3": 0.09372625703550921, "T5": 0.11934315239457317, "U1": 12.062000282596074, "U5": 16.655969911185228}, "datetime": {"datetime": "2021-03-05 15:44:35", "elapsed": 26.287922, "delta": 0.278154}}
{"target": 0.29705366423540736, "params": {"T1": 0.07953251257782537, "T3": 0.09585003277078984, "T5": 0.1499679882663255, "U1": 17.165668573891914, "U5": 19.854997897696208}, "datetime": {"datetime": "2021-03-05 15:44:36", "elapsed": 26.535015, "delta": 0.247093}}
{"target": 0.304205765171413, "params": {"T1": 0.08544056261211261, "T3": 0.08739694279408952, "T5": 0.1304166236513271, "U1": 14.680655147654285, "U5": 13.152216898031067}, "datetime": {"datetime": "2021-03-05 15:44:36", "elapsed": 26.745612, "delta": 0.210597}}
{"target": 0.29979914707857747, "params": {"T1": 0.05286577799926864, "T3": 0.1447424926857731, "T5": 0.09255108457474781, "U1": 15.833608995944193, "U5": 12.972815170710842}, "datetime": {"datetime": "2021-03-05 15:44:36", "elapsed": 27.002864, "delta": 0.257252}}
{"target": 0.28463747353098684, "params": {"T1": 0.10451838877069902, "T3": 0.13903965608404076, "T5": 0.07766549444134944, "U1": 18.795603663698937, "U5": 14.81904960248296}, "datetime": {"datetime": "2021-03-05 15:44:36", "elapsed": 27.334568, "delta": 0.331704}}
{"target": 0.3011349815912923, "params": {"T1": 0.12951494569378558, "T3": 0.07147746523808837, "T5": 0.1416640777738438, "U1": 13.985525925281166, "U5": 18.371097015900496}, "datetime": {"datetime": "2021-03-05 15:44:37", "elapsed": 27.551581, "delta": 0.217013}}
{"target": 0.3022784655253976, "params": {"T1": 0.1358811438172484, "T3": 0.1174126160264556, "T5": 0.08250148720660347, "U1": 16.67372938359119, "U5": 19.368711268890614}, "datetime": {"datetime": "2021-03-05 15:44:37", "elapsed": 27.768132, "delta": 0.216551}}
{"target": 0.31824535419321326, "params": {"T1": 0.10082774891386448, "T3": 0.14242104476784107, "T5": 0.10149433193869539, "U1": 15.580210555638537, "U5": 15.831979622108518}, "datetime": {"datetime": "2021-03-05 15:44:37", "elapsed": 28.187914, "delta": 0.419782}}
{"target": 0.36472866122563335, "params": {"T1": 0.062458709011040114, "T3": 0.09420267616154832, "T5": 0.11080835170545915, "U1": 15.492454572827771, "U5": 14.69436253081587}, "datetime": {"datetime": "2021-03-05 15:44:38", "elapsed": 28.527959, "delta": 0.340045}}
{"target": 0.3211454427768121, "params": {"T1": 0.09499221629565116, "T3": 0.0908779505846994, "T5": 0.09729087835270749, "U1": 18.739982159382876, "U5": 14.71444946223228}, "datetime": {"datetime": "2021-03-05 15:44:38", "elapsed": 28.918211, "delta": 0.390252}}
{"target": 0.3651106562985946, "params": {"T1": 0.06709949173220689, "T3": 0.09714208109845922, "T5": 0.08161131038156545, "U1": 16.65775924941633, "U5": 17.85989057917393}, "datetime": {"datetime": "2021-03-05 15:44:38", "elapsed": 29.131754, "delta": 0.213543}}
{"target": 0.29668395326631525, "params": {"T1": 0.1365768542382116, "T3": 0.12269095011519013, "T5": 0.11746974331528215, "U1": 18.374348762745115, "U5": 12.797167541827207}, "datetime": {"datetime": "2021-03-05 15:44:38", "elapsed": 29.353805, "delta": 0.222051}}
{"target": 0.32692867250464375, "params": {"T1": 0.056375794527052714, "T3": 0.0847522299679706, "T5": 0.1051986105686705, "U1": 18.811204467395946, "U5": 16.38134826983261}, "datetime": {"datetime": "2021-03-05 15:44:39", "elapsed": 29.565591, "delta": 0.211786}}
{"target": 0.25265210533464016, "params": {"T1": 0.06720885320547403, "T3": 0.0949206389780797, "T5": 0.09289206451309917, "U1": 18.41953445297501, "U5": 13.093493586283858}, "datetime": {"datetime": "2021-03-05 15:44:39", "elapsed": 29.787386, "delta": 0.221795}}
{"target": 0.3170125046630294, "params": {"T1": 0.14027309086443596, "T3": 0.13217213893936314, "T5": 0.11236874601395397, "U1": 17.02466969840022, "U5": 16.030652810760515}, "datetime": {"datetime": "2021-03-05 15:44:39", "elapsed": 30.007583, "delta": 0.220197}}
{"target": 0.3515265318595334, "params": {"T1": 0.12937037829075299, "T3": 0.06869049273766636, "T5": 0.1460969751362906, "U1": 15.476058701477484, "U5": 16.47403581221889}, "datetime": {"datetime": "2021-03-05 15:44:39", "elapsed": 30.225902, "delta": 0.218319}}
{"target": 0.2983178363903239, "params": {"T1": 0.13362993163851, "T3": 0.11134187547603545, "T5": 0.05027002627700692, "U1": 18.86246050581697, "U5": 14.797751795394564}, "datetime": {"datetime": "2021-03-05 15:44:40", "elapsed": 30.632945, "delta": 0.407043}}
{"target": 0.29879253431333236, "params": {"T1": 0.12650298229630835, "T3": 0.10342358647668573, "T5": 0.11708422863983414, "U1": 14.467503067801738, "U5": 16.004073263987237}, "datetime": {"datetime": "2021-03-05 15:44:40", "elapsed": 30.860563, "delta": 0.227618}}
{"target": 0.2704003576487698, "params": {"T1": 0.09951067284378942, "T3": 0.1427483779802276, "T5": 0.1217561986612319, "U1": 18.7453666148738, "U5": 14.72522483160576}, "datetime": {"datetime": "2021-03-05 15:44:40", "elapsed": 31.223617, "delta": 0.363054}}
{"target": 0.3031729733388875, "params": {"T1": 0.1364003389700565, "T3": 0.12429336742984683, "T5": 0.05639675063391682, "U1": 14.57936148035188, "U5": 19.042628418220872}, "datetime": {"datetime": "2021-03-05 15:44:41", "elapsed": 31.448695, "delta": 0.225078}}
{"target": 0.29513089328481124, "params": {"T1": 0.11127331017468328, "T3": 0.09102024795512773, "T5": 0.13460061277837077, "U1": 12.145345765719274, "U5": 18.879169945722126}, "datetime": {"datetime": "2021-03-05 15:44:41", "elapsed": 31.676409, "delta": 0.227714}}
{"target": 0.32293715161659564, "params": {"T1": 0.12148624788959701, "T3": 0.11909975419723524, "T5": 0.07646985374162546, "U1": 18.80101140170423, "U5": 14.790171727183683}, "datetime": {"datetime": "2021-03-05 15:44:41", "elapsed": 32.044533, "delta": 0.368124}}
{"target": 0.6203514471686659, "params": {"T1": 0.09503375633858574, "T3": 0.12284778717564877, "T5": 0.06502714442802357, "U1": 18.732890806898208, "U5": 14.735436909325543}, "datetime": {"datetime": "2021-03-05 15:44:41", "elapsed": 32.402203, "delta": 0.35767}}
{"target": 0.3044526602092429, "params": {"T1": 0.0726641291491352, "T3": 0.12207544596007058, "T5": 0.09196952222958803, "U1": 14.512395519529404, "U5": 13.169754870380967}, "datetime": {"datetime": "2021-03-05 15:44:42", "elapsed": 32.627812, "delta": 0.225609}}
