{"target": 0.29081875085319653, "params": {"T1": 0.11124353174598786, "T3": 0.08021678924803818, "T5": 0.05558255423745876, "U1": 17.38651368858645, "U5": 16.683895929166834}, "datetime": {"datetime": "2021-03-05 15:45:07", "elapsed": 58.183804, "delta": 0.283898}}
{"target": 0.2999616775631474, "params": {"T1": 0.05554191072983096, "T3": 0.10420303779530743, "T5": 0.14377654981482005, "U1": 16.318474542356633, "U5": 17.717200846635784}, "datetime": {"datetime": "2021-03-05 15:45:08", "elapsed": 58.475532, "delta": 0.291728}}
{"target": 0.23752968983204323, "params": {"T1": 0.05042295464063138, "T3": 0.06592955341077192, "T5": 0.14679614399314048, "U1": 12.511327454338563, "U5": 12.677970435490092}, "datetime": {"datetime": "2021-03-05 15:45:08", "elapsed": 58.764717, "delta": 0.289185}}
{"target": 0.2739780230897658, "params": {"T1": 0.1402759989139823, "T3": 0.05391540028916169, "T5": 0.11525936827549159, "U1": 15.253386160357223, "U5": 19.663461940202644}, "datetime": {"datetime": "2021-03-05 15:45:08", "elapsed": 59.061259, "delta": 0.296542}}
{"target": 0.30642778642503554, "params": {"T1": 0.14740022536640185, "T3": 0.10642215540740685, "T5": 0.12010369008370445, "U1": 16.204868546875343, "U5": 19.67563768905891}, "datetime": {"datetime": "2021-03-05 15:45:09", "elapsed": 59.571656, "delta": 0.510397}}
{"target": 0.29674631822514935, "params": {"T1": 0.11083853960905907, "T3": 0.05139413675137703, "T5": 0.09856886629155441, "U1": 13.679364648829157, "U5": 16.24969125840761}, "datetime": {"datetime": "2021-03-05 15:45:09", "elapsed": 59.854605, "delta": 0.282949}}
{"target": 0.29686716625090454, "params": {"T1": 0.1093056037233443, "T3": 0.06352816364762888, "T5": 0.06713984879868284, "U1": 18.779925237718874, "U5": 14.731179184846331}, "datetime": {"datetime": "2021-03-05 15:45:09", "elapsed": 60.399031, "delta": 0.544426}}
{"target": 0.2971404111466154, "params": {"T1": 0.1069628477144155, "T3": 0.07579073375245407, "T5": 0.14024132263950503, "U1": 16.7079943486865, "U5": 15.3724996586547}, "datetime": {"datetime": "2021-03-05 15:45:10", "elapsed": 60.701272, "delta": 0.302241}}
{"target": 0.30509631030133283, "params": {"T1": 0.05650434726284636, "T3": 0.08107701043806757, "T5": 0.11934765428774664, "U1": 12.180649686966952, "U5": 16.079445671856558}, "datetime": {"datetime": "2021-03-05 15:45:10", "elapsed": 61.001762, "delta": 0.30049}}
{"target": 0.3038254306834969, "params": {"T1": 0.11764060176850936, "T3": 0.07843124605548248, "T5": 0.14455934082773003, "U1": 13.634760999123108, "U5": 14.594405990070904}, "datetime": {"datetime": "2021-03-05 15:45:10", "elapsed": 61.291339, "delta": 0.289577}}
{"target": 0.29631067412120415, "params": {"T1": 0.1415912342557742, "T3": 0.11235671080986043, "T5": 0.13445068342180755, "U1": 15.894488172119875, "U5": 14.990606312728262}, "datetime": {"datetime": "2021-03-05 15:45:11", "elapsed": 61.650022, "delta": 0.358683}}
{"target": 0.31032415846261324, "params": {"T1": 0.06566884453892122, "T3": 0.13334432014547448, "T5": 0.13547280840891263, "U1": 18.84098209547603, "U5": 18.359280799164086}, "datetime": {"datetime": "2021-03-05 15:45:11", "elapsed": 61.972861, "delta": 0.322839}}
{"target": 0.279875024310941, "params": {"T1": 0.12801039350267585, "T3": 0.13653118022222888, "T5": 0.05682265756541204, "U1": 12.89256202174192, "U5": 15.402709951004898}, "datetime": {"datetime": "2021-03-05 15:45:11", "elapsed": 62.27948, "delta": 0.306619}}
{"target": 0.30100288401432407, "params": {"T1": 0.08392555150941125, "T3": 0.1362791642481797, "T5": 0.10117979630532237, "U1": 14.969385959463473, "U5": 14.794107034152557}, "datetime": {"datetime": "2021-03-05 15:45:12", "elapsed": 62.577119, "delta": 0.297639}}
{"target": 0.304319544593084, "params": {"T1": 0.12122476814829654, "T3": 0.1198964414805135, "T5": 0.07739339677531656, "U1": 19.873515289530452, "U5": 19.54027094826531}, "datetime": {"datetime": "2021-03-05 15:45:12", "elapsed": 62.869151, "delta": 0.292032}}
{"target": 0.49106287910094404, "params": {"T1": 0.12037158495241819, "T3": 0.05250930847595432, "T5": 0.1113134878643309, "U1": 17.352363546625142, "U5": 16.394061425641148}, "datetime": {"datetime": "2021-03-05 15:45:12", "elapsed": 63.153284, "delta": 0.284133}}
{"target": 0.46528138465471935, "params": {"T1": 0.07044896712936759, "T3": 0.10696799358606371, "T5": 0.13563807648112655, "U1": 17.766396299785722, "U5": 13.136150439369214}, "datetime": {"datetime": "2021-03-05 15:45:13", "elapsed": 63.682038, "delta": 0.528754}}
{"target": 0.3859836439038275, "params": {"T1": 0.05646101651114765, "T3": 0.07004714170672537, "T5": 0.12063724056141079, "U1": 19.362403402264295, "U5": 15.073092954574904}, "datetime": {"datetime": "2021-03-05 15:45:13", "elapsed": 63.980716, "delta": 0.298678}}
{"target": 0.37952071025393286, "params": {"T1": 0.10006908748670792, "T3": 0.07141273461558469, "T5": 0.07621673263801805, "U1": 13.3704835319575, "U5": 15.494834957520403}, "datetime": {"datetime": "2021-03-05 15:45:13", "elapsed": 64.283915, "delta": 0.303199}}
{"target": 0.29668980412293344, "params": {"T1": 0.1434500561784753, "T3": 0.07988394330825752, "T5": 0.1156546956086426, "U1": 15.517287618288623, "U5": 19.56941885935983}, "datetime": {"datetime": "2021-03-05 15:45:14", "elapsed": 64.574126, "delta": 0.290211}}
{"target": 0.2890189514647081, "params": {"T1": 0.1349677462651795, "T3": 0.07760052460497502, "T5": 0.097693439484172, "U1": 16.96864634437066, "U5": 15.390256156094152}, "datetime": {"datetime": "2021-03-05 15:45:14", "elapsed": 64.876842, "delta": 0.302716}}
{"target": 0.2989734847591228, "params": {"T1": 0.08483215014833612, "T3": 0.0915026715387043, "T5": 0.1429272291230699, "U1": 18.381677474946557, "U5": 12.513312139404466}, "datetime": {"datetime": "2021-03-05 15:45:14", "elapsed": 65.186152, "delta": 0.30931}}
{"target": 0.33283380777827143, "params": {"T1": 0.11038762197583835, "T3": 0.07663166513191208, "T5": 0.0642279670089933, "U1": 19.84737465816248, "U5": 13.650584333246293}, "datetime": {"datetime": "2021-03-05 15:45:15", "elapsed": 65.56156, "delta": 0.375408}}
{"target": 0.30684474075213286, "params": {"T1": 0.08855998469310819, "T3": 0.11927666211733333, "T5": 0.10243309863661752, "U1": 17.581067023601783, "U5": 18.6604515795133}, "datetime": {"datetime": "2021-03-05 15:45:15", "elapsed": 65.861077, "delta": 0.299517}}
{"target": 0.29070685947086417, "params": {"T1": 0.13107127128995502, "T3": 0.12839404195790777, "T5": 0.07815044545217284, "U1": 18.762700271662002, "U5": 14.765886324116195}, "datetime": {"datetime": "2021-03-05 15:45:15", "elapsed": 66.409673, "delta": 0.548596}}
{"target": 0.30073097461533155, "params": {"T1": 0.05675279681278102, "T3": 0.11551830144301235, "T5": 0.08918794318763373, "U1": 14.990542203436188, "U5": 15.217219307296608}, "datetime": {"datetime": "2021-03-05 15:45:16", "elapsed": 66.703581, "delta": 0.293908}}
{"target": 0.2966320744169258, "params": {"T1": 0.13082259278935093, "T3": 0.1026101437821062, "T5": 0.08819597087953923, "U1": 15.288531200461232, "U5": 15.910877786331191}, "datetime": {"datetime": "2021-03-05 15:45:16", "elapsed": 67.146551, "delta": 0.44297}}
{"target": 0.30618852856321804, "params": {"T1": 0.07331352990682109, "T3": 0.09560785076032013, "T5": 0.050384561163870946, "U1": 18.951732241224217, "U5": 16.120894101211057}, "datetime": {"datetime": "2021-03-05 15:45:17", "elapsed": 67.439399, "delta": 0.292848}}
{"target": 0.28569607951013637, "params": {"T1": 0.12189369330417948, "T3": 0.09571943027712634, "T5": 0.08384532546913286, "U1": 12.186274568886716, "U5": 14.048549492522444}, "datetime": {"datetime": "2021-03-05 15:45:17", "elapsed": 67.756379, "delta": 0.31698}}
{"target": 0.32619615383267536, "params": {"T1": 0.07310178237559171, "T3": 0.09009876010995681, "T5": 0.06115157988348945, "U1": 17.4936098879596, "U5": 12.417947038147007}, "datetime": {"datetime": "2021-03-05 15:45:17", "elapsed": 68.059345, "delta": 0.302966}}
{"target": 0.3029868374174487, "params": {"T1": 0.11126479775232678, "T3": 0.058818764934622375, "T5": 0.06233419152595629, "U1": 16.87164896710854, "U5": 18.304135939817655}, "datetime": {"datetime": "2021-03-05 15:45:18", "elapsed": 68.428627, "delta": 0.369282}}
{"target": 0.4436359380673295, "params": {"T1": 0.1432964858037179, "T3": 0.12816229272612717, "T5": 0.10473847773002684, "U1": 17.056569000565293, "U5": 18.005708460009792}, "datetime": {"datetime": "2021-03-05 15:45:18", "elapsed": 68.727683, "delta": 0.299056}}
{"target": 0.22034833961579633, "params": {"T1": 0.06487304730258057, "T3": 0.07531496105422193, "T5": 0.09828334949804726, "U1": 18.097522918205808, "U5": 18.399206664465567}, "datetime": {"datetime": "2021-03-05 15:45:18", "elapsed": 69.022214, "delta": 0.294531}}
{"target": 0.29736725772373174, "params": {"T1": 0.07750742563336938, "T3": 0.129114826722927, "T5": 0.0598676306338241, "U1": 16.846568973479805, "U5": 14.931821750655804}, "datetime": {"datetime": "2021-03-05 15:45:18", "elapsed": 69.329604, "delta": 0.30739}}
{"target": 0.2973380066377203, "params": {"T1": 0.08313551231087286, "T3": 0.09806726144188208, "T5": 0.0905568746067648, "U1": 16.818985291812474, "U5": 12.276983624353544}, "datetime": {"datetime": "2021-03-05 15:45:19", "elapsed": 69.642418, "delta": 0.312814}}
{"target": 0.2880391512313369, "params": {"T1": 0.0881639683502341, "T3": 0.13759167382150966, "T5": 0.13525614442426726, "U1": 18.017420667612182, "U5": 18.38201663919066}, "datetime": {"datetime": "2021-03-05 15:45:19", "elapsed": 69.950194, "delta": 0.307776}}
{"target": 0.30562511126746145, "params": {"T1": 0.09371580206368434, "T3": 0.12449907318277774, "T5": 0.07044647421849702, "U1": 19.36041885216785, "U5": 13.97124835948724}, "datetime": {"datetime": "2021-03-05 15:45:19", "elapsed": 70.262267, "delta": 0.312073}}
{"target": 0.7313182259582622, "params": {"T1": 0.13648419493785408, "T3": 0.13568963082221946, "T5": 0.09068277031011714, "U1": 18.3530931681101, "U5": 15.604694041128814}, "datetime": {"datetime": "2021-03-05 15:45:20", "elapsed": 70.583081, "delta": 0.320814}}
{"target": 0.24313099343126643, "params": {"T1": 0.1184855323637133, "T3": 0.1492094129790865, "T5": 0.12409911886272067, "U1": 17.34874640295039, "U5": 15.396530556504494}, "datetime": {"datetime": "2021-03-05 15:45:20", "elapsed": 70.970732, "delta": 0.387651}}
{"target": 0.2988395549498941, "params": {"T1": 0.10154485909441419, "T3": 0.11451848447158465, "T5": 0.05210124765214337, "U1": 12.442237389924331, "U5": 12.09901683464322}, "datetime": {"datetime": "2021-03-05 15:45:20", "elapsed": 71.280779, "delta": 0.310047}}
{"target": 0.30803082626438555, "params": {"T1": 0.0918224926754285, "T3": 0.06376547576103507, "T5": 0.056393184432841165, "U1": 13.473728439820633, "U5": 15.320686074079703}, "datetime": {"datetime": "2021-03-05 15:45:21", "elapsed": 71.602816, "delta": 0.322037}}
{"target": 0.2925105183282007, "params": {"T1": 0.13768309771719656, "T3": 0.10142314875501232, "T5": 0.06805247641138104, "U1": 12.42489086685583, "U5": 19.272190192609365}, "datetime": {"datetime": "2021-03-05 15:45:21", "elapsed": 71.904484, "delta": 0.301668}}
{"target": 0.27655260691370054, "params": {"T1": 0.1337514530311495, "T3": 0.12291942851333487, "T5": 0.05772596693034773, "U1": 14.474931040550452, "U5": 14.365347860149926}, "datetime": {"datetime": "2021-03-05 15:45:21", "elapsed": 72.216399, "delta": 0.311915}}
{"target": 0.27677026208605, "params": {"T1": 0.07141504624467312, "T3": 0.14796176896716845, "T5": 0.12379911916543834, "U1": 16.797012108437997, "U5": 14.094237821731438}, "datetime": {"datetime": "2021-03-05 15:45:22", "elapsed": 72.529133, "delta": 0.312734}}
{"target": 0.3224825868061059, "params": {"T1": 0.09103691140366979, "T3": 0.08807038316221505, "T5": 0.08890262875826918, "U1": 15.446001686420864, "U5": 18.268537381298213}, "datetime": {"datetime": "2021-03-05 15:45:22", "elapsed": 72.89723, "delta": 0.368097}}
{"target": 0.28966100758636054, "params": {"T1": 0.1064150640279794, "T3": 0.11250239963511345, "T5": 0.09995872345349474, "U1": 19.641469237868744, "U5": 13.3873772699311}, "datetime": {"datetime": "2021-03-05 15:45:22", "elapsed": 73.216596, "delta": 0.319366}}
{"target": 0.28449084378939105, "params": {"T1": 0.12193618105003712, "T3": 0.13639963494513893, "T5": 0.0796336549692952, "U1": 14.287687343484848, "U5": 12.753214146861033}, "datetime": {"datetime": "2021-03-05 15:45:23", "elapsed": 73.542317, "delta": 0.325721}}
{"target": 0.311264487709864, "params": {"T1": 0.06708150490594417, "T3": 0.1044559946273878, "T5": 0.05858481523404433, "U1": 17.015349129102432, "U5": 13.567608336807641}, "datetime": {"datetime": "2021-03-05 15:45:23", "elapsed": 73.853583, "delta": 0.311266}}
{"target": 0.28701245325647207, "params": {"T1": 0.08684754568159969, "T3": 0.1258122208678018, "T5": 0.10964827735450161, "U1": 19.72514489353828, "U5": 13.138914763194986}, "datetime": {"datetime": "2021-03-05 15:45:23", "elapsed": 74.182115, "delta": 0.328532}}
{"target": 0.3223649660479209, "params": {"T1": 0.13467110635284985, "T3": 0.09386278473903091, "T5": 0.06240731941985426, "U1": 15.86726054002968, "U5": 16.39685004997113}, "datetime": {"datetime": "2021-03-05 15:45:24", "elapsed": 74.496066, "delta": 0.313951}}
{"target": 0.298637297989167, "params": {"T1": 0.11802193166148506, "T3": 0.10445782006814147, "T5": 0.1491308598044609, "U1": 15.502721762180709, "U5": 14.689741737220519}, "datetime": {"datetime": "2021-03-05 15:45:24", "elapsed": 75.035556, "delta": 0.53949}}
{"target": 0.24009683610678026, "params": {"T1": 0.07323810506079508, "T3": 0.13586635042593576, "T5": 0.1353184591779366, "U1": 18.502286375231566, "U5": 18.978818556155563}, "datetime": {"datetime": "2021-03-05 15:45:25", "elapsed": 75.45775, "delta": 0.422194}}
{"target": 0.3020724829507648, "params": {"T1": 0.09629398477940243, "T3": 0.08260109110937272, "T5": 0.12700427194228384, "U1": 12.078310780170849, "U5": 19.805530020140544}, "datetime": {"datetime": "2021-03-05 15:45:25", "elapsed": 75.782858, "delta": 0.325108}}
{"target": 0.31889724749716925, "params": {"T1": 0.06936124793871884, "T3": 0.13082622338118083, "T5": 0.1462365281462774, "U1": 18.223078017060605, "U5": 14.04128193929932}, "datetime": {"datetime": "2021-03-05 15:45:25", "elapsed": 76.112279, "delta": 0.329421}}
{"target": 0.30345916247463134, "params": {"T1": 0.10018658984543749, "T3": 0.14315680172237927, "T5": 0.12111447762798129, "U1": 15.55510893582219, "U5": 15.845198613307943}, "datetime": {"datetime": "2021-03-05 15:45:26", "elapsed": 76.761658, "delta": 0.649379}}
{"target": 0.29032924263015397, "params": {"T1": 0.08042340497537456, "T3": 0.056441493876083465, "T5": 0.10542574134407587, "U1": 19.143221229700508, "U5": 14.304175068754027}, "datetime": {"datetime": "2021-03-05 15:45:26", "elapsed": 77.104092, "delta": 0.342434}}
{"target": 0.2968777930213989, "params": {"T1": 0.1015059013720756, "T3": 0.1355608439350101, "T5": 0.05458710031216492, "U1": 18.24348359731626, "U5": 17.91211647450909}, "datetime": {"datetime": "2021-03-05 15:45:27", "elapsed": 77.640473, "delta": 0.536381}}
{"target": 0.29015232108450423, "params": {"T1": 0.106779572966678, "T3": 0.14893878277605072, "T5": 0.08855432438491473, "U1": 14.542190257873415, "U5": 19.819145140335706}, "datetime": {"datetime": "2021-03-05 15:45:27", "elapsed": 77.967411, "delta": 0.326938}}
{"target": 0.29960064078775217, "params": {"T1": 0.11195167649328455, "T3": 0.07447114184508455, "T5": 0.126711624102342, "U1": 19.49430482230987, "U5": 18.25587508943004}, "datetime": {"datetime": "2021-03-05 15:45:27", "elapsed": 78.301669, "delta": 0.334258}}
{"target": 0.3368421805361676, "params": {"T1": 0.0969607060994426, "T3": 0.1036448003157761, "T5": 0.08273172092203288, "U1": 17.053194309661272, "U5": 16.807475959815587}, "datetime": {"datetime": "2021-03-05 15:45:28", "elapsed": 78.632399, "delta": 0.33073}}
{"target": 0.2825603407537848, "params": {"T1": 0.10632319080576558, "T3": 0.12589247490323452, "T5": 0.12708996119943566, "U1": 13.358166364991465, "U5": 14.241537852697181}, "datetime": {"datetime": "2021-03-05 15:45:28", "elapsed": 79.15564, "delta": 0.523241}}
{"target": 0.30543223478142606, "params": {"T1": 0.1151872372244083, "T3": 0.11446338871250013, "T5": 0.13247301501363273, "U1": 19.788228344528893, "U5": 14.621618794363595}, "datetime": {"datetime": "2021-03-05 15:45:29", "elapsed": 79.700056, "delta": 0.544416}}
{"target": 0.49143141296989185, "params": {"T1": 0.0907916377403408, "T3": 0.07174358886697475, "T5": 0.0757042761911679, "U1": 19.773497881152963, "U5": 15.400015977289634}, "datetime": {"datetime": "2021-03-05 15:45:29", "elapsed": 80.025239, "delta": 0.325183}}
{"target": 0.334151604895468, "params": {"T1": 0.06387306274705948, "T3": 0.09744113278082993, "T5": 0.14594280421303918, "U1": 18.065233502694817, "U5": 15.508521286217631}, "datetime": {"datetime": "2021-03-05 15:45:30", "elapsed": 80.455808, "delta": 0.430569}}
{"target": 0.37466688606587806, "params": {"T1": 0.07755931908249289, "T3": 0.06286136495697248, "T5": 0.10504928603540852, "U1": 16.799912093261433, "U5": 18.20024453984112}, "datetime": {"datetime": "2021-03-05 15:45:30", "elapsed": 80.89272, "delta": 0.436912}}
{"target": 0.2388570516992768, "params": {"T1": 0.07685746244152639, "T3": 0.061258940435564437, "T5": 0.1342085582655167, "U1": 14.542307991027407, "U5": 17.5951903792927}, "datetime": {"datetime": "2021-03-05 15:45:30", "elapsed": 81.31368, "delta": 0.42096}}
{"target": 0.31205643447189235, "params": {"T1": 0.06872617282437463, "T3": 0.07253582335629435, "T5": 0.08027368289738254, "U1": 13.042052498167521, "U5": 14.413793162340323}, "datetime": {"datetime": "2021-03-05 15:45:31", "elapsed": 81.722961, "delta": 0.409281}}
{"target": 0.24629849623902347, "params": {"T1": 0.06890812921644686, "T3": 0.12887633130407328, "T5": 0.13443674617304868, "U1": 12.910224302036543, "U5": 16.85907969771091}, "datetime": {"datetime": "2021-03-05 15:45:31", "elapsed": 82.082895, "delta": 0.359934}}
{"target": 0.3300817053846613, "params": {"T1": 0.07278277118217918, "T3": 0.09013521370700284, "T5": 0.06860500739999778, "U1": 16.226446731658896, "U5": 17.113404969998037}, "datetime": {"datetime": "2021-03-05 15:45:32", "elapsed": 82.54901, "delta": 0.466115}}
{"target": 0.37496828861411513, "params": {"T1": 0.14186676424434466, "T3": 0.11721984428590765, "T5": 0.08153494368359522, "U1": 12.653589485724272, "U5": 14.278450095042796}, "datetime": {"datetime": "2021-03-05 15:45:32", "elapsed": 82.902615, "delta": 0.353605}}
{"target": 0.46756968668996723, "params": {"T1": 0.1334678527003913, "T3": 0.13206100381782743, "T5": 0.06624360375646336, "U1": 17.42189095497545, "U5": 14.466630847176749}, "datetime": {"datetime": "2021-03-05 15:45:32", "elapsed": 83.240132, "delta": 0.337517}}
{"target": 0.3013921826639126, "params": {"T1": 0.0678575494728396, "T3": 0.11666071804572892, "T5": 0.08035949126682503, "U1": 12.913485307005512, "U5": 17.128967993617245}, "datetime": {"datetime": "2021-03-05 15:45:33", "elapsed": 83.614984, "delta": 0.374852}}
{"target": 0.26712479966923647, "params": {"T1": 0.12663658287005547, "T3": 0.10373854583098871, "T5": 0.11962773971146459, "U1": 17.26874140088559, "U5": 14.559823690999625}, "datetime": {"datetime": "2021-03-05 15:45:33", "elapsed": 84.048457, "delta": 0.433473}}
{"target": 0.28906508623212784, "params": {"T1": 0.052278505544125255, "T3": 0.07643434403135908, "T5": 0.056769478481198704, "U1": 12.698316197393563, "U5": 16.048310030555744}, "datetime": {"datetime": "2021-03-05 15:45:33", "elapsed": 84.373996, "delta": 0.325539}}
{"target": 0.3011197194621325, "params": {"T1": 0.06467971133008314, "T3": 0.10405611101184306, "T5": 0.09796630940854692, "U1": 15.28228422407798, "U5": 14.070752259338967}, "datetime": {"datetime": "2021-03-05 15:45:34", "elapsed": 84.7116, "delta": 0.337604}}
{"target": 0.2703845318959004, "params": {"T1": 0.09805795218236177, "T3": 0.1454109012438089, "T5": 0.08836575431752083, "U1": 15.397911219225225, "U5": 19.76428060936077}, "datetime": {"datetime": "2021-03-05 15:45:34", "elapsed": 85.053736, "delta": 0.342136}}
{"target": 0.31957258176910375, "params": {"T1": 0.055169210300393234, "T3": 0.1424771004222967, "T5": 0.1257214516729152, "U1": 18.552854475986916, "U5": 18.59943760429895}, "datetime": {"datetime": "2021-03-05 15:45:35", "elapsed": 85.518285, "delta": 0.464549}}
{"target": 0.29859059253124015, "params": {"T1": 0.1288201195568639, "T3": 0.10318292206319954, "T5": 0.05872751217318874, "U1": 15.4960359466209, "U5": 19.649389871630525}, "datetime": {"datetime": "2021-03-05 15:45:35", "elapsed": 85.879423, "delta": 0.361138}}
{"target": 0.3006919819729888, "params": {"T1": 0.07092429902787444, "T3": 0.09704545525777172, "T5": 0.11804116659042664, "U1": 12.710996688854607, "U5": 17.377478004696226}, "datetime": {"datetime": "2021-03-05 15:45:36", "elapsed": 86.495904, "delta": 0.616481}}
{"target": 0.2986760702928027, "params": {"T1": 0.11365961787553605, "T3": 0.09168782725426941, "T5": 0.08938961136041702, "U1": 18.566703162940076, "U5": 16.890251007417806}, "datetime": {"datetime": "2021-03-05 15:45:36", "elapsed": 87.012834, "delta": 0.51693}}
{"target": 0.3180169827377292, "params": {"T1": 0.12106712894437963, "T3": 0.05599213578263501, "T5": 0.11442787943413953, "U1": 16.516235115511325, "U5": 18.88541345678389}, "datetime": {"datetime": "2021-03-05 15:45:37", "elapsed": 87.538099, "delta": 0.525265}}
{"target": 0.3037747465351469, "params": {"T1": 0.11770657613269049, "T3": 0.05833880298942451, "T5": 0.07293518484089272, "U1": 16.239651220566536, "U5": 18.904889415898147}, "datetime": {"datetime": "2021-03-05 15:45:37", "elapsed": 87.877367, "delta": 0.339268}}
