{"target": 0.14399034080048642, "params": {"T1": 0.09435884205614736, "T3": 0.11459538006091152, "T5": 0.1392471716479869, "U1": 12.546386059227277, "U5": 15.547507433734847}, "datetime": {"datetime": "2021-03-05 13:44:12", "elapsed": 2276.279568, "delta": 3.471791}}
{"target": 0.21028020695016142, "params": {"T1": 0.09469136251125163, "T3": 0.06057468796728547, "T5": 0.0852300431106651, "U1": 18.55006306885761, "U5": 15.138631705024181}, "datetime": {"datetime": "2021-03-05 13:44:15", "elapsed": 2279.764265, "delta": 3.484697}}
{"target": 0.3020495193749394, "params": {"T1": 0.0752263113636081, "T3": 0.06631319885104585, "T5": 0.1488768542812619, "U1": 15.832615238974824, "U5": 13.52562899117122}, "datetime": {"datetime": "2021-03-05 13:44:19", "elapsed": 2284.026006, "delta": 4.261741}}
{"target": 0.15874731427457822, "params": {"T1": 0.1195023394609424, "T3": 0.05300882965259135, "T5": 0.14737591638835118, "U1": 15.343464134689443, "U5": 17.309337057777146}, "datetime": {"datetime": "2021-03-05 13:44:23", "elapsed": 2287.845158, "delta": 3.819152}}
{"target": 0.6217259479042081, "params": {"T1": 0.06728078617595816, "T3": 0.10463472290367537, "T5": 0.06280468846873459, "U1": 13.573945936436031, "U5": 16.81713417572523}, "datetime": {"datetime": "2021-03-05 13:44:29", "elapsed": 2293.939424, "delta": 6.094266}}
{"target": 0.29089324589670573, "params": {"T1": 0.07961644494618472, "T3": 0.12075503617821487, "T5": 0.08613486299993266, "U1": 14.854029624954926, "U5": 12.459300733530446}, "datetime": {"datetime": "2021-03-05 13:44:33", "elapsed": 2297.498074, "delta": 3.55865}}
{"target": 0.13942903872263862, "params": {"T1": 0.13007723658503, "T3": 0.1425079923063095, "T5": 0.09207114518277404, "U1": 17.579478768891832, "U5": 12.573350889839151}, "datetime": {"datetime": "2021-03-05 13:44:36", "elapsed": 2300.941522, "delta": 3.443448}}
{"target": 0.15811912390986857, "params": {"T1": 0.11591957904469226, "T3": 0.1372781895579981, "T5": 0.08267588060586835, "U1": 13.695066468551431, "U5": 14.748619093624189}, "datetime": {"datetime": "2021-03-05 13:44:40", "elapsed": 2304.821332, "delta": 3.87981}}
{"target": 0.2505061715943, "params": {"T1": 0.08639799492593257, "T3": 0.116847978749467, "T5": 0.11835559124335936, "U1": 14.3048710014297, "U5": 19.969819919461916}, "datetime": {"datetime": "2021-03-05 13:44:47", "elapsed": 2311.707075, "delta": 6.885743}}
{"target": 0.401005236633482, "params": {"T1": 0.116750547589993, "T3": 0.14248447103745876, "T5": 0.1224411566223862, "U1": 15.97425619540697, "U5": 14.85972137610305}, "datetime": {"datetime": "2021-03-05 13:44:51", "elapsed": 2315.442258, "delta": 3.735183}}
{"target": 0.22184093794086435, "params": {"T1": 0.05639987228439515, "T3": 0.05503936941415687, "T5": 0.12741355134242624, "U1": 19.97351877557372, "U5": 19.059733920507348}, "datetime": {"datetime": "2021-03-05 13:44:55", "elapsed": 2320.17473, "delta": 4.732472}}
{"target": 0.1285546545357332, "params": {"T1": 0.14210582625477863, "T3": 0.07832391222010808, "T5": 0.11051240127165665, "U1": 18.08596164611518, "U5": 13.458129446889114}, "datetime": {"datetime": "2021-03-05 13:45:00", "elapsed": 2324.496041, "delta": 4.321311}}
{"target": 0.26097879754442965, "params": {"T1": 0.14091371936767538, "T3": 0.08514981122518656, "T5": 0.1360662372790058, "U1": 14.454150963601503, "U5": 17.983304211807187}, "datetime": {"datetime": "2021-03-05 13:45:03", "elapsed": 2328.152025, "delta": 3.655984}}
{"target": 0.34535517220397016, "params": {"T1": 0.06221538294268807, "T3": 0.1323447120333976, "T5": 0.055697843687060204, "U1": 13.880792896801653, "U5": 13.375529402626473}, "datetime": {"datetime": "2021-03-05 13:45:11", "elapsed": 2335.626832, "delta": 7.474807}}
{"target": 0.12753538862106314, "params": {"T1": 0.12949483597386294, "T3": 0.10760472998698947, "T5": 0.14990371316455373, "U1": 17.322131348087233, "U5": 13.415047429987025}, "datetime": {"datetime": "2021-03-05 13:45:18", "elapsed": 2342.28693, "delta": 6.660098}}
{"target": 0.8383252169018571, "params": {"T1": 0.11287288077414168, "T3": 0.14015576183335263, "T5": 0.06181163909297151, "U1": 15.128206124786452, "U5": 17.894740440705696}, "datetime": {"datetime": "2021-03-05 13:45:24", "elapsed": 2348.51546, "delta": 6.22853}}
{"target": 0.14084425320417396, "params": {"T1": 0.11633802486980485, "T3": 0.12708452106138263, "T5": 0.1438010336462225, "U1": 14.059319910957718, "U5": 18.514296096290646}, "datetime": {"datetime": "2021-03-05 13:45:32", "elapsed": 2356.392697, "delta": 7.877237}}
{"target": 0.19295449522274946, "params": {"T1": 0.14682545214966886, "T3": 0.11419602342588456, "T5": 0.11196227415685386, "U1": 18.003612117969176, "U5": 18.85748660594828}, "datetime": {"datetime": "2021-03-05 13:45:35", "elapsed": 2360.112015, "delta": 3.719318}}
{"target": 0.22882004219709856, "params": {"T1": 0.11856533639558188, "T3": 0.08126188669569179, "T5": 0.0740585096714209, "U1": 16.005512379398496, "U5": 19.63602931516732}, "datetime": {"datetime": "2021-03-05 13:45:41", "elapsed": 2365.460261, "delta": 5.348246}}
{"target": 0.28798848444693825, "params": {"T1": 0.061014907934058976, "T3": 0.054945847720659524, "T5": 0.11710893195220431, "U1": 16.531935234677057, "U5": 14.249365192901049}, "datetime": {"datetime": "2021-03-05 13:45:44", "elapsed": 2369.069265, "delta": 3.609004}}
{"target": 0.24069790639324334, "params": {"T1": 0.07229980169931903, "T3": 0.12511981524325266, "T5": 0.13714495569876411, "U1": 14.541093454093847, "U5": 12.333066492991257}, "datetime": {"datetime": "2021-03-05 13:45:48", "elapsed": 2373.065106, "delta": 3.995841}}
{"target": 0.1469328335976779, "params": {"T1": 0.07592535898120378, "T3": 0.11702607557019754, "T5": 0.10286300221788806, "U1": 16.43168106118832, "U5": 12.22968027493035}, "datetime": {"datetime": "2021-03-05 13:45:52", "elapsed": 2376.746611, "delta": 3.681505}}
{"target": 0.14377565485471977, "params": {"T1": 0.10475086624827015, "T3": 0.054775536139669005, "T5": 0.11486603294254184, "U1": 16.221006789314675, "U5": 15.111850169289221}, "datetime": {"datetime": "2021-03-05 13:45:58", "elapsed": 2382.799398, "delta": 6.052787}}
{"target": 0.23641827462716034, "params": {"T1": 0.13395781486035974, "T3": 0.14956629829212126, "T5": 0.1144566458324396, "U1": 19.42529273824635, "U5": 18.883469678811792}, "datetime": {"datetime": "2021-03-05 13:46:02", "elapsed": 2386.855212, "delta": 4.055814}}
{"target": 0.24504541811417038, "params": {"T1": 0.08389110206073523, "T3": 0.12800544636324715, "T5": 0.08076702041768347, "U1": 18.404598527876136, "U5": 17.245247473627682}, "datetime": {"datetime": "2021-03-05 13:46:06", "elapsed": 2390.715071, "delta": 3.859859}}
{"target": 0.20975988625462139, "params": {"T1": 0.12466885655762701, "T3": 0.0721800645762716, "T5": 0.14993014712434993, "U1": 19.016418608500917, "U5": 17.412582789904388}, "datetime": {"datetime": "2021-03-05 13:46:12", "elapsed": 2397.137998, "delta": 6.422927}}
{"target": 0.2039295880666823, "params": {"T1": 0.05733238230093993, "T3": 0.11663270389511701, "T5": 0.13891927409463645, "U1": 16.94234224635052, "U5": 13.537080441784337}, "datetime": {"datetime": "2021-03-05 13:46:17", "elapsed": 2401.244065, "delta": 4.106067}}
{"target": 0.18508677644250499, "params": {"T1": 0.12419817268019603, "T3": 0.0621880850473449, "T5": 0.09535207700620138, "U1": 15.641744480952537, "U5": 15.345981568596796}, "datetime": {"datetime": "2021-03-05 13:46:21", "elapsed": 2405.371047, "delta": 4.126982}}
{"target": 0.14104421818114232, "params": {"T1": 0.11626489214264672, "T3": 0.12985659314734566, "T5": 0.1336159337387309, "U1": 16.679654848940725, "U5": 16.91460336597406}, "datetime": {"datetime": "2021-03-05 13:46:25", "elapsed": 2409.413952, "delta": 4.042905}}
{"target": 0.13587680571801763, "params": {"T1": 0.10786903918452467, "T3": 0.09527504595714313, "T5": 0.08989713779703896, "U1": 16.691747640396905, "U5": 13.565822466380212}, "datetime": {"datetime": "2021-03-05 13:46:29", "elapsed": 2413.278319, "delta": 3.864367}}
{"target": 0.2491570302046211, "params": {"T1": 0.08824804551233692, "T3": 0.14818905641502783, "T5": 0.11450117443974722, "U1": 19.544845126164162, "U5": 17.352984406801532}, "datetime": {"datetime": "2021-03-05 13:46:33", "elapsed": 2417.375094, "delta": 4.096775}}
{"target": 0.2774376098160595, "params": {"T1": 0.07369852055622339, "T3": 0.09947379347527627, "T5": 0.12650211425133312, "U1": 17.21368790427127, "U5": 13.555856036951784}, "datetime": {"datetime": "2021-03-05 13:46:36", "elapsed": 2421.083034, "delta": 3.70794}}
{"target": 0.2528593245498689, "params": {"T1": 0.11931953574145883, "T3": 0.06891327235615652, "T5": 0.08071539935520924, "U1": 16.343893104803527, "U5": 13.011112086981964}, "datetime": {"datetime": "2021-03-05 13:46:41", "elapsed": 2425.333246, "delta": 4.250212}}
{"target": 0.17086922815347444, "params": {"T1": 0.05364156279305554, "T3": 0.09714023593911413, "T5": 0.12515857816400316, "U1": 19.204885355266075, "U5": 18.366349548532998}, "datetime": {"datetime": "2021-03-05 13:46:44", "elapsed": 2428.993757, "delta": 3.660511}}
{"target": 0.1769922113496153, "params": {"T1": 0.0649071904471317, "T3": 0.12725992089923932, "T5": 0.11767300378768819, "U1": 12.211587956003623, "U5": 13.79292166999326}, "datetime": {"datetime": "2021-03-05 13:46:48", "elapsed": 2433.163315, "delta": 4.169558}}
{"target": 0.14669796804332944, "params": {"T1": 0.1302405164403458, "T3": 0.06561387279773337, "T5": 0.0700108325781924, "U1": 17.698807176789174, "U5": 16.495572661751165}, "datetime": {"datetime": "2021-03-05 13:46:53", "elapsed": 2437.223034, "delta": 4.059719}}
{"target": 0.22287400576562574, "params": {"T1": 0.144637739787881, "T3": 0.10727013811210245, "T5": 0.1428667356528353, "U1": 12.199512504325874, "U5": 12.14030100209687}, "datetime": {"datetime": "2021-03-05 13:47:01", "elapsed": 2445.979654, "delta": 8.75662}}
{"target": 0.1709227748867134, "params": {"T1": 0.05862088053408937, "T3": 0.07649315532742894, "T5": 0.06916819470243724, "U1": 14.93324638525675, "U5": 14.19670305151319}, "datetime": {"datetime": "2021-03-05 13:47:06", "elapsed": 2450.496774, "delta": 4.51712}}
{"target": 0.25561769747013535, "params": {"T1": 0.1140855400899904, "T3": 0.06085769259794849, "T5": 0.11822134735491281, "U1": 18.939189030396296, "U5": 13.650834129106926}, "datetime": {"datetime": "2021-03-05 13:47:10", "elapsed": 2454.426887, "delta": 3.930113}}
{"target": 0.26253738797313864, "params": {"T1": 0.12273958384103412, "T3": 0.1403704982749768, "T5": 0.08861433198147489, "U1": 14.166500364323316, "U5": 13.360223214140976}, "datetime": {"datetime": "2021-03-05 13:47:14", "elapsed": 2458.597917, "delta": 4.17103}}
{"target": 0.16432747965458272, "params": {"T1": 0.12410888357105773, "T3": 0.0703351007824233, "T5": 0.05092199377309066, "U1": 14.03464076748341, "U5": 16.24469375205694}, "datetime": {"datetime": "2021-03-05 13:47:17", "elapsed": 2461.565446, "delta": 2.967529}}
{"target": 0.16094552396610953, "params": {"T1": 0.07744097437622771, "T3": 0.07733228479237214, "T5": 0.06557703616913983, "U1": 13.04294924532493, "U5": 17.22571342982555}, "datetime": {"datetime": "2021-03-05 13:47:21", "elapsed": 2465.544799, "delta": 3.979353}}
{"target": 0.2660512540905689, "params": {"T1": 0.08611560887274347, "T3": 0.10518917436066644, "T5": 0.11001985662655767, "U1": 13.01444278218193, "U5": 16.917413172300442}, "datetime": {"datetime": "2021-03-05 13:47:25", "elapsed": 2470.068282, "delta": 4.523483}}
{"target": 0.1829244208256673, "params": {"T1": 0.11170204868024652, "T3": 0.07753769707303938, "T5": 0.05061308682812691, "U1": 14.106534728088732, "U5": 16.58672928996637}, "datetime": {"datetime": "2021-03-05 13:47:30", "elapsed": 2474.380968, "delta": 4.312686}}
{"target": 0.16377990113682342, "params": {"T1": 0.0788593478318947, "T3": 0.11186636696689023, "T5": 0.12195564620520145, "U1": 17.891546310130842, "U5": 15.709381917178723}, "datetime": {"datetime": "2021-03-05 13:47:36", "elapsed": 2480.418063, "delta": 6.037095}}
{"target": 0.14717954484125467, "params": {"T1": 0.05167735491568706, "T3": 0.0871281208731576, "T5": 0.08073755378983857, "U1": 18.248164338765978, "U5": 14.280946101328627}, "datetime": {"datetime": "2021-03-05 13:47:41", "elapsed": 2485.83264, "delta": 5.414577}}
{"target": 0.19896147754809862, "params": {"T1": 0.06564378797402397, "T3": 0.11014889108327433, "T5": 0.09601313792477782, "U1": 14.346123208885, "U5": 15.437890688751274}, "datetime": {"datetime": "2021-03-05 13:47:45", "elapsed": 2489.982171, "delta": 4.149531}}
{"target": 0.13066113200195154, "params": {"T1": 0.12046762915303905, "T3": 0.05785364607794442, "T5": 0.11245223293692869, "U1": 15.89449648916273, "U5": 12.861444092052034}, "datetime": {"datetime": "2021-03-05 13:47:57", "elapsed": 2501.944297, "delta": 11.962126}}
{"target": 0.6387845832462259, "params": {"T1": 0.09509480334268715, "T3": 0.1426910970943172, "T5": 0.06991107047673119, "U1": 14.871336486801564, "U5": 19.424266855518766}, "datetime": {"datetime": "2021-03-05 13:48:01", "elapsed": 2505.763811, "delta": 3.819514}}
{"target": 0.2725899847301489, "params": {"T1": 0.059836965270367394, "T3": 0.0758700579761677, "T5": 0.12201335407135418, "U1": 13.123411422466322, "U5": 12.191861335781438}, "datetime": {"datetime": "2021-03-05 13:48:09", "elapsed": 2513.426487, "delta": 7.662676}}
{"target": 0.9810425347839662, "params": {"T1": 0.11742545508657433, "T3": 0.10453852118884914, "T5": 0.12578891772086953, "U1": 14.180928039954349, "U5": 19.96798140916993}, "datetime": {"datetime": "2021-03-05 13:48:13", "elapsed": 2517.484193, "delta": 4.057706}}
{"target": 0.8235884867949238, "params": {"T1": 0.09678190706133104, "T3": 0.11250170164114177, "T5": 0.13244583327183918, "U1": 13.259657151080155, "U5": 17.389060438463417}, "datetime": {"datetime": "2021-03-05 13:48:17", "elapsed": 2521.296793, "delta": 3.8126}}
{"target": 0.483676695238476, "params": {"T1": 0.1181406241999762, "T3": 0.0816790011535275, "T5": 0.09601996116122505, "U1": 18.50430814856587, "U5": 18.34593869660854}, "datetime": {"datetime": "2021-03-05 13:48:21", "elapsed": 2525.208644, "delta": 3.911851}}
{"target": 0.22423010801848917, "params": {"T1": 0.13052454591668944, "T3": 0.05439297685416673, "T5": 0.11862783503785691, "U1": 19.655636633834916, "U5": 13.178669578387568}, "datetime": {"datetime": "2021-03-05 13:48:24", "elapsed": 2529.02007, "delta": 3.811426}}
{"target": 0.1388718548823082, "params": {"T1": 0.11998888449955705, "T3": 0.07046128915381916, "T5": 0.1095628208302617, "U1": 18.77918948455591, "U5": 18.001766753867525}, "datetime": {"datetime": "2021-03-05 13:48:28", "elapsed": 2532.975863, "delta": 3.955793}}
{"target": 0.12308808276398732, "params": {"T1": 0.14947097872261594, "T3": 0.14370132958253426, "T5": 0.10338582317508142, "U1": 18.263039661801205, "U5": 16.36336952508791}, "datetime": {"datetime": "2021-03-05 13:48:33", "elapsed": 2537.504382, "delta": 4.528519}}
{"target": 0.2403110893705409, "params": {"T1": 0.08034343469583667, "T3": 0.09334897985123841, "T5": 0.08103613702748794, "U1": 14.464353014728342, "U5": 14.314509493956201}, "datetime": {"datetime": "2021-03-05 13:48:40", "elapsed": 2545.006194, "delta": 7.501812}}
{"target": 0.2876554192328844, "params": {"T1": 0.13020647988543, "T3": 0.05958349855811859, "T5": 0.1464704787596488, "U1": 12.151274955144803, "U5": 12.89694996808907}, "datetime": {"datetime": "2021-03-05 13:48:44", "elapsed": 2548.744578, "delta": 3.738384}}
{"target": 0.1386741943688935, "params": {"T1": 0.1273577295235157, "T3": 0.056851268211240674, "T5": 0.06638475826968232, "U1": 15.438959489350275, "U5": 16.567746329224995}, "datetime": {"datetime": "2021-03-05 13:48:49", "elapsed": 2553.801672, "delta": 5.057094}}
{"target": 0.14104221203207984, "params": {"T1": 0.12844487735481708, "T3": 0.10475764505083723, "T5": 0.09280539274168835, "U1": 17.437689386740523, "U5": 18.249774384644255}, "datetime": {"datetime": "2021-03-05 13:48:53", "elapsed": 2557.566535, "delta": 3.764863}}
{"target": 0.29927141158061005, "params": {"T1": 0.06648702113214808, "T3": 0.14074890141649002, "T5": 0.08540235095270128, "U1": 14.357311067106266, "U5": 19.472275467706787}, "datetime": {"datetime": "2021-03-05 13:48:57", "elapsed": 2561.715125, "delta": 4.14859}}
{"target": 0.3004915605560685, "params": {"T1": 0.11854433360773715, "T3": 0.05011136178959485, "T5": 0.11274671639956219, "U1": 13.42832265182281, "U5": 17.676108811263976}, "datetime": {"datetime": "2021-03-05 13:49:01", "elapsed": 2565.67935, "delta": 3.964225}}
{"target": 0.8547375856181597, "params": {"T1": 0.1398938837461674, "T3": 0.13157728809426808, "T5": 0.058338927615495355, "U1": 15.975386368607296, "U5": 19.676395734528796}, "datetime": {"datetime": "2021-03-05 13:49:08", "elapsed": 2573.000988, "delta": 7.321638}}
{"target": 0.2860753819756468, "params": {"T1": 0.13837611995097684, "T3": 0.07211716508332214, "T5": 0.06245570357331995, "U1": 12.904057336154521, "U5": 13.716802883816664}, "datetime": {"datetime": "2021-03-05 13:49:20", "elapsed": 2584.262495, "delta": 11.261507}}
{"target": 0.1752706666556575, "params": {"T1": 0.14385510708864752, "T3": 0.05623717766870378, "T5": 0.0849187784266769, "U1": 14.704317759936743, "U5": 16.86505700256055}, "datetime": {"datetime": "2021-03-05 13:49:24", "elapsed": 2588.353421, "delta": 4.090926}}
{"target": 0.18733831451557556, "params": {"T1": 0.1097928520119198, "T3": 0.14265829155397108, "T5": 0.12462251097953787, "U1": 15.205836334244964, "U5": 14.032940045549843}, "datetime": {"datetime": "2021-03-05 13:49:27", "elapsed": 2592.157039, "delta": 3.803618}}
{"target": 0.18327776233675064, "params": {"T1": 0.05382104114047427, "T3": 0.07349669353635938, "T5": 0.14133957856357263, "U1": 15.550135033751804, "U5": 17.60233361501186}, "datetime": {"datetime": "2021-03-05 13:49:32", "elapsed": 2596.357896, "delta": 4.200857}}
{"target": 0.2893544278620712, "params": {"T1": 0.12940406240376062, "T3": 0.08234443402942851, "T5": 0.12555946318570388, "U1": 14.741826332543814, "U5": 16.001787406506242}, "datetime": {"datetime": "2021-03-05 13:49:36", "elapsed": 2600.422388, "delta": 4.064492}}
{"target": 0.21885389012631146, "params": {"T1": 0.08997631767304039, "T3": 0.11882017493567484, "T5": 0.09237291019971354, "U1": 14.330637082938004, "U5": 18.57482541230829}, "datetime": {"datetime": "2021-03-05 13:49:40", "elapsed": 2604.531124, "delta": 4.108736}}
{"target": 0.25968383578002324, "params": {"T1": 0.06661366081240211, "T3": 0.08454901150875294, "T5": 0.14282118130640986, "U1": 19.568896085569037, "U5": 19.08993488063505}, "datetime": {"datetime": "2021-03-05 13:49:44", "elapsed": 2608.78804, "delta": 4.256916}}
{"target": 0.48176350926450134, "params": {"T1": 0.07412963529797681, "T3": 0.12437359656212418, "T5": 0.1289019621226028, "U1": 19.82427047484522, "U5": 19.780371890044496}, "datetime": {"datetime": "2021-03-05 13:49:48", "elapsed": 2612.651173, "delta": 3.863133}}
{"target": 0.21314656343247812, "params": {"T1": 0.12541292677213156, "T3": 0.1099964581875067, "T5": 0.05326037275779312, "U1": 19.582182911529166, "U5": 15.123492609087721}, "datetime": {"datetime": "2021-03-05 13:49:55", "elapsed": 2619.867839, "delta": 7.216666}}
{"target": 0.3250386214665778, "params": {"T1": 0.1162282820290379, "T3": 0.11202223734054723, "T5": 0.06890122782518397, "U1": 16.534484340513046, "U5": 18.664022253852668}, "datetime": {"datetime": "2021-03-05 13:49:59", "elapsed": 2623.681442, "delta": 3.813603}}
{"target": 0.3303239119463674, "params": {"T1": 0.09949022796298461, "T3": 0.10046306497094792, "T5": 0.12283297963303265, "U1": 14.464594217850015, "U5": 18.753310880354967}, "datetime": {"datetime": "2021-03-05 13:50:03", "elapsed": 2627.913843, "delta": 4.232401}}
{"target": 0.44967143688776284, "params": {"T1": 0.07416862839181851, "T3": 0.12388349111154746, "T5": 0.0993671973461571, "U1": 15.306954187451051, "U5": 14.681485837960894}, "datetime": {"datetime": "2021-03-05 13:50:08", "elapsed": 2632.593283, "delta": 4.67944}}
{"target": 0.45252671378966863, "params": {"T1": 0.11713756755982474, "T3": 0.13411768675144192, "T5": 0.1484448268597308, "U1": 15.146791675705014, "U5": 18.86243749551834}, "datetime": {"datetime": "2021-03-05 13:50:12", "elapsed": 2636.7005, "delta": 4.107217}}
{"target": 0.2181846650428193, "params": {"T1": 0.11671850108682129, "T3": 0.11410052410511547, "T5": 0.10382957998494818, "U1": 14.382373986895413, "U5": 17.50670124492385}, "datetime": {"datetime": "2021-03-05 13:50:17", "elapsed": 2641.665816, "delta": 4.965316}}
{"target": 0.3542922082015367, "params": {"T1": 0.07122224408340067, "T3": 0.11705704135795288, "T5": 0.09472904422004846, "U1": 14.86795385706328, "U5": 16.214294213586413}, "datetime": {"datetime": "2021-03-05 13:50:21", "elapsed": 2646.095147, "delta": 4.429331}}
{"target": 0.2570025789479465, "params": {"T1": 0.05666108562593979, "T3": 0.07986228121147865, "T5": 0.10196137777283529, "U1": 19.074914530404172, "U5": 15.459988732433171}, "datetime": {"datetime": "2021-03-05 13:50:25", "elapsed": 2649.834263, "delta": 3.739116}}
{"target": 0.11690645218413162, "params": {"T1": 0.14654576050971685, "T3": 0.07639052407838132, "T5": 0.14484481932160392, "U1": 16.966844561831874, "U5": 18.248554177326852}, "datetime": {"datetime": "2021-03-05 13:50:29", "elapsed": 2653.44764, "delta": 3.613377}}
{"target": 0.18866365598049686, "params": {"T1": 0.14753576282422085, "T3": 0.06935403647696017, "T5": 0.07875541823315324, "U1": 16.41396034112141, "U5": 12.015244653021814}, "datetime": {"datetime": "2021-03-05 13:50:34", "elapsed": 2658.59875, "delta": 5.15111}}
{"target": 0.27120231814304246, "params": {"T1": 0.06895284748578843, "T3": 0.14559830073814864, "T5": 0.14829765697267303, "U1": 12.287853218302725, "U5": 19.147659894225875}, "datetime": {"datetime": "2021-03-05 13:50:38", "elapsed": 2662.266924, "delta": 3.668174}}
