{"target": 0.3580409314608796, "params": {"T1": 0.143138351572067, "T3": 0.12239260775007772, "T5": 0.1233468970544492, "U1": 15.98054834244557, "U5": 14.746048237830077}, "datetime": {"datetime": "2021-03-05 13:07:51", "elapsed": 278.525538, "delta": 2.903773}}
{"target": 0.225557690370964, "params": {"T1": 0.05232999463753801, "T3": 0.06386340929917747, "T5": 0.08709868109887345, "U1": 14.142195732265632, "U5": 19.543553481351026}, "datetime": {"datetime": "2021-03-05 13:07:52", "elapsed": 279.834429, "delta": 1.308891}}
{"target": 0.30118343348857557, "params": {"T1": 0.08042363263416032, "T3": 0.06610057977911471, "T5": 0.11713712682420618, "U1": 17.837592042265246, "U5": 12.424486787683577}, "datetime": {"datetime": "2021-03-05 13:07:53", "elapsed": 280.92922, "delta": 1.094791}}
{"target": 0.19447831286309528, "params": {"T1": 0.1454904209110215, "T3": 0.08017219402941293, "T5": 0.06409380479182568, "U1": 17.170123506538243, "U5": 14.825718469407725}, "datetime": {"datetime": "2021-03-05 13:07:54", "elapsed": 281.869095, "delta": 0.939875}}
{"target": 0.12953651208460965, "params": {"T1": 0.12998025240108058, "T3": 0.10152040390693662, "T5": 0.10436256711134378, "U1": 16.105389413289664, "U5": 12.867357594332866}, "datetime": {"datetime": "2021-03-05 13:07:55", "elapsed": 282.97016, "delta": 1.101065}}
{"target": 0.1387233932293634, "params": {"T1": 0.08272765928197838, "T3": 0.10809408821824543, "T5": 0.07192947603603071, "U1": 14.665430397992937, "U5": 13.366275221747358}, "datetime": {"datetime": "2021-03-05 13:07:59", "elapsed": 286.3579, "delta": 3.38774}}
{"target": 0.5762395010365525, "params": {"T1": 0.06527182147409974, "T3": 0.1252074737158771, "T5": 0.07849526872897201, "U1": 15.048967446318422, "U5": 18.528275756467263}, "datetime": {"datetime": "2021-03-05 13:08:00", "elapsed": 287.63225, "delta": 1.27435}}
{"target": 0.2926698429167214, "params": {"T1": 0.0845142595818196, "T3": 0.09155781570239854, "T5": 0.13381052052543596, "U1": 12.921251258992799, "U5": 15.203515173851777}, "datetime": {"datetime": "2021-03-05 13:08:01", "elapsed": 288.85464, "delta": 1.22239}}
{"target": 0.3989035739391408, "params": {"T1": 0.08638842589414449, "T3": 0.0567498508802734, "T5": 0.07675606824718181, "U1": 18.76852279142563, "U5": 19.612810900639687}, "datetime": {"datetime": "2021-03-05 13:08:02", "elapsed": 290.113135, "delta": 1.258495}}
{"target": 0.19851099334504504, "params": {"T1": 0.08342774547390247, "T3": 0.14226150316877928, "T5": 0.08870900871467367, "U1": 14.409750958841276, "U5": 17.69709183773396}, "datetime": {"datetime": "2021-03-05 13:08:04", "elapsed": 291.392687, "delta": 1.279552}}
{"target": 0.5421808341714396, "params": {"T1": 0.11632173717860038, "T3": 0.14422983830856898, "T5": 0.09233187597620883, "U1": 18.548799158909446, "U5": 17.70828595205027}, "datetime": {"datetime": "2021-03-05 13:08:05", "elapsed": 292.44487, "delta": 1.052183}}
{"target": 0.576186667219729, "params": {"T1": 0.06647485976275233, "T3": 0.0833537405155003, "T5": 0.10735998496927016, "U1": 19.459963249974166, "U5": 18.513630230051024}, "datetime": {"datetime": "2021-03-05 13:08:06", "elapsed": 293.59382, "delta": 1.14895}}
{"target": 0.526027230995319, "params": {"T1": 0.09177730102893188, "T3": 0.12076444589868295, "T5": 0.07397248132269965, "U1": 14.545112215055095, "U5": 18.614462098481212}, "datetime": {"datetime": "2021-03-05 13:08:09", "elapsed": 296.563318, "delta": 2.969498}}
{"target": 0.24681090875720618, "params": {"T1": 0.09813598618586541, "T3": 0.09418459108435717, "T5": 0.11628834435788324, "U1": 17.62733510617819, "U5": 18.17195650296953}, "datetime": {"datetime": "2021-03-05 13:08:10", "elapsed": 297.691324, "delta": 1.128006}}
{"target": 0.3405757926363177, "params": {"T1": 0.09591159404083996, "T3": 0.09972630776831513, "T5": 0.10246634919608194, "U1": 12.69956173310808, "U5": 15.836176136301479}, "datetime": {"datetime": "2021-03-05 13:08:13", "elapsed": 300.867738, "delta": 3.176414}}
{"target": 0.3587599974649732, "params": {"T1": 0.05765916666999922, "T3": 0.12827383935241443, "T5": 0.13583097077888856, "U1": 14.69303547178051, "U5": 15.574299438607028}, "datetime": {"datetime": "2021-03-05 13:08:16", "elapsed": 303.710259, "delta": 2.842521}}
{"target": 0.26454392613904076, "params": {"T1": 0.13850545249474638, "T3": 0.07507017334589129, "T5": 0.1489474266321128, "U1": 13.51447226969758, "U5": 19.530936144297517}, "datetime": {"datetime": "2021-03-05 13:08:17", "elapsed": 304.863977, "delta": 1.153718}}
{"target": 0.21942450720163842, "params": {"T1": 0.14139989178206294, "T3": 0.08294427041432487, "T5": 0.1474710732317478, "U1": 13.73327956674133, "U5": 16.125412884945764}, "datetime": {"datetime": "2021-03-05 13:08:18", "elapsed": 306.058923, "delta": 1.194946}}
{"target": 0.2792525304295507, "params": {"T1": 0.09177508215664057, "T3": 0.1460703504628416, "T5": 0.09608063387672111, "U1": 19.61686730073915, "U5": 13.554722593690684}, "datetime": {"datetime": "2021-03-05 13:08:19", "elapsed": 307.076157, "delta": 1.017234}}
{"target": 0.23372195273766275, "params": {"T1": 0.1353326098176756, "T3": 0.08252600342027008, "T5": 0.06731068974048923, "U1": 14.814043524152122, "U5": 16.69639605931038}, "datetime": {"datetime": "2021-03-05 13:08:21", "elapsed": 308.18285, "delta": 1.106693}}
{"target": 0.43823674676503455, "params": {"T1": 0.05178426189289795, "T3": 0.12232594031702565, "T5": 0.08719266372072222, "U1": 16.402859038577734, "U5": 16.297464625777263}, "datetime": {"datetime": "2021-03-05 13:08:22", "elapsed": 309.581665, "delta": 1.398815}}
{"target": 0.13954280128626498, "params": {"T1": 0.09908287192074777, "T3": 0.053507310479515784, "T5": 0.12149036325028102, "U1": 19.639364189672303, "U5": 19.39918523485224}, "datetime": {"datetime": "2021-03-05 13:08:23", "elapsed": 310.782247, "delta": 1.200582}}
{"target": 0.23412367474047935, "params": {"T1": 0.0879614179231871, "T3": 0.10077166204993973, "T5": 0.08381548024154759, "U1": 18.121422486933877, "U5": 18.02720039823692}, "datetime": {"datetime": "2021-03-05 13:08:24", "elapsed": 311.940005, "delta": 1.157758}}
{"target": 0.24476746180034506, "params": {"T1": 0.07856562750543798, "T3": 0.125630378434251, "T5": 0.14725209158315483, "U1": 19.879060376968283, "U5": 19.023775346048428}, "datetime": {"datetime": "2021-03-05 13:08:27", "elapsed": 315.153149, "delta": 3.213144}}
{"target": 0.157761819131789, "params": {"T1": 0.14866023466860107, "T3": 0.1460123377999882, "T5": 0.10328498299690511, "U1": 18.562983932849832, "U5": 18.799237994617577}, "datetime": {"datetime": "2021-03-05 13:08:29", "elapsed": 316.493332, "delta": 1.340183}}
{"target": 0.18539113268638344, "params": {"T1": 0.11397740695201698, "T3": 0.08813938143506876, "T5": 0.06343997411705925, "U1": 19.197783232042447, "U5": 15.877144492167048}, "datetime": {"datetime": "2021-03-05 13:08:32", "elapsed": 319.905087, "delta": 3.411755}}
{"target": 0.42624212675389034, "params": {"T1": 0.11840265567783345, "T3": 0.07527728518822793, "T5": 0.13180363081256014, "U1": 14.09876523666933, "U5": 19.497170211545516}, "datetime": {"datetime": "2021-03-05 13:08:34", "elapsed": 321.262177, "delta": 1.35709}}
{"target": 0.14355386668137318, "params": {"T1": 0.10006302734618337, "T3": 0.1077730489353013, "T5": 0.050279774871425965, "U1": 12.670305297761411, "U5": 16.756890431260203}, "datetime": {"datetime": "2021-03-05 13:08:37", "elapsed": 325.025845, "delta": 3.763668}}
{"target": 0.4042711924922178, "params": {"T1": 0.06618339319949892, "T3": 0.14190137629162483, "T5": 0.07174561733158477, "U1": 14.802297658001992, "U5": 17.625595203382613}, "datetime": {"datetime": "2021-03-05 13:08:40", "elapsed": 327.950583, "delta": 2.924738}}
{"target": 0.3195096967094327, "params": {"T1": 0.13947167149206205, "T3": 0.07280096498059047, "T5": 0.1420245234563513, "U1": 13.914999014842351, "U5": 14.291352499822265}, "datetime": {"datetime": "2021-03-05 13:08:43", "elapsed": 330.807502, "delta": 2.856919}}
{"target": 0.34073960687807614, "params": {"T1": 0.06575076404129201, "T3": 0.11293217266345242, "T5": 0.14032496521601456, "U1": 19.895006274126047, "U5": 18.993278061428015}, "datetime": {"datetime": "2021-03-05 13:08:47", "elapsed": 334.516371, "delta": 3.708869}}
{"target": 0.21032323522042937, "params": {"T1": 0.06046954364662466, "T3": 0.07080410033780873, "T5": 0.059947102207933534, "U1": 16.001905801380133, "U5": 18.61563585885711}, "datetime": {"datetime": "2021-03-05 13:08:49", "elapsed": 336.185946, "delta": 1.669575}}
{"target": 0.29543029432587486, "params": {"T1": 0.05290277832835399, "T3": 0.13073205790379322, "T5": 0.12125226270118301, "U1": 18.65138331999311, "U5": 16.153190646164727}, "datetime": {"datetime": "2021-03-05 13:08:51", "elapsed": 339.076219, "delta": 2.890273}}
{"target": 0.8028923551924554, "params": {"T1": 0.11120404186244959, "T3": 0.1012771654622625, "T5": 0.0927669122327551, "U1": 16.761761953633087, "U5": 19.321237573869972}, "datetime": {"datetime": "2021-03-05 13:08:56", "elapsed": 343.408114, "delta": 4.331895}}
{"target": 0.21182146257787943, "params": {"T1": 0.11288956629199673, "T3": 0.07888363675246252, "T5": 0.08411566195427495, "U1": 19.491286315657923, "U5": 17.261299210128456}, "datetime": {"datetime": "2021-03-05 13:08:59", "elapsed": 346.429217, "delta": 3.021103}}
{"target": 0.19011309924804656, "params": {"T1": 0.07869497199104752, "T3": 0.09971694330026759, "T5": 0.1283928542028181, "U1": 18.33962134079652, "U5": 19.174876051644233}, "datetime": {"datetime": "2021-03-05 13:09:02", "elapsed": 349.551023, "delta": 3.121806}}
{"target": 0.26549922349097194, "params": {"T1": 0.09197074936590643, "T3": 0.05294311462742057, "T5": 0.09040471912511563, "U1": 12.726310852096656, "U5": 16.462619070705195}, "datetime": {"datetime": "2021-03-05 13:09:03", "elapsed": 350.619798, "delta": 1.068775}}
{"target": 0.12713984438602474, "params": {"T1": 0.13996248663873267, "T3": 0.09255044898877132, "T5": 0.1354842169009288, "U1": 19.68845199515417, "U5": 14.298600010262344}, "datetime": {"datetime": "2021-03-05 13:09:07", "elapsed": 354.301552, "delta": 3.681754}}
{"target": 0.865322731054414, "params": {"T1": 0.055425614422083797, "T3": 0.13009025009480132, "T5": 0.0590014102794357, "U1": 18.51813745729554, "U5": 15.14982157593675}, "datetime": {"datetime": "2021-03-05 13:09:08", "elapsed": 355.840454, "delta": 1.538902}}
{"target": 1.157164222099527, "params": {"T1": 0.11894833692424431, "T3": 0.09510575246208658, "T5": 0.08813472352009553, "U1": 16.746829258124347, "U5": 19.320597850375044}, "datetime": {"datetime": "2021-03-05 13:09:09", "elapsed": 357.092973, "delta": 1.252519}}
{"target": 0.12107557902921007, "params": {"T1": 0.10956025473407138, "T3": 0.10493633822108756, "T5": 0.12631685329793, "U1": 15.175998233284531, "U5": 17.669766015384617}, "datetime": {"datetime": "2021-03-05 13:09:13", "elapsed": 360.99712, "delta": 3.904147}}
{"target": 0.1701405800273854, "params": {"T1": 0.10686293194485963, "T3": 0.13656790656249973, "T5": 0.07737758349362356, "U1": 16.796649467815364, "U5": 16.613046656967683}, "datetime": {"datetime": "2021-03-05 13:09:14", "elapsed": 362.138705, "delta": 1.141585}}
{"target": 0.37898312845824456, "params": {"T1": 0.0612358016048759, "T3": 0.1059229899710703, "T5": 0.09777902083877303, "U1": 19.865510002792423, "U5": 19.62129631287778}, "datetime": {"datetime": "2021-03-05 13:09:15", "elapsed": 363.101278, "delta": 0.962573}}
{"target": 0.21959114286525025, "params": {"T1": 0.08192170282635322, "T3": 0.13196518066052207, "T5": 0.1119982819500765, "U1": 14.513611379059743, "U5": 19.689136519697733}, "datetime": {"datetime": "2021-03-05 13:09:17", "elapsed": 364.548714, "delta": 1.447436}}
{"target": 0.20967038880501987, "params": {"T1": 0.12304347061374961, "T3": 0.08170195686878554, "T5": 0.09915446673777521, "U1": 15.058860638323676, "U5": 12.190286207563993}, "datetime": {"datetime": "2021-03-05 13:09:18", "elapsed": 366.070219, "delta": 1.521505}}
{"target": 0.4023690269991917, "params": {"T1": 0.07275705400428757, "T3": 0.11208270292518796, "T5": 0.09800672691976219, "U1": 18.612093814995553, "U5": 18.14024871200461}, "datetime": {"datetime": "2021-03-05 13:09:20", "elapsed": 367.382597, "delta": 1.312378}}
{"target": 0.23922354243427077, "params": {"T1": 0.05964808027797324, "T3": 0.08047338023711005, "T5": 0.05689356918851113, "U1": 17.52295196997317, "U5": 12.837061658090452}, "datetime": {"datetime": "2021-03-05 13:09:21", "elapsed": 368.915798, "delta": 1.533201}}
{"target": 0.23097142099554593, "params": {"T1": 0.09060179507935366, "T3": 0.11671929450457497, "T5": 0.1426720522115109, "U1": 18.35455873291612, "U5": 19.18371233709103}, "datetime": {"datetime": "2021-03-05 13:09:25", "elapsed": 372.515178, "delta": 3.59938}}
{"target": 0.415751352785326, "params": {"T1": 0.10724929562890334, "T3": 0.14878766405076782, "T5": 0.10414849639652507, "U1": 18.576988792168336, "U5": 17.694837854427494}, "datetime": {"datetime": "2021-03-05 13:09:28", "elapsed": 375.798755, "delta": 3.283577}}
{"target": 0.29483586091363, "params": {"T1": 0.08101236428748268, "T3": 0.06908932963325899, "T5": 0.13217779181508638, "U1": 14.237656395638158, "U5": 18.876184450427903}, "datetime": {"datetime": "2021-03-05 13:09:33", "elapsed": 380.856923, "delta": 5.058168}}
{"target": 0.18758649861009769, "params": {"T1": 0.058573987248497154, "T3": 0.0976533706962188, "T5": 0.10523161230782038, "U1": 19.474820379454187, "U5": 18.500492223649296}, "datetime": {"datetime": "2021-03-05 13:09:37", "elapsed": 384.394106, "delta": 3.537183}}
{"target": 0.3975153301551245, "params": {"T1": 0.0981052380873434, "T3": 0.09373437769123336, "T5": 0.1302767263746885, "U1": 19.8477725096498, "U5": 19.970337057411868}, "datetime": {"datetime": "2021-03-05 13:09:41", "elapsed": 389.103556, "delta": 4.70945}}
{"target": 0.18417593289427212, "params": {"T1": 0.05128320115210762, "T3": 0.12078504212787727, "T5": 0.09208112031823742, "U1": 19.241094968785145, "U5": 17.071831896889353}, "datetime": {"datetime": "2021-03-05 13:09:45", "elapsed": 392.406139, "delta": 3.302583}}
{"target": 0.17575278739280317, "params": {"T1": 0.08686463761913352, "T3": 0.08482405807983194, "T5": 0.13688087784449593, "U1": 14.206340642351718, "U5": 18.963544566694868}, "datetime": {"datetime": "2021-03-05 13:09:46", "elapsed": 393.554042, "delta": 1.147903}}
{"target": 0.5246705660519458, "params": {"T1": 0.14813980271889338, "T3": 0.1398273224887437, "T5": 0.07111578563009355, "U1": 16.09842491482263, "U5": 12.900804317834922}, "datetime": {"datetime": "2021-03-05 13:09:49", "elapsed": 396.988001, "delta": 3.433959}}
{"target": 0.4520089780243587, "params": {"T1": 0.06540835029667083, "T3": 0.08758344606632763, "T5": 0.1411575694168155, "U1": 16.79062026045032, "U5": 18.408761978961323}, "datetime": {"datetime": "2021-03-05 13:09:50", "elapsed": 398.17067, "delta": 1.182669}}
{"target": 0.19183103029620768, "params": {"T1": 0.12558918683547354, "T3": 0.08420960830178495, "T5": 0.1424277745844368, "U1": 18.63716567735858, "U5": 14.485394414195417}, "datetime": {"datetime": "2021-03-05 13:09:52", "elapsed": 399.361254, "delta": 1.190584}}
{"target": 0.3880376256916589, "params": {"T1": 0.14907625381657907, "T3": 0.14101140531792045, "T5": 0.13726984308714246, "U1": 17.098573149815287, "U5": 16.110683488712937}, "datetime": {"datetime": "2021-03-05 13:09:53", "elapsed": 400.756873, "delta": 1.395619}}
{"target": 0.24491777241123733, "params": {"T1": 0.13412321610048278, "T3": 0.08400798955800715, "T5": 0.06801804639942152, "U1": 16.251919777316918, "U5": 17.851847902211837}, "datetime": {"datetime": "2021-03-05 13:09:57", "elapsed": 404.304333, "delta": 3.54746}}
{"target": 0.27341819171192244, "params": {"T1": 0.09350739596481204, "T3": 0.13224277385334265, "T5": 0.07074673763991188, "U1": 12.703918412802135, "U5": 15.86317362764052}, "datetime": {"datetime": "2021-03-05 13:10:00", "elapsed": 407.903916, "delta": 3.599583}}
{"target": 0.13809338203290716, "params": {"T1": 0.1412602789900303, "T3": 0.09970272421067683, "T5": 0.13657988686292008, "U1": 17.96594383515956, "U5": 15.169665403208644}, "datetime": {"datetime": "2021-03-05 13:10:02", "elapsed": 409.328697, "delta": 1.424781}}
{"target": 0.23322792796090944, "params": {"T1": 0.07455455966540125, "T3": 0.07007370122136639, "T5": 0.13287723641491272, "U1": 14.210140650377898, "U5": 18.89171701362791}, "datetime": {"datetime": "2021-03-05 13:10:03", "elapsed": 410.894341, "delta": 1.565644}}
{"target": 0.13225778058292148, "params": {"T1": 0.08700169742685718, "T3": 0.09018522256521458, "T5": 0.0993652529309657, "U1": 15.650779147420206, "U5": 17.151849403921815}, "datetime": {"datetime": "2021-03-05 13:10:07", "elapsed": 414.21921, "delta": 3.324869}}
{"target": 0.3044648132983909, "params": {"T1": 0.10521106566330722, "T3": 0.07973302026124625, "T5": 0.10004520281446569, "U1": 16.802811029316185, "U5": 17.168227472698653}, "datetime": {"datetime": "2021-03-05 13:10:08", "elapsed": 415.401982, "delta": 1.182772}}
{"target": 0.13314713745230916, "params": {"T1": 0.12680990122195768, "T3": 0.06112405294601634, "T5": 0.09853438458595684, "U1": 18.8086248233236, "U5": 12.156537216002906}, "datetime": {"datetime": "2021-03-05 13:10:09", "elapsed": 416.73156, "delta": 1.329578}}
{"target": 0.12414985927814176, "params": {"T1": 0.13552000903108186, "T3": 0.09739759801727244, "T5": 0.12781170738322256, "U1": 18.232342925793816, "U5": 18.880557861420336}, "datetime": {"datetime": "2021-03-05 13:10:11", "elapsed": 418.310755, "delta": 1.579195}}
{"target": 0.12734789718517675, "params": {"T1": 0.12819699425677727, "T3": 0.07513662234600045, "T5": 0.0866645679512406, "U1": 14.368490696061397, "U5": 13.592155717480527}, "datetime": {"datetime": "2021-03-05 13:10:12", "elapsed": 419.680579, "delta": 1.369824}}
{"target": 0.3073671997576677, "params": {"T1": 0.0655822422407372, "T3": 0.12683240279503638, "T5": 0.08774876761037823, "U1": 14.967789782764013, "U5": 15.921538169023382}, "datetime": {"datetime": "2021-03-05 13:10:15", "elapsed": 423.024634, "delta": 3.344055}}
{"target": 0.27007271391685983, "params": {"T1": 0.1232722298523676, "T3": 0.05997175189441811, "T5": 0.14990765770122386, "U1": 12.092156303422197, "U5": 13.555450805365808}, "datetime": {"datetime": "2021-03-05 13:10:17", "elapsed": 424.208246, "delta": 1.183612}}
{"target": 0.4109196090021015, "params": {"T1": 0.12154476792901445, "T3": 0.08808939801219118, "T5": 0.09522948811743745, "U1": 18.3112050332315, "U5": 13.874745616323173}, "datetime": {"datetime": "2021-03-05 13:10:20", "elapsed": 428.118711, "delta": 3.910465}}
{"target": 0.5471351214344258, "params": {"T1": 0.13433620208011485, "T3": 0.1048695288992961, "T5": 0.09631217262092967, "U1": 18.309181289794218, "U5": 13.874828392147109}, "datetime": {"datetime": "2021-03-05 13:10:22", "elapsed": 429.464114, "delta": 1.345403}}
{"target": 0.2039896318402122, "params": {"T1": 0.061374859819741424, "T3": 0.08214853316762502, "T5": 0.11565345375133143, "U1": 17.493032017296823, "U5": 18.32252780340877}, "datetime": {"datetime": "2021-03-05 13:10:25", "elapsed": 433.108087, "delta": 3.643973}}
{"target": 0.3198640539852724, "params": {"T1": 0.07051161537470799, "T3": 0.07902736806606858, "T5": 0.1498981820787046, "U1": 14.160737024369208, "U5": 13.096132211043649}, "datetime": {"datetime": "2021-03-05 13:10:27", "elapsed": 434.453125, "delta": 1.345038}}
{"target": 0.2240839941845047, "params": {"T1": 0.1336294241059126, "T3": 0.14244502107569373, "T5": 0.06849608850436333, "U1": 19.682053167592347, "U5": 19.91449232939267}, "datetime": {"datetime": "2021-03-05 13:10:28", "elapsed": 435.909176, "delta": 1.456051}}
{"target": 0.30278895584303944, "params": {"T1": 0.05190193607108952, "T3": 0.09263203525700062, "T5": 0.13947011117183006, "U1": 19.056090647414692, "U5": 12.137222001216198}, "datetime": {"datetime": "2021-03-05 13:10:29", "elapsed": 437.144231, "delta": 1.235055}}
{"target": 0.288824024019276, "params": {"T1": 0.1174660108953907, "T3": 0.1447575695743203, "T5": 0.08812461532568044, "U1": 17.36781075694224, "U5": 12.863812510804507}, "datetime": {"datetime": "2021-03-05 13:10:33", "elapsed": 440.970947, "delta": 3.826716}}
{"target": 0.40075065292560186, "params": {"T1": 0.13605514773305766, "T3": 0.11441671353915067, "T5": 0.06077820045686499, "U1": 14.93004633489955, "U5": 15.838162801300125}, "datetime": {"datetime": "2021-03-05 13:10:35", "elapsed": 442.347399, "delta": 1.376452}}
{"target": 0.6498447804571844, "params": {"T1": 0.10708542463514341, "T3": 0.14898621091756667, "T5": 0.10095093216061232, "U1": 12.61607432779769, "U5": 14.842664499701318}, "datetime": {"datetime": "2021-03-05 13:10:36", "elapsed": 443.763169, "delta": 1.41577}}
{"target": 0.14863042879359242, "params": {"T1": 0.11122695999859238, "T3": 0.14249775375085272, "T5": 0.0539990580999623, "U1": 14.64473705680599, "U5": 13.39586838983884}, "datetime": {"datetime": "2021-03-05 13:10:37", "elapsed": 445.030356, "delta": 1.267187}}
{"target": 0.5265810583203411, "params": {"T1": 0.0638464052065523, "T3": 0.1421751497198494, "T5": 0.08027144048499965, "U1": 19.221523336965642, "U5": 17.069996573363575}, "datetime": {"datetime": "2021-03-05 13:10:41", "elapsed": 448.31629, "delta": 3.285934}}
{"target": 0.2336483364706522, "params": {"T1": 0.0973211422755382, "T3": 0.07356119465789694, "T5": 0.06531920309474466, "U1": 12.382215395864845, "U5": 12.03843538281477}, "datetime": {"datetime": "2021-03-05 13:10:42", "elapsed": 449.832538, "delta": 1.516248}}
{"target": 0.16264456529755225, "params": {"T1": 0.12277363529641062, "T3": 0.059673621971618476, "T5": 0.1257875714156756, "U1": 19.509925609926917, "U5": 17.27856308012906}, "datetime": {"datetime": "2021-03-05 13:10:47", "elapsed": 455.036594, "delta": 5.204056}}
