{"target": 0.2968725265022814, "params": {"T1": 0.13978303212478485, "T3": 0.14157308940430602, "T5": 0.08084917043064778, "U1": 14.712918234451568, "U5": 17.371468238946964}, "datetime": {"datetime": "2021-03-05 15:46:14", "elapsed": 124.988207, "delta": 0.500245}}
{"target": 0.2996499015015038, "params": {"T1": 0.08334644172549674, "T3": 0.10379493117781036, "T5": 0.12195510835885125, "U1": 18.125542926279593, "U5": 19.475714780614215}, "datetime": {"datetime": "2021-03-05 15:46:15", "elapsed": 125.44061, "delta": 0.452403}}
{"target": 0.2941120136494938, "params": {"T1": 0.07554075461563343, "T3": 0.08390518371077546, "T5": 0.13264863602240368, "U1": 15.12479773150338, "U5": 17.14930052959156}, "datetime": {"datetime": "2021-03-05 15:46:15", "elapsed": 126.076477, "delta": 0.635867}}
{"target": 0.4358251431889823, "params": {"T1": 0.10403803204740535, "T3": 0.05785146748181849, "T5": 0.12620300002330367, "U1": 15.600083842477677, "U5": 12.24616461920392}, "datetime": {"datetime": "2021-03-05 15:46:16", "elapsed": 126.656779, "delta": 0.580302}}
{"target": 0.2689931092212461, "params": {"T1": 0.13259406807955734, "T3": 0.05744075456713861, "T5": 0.10410022168799993, "U1": 16.58095287065948, "U5": 12.938853081946675}, "datetime": {"datetime": "2021-03-05 15:46:16", "elapsed": 127.111469, "delta": 0.45469}}
{"target": 0.3017238724219992, "params": {"T1": 0.11377607737355606, "T3": 0.08209306135670101, "T5": 0.11814249567011118, "U1": 14.17051290103458, "U5": 12.70306075113681}, "datetime": {"datetime": "2021-03-05 15:46:17", "elapsed": 127.594715, "delta": 0.483246}}
{"target": 0.29864241807864383, "params": {"T1": 0.07615449235149019, "T3": 0.1277988427765802, "T5": 0.13471829741489666, "U1": 15.328718975481365, "U5": 18.265741912790933}, "datetime": {"datetime": "2021-03-05 15:46:17", "elapsed": 128.100764, "delta": 0.506049}}
{"target": 0.29862022803454974, "params": {"T1": 0.05610264702851443, "T3": 0.06037372344256493, "T5": 0.061469913046123884, "U1": 14.092555802507599, "U5": 19.56771861338133}, "datetime": {"datetime": "2021-03-05 15:46:18", "elapsed": 128.538241, "delta": 0.437477}}
{"target": 0.30570047167318687, "params": {"T1": 0.1385734446008539, "T3": 0.11559831388005955, "T5": 0.09040390272833719, "U1": 18.290077932097535, "U5": 16.29155770776099}, "datetime": {"datetime": "2021-03-05 15:46:18", "elapsed": 128.990488, "delta": 0.452247}}
{"target": 0.2540591573625237, "params": {"T1": 0.1282503468039179, "T3": 0.09107393212946731, "T5": 0.11126876922870141, "U1": 13.612843694071616, "U5": 19.64816313693421}, "datetime": {"datetime": "2021-03-05 15:46:19", "elapsed": 129.460852, "delta": 0.470364}}
{"target": 0.5139196185188862, "params": {"T1": 0.07399379497639107, "T3": 0.1389296621957347, "T5": 0.07197807048116209, "U1": 17.75303231633556, "U5": 13.313112178914363}, "datetime": {"datetime": "2021-03-05 15:46:19", "elapsed": 129.985185, "delta": 0.524333}}
{"target": 0.2996685644774006, "params": {"T1": 0.07496249908066256, "T3": 0.06418367337105989, "T5": 0.07227590284961576, "U1": 15.19572848058434, "U5": 15.571160160411015}, "datetime": {"datetime": "2021-03-05 15:46:20", "elapsed": 130.463461, "delta": 0.478276}}
{"target": 0.29518163994476515, "params": {"T1": 0.11452633671781243, "T3": 0.11186150426817584, "T5": 0.09583150121928632, "U1": 13.638531309632368, "U5": 13.580158741975346}, "datetime": {"datetime": "2021-03-05 15:46:20", "elapsed": 131.127547, "delta": 0.664086}}
{"target": 0.30141102228279393, "params": {"T1": 0.0963917122086631, "T3": 0.10059502968779453, "T5": 0.07466709534779352, "U1": 13.548034063909814, "U5": 13.43016923888585}, "datetime": {"datetime": "2021-03-05 15:46:21", "elapsed": 131.760375, "delta": 0.632828}}
{"target": 0.30255985933602886, "params": {"T1": 0.14582303929244383, "T3": 0.05942534703749152, "T5": 0.057516338834389974, "U1": 13.36491499140203, "U5": 13.54588595814241}, "datetime": {"datetime": "2021-03-05 15:46:21", "elapsed": 132.2341, "delta": 0.473725}}
{"target": 0.29155351247093086, "params": {"T1": 0.1374770529241433, "T3": 0.06586805445549172, "T5": 0.08401986042371148, "U1": 13.290011552757836, "U5": 16.409646598995607}, "datetime": {"datetime": "2021-03-05 15:46:22", "elapsed": 132.682526, "delta": 0.448426}}
{"target": 0.3140479747695695, "params": {"T1": 0.09663297080895172, "T3": 0.07974594382179825, "T5": 0.0878168312819905, "U1": 17.181584440790747, "U5": 19.727962124884428}, "datetime": {"datetime": "2021-03-05 15:46:22", "elapsed": 133.162598, "delta": 0.480072}}
{"target": 0.3557532070418063, "params": {"T1": 0.09531063924963065, "T3": 0.09963750304190924, "T5": 0.08513432517305233, "U1": 14.656402361297673, "U5": 16.649786704412175}, "datetime": {"datetime": "2021-03-05 15:46:23", "elapsed": 133.748719, "delta": 0.586121}}
{"target": 0.30267488184603836, "params": {"T1": 0.1002664635488191, "T3": 0.12509239999388144, "T5": 0.11553863467780184, "U1": 18.778079583553303, "U5": 17.695166439931782}, "datetime": {"datetime": "2021-03-05 15:46:23", "elapsed": 134.277815, "delta": 0.529096}}
{"target": 0.30483396865085827, "params": {"T1": 0.08092941356462156, "T3": 0.0892864386176142, "T5": 0.08444291986533213, "U1": 17.795553303806937, "U5": 18.351611829986474}, "datetime": {"datetime": "2021-03-05 15:46:24", "elapsed": 134.765172, "delta": 0.487357}}
{"target": 0.2897348809099215, "params": {"T1": 0.1425600444489656, "T3": 0.1165715884898279, "T5": 0.12559907762341155, "U1": 15.176122539453, "U5": 18.114792712470237}, "datetime": {"datetime": "2021-03-05 15:46:24", "elapsed": 135.250738, "delta": 0.485566}}
{"target": 0.2941188135959276, "params": {"T1": 0.10698688245870466, "T3": 0.14750090736423557, "T5": 0.12964677277034253, "U1": 16.756547089132116, "U5": 19.879667870073444}, "datetime": {"datetime": "2021-03-05 15:46:25", "elapsed": 135.705263, "delta": 0.454525}}
{"target": 0.30411734042189115, "params": {"T1": 0.10134256332381553, "T3": 0.09477841136075821, "T5": 0.1198376097675434, "U1": 13.463790063917596, "U5": 16.469731764152336}, "datetime": {"datetime": "2021-03-05 15:46:25", "elapsed": 136.187286, "delta": 0.482023}}
{"target": 0.30704122528565814, "params": {"T1": 0.11566993285100965, "T3": 0.08640988674147757, "T5": 0.0918300759416115, "U1": 13.611557411481868, "U5": 14.954581537939331}, "datetime": {"datetime": "2021-03-05 15:46:26", "elapsed": 136.664998, "delta": 0.477712}}
{"target": 0.30364072959832417, "params": {"T1": 0.08681110716626025, "T3": 0.06435618145683195, "T5": 0.12916852179264, "U1": 16.906849377117847, "U5": 13.955610484613938}, "datetime": {"datetime": "2021-03-05 15:46:26", "elapsed": 137.135168, "delta": 0.47017}}
{"target": 0.27747812805447575, "params": {"T1": 0.14243688347118333, "T3": 0.1343666909264749, "T5": 0.08971646428620987, "U1": 14.836290119804831, "U5": 13.940929723070475}, "datetime": {"datetime": "2021-03-05 15:46:27", "elapsed": 137.644206, "delta": 0.509038}}
{"target": 0.3357829010730916, "params": {"T1": 0.12359353056393328, "T3": 0.10960600267818854, "T5": 0.11076963055197463, "U1": 14.114498884823636, "U5": 17.572790973756284}, "datetime": {"datetime": "2021-03-05 15:46:27", "elapsed": 138.147595, "delta": 0.503389}}
{"target": 0.3012915698711682, "params": {"T1": 0.09195243021990848, "T3": 0.05512218423262804, "T5": 0.1392450391611329, "U1": 15.959393110124552, "U5": 19.897175318309838}, "datetime": {"datetime": "2021-03-05 15:46:28", "elapsed": 138.845688, "delta": 0.698093}}
{"target": 0.2752475669863298, "params": {"T1": 0.13788983382669237, "T3": 0.1086210023332014, "T5": 0.09330099010283108, "U1": 13.384559395257654, "U5": 19.51363815920268}, "datetime": {"datetime": "2021-03-05 15:46:28", "elapsed": 139.346308, "delta": 0.50062}}
{"target": 0.3001460452754856, "params": {"T1": 0.06764286080459805, "T3": 0.07486293535662156, "T5": 0.12242963370693032, "U1": 15.635640368389957, "U5": 17.452478485917176}, "datetime": {"datetime": "2021-03-05 15:46:29", "elapsed": 139.808568, "delta": 0.46226}}
{"target": 0.30278894263112754, "params": {"T1": 0.062475511309805366, "T3": 0.05257063389576329, "T5": 0.1203552396419127, "U1": 16.80511198541739, "U5": 13.547156973733863}, "datetime": {"datetime": "2021-03-05 15:46:29", "elapsed": 140.290603, "delta": 0.482035}}
{"target": 0.31524774830019686, "params": {"T1": 0.08727329406661874, "T3": 0.1447185281018098, "T5": 0.0728231499597687, "U1": 19.99077813087541, "U5": 17.358535197220057}, "datetime": {"datetime": "2021-03-05 15:46:30", "elapsed": 140.768914, "delta": 0.478311}}
{"target": 0.32892839650274436, "params": {"T1": 0.11264497925128665, "T3": 0.11080690343704941, "T5": 0.09764198909739812, "U1": 19.976038466133705, "U5": 19.19487261656509}, "datetime": {"datetime": "2021-03-05 15:46:30", "elapsed": 141.296063, "delta": 0.527149}}
{"target": 0.3712781363637849, "params": {"T1": 0.09124005500317617, "T3": 0.12876564448832306, "T5": 0.06824813051857477, "U1": 12.982921244152799, "U5": 19.886309894407816}, "datetime": {"datetime": "2021-03-05 15:46:31", "elapsed": 141.831671, "delta": 0.535608}}
{"target": 0.2803393309760354, "params": {"T1": 0.09106660634008434, "T3": 0.07068738325598457, "T5": 0.07520440539411596, "U1": 16.310190924445852, "U5": 14.138881775770576}, "datetime": {"datetime": "2021-03-05 15:46:32", "elapsed": 142.463189, "delta": 0.631518}}
{"target": 0.30095937396829503, "params": {"T1": 0.05381117570167701, "T3": 0.12856379321010694, "T5": 0.0887213738020917, "U1": 13.86980874048638, "U5": 18.58931191208851}, "datetime": {"datetime": "2021-03-05 15:46:32", "elapsed": 142.959526, "delta": 0.496337}}
{"target": 0.30052600692610076, "params": {"T1": 0.06239181266168073, "T3": 0.09887318931240954, "T5": 0.09689592408992226, "U1": 12.266574028724802, "U5": 18.12061321789889}, "datetime": {"datetime": "2021-03-05 15:46:33", "elapsed": 143.465734, "delta": 0.506208}}
{"target": 0.40699967439374474, "params": {"T1": 0.12341344925673715, "T3": 0.13724103587215591, "T5": 0.09615162135077436, "U1": 17.775617909782206, "U5": 14.637068645603179}, "datetime": {"datetime": "2021-03-05 15:46:33", "elapsed": 143.990322, "delta": 0.524588}}
{"target": 0.3067051280194198, "params": {"T1": 0.11122427493255009, "T3": 0.09616350098132795, "T5": 0.0866845427076906, "U1": 18.391069978028767, "U5": 17.655031514275798}, "datetime": {"datetime": "2021-03-05 15:46:34", "elapsed": 144.641688, "delta": 0.651366}}
{"target": 0.296139236209874, "params": {"T1": 0.1066550906594097, "T3": 0.0832127292756951, "T5": 0.1039688579406578, "U1": 13.537326732555147, "U5": 15.183149470942944}, "datetime": {"datetime": "2021-03-05 15:46:34", "elapsed": 145.328583, "delta": 0.686895}}
{"target": 0.31523839816056565, "params": {"T1": 0.055508742813768545, "T3": 0.13027790578449672, "T5": 0.08374598431350684, "U1": 17.379163481991363, "U5": 17.760919223653804}, "datetime": {"datetime": "2021-03-05 15:46:35", "elapsed": 145.859043, "delta": 0.53046}}
{"target": 0.30282652221263656, "params": {"T1": 0.06565488053056853, "T3": 0.05491400486215016, "T5": 0.1301624482322798, "U1": 15.916430319550003, "U5": 18.641888723864994}, "datetime": {"datetime": "2021-03-05 15:46:35", "elapsed": 146.394956, "delta": 0.535913}}
{"target": 0.38355546476246705, "params": {"T1": 0.12988871527672852, "T3": 0.08367854178118611, "T5": 0.12084543133589598, "U1": 15.63153816400894, "U5": 18.597352904877702}, "datetime": {"datetime": "2021-03-05 15:46:36", "elapsed": 146.889787, "delta": 0.494831}}
{"target": 0.2982752240969486, "params": {"T1": 0.0721567185611767, "T3": 0.12571456185904584, "T5": 0.08240309492949785, "U1": 15.67118510740216, "U5": 17.839988688681363}, "datetime": {"datetime": "2021-03-05 15:46:36", "elapsed": 147.408502, "delta": 0.518715}}
{"target": 0.3024588549460335, "params": {"T1": 0.10181379466953894, "T3": 0.06721847549651212, "T5": 0.14869961116314384, "U1": 16.561443860753936, "U5": 16.330275511044885}, "datetime": {"datetime": "2021-03-05 15:46:37", "elapsed": 148.107734, "delta": 0.699232}}
{"target": 0.26635819119468407, "params": {"T1": 0.07869007588334477, "T3": 0.058424852602836544, "T5": 0.14676200934223835, "U1": 13.11282894564409, "U5": 15.819004560834454}, "datetime": {"datetime": "2021-03-05 15:46:38", "elapsed": 148.607383, "delta": 0.499649}}
{"target": 0.3008756375438259, "params": {"T1": 0.07708594157211544, "T3": 0.11653951353969938, "T5": 0.08964578269908005, "U1": 15.032041032207953, "U5": 17.363792927983955}, "datetime": {"datetime": "2021-03-05 15:46:38", "elapsed": 149.110711, "delta": 0.503328}}
{"target": 0.3422160663932793, "params": {"T1": 0.06906046000742014, "T3": 0.08745865158079938, "T5": 0.1268063225620082, "U1": 13.54879706510718, "U5": 19.00333395659265}, "datetime": {"datetime": "2021-03-05 15:46:39", "elapsed": 149.612324, "delta": 0.501613}}
{"target": 0.29306683706228076, "params": {"T1": 0.1416941113807828, "T3": 0.1120972693737976, "T5": 0.11438057050493823, "U1": 16.192964477075346, "U5": 17.415532297309287}, "datetime": {"datetime": "2021-03-05 15:46:39", "elapsed": 150.126184, "delta": 0.51386}}
{"target": 0.302834796798445, "params": {"T1": 0.11856879834766605, "T3": 0.10952467350838506, "T5": 0.11898213421837305, "U1": 19.496234502357407, "U5": 15.67564026568385}, "datetime": {"datetime": "2021-03-05 15:46:40", "elapsed": 150.690153, "delta": 0.563969}}
{"target": 0.25433405482505594, "params": {"T1": 0.12309569443281092, "T3": 0.09474635944437287, "T5": 0.06927239922654536, "U1": 15.709783034966083, "U5": 14.890234962802948}, "datetime": {"datetime": "2021-03-05 15:46:40", "elapsed": 151.230291, "delta": 0.540138}}
{"target": 0.29102275799483834, "params": {"T1": 0.11737455527590264, "T3": 0.07086382911815746, "T5": 0.06529897907577863, "U1": 12.889094001072698, "U5": 12.965894449768877}, "datetime": {"datetime": "2021-03-05 15:46:41", "elapsed": 151.710056, "delta": 0.479765}}
{"target": 0.42255253895346134, "params": {"T1": 0.13125241224604933, "T3": 0.05579274810014267, "T5": 0.139306875935701, "U1": 15.666339142446088, "U5": 15.567561862929217}, "datetime": {"datetime": "2021-03-05 15:46:42", "elapsed": 152.424686, "delta": 0.71463}}
{"target": 0.30356271179981514, "params": {"T1": 0.11324469937854408, "T3": 0.08279368019765071, "T5": 0.0586743530265437, "U1": 17.546298679656584, "U5": 17.533467139620555}, "datetime": {"datetime": "2021-03-05 15:46:42", "elapsed": 153.14138, "delta": 0.716694}}
{"target": 0.2752475030520989, "params": {"T1": 0.14997381702434048, "T3": 0.11309532034927706, "T5": 0.1434188211669184, "U1": 14.230091572851311, "U5": 13.831356119032279}, "datetime": {"datetime": "2021-03-05 15:46:43", "elapsed": 153.71898, "delta": 0.5776}}
{"target": 0.28829637420328036, "params": {"T1": 0.1423931318702415, "T3": 0.11023111554088899, "T5": 0.061845311089139744, "U1": 15.064921573325691, "U5": 17.909272869984804}, "datetime": {"datetime": "2021-03-05 15:46:43", "elapsed": 154.263716, "delta": 0.544736}}
{"target": 0.302865666739327, "params": {"T1": 0.08472164088644452, "T3": 0.13431391874070014, "T5": 0.06958278858517472, "U1": 14.611327217826435, "U5": 14.936202442075292}, "datetime": {"datetime": "2021-03-05 15:46:44", "elapsed": 154.777334, "delta": 0.513618}}
{"target": 0.2702373387024643, "params": {"T1": 0.13213685645169837, "T3": 0.07347821894600126, "T5": 0.05453095853941181, "U1": 14.38147926904688, "U5": 16.984290829224065}, "datetime": {"datetime": "2021-03-05 15:46:44", "elapsed": 155.297283, "delta": 0.519949}}
{"target": 0.2890696733926703, "params": {"T1": 0.13696640728830387, "T3": 0.1364633478462706, "T5": 0.12561774041356533, "U1": 14.628154141393406, "U5": 15.746452369938932}, "datetime": {"datetime": "2021-03-05 15:46:45", "elapsed": 155.842059, "delta": 0.544776}}
{"target": 0.3349759783968508, "params": {"T1": 0.1242774403032748, "T3": 0.12447861908539644, "T5": 0.09623781055384076, "U1": 16.46306470256245, "U5": 15.508620032311491}, "datetime": {"datetime": "2021-03-05 15:46:46", "elapsed": 156.607873, "delta": 0.765814}}
{"target": 0.30126719874672875, "params": {"T1": 0.08232214623999888, "T3": 0.10317462536340558, "T5": 0.05719636262797108, "U1": 13.671395407207775, "U5": 15.763282673545746}, "datetime": {"datetime": "2021-03-05 15:46:46", "elapsed": 157.145566, "delta": 0.537693}}
{"target": 0.48844389773083374, "params": {"T1": 0.11177486281246019, "T3": 0.11031513637257453, "T5": 0.1343141511213427, "U1": 17.890007418242455, "U5": 12.60949384119693}, "datetime": {"datetime": "2021-03-05 15:46:47", "elapsed": 157.64641, "delta": 0.500844}}
{"target": 0.3019727100548602, "params": {"T1": 0.05153323545382983, "T3": 0.14321090735239905, "T5": 0.08490392047979292, "U1": 12.298738954388005, "U5": 13.77737091852428}, "datetime": {"datetime": "2021-03-05 15:46:47", "elapsed": 158.173121, "delta": 0.526711}}
{"target": 0.34434366314595516, "params": {"T1": 0.08429144450806911, "T3": 0.05142405625806817, "T5": 0.0561215359260279, "U1": 15.641192528686709, "U5": 19.725554007188883}, "datetime": {"datetime": "2021-03-05 15:46:48", "elapsed": 158.697037, "delta": 0.523916}}
{"target": 0.2972496320272206, "params": {"T1": 0.05337949956906515, "T3": 0.09218844788350267, "T5": 0.09179973565451457, "U1": 16.23230196321727, "U5": 17.359702156818337}, "datetime": {"datetime": "2021-03-05 15:46:48", "elapsed": 159.200388, "delta": 0.503351}}
{"target": 0.31481119198808827, "params": {"T1": 0.06987353657996864, "T3": 0.14429963886942793, "T5": 0.11367496329491589, "U1": 15.959591867788646, "U5": 17.374362835358106}, "datetime": {"datetime": "2021-03-05 15:46:49", "elapsed": 159.745678, "delta": 0.54529}}
{"target": 0.30567407690354914, "params": {"T1": 0.0881278175731648, "T3": 0.10346282749075564, "T5": 0.12479412465480304, "U1": 13.686425633691169, "U5": 16.91415557483131}, "datetime": {"datetime": "2021-03-05 15:46:49", "elapsed": 160.36661, "delta": 0.620932}}
{"target": 0.3230653883979058, "params": {"T1": 0.11646783273140617, "T3": 0.08662856855740597, "T5": 0.06562761885590047, "U1": 14.946801047274963, "U5": 15.735108266643087}, "datetime": {"datetime": "2021-03-05 15:46:50", "elapsed": 161.120818, "delta": 0.754208}}
{"target": 0.2969344669642031, "params": {"T1": 0.08006402240676302, "T3": 0.08661422274614529, "T5": 0.07026400066021783, "U1": 13.84243958592025, "U5": 17.830959149054905}, "datetime": {"datetime": "2021-03-05 15:46:51", "elapsed": 161.669678, "delta": 0.54886}}
{"target": 0.6563994935563671, "params": {"T1": 0.08107725228531329, "T3": 0.12853114118325532, "T5": 0.0937381365800515, "U1": 16.006925565214484, "U5": 12.2329396188765}, "datetime": {"datetime": "2021-03-05 15:46:51", "elapsed": 162.223776, "delta": 0.554098}}
{"target": 0.4772161858927697, "params": {"T1": 0.09743650389471957, "T3": 0.13896859156983538, "T5": 0.09538190104558641, "U1": 13.568244029302727, "U5": 19.086919248129824}, "datetime": {"datetime": "2021-03-05 15:46:52", "elapsed": 162.808103, "delta": 0.584327}}
{"target": 0.42189267941015834, "params": {"T1": 0.06692359043133297, "T3": 0.06639078108001893, "T5": 0.0660601839459796, "U1": 16.768740841218346, "U5": 12.243556648539895}, "datetime": {"datetime": "2021-03-05 15:46:52", "elapsed": 163.344755, "delta": 0.536652}}
{"target": 0.3278150653592534, "params": {"T1": 0.06262879160445284, "T3": 0.06401077298522981, "T5": 0.06701649411230472, "U1": 13.71324318368065, "U5": 19.802646376090408}, "datetime": {"datetime": "2021-03-05 15:46:53", "elapsed": 163.928254, "delta": 0.583499}}
{"target": 0.2983453509312212, "params": {"T1": 0.11272444698241792, "T3": 0.11488415455899888, "T5": 0.059699493336942355, "U1": 15.876783003267864, "U5": 15.890349196559288}, "datetime": {"datetime": "2021-03-05 15:46:54", "elapsed": 164.446102, "delta": 0.517848}}
{"target": 0.29162952159217925, "params": {"T1": 0.10316057437894902, "T3": 0.07125669649244556, "T5": 0.14898482013239428, "U1": 14.997831752447944, "U5": 17.06645339880867}, "datetime": {"datetime": "2021-03-05 15:46:54", "elapsed": 165.271956, "delta": 0.825854}}
{"target": 0.6962497914543346, "params": {"T1": 0.14554920228340482, "T3": 0.13716552985680563, "T5": 0.08273183440525142, "U1": 17.60118770241674, "U5": 14.097996929521315}, "datetime": {"datetime": "2021-03-05 15:46:55", "elapsed": 165.782323, "delta": 0.510367}}
{"target": 0.30428856220685374, "params": {"T1": 0.06582782460928514, "T3": 0.06814760402727751, "T5": 0.052356383813892696, "U1": 19.739596815425557, "U5": 17.212051018198302}, "datetime": {"datetime": "2021-03-05 15:46:56", "elapsed": 166.587632, "delta": 0.805309}}
{"target": 0.33726526510989435, "params": {"T1": 0.0644629929779125, "T3": 0.12691180642510524, "T5": 0.07090002159588542, "U1": 14.556984707184391, "U5": 18.408719109082828}, "datetime": {"datetime": "2021-03-05 15:46:56", "elapsed": 167.121151, "delta": 0.533519}}
{"target": 0.3052623937233522, "params": {"T1": 0.1261402056267722, "T3": 0.145218824179014, "T5": 0.0572112412572178, "U1": 18.11642447040487, "U5": 18.944815394115196}, "datetime": {"datetime": "2021-03-05 15:46:57", "elapsed": 167.959076, "delta": 0.837925}}
{"target": 0.4265222068433389, "params": {"T1": 0.1187141036019694, "T3": 0.08739131662545631, "T5": 0.09597508361363297, "U1": 16.10839627949775, "U5": 14.135182960454495}, "datetime": {"datetime": "2021-03-05 15:46:58", "elapsed": 168.486096, "delta": 0.52702}}
{"target": 0.28552794322989317, "params": {"T1": 0.1342367790592875, "T3": 0.10285237218503715, "T5": 0.05217424010727082, "U1": 13.534561223122823, "U5": 15.659974949084438}, "datetime": {"datetime": "2021-03-05 15:46:58", "elapsed": 169.047037, "delta": 0.560941}}
{"target": 0.2832185604073776, "params": {"T1": 0.09439706638565645, "T3": 0.06641875776269698, "T5": 0.10409595255506376, "U1": 15.295292530937505, "U5": 15.112243817324792}, "datetime": {"datetime": "2021-03-05 15:46:59", "elapsed": 169.614947, "delta": 0.56791}}
