{"target": 0.172289656009175, "params": {"T1": 0.10084249843374479, "T3": 0.0922702594439235, "T5": 0.12469016389207523, "U1": 16.25135189581853, "U5": 17.743694519316815}, "datetime": {"datetime": "2021-03-04 16:02:55", "elapsed": 8.893268, "delta": 0.053729}}
{"target": 0.1404799807077505, "params": {"T1": 0.08552650498357703, "T3": 0.12658126034904998, "T5": 0.08413077596742205, "U1": 16.582617386259358, "U5": 17.799528761186977}, "datetime": {"datetime": "2021-03-04 16:02:55", "elapsed": 8.94642, "delta": 0.053152}}
{"target": 0.22239103733163437, "params": {"T1": 0.0881303909825876, "T3": 0.05745971191890882, "T5": 0.06652001168134543, "U1": 17.49875103640372, "U5": 16.01606658461956}, "datetime": {"datetime": "2021-03-04 16:02:55", "elapsed": 8.996999, "delta": 0.050579}}
{"target": 0.2849485702363672, "params": {"T1": 0.14017239518546562, "T3": 0.08974379010471792, "T5": 0.08916810259086003, "U1": 14.484746300803305, "U5": 17.583039244796986}, "datetime": {"datetime": "2021-03-04 16:02:55", "elapsed": 9.051197, "delta": 0.054198}}
{"target": 0.17106789813210624, "params": {"T1": 0.1463304115786352, "T3": 0.11498513605606171, "T5": 0.0892306666168187, "U1": 13.091525756940026, "U5": 14.849613702776875}, "datetime": {"datetime": "2021-03-04 16:02:55", "elapsed": 9.107203, "delta": 0.056006}}
{"target": 0.1594636476010857, "params": {"T1": 0.09262887473357195, "T3": 0.08894611449292758, "T5": 0.13452537350934404, "U1": 14.046978926473447, "U5": 17.981750817339538}, "datetime": {"datetime": "2021-03-04 16:02:55", "elapsed": 9.161303, "delta": 0.0541}}
{"target": 0.23929998812632924, "params": {"T1": 0.056117530149896934, "T3": 0.13034289791826353, "T5": 0.10461212423123299, "U1": 13.305392020943708, "U5": 12.948622080094076}, "datetime": {"datetime": "2021-03-04 16:02:56", "elapsed": 9.214634, "delta": 0.053331}}
{"target": 0.24500647851484553, "params": {"T1": 0.07995946710352339, "T3": 0.13677264576042653, "T5": 0.11383681904609955, "U1": 12.28161416702585, "U5": 15.597940951900078}, "datetime": {"datetime": "2021-03-04 16:02:56", "elapsed": 9.269602, "delta": 0.054968}}
{"target": 0.2931291710447048, "params": {"T1": 0.0679345803040656, "T3": 0.08395617731771145, "T5": 0.1410752216642833, "U1": 13.834230845061438, "U5": 16.720035261032812}, "datetime": {"datetime": "2021-03-04 16:02:56", "elapsed": 9.323065, "delta": 0.053463}}
{"target": 0.15298034878949449, "params": {"T1": 0.1070685700194442, "T3": 0.11353914652398142, "T5": 0.08271404724643082, "U1": 14.79273538398649, "U5": 13.368753633709328}, "datetime": {"datetime": "2021-03-04 16:02:56", "elapsed": 9.376823, "delta": 0.053758}}
{"target": 0.159261186146998, "params": {"T1": 0.060011722908710596, "T3": 0.10796998307970623, "T5": 0.1295961172483896, "U1": 18.043077168800664, "U5": 15.58650090650783}, "datetime": {"datetime": "2021-03-04 16:02:56", "elapsed": 9.431069, "delta": 0.054246}}
{"target": 0.11604785654787163, "params": {"T1": 0.141561711545731, "T3": 0.14360885363795628, "T5": 0.13766786759186034, "U1": 16.375598153459855, "U5": 16.80096326314475}, "datetime": {"datetime": "2021-03-04 16:02:56", "elapsed": 9.489033, "delta": 0.057964}}
{"target": 0.204963541238533, "params": {"T1": 0.09634110969323337, "T3": 0.143717567514158, "T5": 0.12786445097575966, "U1": 14.412477044556812, "U5": 12.494626816940599}, "datetime": {"datetime": "2021-03-04 16:02:56", "elapsed": 9.54612, "delta": 0.057087}}
{"target": 0.26917374362459107, "params": {"T1": 0.08825073219282677, "T3": 0.08157997015752004, "T5": 0.09621400229369748, "U1": 16.475917468302704, "U5": 16.69864247679681}, "datetime": {"datetime": "2021-03-04 16:02:56", "elapsed": 9.598034, "delta": 0.051914}}
{"target": 0.15027209926901725, "params": {"T1": 0.05109940110445167, "T3": 0.10238904203184145, "T5": 0.06876812760823767, "U1": 19.187446010063812, "U5": 15.222051190576085}, "datetime": {"datetime": "2021-03-04 16:02:56", "elapsed": 9.648862, "delta": 0.050828}}
{"target": 0.17995140904813778, "params": {"T1": 0.14209807722625345, "T3": 0.09300830989603373, "T5": 0.12892725709620467, "U1": 17.848666450328757, "U5": 19.457174929470035}, "datetime": {"datetime": "2021-03-04 16:02:56", "elapsed": 9.703661, "delta": 0.054799}}
{"target": 0.2204767482114239, "params": {"T1": 0.12936466796599, "T3": 0.11563889779017085, "T5": 0.13610548138264866, "U1": 18.45882475790713, "U5": 18.71463076376024}, "datetime": {"datetime": "2021-03-04 16:02:56", "elapsed": 9.758506, "delta": 0.054845}}
{"target": 0.17787483291192557, "params": {"T1": 0.0541364526087481, "T3": 0.10697926703140412, "T5": 0.1159026893413649, "U1": 15.523370954900066, "U5": 15.61048754503167}, "datetime": {"datetime": "2021-03-04 16:02:56", "elapsed": 9.811802, "delta": 0.053296}}
{"target": 0.15200186082931533, "params": {"T1": 0.0532769357465209, "T3": 0.06245450757307002, "T5": 0.0666149703957592, "U1": 14.644394624717062, "U5": 14.561106608534944}, "datetime": {"datetime": "2021-03-04 16:02:56", "elapsed": 9.862627, "delta": 0.050825}}
{"target": 0.31228030736801715, "params": {"T1": 0.14778876505743874, "T3": 0.12126791969208302, "T5": 0.11916671982974712, "U1": 13.468024036336217, "U5": 16.315204415923915}, "datetime": {"datetime": "2021-03-04 16:02:56", "elapsed": 9.920539, "delta": 0.057912}}
{"target": 0.4288130066349646, "params": {"T1": 0.10834397391540831, "T3": 0.12949259427925525, "T5": 0.090051537449397, "U1": 18.03406910759352, "U5": 17.633500962596134}, "datetime": {"datetime": "2021-03-04 16:02:56", "elapsed": 9.973973, "delta": 0.053434}}
{"target": 0.15051926588282602, "params": {"T1": 0.11023514713203955, "T3": 0.10582474281128107, "T5": 0.12113562706741292, "U1": 14.018900140712539, "U5": 19.347538738613785}, "datetime": {"datetime": "2021-03-04 16:02:56", "elapsed": 10.029174, "delta": 0.055201}}
{"target": 0.30880309160828157, "params": {"T1": 0.10921642678378929, "T3": 0.09390685259736914, "T5": 0.10909469201629848, "U1": 19.835134504548147, "U5": 19.975312151555244}, "datetime": {"datetime": "2021-03-04 16:02:56", "elapsed": 10.081517, "delta": 0.052343}}
{"target": 0.34060456345071155, "params": {"T1": 0.1213538556273516, "T3": 0.07089147384469438, "T5": 0.07370701887030381, "U1": 19.253750797227163, "U5": 13.607600456066933}, "datetime": {"datetime": "2021-03-04 16:02:56", "elapsed": 10.133652, "delta": 0.052135}}
{"target": 0.13316839120909563, "params": {"T1": 0.12002447808901275, "T3": 0.0862641062358745, "T5": 0.12056037975426881, "U1": 12.884287941011317, "U5": 19.74271929568311}, "datetime": {"datetime": "2021-03-04 16:02:56", "elapsed": 10.187806, "delta": 0.054154}}
{"target": 0.17875519589468217, "params": {"T1": 0.1495953569385498, "T3": 0.11933950851712934, "T5": 0.11100307858197359, "U1": 14.91797466516929, "U5": 12.45751689110578}, "datetime": {"datetime": "2021-03-04 16:02:57", "elapsed": 10.245256, "delta": 0.05745}}
{"target": 0.44624436004928053, "params": {"T1": 0.0797430761509316, "T3": 0.11854587227822666, "T5": 0.0668464010734418, "U1": 19.074955436425327, "U5": 12.948278711354916}, "datetime": {"datetime": "2021-03-04 16:02:57", "elapsed": 10.297188, "delta": 0.051932}}
{"target": 0.2807184563604845, "params": {"T1": 0.13341211806753728, "T3": 0.08960777121858501, "T5": 0.11344076736152012, "U1": 14.89504945919293, "U5": 12.343227529216103}, "datetime": {"datetime": "2021-03-04 16:02:57", "elapsed": 10.353902, "delta": 0.056714}}
{"target": 0.19165224337303224, "params": {"T1": 0.12037255222889849, "T3": 0.1169500563768984, "T5": 0.10774502195073099, "U1": 17.82814464652736, "U5": 17.669403006153352}, "datetime": {"datetime": "2021-03-04 16:02:57", "elapsed": 10.407968, "delta": 0.054066}}
{"target": 0.2995847252678697, "params": {"T1": 0.06101578832072751, "T3": 0.07113736950691726, "T5": 0.08038475549579625, "U1": 14.958251850815337, "U5": 13.183292200895576}, "datetime": {"datetime": "2021-03-04 16:02:57", "elapsed": 10.460132, "delta": 0.052164}}
{"target": 0.25304270123938893, "params": {"T1": 0.1289905583556534, "T3": 0.1254710431622455, "T5": 0.057231158053254655, "U1": 14.206351729865247, "U5": 16.887077012629355}, "datetime": {"datetime": "2021-03-04 16:02:57", "elapsed": 10.51534, "delta": 0.055208}}
{"target": 0.7542757784467965, "params": {"T1": 0.08110010835084874, "T3": 0.11507879604113226, "T5": 0.07368757427782492, "U1": 18.81814431817707, "U5": 13.792139033278012}, "datetime": {"datetime": "2021-03-04 16:02:57", "elapsed": 10.568012, "delta": 0.052672}}
{"target": 0.12605626138223167, "params": {"T1": 0.11712054826426996, "T3": 0.121227385497774, "T5": 0.10891799187659343, "U1": 14.80422924166373, "U5": 16.537600723718334}, "datetime": {"datetime": "2021-03-04 16:02:57", "elapsed": 10.62364, "delta": 0.055628}}
{"target": 0.17149732541128412, "params": {"T1": 0.14782266635978364, "T3": 0.09528051185170726, "T5": 0.10742578856938026, "U1": 14.58571995262852, "U5": 14.862358786127377}, "datetime": {"datetime": "2021-03-04 16:02:57", "elapsed": 10.680417, "delta": 0.056777}}
{"target": 0.31058776718025743, "params": {"T1": 0.0683685841972422, "T3": 0.10410863275893029, "T5": 0.11779621874560627, "U1": 12.809869683289467, "U5": 19.777655606514287}, "datetime": {"datetime": "2021-03-04 16:02:57", "elapsed": 10.733037, "delta": 0.05262}}
{"target": 0.21042326521809634, "params": {"T1": 0.08753977044826726, "T3": 0.1380117677449803, "T5": 0.07964329370871323, "U1": 18.645084434617242, "U5": 18.053690636550634}, "datetime": {"datetime": "2021-03-04 16:02:57", "elapsed": 10.785785, "delta": 0.052748}}
{"target": 0.26881222078532846, "params": {"T1": 0.05202532859254804, "T3": 0.1430602172877563, "T5": 0.06643906074578443, "U1": 17.299533429623075, "U5": 12.235190548588955}, "datetime": {"datetime": "2021-03-04 16:02:57", "elapsed": 10.838383, "delta": 0.052598}}
{"target": 0.1349870480583556, "params": {"T1": 0.11367844890717116, "T3": 0.05379552162163773, "T5": 0.13258331833544168, "U1": 17.036619892252503, "U5": 13.766530806320866}, "datetime": {"datetime": "2021-03-04 16:02:57", "elapsed": 10.892155, "delta": 0.053772}}
{"target": 0.23341219131290084, "params": {"T1": 0.11540354189181816, "T3": 0.14331635242386775, "T5": 0.12608954338709039, "U1": 12.243255171181486, "U5": 19.754497714916308}, "datetime": {"datetime": "2021-03-04 16:02:57", "elapsed": 10.948751, "delta": 0.056596}}
{"target": 0.4654182797509306, "params": {"T1": 0.05880560423604674, "T3": 0.14524015382911232, "T5": 0.13127177430838893, "U1": 18.561696842131862, "U5": 14.123408067367027}, "datetime": {"datetime": "2021-03-04 16:02:57", "elapsed": 11.003666, "delta": 0.054915}}
{"target": 0.4396802880474304, "params": {"T1": 0.14428957661677846, "T3": 0.13786480443495303, "T5": 0.14415445868584578, "U1": 18.789749176005003, "U5": 17.71362949356391}, "datetime": {"datetime": "2021-03-04 16:02:57", "elapsed": 11.05969, "delta": 0.056024}}
{"target": 0.27804779226649073, "params": {"T1": 0.10822623831910622, "T3": 0.09569297600730146, "T5": 0.06971714920737064, "U1": 13.062032981065064, "U5": 13.214556554871091}, "datetime": {"datetime": "2021-03-04 16:02:57", "elapsed": 11.113519, "delta": 0.053829}}
{"target": 0.36065161285030034, "params": {"T1": 0.09972879650209598, "T3": 0.06568894566915613, "T5": 0.0875111575331812, "U1": 18.460980871463583, "U5": 12.669179462944527}, "datetime": {"datetime": "2021-03-04 16:02:57", "elapsed": 11.172807, "delta": 0.059288}}
{"target": 0.5860722814371969, "params": {"T1": 0.14657891060222972, "T3": 0.1164507378221133, "T5": 0.05248627471048877, "U1": 16.487798167424003, "U5": 14.905415877924753}, "datetime": {"datetime": "2021-03-04 16:02:58", "elapsed": 11.228304, "delta": 0.055497}}
{"target": 0.15655789338452256, "params": {"T1": 0.11407921806283902, "T3": 0.12188554913668978, "T5": 0.11288233081116127, "U1": 13.55872926972852, "U5": 17.119881837084023}, "datetime": {"datetime": "2021-03-04 16:02:58", "elapsed": 11.28443, "delta": 0.056126}}
{"target": 0.30392131541000716, "params": {"T1": 0.08035825544318989, "T3": 0.10200648984784225, "T5": 0.1447664515103282, "U1": 15.685707116351558, "U5": 18.75759088827256}, "datetime": {"datetime": "2021-03-04 16:02:58", "elapsed": 11.338323, "delta": 0.053893}}
{"target": 0.3277976059569774, "params": {"T1": 0.08916565668215935, "T3": 0.13911685409322017, "T5": 0.11437712387440543, "U1": 13.212154512568686, "U5": 16.074989449780354}, "datetime": {"datetime": "2021-03-04 16:02:58", "elapsed": 11.393699, "delta": 0.055376}}
{"target": 0.2541609971894176, "params": {"T1": 0.08213787673245164, "T3": 0.08390949448097798, "T5": 0.09052342132802776, "U1": 16.100175301518217, "U5": 12.31832461818913}, "datetime": {"datetime": "2021-03-04 16:02:58", "elapsed": 11.446834, "delta": 0.053135}}
{"target": 0.1492541700707444, "params": {"T1": 0.1268175943830802, "T3": 0.14639728184051454, "T5": 0.09717706168321075, "U1": 14.889928341267794, "U5": 15.257446514908477}, "datetime": {"datetime": "2021-03-04 16:02:58", "elapsed": 11.503847, "delta": 0.057013}}
{"target": 0.1636590176492985, "params": {"T1": 0.1484996969955255, "T3": 0.09740953986923256, "T5": 0.14062208645151647, "U1": 16.04945114718534, "U5": 19.04180013857143}, "datetime": {"datetime": "2021-03-04 16:02:58", "elapsed": 11.559549, "delta": 0.055702}}
{"target": 0.30429386652020174, "params": {"T1": 0.07538752261573003, "T3": 0.05751482633457527, "T5": 0.13301402444326932, "U1": 13.878374849536453, "U5": 15.012161615903974}, "datetime": {"datetime": "2021-03-04 16:02:58", "elapsed": 11.614379, "delta": 0.05483}}
{"target": 0.1691389818580445, "params": {"T1": 0.08968193169511303, "T3": 0.08796665964138844, "T5": 0.1058953316607129, "U1": 17.824148492416214, "U5": 15.928274556904679}, "datetime": {"datetime": "2021-03-04 16:02:58", "elapsed": 11.668115, "delta": 0.053736}}
{"target": 0.1865117091159972, "params": {"T1": 0.10722112178755425, "T3": 0.11413803439326081, "T5": 0.12685954092391935, "U1": 14.111171654507487, "U5": 12.625318224222244}, "datetime": {"datetime": "2021-03-04 16:02:58", "elapsed": 11.730007, "delta": 0.061892}}
{"target": 0.37969419018417505, "params": {"T1": 0.06304612440602121, "T3": 0.10970668168841266, "T5": 0.1092066518734105, "U1": 13.859279308501339, "U5": 12.276216213154143}, "datetime": {"datetime": "2021-03-04 16:02:58", "elapsed": 11.783965, "delta": 0.053958}}
{"target": 0.21905904575206042, "params": {"T1": 0.05616166332184988, "T3": 0.1229404641787482, "T5": 0.10076383332850616, "U1": 19.484279793010014, "U5": 13.051254040466686}, "datetime": {"datetime": "2021-03-04 16:02:58", "elapsed": 11.837166, "delta": 0.053201}}
{"target": 0.1802002833326992, "params": {"T1": 0.13475745795242122, "T3": 0.12732959422632023, "T5": 0.06291575580608914, "U1": 13.567861213771007, "U5": 16.690502740698854}, "datetime": {"datetime": "2021-03-04 16:02:58", "elapsed": 11.89238, "delta": 0.055214}}
{"target": 0.2943378525843966, "params": {"T1": 0.08121154308728924, "T3": 0.05158716215784518, "T5": 0.11490240675249942, "U1": 17.275895418099726, "U5": 15.601863454725304}, "datetime": {"datetime": "2021-03-04 16:02:58", "elapsed": 11.944928, "delta": 0.052548}}
{"target": 0.3124099819775137, "params": {"T1": 0.062181970641638065, "T3": 0.0948828256013706, "T5": 0.13081601949333593, "U1": 13.67671242487257, "U5": 14.789428855866468}, "datetime": {"datetime": "2021-03-04 16:02:58", "elapsed": 11.999258, "delta": 0.05433}}
{"target": 0.2359419040461772, "params": {"T1": 0.11703219627051187, "T3": 0.12335856706692715, "T5": 0.06122587233158704, "U1": 17.595372901603767, "U5": 14.153737575495278}, "datetime": {"datetime": "2021-03-04 16:02:58", "elapsed": 12.052867, "delta": 0.053609}}
{"target": 0.14595520334165787, "params": {"T1": 0.11988164231860923, "T3": 0.050308805068002206, "T5": 0.13370572445884876, "U1": 19.82677004621387, "U5": 15.432277772845142}, "datetime": {"datetime": "2021-03-04 16:02:58", "elapsed": 12.106409, "delta": 0.053542}}
{"target": 0.18412568269492044, "params": {"T1": 0.1340213003159238, "T3": 0.13161291884919119, "T5": 0.1483429747250049, "U1": 16.613358153307654, "U5": 13.930345102877759}, "datetime": {"datetime": "2021-03-04 16:02:58", "elapsed": 12.16629, "delta": 0.059881}}
{"target": 0.39342876250892606, "params": {"T1": 0.13828905931972654, "T3": 0.12125003609673571, "T5": 0.07101365368344145, "U1": 17.37610964766482, "U5": 12.892193123917217}, "datetime": {"datetime": "2021-03-04 16:02:59", "elapsed": 12.220613, "delta": 0.054323}}
{"target": 0.19642820808029537, "params": {"T1": 0.07001798496582362, "T3": 0.0539188761116414, "T5": 0.05549073930015554, "U1": 17.139830812984215, "U5": 16.852104646303943}, "datetime": {"datetime": "2021-03-04 16:02:59", "elapsed": 12.270016, "delta": 0.049403}}
{"target": 0.21473311168013517, "params": {"T1": 0.05575464585928924, "T3": 0.1105094414477453, "T5": 0.14336386992091454, "U1": 19.798590423568843, "U5": 16.50465776576698}, "datetime": {"datetime": "2021-03-04 16:02:59", "elapsed": 12.323813, "delta": 0.053797}}
{"target": 0.24642076132307036, "params": {"T1": 0.12760633961254847, "T3": 0.10102087420794398, "T5": 0.12737139548614057, "U1": 17.615701819240847, "U5": 13.218140548478257}, "datetime": {"datetime": "2021-03-04 16:02:59", "elapsed": 12.379892, "delta": 0.056079}}
{"target": 0.3522716780721473, "params": {"T1": 0.1157492155891561, "T3": 0.11469100807355712, "T5": 0.11247411081870701, "U1": 19.297519707724625, "U5": 14.222725622010524}, "datetime": {"datetime": "2021-03-04 16:02:59", "elapsed": 12.435082, "delta": 0.05519}}
{"target": 0.36675426460115346, "params": {"T1": 0.13804063027785152, "T3": 0.0807588930509797, "T5": 0.10403790527747386, "U1": 19.07713454340506, "U5": 15.359392051384436}, "datetime": {"datetime": "2021-03-04 16:02:59", "elapsed": 12.489086, "delta": 0.054004}}
{"target": 0.3527135278847333, "params": {"T1": 0.08294827438534348, "T3": 0.09080590025546198, "T5": 0.1250136889369468, "U1": 13.126877319796938, "U5": 14.03435954472751}, "datetime": {"datetime": "2021-03-04 16:02:59", "elapsed": 12.543222, "delta": 0.054136}}
{"target": 0.5987405794174515, "params": {"T1": 0.09946788969981307, "T3": 0.1212087876166927, "T5": 0.1484646404661617, "U1": 19.463794595016417, "U5": 19.095326636206792}, "datetime": {"datetime": "2021-03-04 16:02:59", "elapsed": 12.59741, "delta": 0.054188}}
{"target": 0.24731515717003671, "params": {"T1": 0.06218339177693229, "T3": 0.1323752435124383, "T5": 0.126385508480002, "U1": 19.68740435503832, "U5": 15.614326197434018}, "datetime": {"datetime": "2021-03-04 16:02:59", "elapsed": 12.650577, "delta": 0.053167}}
{"target": 0.11817600632013371, "params": {"T1": 0.13146502316165165, "T3": 0.10260939971396268, "T5": 0.11946955650142001, "U1": 15.609525000762261, "U5": 16.0150253246048}, "datetime": {"datetime": "2021-03-04 16:02:59", "elapsed": 12.706238, "delta": 0.055661}}
{"target": 0.16411426362733944, "params": {"T1": 0.1473332049850153, "T3": 0.09264264291859065, "T5": 0.10855465133205558, "U1": 12.944519498286127, "U5": 18.178757898923955}, "datetime": {"datetime": "2021-03-04 16:02:59", "elapsed": 12.765553, "delta": 0.059315}}
{"target": 0.3832993924911398, "params": {"T1": 0.07836900774275826, "T3": 0.13843024233507628, "T5": 0.10593939148587925, "U1": 12.285428714314435, "U5": 12.511600110837898}, "datetime": {"datetime": "2021-03-04 16:02:59", "elapsed": 12.823176, "delta": 0.057623}}
{"target": 0.3078302125209932, "params": {"T1": 0.12371925458377488, "T3": 0.1342914721767947, "T5": 0.09371322408458105, "U1": 19.631971046107182, "U5": 18.328407891276637}, "datetime": {"datetime": "2021-03-04 16:02:59", "elapsed": 12.878281, "delta": 0.055105}}
{"target": 0.14463749589461747, "params": {"T1": 0.10395156392313021, "T3": 0.0776749457716855, "T5": 0.13649830498022097, "U1": 15.529213397059548, "U5": 16.58832131044611}, "datetime": {"datetime": "2021-03-04 16:02:59", "elapsed": 12.932319, "delta": 0.054038}}
{"target": 0.17686728380888353, "params": {"T1": 0.11918039394681375, "T3": 0.05159538522045766, "T5": 0.09143912708549468, "U1": 18.87639505972672, "U5": 18.501047077308783}, "datetime": {"datetime": "2021-03-04 16:02:59", "elapsed": 12.983862, "delta": 0.051543}}
{"target": 0.160966475727581, "params": {"T1": 0.09715757347833995, "T3": 0.0840895376020576, "T5": 0.13922664360772694, "U1": 17.601393886173888, "U5": 16.184490628153217}, "datetime": {"datetime": "2021-03-04 16:02:59", "elapsed": 13.038014, "delta": 0.054152}}
{"target": 0.25882148222607343, "params": {"T1": 0.05312479310985966, "T3": 0.0656205682669809, "T5": 0.14217542809696224, "U1": 18.872456043883567, "U5": 19.065863472569006}, "datetime": {"datetime": "2021-03-04 16:02:59", "elapsed": 13.089423, "delta": 0.051409}}
{"target": 0.2767627929766793, "params": {"T1": 0.052836576517913215, "T3": 0.14897413506691587, "T5": 0.13030725365096657, "U1": 13.291235509190916, "U5": 17.581995457469603}, "datetime": {"datetime": "2021-03-04 16:02:59", "elapsed": 13.143898, "delta": 0.054475}}
{"target": 0.20274533510574816, "params": {"T1": 0.11906022585650759, "T3": 0.12326663015910415, "T5": 0.11747613891554111, "U1": 19.91346066979143, "U5": 13.034659795288247}, "datetime": {"datetime": "2021-03-04 16:02:59", "elapsed": 13.200054, "delta": 0.056156}}
{"target": 0.34689804381082495, "params": {"T1": 0.10279273703278634, "T3": 0.13777724092086996, "T5": 0.11521505787882076, "U1": 19.09645911109164, "U5": 13.784362256055651}, "datetime": {"datetime": "2021-03-04 16:03:00", "elapsed": 13.255398, "delta": 0.055344}}
{"target": 0.3151300198582347, "params": {"T1": 0.07705458304504915, "T3": 0.09106324045620565, "T5": 0.13357744112681746, "U1": 14.639837747269986, "U5": 14.52339394242944}, "datetime": {"datetime": "2021-03-04 16:03:00", "elapsed": 13.310089, "delta": 0.054691}}
{"target": 0.22914383596532337, "params": {"T1": 0.07730010799286033, "T3": 0.0954808948704855, "T5": 0.11680092704232455, "U1": 17.86988181046152, "U5": 18.47508246893295}, "datetime": {"datetime": "2021-03-04 16:03:00", "elapsed": 13.362169, "delta": 0.05208}}
