{"target": 0.13636986224761588, "params": {"T1": 0.10720094747648984, "T3": 0.07376856069258238, "T5": 0.1253765111736575, "U1": 15.834088657280255, "U5": 14.802014249681541}, "datetime": {"datetime": "2021-03-05 13:50:45", "elapsed": 2669.695012, "delta": 7.428088}}
{"target": 0.13240023825433525, "params": {"T1": 0.08346379366545434, "T3": 0.07078680176927118, "T5": 0.13522456770394586, "U1": 19.95948424611673, "U5": 19.89010420438142}, "datetime": {"datetime": "2021-03-05 13:50:50", "elapsed": 2674.513446, "delta": 4.818434}}
{"target": 0.2862320649854777, "params": {"T1": 0.12837371696283037, "T3": 0.12532094027007404, "T5": 0.057161245961772446, "U1": 13.187085282008006, "U5": 13.4939700220329}, "datetime": {"datetime": "2021-03-05 13:50:55", "elapsed": 2679.512927, "delta": 4.999481}}
{"target": 0.22441574006904827, "params": {"T1": 0.10202147213433538, "T3": 0.11975025299235935, "T5": 0.0725962179337877, "U1": 17.677683806741943, "U5": 19.115372722516707}, "datetime": {"datetime": "2021-03-05 13:51:04", "elapsed": 2688.922835, "delta": 9.409908}}
{"target": 0.1783683298243112, "params": {"T1": 0.06271177711953899, "T3": 0.08530729726031758, "T5": 0.09713747466423023, "U1": 15.366445785688128, "U5": 17.52206555028382}, "datetime": {"datetime": "2021-03-05 13:51:12", "elapsed": 2696.521025, "delta": 7.59819}}
{"target": 0.49319853722907986, "params": {"T1": 0.10179204499793301, "T3": 0.13305093931350753, "T5": 0.061240636334564474, "U1": 15.85830218173214, "U5": 17.820338861333394}, "datetime": {"datetime": "2021-03-05 13:51:26", "elapsed": 2710.190948, "delta": 13.669923}}
{"target": 0.14123815199463127, "params": {"T1": 0.11855384450625814, "T3": 0.09888570034544963, "T5": 0.1481345841681806, "U1": 14.75492550601125, "U5": 19.611336229147142}, "datetime": {"datetime": "2021-03-05 13:51:30", "elapsed": 2714.965215, "delta": 4.774267}}
{"target": 0.2011533496516922, "params": {"T1": 0.05377500124770678, "T3": 0.14315578331236414, "T5": 0.13270373430930799, "U1": 13.79735492196237, "U5": 14.141689479651173}, "datetime": {"datetime": "2021-03-05 13:51:35", "elapsed": 2719.560296, "delta": 4.595081}}
{"target": 0.25642941843652134, "params": {"T1": 0.06704939156746871, "T3": 0.12536705209134014, "T5": 0.12387496788617103, "U1": 14.924555186704257, "U5": 19.480248242563327}, "datetime": {"datetime": "2021-03-05 13:51:40", "elapsed": 2724.449225, "delta": 4.888929}}
{"target": 0.5078505343438231, "params": {"T1": 0.11480746861979019, "T3": 0.09360704846498012, "T5": 0.06930989557669004, "U1": 15.341154973890823, "U5": 14.143651709378346}, "datetime": {"datetime": "2021-03-05 13:51:44", "elapsed": 2728.592405, "delta": 4.14318}}
{"target": 0.31540691010708377, "params": {"T1": 0.07482915696806988, "T3": 0.13508744236201126, "T5": 0.06286999586080175, "U1": 12.978971508250233, "U5": 12.773339251624924}, "datetime": {"datetime": "2021-03-05 13:51:52", "elapsed": 2736.27901, "delta": 7.686605}}
{"target": 0.30215344882434714, "params": {"T1": 0.11257538746137703, "T3": 0.0518117366116055, "T5": 0.11033786144717692, "U1": 15.395168575618332, "U5": 12.262648225305718}, "datetime": {"datetime": "2021-03-05 13:51:56", "elapsed": 2740.837082, "delta": 4.558072}}
{"target": 0.1985574205103858, "params": {"T1": 0.12346235845310656, "T3": 0.13827877902355568, "T5": 0.06208944306538103, "U1": 12.475132408490857, "U5": 18.09304878756919}, "datetime": {"datetime": "2021-03-05 13:52:00", "elapsed": 2744.91247, "delta": 4.075388}}
{"target": 0.2725999489850024, "params": {"T1": 0.08370088532016025, "T3": 0.13115663364200092, "T5": 0.1329840730953295, "U1": 13.426251270342624, "U5": 12.91632605389439}, "datetime": {"datetime": "2021-03-05 13:52:04", "elapsed": 2748.649399, "delta": 3.736929}}
{"target": 0.18111024461083863, "params": {"T1": 0.08568407291672223, "T3": 0.1105800806234603, "T5": 0.12564791050431157, "U1": 14.751044393136649, "U5": 13.940417997121997}, "datetime": {"datetime": "2021-03-05 13:52:08", "elapsed": 2753.104351, "delta": 4.454952}}
{"target": 0.16575656430477603, "params": {"T1": 0.11153239699139392, "T3": 0.07766398921686546, "T5": 0.08023401993730347, "U1": 18.56706769403929, "U5": 14.371789688029954}, "datetime": {"datetime": "2021-03-05 13:52:13", "elapsed": 2757.449042, "delta": 4.344691}}
{"target": 0.2712261665947353, "params": {"T1": 0.13359424958410004, "T3": 0.1394826706961309, "T5": 0.10853660096982173, "U1": 18.12536648847631, "U5": 18.502389912070907}, "datetime": {"datetime": "2021-03-05 13:52:17", "elapsed": 2761.822798, "delta": 4.373756}}
{"target": 0.22111499262041415, "params": {"T1": 0.1443785360989721, "T3": 0.10676746280033154, "T5": 0.09835335774863241, "U1": 13.480051833293043, "U5": 15.23044152278333}, "datetime": {"datetime": "2021-03-05 13:52:24", "elapsed": 2768.327862, "delta": 6.505064}}
{"target": 0.2320453263009169, "params": {"T1": 0.06368266918140372, "T3": 0.10180034387379092, "T5": 0.14760781873694895, "U1": 14.663572652044715, "U5": 15.42219766422175}, "datetime": {"datetime": "2021-03-05 13:52:28", "elapsed": 2773.15296, "delta": 4.825098}}
{"target": 0.1617955295632769, "params": {"T1": 0.07498353574018285, "T3": 0.0678972553638614, "T5": 0.14715048366502065, "U1": 19.64573989780359, "U5": 18.783270325075627}, "datetime": {"datetime": "2021-03-05 13:52:34", "elapsed": 2778.784686, "delta": 5.631726}}
{"target": 0.33446147370591167, "params": {"T1": 0.11858708795188523, "T3": 0.09255292458289668, "T5": 0.14013344760892932, "U1": 17.907083100817996, "U5": 18.625320009158088}, "datetime": {"datetime": "2021-03-05 13:52:39", "elapsed": 2783.733257, "delta": 4.948571}}
{"target": 0.1327172629218289, "params": {"T1": 0.08751564740511966, "T3": 0.06611253114395857, "T5": 0.0809702514911262, "U1": 12.919702751099583, "U5": 19.45829774169306}, "datetime": {"datetime": "2021-03-05 13:52:43", "elapsed": 2787.656956, "delta": 3.923699}}
{"target": 0.27067894085579774, "params": {"T1": 0.05803083552005683, "T3": 0.14122089464460474, "T5": 0.13736699995658314, "U1": 15.11160784252808, "U5": 12.350084342703187}, "datetime": {"datetime": "2021-03-05 13:52:50", "elapsed": 2794.667455, "delta": 7.010499}}
{"target": 0.20507122605807748, "params": {"T1": 0.10572492293822153, "T3": 0.13255365068524755, "T5": 0.11469945306097644, "U1": 18.79277147180827, "U5": 19.5199456921192}, "datetime": {"datetime": "2021-03-05 13:52:56", "elapsed": 2801.057097, "delta": 6.389642}}
{"target": 0.3718528027658568, "params": {"T1": 0.07278474688013926, "T3": 0.0709700044105834, "T5": 0.09197455477374847, "U1": 17.347149026234902, "U5": 15.667677911378686}, "datetime": {"datetime": "2021-03-05 13:53:01", "elapsed": 2805.81078, "delta": 4.753683}}
{"target": 0.2992773227599151, "params": {"T1": 0.05514565704483581, "T3": 0.08421362988168543, "T5": 0.10686262863950025, "U1": 16.357385156692466, "U5": 17.635009323059435}, "datetime": {"datetime": "2021-03-05 13:53:08", "elapsed": 2813.053411, "delta": 7.242631}}
{"target": 0.18027512050084088, "params": {"T1": 0.0720237911873598, "T3": 0.0820091973258019, "T5": 0.07628063497033089, "U1": 15.878682556751453, "U5": 15.572835260982695}, "datetime": {"datetime": "2021-03-05 13:53:13", "elapsed": 2817.587981, "delta": 4.53457}}
{"target": 0.25151489289972745, "params": {"T1": 0.08237233199345848, "T3": 0.13718840112684755, "T5": 0.12620525069256824, "U1": 17.91024933885884, "U5": 18.0196800635993}, "datetime": {"datetime": "2021-03-05 13:53:17", "elapsed": 2822.065378, "delta": 4.477397}}
{"target": 0.25556700038466024, "params": {"T1": 0.05266930424375285, "T3": 0.08997803428863906, "T5": 0.10907360172214908, "U1": 13.015639023713113, "U5": 16.329747115708248}, "datetime": {"datetime": "2021-03-05 13:53:21", "elapsed": 2825.988012, "delta": 3.922634}}
{"target": 0.13228506447385377, "params": {"T1": 0.11842142197769785, "T3": 0.09938414184272368, "T5": 0.1490347664401953, "U1": 17.208736403441293, "U5": 16.338696080075977}, "datetime": {"datetime": "2021-03-05 13:53:26", "elapsed": 2830.418056, "delta": 4.430044}}
{"target": 0.299587355942582, "params": {"T1": 0.07039467054893853, "T3": 0.12571069257464512, "T5": 0.07864474839624806, "U1": 12.449013737316506, "U5": 19.338823241215124}, "datetime": {"datetime": "2021-03-05 13:53:32", "elapsed": 2837.014489, "delta": 6.596433}}
{"target": 0.2411986689686333, "params": {"T1": 0.10322905337293153, "T3": 0.13486266531207708, "T5": 0.07133107221168475, "U1": 12.66057249420335, "U5": 19.30940069446831}, "datetime": {"datetime": "2021-03-05 13:53:36", "elapsed": 2841.186755, "delta": 4.172266}}
{"target": 0.24273976407941616, "params": {"T1": 0.11774961070885963, "T3": 0.058860005672892735, "T5": 0.050735266862491725, "U1": 15.46959516432284, "U5": 13.597160886349528}, "datetime": {"datetime": "2021-03-05 13:53:44", "elapsed": 2848.877414, "delta": 7.690659}}
{"target": 0.22663806747796483, "params": {"T1": 0.10318004883601245, "T3": 0.11308879092791789, "T5": 0.12782019140695705, "U1": 15.486466515602796, "U5": 18.08271572257918}, "datetime": {"datetime": "2021-03-05 13:53:48", "elapsed": 2852.890075, "delta": 4.012661}}
{"target": 0.2583705868317216, "params": {"T1": 0.12063887293763212, "T3": 0.062156466536717116, "T5": 0.07253576172932623, "U1": 12.921105660467013, "U5": 18.844545575750672}, "datetime": {"datetime": "2021-03-05 13:53:53", "elapsed": 2857.33344, "delta": 4.443365}}
{"target": 0.1707239947663477, "params": {"T1": 0.0997515148154871, "T3": 0.06957864385061814, "T5": 0.054951615491086694, "U1": 12.027558669322232, "U5": 13.221161108401017}, "datetime": {"datetime": "2021-03-05 13:53:57", "elapsed": 2862.016138, "delta": 4.682698}}
{"target": 0.31444744524347157, "params": {"T1": 0.0656560327915322, "T3": 0.07933764662867702, "T5": 0.10585739106224973, "U1": 18.961560233410875, "U5": 15.381695699520618}, "datetime": {"datetime": "2021-03-05 13:54:02", "elapsed": 2866.530126, "delta": 4.513988}}
{"target": 0.16512328969410695, "params": {"T1": 0.054992480460141095, "T3": 0.08413208264726, "T5": 0.08106666226236159, "U1": 14.896063720518786, "U5": 17.57954702769579}, "datetime": {"datetime": "2021-03-05 13:54:06", "elapsed": 2871.042434, "delta": 4.512308}}
{"target": 0.26085165290611845, "params": {"T1": 0.0755783920931937, "T3": 0.13956882752974356, "T5": 0.11202976200202644, "U1": 16.95131641768955, "U5": 15.592905586393346}, "datetime": {"datetime": "2021-03-05 13:54:11", "elapsed": 2875.97571, "delta": 4.933276}}
{"target": 0.4129191234887879, "params": {"T1": 0.07482263576329126, "T3": 0.055570539535285124, "T5": 0.09609573299888952, "U1": 18.162868657807277, "U5": 13.541444246652624}, "datetime": {"datetime": "2021-03-05 13:54:16", "elapsed": 2880.917077, "delta": 4.941367}}
{"target": 0.16996116833321204, "params": {"T1": 0.10827944404979488, "T3": 0.1197496796982477, "T5": 0.14773507898968397, "U1": 15.645765866592262, "U5": 18.14950649833204}, "datetime": {"datetime": "2021-03-05 13:54:21", "elapsed": 2885.655466, "delta": 4.738389}}
{"target": 0.17209352939902617, "params": {"T1": 0.11015005567461197, "T3": 0.05920933708378319, "T5": 0.13727866451061455, "U1": 15.26115025302725, "U5": 12.50238835191968}, "datetime": {"datetime": "2021-03-05 13:54:25", "elapsed": 2889.990757, "delta": 4.335291}}
{"target": 0.12362508061784715, "params": {"T1": 0.10705750814343601, "T3": 0.08424643361775704, "T5": 0.11877438682997621, "U1": 16.261744934300346, "U5": 16.511547886715157}, "datetime": {"datetime": "2021-03-05 13:54:30", "elapsed": 2894.808719, "delta": 4.817962}}
{"target": 0.727658412201993, "params": {"T1": 0.1437431736070173, "T3": 0.1428910161020569, "T5": 0.07086441135212493, "U1": 12.76664152599095, "U5": 18.286582588163196}, "datetime": {"datetime": "2021-03-05 13:54:34", "elapsed": 2898.52446, "delta": 3.715741}}
{"target": 0.17827800672321126, "params": {"T1": 0.11525567368804775, "T3": 0.07896266980566449, "T5": 0.13344474396289246, "U1": 13.475050983839564, "U5": 18.080953853050012}, "datetime": {"datetime": "2021-03-05 13:54:41", "elapsed": 2905.92592, "delta": 7.40146}}
{"target": 0.18280131318604517, "params": {"T1": 0.13434754488939388, "T3": 0.06796808631676131, "T5": 0.12472583604802197, "U1": 13.775247438214649, "U5": 18.247018653146483}, "datetime": {"datetime": "2021-03-05 13:54:46", "elapsed": 2910.910776, "delta": 4.984856}}
{"target": 0.12578210465391534, "params": {"T1": 0.13182866918056974, "T3": 0.1413512294291205, "T5": 0.12268475615905795, "U1": 14.31881221309219, "U5": 17.41640062698678}, "datetime": {"datetime": "2021-03-05 13:54:53", "elapsed": 2917.503522, "delta": 6.592746}}
{"target": 0.5654634457707205, "params": {"T1": 0.09788433636466001, "T3": 0.08476790636032568, "T5": 0.12762534873303624, "U1": 18.120802986038946, "U5": 17.074896478083453}, "datetime": {"datetime": "2021-03-05 13:54:57", "elapsed": 2921.945313, "delta": 4.441791}}
{"target": 0.22739665244742158, "params": {"T1": 0.11989162864213807, "T3": 0.08027594687550554, "T5": 0.1216672688553108, "U1": 17.630144088145187, "U5": 14.173929004676793}, "datetime": {"datetime": "2021-03-05 13:55:02", "elapsed": 2926.748024, "delta": 4.802711}}
{"target": 0.15574882244626662, "params": {"T1": 0.12929343101090696, "T3": 0.11221539420568877, "T5": 0.08920917270302961, "U1": 14.02192227422792, "U5": 17.002322053243006}, "datetime": {"datetime": "2021-03-05 13:55:07", "elapsed": 2931.368039, "delta": 4.620015}}
{"target": 0.14303626456589086, "params": {"T1": 0.10701072388748721, "T3": 0.05171692651485275, "T5": 0.08404396879834913, "U1": 16.573303434080817, "U5": 18.857598361666565}, "datetime": {"datetime": "2021-03-05 13:55:12", "elapsed": 2936.264648, "delta": 4.896609}}
{"target": 0.28746557731034567, "params": {"T1": 0.12031511075972746, "T3": 0.08124330152190429, "T5": 0.06271236303765909, "U1": 15.393592045763842, "U5": 12.160905419542154}, "datetime": {"datetime": "2021-03-05 13:55:16", "elapsed": 2940.350898, "delta": 4.08625}}
{"target": 0.24595380665599823, "params": {"T1": 0.0628624951506324, "T3": 0.1442952160632664, "T5": 0.10855967325955777, "U1": 17.8349436424407, "U5": 19.02367894309572}, "datetime": {"datetime": "2021-03-05 13:55:21", "elapsed": 2945.454994, "delta": 5.104096}}
{"target": 0.2490964623106171, "params": {"T1": 0.09405176853604022, "T3": 0.10678665733350556, "T5": 0.09897587902659655, "U1": 13.769349342171724, "U5": 14.684447553709877}, "datetime": {"datetime": "2021-03-05 13:55:25", "elapsed": 2950.165783, "delta": 4.710789}}
{"target": 0.14192907320234355, "params": {"T1": 0.14202768177724562, "T3": 0.14690116288558544, "T5": 0.1254349881898726, "U1": 15.125729408225876, "U5": 18.319606249971244}, "datetime": {"datetime": "2021-03-05 13:55:31", "elapsed": 2955.251773, "delta": 5.08599}}
{"target": 0.18418283484746176, "params": {"T1": 0.11299280054742744, "T3": 0.1370147253527001, "T5": 0.10327999051703446, "U1": 19.072426778068966, "U5": 17.900282874534128}, "datetime": {"datetime": "2021-03-05 13:55:35", "elapsed": 2959.822667, "delta": 4.570894}}
{"target": 0.20718952151186323, "params": {"T1": 0.0612615143508563, "T3": 0.1035635148280695, "T5": 0.07882325078178468, "U1": 14.30217461719695, "U5": 15.17374859339326}, "datetime": {"datetime": "2021-03-05 13:55:46", "elapsed": 2970.250512, "delta": 10.427845}}
{"target": 0.15895948621177383, "params": {"T1": 0.08721491449629487, "T3": 0.07219492680232117, "T5": 0.12187992373839053, "U1": 19.374856512151204, "U5": 17.129976272529767}, "datetime": {"datetime": "2021-03-05 13:55:50", "elapsed": 2974.789219, "delta": 4.538707}}
{"target": 0.18433223405931676, "params": {"T1": 0.11926380440152069, "T3": 0.1437120087362359, "T5": 0.09919903427606547, "U1": 17.97423355355933, "U5": 14.136597204105371}, "datetime": {"datetime": "2021-03-05 13:55:58", "elapsed": 2982.912973, "delta": 8.123754}}
{"target": 0.15472473393829753, "params": {"T1": 0.09471074890109901, "T3": 0.1282303056327148, "T5": 0.09746818115809557, "U1": 15.344252243785336, "U5": 15.70785097776084}, "datetime": {"datetime": "2021-03-05 13:56:03", "elapsed": 2987.892976, "delta": 4.980003}}
{"target": 0.24575151331621603, "params": {"T1": 0.06599600352993856, "T3": 0.13813865576539808, "T5": 0.1439907550507826, "U1": 17.13976373554602, "U5": 12.204504749749379}, "datetime": {"datetime": "2021-03-05 13:56:07", "elapsed": 2992.031675, "delta": 4.138699}}
{"target": 0.45059665634845597, "params": {"T1": 0.1078020348040116, "T3": 0.09997408038651817, "T5": 0.10807827607865954, "U1": 18.63659323972719, "U5": 19.521245987040555}, "datetime": {"datetime": "2021-03-05 13:56:15", "elapsed": 2999.760753, "delta": 7.729078}}
{"target": 0.9734953879294411, "params": {"T1": 0.09535492555526459, "T3": 0.08526503699692159, "T5": 0.0549511024863646, "U1": 14.55957611128569, "U5": 17.65554164426687}, "datetime": {"datetime": "2021-03-05 13:56:25", "elapsed": 3009.41543, "delta": 9.654677}}
{"target": 0.17287261756605063, "params": {"T1": 0.08947879166594337, "T3": 0.061742722778417386, "T5": 0.11380728425378576, "U1": 15.837943730384438, "U5": 15.814634746631192}, "datetime": {"datetime": "2021-03-05 13:56:29", "elapsed": 3013.381434, "delta": 3.966004}}
{"target": 0.31139800333286716, "params": {"T1": 0.07366482091952917, "T3": 0.08818760707831474, "T5": 0.1111416989644386, "U1": 17.213343556937122, "U5": 13.574841233379882}, "datetime": {"datetime": "2021-03-05 13:56:33", "elapsed": 3018.176607, "delta": 4.795173}}
{"target": 0.17064132414640193, "params": {"T1": 0.10178801967461043, "T3": 0.12426081655230943, "T5": 0.053988061193494565, "U1": 15.954752397553829, "U5": 16.112856586937227}, "datetime": {"datetime": "2021-03-05 13:56:38", "elapsed": 3023.123034, "delta": 4.946427}}
{"target": 0.20617623475890007, "params": {"T1": 0.1088852421449131, "T3": 0.12232083073019093, "T5": 0.059329904877390094, "U1": 12.461605142098016, "U5": 18.942983609428094}, "datetime": {"datetime": "2021-03-05 13:56:44", "elapsed": 3028.222712, "delta": 5.099678}}
{"target": 0.2743319036794715, "params": {"T1": 0.13868061059590087, "T3": 0.05844760544186363, "T5": 0.08879063489483859, "U1": 13.807909821171236, "U5": 14.303680532328332}, "datetime": {"datetime": "2021-03-05 13:56:48", "elapsed": 3032.393473, "delta": 4.170761}}
{"target": 0.2170128523153642, "params": {"T1": 0.13140145313525498, "T3": 0.13985517280820045, "T5": 0.14530594091606092, "U1": 14.064319786430858, "U5": 12.456953567214736}, "datetime": {"datetime": "2021-03-05 13:56:59", "elapsed": 3043.351709, "delta": 10.958236}}
{"target": 0.32770634951978056, "params": {"T1": 0.08428066214349987, "T3": 0.07533713959037537, "T5": 0.10925665328574016, "U1": 19.005421626898283, "U5": 19.386710268649146}, "datetime": {"datetime": "2021-03-05 13:57:06", "elapsed": 3050.792572, "delta": 7.440863}}
{"target": 0.17451452826363287, "params": {"T1": 0.14751005782324234, "T3": 0.13572325851473052, "T5": 0.11344344598240534, "U1": 16.807255489556994, "U5": 15.29197136255395}, "datetime": {"datetime": "2021-03-05 13:57:15", "elapsed": 3059.316754, "delta": 8.524182}}
{"target": 0.30208313779360296, "params": {"T1": 0.08680596106663319, "T3": 0.055999804226751826, "T5": 0.14645579475872475, "U1": 13.717068076512163, "U5": 12.626320318751915}, "datetime": {"datetime": "2021-03-05 13:57:18", "elapsed": 3063.022597, "delta": 3.705843}}
{"target": 0.29226684463902425, "params": {"T1": 0.10291504984511204, "T3": 0.0663828440984347, "T5": 0.10158965072533122, "U1": 13.863464011838186, "U5": 17.44838916019471}, "datetime": {"datetime": "2021-03-05 13:57:26", "elapsed": 3070.866134, "delta": 7.843537}}
{"target": 0.3955976919843318, "params": {"T1": 0.06931666667309945, "T3": 0.11856411914660527, "T5": 0.11438453469937462, "U1": 19.54714472344592, "U5": 19.316239357376844}, "datetime": {"datetime": "2021-03-05 13:57:31", "elapsed": 3075.614316, "delta": 4.748182}}
{"target": 0.17928440665352055, "params": {"T1": 0.1420019811083218, "T3": 0.10732457439906626, "T5": 0.10725815559413851, "U1": 14.988442979321693, "U5": 16.803278543193024}, "datetime": {"datetime": "2021-03-05 13:57:36", "elapsed": 3080.547327, "delta": 4.933011}}
{"target": 0.4062836787810954, "params": {"T1": 0.13952608778169767, "T3": 0.10228949988088837, "T5": 0.12739387723545126, "U1": 14.899689057521982, "U5": 14.549018011458498}, "datetime": {"datetime": "2021-03-05 13:57:44", "elapsed": 3088.626369, "delta": 8.079042}}
{"target": 0.1738632221222202, "params": {"T1": 0.06533036065877988, "T3": 0.09126654470699289, "T5": 0.10403041471717098, "U1": 19.971645772999576, "U5": 15.979691564573061}, "datetime": {"datetime": "2021-03-05 13:57:49", "elapsed": 3094.058965, "delta": 5.432596}}
{"target": 0.3062736935665597, "params": {"T1": 0.10547386846125865, "T3": 0.10848685191145499, "T5": 0.14841989177269055, "U1": 13.978356510644424, "U5": 19.10439166317219}, "datetime": {"datetime": "2021-03-05 13:57:55", "elapsed": 3099.29199, "delta": 5.233025}}
{"target": 0.8075612758862651, "params": {"T1": 0.054417634259622365, "T3": 0.14349830543211103, "T5": 0.08264866885366426, "U1": 17.117578369752405, "U5": 19.749035697628344}, "datetime": {"datetime": "2021-03-05 13:58:00", "elapsed": 3104.506118, "delta": 5.214128}}
{"target": 0.1546319234110641, "params": {"T1": 0.08321858016538139, "T3": 0.09699006192181091, "T5": 0.14467320456156468, "U1": 16.113842886231, "U5": 12.122053188284177}, "datetime": {"datetime": "2021-03-05 13:58:06", "elapsed": 3110.693433, "delta": 6.187315}}
{"target": 0.5314499572405478, "params": {"T1": 0.11695670495452516, "T3": 0.13310206334280805, "T5": 0.05518668983169313, "U1": 19.677908353479015, "U5": 19.67466555280965}, "datetime": {"datetime": "2021-03-05 13:58:10", "elapsed": 3114.238562, "delta": 3.545129}}
{"target": 0.16325395858825112, "params": {"T1": 0.05520764256734733, "T3": 0.05183058815082092, "T5": 0.05391706009509455, "U1": 16.680254468813438, "U5": 16.157993380660386}, "datetime": {"datetime": "2021-03-05 13:58:14", "elapsed": 3118.898023, "delta": 4.659461}}
