{"target": 0.5592012761341446, "params": {"T1": 0.07217805651759227, "T3": 0.14414646128108155, "T5": 0.1015003286894196, "U1": 15.8815633869111, "U5": 12.121196406487819}, "datetime": {"datetime": "2021-03-05 13:08:47", "elapsed": 151.343981, "delta": 1.094597}}
{"target": 0.15625628386883356, "params": {"T1": 0.10788174716532697, "T3": 0.1031432635823441, "T5": 0.07771318306346797, "U1": 13.887544863861153, "U5": 12.241083010468305}, "datetime": {"datetime": "2021-03-05 13:08:48", "elapsed": 152.393272, "delta": 1.049291}}
{"target": 0.1872418539509585, "params": {"T1": 0.09235218095594487, "T3": 0.0728601618936348, "T5": 0.08734913650402291, "U1": 13.499781460526313, "U5": 15.472263506954615}, "datetime": {"datetime": "2021-03-05 13:08:48", "elapsed": 153.109804, "delta": 0.716532}}
{"target": 0.4447169439233588, "params": {"T1": 0.08947284276839573, "T3": 0.12974078112876214, "T5": 0.09825962021405424, "U1": 17.202096647630015, "U5": 12.620895823995792}, "datetime": {"datetime": "2021-03-05 13:08:49", "elapsed": 153.918565, "delta": 0.808761}}
{"target": 0.27968521735751295, "params": {"T1": 0.12035764711969095, "T3": 0.07175079186924256, "T5": 0.11213178787695027, "U1": 15.484114130405787, "U5": 19.11393858591063}, "datetime": {"datetime": "2021-03-05 13:08:50", "elapsed": 154.548637, "delta": 0.630072}}
{"target": 0.24240712634808953, "params": {"T1": 0.12069910771436833, "T3": 0.080360455324086, "T5": 0.1491353461484823, "U1": 12.621877195599428, "U5": 17.79116184998545}, "datetime": {"datetime": "2021-03-05 13:08:51", "elapsed": 155.195626, "delta": 0.646989}}
{"target": 0.26943469754464117, "params": {"T1": 0.12633483285779384, "T3": 0.1021730389791313, "T5": 0.11664945229718517, "U1": 18.637730067172882, "U5": 17.774153453745896}, "datetime": {"datetime": "2021-03-05 13:08:51", "elapsed": 156.182744, "delta": 0.987118}}
{"target": 0.29215777800637804, "params": {"T1": 0.10391787096947583, "T3": 0.1130697333295651, "T5": 0.13086824400953173, "U1": 13.03664754603318, "U5": 15.025510817461932}, "datetime": {"datetime": "2021-03-05 13:08:52", "elapsed": 157.029687, "delta": 0.846943}}
{"target": 0.1471836354467883, "params": {"T1": 0.10389535761565726, "T3": 0.08928256553116729, "T5": 0.12155688019812216, "U1": 15.721447149076965, "U5": 12.983955733287926}, "datetime": {"datetime": "2021-03-05 13:08:54", "elapsed": 158.288916, "delta": 1.259229}}
{"target": 0.35769680513318386, "params": {"T1": 0.12034392987783661, "T3": 0.10505647199009746, "T5": 0.059194857740071605, "U1": 19.982262040108317, "U5": 14.511276584471855}, "datetime": {"datetime": "2021-03-05 13:08:55", "elapsed": 159.363281, "delta": 1.074365}}
{"target": 0.323139988126775, "params": {"T1": 0.1264982208357603, "T3": 0.06146989272497022, "T5": 0.08948609486207838, "U1": 14.576831248140426, "U5": 12.336511666886823}, "datetime": {"datetime": "2021-03-05 13:08:56", "elapsed": 160.910292, "delta": 1.547011}}
{"target": 0.29684540994022174, "params": {"T1": 0.10381693115808002, "T3": 0.09466870363682497, "T5": 0.13789929318209065, "U1": 13.81566128990346, "U5": 13.721040168261899}, "datetime": {"datetime": "2021-03-05 13:08:57", "elapsed": 161.879588, "delta": 0.969296}}
{"target": 0.17692083303237016, "params": {"T1": 0.08146663434568109, "T3": 0.07171605457652988, "T5": 0.08810897843029626, "U1": 19.56539430524623, "U5": 15.685745565209933}, "datetime": {"datetime": "2021-03-05 13:08:58", "elapsed": 162.942015, "delta": 1.062427}}
{"target": 0.3536164355733055, "params": {"T1": 0.0904280129166876, "T3": 0.12687785849457117, "T5": 0.05760400704896377, "U1": 12.671504240345527, "U5": 16.74713768505699}, "datetime": {"datetime": "2021-03-05 13:08:59", "elapsed": 163.734102, "delta": 0.792087}}
{"target": 0.2504590853146632, "params": {"T1": 0.09655817918783277, "T3": 0.14688723717192304, "T5": 0.1341158492688333, "U1": 17.862363485288352, "U5": 14.119662540477115}, "datetime": {"datetime": "2021-03-05 13:09:00", "elapsed": 164.570731, "delta": 0.836629}}
{"target": 0.3055355166689737, "params": {"T1": 0.09978585396927872, "T3": 0.11567062045078076, "T5": 0.06119543290459287, "U1": 14.527938594821672, "U5": 18.620514082789846}, "datetime": {"datetime": "2021-03-05 13:09:01", "elapsed": 165.383173, "delta": 0.812442}}
{"target": 0.15153752985051955, "params": {"T1": 0.08977731636202184, "T3": 0.10251535308981571, "T5": 0.12350777099702685, "U1": 18.478738726805595, "U5": 15.199545321481171}, "datetime": {"datetime": "2021-03-05 13:09:02", "elapsed": 167.018933, "delta": 1.63576}}
{"target": 0.14418409433787935, "params": {"T1": 0.05000435660243135, "T3": 0.10047421080090915, "T5": 0.06773909898852733, "U1": 18.96138816018803, "U5": 12.360617706753223}, "datetime": {"datetime": "2021-03-05 13:09:03", "elapsed": 167.867198, "delta": 0.848265}}
{"target": 0.2699014801708882, "params": {"T1": 0.12574976835855478, "T3": 0.11971870575932832, "T5": 0.05024836878862349, "U1": 19.437472774923155, "U5": 17.358735046295173}, "datetime": {"datetime": "2021-03-05 13:09:04", "elapsed": 168.730347, "delta": 0.863149}}
{"target": 0.25017558545825186, "params": {"T1": 0.07286055971016472, "T3": 0.1307836090850441, "T5": 0.06269764559400959, "U1": 18.210118715461007, "U5": 16.12872754327519}, "datetime": {"datetime": "2021-03-05 13:09:05", "elapsed": 169.531619, "delta": 0.801272}}
{"target": 0.1808530114809127, "params": {"T1": 0.14013638679434678, "T3": 0.07299653365196943, "T5": 0.07310188411706736, "U1": 17.130365530067113, "U5": 18.93364858401248}, "datetime": {"datetime": "2021-03-05 13:09:06", "elapsed": 170.490126, "delta": 0.958507}}
{"target": 0.1470264752355589, "params": {"T1": 0.07218498618789958, "T3": 0.05170612779743569, "T5": 0.12366434018133204, "U1": 18.643162209584123, "U5": 18.781808182180733}, "datetime": {"datetime": "2021-03-05 13:09:07", "elapsed": 171.816881, "delta": 1.326755}}
{"target": 0.366412881888302, "params": {"T1": 0.10773575950825785, "T3": 0.1463817154184067, "T5": 0.052925439638404084, "U1": 18.524879842076615, "U5": 17.131970959267505}, "datetime": {"datetime": "2021-03-05 13:09:08", "elapsed": 172.590342, "delta": 0.773461}}
{"target": 0.2839766193104519, "params": {"T1": 0.12058194728632096, "T3": 0.11175095875714018, "T5": 0.1365312055762341, "U1": 19.67469786741606, "U5": 14.304732383045803}, "datetime": {"datetime": "2021-03-05 13:09:09", "elapsed": 173.358938, "delta": 0.768596}}
{"target": 0.22598595863743026, "params": {"T1": 0.11897602111026451, "T3": 0.07586812937043451, "T5": 0.14377557059574486, "U1": 14.118280064099821, "U5": 16.732262561206078}, "datetime": {"datetime": "2021-03-05 13:09:09", "elapsed": 174.107084, "delta": 0.748146}}
{"target": 0.28656560859951236, "params": {"T1": 0.08162464504841585, "T3": 0.10941947640846793, "T5": 0.1416034456629267, "U1": 13.748086695128118, "U5": 13.666395532634159}, "datetime": {"datetime": "2021-03-05 13:09:10", "elapsed": 175.053312, "delta": 0.946228}}
{"target": 0.4161895054887612, "params": {"T1": 0.09234093704777406, "T3": 0.1109439732386516, "T5": 0.1187389107708759, "U1": 15.011147283783131, "U5": 18.671305502726625}, "datetime": {"datetime": "2021-03-05 13:09:11", "elapsed": 176.031274, "delta": 0.977962}}
{"target": 0.21809547287696718, "params": {"T1": 0.064503082339367, "T3": 0.055835608541563, "T5": 0.05215402965441446, "U1": 12.5943887736014, "U5": 15.724990079453562}, "datetime": {"datetime": "2021-03-05 13:09:13", "elapsed": 177.492383, "delta": 1.461109}}
{"target": 0.19365389358376267, "params": {"T1": 0.07066815515921601, "T3": 0.12045830158301046, "T5": 0.05252356480740159, "U1": 15.142840356649478, "U5": 19.08716294537186}, "datetime": {"datetime": "2021-03-05 13:09:14", "elapsed": 178.482133, "delta": 0.98975}}
{"target": 1.0451263131441524, "params": {"T1": 0.14913341258818247, "T3": 0.09457506884816683, "T5": 0.13633822145683105, "U1": 13.921615797139165, "U5": 14.310600811994021}, "datetime": {"datetime": "2021-03-05 13:09:15", "elapsed": 179.307066, "delta": 0.824933}}
{"target": 0.21975120602365325, "params": {"T1": 0.071795289974899, "T3": 0.06869040920038373, "T5": 0.12204284408257697, "U1": 13.427598799747855, "U5": 12.848246701944005}, "datetime": {"datetime": "2021-03-05 13:09:15", "elapsed": 180.117384, "delta": 0.810318}}
{"target": 0.35452659677603443, "params": {"T1": 0.13161858687989117, "T3": 0.13939823557402287, "T5": 0.10140916688838175, "U1": 15.726706515030147, "U5": 17.18000145914332}, "datetime": {"datetime": "2021-03-05 13:09:16", "elapsed": 181.048387, "delta": 0.931003}}
{"target": 0.47324950121149933, "params": {"T1": 0.11969679347889267, "T3": 0.0818143470539143, "T5": 0.0635779554190419, "U1": 18.190198312399993, "U5": 15.005488641354816}, "datetime": {"datetime": "2021-03-05 13:09:17", "elapsed": 181.935094, "delta": 0.886707}}
{"target": 0.1396057598850252, "params": {"T1": 0.12599312353408837, "T3": 0.08394403604279158, "T5": 0.05822268327675663, "U1": 16.473844988031303, "U5": 19.06710612474619}, "datetime": {"datetime": "2021-03-05 13:09:18", "elapsed": 182.664195, "delta": 0.729101}}
{"target": 0.21360267294688196, "params": {"T1": 0.14898972106214758, "T3": 0.08314493890309582, "T5": 0.0690771040047998, "U1": 18.57229418339032, "U5": 16.743723166643832}, "datetime": {"datetime": "2021-03-05 13:09:19", "elapsed": 183.616179, "delta": 0.951984}}
{"target": 0.11724996420447585, "params": {"T1": 0.12533981472077693, "T3": 0.10745000085946113, "T5": 0.11685508968476871, "U1": 18.47909634990674, "U5": 19.14843440685777}, "datetime": {"datetime": "2021-03-05 13:09:20", "elapsed": 184.705932, "delta": 1.089753}}
{"target": 0.2124300613569989, "params": {"T1": 0.09250321936849984, "T3": 0.0814273054746403, "T5": 0.10129698526360587, "U1": 18.96486291463135, "U5": 13.660713274633974}, "datetime": {"datetime": "2021-03-05 13:09:21", "elapsed": 185.947222, "delta": 1.24129}}
{"target": 0.286338418067799, "params": {"T1": 0.06846140917972739, "T3": 0.13063591080555403, "T5": 0.1380673273185713, "U1": 13.089089758244556, "U5": 12.532025257740287}, "datetime": {"datetime": "2021-03-05 13:09:22", "elapsed": 186.8409, "delta": 0.893678}}
{"target": 0.1543618571094924, "params": {"T1": 0.06877928339063324, "T3": 0.0900326074808124, "T5": 0.13344510357928657, "U1": 14.849655563092107, "U5": 15.345634584343742}, "datetime": {"datetime": "2021-03-05 13:09:23", "elapsed": 188.034412, "delta": 1.193512}}
{"target": 0.2715954996585113, "params": {"T1": 0.08155132111321603, "T3": 0.1339611308673645, "T5": 0.11035572275782904, "U1": 13.219099807210512, "U5": 14.441701979737061}, "datetime": {"datetime": "2021-03-05 13:09:24", "elapsed": 189.032236, "delta": 0.997824}}
{"target": 0.2199448533443783, "params": {"T1": 0.12665175129016812, "T3": 0.14455909211490897, "T5": 0.1347852244670783, "U1": 18.191291718137293, "U5": 12.571067890160592}, "datetime": {"datetime": "2021-03-05 13:09:25", "elapsed": 190.004772, "delta": 0.972536}}
{"target": 0.25188567490489305, "params": {"T1": 0.08372374289248383, "T3": 0.05552580442067684, "T5": 0.10902830397258362, "U1": 13.480171602729584, "U5": 15.45401559429896}, "datetime": {"datetime": "2021-03-05 13:09:27", "elapsed": 191.214352, "delta": 1.20958}}
{"target": 0.13370262135622474, "params": {"T1": 0.11914188792658575, "T3": 0.06213760539757186, "T5": 0.12444374355980717, "U1": 13.12897533842526, "U5": 19.07968538082967}, "datetime": {"datetime": "2021-03-05 13:09:28", "elapsed": 192.786579, "delta": 1.572227}}
{"target": 0.2677914234232595, "params": {"T1": 0.0515626973719478, "T3": 0.09872894899896686, "T5": 0.1224623221746073, "U1": 16.38522237449579, "U5": 18.578951570962428}, "datetime": {"datetime": "2021-03-05 13:09:29", "elapsed": 193.614357, "delta": 0.827778}}
{"target": 0.36321413522002566, "params": {"T1": 0.1200910012693966, "T3": 0.1210770874315879, "T5": 0.12309573341876791, "U1": 15.150728837764557, "U5": 16.531642782108307}, "datetime": {"datetime": "2021-03-05 13:09:30", "elapsed": 194.670376, "delta": 1.056019}}
{"target": 0.47181781010183693, "params": {"T1": 0.14009005075017217, "T3": 0.052706031925895486, "T5": 0.057746226225519996, "U1": 18.591001629575654, "U5": 17.387329045506505}, "datetime": {"datetime": "2021-03-05 13:09:31", "elapsed": 195.93424, "delta": 1.263864}}
{"target": 0.21739175148495118, "params": {"T1": 0.07954095176042986, "T3": 0.12433034844335526, "T5": 0.05761535273507608, "U1": 12.606515412412817, "U5": 14.232522679126033}, "datetime": {"datetime": "2021-03-05 13:09:32", "elapsed": 196.800485, "delta": 0.866245}}
{"target": 0.3326556380005174, "params": {"T1": 0.1005660459165447, "T3": 0.07805490136321035, "T5": 0.13497665854144691, "U1": 13.073164167650944, "U5": 17.310105845801946}, "datetime": {"datetime": "2021-03-05 13:09:33", "elapsed": 197.859039, "delta": 1.058554}}
{"target": 0.170605734877455, "params": {"T1": 0.13325108863207985, "T3": 0.12983876530765176, "T5": 0.13631290290341563, "U1": 12.95085515192443, "U5": 16.024365893170156}, "datetime": {"datetime": "2021-03-05 13:09:34", "elapsed": 198.680176, "delta": 0.821137}}
{"target": 0.17285786834930142, "params": {"T1": 0.055408541604244556, "T3": 0.13733850782064483, "T5": 0.09637767038234385, "U1": 17.054872960617132, "U5": 13.372057065771704}, "datetime": {"datetime": "2021-03-05 13:09:35", "elapsed": 199.908519, "delta": 1.228343}}
{"target": 0.18072273114140616, "params": {"T1": 0.09713666439574795, "T3": 0.14859777541545216, "T5": 0.11262815986050746, "U1": 17.046140029999506, "U5": 19.683261181064736}, "datetime": {"datetime": "2021-03-05 13:09:37", "elapsed": 201.269882, "delta": 1.361363}}
{"target": 0.24389863284607466, "params": {"T1": 0.12477327118917127, "T3": 0.14465267737081594, "T5": 0.09536625475312241, "U1": 14.465300274777707, "U5": 18.553122076225314}, "datetime": {"datetime": "2021-03-05 13:09:37", "elapsed": 201.983949, "delta": 0.714067}}
{"target": 0.6194496081743668, "params": {"T1": 0.12401109842596862, "T3": 0.08538714138792187, "T5": 0.07470467314267118, "U1": 17.85664609558436, "U5": 18.464955279481046}, "datetime": {"datetime": "2021-03-05 13:09:39", "elapsed": 203.679759, "delta": 1.69581}}
{"target": 0.3191845167740908, "params": {"T1": 0.060837923397383545, "T3": 0.10011300335944626, "T5": 0.05768511389972806, "U1": 13.288669494990884, "U5": 13.885892189107238}, "datetime": {"datetime": "2021-03-05 13:09:41", "elapsed": 205.204296, "delta": 1.524537}}
{"target": 0.9939565863616462, "params": {"T1": 0.08236471837960749, "T3": 0.13025967670662852, "T5": 0.0709652236480918, "U1": 18.686742316537376, "U5": 14.328100760910143}, "datetime": {"datetime": "2021-03-05 13:09:42", "elapsed": 206.315436, "delta": 1.11114}}
{"target": 0.29085266112024166, "params": {"T1": 0.10799346479588195, "T3": 0.10053590726013753, "T5": 0.1425425028222165, "U1": 14.930504331553553, "U5": 14.948034819748058}, "datetime": {"datetime": "2021-03-05 13:09:43", "elapsed": 207.35468, "delta": 1.039244}}
{"target": 0.16397569407410492, "params": {"T1": 0.0700700929017003, "T3": 0.09771302642156227, "T5": 0.10896416525308703, "U1": 16.611570681152102, "U5": 15.053499483293002}, "datetime": {"datetime": "2021-03-05 13:09:44", "elapsed": 208.398403, "delta": 1.043723}}
{"target": 0.4751056585008427, "params": {"T1": 0.08085614884539186, "T3": 0.11080637822407013, "T5": 0.10873832563655833, "U1": 18.424784353206825, "U5": 16.4140985011905}, "datetime": {"datetime": "2021-03-05 13:09:45", "elapsed": 209.895164, "delta": 1.496761}}
{"target": 0.2605185546563176, "params": {"T1": 0.09636269938923202, "T3": 0.07683445842802483, "T5": 0.08807780615278384, "U1": 17.149861442841654, "U5": 15.946495844099957}, "datetime": {"datetime": "2021-03-05 13:09:46", "elapsed": 210.961402, "delta": 1.066238}}
{"target": 0.24401532807966625, "params": {"T1": 0.10548916686876691, "T3": 0.11428861390990572, "T5": 0.10162081585616295, "U1": 13.922821639772264, "U5": 18.097779679447868}, "datetime": {"datetime": "2021-03-05 13:09:47", "elapsed": 212.017138, "delta": 1.055736}}
{"target": 0.27790601024197636, "params": {"T1": 0.12655848219016969, "T3": 0.09130071618869601, "T5": 0.08342887326417603, "U1": 13.287251134834872, "U5": 17.334795162402738}, "datetime": {"datetime": "2021-03-05 13:09:48", "elapsed": 213.120188, "delta": 1.10305}}
{"target": 0.1505345686416165, "params": {"T1": 0.11896810333801941, "T3": 0.10837682042866476, "T5": 0.08431587224928719, "U1": 13.480645882055818, "U5": 19.879098611083023}, "datetime": {"datetime": "2021-03-05 13:09:49", "elapsed": 214.085842, "delta": 0.965654}}
{"target": 0.31031406715856885, "params": {"T1": 0.13945878931906613, "T3": 0.11253119320675693, "T5": 0.11338498953830668, "U1": 14.986542101273303, "U5": 13.08398267586024}, "datetime": {"datetime": "2021-03-05 13:09:50", "elapsed": 215.107218, "delta": 1.021376}}
{"target": 0.16774101367220653, "params": {"T1": 0.08102391298785959, "T3": 0.13157927159379595, "T5": 0.1256736297617706, "U1": 13.89872539790846, "U5": 12.674505615423342}, "datetime": {"datetime": "2021-03-05 13:09:52", "elapsed": 216.41451, "delta": 1.307292}}
{"target": 0.18130784020439816, "params": {"T1": 0.08383185223147852, "T3": 0.053736685492705764, "T5": 0.061675379814682324, "U1": 17.555055811628897, "U5": 14.319303354802976}, "datetime": {"datetime": "2021-03-05 13:09:53", "elapsed": 217.873105, "delta": 1.458595}}
{"target": 0.22126637350828285, "params": {"T1": 0.06985005753083401, "T3": 0.12829260837170586, "T5": 0.13304301856682682, "U1": 16.44399205888936, "U5": 14.592132252820534}, "datetime": {"datetime": "2021-03-05 13:09:54", "elapsed": 218.807789, "delta": 0.934684}}
{"target": 0.15545640688470475, "params": {"T1": 0.06603382270284527, "T3": 0.13071324256207492, "T5": 0.09377633695938553, "U1": 13.38984856727612, "U5": 15.494495581131552}, "datetime": {"datetime": "2021-03-05 13:09:55", "elapsed": 219.902204, "delta": 1.094415}}
{"target": 0.1645149879848305, "params": {"T1": 0.12815204947384756, "T3": 0.05094401484412336, "T5": 0.09177540708173479, "U1": 16.68941224907183, "U5": 14.132664141828236}, "datetime": {"datetime": "2021-03-05 13:09:56", "elapsed": 220.980254, "delta": 1.07805}}
{"target": 0.20886636828273752, "params": {"T1": 0.09487237182331587, "T3": 0.08077083870383085, "T5": 0.12894700282815752, "U1": 16.186233352650913, "U5": 19.258755847005297}, "datetime": {"datetime": "2021-03-05 13:09:57", "elapsed": 221.951458, "delta": 0.971204}}
{"target": 0.20824183336433327, "params": {"T1": 0.10188880554295898, "T3": 0.09348202342814596, "T5": 0.06421424792662178, "U1": 19.73763803608557, "U5": 15.47438204271274}, "datetime": {"datetime": "2021-03-05 13:09:58", "elapsed": 223.098877, "delta": 1.147419}}
{"target": 0.6884230991863696, "params": {"T1": 0.07133690269097917, "T3": 0.08538647217993388, "T5": 0.13016939615480239, "U1": 14.222235119799688, "U5": 18.891363973161408}, "datetime": {"datetime": "2021-03-05 13:10:00", "elapsed": 224.486429, "delta": 1.387552}}
{"target": 0.9230005278167172, "params": {"T1": 0.09109118405539644, "T3": 0.07416347207616118, "T5": 0.0508583073167653, "U1": 16.973097484964413, "U5": 19.825142336020484}, "datetime": {"datetime": "2021-03-05 13:10:01", "elapsed": 225.999704, "delta": 1.513275}}
{"target": 0.2951527364296461, "params": {"T1": 0.07729131708566775, "T3": 0.06448014557799686, "T5": 0.13923529513944205, "U1": 17.101677232965024, "U5": 18.594592731724326}, "datetime": {"datetime": "2021-03-05 13:10:02", "elapsed": 226.887211, "delta": 0.887507}}
{"target": 0.302521191892363, "params": {"T1": 0.0755170687602302, "T3": 0.05538523606865728, "T5": 0.1415525380010143, "U1": 18.36996563349575, "U5": 16.519153752404073}, "datetime": {"datetime": "2021-03-05 13:10:04", "elapsed": 228.436015, "delta": 1.548804}}
{"target": 0.15573886821126498, "params": {"T1": 0.13673488978509776, "T3": 0.1233478034653744, "T5": 0.12908226868549708, "U1": 16.358002737725293, "U5": 13.03764137396023}, "datetime": {"datetime": "2021-03-05 13:10:05", "elapsed": 229.422894, "delta": 0.986879}}
{"target": 0.2745935590252391, "params": {"T1": 0.09653135210618508, "T3": 0.12766987771431904, "T5": 0.12311302522748765, "U1": 12.813216149213439, "U5": 13.742681559089373}, "datetime": {"datetime": "2021-03-05 13:10:06", "elapsed": 230.513272, "delta": 1.090378}}
{"target": 0.16541733304643877, "params": {"T1": 0.11139231107866979, "T3": 0.08387676946540999, "T5": 0.06070480060937067, "U1": 15.093634443931428, "U5": 13.820168387185117}, "datetime": {"datetime": "2021-03-05 13:10:07", "elapsed": 231.87739, "delta": 1.364118}}
{"target": 0.25672585812827065, "params": {"T1": 0.05826149351382736, "T3": 0.14448393656557781, "T5": 0.06547425727696993, "U1": 14.829665528128526, "U5": 17.6376824494278}, "datetime": {"datetime": "2021-03-05 13:10:08", "elapsed": 232.730565, "delta": 0.853175}}
{"target": 0.3502655053030651, "params": {"T1": 0.05821667912900011, "T3": 0.14176093355794328, "T5": 0.08684620528992346, "U1": 19.555656375122755, "U5": 18.969502915860815}, "datetime": {"datetime": "2021-03-05 13:10:09", "elapsed": 233.762688, "delta": 1.032123}}
{"target": 0.30257076639356484, "params": {"T1": 0.056120391082586624, "T3": 0.09784577963002403, "T5": 0.13317006362830225, "U1": 12.985914287296483, "U5": 12.290714758404883}, "datetime": {"datetime": "2021-03-05 13:10:10", "elapsed": 235.117562, "delta": 1.354874}}
{"target": 0.3399857984058375, "params": {"T1": 0.06916847688520097, "T3": 0.1272778144928008, "T5": 0.10277959173642537, "U1": 15.911480265534177, "U5": 12.552306623006903}, "datetime": {"datetime": "2021-03-05 13:10:11", "elapsed": 236.039307, "delta": 0.921745}}
{"target": 0.1701679059574975, "params": {"T1": 0.06331709445524325, "T3": 0.09165273296879095, "T5": 0.09616530421185901, "U1": 16.11896953389993, "U5": 13.587218564674796}, "datetime": {"datetime": "2021-03-05 13:10:14", "elapsed": 238.242006, "delta": 2.202699}}
