{"target": 0.22380237485027216, "params": {"T1": 0.06763793883257711, "T3": 0.06210905936667254, "T5": 0.13178271243657497, "U1": 16.498126037810923, "U5": 16.739280167551406}, "datetime": {"datetime": "2021-03-04 16:08:08", "elapsed": 321.297869, "delta": 1.060308}}
{"target": 0.3917595170219538, "params": {"T1": 0.10597260090172803, "T3": 0.09988040973981635, "T5": 0.06882667457956601, "U1": 19.142874515018185, "U5": 13.53749858866188}, "datetime": {"datetime": "2021-03-04 16:08:09", "elapsed": 322.922117, "delta": 1.624248}}
{"target": 0.25456375278311905, "params": {"T1": 0.13850545249474638, "T3": 0.07507017334589129, "T5": 0.1489474266321128, "U1": 13.51447226969758, "U5": 19.530936144297517}, "datetime": {"datetime": "2021-03-04 16:08:10", "elapsed": 323.900995, "delta": 0.978878}}
{"target": 0.2780722369005884, "params": {"T1": 0.14139989178206294, "T3": 0.08294427041432487, "T5": 0.1474710732317478, "U1": 13.73327956674133, "U5": 16.125412884945764}, "datetime": {"datetime": "2021-03-04 16:08:11", "elapsed": 324.998282, "delta": 1.097287}}
{"target": 0.16134395441124944, "params": {"T1": 0.12025293066311976, "T3": 0.12808828348924, "T5": 0.14164705333660138, "U1": 14.594812823164027, "U5": 12.055170597901608}, "datetime": {"datetime": "2021-03-04 16:08:13", "elapsed": 326.507905, "delta": 1.509623}}
{"target": 0.14292388803401715, "params": {"T1": 0.1353326098176756, "T3": 0.08252600342027008, "T5": 0.06731068974048923, "U1": 14.814043524152122, "U5": 16.69639605931038}, "datetime": {"datetime": "2021-03-04 16:08:14", "elapsed": 327.612144, "delta": 1.104239}}
{"target": 0.1371147041919717, "params": {"T1": 0.05178426189289795, "T3": 0.12232594031702565, "T5": 0.08719266372072222, "U1": 16.402859038577734, "U5": 16.297464625777263}, "datetime": {"datetime": "2021-03-04 16:08:15", "elapsed": 328.755705, "delta": 1.143561}}
{"target": 0.18894522987487467, "params": {"T1": 0.09908287192074777, "T3": 0.053507310479515784, "T5": 0.12149036325028102, "U1": 19.639364189672303, "U5": 19.39918523485224}, "datetime": {"datetime": "2021-03-04 16:08:16", "elapsed": 329.825132, "delta": 1.069427}}
{"target": 0.24490290819227947, "params": {"T1": 0.0879614179231871, "T3": 0.10077166204993973, "T5": 0.08381548024154759, "U1": 18.121422486933877, "U5": 18.02720039823692}, "datetime": {"datetime": "2021-03-04 16:08:17", "elapsed": 330.822661, "delta": 0.997529}}
{"target": 0.7518780315449858, "params": {"T1": 0.06893043711752442, "T3": 0.12619199445114068, "T5": 0.05283304890244031, "U1": 15.055785763669412, "U5": 16.24321812409253}, "datetime": {"datetime": "2021-03-04 16:08:18", "elapsed": 331.999069, "delta": 1.176408}}
{"target": 0.33829320909594096, "params": {"T1": 0.14866023466860107, "T3": 0.1460123377999882, "T5": 0.10328498299690511, "U1": 18.562983932849832, "U5": 18.799237994617577}, "datetime": {"datetime": "2021-03-04 16:08:19", "elapsed": 333.037298, "delta": 1.038229}}
{"target": 0.2377730351487761, "params": {"T1": 0.07196741579185331, "T3": 0.12106713984876084, "T5": 0.12134207281955978, "U1": 12.80103007813566, "U5": 19.784722745115516}, "datetime": {"datetime": "2021-03-04 16:08:21", "elapsed": 334.703227, "delta": 1.665929}}
{"target": 0.22360229179256702, "params": {"T1": 0.06431193593104055, "T3": 0.09991075524074317, "T5": 0.07958140191673571, "U1": 19.709602299945562, "U5": 13.399940658932891}, "datetime": {"datetime": "2021-03-04 16:08:23", "elapsed": 336.445949, "delta": 1.742722}}
{"target": 0.29966051035771146, "params": {"T1": 0.11223816471654902, "T3": 0.05782653783637553, "T5": 0.11680994665570753, "U1": 12.018521300673763, "U5": 17.17271259940208}, "datetime": {"datetime": "2021-03-04 16:08:24", "elapsed": 337.587966, "delta": 1.142017}}
{"target": 0.2765605224297906, "params": {"T1": 0.054719564314628925, "T3": 0.08959278857246841, "T5": 0.14593736008764457, "U1": 13.666390880243762, "U5": 14.784356919314217}, "datetime": {"datetime": "2021-03-04 16:08:25", "elapsed": 339.028275, "delta": 1.440309}}
{"target": 0.19939788572439102, "params": {"T1": 0.05359114683962623, "T3": 0.10055998593706081, "T5": 0.09590037251844877, "U1": 15.940067834278379, "U5": 18.37361345307268}, "datetime": {"datetime": "2021-03-04 16:08:27", "elapsed": 340.571837, "delta": 1.543562}}
{"target": 0.3044719865781544, "params": {"T1": 0.102352948320067, "T3": 0.08486314513336159, "T5": 0.0637056880815293, "U1": 19.984610765402444, "U5": 16.636287492052038}, "datetime": {"datetime": "2021-03-04 16:08:28", "elapsed": 342.198553, "delta": 1.626716}}
{"target": 0.16162827939422483, "params": {"T1": 0.06046954364662466, "T3": 0.07080410033780873, "T5": 0.059947102207933534, "U1": 16.001905801380133, "U5": 18.61563585885711}, "datetime": {"datetime": "2021-03-04 16:08:30", "elapsed": 343.423027, "delta": 1.224474}}
{"target": 0.2489165605748555, "params": {"T1": 0.0607642101552253, "T3": 0.09904961151605124, "T5": 0.1003419453561375, "U1": 19.184142262525263, "U5": 13.1346605080482}, "datetime": {"datetime": "2021-03-04 16:08:31", "elapsed": 344.503675, "delta": 1.080648}}
{"target": 0.2406268267140977, "params": {"T1": 0.1287585863366425, "T3": 0.08056679675832626, "T5": 0.05746179459649379, "U1": 19.12734294235231, "U5": 13.512470283973357}, "datetime": {"datetime": "2021-03-04 16:08:33", "elapsed": 346.408403, "delta": 1.904728}}
{"target": 0.19347129814357894, "params": {"T1": 0.05848614358389739, "T3": 0.12118774002825151, "T5": 0.1212711084281862, "U1": 19.348550179682817, "U5": 15.606307550867994}, "datetime": {"datetime": "2021-03-04 16:08:34", "elapsed": 347.852827, "delta": 1.444424}}
{"target": 0.24054813338039188, "params": {"T1": 0.08270985608007046, "T3": 0.11022912429379327, "T5": 0.09697739494783897, "U1": 19.376715619694508, "U5": 12.229868316238223}, "datetime": {"datetime": "2021-03-04 16:08:36", "elapsed": 349.593266, "delta": 1.740439}}
{"target": 0.14664420530221073, "params": {"T1": 0.09732318587769295, "T3": 0.07106596252622772, "T5": 0.11034124772216646, "U1": 15.38232825761768, "U5": 14.046258081415434}, "datetime": {"datetime": "2021-03-04 16:08:38", "elapsed": 352.047871, "delta": 2.454605}}
{"target": 0.24711368356049004, "params": {"T1": 0.0629890535391465, "T3": 0.09250048539860323, "T5": 0.06639648031680757, "U1": 12.438354915789667, "U5": 14.040434257546009}, "datetime": {"datetime": "2021-03-04 16:08:40", "elapsed": 353.647723, "delta": 1.599852}}
{"target": 0.3023893751699763, "params": {"T1": 0.055425614422083797, "T3": 0.13009025009480132, "T5": 0.0590014102794357, "U1": 18.51813745729554, "U5": 15.14982157593675}, "datetime": {"datetime": "2021-03-04 16:08:41", "elapsed": 354.88547, "delta": 1.237747}}
{"target": 0.45112741248655464, "params": {"T1": 0.09067275441083775, "T3": 0.06886971647741436, "T5": 0.06486165743523833, "U1": 19.110412316723078, "U5": 13.559380692529604}, "datetime": {"datetime": "2021-03-04 16:08:43", "elapsed": 356.726718, "delta": 1.841248}}
{"target": 0.2985399535018894, "params": {"T1": 0.06241608604600401, "T3": 0.13700871092084965, "T5": 0.08424164614108218, "U1": 19.53789174418376, "U5": 18.971449869502216}, "datetime": {"datetime": "2021-03-04 16:08:45", "elapsed": 359.050547, "delta": 2.323829}}
{"target": 0.24367095262524338, "params": {"T1": 0.07819847774132202, "T3": 0.11884264199590712, "T5": 0.06708371224131862, "U1": 19.60963225985715, "U5": 13.572319265261005}, "datetime": {"datetime": "2021-03-04 16:08:47", "elapsed": 360.531707, "delta": 1.48116}}
{"target": 0.49425919045333416, "params": {"T1": 0.0612358016048759, "T3": 0.1059229899710703, "T5": 0.09777902083877303, "U1": 19.865510002792423, "U5": 19.62129631287778}, "datetime": {"datetime": "2021-03-04 16:08:48", "elapsed": 361.611468, "delta": 1.079761}}
{"target": 0.21727268859112325, "params": {"T1": 0.07086223390111336, "T3": 0.1192545064230265, "T5": 0.12939681739644499, "U1": 17.650330508789565, "U5": 18.13127409622999}, "datetime": {"datetime": "2021-03-04 16:08:49", "elapsed": 363.164264, "delta": 1.552796}}
{"target": 0.17515283708096963, "params": {"T1": 0.12304347061374961, "T3": 0.08170195686878554, "T5": 0.09915446673777521, "U1": 15.058860638323676, "U5": 12.190286207563993}, "datetime": {"datetime": "2021-03-04 16:08:51", "elapsed": 364.473272, "delta": 1.309008}}
{"target": 0.25517931138010264, "params": {"T1": 0.07275705400428757, "T3": 0.11208270292518796, "T5": 0.09800672691976219, "U1": 18.612093814995553, "U5": 18.14024871200461}, "datetime": {"datetime": "2021-03-04 16:08:52", "elapsed": 365.575029, "delta": 1.101757}}
{"target": 0.18027421223651854, "params": {"T1": 0.05964808027797324, "T3": 0.08047338023711005, "T5": 0.05689356918851113, "U1": 17.52295196997317, "U5": 12.837061658090452}, "datetime": {"datetime": "2021-03-04 16:08:53", "elapsed": 366.917428, "delta": 1.342399}}
{"target": 0.24569217573374316, "params": {"T1": 0.09440487176941814, "T3": 0.10433876832234694, "T5": 0.09283021720231714, "U1": 15.542106500700083, "U5": 18.103870975064947}, "datetime": {"datetime": "2021-03-04 16:08:55", "elapsed": 368.408761, "delta": 1.491333}}
{"target": 0.28210364074434396, "params": {"T1": 0.06868892414799903, "T3": 0.07948522782086068, "T5": 0.05031343074033362, "U1": 16.609636258763334, "U5": 17.13099768734078}, "datetime": {"datetime": "2021-03-04 16:08:56", "elapsed": 369.594198, "delta": 1.185437}}
{"target": 0.3273014153750163, "params": {"T1": 0.07828789260328789, "T3": 0.052088740421801095, "T5": 0.14437932333168663, "U1": 13.859228380920829, "U5": 15.005696670260475}, "datetime": {"datetime": "2021-03-04 16:08:58", "elapsed": 371.870877, "delta": 2.276679}}
{"target": 0.14724010173527974, "params": {"T1": 0.07631759306404529, "T3": 0.07020030004363831, "T5": 0.07597533636778953, "U1": 18.61664919187096, "U5": 19.17336361479044}, "datetime": {"datetime": "2021-03-04 16:08:59", "elapsed": 373.088081, "delta": 1.217204}}
{"target": 0.23240782751085562, "params": {"T1": 0.1008881983878318, "T3": 0.11464939417253196, "T5": 0.11716443091462538, "U1": 19.31759824414555, "U5": 12.238566007513965}, "datetime": {"datetime": "2021-03-04 16:09:01", "elapsed": 374.622634, "delta": 1.534553}}
{"target": 0.4181218223625276, "params": {"T1": 0.06451365995995063, "T3": 0.13660760841376846, "T5": 0.13701157534787373, "U1": 14.80167939239926, "U5": 14.088277257212226}, "datetime": {"datetime": "2021-03-04 16:09:02", "elapsed": 375.740222, "delta": 1.117588}}
{"target": 0.17010819669376204, "params": {"T1": 0.08686463761913352, "T3": 0.08482405807983194, "T5": 0.13688087784449593, "U1": 14.206340642351718, "U5": 18.963544566694868}, "datetime": {"datetime": "2021-03-04 16:09:03", "elapsed": 376.78739, "delta": 1.047168}}
{"target": 0.33498620005411134, "params": {"T1": 0.10890235111678308, "T3": 0.1313125711546089, "T5": 0.09462192446719013, "U1": 18.04526190850195, "U5": 17.624001804085342}, "datetime": {"datetime": "2021-03-04 16:09:05", "elapsed": 378.56859, "delta": 1.7812}}
{"target": 0.198688296877356, "params": {"T1": 0.06540835029667083, "T3": 0.08758344606632763, "T5": 0.1411575694168155, "U1": 16.79062026045032, "U5": 18.408761978961323}, "datetime": {"datetime": "2021-03-04 16:09:06", "elapsed": 379.772026, "delta": 1.203436}}
{"target": 0.20093641968706677, "params": {"T1": 0.1142676901117987, "T3": 0.0896243176286996, "T5": 0.05065997952577266, "U1": 15.888667168752892, "U5": 15.905345209972886}, "datetime": {"datetime": "2021-03-04 16:09:08", "elapsed": 381.308867, "delta": 1.536841}}
{"target": 0.29810143264568606, "params": {"T1": 0.14907625381657907, "T3": 0.14101140531792045, "T5": 0.13726984308714246, "U1": 17.098573149815287, "U5": 16.110683488712937}, "datetime": {"datetime": "2021-03-04 16:09:09", "elapsed": 382.438893, "delta": 1.130026}}
{"target": 0.15297895125073752, "params": {"T1": 0.09130365370454117, "T3": 0.12493624625415407, "T5": 0.12459871560069825, "U1": 13.871647774014342, "U5": 14.516687726357299}, "datetime": {"datetime": "2021-03-04 16:09:10", "elapsed": 383.989398, "delta": 1.550505}}
{"target": 0.25017092329909807, "params": {"T1": 0.06082749406133136, "T3": 0.12638365352900593, "T5": 0.11742065518927543, "U1": 15.942658010044742, "U5": 19.762649612871897}, "datetime": {"datetime": "2021-03-04 16:09:12", "elapsed": 385.395768, "delta": 1.40637}}
{"target": 0.8511038575434617, "params": {"T1": 0.1412602789900303, "T3": 0.09970272421067683, "T5": 0.13657988686292008, "U1": 17.96594383515956, "U5": 15.169665403208644}, "datetime": {"datetime": "2021-03-04 16:09:13", "elapsed": 386.556516, "delta": 1.160748}}
{"target": 0.4341488385242786, "params": {"T1": 0.09207803736205732, "T3": 0.09955976314013926, "T5": 0.06437605105137209, "U1": 19.972517262845543, "U5": 16.620671604217318}, "datetime": {"datetime": "2021-03-04 16:09:15", "elapsed": 388.334792, "delta": 1.778276}}
{"target": 0.29554627094320135, "params": {"T1": 0.10183834400132075, "T3": 0.06152830142195636, "T5": 0.13688604228717338, "U1": 16.6833575092645, "U5": 12.870816030075662}, "datetime": {"datetime": "2021-03-04 16:09:17", "elapsed": 390.284612, "delta": 1.94982}}
{"target": 0.2107868889826625, "params": {"T1": 0.0667948738115084, "T3": 0.12839344689726337, "T5": 0.13000929162779937, "U1": 19.012489478119655, "U5": 13.104317535060868}, "datetime": {"datetime": "2021-03-04 16:09:19", "elapsed": 392.688504, "delta": 2.403892}}
{"target": 0.1609229135354651, "params": {"T1": 0.12680990122195768, "T3": 0.06112405294601634, "T5": 0.09853438458595684, "U1": 18.8086248233236, "U5": 12.156537216002906}, "datetime": {"datetime": "2021-03-04 16:09:20", "elapsed": 393.797998, "delta": 1.109494}}
{"target": 0.1341911465248662, "params": {"T1": 0.13552000903108186, "T3": 0.09739759801727244, "T5": 0.12781170738322256, "U1": 18.232342925793816, "U5": 18.880557861420336}, "datetime": {"datetime": "2021-03-04 16:09:21", "elapsed": 394.948234, "delta": 1.150236}}
{"target": 0.36379048660222674, "params": {"T1": 0.12819699425677727, "T3": 0.07513662234600045, "T5": 0.0866645679512406, "U1": 14.368490696061397, "U5": 13.592155717480527}, "datetime": {"datetime": "2021-03-04 16:09:22", "elapsed": 396.028011, "delta": 1.079777}}
{"target": 0.23468378084731198, "params": {"T1": 0.10259587342879256, "T3": 0.06685290730059096, "T5": 0.07791378399193805, "U1": 19.1329425433868, "U5": 19.288659853731446}, "datetime": {"datetime": "2021-03-04 16:09:24", "elapsed": 397.472327, "delta": 1.444316}}
{"target": 0.2661994972615478, "params": {"T1": 0.1232722298523676, "T3": 0.05997175189441811, "T5": 0.14990765770122386, "U1": 12.092156303422197, "U5": 13.555450805365808}, "datetime": {"datetime": "2021-03-04 16:09:25", "elapsed": 398.52827, "delta": 1.055943}}
{"target": 0.21488375509746974, "params": {"T1": 0.13014310320652628, "T3": 0.1393190477485356, "T5": 0.06836508886624088, "U1": 18.34097147327556, "U5": 16.612079017371222}, "datetime": {"datetime": "2021-03-04 16:09:27", "elapsed": 400.265106, "delta": 1.736836}}
{"target": 0.220496730785921, "params": {"T1": 0.05299038911819531, "T3": 0.12399730744386389, "T5": 0.12066661688291676, "U1": 13.869237581240315, "U5": 12.272820873754007}, "datetime": {"datetime": "2021-03-04 16:09:28", "elapsed": 401.934218, "delta": 1.669112}}
{"target": 0.5221496590992213, "params": {"T1": 0.0683478338732781, "T3": 0.1222093044193524, "T5": 0.060685360555282744, "U1": 19.053279359753006, "U5": 12.95262886722781}, "datetime": {"datetime": "2021-03-04 16:09:30", "elapsed": 404.039637, "delta": 2.105419}}
{"target": 0.2969919536807686, "params": {"T1": 0.07051161537470799, "T3": 0.07902736806606858, "T5": 0.1498981820787046, "U1": 14.160737024369208, "U5": 13.096132211043649}, "datetime": {"datetime": "2021-03-04 16:09:31", "elapsed": 405.151613, "delta": 1.111976}}
{"target": 0.24906344380292636, "params": {"T1": 0.1336294241059126, "T3": 0.14244502107569373, "T5": 0.06849608850436333, "U1": 19.682053167592347, "U5": 19.91449232939267}, "datetime": {"datetime": "2021-03-04 16:09:33", "elapsed": 406.373889, "delta": 1.222276}}
{"target": 0.19102751862800568, "params": {"T1": 0.09776959449662678, "T3": 0.13797018032442437, "T5": 0.12011600987286887, "U1": 19.365912025611962, "U5": 15.609341800187433}, "datetime": {"datetime": "2021-03-04 16:09:35", "elapsed": 408.30013, "delta": 1.926241}}
{"target": 0.22180715502331344, "params": {"T1": 0.0988036845160411, "T3": 0.11317586379923363, "T5": 0.07640576346643542, "U1": 13.095749515508938, "U5": 19.49044689991474}, "datetime": {"datetime": "2021-03-04 16:09:37", "elapsed": 410.254622, "delta": 1.954492}}
{"target": 0.2677493515704228, "params": {"T1": 0.13605514773305766, "T3": 0.11441671353915067, "T5": 0.06077820045686499, "U1": 14.93004633489955, "U5": 15.838162801300125}, "datetime": {"datetime": "2021-03-04 16:09:38", "elapsed": 411.409339, "delta": 1.154717}}
{"target": 0.9469762964445531, "params": {"T1": 0.06960471314513594, "T3": 0.10122403200798682, "T5": 0.1073038820009278, "U1": 19.86799274485929, "U5": 19.63624237029243}, "datetime": {"datetime": "2021-03-04 16:09:40", "elapsed": 413.29275, "delta": 1.883411}}
{"target": 1.554707733352139, "params": {"T1": 0.06664446911763476, "T3": 0.12538937027943103, "T5": 0.06146333531441518, "U1": 19.390853287218402, "U5": 19.584509131307232}, "datetime": {"datetime": "2021-03-04 16:09:41", "elapsed": 414.754067, "delta": 1.461317}}
{"target": 0.2547346093162807, "params": {"T1": 0.09700157524163243, "T3": 0.08094013620350189, "T5": 0.11426443015018377, "U1": 18.974972835905987, "U5": 13.669332742516081}, "datetime": {"datetime": "2021-03-04 16:09:43", "elapsed": 417.004243, "delta": 2.250176}}
{"target": 0.198300294475304, "params": {"T1": 0.0973211422755382, "T3": 0.07356119465789694, "T5": 0.06531920309474466, "U1": 12.382215395864845, "U5": 12.03843538281477}, "datetime": {"datetime": "2021-03-04 16:09:45", "elapsed": 418.216599, "delta": 1.212356}}
{"target": 0.2167701421075663, "params": {"T1": 0.08167133268610176, "T3": 0.10608455769969871, "T5": 0.12344999134311575, "U1": 12.60315324563706, "U5": 19.69307700016608}, "datetime": {"datetime": "2021-03-04 16:09:47", "elapsed": 420.42391, "delta": 2.207311}}
{"target": 0.13854771502264257, "params": {"T1": 0.10077108082365416, "T3": 0.06858322839112894, "T5": 0.08462928599180551, "U1": 17.147550219312635, "U5": 15.93851005596391}, "datetime": {"datetime": "2021-03-04 16:09:49", "elapsed": 422.272195, "delta": 1.848285}}
{"target": 0.3365975446397192, "params": {"T1": 0.10419267032480048, "T3": 0.1456892010941635, "T5": 0.058330089182332914, "U1": 14.684682368323557, "U5": 13.353087977289707}, "datetime": {"datetime": "2021-03-04 16:09:50", "elapsed": 424.165227, "delta": 1.893032}}
{"target": 0.28530029016595265, "params": {"T1": 0.13029647083020313, "T3": 0.09970809259747264, "T5": 0.06481311384349456, "U1": 19.69739780106197, "U5": 18.641473671884015}, "datetime": {"datetime": "2021-03-04 16:09:52", "elapsed": 426.141191, "delta": 1.975964}}
{"target": 0.3219888052302394, "params": {"T1": 0.06376241303717745, "T3": 0.07740542428780092, "T5": 0.06843833956157296, "U1": 14.818193488251532, "U5": 13.821402619064374}, "datetime": {"datetime": "2021-03-04 16:09:54", "elapsed": 427.363423, "delta": 1.222232}}
{"target": 0.2188832841618651, "params": {"T1": 0.10651437506112912, "T3": 0.06550725429665244, "T5": 0.06788161746020935, "U1": 19.112466266041253, "U5": 13.561206338787017}, "datetime": {"datetime": "2021-03-04 16:09:56", "elapsed": 429.9181, "delta": 2.554677}}
{"target": 0.17847173574495953, "params": {"T1": 0.12455110841859142, "T3": 0.07020081724269397, "T5": 0.07610880246528276, "U1": 13.56054518683853, "U5": 17.51190692080351}, "datetime": {"datetime": "2021-03-04 16:09:57", "elapsed": 431.114171, "delta": 1.196071}}
{"target": 0.4187801424280105, "params": {"T1": 0.11854606403203789, "T3": 0.136304385420482, "T5": 0.07688243256553837, "U1": 15.539128680459665, "U5": 17.526980399488956}, "datetime": {"datetime": "2021-03-04 16:09:59", "elapsed": 432.347412, "delta": 1.233241}}
{"target": 0.14338736078151337, "params": {"T1": 0.11221574214238711, "T3": 0.14774477678867903, "T5": 0.1286211236388349, "U1": 19.064758631757684, "U5": 14.352222073467933}, "datetime": {"datetime": "2021-03-04 16:10:00", "elapsed": 433.621942, "delta": 1.27453}}
{"target": 0.1458725706138685, "params": {"T1": 0.13765783799027193, "T3": 0.06676921005031067, "T5": 0.10298332329754833, "U1": 18.020846780536438, "U5": 18.47837979865991}, "datetime": {"datetime": "2021-03-04 16:10:01", "elapsed": 434.879653, "delta": 1.257711}}
{"target": 0.12386964348965786, "params": {"T1": 0.13211057925617023, "T3": 0.05129074005833472, "T5": 0.10146235067771942, "U1": 14.488104533364613, "U5": 16.7463401183947}, "datetime": {"datetime": "2021-03-04 16:10:02", "elapsed": 436.08584, "delta": 1.206187}}
{"target": 0.24660681214633784, "params": {"T1": 0.09982664019770174, "T3": 0.08630461655399566, "T5": 0.14369377479045706, "U1": 17.752969256867445, "U5": 19.81175205820436}, "datetime": {"datetime": "2021-03-04 16:10:04", "elapsed": 437.564755, "delta": 1.478915}}
{"target": 0.32735180415832554, "params": {"T1": 0.0557036177518933, "T3": 0.10516532913298324, "T5": 0.11427444955083386, "U1": 15.656927779951307, "U5": 15.226746328481624}, "datetime": {"datetime": "2021-03-04 16:10:05", "elapsed": 438.803063, "delta": 1.238308}}
{"target": 0.153954617340437, "params": {"T1": 0.11268803968391157, "T3": 0.05754247576057447, "T5": 0.09709047287300908, "U1": 19.512192926032185, "U5": 12.234257837974678}, "datetime": {"datetime": "2021-03-04 16:10:06", "elapsed": 439.948997, "delta": 1.145934}}
{"target": 0.16718736499301953, "params": {"T1": 0.053198952109405145, "T3": 0.05530389545265786, "T5": 0.09111859367462104, "U1": 16.215777075023695, "U5": 17.349485538842544}, "datetime": {"datetime": "2021-03-04 16:10:08", "elapsed": 441.235402, "delta": 1.286405}}
