{"target": 0.2856719157536102, "params": {"T1": 0.12625544299708125, "T3": 0.09665175833024778, "T5": 0.05361983697415438, "U1": 13.83053044166575, "U5": 13.027917253984015}, "datetime": {"datetime": "2021-03-05 13:03:26", "elapsed": 13.415033, "delta": 0.054116}}
{"target": 0.2856719157536102, "params": {"T1": 0.12625544299708125, "T3": 0.09665175833024778, "T5": 0.05361983697415438, "U1": 13.83053044166575, "U5": 13.027917253984015}, "datetime": {"datetime": "2021-03-05 13:03:26", "elapsed": 13.646422, "delta": 0.231389}}
{"target": 0.3354178649362231, "params": {"T1": 0.07017223233399225, "T3": 0.13655342570257611, "T5": 0.09403651801237106, "U1": 12.953268807868398, "U5": 15.898545179303838}, "datetime": {"datetime": "2021-03-05 13:03:26", "elapsed": 13.962769, "delta": 0.316347}}
{"target": 0.38368865921412415, "params": {"T1": 0.1008695652627905, "T3": 0.12994118061997562, "T5": 0.09377501382859724, "U1": 14.978632095522354, "U5": 15.905928282582877}, "datetime": {"datetime": "2021-03-05 13:03:27", "elapsed": 14.391622, "delta": 0.428853}}
{"target": 0.28465888143272844, "params": {"T1": 0.1008925757073924, "T3": 0.08873071624500087, "T5": 0.1456745141351155, "U1": 15.24607688821458, "U5": 12.909793828000865}, "datetime": {"datetime": "2021-03-05 13:03:27", "elapsed": 14.690697, "delta": 0.299075}}
{"target": 0.17141630413649397, "params": {"T1": 0.05452578901030902, "T3": 0.09560575315923744, "T5": 0.09923425726474575, "U1": 18.229586431904103, "U5": 16.08139679942771}, "datetime": {"datetime": "2021-03-05 13:03:27", "elapsed": 14.997806, "delta": 0.307109}}
{"target": 0.4013283247014032, "params": {"T1": 0.06154616123478177, "T3": 0.1391889604869488, "T5": 0.08445646132307658, "U1": 17.203703987886755, "U5": 16.280193369080113}, "datetime": {"datetime": "2021-03-05 13:03:28", "elapsed": 15.300065, "delta": 0.302259}}
{"target": 0.3736018500670979, "params": {"T1": 0.11629381036523442, "T3": 0.1271152349477977, "T5": 0.11057507323907532, "U1": 13.701034671093213, "U5": 18.65473490816207}, "datetime": {"datetime": "2021-03-05 13:03:28", "elapsed": 15.603655, "delta": 0.30359}}
{"target": 0.15205619786100658, "params": {"T1": 0.08206344675298992, "T3": 0.081134898826397, "T5": 0.06591614179781205, "U1": 14.96373209875026, "U5": 13.170769555734523}, "datetime": {"datetime": "2021-03-05 13:03:28", "elapsed": 15.908802, "delta": 0.305147}}
{"target": 0.16911773774118014, "params": {"T1": 0.09730912842041595, "T3": 0.08635923605438421, "T5": 0.11118516049424515, "U1": 19.529021122899508, "U5": 17.232062963484005}, "datetime": {"datetime": "2021-03-05 13:03:29", "elapsed": 16.401487, "delta": 0.492685}}
{"target": 0.21692821676625337, "params": {"T1": 0.14351835509711885, "T3": 0.10595596744370349, "T5": 0.09407700669913999, "U1": 17.397102094784316, "U5": 12.897604821735491}, "datetime": {"datetime": "2021-03-05 13:03:29", "elapsed": 16.814421, "delta": 0.412934}}
{"target": 0.2667791153377697, "params": {"T1": 0.0840404863366452, "T3": 0.07779074547597416, "T5": 0.11487074755947937, "U1": 13.604353565529669, "U5": 18.947170134154625}, "datetime": {"datetime": "2021-03-05 13:03:30", "elapsed": 17.256501, "delta": 0.44208}}
{"target": 0.17872636756946428, "params": {"T1": 0.11689151565154952, "T3": 0.12350302278028745, "T5": 0.07691956006403589, "U1": 13.063063464563275, "U5": 13.405269951381854}, "datetime": {"datetime": "2021-03-05 13:03:30", "elapsed": 17.554366, "delta": 0.297865}}
{"target": 0.15467827066660808, "params": {"T1": 0.10832114609647656, "T3": 0.08782958504749484, "T5": 0.0876111426051204, "U1": 17.228625079213735, "U5": 12.787550696696803}, "datetime": {"datetime": "2021-03-05 13:03:30", "elapsed": 17.860293, "delta": 0.305927}}
{"target": 0.47514237635366885, "params": {"T1": 0.10327555878171128, "T3": 0.1494677391850106, "T5": 0.07561925245645904, "U1": 18.75297847864134, "U5": 14.302895941403184}, "datetime": {"datetime": "2021-03-05 13:03:31", "elapsed": 18.268789, "delta": 0.408496}}
{"target": 0.36223193814707205, "params": {"T1": 0.06479579850756782, "T3": 0.100406602139178, "T5": 0.11497815530214474, "U1": 14.684763297042188, "U5": 16.999797119044878}, "datetime": {"datetime": "2021-03-05 13:03:31", "elapsed": 18.591821, "delta": 0.323032}}
{"target": 0.15810723085665343, "params": {"T1": 0.07743818783767357, "T3": 0.09228642677306001, "T5": 0.09183628369819913, "U1": 16.609189209576645, "U5": 18.70394573208726}, "datetime": {"datetime": "2021-03-05 13:03:31", "elapsed": 19.071209, "delta": 0.479388}}
{"target": 0.25148038134261586, "params": {"T1": 0.13734811043360742, "T3": 0.05127430168155387, "T5": 0.057759930215501354, "U1": 19.63568787891939, "U5": 12.136674309440858}, "datetime": {"datetime": "2021-03-05 13:03:32", "elapsed": 19.37131, "delta": 0.300101}}
{"target": 0.5072137086206046, "params": {"T1": 0.111382713760519, "T3": 0.1392415741834071, "T5": 0.0556537426400774, "U1": 18.73980054060455, "U5": 14.312030636354933}, "datetime": {"datetime": "2021-03-05 13:03:32", "elapsed": 19.665731, "delta": 0.294421}}
{"target": 0.1609704758896641, "params": {"T1": 0.14255516100196358, "T3": 0.11976349116581063, "T5": 0.08318495954459913, "U1": 16.433067558623105, "U5": 16.690451522631484}, "datetime": {"datetime": "2021-03-05 13:03:32", "elapsed": 19.974268, "delta": 0.308537}}
{"target": 0.24116224256936944, "params": {"T1": 0.06355737377833479, "T3": 0.0786072245796796, "T5": 0.1337262077328623, "U1": 12.834725872851802, "U5": 17.645333510065555}, "datetime": {"datetime": "2021-03-05 13:03:33", "elapsed": 20.270083, "delta": 0.295815}}
{"target": 0.1884018570839169, "params": {"T1": 0.11564200949539098, "T3": 0.06206894892150147, "T5": 0.05748234291985119, "U1": 16.804755800654952, "U5": 17.150721375415714}, "datetime": {"datetime": "2021-03-05 13:03:33", "elapsed": 20.838849, "delta": 0.568766}}
{"target": 0.21004190787088878, "params": {"T1": 0.137463960060648, "T3": 0.051289081144060694, "T5": 0.06334301750589966, "U1": 15.868563870323516, "U5": 16.673448616542046}, "datetime": {"datetime": "2021-03-05 13:03:33", "elapsed": 21.148663, "delta": 0.309814}}
{"target": 0.30014337245086165, "params": {"T1": 0.09524707111306946, "T3": 0.06025713203184718, "T5": 0.05541667764739701, "U1": 17.759739139987715, "U5": 14.464899505123492}, "datetime": {"datetime": "2021-03-05 13:03:34", "elapsed": 21.460942, "delta": 0.312279}}
{"target": 0.22766902791037857, "params": {"T1": 0.14786365681047614, "T3": 0.10768954867099384, "T5": 0.12217804683505358, "U1": 17.60088985098228, "U5": 15.546348543984168}, "datetime": {"datetime": "2021-03-05 13:03:34", "elapsed": 21.774919, "delta": 0.313977}}
{"target": 0.24262538680994591, "params": {"T1": 0.10296780489126356, "T3": 0.09479140607309247, "T5": 0.12907309197716274, "U1": 18.636247024065806, "U5": 18.9466984364244}, "datetime": {"datetime": "2021-03-05 13:03:34", "elapsed": 22.097846, "delta": 0.322927}}
{"target": 0.281628811703417, "params": {"T1": 0.05916123339157812, "T3": 0.1262656957895285, "T5": 0.10296659522287636, "U1": 14.228480448499006, "U5": 19.371730327944192}, "datetime": {"datetime": "2021-03-05 13:03:35", "elapsed": 22.408277, "delta": 0.310431}}
{"target": 0.17550781723944175, "params": {"T1": 0.14827883890766325, "T3": 0.09939249218761323, "T5": 0.12494911381046699, "U1": 14.950391027598753, "U5": 12.727079899719406}, "datetime": {"datetime": "2021-03-05 13:03:35", "elapsed": 22.724005, "delta": 0.315728}}
{"target": 0.2042273386652957, "params": {"T1": 0.08938915179981735, "T3": 0.1400435188284704, "T5": 0.09923445877429597, "U1": 13.482541468926922, "U5": 12.396224623883203}, "datetime": {"datetime": "2021-03-05 13:03:35", "elapsed": 23.035039, "delta": 0.311034}}
{"target": 0.29944653421075135, "params": {"T1": 0.06844456281224637, "T3": 0.05368816327351529, "T5": 0.14987485156220573, "U1": 13.782894903437661, "U5": 16.06834224403123}, "datetime": {"datetime": "2021-03-05 13:03:36", "elapsed": 23.365641, "delta": 0.330602}}
{"target": 0.4490712514015677, "params": {"T1": 0.06707978293967018, "T3": 0.116687079915568, "T5": 0.09669916866412226, "U1": 17.54289587395381, "U5": 16.55727719237354}, "datetime": {"datetime": "2021-03-05 13:03:36", "elapsed": 23.709223, "delta": 0.343582}}
{"target": 0.303856940142414, "params": {"T1": 0.051253308630307914, "T3": 0.07270388769938899, "T5": 0.13769728886467197, "U1": 17.427480592679938, "U5": 17.061588177518377}, "datetime": {"datetime": "2021-03-05 13:03:36", "elapsed": 24.033605, "delta": 0.324382}}
{"target": 0.723272598078901, "params": {"T1": 0.0821607190848652, "T3": 0.13755882036194425, "T5": 0.12327098363045863, "U1": 14.99416292143253, "U5": 15.910864200562429}, "datetime": {"datetime": "2021-03-05 13:03:37", "elapsed": 24.605969, "delta": 0.572364}}
{"target": 0.20841621252998307, "params": {"T1": 0.11281374107314267, "T3": 0.0882719577602253, "T5": 0.10789329612588358, "U1": 16.261392714763566, "U5": 17.80939112546603}, "datetime": {"datetime": "2021-03-05 13:03:38", "elapsed": 25.402023, "delta": 0.796054}}
{"target": 0.2944230948680652, "params": {"T1": 0.09944186380814216, "T3": 0.11172500386310733, "T5": 0.07233515413552341, "U1": 13.27103743648883, "U5": 19.018213504046496}, "datetime": {"datetime": "2021-03-05 13:03:38", "elapsed": 25.711318, "delta": 0.309295}}
{"target": 0.5151946032660034, "params": {"T1": 0.06486645797906886, "T3": 0.12837127382983787, "T5": 0.13189449639578654, "U1": 12.489400559797083, "U5": 14.315955476512135}, "datetime": {"datetime": "2021-03-05 13:03:38", "elapsed": 26.03901, "delta": 0.327692}}
{"target": 0.24563465789967706, "params": {"T1": 0.08873083751010162, "T3": 0.12671660033694143, "T5": 0.11808006774968183, "U1": 12.697407574451667, "U5": 15.830952763617987}, "datetime": {"datetime": "2021-03-05 13:03:39", "elapsed": 26.756238, "delta": 0.717228}}
{"target": 0.1795453615049076, "params": {"T1": 0.07918181344556202, "T3": 0.14470534251248773, "T5": 0.13344883053083312, "U1": 13.876015247260316, "U5": 19.091054205557562}, "datetime": {"datetime": "2021-03-05 13:03:39", "elapsed": 27.093254, "delta": 0.337016}}
{"target": 0.22476652903420227, "params": {"T1": 0.08866161201129533, "T3": 0.10084191382902125, "T5": 0.09327817239815162, "U1": 12.375569918406436, "U5": 18.072399078589456}, "datetime": {"datetime": "2021-03-05 13:03:40", "elapsed": 27.425913, "delta": 0.332659}}
{"target": 0.2537247640635934, "params": {"T1": 0.06749252796677145, "T3": 0.06268492446976284, "T5": 0.12139860977675733, "U1": 13.172489220311572, "U5": 13.251711172753815}, "datetime": {"datetime": "2021-03-05 13:03:40", "elapsed": 28.162141, "delta": 0.736228}}
{"target": 0.41925975360282874, "params": {"T1": 0.07193659891797075, "T3": 0.08970894721371955, "T5": 0.07554284162860361, "U1": 17.059281475718254, "U5": 16.275495141248857}, "datetime": {"datetime": "2021-03-05 13:03:41", "elapsed": 28.491782, "delta": 0.329641}}
{"target": 0.8170724189594916, "params": {"T1": 0.09759781307974617, "T3": 0.13245925794549573, "T5": 0.13051357355190318, "U1": 18.622967307280778, "U5": 18.93941546891307}, "datetime": {"datetime": "2021-03-05 13:03:41", "elapsed": 29.099226, "delta": 0.607444}}
{"target": 0.164371379261725, "params": {"T1": 0.08126598122188616, "T3": 0.11466798427480028, "T5": 0.06472876351668726, "U1": 14.895713038493767, "U5": 13.851517252304987}, "datetime": {"datetime": "2021-03-05 13:03:42", "elapsed": 29.840601, "delta": 0.741375}}
{"target": 0.1997303116467874, "params": {"T1": 0.08230544995472029, "T3": 0.12250659594544572, "T5": 0.12315406905054213, "U1": 16.155707922143417, "U5": 19.97343826727115}, "datetime": {"datetime": "2021-03-05 13:03:43", "elapsed": 30.173428, "delta": 0.332827}}
{"target": 0.23572327004181537, "params": {"T1": 0.13126103328276473, "T3": 0.13681429718741095, "T5": 0.10750794771538741, "U1": 14.707153770911901, "U5": 13.754094573956177}, "datetime": {"datetime": "2021-03-05 13:03:43", "elapsed": 30.508536, "delta": 0.335108}}
{"target": 0.17745185722036116, "params": {"T1": 0.12000851994158086, "T3": 0.05149851783671743, "T5": 0.12530126759007387, "U1": 19.86024332655554, "U5": 15.434434327189939}, "datetime": {"datetime": "2021-03-05 13:03:43", "elapsed": 30.845589, "delta": 0.337053}}
{"target": 0.337409713306676, "params": {"T1": 0.06568497524434885, "T3": 0.05023466509309959, "T5": 0.06518848721874926, "U1": 19.358227572735313, "U5": 18.34591886866848}, "datetime": {"datetime": "2021-03-05 13:03:44", "elapsed": 31.738446, "delta": 0.892857}}
{"target": 0.8030809248798118, "params": {"T1": 0.09982857023450448, "T3": 0.09288922781517372, "T5": 0.0671765807749669, "U1": 16.896772422745613, "U5": 17.49364006734298}, "datetime": {"datetime": "2021-03-05 13:03:44", "elapsed": 32.077656, "delta": 0.33921}}
{"target": 0.4797716946514616, "params": {"T1": 0.12060148478837952, "T3": 0.122951775466998, "T5": 0.07201166222861666, "U1": 17.376145493722824, "U5": 12.875076859837616}, "datetime": {"datetime": "2021-03-05 13:03:45", "elapsed": 32.831813, "delta": 0.754157}}
{"target": 0.38987608827839887, "params": {"T1": 0.11135951270091554, "T3": 0.09246071070195888, "T5": 0.1064280633664576, "U1": 19.821400615695516, "U5": 19.99251285227217}, "datetime": {"datetime": "2021-03-05 13:03:46", "elapsed": 33.709026, "delta": 0.877213}}
{"target": 0.23289582720976246, "params": {"T1": 0.09607989170078876, "T3": 0.07197256293824211, "T5": 0.05725268026808882, "U1": 19.636403852554075, "U5": 12.834437201139743}, "datetime": {"datetime": "2021-03-05 13:03:46", "elapsed": 34.036361, "delta": 0.327335}}
{"target": 0.3498199959343182, "params": {"T1": 0.1071034018550272, "T3": 0.10588403810811302, "T5": 0.1260355333294979, "U1": 18.904933046441283, "U5": 12.415129079992205}, "datetime": {"datetime": "2021-03-05 13:03:47", "elapsed": 34.373139, "delta": 0.336778}}
{"target": 0.13341400631516773, "params": {"T1": 0.08164416948918536, "T3": 0.06891307958003977, "T5": 0.10529038970787113, "U1": 18.633100223756838, "U5": 19.230114331973393}, "datetime": {"datetime": "2021-03-05 13:03:48", "elapsed": 35.282279, "delta": 0.90914}}
{"target": 0.20668896127486383, "params": {"T1": 0.09343031493881462, "T3": 0.054988889604784374, "T5": 0.08085463358735898, "U1": 14.15788301845445, "U5": 17.982083963348945}, "datetime": {"datetime": "2021-03-05 13:03:48", "elapsed": 35.622704, "delta": 0.340425}}
{"target": 0.12876568353810694, "params": {"T1": 0.055471687581169084, "T3": 0.1379455588287805, "T5": 0.13789643851679684, "U1": 18.309372341659966, "U5": 19.167942432923653}, "datetime": {"datetime": "2021-03-05 13:03:49", "elapsed": 36.388738, "delta": 0.766034}}
{"target": 0.3233116092299084, "params": {"T1": 0.11080830085315604, "T3": 0.1478838218044295, "T5": 0.054615302480443495, "U1": 15.263950068276074, "U5": 16.395066356081063}, "datetime": {"datetime": "2021-03-05 13:03:49", "elapsed": 36.73329, "delta": 0.344552}}
{"target": 0.142110240305715, "params": {"T1": 0.1287181672403625, "T3": 0.07198698262550834, "T5": 0.06889044700380599, "U1": 15.249255197374975, "U5": 17.35093528155594}, "datetime": {"datetime": "2021-03-05 13:03:49", "elapsed": 37.083615, "delta": 0.350325}}
{"target": 0.16799735678880512, "params": {"T1": 0.09756459676246246, "T3": 0.10909313315294819, "T5": 0.07028652344884619, "U1": 12.582023818408103, "U5": 13.189723357698327}, "datetime": {"datetime": "2021-03-05 13:03:50", "elapsed": 37.444062, "delta": 0.360447}}
{"target": 0.24378617239993883, "params": {"T1": 0.06807572101841299, "T3": 0.10086903687948637, "T5": 0.0892140198624962, "U1": 19.347358444279173, "U5": 12.243829662934973}, "datetime": {"datetime": "2021-03-05 13:03:51", "elapsed": 38.319546, "delta": 0.875484}}
{"target": 0.2996898716025102, "params": {"T1": 0.10537122154424428, "T3": 0.05227747118801107, "T5": 0.06460179507828442, "U1": 19.359608000931527, "U5": 18.380523961141847}, "datetime": {"datetime": "2021-03-05 13:03:51", "elapsed": 39.164381, "delta": 0.844835}}
{"target": 0.19908231714165367, "params": {"T1": 0.12034865101489768, "T3": 0.09631072816638653, "T5": 0.06005173667290575, "U1": 17.076147440741586, "U5": 13.032555282473748}, "datetime": {"datetime": "2021-03-05 13:03:52", "elapsed": 39.84514, "delta": 0.680759}}
{"target": 0.11730589553497828, "params": {"T1": 0.13077005626319493, "T3": 0.05816652861261219, "T5": 0.13324900553049096, "U1": 15.047283036461105, "U5": 17.94509690185813}, "datetime": {"datetime": "2021-03-05 13:03:53", "elapsed": 40.187164, "delta": 0.342024}}
{"target": 0.7389227280261008, "params": {"T1": 0.09274211593967716, "T3": 0.12457266408302269, "T5": 0.056184693142403375, "U1": 14.68161590983161, "U5": 13.343087221027325}, "datetime": {"datetime": "2021-03-05 13:03:53", "elapsed": 40.924437, "delta": 0.737273}}
{"target": 0.43200123904906146, "params": {"T1": 0.07170678744112448, "T3": 0.12389959709083695, "T5": 0.10770744701556922, "U1": 16.553961153576875, "U5": 14.375117971610399}, "datetime": {"datetime": "2021-03-05 13:03:54", "elapsed": 41.290267, "delta": 0.36583}}
{"target": 0.16748035648831444, "params": {"T1": 0.11365922761257775, "T3": 0.05905359050932007, "T5": 0.09482397979985933, "U1": 16.80733724505195, "U5": 17.183018168616453}, "datetime": {"datetime": "2021-03-05 13:03:54", "elapsed": 42.014861, "delta": 0.724594}}
{"target": 0.21315186501267844, "params": {"T1": 0.1231759858440312, "T3": 0.06331974065422256, "T5": 0.05369184802499612, "U1": 13.945463439728153, "U5": 12.393925248837512}, "datetime": {"datetime": "2021-03-05 13:03:55", "elapsed": 42.363974, "delta": 0.349113}}
{"target": 0.31107580743832286, "params": {"T1": 0.05385624444859727, "T3": 0.06866632117263675, "T5": 0.11703451030155113, "U1": 19.460797882587613, "U5": 18.513626753870895}, "datetime": {"datetime": "2021-03-05 13:03:55", "elapsed": 42.704591, "delta": 0.340617}}
{"target": 0.1628163707835015, "params": {"T1": 0.1194885673632679, "T3": 0.06800909358141682, "T5": 0.12196039927712837, "U1": 16.783792998623433, "U5": 17.136261563838264}, "datetime": {"datetime": "2021-03-05 13:03:56", "elapsed": 43.424365, "delta": 0.719774}}
{"target": 0.5542039330225385, "params": {"T1": 0.09115226961637168, "T3": 0.13912588199709364, "T5": 0.13136460694451524, "U1": 15.006914820019643, "U5": 15.91331794483374}, "datetime": {"datetime": "2021-03-05 13:03:57", "elapsed": 44.200276, "delta": 0.775911}}
{"target": 0.23792130473605227, "params": {"T1": 0.062483327514020415, "T3": 0.14171528261951666, "T5": 0.10243702838247049, "U1": 17.896013989605898, "U5": 19.09972757241434}, "datetime": {"datetime": "2021-03-05 13:03:57", "elapsed": 44.546435, "delta": 0.346159}}
{"target": 0.19934899554857152, "params": {"T1": 0.0915665255166962, "T3": 0.0702667045461294, "T5": 0.0872961157973658, "U1": 17.977067543025267, "U5": 18.24658357960573}, "datetime": {"datetime": "2021-03-05 13:03:57", "elapsed": 44.896573, "delta": 0.350138}}
{"target": 0.38411755142832255, "params": {"T1": 0.11579455005486654, "T3": 0.11402032677990699, "T5": 0.06669993099739623, "U1": 17.342299325268954, "U5": 12.885193054069052}, "datetime": {"datetime": "2021-03-05 13:03:58", "elapsed": 45.702597, "delta": 0.806024}}
{"target": 0.5360709512313859, "params": {"T1": 0.09386081792537837, "T3": 0.13111638572660514, "T5": 0.08960942473968225, "U1": 12.707101324366679, "U5": 15.855222956926834}, "datetime": {"datetime": "2021-03-05 13:03:59", "elapsed": 46.507751, "delta": 0.805154}}
{"target": 0.11965094678440806, "params": {"T1": 0.13535830378653432, "T3": 0.0614233602774443, "T5": 0.12317227763309631, "U1": 15.266662296065775, "U5": 19.992864383472092}, "datetime": {"datetime": "2021-03-05 13:03:59", "elapsed": 46.869379, "delta": 0.361628}}
{"target": 0.1563204573600316, "params": {"T1": 0.10672015462523682, "T3": 0.06804338034320065, "T5": 0.07801169838514098, "U1": 14.701443149935834, "U5": 19.443662246562774}, "datetime": {"datetime": "2021-03-05 13:04:00", "elapsed": 47.241692, "delta": 0.372313}}
{"target": 0.22307464507997804, "params": {"T1": 0.07405737361336079, "T3": 0.113191382873407, "T5": 0.08636638709151734, "U1": 15.01789790738026, "U5": 15.952202945306283}, "datetime": {"datetime": "2021-03-05 13:04:00", "elapsed": 48.086844, "delta": 0.845152}}
{"target": 0.29521785513293886, "params": {"T1": 0.06336625470412885, "T3": 0.0987147317036507, "T5": 0.06770152111179059, "U1": 12.430436225960324, "U5": 14.04424943794109}, "datetime": {"datetime": "2021-03-05 13:04:01", "elapsed": 48.462153, "delta": 0.375309}}
{"target": 0.3057128015742696, "params": {"T1": 0.13187907503835977, "T3": 0.09876243995836953, "T5": 0.05646941730546772, "U1": 16.880063492808542, "U5": 17.50025206498696}, "datetime": {"datetime": "2021-03-05 13:04:02", "elapsed": 49.444737, "delta": 0.982584}}
{"target": 0.15302418562556755, "params": {"T1": 0.1025171154117913, "T3": 0.10800504801655153, "T5": 0.07550309903665808, "U1": 18.830468107686816, "U5": 13.791811434884536}, "datetime": {"datetime": "2021-03-05 13:04:03", "elapsed": 50.257254, "delta": 0.812517}}
{"target": 0.15369915160566905, "params": {"T1": 0.11189667175287094, "T3": 0.11563664526272316, "T5": 0.13805025088463774, "U1": 17.61985556968708, "U5": 19.503211245904957}, "datetime": {"datetime": "2021-03-05 13:04:03", "elapsed": 50.621827, "delta": 0.364573}}
{"target": 0.23929355299624533, "params": {"T1": 0.14069831835189495, "T3": 0.10220234876802031, "T5": 0.12588033525345566, "U1": 15.143224531156434, "U5": 17.688501881182187}, "datetime": {"datetime": "2021-03-05 13:04:03", "elapsed": 50.990954, "delta": 0.369127}}
{"target": 0.40245174732192407, "params": {"T1": 0.06630579931848897, "T3": 0.06229811740111088, "T5": 0.055575439155903475, "U1": 12.973981278286363, "U5": 14.999810224558084}, "datetime": {"datetime": "2021-03-05 13:04:04", "elapsed": 51.360922, "delta": 0.369968}}
