{"target": 0.33579287133116614, "params": {"T1": 0.12895217416942445, "T3": 0.13680384400112566, "T5": 0.09821743107822156, "U1": 12.608709065037942, "U5": 14.845569706286204}, "datetime": {"datetime": "2021-03-05 13:18:19", "elapsed": 906.387071, "delta": 4.970501}}
{"target": 0.2564058175910381, "params": {"T1": 0.08159789595209119, "T3": 0.12536488117192024, "T5": 0.11747917829854, "U1": 13.090438809356364, "U5": 15.131371094818622}, "datetime": {"datetime": "2021-03-05 13:18:21", "elapsed": 908.587332, "delta": 2.200261}}
{"target": 0.842424223511139, "params": {"T1": 0.09593404277006645, "T3": 0.07594066536396035, "T5": 0.05685839508982629, "U1": 16.451662865593303, "U5": 16.959037049430982}, "datetime": {"datetime": "2021-03-05 13:18:24", "elapsed": 911.171643, "delta": 2.584311}}
{"target": 0.15771348829242146, "params": {"T1": 0.11075374796578646, "T3": 0.07413788549441871, "T5": 0.07468177910503829, "U1": 16.778485017131548, "U5": 17.154194873598215}, "datetime": {"datetime": "2021-03-05 13:18:29", "elapsed": 916.350812, "delta": 5.179169}}
{"target": 0.24733909861769948, "params": {"T1": 0.09639064334275618, "T3": 0.0960462628759727, "T5": 0.09095482033440717, "U1": 18.475843586345206, "U5": 19.2311427735316}, "datetime": {"datetime": "2021-03-05 13:18:31", "elapsed": 918.631628, "delta": 2.280816}}
{"target": 0.24336300657782414, "params": {"T1": 0.061186895006789914, "T3": 0.13917243962962117, "T5": 0.12126600698619647, "U1": 16.566038842965582, "U5": 17.653039391432515}, "datetime": {"datetime": "2021-03-05 13:18:33", "elapsed": 921.151405, "delta": 2.519777}}
{"target": 0.39733675923243195, "params": {"T1": 0.1345075444490133, "T3": 0.08021172044129377, "T5": 0.06969051070512719, "U1": 19.33195559726452, "U5": 13.464344996732631}, "datetime": {"datetime": "2021-03-05 13:18:35", "elapsed": 923.115082, "delta": 1.963677}}
{"target": 0.13639997338678195, "params": {"T1": 0.13509441144890377, "T3": 0.07675147643401413, "T5": 0.10495985562607639, "U1": 19.528710872518662, "U5": 17.2505370268192}, "datetime": {"datetime": "2021-03-05 13:18:37", "elapsed": 925.16574, "delta": 2.050658}}
{"target": 0.1451939608268723, "params": {"T1": 0.13320233798977904, "T3": 0.1040641879568473, "T5": 0.059952575323585035, "U1": 13.279424224502616, "U5": 17.88707107693294}, "datetime": {"datetime": "2021-03-05 13:18:39", "elapsed": 926.946772, "delta": 1.781032}}
{"target": 0.18373000580303803, "params": {"T1": 0.10882130674367504, "T3": 0.08661627938300191, "T5": 0.12520629183037812, "U1": 19.513984664101976, "U5": 17.261186336691093}, "datetime": {"datetime": "2021-03-05 13:18:44", "elapsed": 931.700413, "delta": 4.753641}}
{"target": 0.2531280135211919, "params": {"T1": 0.1474927243493444, "T3": 0.13799827584942898, "T5": 0.07058728377606427, "U1": 16.088972346990293, "U5": 12.888358891918106}, "datetime": {"datetime": "2021-03-05 13:18:49", "elapsed": 936.287518, "delta": 4.587105}}
{"target": 0.30066331538236596, "params": {"T1": 0.054476868472698496, "T3": 0.12697048357600094, "T5": 0.14057189745522186, "U1": 18.913530806304685, "U5": 18.285489913367126}, "datetime": {"datetime": "2021-03-05 13:18:51", "elapsed": 939.063864, "delta": 2.776346}}
{"target": 0.309410788306042, "params": {"T1": 0.09700007172425906, "T3": 0.1081371307358174, "T5": 0.14667083067574732, "U1": 17.195102819334117, "U5": 14.095451053170477}, "datetime": {"datetime": "2021-03-05 13:18:53", "elapsed": 941.082885, "delta": 2.019021}}
{"target": 0.3044801410001252, "params": {"T1": 0.05462943609462041, "T3": 0.07933510791876257, "T5": 0.11978148621022375, "U1": 15.938727036474095, "U5": 12.67518329110774}, "datetime": {"datetime": "2021-03-05 13:18:56", "elapsed": 943.283846, "delta": 2.200961}}
{"target": 0.18297301696619375, "params": {"T1": 0.10967977968020146, "T3": 0.14927474669213137, "T5": 0.10371003325090598, "U1": 12.48270759493198, "U5": 16.62785548715349}, "datetime": {"datetime": "2021-03-05 13:18:58", "elapsed": 945.708516, "delta": 2.42467}}
{"target": 0.3358364383597902, "params": {"T1": 0.07987373913659775, "T3": 0.12482846306926253, "T5": 0.08061508244577802, "U1": 18.830106854997997, "U5": 13.804278705838403}, "datetime": {"datetime": "2021-03-05 13:19:00", "elapsed": 947.906212, "delta": 2.197696}}
{"target": 0.3599823903809254, "params": {"T1": 0.07896647707005613, "T3": 0.12412327543727669, "T5": 0.14498692975694644, "U1": 18.61174633349794, "U5": 18.96834083269531}, "datetime": {"datetime": "2021-03-05 13:19:02", "elapsed": 949.783211, "delta": 1.876999}}
{"target": 0.17251085329401467, "params": {"T1": 0.12892642471736274, "T3": 0.06476554222673733, "T5": 0.0727903420402536, "U1": 14.37987158496454, "U5": 13.590895838863759}, "datetime": {"datetime": "2021-03-05 13:19:04", "elapsed": 951.656835, "delta": 1.873624}}
{"target": 0.22381455744301562, "params": {"T1": 0.0705859535908147, "T3": 0.10610629436465396, "T5": 0.13349405096379058, "U1": 15.046661522277443, "U5": 14.625957389209557}, "datetime": {"datetime": "2021-03-05 13:19:06", "elapsed": 953.314941, "delta": 1.658106}}
{"target": 0.27006973473514867, "params": {"T1": 0.07196565383113769, "T3": 0.13427739340661868, "T5": 0.09732882434690057, "U1": 12.00741876827284, "U5": 17.918368335983395}, "datetime": {"datetime": "2021-03-05 13:19:08", "elapsed": 955.399548, "delta": 2.084607}}
{"target": 0.2502360838305184, "params": {"T1": 0.12724762701046743, "T3": 0.112190953817428, "T5": 0.05611943781601129, "U1": 17.35141268911563, "U5": 12.868017399300683}, "datetime": {"datetime": "2021-03-05 13:19:13", "elapsed": 960.741134, "delta": 5.341586}}
{"target": 0.1812752151869613, "params": {"T1": 0.05696585471286164, "T3": 0.08110143699483023, "T5": 0.06831983768838881, "U1": 19.956429158884788, "U5": 17.309498474760304}, "datetime": {"datetime": "2021-03-05 13:19:15", "elapsed": 962.979289, "delta": 2.238155}}
{"target": 0.4389162977815934, "params": {"T1": 0.12004618199877017, "T3": 0.1279375720620849, "T5": 0.14554025335850485, "U1": 16.696664302046365, "U5": 13.188438555735953}, "datetime": {"datetime": "2021-03-05 13:19:17", "elapsed": 965.019048, "delta": 2.039759}}
{"target": 0.23797686546864422, "params": {"T1": 0.09278294187068356, "T3": 0.11878215359834199, "T5": 0.0664570381424526, "U1": 12.659091767802142, "U5": 16.73767392018295}, "datetime": {"datetime": "2021-03-05 13:19:23", "elapsed": 970.246225, "delta": 5.227177}}
{"target": 0.1676710955479057, "params": {"T1": 0.07615375088293513, "T3": 0.09214423867009564, "T5": 0.07593269651405041, "U1": 17.0516604680738, "U5": 19.001137811922604}, "datetime": {"datetime": "2021-03-05 13:19:28", "elapsed": 975.772619, "delta": 5.526394}}
{"target": 0.28784027952663693, "params": {"T1": 0.08495745261330515, "T3": 0.07533698160737047, "T5": 0.13609790345441872, "U1": 16.20620810797162, "U5": 19.252320037689543}, "datetime": {"datetime": "2021-03-05 13:19:30", "elapsed": 977.642042, "delta": 1.869423}}
{"target": 0.3474010783435062, "params": {"T1": 0.12373268525462722, "T3": 0.10094247353908567, "T5": 0.10692646122389059, "U1": 12.37319787309352, "U5": 12.367919967676528}, "datetime": {"datetime": "2021-03-05 13:19:32", "elapsed": 979.661079, "delta": 2.019037}}
{"target": 0.2208483270706686, "params": {"T1": 0.12288075349925, "T3": 0.13732065987375713, "T5": 0.05986789925268711, "U1": 15.985369247932105, "U5": 16.573790532172374}, "datetime": {"datetime": "2021-03-05 13:19:34", "elapsed": 981.726921, "delta": 2.065842}}
{"target": 0.5696794619484759, "params": {"T1": 0.11640314582675128, "T3": 0.07425491884436387, "T5": 0.14586061143158247, "U1": 19.57379007063121, "U5": 19.405614080261685}, "datetime": {"datetime": "2021-03-05 13:19:36", "elapsed": 983.529977, "delta": 1.803056}}
{"target": 0.15021285243373722, "params": {"T1": 0.14980332419433845, "T3": 0.08285561340593342, "T5": 0.14087622507084624, "U1": 14.15039221500431, "U5": 19.572405581389354}, "datetime": {"datetime": "2021-03-05 13:19:39", "elapsed": 986.24115, "delta": 2.711173}}
{"target": 0.5113394814132883, "params": {"T1": 0.0957196588489713, "T3": 0.06981985943940254, "T5": 0.06514616308058625, "U1": 16.19939462771193, "U5": 17.15145748823155}, "datetime": {"datetime": "2021-03-05 13:19:41", "elapsed": 988.424881, "delta": 2.183731}}
{"target": 0.13487725039429074, "params": {"T1": 0.0775469590498575, "T3": 0.14860787138541315, "T5": 0.14509421345719192, "U1": 19.888256311679974, "U5": 19.017638839253607}, "datetime": {"datetime": "2021-03-05 13:19:46", "elapsed": 993.343171, "delta": 4.91829}}
{"target": 0.6149622390380777, "params": {"T1": 0.0893975163785257, "T3": 0.13781419416537807, "T5": 0.12412620377292068, "U1": 19.530088404001592, "U5": 16.56408421557568}, "datetime": {"datetime": "2021-03-05 13:19:48", "elapsed": 995.36233, "delta": 2.019159}}
{"target": 0.6940926968439585, "params": {"T1": 0.08989450281686545, "T3": 0.1294690892133561, "T5": 0.053743765146161006, "U1": 12.303097131494091, "U5": 12.7268457133368}, "datetime": {"datetime": "2021-03-05 13:19:50", "elapsed": 997.849417, "delta": 2.487087}}
{"target": 0.19574286658199747, "params": {"T1": 0.1339822285138938, "T3": 0.09249682033588416, "T5": 0.07766358168377197, "U1": 18.322429135826514, "U5": 13.875344201161603}, "datetime": {"datetime": "2021-03-05 13:19:55", "elapsed": 1002.877918, "delta": 5.028501}}
{"target": 0.2874326388414193, "params": {"T1": 0.09527141086086535, "T3": 0.0785239784770031, "T5": 0.13563999934764856, "U1": 14.7938356066819, "U5": 14.944535593187902}, "datetime": {"datetime": "2021-03-05 13:19:57", "elapsed": 1005.021148, "delta": 2.14323}}
{"target": 0.2889922002935488, "params": {"T1": 0.13036722867432865, "T3": 0.07874863290298362, "T5": 0.1099771959747585, "U1": 16.676155165488247, "U5": 17.61306434794151}, "datetime": {"datetime": "2021-03-05 13:19:59", "elapsed": 1007.100134, "delta": 2.078986}}
{"target": 0.27133055466378214, "params": {"T1": 0.14212960458973856, "T3": 0.07083687533509637, "T5": 0.06159823200090503, "U1": 18.96306063552354, "U5": 16.58856596407579}, "datetime": {"datetime": "2021-03-05 13:20:01", "elapsed": 1009.144687, "delta": 2.044553}}
{"target": 0.4040915589168831, "params": {"T1": 0.10693887008932129, "T3": 0.05609545485729206, "T5": 0.12727788877285479, "U1": 19.323892229209964, "U5": 12.290304707230067}, "datetime": {"datetime": "2021-03-05 13:20:04", "elapsed": 1011.621625, "delta": 2.476938}}
{"target": 0.3850913650130171, "params": {"T1": 0.0944124440224057, "T3": 0.10691528049045883, "T5": 0.09791939857268332, "U1": 12.730038271307619, "U5": 15.870161376084345}, "datetime": {"datetime": "2021-03-05 13:20:06", "elapsed": 1013.515994, "delta": 1.894369}}
{"target": 0.15008978181598603, "params": {"T1": 0.11319158211718189, "T3": 0.1025615204362762, "T5": 0.08490791062838825, "U1": 13.86942961909838, "U5": 15.642221283812248}, "datetime": {"datetime": "2021-03-05 13:20:08", "elapsed": 1015.64237, "delta": 2.126376}}
{"target": 0.18154527945310872, "params": {"T1": 0.09022683208288322, "T3": 0.1249928681643225, "T5": 0.13588195225078648, "U1": 13.197691369808016, "U5": 18.08724394429925}, "datetime": {"datetime": "2021-03-05 13:20:11", "elapsed": 1018.389612, "delta": 2.747242}}
{"target": 0.20311515007806114, "params": {"T1": 0.07099129850555647, "T3": 0.08629988663731294, "T5": 0.13338012772951147, "U1": 13.607446156646066, "U5": 18.94065139043574}, "datetime": {"datetime": "2021-03-05 13:20:13", "elapsed": 1020.600871, "delta": 2.211259}}
{"target": 0.2799484471796797, "params": {"T1": 0.08801366837185201, "T3": 0.06341178200241983, "T5": 0.14850358444594966, "U1": 17.86048635864729, "U5": 15.07386712609673}, "datetime": {"datetime": "2021-03-05 13:20:16", "elapsed": 1023.499063, "delta": 2.898192}}
{"target": 0.25823196302375995, "params": {"T1": 0.12402912461984596, "T3": 0.10104890807955699, "T5": 0.14139944588991415, "U1": 18.62259560048203, "U5": 15.478612606966035}, "datetime": {"datetime": "2021-03-05 13:20:18", "elapsed": 1025.725323, "delta": 2.22626}}
{"target": 0.1260959352669689, "params": {"T1": 0.128851997900357, "T3": 0.06051955693613914, "T5": 0.08524622922994743, "U1": 15.77356749497601, "U5": 14.707053012871135}, "datetime": {"datetime": "2021-03-05 13:20:20", "elapsed": 1027.879464, "delta": 2.154141}}
{"target": 0.15967983322269397, "params": {"T1": 0.1178359574204105, "T3": 0.08591493976147015, "T5": 0.1083846379148005, "U1": 14.115674872344535, "U5": 12.150868716322634}, "datetime": {"datetime": "2021-03-05 13:20:23", "elapsed": 1030.373184, "delta": 2.49372}}
{"target": 0.1880382707007099, "params": {"T1": 0.1049994444752461, "T3": 0.06645150016714836, "T5": 0.07822870467357981, "U1": 18.953014213309743, "U5": 17.67408008430128}, "datetime": {"datetime": "2021-03-05 13:20:25", "elapsed": 1032.347998, "delta": 1.974814}}
{"target": 0.15610385862084253, "params": {"T1": 0.08884939595401141, "T3": 0.05870074504080456, "T5": 0.083640078521603, "U1": 14.431062783397941, "U5": 12.910457823736788}, "datetime": {"datetime": "2021-03-05 13:20:27", "elapsed": 1034.590811, "delta": 2.242813}}
{"target": 0.19241115603076936, "params": {"T1": 0.10522567826599577, "T3": 0.07951937983990263, "T5": 0.07571029507130385, "U1": 16.893294715697383, "U5": 17.503451389531257}, "datetime": {"datetime": "2021-03-05 13:20:32", "elapsed": 1039.885781, "delta": 5.29497}}
{"target": 0.2745317703651161, "params": {"T1": 0.08408513759645324, "T3": 0.07835536014019195, "T5": 0.06939236927403206, "U1": 19.366272003257258, "U5": 18.35309436117378}, "datetime": {"datetime": "2021-03-05 13:20:40", "elapsed": 1047.34037, "delta": 7.454589}}
{"target": 0.16297016895888466, "params": {"T1": 0.05618352444999715, "T3": 0.1275498239764392, "T5": 0.061335614440181346, "U1": 15.040767727546287, "U5": 14.394946073921334}, "datetime": {"datetime": "2021-03-05 13:20:42", "elapsed": 1049.302537, "delta": 1.962167}}
{"target": 0.3554261020196068, "params": {"T1": 0.0969617239128907, "T3": 0.10547316265940081, "T5": 0.11813040137293636, "U1": 19.721004876141436, "U5": 12.701739262272847}, "datetime": {"datetime": "2021-03-05 13:20:46", "elapsed": 1054.076389, "delta": 4.773852}}
{"target": 0.9162457019959832, "params": {"T1": 0.07082976492810023, "T3": 0.09188836142842682, "T5": 0.055577659280566585, "U1": 18.291087773980472, "U5": 18.068070168593618}, "datetime": {"datetime": "2021-03-05 13:20:49", "elapsed": 1056.328899, "delta": 2.25251}}
{"target": 0.1780764110743616, "params": {"T1": 0.14076086679896638, "T3": 0.05491603191141961, "T5": 0.10466551424608915, "U1": 12.767639439463558, "U5": 14.166792981051845}, "datetime": {"datetime": "2021-03-05 13:20:51", "elapsed": 1058.674786, "delta": 2.345887}}
{"target": 0.16866326656921626, "params": {"T1": 0.10106248783449173, "T3": 0.06717204663790999, "T5": 0.060438605844504646, "U1": 14.764487184323086, "U5": 14.193064088106869}, "datetime": {"datetime": "2021-03-05 13:20:53", "elapsed": 1060.933124, "delta": 2.258338}}
{"target": 0.42122587292464314, "params": {"T1": 0.14421242628168668, "T3": 0.08813455386198009, "T5": 0.08347275565250054, "U1": 18.581179304135553, "U5": 12.913250570733357}, "datetime": {"datetime": "2021-03-05 13:20:56", "elapsed": 1063.306279, "delta": 2.373155}}
{"target": 0.17837469993334795, "params": {"T1": 0.14534460866657883, "T3": 0.06981541751289436, "T5": 0.12731299250293307, "U1": 14.444833819572892, "U5": 19.193075187272942}, "datetime": {"datetime": "2021-03-05 13:20:58", "elapsed": 1065.240337, "delta": 1.934058}}
{"target": 0.3371644826584743, "params": {"T1": 0.08879015217612445, "T3": 0.0971534796215669, "T5": 0.11624635023206195, "U1": 18.162746370954608, "U5": 18.399732884285946}, "datetime": {"datetime": "2021-03-05 13:21:00", "elapsed": 1067.854158, "delta": 2.613821}}
{"target": 0.1422477440406216, "params": {"T1": 0.0778063160823829, "T3": 0.09532375565891382, "T5": 0.08644977000664297, "U1": 19.663631165282425, "U5": 17.7935488904961}, "datetime": {"datetime": "2021-03-05 13:21:02", "elapsed": 1069.955598, "delta": 2.10144}}
{"target": 0.12734886940601534, "params": {"T1": 0.1494358622303118, "T3": 0.07572268122394513, "T5": 0.1259932108868422, "U1": 15.39739214692613, "U5": 17.921161854505765}, "datetime": {"datetime": "2021-03-05 13:21:04", "elapsed": 1071.726314, "delta": 1.770716}}
{"target": 0.12411383339025733, "params": {"T1": 0.14868020619955616, "T3": 0.11889698044463662, "T5": 0.09445709176096531, "U1": 17.549217262924437, "U5": 15.086176445256577}, "datetime": {"datetime": "2021-03-05 13:21:06", "elapsed": 1073.864028, "delta": 2.137714}}
{"target": 0.11785814279684596, "params": {"T1": 0.09409242158847803, "T3": 0.0972052841243061, "T5": 0.13783715934409208, "U1": 17.844569373117693, "U5": 19.055244145782098}, "datetime": {"datetime": "2021-03-05 13:21:08", "elapsed": 1076.047827, "delta": 2.183799}}
{"target": 0.3455459194494736, "params": {"T1": 0.11524324482786054, "T3": 0.14557154760256774, "T5": 0.05139970587894341, "U1": 15.315408911070426, "U5": 18.043351857414798}, "datetime": {"datetime": "2021-03-05 13:21:14", "elapsed": 1081.171768, "delta": 5.123941}}
{"target": 0.14966870994967674, "params": {"T1": 0.08700239884981328, "T3": 0.14792275741724498, "T5": 0.11994304980541169, "U1": 19.899398392594385, "U5": 18.996449375833375}, "datetime": {"datetime": "2021-03-05 13:21:18", "elapsed": 1086.149185, "delta": 4.977417}}
{"target": 0.15647122489927087, "params": {"T1": 0.11364685680363669, "T3": 0.07022196513100436, "T5": 0.1474082539683078, "U1": 14.178611838402304, "U5": 16.267288955077017}, "datetime": {"datetime": "2021-03-05 13:21:21", "elapsed": 1088.563307, "delta": 2.414122}}
{"target": 0.3191055894701448, "params": {"T1": 0.1181686393621662, "T3": 0.14132427840069656, "T5": 0.05185683900303863, "U1": 13.795646833743739, "U5": 12.445958869506505}, "datetime": {"datetime": "2021-03-05 13:21:23", "elapsed": 1090.804843, "delta": 2.241536}}
{"target": 0.2387237722912531, "params": {"T1": 0.06373630449301936, "T3": 0.14958048299571697, "T5": 0.0658196342771794, "U1": 14.830069307259365, "U5": 17.6227615551015}, "datetime": {"datetime": "2021-03-05 13:21:28", "elapsed": 1095.683953, "delta": 4.87911}}
{"target": 0.702854592171371, "params": {"T1": 0.0723910573534794, "T3": 0.11841893930488251, "T5": 0.10737070884097377, "U1": 19.25526254359774, "U5": 19.19621977118534}, "datetime": {"datetime": "2021-03-05 13:21:30", "elapsed": 1097.676638, "delta": 1.992685}}
{"target": 0.272645909230113, "params": {"T1": 0.14028917373288274, "T3": 0.08304047242587392, "T5": 0.11089181862781053, "U1": 14.666019606725747, "U5": 13.193802512117834}, "datetime": {"datetime": "2021-03-05 13:21:32", "elapsed": 1099.844609, "delta": 2.167971}}
{"target": 0.34357497880561394, "params": {"T1": 0.05678237627260444, "T3": 0.12637170066697256, "T5": 0.14640455190611762, "U1": 12.356316697958619, "U5": 18.11419551006601}, "datetime": {"datetime": "2021-03-05 13:21:34", "elapsed": 1101.648141, "delta": 1.803532}}
{"target": 0.26821847466928395, "params": {"T1": 0.05571535280891572, "T3": 0.0964307646723622, "T5": 0.10851000376396944, "U1": 13.337278291680052, "U5": 19.567458950855915}, "datetime": {"datetime": "2021-03-05 13:21:36", "elapsed": 1103.837046, "delta": 2.188905}}
{"target": 0.4634862459575796, "params": {"T1": 0.07368437833953403, "T3": 0.08680163219298666, "T5": 0.0723121253503615, "U1": 14.906642173735976, "U5": 19.426861865640845}, "datetime": {"datetime": "2021-03-05 13:21:39", "elapsed": 1106.458685, "delta": 2.621639}}
{"target": 0.3576124411514492, "params": {"T1": 0.1013091273858246, "T3": 0.1205451162611368, "T5": 0.11578201803915637, "U1": 18.638613265669843, "U5": 15.411103691339413}, "datetime": {"datetime": "2021-03-05 13:21:47", "elapsed": 1114.55945, "delta": 8.100765}}
{"target": 0.19595029107539308, "params": {"T1": 0.10803517888884992, "T3": 0.09809765970271969, "T5": 0.05570797753743472, "U1": 15.777679894227004, "U5": 16.93528893259964}, "datetime": {"datetime": "2021-03-05 13:21:49", "elapsed": 1117.036456, "delta": 2.477006}}
{"target": 0.5553070060002444, "params": {"T1": 0.09836007801516891, "T3": 0.1316298082618508, "T5": 0.058723791257485274, "U1": 16.2633695157684, "U5": 19.96602485949309}, "datetime": {"datetime": "2021-03-05 13:21:52", "elapsed": 1119.257753, "delta": 2.221297}}
{"target": 0.2569537794193412, "params": {"T1": 0.06159938764397941, "T3": 0.14664779349274182, "T5": 0.10706425851644717, "U1": 19.86912116421995, "U5": 18.828026287958544}, "datetime": {"datetime": "2021-03-05 13:21:57", "elapsed": 1124.895042, "delta": 5.637289}}
{"target": 0.15640749110824972, "params": {"T1": 0.08597578671162481, "T3": 0.08084891710335715, "T5": 0.129371142366017, "U1": 14.089849430114665, "U5": 14.782133583115442}, "datetime": {"datetime": "2021-03-05 13:22:03", "elapsed": 1130.753703, "delta": 5.858661}}
{"target": 0.2731306562104133, "params": {"T1": 0.11315935605275627, "T3": 0.05574704380961553, "T5": 0.11507885649537704, "U1": 13.746630012412936, "U5": 13.854916089671812}, "datetime": {"datetime": "2021-03-05 13:22:06", "elapsed": 1133.219223, "delta": 2.46552}}
{"target": 0.18034679902673126, "params": {"T1": 0.11056174355246781, "T3": 0.07741801113209909, "T5": 0.057200537746263186, "U1": 17.850312507868757, "U5": 12.721641586516458}, "datetime": {"datetime": "2021-03-05 13:22:11", "elapsed": 1138.950853, "delta": 5.73163}}
{"target": 0.30604289423105496, "params": {"T1": 0.07665368714799943, "T3": 0.054050390524526405, "T5": 0.13072709279491762, "U1": 13.7769507253734, "U5": 13.735384283642922}, "datetime": {"datetime": "2021-03-05 13:22:14", "elapsed": 1142.157627, "delta": 3.206774}}
{"target": 0.16021222833159748, "params": {"T1": 0.12385666772982586, "T3": 0.11758021180087215, "T5": 0.10425128013974842, "U1": 19.726001734499686, "U5": 12.717642476238698}, "datetime": {"datetime": "2021-03-05 13:22:21", "elapsed": 1148.557883, "delta": 6.400256}}
