{"target": 0.1792534065721859, "params": {"T1": 0.05631523515508505, "T3": 0.11599598467504026, "T5": 0.10802480286737604, "U1": 13.667513190275265, "U5": 16.122540453449957}, "datetime": {"datetime": "2021-03-05 13:03:17", "elapsed": 4.444068, "delta": 0.053065}}
{"target": 0.1937218739226653, "params": {"T1": 0.07818181711760676, "T3": 0.09780625974929563, "T5": 0.10186633160280903, "U1": 12.592178858392547, "U5": 14.395854101270388}, "datetime": {"datetime": "2021-03-05 13:03:17", "elapsed": 4.497672, "delta": 0.053604}}
{"target": 0.13201075887292082, "params": {"T1": 0.08715104199193488, "T3": 0.09190144943089687, "T5": 0.08129954321192301, "U1": 16.886955212097323, "U5": 15.928297551094554}, "datetime": {"datetime": "2021-03-05 13:03:17", "elapsed": 4.549671, "delta": 0.051999}}
{"target": 0.1739942634071912, "params": {"T1": 0.144687418552839, "T3": 0.08751483480814307, "T5": 0.09976454785834159, "U1": 14.159176799770146, "U5": 13.27275116317054}, "datetime": {"datetime": "2021-03-05 13:03:17", "elapsed": 4.604961, "delta": 0.05529}}
{"target": 0.4755847629956231, "params": {"T1": 0.14974911408300318, "T3": 0.085524365899516, "T5": 0.1440017191762945, "U1": 18.366852786085683, "U5": 14.997543314814337}, "datetime": {"datetime": "2021-03-05 13:03:17", "elapsed": 4.660884, "delta": 0.055923}}
{"target": 0.29928155497873793, "params": {"T1": 0.10490020804270295, "T3": 0.1153886258533829, "T5": 0.12762827922956405, "U1": 12.867632259331993, "U5": 18.65056022569766}, "datetime": {"datetime": "2021-03-05 13:03:17", "elapsed": 4.716178, "delta": 0.055294}}
{"target": 0.3731273058975604, "params": {"T1": 0.06199073618354831, "T3": 0.0866466334213096, "T5": 0.08742912425418924, "U1": 16.601149805857588, "U5": 18.725166375351158}, "datetime": {"datetime": "2021-03-05 13:03:17", "elapsed": 4.766897, "delta": 0.050719}}
{"target": 0.13820873132849032, "params": {"T1": 0.11935236130889675, "T3": 0.06049946135037069, "T5": 0.0812602811388099, "U1": 14.740918294743938, "U5": 14.548731424213202}, "datetime": {"datetime": "2021-03-05 13:03:17", "elapsed": 4.819622, "delta": 0.052725}}
{"target": 0.2066699002366764, "params": {"T1": 0.10022070477893116, "T3": 0.14246194769280834, "T5": 0.09472636561436774, "U1": 17.710291935505868, "U5": 19.3786163747649}, "datetime": {"datetime": "2021-03-05 13:03:17", "elapsed": 4.873082, "delta": 0.05346}}
{"target": 0.15530278683708004, "params": {"T1": 0.11720184226330274, "T3": 0.06291687859990117, "T5": 0.1459328477939939, "U1": 18.687853731741875, "U5": 17.33781531453145}, "datetime": {"datetime": "2021-03-05 13:03:17", "elapsed": 4.927552, "delta": 0.05447}}
{"target": 0.16014492695763943, "params": {"T1": 0.11319984744216857, "T3": 0.07138564191177413, "T5": 0.07744799951949445, "U1": 15.84678937773733, "U5": 16.95910508673364}, "datetime": {"datetime": "2021-03-05 13:03:17", "elapsed": 4.979657, "delta": 0.052105}}
{"target": 0.22206947128776258, "params": {"T1": 0.12397045286305203, "T3": 0.13057240454356583, "T5": 0.14228671194370063, "U1": 14.587393793947408, "U5": 12.046767855245403}, "datetime": {"datetime": "2021-03-05 13:03:17", "elapsed": 5.038273, "delta": 0.058616}}
{"target": 0.1370424309906851, "params": {"T1": 0.10294421559900918, "T3": 0.14789204060998834, "T5": 0.14886393446335705, "U1": 14.73878914065733, "U5": 16.837859632531078}, "datetime": {"datetime": "2021-03-05 13:03:17", "elapsed": 5.095399, "delta": 0.057126}}
{"target": 0.20469092232592115, "params": {"T1": 0.0810330851350756, "T3": 0.12330140745328902, "T5": 0.13200448097188344, "U1": 12.547370024206806, "U5": 12.66647653459877}, "datetime": {"datetime": "2021-03-05 13:03:17", "elapsed": 5.151759, "delta": 0.05636}}
{"target": 0.18100608386532446, "params": {"T1": 0.07591978501265195, "T3": 0.0848211714750813, "T5": 0.06593969797612251, "U1": 17.42391554547226, "U5": 19.985230532392542}, "datetime": {"datetime": "2021-03-05 13:03:18", "elapsed": 5.201919, "delta": 0.05016}}
{"target": 1.2194807264190077, "params": {"T1": 0.14882237166746315, "T3": 0.10896763479649207, "T5": 0.05272560829690942, "U1": 17.108594573614646, "U5": 13.029052701488407}, "datetime": {"datetime": "2021-03-05 13:03:18", "elapsed": 5.25526, "delta": 0.053341}}
{"target": 0.2062764888176929, "params": {"T1": 0.09446845441230359, "T3": 0.1104586052772018, "T5": 0.1339314533752427, "U1": 13.354401579057516, "U5": 14.64017615529195}, "datetime": {"datetime": "2021-03-05 13:03:18", "elapsed": 5.310927, "delta": 0.055667}}
{"target": 0.6300248514631587, "params": {"T1": 0.0724324472618177, "T3": 0.06044760978851447, "T5": 0.10299573630601006, "U1": 13.19878320410378, "U5": 13.247830283532767}, "datetime": {"datetime": "2021-03-05 13:03:18", "elapsed": 5.363425, "delta": 0.052498}}
{"target": 0.27227013562934077, "params": {"T1": 0.07258791226274437, "T3": 0.07811908301175145, "T5": 0.08424519449991133, "U1": 13.738354573062665, "U5": 16.68196632304974}, "datetime": {"datetime": "2021-03-05 13:03:18", "elapsed": 5.414716, "delta": 0.051291}}
{"target": 0.33569821810087674, "params": {"T1": 0.12861750654595427, "T3": 0.13044497661008264, "T5": 0.07073273441316216, "U1": 17.27906943321068, "U5": 13.20643987386352}, "datetime": {"datetime": "2021-03-05 13:03:18", "elapsed": 5.46905, "delta": 0.054334}}
{"target": 0.2259399239927316, "params": {"T1": 0.05403776427116071, "T3": 0.1254159796746023, "T5": 0.13426007417834482, "U1": 14.89557363980898, "U5": 15.462518265051042}, "datetime": {"datetime": "2021-03-05 13:03:18", "elapsed": 5.523467, "delta": 0.054417}}
{"target": 0.141813985883395, "params": {"T1": 0.10438115471807968, "T3": 0.06725374874082386, "T5": 0.11706963956112043, "U1": 15.375370832247398, "U5": 14.060681728238775}, "datetime": {"datetime": "2021-03-05 13:03:18", "elapsed": 5.577854, "delta": 0.054387}}
{"target": 0.3352458287618715, "params": {"T1": 0.10889502474887852, "T3": 0.06964933113790321, "T5": 0.11910143992236652, "U1": 18.8665319600112, "U5": 19.075133361853712}, "datetime": {"datetime": "2021-03-05 13:03:18", "elapsed": 5.629881, "delta": 0.052027}}
{"target": 0.17994898811723564, "params": {"T1": 0.10817032806319504, "T3": 0.10454996700407865, "T5": 0.08719387826704875, "U1": 17.21231916787744, "U5": 16.17371044624639}, "datetime": {"datetime": "2021-03-05 13:03:18", "elapsed": 5.683181, "delta": 0.0533}}
{"target": 0.21046049795459582, "params": {"T1": 0.05752146174310083, "T3": 0.061250128788426665, "T5": 0.11702300923431448, "U1": 18.304140794101343, "U5": 14.294772364361961}, "datetime": {"datetime": "2021-03-05 13:03:18", "elapsed": 5.734928, "delta": 0.051747}}
{"target": 0.24209501384443474, "params": {"T1": 0.08212120519347106, "T3": 0.13059944234250742, "T5": 0.054792118215506926, "U1": 18.110710203628322, "U5": 19.260495601728717}, "datetime": {"datetime": "2021-03-05 13:03:18", "elapsed": 5.786344, "delta": 0.051416}}
{"target": 0.3558120693784896, "params": {"T1": 0.10936664089479078, "T3": 0.14247135776289516, "T5": 0.06960352951580842, "U1": 18.732512481255878, "U5": 14.309665245449953}, "datetime": {"datetime": "2021-03-05 13:03:18", "elapsed": 5.839802, "delta": 0.053458}}
{"target": 0.18396658937703994, "params": {"T1": 0.11975513683138399, "T3": 0.10069969179048083, "T5": 0.13420175983376964, "U1": 13.326658137164241, "U5": 18.09434126912893}, "datetime": {"datetime": "2021-03-05 13:03:18", "elapsed": 5.8953, "delta": 0.055498}}
{"target": 0.22778458846277616, "params": {"T1": 0.09882069624142847, "T3": 0.07624690505780739, "T5": 0.14474852617623093, "U1": 14.040454291687743, "U5": 19.239045203679495}, "datetime": {"datetime": "2021-03-05 13:03:18", "elapsed": 5.950086, "delta": 0.054786}}
{"target": 0.28287199514013234, "params": {"T1": 0.08504364461882072, "T3": 0.08544882536655415, "T5": 0.06004464670649993, "U1": 16.200300164628935, "U5": 19.185038513705294}, "datetime": {"datetime": "2021-03-05 13:03:18", "elapsed": 6.001005, "delta": 0.050919}}
{"target": 0.1986352398974566, "params": {"T1": 0.13085178187575355, "T3": 0.11078131031650276, "T5": 0.07638250447441156, "U1": 18.577069849039958, "U5": 12.905410266664088}, "datetime": {"datetime": "2021-03-05 13:03:18", "elapsed": 6.055234, "delta": 0.054229}}
{"target": 0.5747932112579484, "params": {"T1": 0.06697166831170409, "T3": 0.0665937147211125, "T5": 0.11539557441984223, "U1": 18.602589977800218, "U5": 19.23526340998621}, "datetime": {"datetime": "2021-03-05 13:03:18", "elapsed": 6.105874, "delta": 0.05064}}
{"target": 0.2770826135291534, "params": {"T1": 0.080021659722622, "T3": 0.1273471193539189, "T5": 0.14828245156286196, "U1": 15.478304688154774, "U5": 15.88903491855509}, "datetime": {"datetime": "2021-03-05 13:03:18", "elapsed": 6.161718, "delta": 0.055844}}
{"target": 0.3809428771669416, "params": {"T1": 0.09622235857863226, "T3": 0.1037400201029639, "T5": 0.08518138491627983, "U1": 18.569628880535912, "U5": 12.529876372762807}, "datetime": {"datetime": "2021-03-05 13:03:19", "elapsed": 6.214902, "delta": 0.053184}}
{"target": 0.18006708057248375, "params": {"T1": 0.1369192213823182, "T3": 0.05630312556569771, "T5": 0.09297360026778528, "U1": 17.804052199312814, "U5": 12.105178641000258}, "datetime": {"datetime": "2021-03-05 13:03:19", "elapsed": 6.268351, "delta": 0.053449}}
{"target": 0.2199519116501329, "params": {"T1": 0.12622907539219164, "T3": 0.14939946674283783, "T5": 0.05351870125150082, "U1": 17.488237982071183, "U5": 12.736602432702767}, "datetime": {"datetime": "2021-03-05 13:03:19", "elapsed": 6.322513, "delta": 0.054162}}
{"target": 0.5563711688390763, "params": {"T1": 0.07915165850976856, "T3": 0.1057442816935078, "T5": 0.07799382115441494, "U1": 19.834339954476043, "U5": 19.144744104402676}, "datetime": {"datetime": "2021-03-05 13:03:19", "elapsed": 6.373177, "delta": 0.050664}}
{"target": 0.7807678540834657, "params": {"T1": 0.08261447437064147, "T3": 0.11411282265656936, "T5": 0.06499989127948624, "U1": 14.877478773623102, "U5": 13.8867708081357}, "datetime": {"datetime": "2021-03-05 13:03:19", "elapsed": 6.425056, "delta": 0.051879}}
{"target": 0.2843572546998655, "params": {"T1": 0.07274007633479893, "T3": 0.08059990345591608, "T5": 0.11736563722075556, "U1": 12.150847291450937, "U5": 16.81490145925987}, "datetime": {"datetime": "2021-03-05 13:03:19", "elapsed": 6.47797, "delta": 0.052914}}
{"target": 0.3977014720853614, "params": {"T1": 0.09897483778308191, "T3": 0.14602454322986258, "T5": 0.10651005516148007, "U1": 19.806817371224703, "U5": 17.22760486554359}, "datetime": {"datetime": "2021-03-05 13:03:19", "elapsed": 6.532163, "delta": 0.054193}}
{"target": 0.6905712300901906, "params": {"T1": 0.09375766319236312, "T3": 0.141624168589732, "T5": 0.06055028417518628, "U1": 14.676331850259078, "U5": 13.365678076682858}, "datetime": {"datetime": "2021-03-05 13:03:19", "elapsed": 6.585635, "delta": 0.053472}}
{"target": 0.518026799688176, "params": {"T1": 0.10987092162231026, "T3": 0.11014086614584095, "T5": 0.1131088215693684, "U1": 15.160158001658358, "U5": 17.687852594581933}, "datetime": {"datetime": "2021-03-05 13:03:19", "elapsed": 6.640324, "delta": 0.054689}}
{"target": 0.2669442383211802, "params": {"T1": 0.1463855361231956, "T3": 0.06089840541636415, "T5": 0.07879487616242792, "U1": 17.22369667502315, "U5": 18.4431446576573}, "datetime": {"datetime": "2021-03-05 13:03:19", "elapsed": 6.693282, "delta": 0.052958}}
{"target": 0.12981753624697873, "params": {"T1": 0.08570678279166412, "T3": 0.09791927167442044, "T5": 0.06291140916788156, "U1": 12.25590734685187, "U5": 19.776386432791547}, "datetime": {"datetime": "2021-03-05 13:03:19", "elapsed": 6.744743, "delta": 0.051461}}
{"target": 0.13718625137372395, "params": {"T1": 0.12992234529080862, "T3": 0.05929368762485916, "T5": 0.0702162254723125, "U1": 14.235994749313948, "U5": 19.231606947908812}, "datetime": {"datetime": "2021-03-05 13:03:19", "elapsed": 6.796834, "delta": 0.052091}}
{"target": 0.27288143900220846, "params": {"T1": 0.13622148816361002, "T3": 0.10937735148777536, "T5": 0.12452322932792619, "U1": 14.908714899728562, "U5": 16.1905898673525}, "datetime": {"datetime": "2021-03-05 13:03:19", "elapsed": 6.853682, "delta": 0.056848}}
{"target": 0.3667167829143753, "params": {"T1": 0.06603350403393601, "T3": 0.10763100658708422, "T5": 0.08894130904390095, "U1": 16.662220361598482, "U5": 16.08881043512543}, "datetime": {"datetime": "2021-03-05 13:03:19", "elapsed": 6.905594, "delta": 0.051912}}
{"target": 0.3372413321470825, "params": {"T1": 0.1194045114852801, "T3": 0.0659503116113955, "T5": 0.06009359585680929, "U1": 13.978366812012368, "U5": 13.609271134215579}, "datetime": {"datetime": "2021-03-05 13:03:19", "elapsed": 6.958314, "delta": 0.05272}}
{"target": 0.22083829832477064, "params": {"T1": 0.12337913781646377, "T3": 0.05432694466524479, "T5": 0.09229408960359078, "U1": 17.97357202862989, "U5": 19.28320195307339}, "datetime": {"datetime": "2021-03-05 13:03:19", "elapsed": 7.010716, "delta": 0.052402}}
{"target": 0.3608535032478414, "params": {"T1": 0.06782973838321175, "T3": 0.10506337562302734, "T5": 0.11646567616070277, "U1": 13.447101147028093, "U5": 19.639026087339083}, "datetime": {"datetime": "2021-03-05 13:03:19", "elapsed": 7.063428, "delta": 0.052712}}
{"target": 0.4002325226022608, "params": {"T1": 0.09057327850492022, "T3": 0.08478446805074016, "T5": 0.1387838990040884, "U1": 13.019418416415327, "U5": 18.274635539478748}, "datetime": {"datetime": "2021-03-05 13:03:19", "elapsed": 7.117749, "delta": 0.054321}}
{"target": 0.4056168668837164, "params": {"T1": 0.12408261481677475, "T3": 0.11209626189211183, "T5": 0.10916696780697037, "U1": 15.964085686673748, "U5": 14.751645832359603}, "datetime": {"datetime": "2021-03-05 13:03:20", "elapsed": 7.173449, "delta": 0.0557}}
{"target": 0.5320540901074367, "params": {"T1": 0.09164373189423769, "T3": 0.14750048922567294, "T5": 0.10226780834475571, "U1": 18.809720050691954, "U5": 14.29463858904544}, "datetime": {"datetime": "2021-03-05 13:03:20", "elapsed": 7.227716, "delta": 0.054267}}
{"target": 0.1644835379800541, "params": {"T1": 0.14936246823656502, "T3": 0.1078020804461291, "T5": 0.055466246171652814, "U1": 19.68316446597024, "U5": 14.582258807203974}, "datetime": {"datetime": "2021-03-05 13:03:20", "elapsed": 7.280761, "delta": 0.053045}}
{"target": 0.38358703238595554, "params": {"T1": 0.08171626904842529, "T3": 0.10042454987247765, "T5": 0.06845624289396793, "U1": 17.828325191944376, "U5": 17.01565007729763}, "datetime": {"datetime": "2021-03-05 13:03:20", "elapsed": 7.332089, "delta": 0.051328}}
{"target": 0.3036458920410849, "params": {"T1": 0.07698508156070355, "T3": 0.12594420299302403, "T5": 0.132984036843887, "U1": 12.584076705212532, "U5": 12.596804309591793}, "datetime": {"datetime": "2021-03-05 13:03:20", "elapsed": 7.388799, "delta": 0.05671}}
{"target": 0.43281900400452883, "params": {"T1": 0.14545980804091618, "T3": 0.1395465241189363, "T5": 0.08751340534000591, "U1": 17.814663096091685, "U5": 17.957988624599242}, "datetime": {"datetime": "2021-03-05 13:03:20", "elapsed": 7.444583, "delta": 0.055784}}
{"target": 0.2777265715705264, "params": {"T1": 0.1483934442796559, "T3": 0.06506377138466776, "T5": 0.07774326854210208, "U1": 15.589968242187958, "U5": 18.973808557919966}, "datetime": {"datetime": "2021-03-05 13:03:20", "elapsed": 7.498147, "delta": 0.053564}}
{"target": 0.12173473963704973, "params": {"T1": 0.13834441655445556, "T3": 0.13116619331520496, "T5": 0.10894476874027291, "U1": 15.118036722478635, "U5": 16.435093496386237}, "datetime": {"datetime": "2021-03-05 13:03:20", "elapsed": 7.55472, "delta": 0.056573}}
{"target": 0.5557846975110735, "params": {"T1": 0.06742977903869797, "T3": 0.1318317167367293, "T5": 0.14938403242726753, "U1": 18.314725982699034, "U5": 19.18144300084857}, "datetime": {"datetime": "2021-03-05 13:03:20", "elapsed": 7.608286, "delta": 0.053566}}
{"target": 0.20547079676943122, "params": {"T1": 0.09624172798537814, "T3": 0.05550683621888028, "T5": 0.1064032210167235, "U1": 16.020402421137774, "U5": 18.175501407336743}, "datetime": {"datetime": "2021-03-05 13:03:20", "elapsed": 7.660694, "delta": 0.052408}}
{"target": 0.5704281942089875, "params": {"T1": 0.06857552132109287, "T3": 0.09424995862595796, "T5": 0.1295817636445179, "U1": 14.108024683054067, "U5": 14.79338899695354}, "datetime": {"datetime": "2021-03-05 13:03:20", "elapsed": 7.714477, "delta": 0.053783}}
{"target": 0.278597573125769, "params": {"T1": 0.06575039121381662, "T3": 0.1324594068983202, "T5": 0.14220171997678904, "U1": 19.014702456461936, "U5": 13.122837367496318}, "datetime": {"datetime": "2021-03-05 13:03:20", "elapsed": 7.770084, "delta": 0.055607}}
{"target": 0.2128992043738947, "params": {"T1": 0.09887189327494383, "T3": 0.08222861436552234, "T5": 0.14002990430135526, "U1": 17.575679223203007, "U5": 19.66030798816528}, "datetime": {"datetime": "2021-03-05 13:03:20", "elapsed": 7.823666, "delta": 0.053582}}
{"target": 0.18166386073975826, "params": {"T1": 0.12108775914656449, "T3": 0.13156241684596376, "T5": 0.0814941790671311, "U1": 12.120764435058476, "U5": 15.800416436979908}, "datetime": {"datetime": "2021-03-05 13:03:20", "elapsed": 7.879721, "delta": 0.056055}}
{"target": 0.7413507291712162, "params": {"T1": 0.11653042044934558, "T3": 0.07059427047225295, "T5": 0.09414322102940292, "U1": 16.789764510525693, "U5": 17.16154497359761}, "datetime": {"datetime": "2021-03-05 13:03:20", "elapsed": 7.932523, "delta": 0.052802}}
{"target": 0.24438443326307935, "params": {"T1": 0.07134032212120031, "T3": 0.05155237808465734, "T5": 0.10313941116160286, "U1": 15.92418664994402, "U5": 12.629427719834739}, "datetime": {"datetime": "2021-03-05 13:03:20", "elapsed": 7.98485, "delta": 0.052327}}
{"target": 0.16835553622674052, "params": {"T1": 0.10169486805400406, "T3": 0.0749280773149431, "T5": 0.07120282534836309, "U1": 15.010067261882547, "U5": 13.421684280522957}, "datetime": {"datetime": "2021-03-05 13:03:20", "elapsed": 8.03705, "delta": 0.0522}}
{"target": 0.635797872818749, "params": {"T1": 0.1161875966856515, "T3": 0.09964783535936272, "T5": 0.059905256122848, "U1": 19.190496850738196, "U5": 15.91034663454525}, "datetime": {"datetime": "2021-03-05 13:03:20", "elapsed": 8.089286, "delta": 0.052236}}
{"target": 0.2793359935098194, "params": {"T1": 0.09889038468142375, "T3": 0.13568742011369472, "T5": 0.14733426180162343, "U1": 13.372228977498224, "U5": 13.25322922722766}, "datetime": {"datetime": "2021-03-05 13:03:20", "elapsed": 8.147159, "delta": 0.057873}}
{"target": 0.2814186230296174, "params": {"T1": 0.07433809363460744, "T3": 0.09651190491824152, "T5": 0.0893999358107942, "U1": 15.931149688496454, "U5": 18.38552659186976}, "datetime": {"datetime": "2021-03-05 13:03:21", "elapsed": 8.198453, "delta": 0.051294}}
{"target": 0.4768183205218051, "params": {"T1": 0.08160451075158962, "T3": 0.14481121014372994, "T5": 0.10167360571930131, "U1": 18.624762395405412, "U5": 17.374886094428078}, "datetime": {"datetime": "2021-03-05 13:03:21", "elapsed": 8.251988, "delta": 0.053535}}
{"target": 0.2650425865791046, "params": {"T1": 0.10532706385557167, "T3": 0.06738123873697931, "T5": 0.14607713547406448, "U1": 12.463935178381144, "U5": 14.543732873223025}, "datetime": {"datetime": "2021-03-05 13:03:21", "elapsed": 8.30888, "delta": 0.056892}}
{"target": 0.23581397209671634, "params": {"T1": 0.07362680353724187, "T3": 0.10657520738541545, "T5": 0.14438220201028176, "U1": 13.524749433506575, "U5": 15.054524887999339}, "datetime": {"datetime": "2021-03-05 13:03:21", "elapsed": 8.364296, "delta": 0.055416}}
{"target": 0.30188573793925394, "params": {"T1": 0.08182374564496112, "T3": 0.14910216248640887, "T5": 0.06613871390314496, "U1": 12.57638963048808, "U5": 12.791054801594226}, "datetime": {"datetime": "2021-03-05 13:03:21", "elapsed": 8.418745, "delta": 0.054449}}
{"target": 0.2640270786003229, "params": {"T1": 0.14714549382969944, "T3": 0.09544199018849985, "T5": 0.13460847231370393, "U1": 12.582385734252071, "U5": 12.72612900057015}, "datetime": {"datetime": "2021-03-05 13:03:21", "elapsed": 8.477849, "delta": 0.059104}}
{"target": 0.2555366143712966, "params": {"T1": 0.07305872570742683, "T3": 0.07421273946569082, "T5": 0.07012850732113877, "U1": 18.08211558682507, "U5": 18.034068892981402}, "datetime": {"datetime": "2021-03-05 13:03:21", "elapsed": 8.528054, "delta": 0.050205}}
{"target": 0.4134271998712857, "params": {"T1": 0.11885250070337659, "T3": 0.1253271107243124, "T5": 0.13542476990924512, "U1": 14.189528260729977, "U5": 18.396383910616663}, "datetime": {"datetime": "2021-03-05 13:03:21", "elapsed": 8.58418, "delta": 0.056126}}
{"target": 0.28210721874966477, "params": {"T1": 0.11023726578720278, "T3": 0.06333231389972224, "T5": 0.11696489079961299, "U1": 13.229191942985379, "U5": 19.05970214750854}, "datetime": {"datetime": "2021-03-05 13:03:21", "elapsed": 8.638017, "delta": 0.053837}}
{"target": 0.4665664282313295, "params": {"T1": 0.05632933248877499, "T3": 0.13453884690084064, "T5": 0.07453747538795263, "U1": 14.74094173215919, "U5": 12.26939650652687}, "datetime": {"datetime": "2021-03-05 13:03:21", "elapsed": 8.690843, "delta": 0.052826}}
{"target": 0.18815174334247226, "params": {"T1": 0.07258946929628236, "T3": 0.09762343492522421, "T5": 0.06473387983996345, "U1": 15.135930618491031, "U5": 12.27185349659825}, "datetime": {"datetime": "2021-03-05 13:03:21", "elapsed": 8.742518, "delta": 0.051675}}
{"target": 0.1505055716576322, "params": {"T1": 0.11438635195713308, "T3": 0.093148023729387, "T5": 0.1356974479437278, "U1": 17.6174199405845, "U5": 19.503543031751455}, "datetime": {"datetime": "2021-03-05 13:03:21", "elapsed": 8.796813, "delta": 0.054295}}
{"target": 0.20902288617064052, "params": {"T1": 0.09920252810549215, "T3": 0.11322513692876143, "T5": 0.10119310931864192, "U1": 19.538801757278428, "U5": 15.505212664884159}, "datetime": {"datetime": "2021-03-05 13:03:21", "elapsed": 8.850453, "delta": 0.05364}}
