{"target": 0.2612972317141776, "params": {"T1": 0.09705534626505029, "T3": 0.11619533184405839, "T5": 0.1301631322893868, "U1": 15.375471422633751, "U5": 16.294493686250547}, "datetime": {"datetime": "2021-03-05 13:34:26", "elapsed": 1873.727881, "delta": 2.779861}}
{"target": 0.3895459062885247, "params": {"T1": 0.07111952363538493, "T3": 0.1372693263586825, "T5": 0.10126298398624553, "U1": 13.412591439457978, "U5": 14.545190726697871}, "datetime": {"datetime": "2021-03-05 13:34:29", "elapsed": 1876.747678, "delta": 3.019797}}
{"target": 0.3694080649168353, "params": {"T1": 0.11098305927943836, "T3": 0.08161914362209985, "T5": 0.06328460793256072, "U1": 17.939269989430002, "U5": 16.505478294068162}, "datetime": {"datetime": "2021-03-05 13:34:32", "elapsed": 1879.90204, "delta": 3.154362}}
{"target": 0.18633355609654048, "params": {"T1": 0.14347160754099567, "T3": 0.11914905763634263, "T5": 0.08977024796077769, "U1": 17.134466904258602, "U5": 13.029177638455492}, "datetime": {"datetime": "2021-03-05 13:34:43", "elapsed": 1890.532798, "delta": 10.630758}}
{"target": 0.6081963869790304, "params": {"T1": 0.0876074382282131, "T3": 0.11956747111855678, "T5": 0.05141329010031052, "U1": 18.045154882874762, "U5": 17.71704828746806}, "datetime": {"datetime": "2021-03-05 13:34:46", "elapsed": 1893.744016, "delta": 3.211218}}
{"target": 0.2567578931713585, "params": {"T1": 0.10959435479099222, "T3": 0.12885868162664482, "T5": 0.06437897925129422, "U1": 15.727648539783722, "U5": 13.123954405123323}, "datetime": {"datetime": "2021-03-05 13:34:52", "elapsed": 1900.15456, "delta": 6.410544}}
{"target": 0.17732930954542772, "params": {"T1": 0.11035564274447004, "T3": 0.1455365298972564, "T5": 0.08684366130182875, "U1": 12.698905568265708, "U5": 15.841686936827212}, "datetime": {"datetime": "2021-03-05 13:35:01", "elapsed": 1908.633468, "delta": 8.478908}}
{"target": 0.2354557193423776, "params": {"T1": 0.08885795526303865, "T3": 0.05554433854028593, "T5": 0.14364885879667183, "U1": 19.843459238455996, "U5": 15.994709156493501}, "datetime": {"datetime": "2021-03-05 13:35:04", "elapsed": 1911.66394, "delta": 3.030472}}
{"target": 0.23762558471695877, "params": {"T1": 0.12967699486500261, "T3": 0.14749737247072756, "T5": 0.09969649933613936, "U1": 19.084866470767658, "U5": 15.603501826233298}, "datetime": {"datetime": "2021-03-05 13:35:07", "elapsed": 1914.549601, "delta": 2.885661}}
{"target": 0.1700867110527405, "params": {"T1": 0.11132914260585634, "T3": 0.06343221718777985, "T5": 0.14663585871003498, "U1": 19.509142370885904, "U5": 15.167344517317972}, "datetime": {"datetime": "2021-03-05 13:35:10", "elapsed": 1917.67237, "delta": 3.122769}}
{"target": 0.24357818035744933, "params": {"T1": 0.05941477791673714, "T3": 0.12261562773349201, "T5": 0.07619263680398233, "U1": 19.238487053008964, "U5": 17.047152734045135}, "datetime": {"datetime": "2021-03-05 13:35:19", "elapsed": 1926.761756, "delta": 9.089386}}
{"target": 0.29164013152452817, "params": {"T1": 0.1159455934624115, "T3": 0.11998697321089426, "T5": 0.10561773737786634, "U1": 19.850650554844396, "U5": 19.988418809819187}, "datetime": {"datetime": "2021-03-05 13:35:25", "elapsed": 1932.183563, "delta": 5.421807}}
{"target": 0.18683272441698373, "params": {"T1": 0.09896035871976915, "T3": 0.05225409184421598, "T5": 0.05591045502004599, "U1": 12.059310135104056, "U5": 12.92277139208284}, "datetime": {"datetime": "2021-03-05 13:35:28", "elapsed": 1935.317378, "delta": 3.133815}}
{"target": 1.096791804922491, "params": {"T1": 0.0945297664419289, "T3": 0.13704654994110327, "T5": 0.08573541184897646, "U1": 19.82442556680671, "U5": 19.16821812743794}, "datetime": {"datetime": "2021-03-05 13:35:34", "elapsed": 1941.547474, "delta": 6.230096}}
{"target": 0.30893094184223396, "params": {"T1": 0.08860158967962725, "T3": 0.1473718982310367, "T5": 0.1320031564468897, "U1": 16.258268236682863, "U5": 19.55921192551189}, "datetime": {"datetime": "2021-03-05 13:35:37", "elapsed": 1944.601563, "delta": 3.054089}}
{"target": 0.2519052844941806, "params": {"T1": 0.1173626980023281, "T3": 0.06592355589021368, "T5": 0.09566132068928965, "U1": 13.197543010465402, "U5": 14.293955193907756}, "datetime": {"datetime": "2021-03-05 13:35:42", "elapsed": 1949.333515, "delta": 4.731952}}
{"target": 0.259282367302057, "params": {"T1": 0.07018612805952752, "T3": 0.13829372240712262, "T5": 0.06247074917031308, "U1": 15.690842355438155, "U5": 13.07410297624891}, "datetime": {"datetime": "2021-03-05 13:35:48", "elapsed": 1955.378736, "delta": 6.045221}}
{"target": 0.21115919274282088, "params": {"T1": 0.10751834090933227, "T3": 0.09004754995668843, "T5": 0.0588221489095512, "U1": 16.89218156499655, "U5": 17.490180242865332}, "datetime": {"datetime": "2021-03-05 13:35:55", "elapsed": 1962.634122, "delta": 7.255386}}
{"target": 0.3018581973523159, "params": {"T1": 0.052904199772590546, "T3": 0.10433780977822919, "T5": 0.14905784334080402, "U1": 13.063042988660133, "U5": 14.177625032042627}, "datetime": {"datetime": "2021-03-05 13:35:58", "elapsed": 1966.092806, "delta": 3.458684}}
{"target": 0.27676710947519023, "params": {"T1": 0.13712389093785493, "T3": 0.1452862459170623, "T5": 0.13323169849846528, "U1": 12.35051438444714, "U5": 12.967337112901635}, "datetime": {"datetime": "2021-03-05 13:36:02", "elapsed": 1969.237239, "delta": 3.144433}}
{"target": 0.6954706855642243, "params": {"T1": 0.06929977835960068, "T3": 0.10254875736263966, "T5": 0.08168622863214718, "U1": 14.822676145593949, "U5": 18.442945558689885}, "datetime": {"datetime": "2021-03-05 13:36:05", "elapsed": 1972.49514, "delta": 3.257901}}
{"target": 1.0133816055499658, "params": {"T1": 0.14815626365916082, "T3": 0.13786593189237248, "T5": 0.09765720907463127, "U1": 18.439206475170835, "U5": 16.408242469444208}, "datetime": {"datetime": "2021-03-05 13:36:08", "elapsed": 1976.084239, "delta": 3.589099}}
{"target": 0.15052586705772014, "params": {"T1": 0.05753961670557731, "T3": 0.07502625593101812, "T5": 0.07272500818606925, "U1": 19.954884544826122, "U5": 16.844289433913733}, "datetime": {"datetime": "2021-03-05 13:36:12", "elapsed": 1979.294829, "delta": 3.21059}}
{"target": 0.16534383829526958, "params": {"T1": 0.1125781672373648, "T3": 0.09889202004731537, "T5": 0.05068882255295137, "U1": 18.52841105294938, "U5": 13.303701988117567}, "datetime": {"datetime": "2021-03-05 13:36:18", "elapsed": 1985.724428, "delta": 6.429599}}
{"target": 0.3038025128719942, "params": {"T1": 0.08424895915800176, "T3": 0.07328271482154937, "T5": 0.1264306012396768, "U1": 16.610646532021534, "U5": 15.072858449636158}, "datetime": {"datetime": "2021-03-05 13:36:23", "elapsed": 1990.512304, "delta": 4.787876}}
{"target": 0.44390800898009786, "params": {"T1": 0.05341498480201734, "T3": 0.08591567957580128, "T5": 0.06400158276404226, "U1": 18.281795887714434, "U5": 18.068311344351564}, "datetime": {"datetime": "2021-03-05 13:36:36", "elapsed": 2003.401776, "delta": 12.889472}}
{"target": 0.47924950774668806, "params": {"T1": 0.07285565333933472, "T3": 0.10640473238603845, "T5": 0.08455392693768371, "U1": 19.379475483833634, "U5": 12.221955400316457}, "datetime": {"datetime": "2021-03-05 13:36:41", "elapsed": 2008.196514, "delta": 4.794738}}
{"target": 0.2643488067068302, "params": {"T1": 0.08965539708958506, "T3": 0.09812701005718649, "T5": 0.129085303728319, "U1": 12.453755005931125, "U5": 19.668053522825144}, "datetime": {"datetime": "2021-03-05 13:36:44", "elapsed": 2011.833826, "delta": 3.637312}}
{"target": 0.2782029203553323, "params": {"T1": 0.09483019094630996, "T3": 0.14042139939091583, "T5": 0.06217635714905374, "U1": 15.736704525252486, "U5": 13.124469571022715}, "datetime": {"datetime": "2021-03-05 13:36:49", "elapsed": 2016.652034, "delta": 4.818208}}
{"target": 0.18914192460551466, "params": {"T1": 0.06766277919638461, "T3": 0.05564561481462457, "T5": 0.1359723723794356, "U1": 18.6106693116557, "U5": 19.237286808434995}, "datetime": {"datetime": "2021-03-05 13:36:54", "elapsed": 2021.933909, "delta": 5.281875}}
{"target": 0.23090973462912237, "params": {"T1": 0.08314089605564164, "T3": 0.07006800190545501, "T5": 0.06704061768459692, "U1": 19.27250519690116, "U5": 19.6833763069174}, "datetime": {"datetime": "2021-03-05 13:36:59", "elapsed": 2026.40859, "delta": 4.474681}}
{"target": 0.25588109485141847, "params": {"T1": 0.07082586084548582, "T3": 0.1145679316205683, "T5": 0.11563170629924742, "U1": 12.240336388420044, "U5": 19.724360863420237}, "datetime": {"datetime": "2021-03-05 13:37:02", "elapsed": 2029.321152, "delta": 2.912562}}
{"target": 0.23251678596898082, "params": {"T1": 0.060696515084655844, "T3": 0.13190749040570665, "T5": 0.12592884623710454, "U1": 12.500926182129238, "U5": 14.329954079442514}, "datetime": {"datetime": "2021-03-05 13:37:07", "elapsed": 2034.76874, "delta": 5.447588}}
{"target": 0.46055702979225044, "params": {"T1": 0.09450859588144926, "T3": 0.07418460023295455, "T5": 0.10348868790179014, "U1": 13.287748535408856, "U5": 12.673575717836087}, "datetime": {"datetime": "2021-03-05 13:37:10", "elapsed": 2038.13982, "delta": 3.37108}}
{"target": 0.9792253606636395, "params": {"T1": 0.09256722846038672, "T3": 0.09261574438971573, "T5": 0.08180457314029595, "U1": 16.99165717993572, "U5": 19.263468234004584}, "datetime": {"datetime": "2021-03-05 13:37:13", "elapsed": 2041.142381, "delta": 3.002561}}
{"target": 0.31378818487909566, "params": {"T1": 0.10233136365135517, "T3": 0.08515634173831474, "T5": 0.09180483013277996, "U1": 12.70382466502102, "U5": 15.842308335078119}, "datetime": {"datetime": "2021-03-05 13:37:18", "elapsed": 2045.694213, "delta": 4.551832}}
{"target": 0.12788398467755516, "params": {"T1": 0.07642146961111515, "T3": 0.105907982734301, "T5": 0.0827467705576216, "U1": 14.832354005273018, "U5": 18.4684478374809}, "datetime": {"datetime": "2021-03-05 13:37:24", "elapsed": 2051.876632, "delta": 6.182419}}
{"target": 0.27480659052089196, "params": {"T1": 0.08404472685726341, "T3": 0.06057392243207408, "T5": 0.05166912308819606, "U1": 19.24281989535487, "U5": 14.78508738724922}, "datetime": {"datetime": "2021-03-05 13:37:27", "elapsed": 2055.170113, "delta": 3.293481}}
{"target": 0.18131723313007883, "params": {"T1": 0.05303234251232286, "T3": 0.08081638890475824, "T5": 0.05092326439680164, "U1": 14.987021987432374, "U5": 13.379699651347917}, "datetime": {"datetime": "2021-03-05 13:37:31", "elapsed": 2058.998522, "delta": 3.828409}}
{"target": 0.49654214863339746, "params": {"T1": 0.1214013151519581, "T3": 0.05676903088139606, "T5": 0.0763341580386678, "U1": 12.678916190123964, "U5": 17.440612686305997}, "datetime": {"datetime": "2021-03-05 13:37:34", "elapsed": 2061.881831, "delta": 2.883309}}
{"target": 0.28999925018258244, "params": {"T1": 0.08252103946077008, "T3": 0.11085602678405197, "T5": 0.07886812027237498, "U1": 14.523994129202471, "U5": 18.6380391648902}, "datetime": {"datetime": "2021-03-05 13:37:42", "elapsed": 2069.602818, "delta": 7.720987}}
{"target": 0.19300798760445503, "params": {"T1": 0.11752920042935475, "T3": 0.07933862656740975, "T5": 0.13139893999856744, "U1": 17.486231481108494, "U5": 17.280747587428138}, "datetime": {"datetime": "2021-03-05 13:37:45", "elapsed": 2072.931186, "delta": 3.328368}}
{"target": 0.39887369186903326, "params": {"T1": 0.09294923941678196, "T3": 0.13334322007440222, "T5": 0.14864963220540406, "U1": 16.474002310851958, "U5": 14.932838052925561}, "datetime": {"datetime": "2021-03-05 13:37:49", "elapsed": 2076.409714, "delta": 3.478528}}
{"target": 0.3306446959094153, "params": {"T1": 0.11253649807496888, "T3": 0.07937731264883487, "T5": 0.09771200991241973, "U1": 18.310551291166885, "U5": 13.872493247293235}, "datetime": {"datetime": "2021-03-05 13:37:53", "elapsed": 2081.08727, "delta": 4.677556}}
{"target": 0.26561106020591746, "params": {"T1": 0.10102478939782615, "T3": 0.10736673582219756, "T5": 0.13342599589679488, "U1": 17.793061663283915, "U5": 14.942258238768101}, "datetime": {"datetime": "2021-03-05 13:37:57", "elapsed": 2084.910129, "delta": 3.822859}}
{"target": 0.272809663317366, "params": {"T1": 0.09623054868675837, "T3": 0.11531879840239774, "T5": 0.08310304053385684, "U1": 18.538859295802645, "U5": 17.69474499273201}, "datetime": {"datetime": "2021-03-05 13:38:03", "elapsed": 2090.956789, "delta": 6.04666}}
{"target": 0.143380945458597, "params": {"T1": 0.10043027296336082, "T3": 0.0757043164922856, "T5": 0.13591808216754372, "U1": 19.06432644375882, "U5": 16.576186625325782}, "datetime": {"datetime": "2021-03-05 13:38:07", "elapsed": 2094.546614, "delta": 3.589825}}
{"target": 0.1550190258096232, "params": {"T1": 0.1388034223313513, "T3": 0.1111952285780187, "T5": 0.06501574324678086, "U1": 14.772065287503219, "U5": 13.418591891004883}, "datetime": {"datetime": "2021-03-05 13:38:10", "elapsed": 2097.84442, "delta": 3.297806}}
{"target": 0.2693865020196564, "params": {"T1": 0.07384474594310277, "T3": 0.12828847853968295, "T5": 0.10225231355696571, "U1": 18.897477053636898, "U5": 13.733488323991988}, "datetime": {"datetime": "2021-03-05 13:38:17", "elapsed": 2104.981891, "delta": 7.137471}}
{"target": 0.4208656106556951, "params": {"T1": 0.12123404318413893, "T3": 0.11708463519134522, "T5": 0.12373273716740914, "U1": 17.67896501950785, "U5": 13.638061491642095}, "datetime": {"datetime": "2021-03-05 13:38:22", "elapsed": 2109.628551, "delta": 4.64666}}
{"target": 0.5827591972258629, "params": {"T1": 0.12134923948445578, "T3": 0.11678995221097192, "T5": 0.09018072147177789, "U1": 17.388189075162053, "U5": 12.869837633574846}, "datetime": {"datetime": "2021-03-05 13:38:28", "elapsed": 2115.286091, "delta": 5.65754}}
{"target": 0.1536021511736281, "params": {"T1": 0.08344148562060041, "T3": 0.10124345838247062, "T5": 0.06368558605806889, "U1": 12.393789384284375, "U5": 12.313799705237265}, "datetime": {"datetime": "2021-03-05 13:38:31", "elapsed": 2118.934657, "delta": 3.648566}}
{"target": 0.3562247871756453, "params": {"T1": 0.07639997766056769, "T3": 0.13523958207512593, "T5": 0.12823929702216103, "U1": 19.884505936577337, "U5": 18.9895821989227}, "datetime": {"datetime": "2021-03-05 13:38:37", "elapsed": 2124.617733, "delta": 5.683076}}
{"target": 0.16169723043304104, "params": {"T1": 0.05659666276665857, "T3": 0.07831916705446355, "T5": 0.09142295027336436, "U1": 13.251219938279363, "U5": 15.34098606306313}, "datetime": {"datetime": "2021-03-05 13:38:41", "elapsed": 2128.232892, "delta": 3.615159}}
{"target": 0.1879310194129843, "params": {"T1": 0.08628409965214437, "T3": 0.11028214215302426, "T5": 0.12939548975866352, "U1": 18.26063155503938, "U5": 14.615993100308973}, "datetime": {"datetime": "2021-03-05 13:38:44", "elapsed": 2131.315764, "delta": 3.082872}}
{"target": 0.15436092654349892, "params": {"T1": 0.13044854232452535, "T3": 0.08197594330199925, "T5": 0.1417021465865944, "U1": 16.030041673984936, "U5": 18.108275952625824}, "datetime": {"datetime": "2021-03-05 13:38:50", "elapsed": 2137.509969, "delta": 6.194205}}
{"target": 0.2812785645488676, "params": {"T1": 0.10571238732294762, "T3": 0.10342368457384502, "T5": 0.13589099253132822, "U1": 14.13733390279771, "U5": 15.962421277477247}, "datetime": {"datetime": "2021-03-05 13:38:53", "elapsed": 2140.791373, "delta": 3.281404}}
{"target": 0.7329666468137517, "params": {"T1": 0.07402091735295249, "T3": 0.12845807313274232, "T5": 0.08290139464173338, "U1": 19.238612420872727, "U5": 17.037042286399036}, "datetime": {"datetime": "2021-03-05 13:39:00", "elapsed": 2147.528118, "delta": 6.736745}}
{"target": 0.7622859666845975, "params": {"T1": 0.1460240794522658, "T3": 0.14906653232618172, "T5": 0.05714199625692493, "U1": 17.11409976868361, "U5": 13.049869994043153}, "datetime": {"datetime": "2021-03-05 13:39:03", "elapsed": 2150.871058, "delta": 3.34294}}
{"target": 0.39225044794824127, "params": {"T1": 0.1166636896188285, "T3": 0.073412742851128, "T5": 0.08239828767069557, "U1": 16.80561241395266, "U5": 17.162957462759763}, "datetime": {"datetime": "2021-03-05 13:39:12", "elapsed": 2159.469048, "delta": 8.59799}}
{"target": 0.5934078922466535, "params": {"T1": 0.08013274743093438, "T3": 0.12257465669705009, "T5": 0.1056056316342163, "U1": 18.369047362435396, "U5": 12.085639267591967}, "datetime": {"datetime": "2021-03-05 13:39:15", "elapsed": 2162.640867, "delta": 3.171819}}
{"target": 0.3704181081381298, "params": {"T1": 0.057597704390285526, "T3": 0.14960518394990976, "T5": 0.14593557192122675, "U1": 15.067271797269855, "U5": 15.66195884368189}, "datetime": {"datetime": "2021-03-05 13:39:19", "elapsed": 2166.84655, "delta": 4.205683}}
{"target": 0.132776498595278, "params": {"T1": 0.1177342858599685, "T3": 0.08455819535414184, "T5": 0.1158788851191369, "U1": 14.580013521705627, "U5": 16.650627006506227}, "datetime": {"datetime": "2021-03-05 13:39:22", "elapsed": 2170.00858, "delta": 3.16203}}
{"target": 0.33467795481864254, "params": {"T1": 0.14757869755058312, "T3": 0.10541259383626511, "T5": 0.12175930248143202, "U1": 16.282748732339037, "U5": 18.138645871179165}, "datetime": {"datetime": "2021-03-05 13:39:25", "elapsed": 2173.032665, "delta": 3.024085}}
{"target": 0.42162079413211107, "params": {"T1": 0.07306833765967947, "T3": 0.12350997422334316, "T5": 0.0786349634242404, "U1": 14.690095808140072, "U5": 17.097803567808395}, "datetime": {"datetime": "2021-03-05 13:39:29", "elapsed": 2176.444203, "delta": 3.411538}}
{"target": 0.13097763563273074, "params": {"T1": 0.05446083694031867, "T3": 0.06704269443724299, "T5": 0.10184675225796802, "U1": 18.426058801293667, "U5": 18.912334830277814}, "datetime": {"datetime": "2021-03-05 13:39:33", "elapsed": 2180.275234, "delta": 3.831031}}
{"target": 0.29235181192374216, "params": {"T1": 0.07129234279574789, "T3": 0.12646698613903526, "T5": 0.1495244365743093, "U1": 17.310743329129583, "U5": 12.837105748359338}, "datetime": {"datetime": "2021-03-05 13:39:36", "elapsed": 2183.899807, "delta": 3.624573}}
{"target": 0.142386522191906, "params": {"T1": 0.08724358850548218, "T3": 0.05402032391115278, "T5": 0.07102109060562178, "U1": 16.644600588202845, "U5": 15.331985512254224}, "datetime": {"datetime": "2021-03-05 13:39:40", "elapsed": 2187.489768, "delta": 3.589961}}
{"target": 0.3093142146900557, "params": {"T1": 0.0870388923616139, "T3": 0.12319155000639398, "T5": 0.07097621458775037, "U1": 18.832509873235246, "U5": 13.801235280890157}, "datetime": {"datetime": "2021-03-05 13:39:45", "elapsed": 2193.142051, "delta": 5.652283}}
{"target": 0.3311922759377256, "params": {"T1": 0.1405134751453896, "T3": 0.050791304034686784, "T5": 0.06016607459403389, "U1": 14.755700822535244, "U5": 12.41950383156937}, "datetime": {"datetime": "2021-03-05 13:39:49", "elapsed": 2196.284854, "delta": 3.142803}}
{"target": 0.45340725637140794, "params": {"T1": 0.11991861743949991, "T3": 0.14698640929881956, "T5": 0.07291957821256803, "U1": 18.817019845030934, "U5": 17.782137265126178}, "datetime": {"datetime": "2021-03-05 13:39:52", "elapsed": 2200.078465, "delta": 3.793611}}
{"target": 0.3089240337614641, "params": {"T1": 0.07445978693282643, "T3": 0.13063225741851503, "T5": 0.10623530757426894, "U1": 19.26822913962111, "U5": 19.19576318391745}, "datetime": {"datetime": "2021-03-05 13:39:58", "elapsed": 2206.085597, "delta": 6.007132}}
{"target": 0.1765071234112997, "params": {"T1": 0.08812767494797018, "T3": 0.12262512529253028, "T5": 0.08304181135595172, "U1": 17.082171510965328, "U5": 16.172040021542447}, "datetime": {"datetime": "2021-03-05 13:40:02", "elapsed": 2209.371357, "delta": 3.28576}}
{"target": 0.14515670611738493, "params": {"T1": 0.06390623026224579, "T3": 0.07193474890136763, "T5": 0.06787170942284493, "U1": 16.528299381287624, "U5": 17.331151287308693}, "datetime": {"datetime": "2021-03-05 13:40:05", "elapsed": 2212.485585, "delta": 3.114228}}
{"target": 0.1589997939754089, "params": {"T1": 0.05104855388740707, "T3": 0.10987597195214564, "T5": 0.13109430572163164, "U1": 16.326757113426698, "U5": 18.26905092391133}, "datetime": {"datetime": "2021-03-05 13:40:08", "elapsed": 2215.939885, "delta": 3.4543}}
{"target": 0.26016583886916944, "params": {"T1": 0.10767208597379621, "T3": 0.12193814346218716, "T5": 0.07283594129611982, "U1": 14.537717235393124, "U5": 18.611392045139638}, "datetime": {"datetime": "2021-03-05 13:40:15", "elapsed": 2222.574094, "delta": 6.634209}}
{"target": 0.41264802057845806, "params": {"T1": 0.05850844686166038, "T3": 0.13553116915973842, "T5": 0.07004824733199408, "U1": 19.20098998278815, "U5": 17.06530286195063}, "datetime": {"datetime": "2021-03-05 13:40:22", "elapsed": 2229.429847, "delta": 6.855753}}
{"target": 0.26778433678563446, "params": {"T1": 0.14601917963053598, "T3": 0.14725212724760817, "T5": 0.056375371162103095, "U1": 14.62467962077745, "U5": 18.330072325943124}, "datetime": {"datetime": "2021-03-05 13:40:26", "elapsed": 2234.032331, "delta": 4.602484}}
{"target": 0.12856105114850605, "params": {"T1": 0.054746494580583484, "T3": 0.07507298546946943, "T5": 0.06793086849651538, "U1": 13.686704208407297, "U5": 19.74254461609243}, "datetime": {"datetime": "2021-03-05 13:40:30", "elapsed": 2237.708063, "delta": 3.675732}}
{"target": 0.26589857669889927, "params": {"T1": 0.06392760272209565, "T3": 0.13920908411830885, "T5": 0.07994888591953526, "U1": 13.65161123461227, "U5": 13.974460566536003}, "datetime": {"datetime": "2021-03-05 13:40:33", "elapsed": 2241.108041, "delta": 3.399978}}
{"target": 0.30065498047670386, "params": {"T1": 0.07942890539296613, "T3": 0.09490832443269695, "T5": 0.11714064777568335, "U1": 14.763323257048231, "U5": 14.190435366536805}, "datetime": {"datetime": "2021-03-05 13:40:37", "elapsed": 2244.784842, "delta": 3.676801}}
{"target": 0.15879687215731988, "params": {"T1": 0.10228561594641916, "T3": 0.08200528875437836, "T5": 0.11737326657185018, "U1": 14.494489014878098, "U5": 14.759122683294656}, "datetime": {"datetime": "2021-03-05 13:40:41", "elapsed": 2248.607158, "delta": 3.822316}}
