{"target": 0.2821989635059441, "params": {"T1": 0.13697772654791857, "T3": 0.09873112876568976, "T5": 0.1352905413540068, "U1": 15.348356661452549, "U5": 19.281890285250853}, "datetime": {"datetime": "2021-03-05 14:20:52", "elapsed": 4659.372835, "delta": 7.493803}}
{"target": 0.2967465390995548, "params": {"T1": 0.117781102564177, "T3": 0.06782718601562558, "T5": 0.08287398178601765, "U1": 18.947979534232854, "U5": 14.856213313178044}, "datetime": {"datetime": "2021-03-05 14:20:59", "elapsed": 4666.967684, "delta": 7.594849}}
{"target": 0.30869413088721553, "params": {"T1": 0.11311743047768684, "T3": 0.07907506759630481, "T5": 0.05478153073144879, "U1": 19.48931225555909, "U5": 18.41419095364003}, "datetime": {"datetime": "2021-03-05 14:21:05", "elapsed": 4673.118689, "delta": 6.151005}}
{"target": 0.18317460178433195, "params": {"T1": 0.05701412629710798, "T3": 0.07687414427091592, "T5": 0.1344046334891459, "U1": 17.061362379115728, "U5": 15.21896122651669}, "datetime": {"datetime": "2021-03-05 14:21:11", "elapsed": 4678.803144, "delta": 5.684455}}
{"target": 0.2307240069274393, "params": {"T1": 0.09941595922781546, "T3": 0.06649654597577556, "T5": 0.10627978819304261, "U1": 17.15240147320265, "U5": 15.937150042820686}, "datetime": {"datetime": "2021-03-05 14:21:19", "elapsed": 4686.469477, "delta": 7.666333}}
{"target": 0.2057924031726252, "params": {"T1": 0.07126504053233076, "T3": 0.07099894093871319, "T5": 0.10107995677111092, "U1": 15.2058500732429, "U5": 19.268781367688874}, "datetime": {"datetime": "2021-03-05 14:21:26", "elapsed": 4693.298698, "delta": 6.829221}}
{"target": 0.27201420964798756, "params": {"T1": 0.06821708070721771, "T3": 0.14884833772632555, "T5": 0.11996809654701288, "U1": 16.923222901844007, "U5": 13.412452981689238}, "datetime": {"datetime": "2021-03-05 14:21:31", "elapsed": 4699.105969, "delta": 5.807271}}
{"target": 0.17157900634059906, "params": {"T1": 0.12059253909286657, "T3": 0.07514898744653785, "T5": 0.09370330834325262, "U1": 16.35374598876353, "U5": 14.819698703062892}, "datetime": {"datetime": "2021-03-05 14:21:38", "elapsed": 4705.466948, "delta": 6.360979}}
{"target": 0.1351953205553824, "params": {"T1": 0.12642920833249663, "T3": 0.1292651796265164, "T5": 0.12603140095921989, "U1": 15.226612553379244, "U5": 16.369328004861416}, "datetime": {"datetime": "2021-03-05 14:21:44", "elapsed": 4711.433776, "delta": 5.966828}}
{"target": 0.20503256955067733, "params": {"T1": 0.09943655391487466, "T3": 0.06575874165137525, "T5": 0.11654086127253474, "U1": 16.146721161096792, "U5": 12.375872458702467}, "datetime": {"datetime": "2021-03-05 14:21:51", "elapsed": 4719.130849, "delta": 7.697073}}
{"target": 0.22133078842365833, "params": {"T1": 0.14006997880660155, "T3": 0.13038884809031287, "T5": 0.137965397698254, "U1": 12.348848417019006, "U5": 19.68631773717962}, "datetime": {"datetime": "2021-03-05 14:21:58", "elapsed": 4725.550339, "delta": 6.41949}}
{"target": 0.8156392463855235, "params": {"T1": 0.12267581445537631, "T3": 0.10328437282293262, "T5": 0.06322374715885795, "U1": 17.58627446825038, "U5": 18.02713918109548}, "datetime": {"datetime": "2021-03-05 14:22:04", "elapsed": 4732.001905, "delta": 6.451566}}
{"target": 0.4112435402472426, "params": {"T1": 0.12113084429419066, "T3": 0.06359518915407726, "T5": 0.08033645084996498, "U1": 17.102759244561767, "U5": 18.66632121182747}, "datetime": {"datetime": "2021-03-05 14:22:10", "elapsed": 4737.177112, "delta": 5.175207}}
{"target": 0.2990257101387207, "params": {"T1": 0.10681250217449192, "T3": 0.06579530312659021, "T5": 0.11951633975979734, "U1": 16.471962896224415, "U5": 14.302224908519971}, "datetime": {"datetime": "2021-03-05 14:22:16", "elapsed": 4743.866165, "delta": 6.689053}}
{"target": 0.21063144574322956, "params": {"T1": 0.14312350006296415, "T3": 0.11886831397922876, "T5": 0.12886905095281415, "U1": 18.107181799435377, "U5": 14.746445811993384}, "datetime": {"datetime": "2021-03-05 14:22:24", "elapsed": 4751.939928, "delta": 8.073763}}
{"target": 0.19000011269793798, "params": {"T1": 0.11803330220653978, "T3": 0.08997606669727834, "T5": 0.052531037672494986, "U1": 14.06405170484911, "U5": 12.0135113380497}, "datetime": {"datetime": "2021-03-05 14:22:30", "elapsed": 4757.604086, "delta": 5.664158}}
{"target": 0.2582350224464451, "params": {"T1": 0.07616370803844755, "T3": 0.14861076354426608, "T5": 0.14931842588360045, "U1": 13.680278092664453, "U5": 17.33621422801674}, "datetime": {"datetime": "2021-03-05 14:22:36", "elapsed": 4763.422388, "delta": 5.818302}}
{"target": 0.24497176699916445, "params": {"T1": 0.06682381211099275, "T3": 0.11142076763131141, "T5": 0.12396508140169264, "U1": 15.479475575061183, "U5": 17.592660269982357}, "datetime": {"datetime": "2021-03-05 14:22:42", "elapsed": 4769.384177, "delta": 5.961789}}
{"target": 0.5721980622780499, "params": {"T1": 0.06030844827730367, "T3": 0.13753470814547192, "T5": 0.08386508402348775, "U1": 18.48630603788461, "U5": 15.140305590130385}, "datetime": {"datetime": "2021-03-05 14:22:53", "elapsed": 4780.285892, "delta": 10.901715}}
{"target": 0.23934314145460137, "params": {"T1": 0.09322910197277154, "T3": 0.08656441321102995, "T5": 0.06410042923978013, "U1": 18.53370908743484, "U5": 13.309058838832915}, "datetime": {"datetime": "2021-03-05 14:23:03", "elapsed": 4790.717365, "delta": 10.431473}}
{"target": 0.20570492057035641, "params": {"T1": 0.07382572913971229, "T3": 0.10131790627406966, "T5": 0.10833482028971494, "U1": 17.976415285720705, "U5": 16.854493447146318}, "datetime": {"datetime": "2021-03-05 14:23:10", "elapsed": 4797.677367, "delta": 6.960002}}
{"target": 0.22418858393520985, "params": {"T1": 0.1477728772560026, "T3": 0.13522634983552756, "T5": 0.11137866830641635, "U1": 13.74416234801867, "U5": 15.740203607543464}, "datetime": {"datetime": "2021-03-05 14:23:16", "elapsed": 4804.00584, "delta": 6.328473}}
{"target": 0.19731289844351094, "params": {"T1": 0.07708395760028836, "T3": 0.0591250945188001, "T5": 0.11264931364343701, "U1": 17.696410997090307, "U5": 17.88271956239555}, "datetime": {"datetime": "2021-03-05 14:23:23", "elapsed": 4810.551504, "delta": 6.545664}}
{"target": 0.17722272726525962, "params": {"T1": 0.05152176152203826, "T3": 0.11472127740318806, "T5": 0.08766197876883258, "U1": 17.540808579925955, "U5": 16.56122810333354}, "datetime": {"datetime": "2021-03-05 14:23:35", "elapsed": 4822.191029, "delta": 11.639525}}
{"target": 0.29638639672756134, "params": {"T1": 0.13438997335665576, "T3": 0.05009264885701068, "T5": 0.08849355083910537, "U1": 12.591723936638813, "U5": 12.35824107683993}, "datetime": {"datetime": "2021-03-05 14:23:41", "elapsed": 4828.767086, "delta": 6.576057}}
{"target": 0.18384538810511403, "params": {"T1": 0.09196717937468188, "T3": 0.139869478140081, "T5": 0.08698746039272792, "U1": 14.0247888223405, "U5": 16.382468937168724}, "datetime": {"datetime": "2021-03-05 14:23:54", "elapsed": 4841.260303, "delta": 12.493217}}
{"target": 0.15444452442314185, "params": {"T1": 0.13873865061894275, "T3": 0.13840554888297818, "T5": 0.13580034148578157, "U1": 17.500391472400327, "U5": 13.321359624863714}, "datetime": {"datetime": "2021-03-05 14:24:01", "elapsed": 4848.497562, "delta": 7.237259}}
{"target": 0.27314456187100056, "params": {"T1": 0.1130340887149114, "T3": 0.096954156593582, "T5": 0.14658211675366103, "U1": 12.423266828564206, "U5": 18.13492249690826}, "datetime": {"datetime": "2021-03-05 14:24:07", "elapsed": 4854.547964, "delta": 6.050402}}
{"target": 0.2888199029712845, "params": {"T1": 0.1102819246280993, "T3": 0.09197818680618869, "T5": 0.11074524839181463, "U1": 14.841182075527197, "U5": 14.761626983668862}, "datetime": {"datetime": "2021-03-05 14:24:15", "elapsed": 4862.952267, "delta": 8.404303}}
{"target": 0.1509419416606174, "params": {"T1": 0.09661319965963819, "T3": 0.11518137963197356, "T5": 0.07519855219472589, "U1": 15.120225992496415, "U5": 17.358688332792727}, "datetime": {"datetime": "2021-03-05 14:24:23", "elapsed": 4870.333673, "delta": 7.381406}}
{"target": 0.31581945619853036, "params": {"T1": 0.12222541415892897, "T3": 0.09231440793020382, "T5": 0.13291043862692903, "U1": 14.097854451906896, "U5": 18.94997833736698}, "datetime": {"datetime": "2021-03-05 14:24:28", "elapsed": 4875.918743, "delta": 5.58507}}
{"target": 0.32298739599593007, "params": {"T1": 0.14287090324793966, "T3": 0.0612003968954621, "T5": 0.06696987992185668, "U1": 19.958545667113313, "U5": 19.148473362520846}, "datetime": {"datetime": "2021-03-05 14:24:39", "elapsed": 4886.43703, "delta": 10.518287}}
{"target": 0.43357035371997854, "params": {"T1": 0.09537840955927152, "T3": 0.1068235149743132, "T5": 0.11954489508939815, "U1": 14.771812671996766, "U5": 13.755247191228081}, "datetime": {"datetime": "2021-03-05 14:24:45", "elapsed": 4893.054966, "delta": 6.617936}}
{"target": 0.2395783739593223, "params": {"T1": 0.09158949331623853, "T3": 0.06645957336026723, "T5": 0.10259900562066947, "U1": 16.857738797445045, "U5": 14.27728966951902}, "datetime": {"datetime": "2021-03-05 14:24:51", "elapsed": 4899.028072, "delta": 5.973106}}
{"target": 0.13352805922980132, "params": {"T1": 0.05679947699940205, "T3": 0.061069351837825275, "T5": 0.08212101828459765, "U1": 15.309367691994577, "U5": 17.427520713730868}, "datetime": {"datetime": "2021-03-05 14:24:59", "elapsed": 4906.316723, "delta": 7.288651}}
{"target": 0.32994677565576996, "params": {"T1": 0.06711732173150702, "T3": 0.12834069204641296, "T5": 0.07604938585843045, "U1": 15.069555225800642, "U5": 18.53046017941879}, "datetime": {"datetime": "2021-03-05 14:25:09", "elapsed": 4916.274238, "delta": 9.957515}}
{"target": 0.3213449432442512, "params": {"T1": 0.11493151214630125, "T3": 0.14728152100496505, "T5": 0.08569399129408731, "U1": 12.618470874824816, "U5": 14.84778398388329}, "datetime": {"datetime": "2021-03-05 14:25:18", "elapsed": 4925.655638, "delta": 9.3814}}
{"target": 0.3736185886873969, "params": {"T1": 0.056479330894369156, "T3": 0.13365740625763226, "T5": 0.12901133376525611, "U1": 17.63747513720737, "U5": 18.131169075007158}, "datetime": {"datetime": "2021-03-05 14:25:24", "elapsed": 4931.485607, "delta": 5.829969}}
{"target": 0.303684247122246, "params": {"T1": 0.12460855582952224, "T3": 0.07133724382802509, "T5": 0.08708979882363908, "U1": 17.120660983152806, "U5": 18.67441004468831}, "datetime": {"datetime": "2021-03-05 14:25:34", "elapsed": 4941.657728, "delta": 10.172121}}
{"target": 0.18366849581464062, "params": {"T1": 0.09884570568206577, "T3": 0.0620908676051954, "T5": 0.05550579248204192, "U1": 17.148080067523356, "U5": 14.678261458682854}, "datetime": {"datetime": "2021-03-05 14:25:41", "elapsed": 4948.736421, "delta": 7.078693}}
{"target": 0.1670949879354503, "params": {"T1": 0.05511042405345084, "T3": 0.10974702382630751, "T5": 0.13661483166272698, "U1": 19.062469291881566, "U5": 14.090956315528874}, "datetime": {"datetime": "2021-03-05 14:25:47", "elapsed": 4954.833756, "delta": 6.097335}}
{"target": 0.48493826199981543, "params": {"T1": 0.07121154514552949, "T3": 0.05470278124750399, "T5": 0.07271987537589855, "U1": 19.586876620154733, "U5": 12.248438981592276}, "datetime": {"datetime": "2021-03-05 14:25:54", "elapsed": 4961.782231, "delta": 6.948475}}
{"target": 0.1675487057426412, "params": {"T1": 0.09247467859737515, "T3": 0.09281150157624446, "T5": 0.0579755682073943, "U1": 15.172801119253982, "U5": 18.267571872466824}, "datetime": {"datetime": "2021-03-05 14:26:06", "elapsed": 4973.567672, "delta": 11.785441}}
{"target": 0.31129679571378327, "params": {"T1": 0.10348010925225917, "T3": 0.09505754783258233, "T5": 0.09721498713666893, "U1": 19.717488835533675, "U5": 12.707299571900764}, "datetime": {"datetime": "2021-03-05 14:26:21", "elapsed": 4988.869629, "delta": 15.301957}}
{"target": 0.29769665921144617, "params": {"T1": 0.10424525124395911, "T3": 0.0562237609714236, "T5": 0.1266151206764496, "U1": 14.923173964916536, "U5": 15.122035555350244}, "datetime": {"datetime": "2021-03-05 14:26:27", "elapsed": 4995.123422, "delta": 6.253793}}
{"target": 0.7842714979545814, "params": {"T1": 0.08813451457274096, "T3": 0.11020419540637315, "T5": 0.09243633231117679, "U1": 16.0891909840972, "U5": 12.693145017441939}, "datetime": {"datetime": "2021-03-05 14:26:34", "elapsed": 5001.530716, "delta": 6.407294}}
{"target": 0.22044258486418722, "params": {"T1": 0.08107728542633141, "T3": 0.14651128437954342, "T5": 0.0988261905098535, "U1": 15.016881536537525, "U5": 18.353330422927648}, "datetime": {"datetime": "2021-03-05 14:26:43", "elapsed": 5010.326435, "delta": 8.795719}}
{"target": 0.47126028822109134, "params": {"T1": 0.07002447282182264, "T3": 0.1153933534116233, "T5": 0.1395639491087271, "U1": 12.342346110147368, "U5": 18.1135480645999}, "datetime": {"datetime": "2021-03-05 14:26:51", "elapsed": 5018.733688, "delta": 8.407253}}
{"target": 0.29404660859344856, "params": {"T1": 0.13318895521510205, "T3": 0.054623612776541125, "T5": 0.12710746980380716, "U1": 15.443802808560719, "U5": 16.039496093556707}, "datetime": {"datetime": "2021-03-05 14:27:00", "elapsed": 5027.44413, "delta": 8.710442}}
{"target": 0.20701643311292617, "params": {"T1": 0.06007565737864769, "T3": 0.06471294391158547, "T5": 0.06726526192632143, "U1": 19.44300460705965, "U5": 12.973733285236897}, "datetime": {"datetime": "2021-03-05 14:27:07", "elapsed": 5034.204511, "delta": 6.760381}}
{"target": 0.5434072479239125, "params": {"T1": 0.06439685569607047, "T3": 0.14632612422686603, "T5": 0.06424607628782034, "U1": 13.870997364512712, "U5": 16.192423904735424}, "datetime": {"datetime": "2021-03-05 14:27:14", "elapsed": 5041.715613, "delta": 7.511102}}
{"target": 0.4845528321096935, "params": {"T1": 0.06381824223076907, "T3": 0.139608547610902, "T5": 0.07385309610542248, "U1": 13.939904284504058, "U5": 12.573851886578026}, "datetime": {"datetime": "2021-03-05 14:27:20", "elapsed": 5047.36607, "delta": 5.650457}}
{"target": 0.15481726043037752, "params": {"T1": 0.12604172318397155, "T3": 0.10112418242443336, "T5": 0.09885846686882742, "U1": 17.815301548692425, "U5": 17.912707281429697}, "datetime": {"datetime": "2021-03-05 14:27:28", "elapsed": 5055.504682, "delta": 8.138612}}
{"target": 0.13215633628922618, "params": {"T1": 0.08085675228690196, "T3": 0.06380864940319421, "T5": 0.13756449450757727, "U1": 19.118206422094858, "U5": 14.941676290920139}, "datetime": {"datetime": "2021-03-05 14:27:34", "elapsed": 5061.700058, "delta": 6.195376}}
{"target": 0.2276839984611659, "params": {"T1": 0.08793680597775236, "T3": 0.12926286873286386, "T5": 0.07551380582617201, "U1": 13.721134037137514, "U5": 19.28418809522467}, "datetime": {"datetime": "2021-03-05 14:27:45", "elapsed": 5073.134547, "delta": 11.434489}}
{"target": 0.41680789820729885, "params": {"T1": 0.06412462978913797, "T3": 0.1112947457649888, "T5": 0.0662473999934846, "U1": 14.832785313696188, "U5": 18.43699410408166}, "datetime": {"datetime": "2021-03-05 14:27:56", "elapsed": 5083.920479, "delta": 10.785932}}
{"target": 0.3645243156741301, "params": {"T1": 0.1075120748385594, "T3": 0.11905406136412311, "T5": 0.08158852165502717, "U1": 18.54961968632459, "U5": 17.673006705587035}, "datetime": {"datetime": "2021-03-05 14:28:12", "elapsed": 5099.718132, "delta": 15.797653}}
{"target": 0.24057416498058734, "params": {"T1": 0.0929860152765464, "T3": 0.08844589856421628, "T5": 0.10623775427708915, "U1": 14.762619733674864, "U5": 13.760217347401909}, "datetime": {"datetime": "2021-03-05 14:28:22", "elapsed": 5109.660974, "delta": 9.942842}}
{"target": 0.24537279095790818, "params": {"T1": 0.09506568526912379, "T3": 0.060737125815919085, "T5": 0.08298816632509357, "U1": 17.218472109813817, "U5": 14.17891645952012}, "datetime": {"datetime": "2021-03-05 14:28:28", "elapsed": 5115.965715, "delta": 6.304741}}
{"target": 0.5091602781816562, "params": {"T1": 0.08471510946806368, "T3": 0.11561505649603815, "T5": 0.09515769911906202, "U1": 17.182247703521195, "U5": 16.50674131176953}, "datetime": {"datetime": "2021-03-05 14:28:35", "elapsed": 5122.650142, "delta": 6.684427}}
{"target": 0.49903118168906513, "params": {"T1": 0.09624116466100047, "T3": 0.13135570988124667, "T5": 0.10026606925118109, "U1": 18.627523413508786, "U5": 17.39602343088206}, "datetime": {"datetime": "2021-03-05 14:28:50", "elapsed": 5137.699654, "delta": 15.049512}}
{"target": 0.1312310780919158, "params": {"T1": 0.10388880593931724, "T3": 0.13237725082016025, "T5": 0.09186353360395748, "U1": 14.977882757672358, "U5": 18.116828829474418}, "datetime": {"datetime": "2021-03-05 14:28:57", "elapsed": 5144.583565, "delta": 6.883911}}
{"target": 0.1892289367356313, "params": {"T1": 0.14368671389310889, "T3": 0.14522855903613602, "T5": 0.06967997849729628, "U1": 15.506008837639591, "U5": 18.193716275537426}, "datetime": {"datetime": "2021-03-05 14:29:04", "elapsed": 5151.780055, "delta": 7.19649}}
{"target": 0.3145050515615271, "params": {"T1": 0.06371970366152435, "T3": 0.06117254749727583, "T5": 0.10697342481248381, "U1": 17.781370784186677, "U5": 13.150642026829143}, "datetime": {"datetime": "2021-03-05 14:29:10", "elapsed": 5157.746113, "delta": 5.966058}}
{"target": 0.29220707559986697, "params": {"T1": 0.09972380069881587, "T3": 0.06284941139903408, "T5": 0.057001459334804286, "U1": 13.437574179135261, "U5": 14.315532343775882}, "datetime": {"datetime": "2021-03-05 14:29:16", "elapsed": 5164.132523, "delta": 6.38641}}
{"target": 0.1587432867942675, "params": {"T1": 0.11026542342891815, "T3": 0.1445502118312382, "T5": 0.07606618125962925, "U1": 12.530526498578915, "U5": 12.843690491542963}, "datetime": {"datetime": "2021-03-05 14:29:24", "elapsed": 5171.482136, "delta": 7.349613}}
{"target": 0.24250531468417072, "params": {"T1": 0.0730101105180486, "T3": 0.050348915533243804, "T5": 0.11076611949128859, "U1": 14.18488961408206, "U5": 15.299049800117892}, "datetime": {"datetime": "2021-03-05 14:29:34", "elapsed": 5182.094735, "delta": 10.612599}}
{"target": 0.14212082040589663, "params": {"T1": 0.14528769066162045, "T3": 0.05811069672549001, "T5": 0.13583137454284264, "U1": 13.637395780232804, "U5": 14.157993575557423}, "datetime": {"datetime": "2021-03-05 14:29:40", "elapsed": 5187.962576, "delta": 5.867841}}
{"target": 0.4793918128846415, "params": {"T1": 0.0941974438830708, "T3": 0.14012411892247795, "T5": 0.051237088593136984, "U1": 13.724199499400484, "U5": 19.28145328512594}, "datetime": {"datetime": "2021-03-05 14:29:49", "elapsed": 5196.827175, "delta": 8.864599}}
{"target": 0.3269810392007324, "params": {"T1": 0.05238849748486836, "T3": 0.07520225902786129, "T5": 0.12707079693163456, "U1": 17.738652047992574, "U5": 12.800633203691808}, "datetime": {"datetime": "2021-03-05 14:29:55", "elapsed": 5203.104073, "delta": 6.276898}}
{"target": 0.2915756902278796, "params": {"T1": 0.07537906558690158, "T3": 0.08832841134740019, "T5": 0.09508646914294597, "U1": 12.694289855885538, "U5": 12.312304522480403}, "datetime": {"datetime": "2021-03-05 14:30:02", "elapsed": 5209.442865, "delta": 6.338792}}
{"target": 0.15262974607424767, "params": {"T1": 0.11227604992809097, "T3": 0.10552071242512306, "T5": 0.13436484535775067, "U1": 18.53468326581643, "U5": 14.718633974747764}, "datetime": {"datetime": "2021-03-05 14:30:11", "elapsed": 5218.491579, "delta": 9.048714}}
{"target": 0.27230664324262305, "params": {"T1": 0.11546947232917093, "T3": 0.12986701077097612, "T5": 0.08886385761494638, "U1": 17.486756011586618, "U5": 13.524669773021088}, "datetime": {"datetime": "2021-03-05 14:30:20", "elapsed": 5228.069276, "delta": 9.577697}}
{"target": 0.29474861074272857, "params": {"T1": 0.13017956457305846, "T3": 0.05905975730070693, "T5": 0.11591712420748553, "U1": 12.502996795797609, "U5": 16.86262828576251}, "datetime": {"datetime": "2021-03-05 14:30:27", "elapsed": 5234.697435, "delta": 6.628159}}
{"target": 0.15665955607703602, "params": {"T1": 0.11932327845454717, "T3": 0.06064775424990572, "T5": 0.12620098755472708, "U1": 18.615874300030505, "U5": 17.246216234239295}, "datetime": {"datetime": "2021-03-05 14:30:34", "elapsed": 5241.669057, "delta": 6.971622}}
{"target": 0.1597426182244924, "params": {"T1": 0.06121879940432572, "T3": 0.14686251246056448, "T5": 0.1247657829882976, "U1": 13.598264294416781, "U5": 13.178835076311389}, "datetime": {"datetime": "2021-03-05 14:30:43", "elapsed": 5251.085486, "delta": 9.416429}}
{"target": 0.23276845877904778, "params": {"T1": 0.07023287905734346, "T3": 0.11747645035186621, "T5": 0.13881882646161653, "U1": 18.60482373690889, "U5": 18.96599088287988}, "datetime": {"datetime": "2021-03-05 14:30:53", "elapsed": 5260.613274, "delta": 9.527788}}
{"target": 0.18270679918940683, "params": {"T1": 0.10129934920488298, "T3": 0.07494808163278865, "T5": 0.10653358121201355, "U1": 19.220064959541276, "U5": 15.827176763731284}, "datetime": {"datetime": "2021-03-05 14:31:00", "elapsed": 5268.009986, "delta": 7.396712}}
{"target": 0.6327707724067615, "params": {"T1": 0.06058229797622873, "T3": 0.14179895305134194, "T5": 0.06677705748433771, "U1": 19.223661231117536, "U5": 17.06453271081316}, "datetime": {"datetime": "2021-03-05 14:31:09", "elapsed": 5276.983058, "delta": 8.973072}}
{"target": 0.2618902267516326, "params": {"T1": 0.05396822089694238, "T3": 0.06783781116050781, "T5": 0.09956796505583126, "U1": 13.564964998360665, "U5": 13.977986668955946}, "datetime": {"datetime": "2021-03-05 14:31:18", "elapsed": 5285.80391, "delta": 8.820852}}
{"target": 0.4972445874702991, "params": {"T1": 0.1149692846718471, "T3": 0.12613993288091535, "T5": 0.08615393704832716, "U1": 13.69487294527704, "U5": 14.765868222226015}, "datetime": {"datetime": "2021-03-05 14:31:34", "elapsed": 5301.171248, "delta": 15.367338}}
{"target": 0.14162808821647596, "params": {"T1": 0.09951355984507226, "T3": 0.10317667809253597, "T5": 0.14620053177244663, "U1": 13.259290650015494, "U5": 17.39825115078574}, "datetime": {"datetime": "2021-03-05 14:31:45", "elapsed": 5312.354508, "delta": 11.18326}}
