{"target": 0.22584703914290208, "params": {"T1": 0.1271320643266746, "T3": 0.05207519493594015, "T5": 0.11336482349262754, "U1": 17.990431060308893, "U5": 15.988056098420724}, "datetime": {"datetime": "2021-03-05 15:44:09", "elapsed": 0.0, "delta": 0.0}}
{"target": 0.30667158530740174, "params": {"T1": 0.07247966455308477, "T3": 0.0698062864759624, "T5": 0.12605307121989587, "U1": 13.352886692500284, "U5": 12.706718513392083}, "datetime": {"datetime": "2021-03-05 15:44:09", "elapsed": 0.062422, "delta": 0.062422}}
{"target": 0.3024570727652144, "params": {"T1": 0.11853598183677973, "T3": 0.14533933461949367, "T5": 0.05039482663279145, "U1": 16.097538107086212, "U5": 18.500967693216907}, "datetime": {"datetime": "2021-03-05 15:44:09", "elapsed": 0.123302, "delta": 0.06088}}
{"target": 0.29298028718704183, "params": {"T1": 0.11125260668293882, "T3": 0.12217553174317995, "T5": 0.07918760681706331, "U1": 19.342192980103547, "U5": 17.716606267181525}, "datetime": {"datetime": "2021-03-05 15:44:09", "elapsed": 0.183378, "delta": 0.060076}}
{"target": 0.26465057572085804, "params": {"T1": 0.10425443680112612, "T3": 0.0642170047601527, "T5": 0.08733407600514692, "U1": 17.393068920530762, "U5": 15.534665395383968}, "datetime": {"datetime": "2021-03-05 15:44:09", "elapsed": 0.242245, "delta": 0.058867}}
{"target": 0.35139357821702466, "params": {"T1": 0.09340139933332936, "T3": 0.11177669784693171, "T5": 0.10131382425543908, "U1": 17.203177455451737, "U5": 16.808311627236357}, "datetime": {"datetime": "2021-03-05 15:44:09", "elapsed": 0.302052, "delta": 0.059807}}
{"target": 0.29977485967957546, "params": {"T1": 0.13052231968327466, "T3": 0.10216471523936341, "T5": 0.14086488808086683, "U1": 14.553888711908362, "U5": 12.723674794167259}, "datetime": {"datetime": "2021-03-05 15:44:09", "elapsed": 0.366735, "delta": 0.064683}}
{"target": 0.29771687761920135, "params": {"T1": 0.08007000566362034, "T3": 0.06139843618635498, "T5": 0.13286813263076766, "U1": 12.375170555113998, "U5": 17.01029718649114}, "datetime": {"datetime": "2021-03-05 15:44:10", "elapsed": 0.426039, "delta": 0.059304}}
{"target": 0.37789513811909214, "params": {"T1": 0.10475861559192434, "T3": 0.13192869956700687, "T5": 0.06989475396788122, "U1": 18.854802419661866, "U5": 14.813221115456702}, "datetime": {"datetime": "2021-03-05 15:44:10", "elapsed": 0.485818, "delta": 0.059779}}
{"target": 0.2929572921315117, "params": {"T1": 0.1254647691529857, "T3": 0.07959617068796787, "T5": 0.13839364795611864, "U1": 14.604093102657991, "U5": 13.320127181753188}, "datetime": {"datetime": "2021-03-05 15:44:10", "elapsed": 0.549174, "delta": 0.063356}}
{"target": 0.3770047176175309, "params": {"T1": 0.09912891942496777, "T3": 0.12165101719042867, "T5": 0.13423456582296794, "U1": 15.578412140012759, "U5": 15.829923515649034}, "datetime": {"datetime": "2021-03-05 15:44:10", "elapsed": 0.678212, "delta": 0.129038}}
{"target": 0.3232413487257049, "params": {"T1": 0.11997128023719983, "T3": 0.11099728582375334, "T5": 0.11247448518110004, "U1": 15.51828149475428, "U5": 15.853124529703592}, "datetime": {"datetime": "2021-03-05 15:44:10", "elapsed": 0.819444, "delta": 0.141232}}
{"target": 0.3097784532167194, "params": {"T1": 0.12018306273118952, "T3": 0.13340407152195932, "T5": 0.09318105910793288, "U1": 17.187134059627237, "U5": 16.80971453058317}, "datetime": {"datetime": "2021-03-05 15:44:10", "elapsed": 0.947173, "delta": 0.127729}}
{"target": 0.2909119340589353, "params": {"T1": 0.14530161122891405, "T3": 0.14242785986706777, "T5": 0.14658360457277153, "U1": 14.608806320404394, "U5": 17.857155840858862}, "datetime": {"datetime": "2021-03-05 15:44:10", "elapsed": 1.080565, "delta": 0.133392}}
{"target": 0.309303037889923, "params": {"T1": 0.11604823154635853, "T3": 0.07574967463443603, "T5": 0.08386735788592178, "U1": 14.304444912674338, "U5": 18.43793427564817}, "datetime": {"datetime": "2021-03-05 15:44:10", "elapsed": 1.210963, "delta": 0.130398}}
{"target": 0.23327368972587278, "params": {"T1": 0.13120053367859563, "T3": 0.07574732726800257, "T5": 0.13418698971439139, "U1": 15.54007285238501, "U5": 15.796317808277088}, "datetime": {"datetime": "2021-03-05 15:44:10", "elapsed": 1.349717, "delta": 0.138754}}
{"target": 0.29509166255566927, "params": {"T1": 0.14714167684065743, "T3": 0.06613039141416191, "T5": 0.07646710268899155, "U1": 18.946902606006912, "U5": 17.581796748502164}, "datetime": {"datetime": "2021-03-05 15:44:11", "elapsed": 1.478006, "delta": 0.128289}}
{"target": 0.40561048151851453, "params": {"T1": 0.11601397425733494, "T3": 0.11499208943159733, "T5": 0.06807431790680966, "U1": 18.848880983866568, "U5": 14.801960988476619}, "datetime": {"datetime": "2021-03-05 15:44:11", "elapsed": 1.61498, "delta": 0.136974}}
{"target": 0.35469003314129316, "params": {"T1": 0.13789916019885573, "T3": 0.12280181825225082, "T5": 0.055313540200928005, "U1": 18.78467849204918, "U5": 14.794750953482783}, "datetime": {"datetime": "2021-03-05 15:44:11", "elapsed": 1.746571, "delta": 0.131591}}
{"target": 0.3053655797778995, "params": {"T1": 0.10367960582091881, "T3": 0.08966024820797565, "T5": 0.05379126072193022, "U1": 13.735163402812194, "U5": 13.825358643750114}, "datetime": {"datetime": "2021-03-05 15:44:11", "elapsed": 1.875905, "delta": 0.129334}}
{"target": 0.2931908259118285, "params": {"T1": 0.10241046162670113, "T3": 0.13677912373306433, "T5": 0.10472548886556099, "U1": 18.164383622899706, "U5": 16.48263198698117}, "datetime": {"datetime": "2021-03-05 15:44:11", "elapsed": 2.007936, "delta": 0.132031}}
{"target": 0.2992010313541877, "params": {"T1": 0.11843394436628625, "T3": 0.09115490124137608, "T5": 0.13035138177704797, "U1": 18.82546354138458, "U5": 14.770904280049791}, "datetime": {"datetime": "2021-03-05 15:44:11", "elapsed": 2.148335, "delta": 0.140399}}
{"target": 0.2961283499418762, "params": {"T1": 0.106496741441857, "T3": 0.06268317808460923, "T5": 0.11109659740390869, "U1": 15.746418321819718, "U5": 16.01757147444684}, "datetime": {"datetime": "2021-03-05 15:44:11", "elapsed": 2.280775, "delta": 0.13244}}
{"target": 0.3204873564126954, "params": {"T1": 0.09761151307504176, "T3": 0.12301796840763549, "T5": 0.073987546137612, "U1": 18.85611636683834, "U5": 14.836548409005609}, "datetime": {"datetime": "2021-03-05 15:44:11", "elapsed": 2.415313, "delta": 0.134538}}
{"target": 0.35293421573131484, "params": {"T1": 0.05861988977044805, "T3": 0.14531004775598888, "T5": 0.10029921352029159, "U1": 15.61055950723306, "U5": 15.864846996080095}, "datetime": {"datetime": "2021-03-05 15:44:12", "elapsed": 2.553363, "delta": 0.13805}}
{"target": 0.2415103207715191, "params": {"T1": 0.0801137094886785, "T3": 0.14137165618782688, "T5": 0.10384501938328825, "U1": 17.753108246225118, "U5": 14.15420921540851}, "datetime": {"datetime": "2021-03-05 15:44:12", "elapsed": 2.688815, "delta": 0.135452}}
{"target": 0.3010831371758401, "params": {"T1": 0.1403813187316572, "T3": 0.07810025250897445, "T5": 0.0956554615751774, "U1": 15.506129921914074, "U5": 15.858293126958564}, "datetime": {"datetime": "2021-03-05 15:44:12", "elapsed": 2.822081, "delta": 0.133266}}
{"target": 0.43922824217660617, "params": {"T1": 0.08640801433530612, "T3": 0.13938560694233823, "T5": 0.12339146375521741, "U1": 15.58148557919683, "U5": 15.853271187535187}, "datetime": {"datetime": "2021-03-05 15:44:12", "elapsed": 2.970092, "delta": 0.148011}}
{"target": 0.31296944073499355, "params": {"T1": 0.08605497329746689, "T3": 0.08801735747034234, "T5": 0.079417649324327, "U1": 18.861461211710555, "U5": 14.760230678644238}, "datetime": {"datetime": "2021-03-05 15:44:12", "elapsed": 3.113384, "delta": 0.143292}}
{"target": 0.2975829137577023, "params": {"T1": 0.10081194354152664, "T3": 0.07817290647885451, "T5": 0.07680368823250285, "U1": 18.823355136621522, "U5": 14.798159909086472}, "datetime": {"datetime": "2021-03-05 15:44:12", "elapsed": 3.255762, "delta": 0.142378}}
{"target": 0.306465837648391, "params": {"T1": 0.08457261243773377, "T3": 0.059215213589526874, "T5": 0.08159970945896233, "U1": 19.97398636300031, "U5": 12.967419520052017}, "datetime": {"datetime": "2021-03-05 15:44:12", "elapsed": 3.397835, "delta": 0.142073}}
{"target": 0.3038761520588292, "params": {"T1": 0.07875040763302026, "T3": 0.10744551595263639, "T5": 0.14377616103021626, "U1": 18.095252909752062, "U5": 18.91690325860248}, "datetime": {"datetime": "2021-03-05 15:44:13", "elapsed": 3.551405, "delta": 0.15357}}
{"target": 0.3021252639671017, "params": {"T1": 0.07542035239470736, "T3": 0.13756453975670854, "T5": 0.07781871496443876, "U1": 15.574525582806949, "U5": 15.823478976412773}, "datetime": {"datetime": "2021-03-05 15:44:13", "elapsed": 3.704643, "delta": 0.153238}}
{"target": 0.30697900938751155, "params": {"T1": 0.12505863108588233, "T3": 0.11258440689591982, "T5": 0.08292076872837949, "U1": 19.809769597783493, "U5": 18.94626033784564}, "datetime": {"datetime": "2021-03-05 15:44:13", "elapsed": 3.848881, "delta": 0.144238}}
{"target": 0.2800128184402166, "params": {"T1": 0.13240258490188186, "T3": 0.06731902093449645, "T5": 0.05718253576784287, "U1": 13.790658900683109, "U5": 15.035656363518893}, "datetime": {"datetime": "2021-03-05 15:44:13", "elapsed": 3.99905, "delta": 0.150169}}
{"target": 0.2979493200054612, "params": {"T1": 0.06362283161358291, "T3": 0.09697086370580105, "T5": 0.11232233988380513, "U1": 17.21884021543752, "U5": 16.79601892515326}, "datetime": {"datetime": "2021-03-05 15:44:13", "elapsed": 4.206867, "delta": 0.207817}}
{"target": 0.3015427072055197, "params": {"T1": 0.118435971809034, "T3": 0.08670671160452684, "T5": 0.09459326950485629, "U1": 19.463220575420088, "U5": 12.957356079173607}, "datetime": {"datetime": "2021-03-05 15:44:13", "elapsed": 4.363268, "delta": 0.156401}}
{"target": 0.2756822337682487, "params": {"T1": 0.09998784582794838, "T3": 0.13013829689735157, "T5": 0.13687970037376923, "U1": 15.57420849344199, "U5": 15.887987228817472}, "datetime": {"datetime": "2021-03-05 15:44:14", "elapsed": 4.537116, "delta": 0.173848}}
{"target": 0.3111297657384634, "params": {"T1": 0.13019906057444364, "T3": 0.12421334059992552, "T5": 0.098152491449888, "U1": 18.85406214086555, "U5": 14.806533016056436}, "datetime": {"datetime": "2021-03-05 15:44:14", "elapsed": 4.74099, "delta": 0.203874}}
{"target": 0.3216778020404648, "params": {"T1": 0.10784080210611013, "T3": 0.14738724680245652, "T5": 0.10132423161106988, "U1": 18.877853051510485, "U5": 14.821565880921607}, "datetime": {"datetime": "2021-03-05 15:44:14", "elapsed": 4.953076, "delta": 0.212086}}
{"target": 0.29627450513715725, "params": {"T1": 0.12958955674522082, "T3": 0.07280804848209618, "T5": 0.13023906767133456, "U1": 15.86985765453828, "U5": 19.156191320513276}, "datetime": {"datetime": "2021-03-05 15:44:14", "elapsed": 5.112285, "delta": 0.159209}}
{"target": 0.3203786534555358, "params": {"T1": 0.05465433446929903, "T3": 0.10413922119895341, "T5": 0.0546802413295326, "U1": 12.609829777815026, "U5": 17.038855814743997}, "datetime": {"datetime": "2021-03-05 15:44:14", "elapsed": 5.275079, "delta": 0.162794}}
{"target": 0.2836002965630651, "params": {"T1": 0.14026435903016343, "T3": 0.14203370083071953, "T5": 0.0777534568942183, "U1": 18.845440626719444, "U5": 14.820006910249518}, "datetime": {"datetime": "2021-03-05 15:44:15", "elapsed": 5.464364, "delta": 0.189285}}
{"target": 0.2831502481353145, "params": {"T1": 0.08581071728065565, "T3": 0.14763613736026365, "T5": 0.10361274238297546, "U1": 18.86924989860655, "U5": 14.824270517218235}, "datetime": {"datetime": "2021-03-05 15:44:15", "elapsed": 5.617654, "delta": 0.15329}}
{"target": 0.3034871446641979, "params": {"T1": 0.12383326603650752, "T3": 0.14051130093669906, "T5": 0.09861459296882874, "U1": 15.523714401129016, "U5": 15.899331464973603}, "datetime": {"datetime": "2021-03-05 15:44:15", "elapsed": 5.793228, "delta": 0.175574}}
{"target": 0.4375790512982093, "params": {"T1": 0.10904652247976636, "T3": 0.1399760581153212, "T5": 0.08203480523628813, "U1": 18.784251568573964, "U5": 14.77321689892283}, "datetime": {"datetime": "2021-03-05 15:44:15", "elapsed": 5.969048, "delta": 0.17582}}
{"target": 0.2945098618764316, "params": {"T1": 0.07774680335044074, "T3": 0.09300216192525115, "T5": 0.07298553030794724, "U1": 17.18739256072395, "U5": 16.811076589515213}, "datetime": {"datetime": "2021-03-05 15:44:15", "elapsed": 6.186065, "delta": 0.217017}}
{"target": 0.3213858598360617, "params": {"T1": 0.139641372537937, "T3": 0.08750032489371302, "T5": 0.052911719840231755, "U1": 18.876918988402764, "U5": 14.842295217293257}, "datetime": {"datetime": "2021-03-05 15:44:15", "elapsed": 6.365976, "delta": 0.179911}}
{"target": 0.2574558405016597, "params": {"T1": 0.09442613752772039, "T3": 0.10341469931241362, "T5": 0.14997203923166752, "U1": 15.552234610805368, "U5": 15.866005920285552}, "datetime": {"datetime": "2021-03-05 15:44:16", "elapsed": 6.551267, "delta": 0.185291}}
{"target": 0.30096340134817123, "params": {"T1": 0.0662454898592142, "T3": 0.14522304121538676, "T5": 0.11744826656871425, "U1": 15.567130126924653, "U5": 15.862452717624418}, "datetime": {"datetime": "2021-03-05 15:44:16", "elapsed": 6.70808, "delta": 0.156813}}
{"target": 0.3038756532062912, "params": {"T1": 0.1190979356253239, "T3": 0.055041181222323945, "T5": 0.09154357300424522, "U1": 16.37706159516987, "U5": 19.098638251894783}, "datetime": {"datetime": "2021-03-05 15:44:16", "elapsed": 6.866384, "delta": 0.158304}}
{"target": 0.24555712738445531, "params": {"T1": 0.1144605656885654, "T3": 0.1192719029059417, "T5": 0.11781027594608602, "U1": 19.934926688325277, "U5": 18.555986369617397}, "datetime": {"datetime": "2021-03-05 15:44:16", "elapsed": 7.03868, "delta": 0.172296}}
{"target": 0.3012040572420559, "params": {"T1": 0.07524103814763608, "T3": 0.11738267662478162, "T5": 0.1486646098491956, "U1": 13.919753044403006, "U5": 12.148685025799042}, "datetime": {"datetime": "2021-03-05 15:44:16", "elapsed": 7.204645, "delta": 0.165965}}
{"target": 0.2727713500602461, "params": {"T1": 0.09827263447924992, "T3": 0.09534542334175786, "T5": 0.09265691098516265, "U1": 17.190484620042696, "U5": 13.970208780901821}, "datetime": {"datetime": "2021-03-05 15:44:16", "elapsed": 7.360384, "delta": 0.155739}}
{"target": 0.39526216859574936, "params": {"T1": 0.05818299954805927, "T3": 0.1297976089817519, "T5": 0.1270457334633594, "U1": 17.766637295602784, "U5": 13.12014764999226}, "datetime": {"datetime": "2021-03-05 15:44:17", "elapsed": 7.519181, "delta": 0.158797}}
{"target": 0.33153498751286836, "params": {"T1": 0.0999461340292319, "T3": 0.128307257087237, "T5": 0.06447718830982993, "U1": 17.21612894484823, "U5": 16.78949295317038}, "datetime": {"datetime": "2021-03-05 15:44:17", "elapsed": 7.694279, "delta": 0.175098}}
{"target": 0.29331081654585456, "params": {"T1": 0.12028896985293487, "T3": 0.1425406586605916, "T5": 0.1389956071520776, "U1": 14.077794417692457, "U5": 18.07806200432529}, "datetime": {"datetime": "2021-03-05 15:44:17", "elapsed": 7.856374, "delta": 0.162095}}
{"target": 0.28590644633202233, "params": {"T1": 0.1366787160801109, "T3": 0.09213234420578362, "T5": 0.10234452539144714, "U1": 12.869828342227702, "U5": 14.234063771374311}, "datetime": {"datetime": "2021-03-05 15:44:17", "elapsed": 8.015859, "delta": 0.159485}}
{"target": 0.28623744027992826, "params": {"T1": 0.14790138472945336, "T3": 0.1340838541261596, "T5": 0.09816176584734387, "U1": 16.464946256359944, "U5": 12.421538130868905}, "datetime": {"datetime": "2021-03-05 15:44:17", "elapsed": 8.17485, "delta": 0.158991}}
{"target": 0.5327381391355895, "params": {"T1": 0.135712599571635, "T3": 0.13711961969807052, "T5": 0.08623775747163537, "U1": 18.747277812454012, "U5": 14.76496162271679}, "datetime": {"datetime": "2021-03-05 15:44:17", "elapsed": 8.370095, "delta": 0.195245}}
{"target": 0.2894976326776613, "params": {"T1": 0.13639394696401147, "T3": 0.11243885278621801, "T5": 0.07456777881003862, "U1": 12.270791072805322, "U5": 19.779369510287193}, "datetime": {"datetime": "2021-03-05 15:44:18", "elapsed": 8.532843, "delta": 0.162748}}
{"target": 0.2331783780336328, "params": {"T1": 0.061671165188889966, "T3": 0.1060320345348573, "T5": 0.11547318496846039, "U1": 17.529048030702352, "U5": 18.569596762846675}, "datetime": {"datetime": "2021-03-05 15:44:18", "elapsed": 8.689987, "delta": 0.157144}}
{"target": 0.30592376670187094, "params": {"T1": 0.13562863467542435, "T3": 0.13346947058478095, "T5": 0.1443670719296415, "U1": 18.762407117698515, "U5": 14.786510411569576}, "datetime": {"datetime": "2021-03-05 15:44:18", "elapsed": 8.913205, "delta": 0.223218}}
{"target": 0.30271654061658687, "params": {"T1": 0.13760855896911095, "T3": 0.11589525076962322, "T5": 0.08440456636274005, "U1": 16.65744884020006, "U5": 15.664750341979147}, "datetime": {"datetime": "2021-03-05 15:44:18", "elapsed": 9.071777, "delta": 0.158572}}
{"target": 0.30275613516318234, "params": {"T1": 0.10325413570709051, "T3": 0.1485928148102983, "T5": 0.10678190060726206, "U1": 14.33438682744546, "U5": 14.940825612527188}, "datetime": {"datetime": "2021-03-05 15:44:18", "elapsed": 9.238002, "delta": 0.166225}}
{"target": 0.3024869897395595, "params": {"T1": 0.11239051105521607, "T3": 0.13845810933235564, "T5": 0.0694152469353985, "U1": 18.843519607239717, "U5": 14.848043122294495}, "datetime": {"datetime": "2021-03-05 15:44:18", "elapsed": 9.398173, "delta": 0.160171}}
{"target": 0.30046673683719205, "params": {"T1": 0.06020724946353824, "T3": 0.052446715430568974, "T5": 0.0698288348336314, "U1": 14.416467476745146, "U5": 18.801769624176128}, "datetime": {"datetime": "2021-03-05 15:44:19", "elapsed": 9.552333, "delta": 0.15416}}
{"target": 0.6041190624803313, "params": {"T1": 0.11751714090378916, "T3": 0.14501437546466422, "T5": 0.05790590163440014, "U1": 18.72823968095472, "U5": 14.74869579199843}, "datetime": {"datetime": "2021-03-05 15:44:19", "elapsed": 9.744596, "delta": 0.192263}}
{"target": 0.613444356244721, "params": {"T1": 0.11768447323179944, "T3": 0.14459560964150292, "T5": 0.06840529407009296, "U1": 18.7419488520421, "U5": 14.7534522271961}, "datetime": {"datetime": "2021-03-05 15:44:19", "elapsed": 9.952696, "delta": 0.2081}}
{"target": 0.31154190285829564, "params": {"T1": 0.053598726562271486, "T3": 0.06616250332340082, "T5": 0.10280909586885842, "U1": 16.85841893757531, "U5": 16.240521793355512}, "datetime": {"datetime": "2021-03-05 15:44:19", "elapsed": 10.114694, "delta": 0.161998}}
{"target": 0.5930677670514519, "params": {"T1": 0.12145434246895574, "T3": 0.07337472540538374, "T5": 0.09336616382996757, "U1": 18.754647134035167, "U5": 14.743292579479942}, "datetime": {"datetime": "2021-03-05 15:44:19", "elapsed": 10.287906, "delta": 0.173212}}
{"target": 0.32378536465676266, "params": {"T1": 0.0999730802630284, "T3": 0.09979239339179094, "T5": 0.09829558747071931, "U1": 19.12001370572196, "U5": 13.909418089992684}, "datetime": {"datetime": "2021-03-05 15:44:20", "elapsed": 10.449779, "delta": 0.161873}}
{"target": 0.29970105827259913, "params": {"T1": 0.05774409223735738, "T3": 0.09012374732093403, "T5": 0.10865180768579966, "U1": 16.86464245652187, "U5": 16.63578616025336}, "datetime": {"datetime": "2021-03-05 15:44:20", "elapsed": 10.628731, "delta": 0.178952}}
{"target": 0.22962156267108194, "params": {"T1": 0.12016727433753349, "T3": 0.08243480239330628, "T5": 0.11272036152008764, "U1": 18.796364548856705, "U5": 14.710045336421453}, "datetime": {"datetime": "2021-03-05 15:44:20", "elapsed": 10.838555, "delta": 0.209824}}
{"target": 0.24130963642491535, "params": {"T1": 0.12227494375022349, "T3": 0.12405099371251734, "T5": 0.07994973645665746, "U1": 18.75991439472589, "U5": 14.753489099623478}, "datetime": {"datetime": "2021-03-05 15:44:20", "elapsed": 11.029839, "delta": 0.191284}}
{"target": 0.3095709873655809, "params": {"T1": 0.1252523433516969, "T3": 0.0991170354809619, "T5": 0.10194612650645726, "U1": 17.21952270667333, "U5": 16.774262285213712}, "datetime": {"datetime": "2021-03-05 15:44:20", "elapsed": 11.264816, "delta": 0.234977}}
{"target": 0.30052471321204227, "params": {"T1": 0.11367696398093415, "T3": 0.08568493733629265, "T5": 0.06816502977891917, "U1": 18.853430384207574, "U5": 14.813980842577699}, "datetime": {"datetime": "2021-03-05 15:44:21", "elapsed": 11.474184, "delta": 0.209368}}
{"target": 0.296436054148887, "params": {"T1": 0.06871275186063878, "T3": 0.06478713829593244, "T5": 0.14976878167862903, "U1": 18.11855202059001, "U5": 13.646378514687601}, "datetime": {"datetime": "2021-03-05 15:44:21", "elapsed": 11.643482, "delta": 0.169298}}
{"target": 0.30763821725250406, "params": {"T1": 0.06428714712067099, "T3": 0.12325257172009565, "T5": 0.08268088885403137, "U1": 15.604254598415139, "U5": 15.852624709436832}, "datetime": {"datetime": "2021-03-05 15:44:21", "elapsed": 11.851389, "delta": 0.207907}}
{"target": 0.297524991315027, "params": {"T1": 0.06809181133477175, "T3": 0.06039611107421688, "T5": 0.09743117899313097, "U1": 16.02842509942335, "U5": 12.45389525608678}, "datetime": {"datetime": "2021-03-05 15:44:21", "elapsed": 12.018942, "delta": 0.167553}}
{"target": 0.2890806578725159, "params": {"T1": 0.13161802943083378, "T3": 0.085038489095345, "T5": 0.13907312244017367, "U1": 12.51429033750496, "U5": 12.706805692077424}, "datetime": {"datetime": "2021-03-05 15:44:21", "elapsed": 12.27824, "delta": 0.259298}}
{"target": 0.30398850730781984, "params": {"T1": 0.10099736748483379, "T3": 0.10999929125101779, "T5": 0.11305004940398188, "U1": 18.733184576731713, "U5": 14.808466066123827}, "datetime": {"datetime": "2021-03-05 15:44:22", "elapsed": 12.57209, "delta": 0.29385}}
{"target": 0.3021898938526376, "params": {"T1": 0.10446195954350868, "T3": 0.12022660853336971, "T5": 0.07043137047340833, "U1": 17.034926752329184, "U5": 16.093708844101414}, "datetime": {"datetime": "2021-03-05 15:44:22", "elapsed": 12.750286, "delta": 0.178196}}
