{"target": 0.2969122633554979, "params": {"T1": 0.06630579931848897, "T3": 0.06229811740111088, "T5": 0.055575439155903475, "U1": 12.973981278286363, "U5": 14.999810224558084}, "datetime": {"datetime": "2021-03-05 13:07:36", "elapsed": 80.355665, "delta": 0.620903}}
{"target": 0.17184820391319677, "params": {"T1": 0.10365948065317662, "T3": 0.07631382403334205, "T5": 0.08106322807395562, "U1": 14.812553687281643, "U5": 16.507455603278526}, "datetime": {"datetime": "2021-03-05 13:07:36", "elapsed": 81.145034, "delta": 0.789369}}
{"target": 0.14302387228637953, "params": {"T1": 0.13180669333082087, "T3": 0.05252367747876279, "T5": 0.06220176920194588, "U1": 15.060930995530011, "U5": 15.079948598326013}, "datetime": {"datetime": "2021-03-05 13:07:37", "elapsed": 81.918217, "delta": 0.773183}}
{"target": 0.45844124966368827, "params": {"T1": 0.06378023627954163, "T3": 0.13020965516273636, "T5": 0.14443838540050624, "U1": 15.752352056359875, "U5": 18.07989596512025}, "datetime": {"datetime": "2021-03-05 13:07:38", "elapsed": 82.815417, "delta": 0.8972}}
{"target": 0.27009705527521577, "params": {"T1": 0.1060881788187675, "T3": 0.11196310842703248, "T5": 0.07829329022398934, "U1": 19.853718784706274, "U5": 15.966295039742239}, "datetime": {"datetime": "2021-03-05 13:07:39", "elapsed": 83.554155, "delta": 0.738738}}
{"target": 0.15008411693189727, "params": {"T1": 0.14910079115274016, "T3": 0.09328528723912483, "T5": 0.13290211158837248, "U1": 19.37507951482256, "U5": 16.2759508710385}, "datetime": {"datetime": "2021-03-05 13:07:40", "elapsed": 84.302976, "delta": 0.748821}}
{"target": 0.13221780910042724, "params": {"T1": 0.10216149878569161, "T3": 0.07149486238249862, "T5": 0.09459870414645355, "U1": 18.92166056316573, "U5": 12.600742803960639}, "datetime": {"datetime": "2021-03-05 13:07:40", "elapsed": 84.991417, "delta": 0.688441}}
{"target": 0.1647369864133179, "params": {"T1": 0.11173381781456926, "T3": 0.14680668335633762, "T5": 0.12803096406207737, "U1": 13.14119457279105, "U5": 17.579483966399955}, "datetime": {"datetime": "2021-03-05 13:07:41", "elapsed": 85.897141, "delta": 0.905724}}
{"target": 0.2265626079710384, "params": {"T1": 0.14161470700031567, "T3": 0.08112422770415141, "T5": 0.08129277950887961, "U1": 12.97279231414611, "U5": 14.20852208635835}, "datetime": {"datetime": "2021-03-05 13:07:42", "elapsed": 86.88489, "delta": 0.987749}}
{"target": 0.15479083428837104, "params": {"T1": 0.08902937666071273, "T3": 0.09093798890177457, "T5": 0.14853539212503003, "U1": 17.740887564576326, "U5": 19.828893680664567}, "datetime": {"datetime": "2021-03-05 13:07:43", "elapsed": 87.761911, "delta": 0.877021}}
{"target": 0.11822201986935613, "params": {"T1": 0.12160614369015633, "T3": 0.06370496211934701, "T5": 0.147201060070402, "U1": 15.937106843342313, "U5": 19.409982522967876}, "datetime": {"datetime": "2021-03-05 13:07:44", "elapsed": 88.421231, "delta": 0.65932}}
{"target": 0.15360335005413958, "params": {"T1": 0.14075887796047126, "T3": 0.06285532123456998, "T5": 0.08770447441124431, "U1": 16.541048748263385, "U5": 16.912520346969412}, "datetime": {"datetime": "2021-03-05 13:07:45", "elapsed": 89.379361, "delta": 0.95813}}
{"target": 0.14034927887996365, "params": {"T1": 0.13813668121681616, "T3": 0.12517592068056255, "T5": 0.1098625113614488, "U1": 14.99023400064171, "U5": 12.255020040156527}, "datetime": {"datetime": "2021-03-05 13:07:45", "elapsed": 90.097636, "delta": 0.718275}}
{"target": 0.171093521304038, "params": {"T1": 0.1433075489279439, "T3": 0.13949060190691448, "T5": 0.1351605840080044, "U1": 16.06241979940573, "U5": 13.331143763199965}, "datetime": {"datetime": "2021-03-05 13:07:46", "elapsed": 90.873278, "delta": 0.775642}}
{"target": 0.24415744752370463, "params": {"T1": 0.060902286533079414, "T3": 0.08959005072296658, "T5": 0.06248923258530681, "U1": 19.220678839350132, "U5": 15.261925264173755}, "datetime": {"datetime": "2021-03-05 13:07:47", "elapsed": 91.633676, "delta": 0.760398}}
{"target": 0.16042041143794486, "params": {"T1": 0.0869335926833635, "T3": 0.08135919655020707, "T5": 0.08807223575438614, "U1": 17.047180891645333, "U5": 17.62785039145925}, "datetime": {"datetime": "2021-03-05 13:07:48", "elapsed": 92.266786, "delta": 0.63311}}
{"target": 0.17438946386777626, "params": {"T1": 0.11936696340335072, "T3": 0.0739697089842912, "T5": 0.140632487118787, "U1": 12.149561173951316, "U5": 15.878755443433688}, "datetime": {"datetime": "2021-03-05 13:07:48", "elapsed": 92.931869, "delta": 0.665083}}
{"target": 0.1720037683549089, "params": {"T1": 0.14565084169808012, "T3": 0.12722042177322063, "T5": 0.12837122660328049, "U1": 19.527297024717925, "U5": 13.906858652061366}, "datetime": {"datetime": "2021-03-05 13:07:49", "elapsed": 94.135513, "delta": 1.203644}}
{"target": 0.1583953970357519, "params": {"T1": 0.12561348149644794, "T3": 0.09000566471789505, "T5": 0.0792466179364458, "U1": 16.56745643396264, "U5": 12.754098510846557}, "datetime": {"datetime": "2021-03-05 13:07:50", "elapsed": 94.928303, "delta": 0.79279}}
{"target": 0.20096531208091048, "params": {"T1": 0.06414485397047834, "T3": 0.0740457978328924, "T5": 0.10368909155242916, "U1": 13.279327137528096, "U5": 15.73578159535438}, "datetime": {"datetime": "2021-03-05 13:07:51", "elapsed": 95.883733, "delta": 0.95543}}
{"target": 0.15409744414709156, "params": {"T1": 0.08954763256427334, "T3": 0.07109716227726524, "T5": 0.06571129053732003, "U1": 16.054866239757608, "U5": 14.014377792830386}, "datetime": {"datetime": "2021-03-05 13:07:52", "elapsed": 96.573863, "delta": 0.69013}}
{"target": 0.2557092801278305, "params": {"T1": 0.07122973703412383, "T3": 0.054983368746078246, "T5": 0.08379861781966293, "U1": 19.290931607986064, "U5": 13.281595383679182}, "datetime": {"datetime": "2021-03-05 13:07:53", "elapsed": 97.530757, "delta": 0.956894}}
{"target": 0.1849299916214123, "params": {"T1": 0.11034806567088526, "T3": 0.0637545406460194, "T5": 0.09567629473798747, "U1": 16.618115709892724, "U5": 17.717056165813386}, "datetime": {"datetime": "2021-03-05 13:07:54", "elapsed": 98.338394, "delta": 0.807637}}
{"target": 0.26626896934255684, "params": {"T1": 0.13758376259685925, "T3": 0.09620429142437348, "T5": 0.13674376333801358, "U1": 15.295521750263266, "U5": 15.267006239811447}, "datetime": {"datetime": "2021-03-05 13:07:54", "elapsed": 98.970251, "delta": 0.631857}}
{"target": 0.5063074907713434, "params": {"T1": 0.05417274492701098, "T3": 0.13890012242790267, "T5": 0.06641848518456535, "U1": 13.936874105306167, "U5": 15.593695420440923}, "datetime": {"datetime": "2021-03-05 13:07:55", "elapsed": 99.494206, "delta": 0.523955}}
{"target": 0.21137270887200543, "params": {"T1": 0.0565683488791623, "T3": 0.12634761833202454, "T5": 0.08612407167948086, "U1": 19.988486925548322, "U5": 14.564139338028856}, "datetime": {"datetime": "2021-03-05 13:07:56", "elapsed": 100.255504, "delta": 0.761298}}
{"target": 0.2453413722159359, "params": {"T1": 0.11406473818981551, "T3": 0.10091037032542716, "T5": 0.0936869438290702, "U1": 12.390589270261305, "U5": 12.36554299790605}, "datetime": {"datetime": "2021-03-05 13:07:56", "elapsed": 100.916885, "delta": 0.661381}}
{"target": 0.4733602073377829, "params": {"T1": 0.11506755617732502, "T3": 0.1473780122918401, "T5": 0.08361046580159162, "U1": 14.525827990171356, "U5": 12.578961995264375}, "datetime": {"datetime": "2021-03-05 13:07:57", "elapsed": 101.795624, "delta": 0.878739}}
{"target": 0.4503577996206334, "params": {"T1": 0.0800630325365856, "T3": 0.14851438194223282, "T5": 0.08394436295436819, "U1": 14.522256731948271, "U5": 14.180620930231719}, "datetime": {"datetime": "2021-03-05 13:07:58", "elapsed": 102.608598, "delta": 0.812974}}
{"target": 0.30419816197249405, "params": {"T1": 0.0961968511801555, "T3": 0.06828836018763948, "T5": 0.08747974126261462, "U1": 16.779525880503993, "U5": 19.33145539428612}, "datetime": {"datetime": "2021-03-05 13:07:59", "elapsed": 103.615123, "delta": 1.006525}}
{"target": 0.2399636177294105, "params": {"T1": 0.1232882635469645, "T3": 0.13616782815150777, "T5": 0.0798867187900318, "U1": 12.268158287667065, "U5": 19.65002083507098}, "datetime": {"datetime": "2021-03-05 13:08:00", "elapsed": 104.504859, "delta": 0.889736}}
{"target": 0.1458935486383291, "params": {"T1": 0.11415501244245697, "T3": 0.14073555230807416, "T5": 0.12337782378397612, "U1": 14.728184185224755, "U5": 13.190039902029149}, "datetime": {"datetime": "2021-03-05 13:08:00", "elapsed": 105.093462, "delta": 0.588603}}
{"target": 0.2553660329343291, "params": {"T1": 0.13026635849957363, "T3": 0.10760036191534206, "T5": 0.08578709444092372, "U1": 19.227603554803874, "U5": 17.20257800543987}, "datetime": {"datetime": "2021-03-05 13:08:01", "elapsed": 105.782351, "delta": 0.688889}}
{"target": 0.28724982701929486, "params": {"T1": 0.10441000800582023, "T3": 0.09022178935747792, "T5": 0.10675349017828512, "U1": 12.238245185006742, "U5": 17.509264586506504}, "datetime": {"datetime": "2021-03-05 13:08:02", "elapsed": 106.481879, "delta": 0.699528}}
{"target": 0.2677544865198089, "params": {"T1": 0.14999177372250255, "T3": 0.0895949592084013, "T5": 0.06004098010710032, "U1": 17.80017822251002, "U5": 13.13191760676698}, "datetime": {"datetime": "2021-03-05 13:08:03", "elapsed": 107.205526, "delta": 0.723647}}
{"target": 0.16003405940482027, "params": {"T1": 0.08485148846409837, "T3": 0.11742552254218054, "T5": 0.13650745510247753, "U1": 15.64675765975937, "U5": 14.702754566512905}, "datetime": {"datetime": "2021-03-05 13:08:03", "elapsed": 107.919634, "delta": 0.714108}}
{"target": 0.18283674715523385, "params": {"T1": 0.1187836014529645, "T3": 0.10171766885513177, "T5": 0.1225348898542388, "U1": 13.795178676675764, "U5": 16.202859320293}, "datetime": {"datetime": "2021-03-05 13:08:04", "elapsed": 108.8186, "delta": 0.898966}}
{"target": 0.18060806679808636, "params": {"T1": 0.09080873816276405, "T3": 0.05437434030692195, "T5": 0.09163752537947692, "U1": 17.07909004948354, "U5": 16.37284739624186}, "datetime": {"datetime": "2021-03-05 13:08:05", "elapsed": 109.575879, "delta": 0.757279}}
{"target": 0.28925754867328085, "params": {"T1": 0.11776500291290941, "T3": 0.06982129836782822, "T5": 0.07714217579125766, "U1": 19.188612558675047, "U5": 18.085228908238566}, "datetime": {"datetime": "2021-03-05 13:08:05", "elapsed": 110.188206, "delta": 0.612327}}
{"target": 0.2382349748579209, "params": {"T1": 0.0677317117478239, "T3": 0.12430978195445107, "T5": 0.07252668425987926, "U1": 12.583014402706603, "U5": 18.637648022476178}, "datetime": {"datetime": "2021-03-05 13:08:06", "elapsed": 111.013426, "delta": 0.82522}}
{"target": 0.2234356547955259, "params": {"T1": 0.11202030023295814, "T3": 0.13174409367537532, "T5": 0.11254874938537379, "U1": 14.78743778424245, "U5": 12.452148526817371}, "datetime": {"datetime": "2021-03-05 13:08:08", "elapsed": 112.243754, "delta": 1.230328}}
{"target": 0.2326700309265244, "params": {"T1": 0.07125903389387632, "T3": 0.12049766816226636, "T5": 0.11899953491867742, "U1": 14.70239379483552, "U5": 15.582769293267198}, "datetime": {"datetime": "2021-03-05 13:08:08", "elapsed": 113.18805, "delta": 0.944296}}
{"target": 0.3024148574028385, "params": {"T1": 0.141378641413404, "T3": 0.11915401941036359, "T5": 0.08235831097179618, "U1": 19.186323048180313, "U5": 13.495362969103073}, "datetime": {"datetime": "2021-03-05 13:08:09", "elapsed": 114.158834, "delta": 0.970784}}
{"target": 0.2581874821394258, "params": {"T1": 0.11873725590152696, "T3": 0.10908720069964309, "T5": 0.06802530839023199, "U1": 13.09713770225004, "U5": 19.520173390606935}, "datetime": {"datetime": "2021-03-05 13:08:10", "elapsed": 115.026916, "delta": 0.868082}}
{"target": 0.28087064274798257, "params": {"T1": 0.07865023333156118, "T3": 0.09603032665519771, "T5": 0.11948801032415197, "U1": 19.247409778671816, "U5": 14.660948803390927}, "datetime": {"datetime": "2021-03-05 13:08:11", "elapsed": 115.859129, "delta": 0.832213}}
{"target": 0.1668172894482031, "params": {"T1": 0.09959543456890722, "T3": 0.055259021986932035, "T5": 0.1370632081571302, "U1": 15.981352363178438, "U5": 16.929994506850544}, "datetime": {"datetime": "2021-03-05 13:08:12", "elapsed": 117.155482, "delta": 1.296353}}
{"target": 0.3879652834036219, "params": {"T1": 0.13305702573444733, "T3": 0.11647631200600142, "T5": 0.06122235002548331, "U1": 14.188426144376589, "U5": 17.723101434888076}, "datetime": {"datetime": "2021-03-05 13:08:13", "elapsed": 117.891535, "delta": 0.736053}}
{"target": 0.14880274640214833, "params": {"T1": 0.0625801586690162, "T3": 0.0593419394105588, "T5": 0.06015795107983715, "U1": 17.47236586470066, "U5": 18.747764010742713}, "datetime": {"datetime": "2021-03-05 13:08:14", "elapsed": 118.587777, "delta": 0.696242}}
{"target": 0.2862089424134591, "params": {"T1": 0.10157933020176046, "T3": 0.11580191338717713, "T5": 0.1229741516336731, "U1": 16.062998990029726, "U5": 14.11260627629305}, "datetime": {"datetime": "2021-03-05 13:08:15", "elapsed": 119.527134, "delta": 0.939357}}
{"target": 0.2436397925536091, "params": {"T1": 0.09090209874376871, "T3": 0.13139383059604937, "T5": 0.06685315551451028, "U1": 13.619580067727032, "U5": 15.651321899200216}, "datetime": {"datetime": "2021-03-05 13:08:16", "elapsed": 120.330986, "delta": 0.803852}}
{"target": 0.30019160846110127, "params": {"T1": 0.14524957354370746, "T3": 0.1293462964500396, "T5": 0.14252181694452765, "U1": 17.034077646679442, "U5": 13.012763425422763}, "datetime": {"datetime": "2021-03-05 13:08:17", "elapsed": 121.236496, "delta": 0.90551}}
{"target": 0.9363101268381409, "params": {"T1": 0.06344336988849282, "T3": 0.07505976607889207, "T5": 0.0746977351675732, "U1": 19.201266834430776, "U5": 17.167298742492598}, "datetime": {"datetime": "2021-03-05 13:08:17", "elapsed": 122.035362, "delta": 0.798866}}
{"target": 0.3011643479154239, "params": {"T1": 0.10282305025015445, "T3": 0.09079275610706918, "T5": 0.055351508250704146, "U1": 19.974572247401674, "U5": 16.62078411685865}, "datetime": {"datetime": "2021-03-05 13:08:18", "elapsed": 122.809181, "delta": 0.773819}}
{"target": 0.33127216239465407, "params": {"T1": 0.06329833731541074, "T3": 0.10921641595035853, "T5": 0.14901589357094236, "U1": 15.601796182519053, "U5": 16.784297533116476}, "datetime": {"datetime": "2021-03-05 13:08:19", "elapsed": 123.566817, "delta": 0.757636}}
{"target": 0.164142404908461, "params": {"T1": 0.11081571610865265, "T3": 0.08541554953252085, "T5": 0.08723804201764829, "U1": 15.097224712577983, "U5": 19.161509844030086}, "datetime": {"datetime": "2021-03-05 13:08:19", "elapsed": 124.133145, "delta": 0.566328}}
{"target": 0.427252983541183, "params": {"T1": 0.11345913854289312, "T3": 0.14736037300680102, "T5": 0.06510118103071329, "U1": 13.996205896638616, "U5": 16.38324452296703}, "datetime": {"datetime": "2021-03-05 13:08:20", "elapsed": 124.974745, "delta": 0.8416}}
{"target": 0.2536784424180997, "params": {"T1": 0.08098149904149501, "T3": 0.08251619782560132, "T5": 0.0892213414054118, "U1": 15.936106614350958, "U5": 18.184601748070534}, "datetime": {"datetime": "2021-03-05 13:08:22", "elapsed": 126.200618, "delta": 1.225873}}
{"target": 0.2896315754114084, "params": {"T1": 0.10134314503282821, "T3": 0.0774696453737311, "T5": 0.12324753662516046, "U1": 15.014135111328237, "U5": 12.585239702014396}, "datetime": {"datetime": "2021-03-05 13:08:22", "elapsed": 127.082969, "delta": 0.882351}}
{"target": 0.2774253991467178, "params": {"T1": 0.10096056162405136, "T3": 0.143005393399745, "T5": 0.1395138087203131, "U1": 18.080004693705824, "U5": 18.636878314885813}, "datetime": {"datetime": "2021-03-05 13:08:23", "elapsed": 127.828476, "delta": 0.745507}}
{"target": 0.28645037502968096, "params": {"T1": 0.10103112512745888, "T3": 0.12966838987095342, "T5": 0.10146001437469303, "U1": 12.844118504490488, "U5": 17.30247818002509}, "datetime": {"datetime": "2021-03-05 13:08:24", "elapsed": 128.881754, "delta": 1.053278}}
{"target": 0.1725245528387957, "params": {"T1": 0.0652592843359643, "T3": 0.12555378824905364, "T5": 0.13843943741714515, "U1": 14.308006582477319, "U5": 14.125368133179968}, "datetime": {"datetime": "2021-03-05 13:08:25", "elapsed": 129.645621, "delta": 0.763867}}
{"target": 0.24505324815993498, "params": {"T1": 0.10140318084978917, "T3": 0.0747922645790678, "T5": 0.08558689688487066, "U1": 18.312978988809018, "U5": 13.880787921721723}, "datetime": {"datetime": "2021-03-05 13:08:26", "elapsed": 130.56067, "delta": 0.915049}}
{"target": 0.31216331103035844, "params": {"T1": 0.08266721584232063, "T3": 0.07810724534976321, "T5": 0.06922399754673762, "U1": 17.036606569150546, "U5": 12.716382237340639}, "datetime": {"datetime": "2021-03-05 13:08:27", "elapsed": 131.654323, "delta": 1.093653}}
{"target": 0.2345764156053749, "params": {"T1": 0.12205907784519038, "T3": 0.10453793095491609, "T5": 0.1189009867598002, "U1": 14.480241780513294, "U5": 15.062490960837977}, "datetime": {"datetime": "2021-03-05 13:08:28", "elapsed": 132.485042, "delta": 0.830719}}
{"target": 0.13014935898859942, "params": {"T1": 0.12313837724170502, "T3": 0.06560835982470875, "T5": 0.1258526354983715, "U1": 13.84112114896032, "U5": 16.284093172948296}, "datetime": {"datetime": "2021-03-05 13:08:29", "elapsed": 133.448177, "delta": 0.963135}}
{"target": 0.33061721888064016, "params": {"T1": 0.050573713639343466, "T3": 0.1438719201792614, "T5": 0.09803447778389857, "U1": 17.324335663778974, "U5": 15.794637194251543}, "datetime": {"datetime": "2021-03-05 13:08:30", "elapsed": 134.340172, "delta": 0.891995}}
{"target": 0.2724686268428357, "params": {"T1": 0.1433835955673099, "T3": 0.06247141091867392, "T5": 0.12025321805214213, "U1": 12.435027241152259, "U5": 12.20742215474549}, "datetime": {"datetime": "2021-03-05 13:08:31", "elapsed": 135.210256, "delta": 0.870084}}
{"target": 0.15742195886598173, "params": {"T1": 0.08325786956072154, "T3": 0.0502854521747067, "T5": 0.05617781118758513, "U1": 15.708595059696018, "U5": 12.951836663181743}, "datetime": {"datetime": "2021-03-05 13:08:31", "elapsed": 136.02691, "delta": 0.816654}}
{"target": 0.21811385881926554, "params": {"T1": 0.14542955696216664, "T3": 0.11238949688428934, "T5": 0.08118379676284267, "U1": 18.51153441108806, "U5": 12.904342268970133}, "datetime": {"datetime": "2021-03-05 13:08:32", "elapsed": 137.084062, "delta": 1.057152}}
{"target": 0.2611134369696013, "params": {"T1": 0.09337387860381217, "T3": 0.10330051697464192, "T5": 0.1336720283198819, "U1": 16.873098682418103, "U5": 13.5903042639561}, "datetime": {"datetime": "2021-03-05 13:08:33", "elapsed": 138.064636, "delta": 0.980574}}
{"target": 0.3215505979719093, "params": {"T1": 0.10667324411993971, "T3": 0.14339040604648934, "T5": 0.09943847716390619, "U1": 17.238519746269795, "U5": 19.51973459245447}, "datetime": {"datetime": "2021-03-05 13:08:34", "elapsed": 138.894481, "delta": 0.829845}}
{"target": 0.1140806656512585, "params": {"T1": 0.12856688393778587, "T3": 0.0958482873351228, "T5": 0.10280451886346917, "U1": 15.882802760445605, "U5": 19.570171446155086}, "datetime": {"datetime": "2021-03-05 13:08:36", "elapsed": 140.35883, "delta": 1.464349}}
{"target": 0.12647376697115612, "params": {"T1": 0.13000278836847434, "T3": 0.09581501679442028, "T5": 0.08839668238293621, "U1": 13.849963460409864, "U5": 19.656614698536316}, "datetime": {"datetime": "2021-03-05 13:08:37", "elapsed": 141.784617, "delta": 1.425787}}
{"target": 0.2776384109650685, "params": {"T1": 0.07539754350836078, "T3": 0.135835552656038, "T5": 0.07775478534115884, "U1": 14.866478251160661, "U5": 19.992347067922868}, "datetime": {"datetime": "2021-03-05 13:08:38", "elapsed": 142.646856, "delta": 0.862239}}
{"target": 0.16286557417314484, "params": {"T1": 0.06240568896473328, "T3": 0.0551493472716206, "T5": 0.08093299943119367, "U1": 13.682094759049672, "U5": 18.68129916558513}, "datetime": {"datetime": "2021-03-05 13:08:39", "elapsed": 143.519365, "delta": 0.872509}}
{"target": 0.2919644609503152, "params": {"T1": 0.10625816979174166, "T3": 0.14835231797848347, "T5": 0.08751419608469078, "U1": 18.961921887193377, "U5": 12.244103153472999}, "datetime": {"datetime": "2021-03-05 13:08:40", "elapsed": 144.459246, "delta": 0.939881}}
{"target": 0.14244019045678993, "params": {"T1": 0.0768602027700701, "T3": 0.057353094645794384, "T5": 0.12149828908746665, "U1": 17.59308675747407, "U5": 14.355964421929883}, "datetime": {"datetime": "2021-03-05 13:08:41", "elapsed": 145.262349, "delta": 0.803103}}
{"target": 0.17562389470697093, "params": {"T1": 0.05356945610033303, "T3": 0.12387820575720106, "T5": 0.06893862848248791, "U1": 13.078121228345193, "U5": 13.698337238685074}, "datetime": {"datetime": "2021-03-05 13:08:41", "elapsed": 146.109128, "delta": 0.846779}}
{"target": 0.19083785810537718, "params": {"T1": 0.1073033405301577, "T3": 0.09465647221952131, "T5": 0.0521475603016811, "U1": 16.966392708660074, "U5": 19.774356176017545}, "datetime": {"datetime": "2021-03-05 13:08:42", "elapsed": 146.968849, "delta": 0.859721}}
{"target": 0.28536061887360414, "params": {"T1": 0.09599234186062072, "T3": 0.12964973957792614, "T5": 0.0753581335375996, "U1": 19.61636508013319, "U5": 13.577239631275567}, "datetime": {"datetime": "2021-03-05 13:08:44", "elapsed": 148.220849, "delta": 1.252}}
{"target": 0.3114645380551063, "params": {"T1": 0.060113622279053515, "T3": 0.08323574874892892, "T5": 0.0921090748223011, "U1": 14.224017031115771, "U5": 13.17730747282131}, "datetime": {"datetime": "2021-03-05 13:08:45", "elapsed": 149.510988, "delta": 1.290139}}
{"target": 0.16672013151426857, "params": {"T1": 0.12443066180349298, "T3": 0.07337911094741918, "T5": 0.12989237882409382, "U1": 12.04622920539336, "U5": 18.476558516922584}, "datetime": {"datetime": "2021-03-05 13:08:46", "elapsed": 150.249384, "delta": 0.738396}}
