{"target": 0.3005982503487339, "params": {"T1": 0.08448539644419782, "T3": 0.14489904070630127, "T5": 0.10323333281895505, "U1": 13.49772041714977, "U5": 16.556620752878764}, "datetime": {"datetime": "2021-03-05 15:47:56", "elapsed": 226.800493, "delta": 0.687544}}
{"target": 0.30366247429428117, "params": {"T1": 0.06132590050876853, "T3": 0.06804346219462419, "T5": 0.06604204153892403, "U1": 12.061228069369434, "U5": 15.067566339575126}, "datetime": {"datetime": "2021-03-05 15:47:57", "elapsed": 227.830358, "delta": 1.029865}}
{"target": 0.34610356609947507, "params": {"T1": 0.05422431905095474, "T3": 0.13992083307378503, "T5": 0.09020321149162389, "U1": 17.7113211691941, "U5": 13.302977637850534}, "datetime": {"datetime": "2021-03-05 15:47:58", "elapsed": 228.617409, "delta": 0.787051}}
{"target": 0.3006890321940145, "params": {"T1": 0.11712705862283875, "T3": 0.06229357542099232, "T5": 0.06297757174724647, "U1": 16.600071672240247, "U5": 19.2798705261858}, "datetime": {"datetime": "2021-03-05 15:47:58", "elapsed": 229.400879, "delta": 0.78347}}
{"target": 0.32532219423197567, "params": {"T1": 0.0850415528489509, "T3": 0.1269049770607969, "T5": 0.06398246090720086, "U1": 18.944912271580627, "U5": 19.945669332339158}, "datetime": {"datetime": "2021-03-05 15:47:59", "elapsed": 230.19639, "delta": 0.795511}}
{"target": 0.22121206422601147, "params": {"T1": 0.11736120880023451, "T3": 0.052319566921484886, "T5": 0.06883813585346017, "U1": 16.902314308452308, "U5": 16.494933632915888}, "datetime": {"datetime": "2021-03-05 15:48:00", "elapsed": 230.886972, "delta": 0.690582}}
{"target": 0.29934663039481846, "params": {"T1": 0.125945842416825, "T3": 0.1303721411966333, "T5": 0.08457094368157397, "U1": 13.160244243071865, "U5": 13.329292693520905}, "datetime": {"datetime": "2021-03-05 15:48:01", "elapsed": 231.973773, "delta": 1.086801}}
{"target": 0.3294444020217274, "params": {"T1": 0.06258241601578916, "T3": 0.1483155206769659, "T5": 0.103733239531729, "U1": 16.675175909426418, "U5": 14.630490024036288}, "datetime": {"datetime": "2021-03-05 15:48:02", "elapsed": 232.689372, "delta": 0.715599}}
{"target": 0.3862959373544921, "params": {"T1": 0.06792368522638173, "T3": 0.0687831614371573, "T5": 0.09549106899959668, "U1": 19.482687222527474, "U5": 13.162922656575041}, "datetime": {"datetime": "2021-03-05 15:48:02", "elapsed": 233.386625, "delta": 0.697253}}
{"target": 0.2761363453726599, "params": {"T1": 0.1494329529223719, "T3": 0.10885363446154572, "T5": 0.08738282317000859, "U1": 19.071263033862543, "U5": 13.092003491053052}, "datetime": {"datetime": "2021-03-05 15:48:03", "elapsed": 234.091152, "delta": 0.704527}}
{"target": 0.3013090487404196, "params": {"T1": 0.1400943716827231, "T3": 0.09043076921635418, "T5": 0.10979468027990613, "U1": 14.507244246709877, "U5": 13.596438976799147}, "datetime": {"datetime": "2021-03-05 15:48:04", "elapsed": 234.871608, "delta": 0.780456}}
{"target": 0.576397567599384, "params": {"T1": 0.10814530066909478, "T3": 0.06736056123114571, "T5": 0.08112856190323772, "U1": 13.440069815458902, "U5": 18.64794402444244}, "datetime": {"datetime": "2021-03-05 15:48:05", "elapsed": 235.619058, "delta": 0.74745}}
{"target": 0.3092247721781217, "params": {"T1": 0.07667077178119647, "T3": 0.14342438548469497, "T5": 0.08468372804795903, "U1": 14.519651892595732, "U5": 14.589929482026758}, "datetime": {"datetime": "2021-03-05 15:48:05", "elapsed": 236.374314, "delta": 0.755256}}
{"target": 0.31332855932716625, "params": {"T1": 0.073819487484613, "T3": 0.09797587364503552, "T5": 0.08035269890161376, "U1": 15.306204925778108, "U5": 16.489169193658917}, "datetime": {"datetime": "2021-03-05 15:48:06", "elapsed": 237.030209, "delta": 0.655895}}
{"target": 0.29586219207875786, "params": {"T1": 0.12361498690593539, "T3": 0.10743451421389022, "T5": 0.08337324336743068, "U1": 15.499701899182721, "U5": 13.099365852959458}, "datetime": {"datetime": "2021-03-05 15:48:07", "elapsed": 237.992053, "delta": 0.961844}}
{"target": 0.295892227056121, "params": {"T1": 0.0895378717111601, "T3": 0.13370715652334203, "T5": 0.08040699691292955, "U1": 13.31935700437499, "U5": 13.41171997078609}, "datetime": {"datetime": "2021-03-05 15:48:08", "elapsed": 238.72753, "delta": 0.735477}}
{"target": 0.364050756193659, "params": {"T1": 0.07283098681895592, "T3": 0.10086306621567767, "T5": 0.07244113809242046, "U1": 17.98523076654564, "U5": 19.67059341701706}, "datetime": {"datetime": "2021-03-05 15:48:09", "elapsed": 239.469479, "delta": 0.741949}}
{"target": 0.29479876688631296, "params": {"T1": 0.14649452932341542, "T3": 0.05794382276652539, "T5": 0.1394650620776946, "U1": 19.557160250918745, "U5": 19.113206809042513}, "datetime": {"datetime": "2021-03-05 15:48:09", "elapsed": 240.261808, "delta": 0.792329}}
{"target": 0.3402847619871505, "params": {"T1": 0.06022818857942737, "T3": 0.13501229949028043, "T5": 0.06266686345717316, "U1": 16.706426625825042, "U5": 14.141682912850879}, "datetime": {"datetime": "2021-03-05 15:48:10", "elapsed": 241.278278, "delta": 1.01647}}
{"target": 0.3014504770544007, "params": {"T1": 0.056799766288591305, "T3": 0.10015603612771905, "T5": 0.053678258623528576, "U1": 12.691740636641114, "U5": 13.492446876582974}, "datetime": {"datetime": "2021-03-05 15:48:11", "elapsed": 242.329232, "delta": 1.050954}}
{"target": 0.3015938000927769, "params": {"T1": 0.07988837099972193, "T3": 0.11987468778822284, "T5": 0.13412746498379802, "U1": 19.73935959195839, "U5": 18.269104090757473}, "datetime": {"datetime": "2021-03-05 15:48:12", "elapsed": 243.030357, "delta": 0.701125}}
{"target": 0.31729070576999585, "params": {"T1": 0.10873125021053862, "T3": 0.10359706399318769, "T5": 0.09174849379846603, "U1": 14.492470303206227, "U5": 13.278399051190974}, "datetime": {"datetime": "2021-03-05 15:48:13", "elapsed": 244.037255, "delta": 1.006898}}
{"target": 0.4354963924094768, "params": {"T1": 0.14311606743193883, "T3": 0.14178999407323692, "T5": 0.07211154967906266, "U1": 15.541672170372486, "U5": 17.023412587563634}, "datetime": {"datetime": "2021-03-05 15:48:14", "elapsed": 244.805153, "delta": 0.767898}}
{"target": 0.41953415512855774, "params": {"T1": 0.14253949587489312, "T3": 0.11848194502750482, "T5": 0.14506179896250615, "U1": 16.061817202926527, "U5": 15.632023278084226}, "datetime": {"datetime": "2021-03-05 15:48:15", "elapsed": 245.533682, "delta": 0.728529}}
{"target": 0.3138656287283512, "params": {"T1": 0.09176247867311021, "T3": 0.13873704337998666, "T5": 0.05333119215338607, "U1": 18.772637740401514, "U5": 16.463809956086408}, "datetime": {"datetime": "2021-03-05 15:48:15", "elapsed": 246.239267, "delta": 0.705585}}
{"target": 0.3010767625876662, "params": {"T1": 0.11250222881624158, "T3": 0.10143822795159699, "T5": 0.05096740455676499, "U1": 15.391897547807663, "U5": 12.984395507000604}, "datetime": {"datetime": "2021-03-05 15:48:16", "elapsed": 247.091702, "delta": 0.852435}}
{"target": 0.2883472696309494, "params": {"T1": 0.09151806398071942, "T3": 0.06812892828118003, "T5": 0.12387405249614508, "U1": 12.813074384459838, "U5": 13.55169801996536}, "datetime": {"datetime": "2021-03-05 15:48:17", "elapsed": 248.21211, "delta": 1.120408}}
{"target": 0.2869190049201496, "params": {"T1": 0.06761437651120009, "T3": 0.0678753031697096, "T5": 0.07818603901461493, "U1": 18.121212799304196, "U5": 12.65143546661277}, "datetime": {"datetime": "2021-03-05 15:48:18", "elapsed": 249.39289, "delta": 1.18078}}
{"target": 0.2755619594264902, "params": {"T1": 0.054369169646108974, "T3": 0.06993951964878674, "T5": 0.14106954175198894, "U1": 15.369756353105615, "U5": 17.696391604492273}, "datetime": {"datetime": "2021-03-05 15:48:19", "elapsed": 250.274085, "delta": 0.881195}}
{"target": 0.3005962849427615, "params": {"T1": 0.06410009983642571, "T3": 0.0748052269430487, "T5": 0.11667088088079204, "U1": 15.110607747914113, "U5": 12.459943399882807}, "datetime": {"datetime": "2021-03-05 15:48:20", "elapsed": 250.959107, "delta": 0.685022}}
{"target": 0.4387694362640539, "params": {"T1": 0.0736504182496276, "T3": 0.09414770038429918, "T5": 0.05254304123026879, "U1": 17.849614952452487, "U5": 19.00481253758339}, "datetime": {"datetime": "2021-03-05 15:48:21", "elapsed": 251.741745, "delta": 0.782638}}
{"target": 0.30045176828293896, "params": {"T1": 0.1373321254879249, "T3": 0.06479547256736837, "T5": 0.07472840368019264, "U1": 17.795838929270854, "U5": 12.186301513360501}, "datetime": {"datetime": "2021-03-05 15:48:22", "elapsed": 252.906819, "delta": 1.165074}}
{"target": 0.22870065604806714, "params": {"T1": 0.07317055956140442, "T3": 0.07534021822740904, "T5": 0.11159106952563361, "U1": 12.339833340483697, "U5": 13.751961971234685}, "datetime": {"datetime": "2021-03-05 15:48:23", "elapsed": 253.659458, "delta": 0.752639}}
{"target": 0.3194317143488909, "params": {"T1": 0.07428747346662432, "T3": 0.07801365960786945, "T5": 0.09010308227403441, "U1": 16.68935929279889, "U5": 17.13618044029645}, "datetime": {"datetime": "2021-03-05 15:48:24", "elapsed": 254.748853, "delta": 1.089395}}
{"target": 0.2935801005761374, "params": {"T1": 0.05594954978851055, "T3": 0.05650428479203015, "T5": 0.13455062247081395, "U1": 19.277146112983683, "U5": 18.262543322517544}, "datetime": {"datetime": "2021-03-05 15:48:25", "elapsed": 255.881685, "delta": 1.132832}}
{"target": 0.32538021574987397, "params": {"T1": 0.07491397562711578, "T3": 0.14191950297543443, "T5": 0.09946587369465609, "U1": 15.266217802409756, "U5": 18.277045472287238}, "datetime": {"datetime": "2021-03-05 15:48:26", "elapsed": 256.608448, "delta": 0.726763}}
{"target": 0.30626161362611987, "params": {"T1": 0.11401762391810497, "T3": 0.09050147101169616, "T5": 0.08784056611888126, "U1": 12.863368168691581, "U5": 15.051244461117628}, "datetime": {"datetime": "2021-03-05 15:48:27", "elapsed": 257.703744, "delta": 1.095296}}
{"target": 0.3079662222285718, "params": {"T1": 0.06507147090490714, "T3": 0.1242649748239953, "T5": 0.11977589837082078, "U1": 17.70651247218036, "U5": 15.402429183929964}, "datetime": {"datetime": "2021-03-05 15:48:28", "elapsed": 258.915494, "delta": 1.21175}}
{"target": 0.29775965218920947, "params": {"T1": 0.05894918878625832, "T3": 0.13294463543958598, "T5": 0.10477822806850207, "U1": 12.015507837536038, "U5": 15.561684411571797}, "datetime": {"datetime": "2021-03-05 15:48:29", "elapsed": 259.698676, "delta": 0.783182}}
{"target": 0.2856283660595913, "params": {"T1": 0.12733439793571005, "T3": 0.11634208825338556, "T5": 0.10047522030035358, "U1": 16.55188356787733, "U5": 17.230970534711773}, "datetime": {"datetime": "2021-03-05 15:48:30", "elapsed": 260.462174, "delta": 0.763498}}
{"target": 0.3004056864497381, "params": {"T1": 0.0935285249885073, "T3": 0.10217445013981939, "T5": 0.0972673932416929, "U1": 13.059037382164941, "U5": 19.60744531781924}, "datetime": {"datetime": "2021-03-05 15:48:30", "elapsed": 261.251538, "delta": 0.789364}}
{"target": 0.2908308949352915, "params": {"T1": 0.09792235391200912, "T3": 0.10923189198127235, "T5": 0.08660092470555222, "U1": 12.04053228756412, "U5": 15.964761936124418}, "datetime": {"datetime": "2021-03-05 15:48:32", "elapsed": 263.03945, "delta": 1.787912}}
{"target": 0.30633117772107404, "params": {"T1": 0.1176079987125956, "T3": 0.08691338552007842, "T5": 0.10776974913391167, "U1": 16.633610281823614, "U5": 13.768860610591073}, "datetime": {"datetime": "2021-03-05 15:48:33", "elapsed": 263.892752, "delta": 0.853302}}
{"target": 0.28534331865941504, "params": {"T1": 0.07967685746433867, "T3": 0.10646247486768451, "T5": 0.13298496802133947, "U1": 18.441384816551313, "U5": 18.072850668644236}, "datetime": {"datetime": "2021-03-05 15:48:34", "elapsed": 264.652021, "delta": 0.759269}}
{"target": 0.30470784241283405, "params": {"T1": 0.08366274296289447, "T3": 0.051639170786193594, "T5": 0.11827892431907815, "U1": 17.30692694740722, "U5": 12.838410252473366}, "datetime": {"datetime": "2021-03-05 15:48:35", "elapsed": 265.765613, "delta": 1.113592}}
{"target": 0.4944760942383883, "params": {"T1": 0.09547717254751587, "T3": 0.11961011016263201, "T5": 0.09036481303540041, "U1": 17.460561900069486, "U5": 15.220360958698887}, "datetime": {"datetime": "2021-03-05 15:48:36", "elapsed": 266.484019, "delta": 0.718406}}
{"target": 0.2956998358999759, "params": {"T1": 0.11423165753674258, "T3": 0.1243149889708654, "T5": 0.0961900608674397, "U1": 13.564839252218242, "U5": 12.225044863096326}, "datetime": {"datetime": "2021-03-05 15:48:37", "elapsed": 267.996175, "delta": 1.512156}}
{"target": 0.28114258837611883, "params": {"T1": 0.13506031107534228, "T3": 0.0770259145953041, "T5": 0.0792128866015045, "U1": 13.091621134306706, "U5": 17.47548563001062}, "datetime": {"datetime": "2021-03-05 15:48:38", "elapsed": 268.733207, "delta": 0.737032}}
{"target": 0.19361602004280745, "params": {"T1": 0.09474620963336386, "T3": 0.07980645598688424, "T5": 0.09949103736802323, "U1": 18.683836960493828, "U5": 16.28325994363112}, "datetime": {"datetime": "2021-03-05 15:48:39", "elapsed": 269.908778, "delta": 1.175571}}
{"target": 0.30374572356657176, "params": {"T1": 0.14274706660824626, "T3": 0.08595015331244202, "T5": 0.09837593206051526, "U1": 18.907517194925866, "U5": 16.830303048223378}, "datetime": {"datetime": "2021-03-05 15:48:40", "elapsed": 270.673483, "delta": 0.764705}}
{"target": 0.3000154545990648, "params": {"T1": 0.13929699225344525, "T3": 0.13091665782942255, "T5": 0.10790509061211964, "U1": 13.938755851940563, "U5": 13.130283899902334}, "datetime": {"datetime": "2021-03-05 15:48:41", "elapsed": 272.295165, "delta": 1.621682}}
{"target": 0.30226442929543956, "params": {"T1": 0.13206887752665203, "T3": 0.09306035607178872, "T5": 0.0864631936441041, "U1": 13.232756174836126, "U5": 15.001202456753601}, "datetime": {"datetime": "2021-03-05 15:48:43", "elapsed": 273.869839, "delta": 1.574674}}
{"target": 0.18832965666322055, "params": {"T1": 0.11193083644075212, "T3": 0.09446176393055676, "T5": 0.06163648048608709, "U1": 18.39976907925459, "U5": 18.72914302698083}, "datetime": {"datetime": "2021-03-05 15:48:44", "elapsed": 274.718722, "delta": 0.848883}}
{"target": 0.5575863191231036, "params": {"T1": 0.1370978753942001, "T3": 0.0793327055914742, "T5": 0.12327017903143483, "U1": 18.034802550835614, "U5": 13.451228165916095}, "datetime": {"datetime": "2021-03-05 15:48:45", "elapsed": 275.49184, "delta": 0.773118}}
{"target": 0.23127033783445025, "params": {"T1": 0.09686170810924427, "T3": 0.14064262426694762, "T5": 0.08240492745114074, "U1": 14.44041185640343, "U5": 19.550746066061617}, "datetime": {"datetime": "2021-03-05 15:48:46", "elapsed": 276.726781, "delta": 1.234941}}
{"target": 0.39543229997876, "params": {"T1": 0.056402850660798476, "T3": 0.057099708474545374, "T5": 0.060205214071141794, "U1": 19.80693321514703, "U5": 13.500800929825129}, "datetime": {"datetime": "2021-03-05 15:48:47", "elapsed": 277.653922, "delta": 0.927141}}
{"target": 0.2988617810911266, "params": {"T1": 0.08814270692171419, "T3": 0.06062411331576598, "T5": 0.1390984491402648, "U1": 12.236132933219318, "U5": 13.97169693508932}, "datetime": {"datetime": "2021-03-05 15:48:48", "elapsed": 278.436558, "delta": 0.782636}}
{"target": 0.29459412846912997, "params": {"T1": 0.09528335950315434, "T3": 0.1441399001543851, "T5": 0.0533579265719423, "U1": 12.691902756066442, "U5": 17.86242539549954}, "datetime": {"datetime": "2021-03-05 15:48:48", "elapsed": 279.271139, "delta": 0.834581}}
{"target": 0.3032379034880257, "params": {"T1": 0.05644523110713229, "T3": 0.12007022203648073, "T5": 0.12738352112169687, "U1": 17.229568428799496, "U5": 17.19212714677084}, "datetime": {"datetime": "2021-03-05 15:48:49", "elapsed": 280.055702, "delta": 0.784563}}
{"target": 0.26899650758761473, "params": {"T1": 0.14037229497115072, "T3": 0.11935333400219914, "T5": 0.1346188335731171, "U1": 18.86754675104048, "U5": 17.264107357867253}, "datetime": {"datetime": "2021-03-05 15:48:50", "elapsed": 280.863567, "delta": 0.807865}}
{"target": 0.5931093125361429, "params": {"T1": 0.121424561924335, "T3": 0.14049813187236823, "T5": 0.06922684127313947, "U1": 19.5556263298769, "U5": 18.65569681631326}, "datetime": {"datetime": "2021-03-05 15:48:51", "elapsed": 281.636958, "delta": 0.773391}}
{"target": 0.21232519491552646, "params": {"T1": 0.051098832994155054, "T3": 0.07248129556499869, "T5": 0.14540316381806762, "U1": 15.583244996323664, "U5": 15.562908014134152}, "datetime": {"datetime": "2021-03-05 15:48:52", "elapsed": 282.463164, "delta": 0.826206}}
{"target": 0.2932592206656339, "params": {"T1": 0.11342866926938264, "T3": 0.09149675631847058, "T5": 0.10290779330791987, "U1": 19.16249429349061, "U5": 17.439565324908138}, "datetime": {"datetime": "2021-03-05 15:48:52", "elapsed": 283.362337, "delta": 0.899173}}
{"target": 0.2975577532275304, "params": {"T1": 0.10562337739339732, "T3": 0.06018011099987202, "T5": 0.11754690300253305, "U1": 12.05928751444647, "U5": 12.493886947861188}, "datetime": {"datetime": "2021-03-05 15:48:53", "elapsed": 284.313912, "delta": 0.951575}}
{"target": 0.3120502154662423, "params": {"T1": 0.08134785358819455, "T3": 0.07243833208369044, "T5": 0.0774506822842787, "U1": 12.717955208675814, "U5": 15.143431386575788}, "datetime": {"datetime": "2021-03-05 15:48:54", "elapsed": 285.169504, "delta": 0.855592}}
{"target": 0.306640205512265, "params": {"T1": 0.08173273189626716, "T3": 0.14438107044723664, "T5": 0.11482525579554957, "U1": 12.830318770408745, "U5": 18.854673619360867}, "datetime": {"datetime": "2021-03-05 15:48:55", "elapsed": 285.944788, "delta": 0.775284}}
{"target": 0.35715209193938124, "params": {"T1": 0.07042555986680304, "T3": 0.09623031450114602, "T5": 0.07332905107424503, "U1": 17.64188547536184, "U5": 16.00110762526258}, "datetime": {"datetime": "2021-03-05 15:48:56", "elapsed": 286.807653, "delta": 0.862865}}
{"target": 0.2985276066065188, "params": {"T1": 0.05413072568304486, "T3": 0.12517083061889372, "T5": 0.1277109155602587, "U1": 17.074027144490557, "U5": 12.363665229578547}, "datetime": {"datetime": "2021-03-05 15:48:57", "elapsed": 287.822975, "delta": 1.015322}}
{"target": 0.32226909244074664, "params": {"T1": 0.10629851285359104, "T3": 0.06362675267461022, "T5": 0.09280589904694805, "U1": 15.60423607980737, "U5": 18.63291481990584}, "datetime": {"datetime": "2021-03-05 15:48:58", "elapsed": 288.70228, "delta": 0.879305}}
{"target": 0.29930731917553915, "params": {"T1": 0.052417862663108744, "T3": 0.10453931997522198, "T5": 0.08995471870271406, "U1": 18.354420782036485, "U5": 12.123023547147348}, "datetime": {"datetime": "2021-03-05 15:48:59", "elapsed": 289.524904, "delta": 0.822624}}
{"target": 0.2418982564395376, "params": {"T1": 0.07681723893075201, "T3": 0.09420093870453228, "T5": 0.05241594358851651, "U1": 18.11075017794336, "U5": 18.857445288473393}, "datetime": {"datetime": "2021-03-05 15:49:00", "elapsed": 290.432153, "delta": 0.907249}}
{"target": 0.3010543445988586, "params": {"T1": 0.059487240673280976, "T3": 0.0760046155404993, "T5": 0.051714002276676455, "U1": 19.60590247782538, "U5": 19.821128519898892}, "datetime": {"datetime": "2021-03-05 15:49:00", "elapsed": 291.236137, "delta": 0.803984}}
{"target": 0.28110584716045545, "params": {"T1": 0.13538297707236882, "T3": 0.07640704880398501, "T5": 0.058919062246992164, "U1": 13.811449497139426, "U5": 12.94042007263338}, "datetime": {"datetime": "2021-03-05 15:49:01", "elapsed": 291.996095, "delta": 0.759958}}
{"target": 0.28831233191304434, "params": {"T1": 0.053346468835036825, "T3": 0.11257039264098297, "T5": 0.11292736196202692, "U1": 18.62955719596415, "U5": 13.948769700747327}, "datetime": {"datetime": "2021-03-05 15:49:02", "elapsed": 292.725653, "delta": 0.729558}}
{"target": 0.30560067323893764, "params": {"T1": 0.058039926941106317, "T3": 0.09074319112273069, "T5": 0.10626602314725735, "U1": 13.901981257590755, "U5": 17.03466034273135}, "datetime": {"datetime": "2021-03-05 15:49:03", "elapsed": 293.570546, "delta": 0.844893}}
{"target": 0.28550476331026325, "params": {"T1": 0.1326055881758802, "T3": 0.1393729256353869, "T5": 0.052854227672757416, "U1": 14.374195407327345, "U5": 16.734147185556395}, "datetime": {"datetime": "2021-03-05 15:49:04", "elapsed": 294.525135, "delta": 0.954589}}
{"target": 0.2995633436344202, "params": {"T1": 0.1453203920167801, "T3": 0.05412074935888668, "T5": 0.14768049974710776, "U1": 12.707040625230153, "U5": 16.11320021708099}, "datetime": {"datetime": "2021-03-05 15:49:05", "elapsed": 295.841341, "delta": 1.316206}}
{"target": 0.28549560904429067, "params": {"T1": 0.05475905034069354, "T3": 0.06532715053040467, "T5": 0.08230526151852317, "U1": 18.571673426770978, "U5": 14.088915493392456}, "datetime": {"datetime": "2021-03-05 15:49:06", "elapsed": 296.783858, "delta": 0.942517}}
{"target": 0.3995283026188915, "params": {"T1": 0.14488044291577942, "T3": 0.06682790746739614, "T5": 0.14935935260102884, "U1": 17.758318872219533, "U5": 17.789239955473253}, "datetime": {"datetime": "2021-03-05 15:49:07", "elapsed": 297.708158, "delta": 0.9243}}
{"target": 0.2827254742377861, "params": {"T1": 0.14784092923881345, "T3": 0.07257910016803784, "T5": 0.1477225442786186, "U1": 14.264815830351079, "U5": 12.999959320267767}, "datetime": {"datetime": "2021-03-05 15:49:08", "elapsed": 298.610178, "delta": 0.90202}}
{"target": 0.3138939751416651, "params": {"T1": 0.09214537502802422, "T3": 0.09192575970370398, "T5": 0.11806816423859032, "U1": 17.710744945652884, "U5": 19.948574530623034}, "datetime": {"datetime": "2021-03-05 15:49:09", "elapsed": 299.433786, "delta": 0.823608}}
{"target": 0.30697036282438733, "params": {"T1": 0.05543890276476852, "T3": 0.06811316929478603, "T5": 0.07189407469096891, "U1": 16.332609262721128, "U5": 15.532277798212979}, "datetime": {"datetime": "2021-03-05 15:49:09", "elapsed": 300.145573, "delta": 0.711787}}
