{"target": 0.784194364297944, "params": {"T1": 0.08698896863988471, "T3": 0.12234521357460322, "T5": 0.05375525495621504, "U1": 15.62907334141017, "U5": 15.613156134433549}, "datetime": {"datetime": "2021-03-04 16:03:04", "elapsed": 17.833881, "delta": 0.052016}}
{"target": 0.18929847913227615, "params": {"T1": 0.05142986109627288, "T3": 0.06374568265984573, "T5": 0.13251112076625254, "U1": 19.766597933414406, "U5": 15.596091881994194}, "datetime": {"datetime": "2021-03-04 16:03:04", "elapsed": 17.885245, "delta": 0.051364}}
{"target": 0.2490611077001805, "params": {"T1": 0.11004498515773924, "T3": 0.08147735524187566, "T5": 0.13868752526799372, "U1": 19.44064453450341, "U5": 16.535361658328068}, "datetime": {"datetime": "2021-03-04 16:03:04", "elapsed": 17.939436, "delta": 0.054191}}
{"target": 0.1521640821661981, "params": {"T1": 0.13703975905965815, "T3": 0.142931041026517, "T5": 0.1069096618799655, "U1": 17.010993877553332, "U5": 12.822967859797796}, "datetime": {"datetime": "2021-03-04 16:03:04", "elapsed": 17.99638, "delta": 0.056944}}
{"target": 0.1641448529179029, "params": {"T1": 0.14306613876859767, "T3": 0.09065522457005928, "T5": 0.06332884932822677, "U1": 12.416547206011835, "U5": 13.635090586136673}, "datetime": {"datetime": "2021-03-04 16:03:04", "elapsed": 18.051494, "delta": 0.055114}}
{"target": 0.14670673905361975, "params": {"T1": 0.07817747645086677, "T3": 0.12662122518245658, "T5": 0.09726998268961556, "U1": 14.637185396311821, "U5": 19.88604878175932}, "datetime": {"datetime": "2021-03-04 16:03:04", "elapsed": 18.104532, "delta": 0.053038}}
{"target": 0.1966445300942998, "params": {"T1": 0.074260158842413, "T3": 0.06684201173661954, "T5": 0.14564676450584985, "U1": 12.564054887613125, "U5": 13.721548460613732}, "datetime": {"datetime": "2021-03-04 16:03:04", "elapsed": 18.158644, "delta": 0.054112}}
{"target": 0.46810537203554486, "params": {"T1": 0.06594347559672856, "T3": 0.12305041745214303, "T5": 0.07274293126475062, "U1": 19.699613758108576, "U5": 13.391235000150857}, "datetime": {"datetime": "2021-03-04 16:03:05", "elapsed": 18.211069, "delta": 0.052425}}
{"target": 0.17987798894958154, "params": {"T1": 0.052981795492370636, "T3": 0.09419917622750873, "T5": 0.0717964098924366, "U1": 15.638931616041202, "U5": 17.42624066048609}, "datetime": {"datetime": "2021-03-04 16:03:05", "elapsed": 18.261831, "delta": 0.050762}}
{"target": 0.2652032547838632, "params": {"T1": 0.11450658959598771, "T3": 0.10840927333344529, "T5": 0.1494427944920757, "U1": 18.938369234958984, "U5": 19.37459184900534}, "datetime": {"datetime": "2021-03-04 16:03:05", "elapsed": 18.316204, "delta": 0.054373}}
{"target": 1.0155624895144744, "params": {"T1": 0.09782418868894813, "T3": 0.08563861760880861, "T5": 0.06614625141926113, "U1": 19.11460731291078, "U5": 13.513053406078761}, "datetime": {"datetime": "2021-03-04 16:03:05", "elapsed": 18.367643, "delta": 0.051439}}
{"target": 0.35664351811796063, "params": {"T1": 0.1436648225029571, "T3": 0.1415838404437818, "T5": 0.09826152429385432, "U1": 12.828698514521854, "U5": 12.305156237628925}, "datetime": {"datetime": "2021-03-04 16:03:05", "elapsed": 18.425429, "delta": 0.057786}}
{"target": 0.22468377908459716, "params": {"T1": 0.12419164140502637, "T3": 0.09976910264545508, "T5": 0.14911704949153465, "U1": 18.400552351078957, "U5": 19.84548779943296}, "datetime": {"datetime": "2021-03-04 16:03:05", "elapsed": 18.480635, "delta": 0.055206}}
{"target": 0.1704680839868777, "params": {"T1": 0.10545471841744325, "T3": 0.10792476088496228, "T5": 0.12532540225408106, "U1": 12.812757685134, "U5": 16.088081202784704}, "datetime": {"datetime": "2021-03-04 16:03:05", "elapsed": 18.536274, "delta": 0.055639}}
{"target": 0.4982114714900825, "params": {"T1": 0.0837508232387292, "T3": 0.14060535353921066, "T5": 0.13175680252273908, "U1": 18.074572404176248, "U5": 19.69360192662513}, "datetime": {"datetime": "2021-03-04 16:03:05", "elapsed": 18.590379, "delta": 0.054105}}
{"target": 0.20861423865177758, "params": {"T1": 0.11640548170433235, "T3": 0.1491516146197272, "T5": 0.08776628262465994, "U1": 14.63522981634117, "U5": 17.827966076990464}, "datetime": {"datetime": "2021-03-04 16:03:05", "elapsed": 18.645325, "delta": 0.054946}}
{"target": 0.3157704712445725, "params": {"T1": 0.12473849572755907, "T3": 0.12975242970752948, "T5": 0.12811144553785292, "U1": 12.961462255352009, "U5": 16.572278288645553}, "datetime": {"datetime": "2021-03-04 16:03:05", "elapsed": 18.701902, "delta": 0.056577}}
{"target": 0.1337384064948137, "params": {"T1": 0.1081674931590013, "T3": 0.05358489504146326, "T5": 0.13763478563530956, "U1": 17.111478477700707, "U5": 15.513473314015817}, "datetime": {"datetime": "2021-03-04 16:03:05", "elapsed": 18.7553, "delta": 0.053398}}
{"target": 0.3427016721751721, "params": {"T1": 0.13446353195684368, "T3": 0.1434158251680478, "T5": 0.1334179312401894, "U1": 17.661146037215936, "U5": 12.659996325196431}, "datetime": {"datetime": "2021-03-04 16:03:05", "elapsed": 18.812866, "delta": 0.057566}}
{"target": 0.2882039088069104, "params": {"T1": 0.08011281920660093, "T3": 0.12276030785435688, "T5": 0.14259259049910705, "U1": 16.250068909680742, "U5": 12.74093286900386}, "datetime": {"datetime": "2021-03-04 16:03:05", "elapsed": 18.86873, "delta": 0.055864}}
{"target": 0.23292740679463328, "params": {"T1": 0.12784186311717777, "T3": 0.10719977398179406, "T5": 0.05447155602679972, "U1": 18.596383900151437, "U5": 14.325128213533432}, "datetime": {"datetime": "2021-03-04 16:03:05", "elapsed": 18.921351, "delta": 0.052621}}
{"target": 0.15102079125992549, "params": {"T1": 0.11533172383237358, "T3": 0.10568082083970265, "T5": 0.09953366124610985, "U1": 15.437914795439095, "U5": 13.193694915167136}, "datetime": {"datetime": "2021-03-04 16:03:05", "elapsed": 18.9764, "delta": 0.055049}}
{"target": 0.6184834040933971, "params": {"T1": 0.062461069671474016, "T3": 0.11222135434890035, "T5": 0.0837609577222514, "U1": 19.340174913327928, "U5": 15.007060091471043}, "datetime": {"datetime": "2021-03-04 16:03:05", "elapsed": 19.027849, "delta": 0.051449}}
{"target": 0.24007237599189152, "params": {"T1": 0.116410296803244, "T3": 0.14807534068739647, "T5": 0.11108797808902693, "U1": 12.423304587025623, "U5": 13.798703796929768}, "datetime": {"datetime": "2021-03-04 16:03:05", "elapsed": 19.085211, "delta": 0.057362}}
{"target": 0.21129431634664056, "params": {"T1": 0.140337284592006, "T3": 0.08516650198504025, "T5": 0.07453535580620067, "U1": 13.566933112412585, "U5": 14.267083462848554}, "datetime": {"datetime": "2021-03-04 16:03:05", "elapsed": 19.14031, "delta": 0.055099}}
{"target": 0.14529474710922258, "params": {"T1": 0.09078453214341223, "T3": 0.1450781057922186, "T5": 0.1279521735146308, "U1": 14.831929127224154, "U5": 13.774657008362553}, "datetime": {"datetime": "2021-03-04 16:03:05", "elapsed": 19.19682, "delta": 0.05651}}
{"target": 0.28428366513970454, "params": {"T1": 0.13691813845793238, "T3": 0.0647300441507364, "T5": 0.10619895690218964, "U1": 15.158348032628624, "U5": 12.3878882886996}, "datetime": {"datetime": "2021-03-04 16:03:06", "elapsed": 19.252119, "delta": 0.055299}}
{"target": 0.17522777045977284, "params": {"T1": 0.07921655537674813, "T3": 0.08528511330364294, "T5": 0.07416845228957018, "U1": 14.490922171065506, "U5": 18.358682371391907}, "datetime": {"datetime": "2021-03-04 16:03:06", "elapsed": 19.303856, "delta": 0.051737}}
{"target": 0.190533282914567, "params": {"T1": 0.06103372770465446, "T3": 0.0866895800222228, "T5": 0.05844235007572023, "U1": 17.81765717107276, "U5": 17.065758118849192}, "datetime": {"datetime": "2021-03-04 16:03:06", "elapsed": 19.354113, "delta": 0.050257}}
{"target": 0.35868375415773895, "params": {"T1": 0.12695428202023545, "T3": 0.07946108029331998, "T5": 0.10471481364483273, "U1": 19.91312996252005, "U5": 13.591420605187057}, "datetime": {"datetime": "2021-03-04 16:03:06", "elapsed": 19.407857, "delta": 0.053744}}
{"target": 0.19212633668556708, "params": {"T1": 0.0692206425462176, "T3": 0.05106439932818673, "T5": 0.10008706373279108, "U1": 15.506998097203383, "U5": 15.264557956329753}, "datetime": {"datetime": "2021-03-04 16:03:06", "elapsed": 19.459369, "delta": 0.051512}}
{"target": 0.4531527452222236, "params": {"T1": 0.0951633854527241, "T3": 0.07842581327526574, "T5": 0.06039371995623849, "U1": 12.724121045380148, "U5": 18.678015725012088}, "datetime": {"datetime": "2021-03-04 16:03:06", "elapsed": 19.510937, "delta": 0.051568}}
{"target": 0.796823433712475, "params": {"T1": 0.149856784971223, "T3": 0.12569016623480112, "T5": 0.0806999075926482, "U1": 18.347161406327523, "U5": 16.615061397168635}, "datetime": {"datetime": "2021-03-04 16:03:06", "elapsed": 19.565969, "delta": 0.055032}}
{"target": 0.42287119197093426, "params": {"T1": 0.07324984489919185, "T3": 0.08838574708362258, "T5": 0.056145868888105854, "U1": 15.001597141430334, "U5": 13.036034841294423}, "datetime": {"datetime": "2021-03-04 16:03:06", "elapsed": 19.616751, "delta": 0.050782}}
{"target": 0.19279063156087436, "params": {"T1": 0.08470613510099886, "T3": 0.12164665020920704, "T5": 0.1056771365281522, "U1": 16.86831200319186, "U5": 14.17443684608282}, "datetime": {"datetime": "2021-03-04 16:03:06", "elapsed": 19.67082, "delta": 0.054069}}
{"target": 0.9250343135022613, "params": {"T1": 0.09719452559998641, "T3": 0.12848273264869714, "T5": 0.07377280648535332, "U1": 16.298316153655822, "U5": 17.347955362464525}, "datetime": {"datetime": "2021-03-04 16:03:06", "elapsed": 19.723611, "delta": 0.052791}}
{"target": 0.42080689735008514, "params": {"T1": 0.0657393147371394, "T3": 0.14662539796299612, "T5": 0.06743863523187912, "U1": 14.797127109988242, "U5": 18.02073716205846}, "datetime": {"datetime": "2021-03-04 16:03:06", "elapsed": 19.775852, "delta": 0.052241}}
{"target": 0.24508578400866876, "params": {"T1": 0.14912819925746665, "T3": 0.05496064853128377, "T5": 0.10913759394915254, "U1": 13.186348820535855, "U5": 18.209849911496267}, "datetime": {"datetime": "2021-03-04 16:03:06", "elapsed": 19.831011, "delta": 0.055159}}
{"target": 0.22345246331481475, "params": {"T1": 0.11972181745124473, "T3": 0.10291659951672724, "T5": 0.058240160600004934, "U1": 19.425499723718495, "U5": 19.425920835183895}, "datetime": {"datetime": "2021-03-04 16:03:06", "elapsed": 19.882431, "delta": 0.05142}}
{"target": 0.4888517305130526, "params": {"T1": 0.12113931742371425, "T3": 0.14254434444899772, "T5": 0.08016978212129304, "U1": 15.900127819671383, "U5": 18.573654350563878}, "datetime": {"datetime": "2021-03-04 16:03:06", "elapsed": 19.936404, "delta": 0.053973}}
{"target": 0.41890690000229724, "params": {"T1": 0.13733956049419732, "T3": 0.11678043667522744, "T5": 0.06746800703681302, "U1": 17.184625996279628, "U5": 12.654405894879968}, "datetime": {"datetime": "2021-03-04 16:03:06", "elapsed": 19.990419, "delta": 0.054015}}
{"target": 0.17088478982294947, "params": {"T1": 0.08245308632893515, "T3": 0.07662539410872576, "T5": 0.13396014814841756, "U1": 15.041675619051782, "U5": 13.448607236558194}, "datetime": {"datetime": "2021-03-04 16:03:06", "elapsed": 20.045034, "delta": 0.054615}}
{"target": 0.12922143703658673, "params": {"T1": 0.14731675895813867, "T3": 0.0817954649166984, "T5": 0.08136074244882066, "U1": 15.424792044997588, "U5": 13.168659881762906}, "datetime": {"datetime": "2021-03-04 16:03:06", "elapsed": 20.099906, "delta": 0.054872}}
{"target": 0.27742151688262434, "params": {"T1": 0.12168757479266938, "T3": 0.052743351564666086, "T5": 0.10933797403447813, "U1": 14.171034964837762, "U5": 12.116812916402143}, "datetime": {"datetime": "2021-03-04 16:03:06", "elapsed": 20.154671, "delta": 0.054765}}
{"target": 0.43084958964314213, "params": {"T1": 0.08210865651891361, "T3": 0.142966538349045, "T5": 0.05791208029537969, "U1": 12.667200140720917, "U5": 18.165714289288065}, "datetime": {"datetime": "2021-03-04 16:03:06", "elapsed": 20.207609, "delta": 0.052938}}
{"target": 0.15234409264188975, "params": {"T1": 0.11633342091503658, "T3": 0.12132282830111037, "T5": 0.13730686043045576, "U1": 12.759599114743573, "U5": 18.186646857716596}, "datetime": {"datetime": "2021-03-04 16:03:07", "elapsed": 20.26379, "delta": 0.056181}}
{"target": 0.5341417633041599, "params": {"T1": 0.07431492948202699, "T3": 0.1348840491033107, "T5": 0.12892195966298803, "U1": 19.358101376143082, "U5": 15.612205539064503}, "datetime": {"datetime": "2021-03-04 16:03:07", "elapsed": 20.318257, "delta": 0.054467}}
{"target": 0.146729258312033, "params": {"T1": 0.0750039909012023, "T3": 0.14780938520626657, "T5": 0.1459560603756444, "U1": 17.69009800279154, "U5": 12.89600170577097}, "datetime": {"datetime": "2021-03-04 16:03:07", "elapsed": 20.37471, "delta": 0.056453}}
{"target": 0.19212054891363492, "params": {"T1": 0.06029085696467127, "T3": 0.062379298633408464, "T5": 0.08913337387050005, "U1": 18.2592332037502, "U5": 13.739481985533219}, "datetime": {"datetime": "2021-03-04 16:03:07", "elapsed": 20.425512, "delta": 0.050802}}
{"target": 0.536293984847547, "params": {"T1": 0.14175816657200785, "T3": 0.056307488808453314, "T5": 0.14282031122506553, "U1": 17.963283149481065, "U5": 16.56677446869106}, "datetime": {"datetime": "2021-03-04 16:03:07", "elapsed": 20.480338, "delta": 0.054826}}
{"target": 0.12997441363839174, "params": {"T1": 0.10755009733145457, "T3": 0.06260336986484122, "T5": 0.0991540071099333, "U1": 14.348808380429915, "U5": 17.1322112489988}, "datetime": {"datetime": "2021-03-04 16:03:07", "elapsed": 20.53355, "delta": 0.053212}}
{"target": 0.19332691306408173, "params": {"T1": 0.07872202055815095, "T3": 0.05876695075255457, "T5": 0.058588012279478886, "U1": 19.48976743563371, "U5": 14.519775803056357}, "datetime": {"datetime": "2021-03-04 16:03:07", "elapsed": 20.583515, "delta": 0.049965}}
{"target": 0.14045556099028209, "params": {"T1": 0.12808475927542579, "T3": 0.07838697952275862, "T5": 0.12970362384826734, "U1": 16.61455349825135, "U5": 15.865232606474539}, "datetime": {"datetime": "2021-03-04 16:03:07", "elapsed": 20.638453, "delta": 0.054938}}
{"target": 0.2621844899141048, "params": {"T1": 0.14097139253959434, "T3": 0.06941403942403675, "T5": 0.06371507716004944, "U1": 12.088145600204012, "U5": 14.892208012202175}, "datetime": {"datetime": "2021-03-04 16:03:07", "elapsed": 20.69325, "delta": 0.054797}}
{"target": 0.20013032530629346, "params": {"T1": 0.07430442068984768, "T3": 0.09693276229544949, "T5": 0.14840412145596135, "U1": 12.49385828039443, "U5": 13.064002539723317}, "datetime": {"datetime": "2021-03-04 16:03:07", "elapsed": 20.750524, "delta": 0.057274}}
{"target": 0.12716297986816524, "params": {"T1": 0.1081224381443101, "T3": 0.06798106720702518, "T5": 0.084846219903469, "U1": 18.39703073006284, "U5": 12.246007485221224}, "datetime": {"datetime": "2021-03-04 16:03:07", "elapsed": 20.805909, "delta": 0.055385}}
{"target": 0.5343548312946381, "params": {"T1": 0.0988256576695499, "T3": 0.11564956892908902, "T5": 0.08639084898357903, "U1": 15.580354201410703, "U5": 18.08247426818528}, "datetime": {"datetime": "2021-03-04 16:03:07", "elapsed": 20.858763, "delta": 0.052854}}
{"target": 0.19797492877597897, "params": {"T1": 0.13039094033432497, "T3": 0.14286781036312676, "T5": 0.13218859115102094, "U1": 17.20385778197773, "U5": 15.834833573041266}, "datetime": {"datetime": "2021-03-04 16:03:07", "elapsed": 20.91591, "delta": 0.057147}}
{"target": 0.14541342819359285, "params": {"T1": 0.13162978127463026, "T3": 0.05565802760172087, "T5": 0.1263926282786158, "U1": 16.878322228229052, "U5": 17.622682391336937}, "datetime": {"datetime": "2021-03-04 16:03:07", "elapsed": 20.969181, "delta": 0.053271}}
{"target": 0.2843409600941051, "params": {"T1": 0.12958491149966578, "T3": 0.07480145182244395, "T5": 0.06732239107219569, "U1": 12.842855798474108, "U5": 12.234705751009056}, "datetime": {"datetime": "2021-03-04 16:03:07", "elapsed": 21.023634, "delta": 0.054453}}
{"target": 0.26404741341624643, "params": {"T1": 0.05106263671530367, "T3": 0.1393686084301391, "T5": 0.14471680416005972, "U1": 13.343970127131431, "U5": 12.621140820224333}, "datetime": {"datetime": "2021-03-04 16:03:07", "elapsed": 21.079335, "delta": 0.055701}}
{"target": 0.24968644189867073, "params": {"T1": 0.11730903443548578, "T3": 0.1456737134987962, "T5": 0.13593383022031996, "U1": 17.121846219347788, "U5": 19.83255051785048}, "datetime": {"datetime": "2021-03-04 16:03:07", "elapsed": 21.134848, "delta": 0.055513}}
{"target": 0.3680616639988538, "params": {"T1": 0.14567278462832578, "T3": 0.1484036490341198, "T5": 0.06444321839635928, "U1": 16.76891416509344, "U5": 13.635392795710601}, "datetime": {"datetime": "2021-03-04 16:03:07", "elapsed": 21.190212, "delta": 0.055364}}
{"target": 0.3043005244547184, "params": {"T1": 0.10258605118958677, "T3": 0.06458487798221418, "T5": 0.1483173656676416, "U1": 13.203771222801766, "U5": 14.3025638074798}, "datetime": {"datetime": "2021-03-04 16:03:08", "elapsed": 21.246497, "delta": 0.056285}}
{"target": 0.2044484440315072, "params": {"T1": 0.12867612720681465, "T3": 0.09854477416705379, "T5": 0.08728564913347987, "U1": 15.693024798804657, "U5": 15.654062086666473}, "datetime": {"datetime": "2021-03-04 16:03:08", "elapsed": 21.300947, "delta": 0.05445}}
{"target": 0.15745718767739303, "params": {"T1": 0.09958067857303898, "T3": 0.1301133666016056, "T5": 0.11032627960909103, "U1": 12.43117819381229, "U5": 15.343561617618068}, "datetime": {"datetime": "2021-03-04 16:03:08", "elapsed": 21.356458, "delta": 0.055511}}
{"target": 0.14280130458048268, "params": {"T1": 0.14547732705953742, "T3": 0.0700383791915811, "T5": 0.13309591470364024, "U1": 18.514461285523513, "U5": 17.189670661144213}, "datetime": {"datetime": "2021-03-04 16:03:08", "elapsed": 21.411481, "delta": 0.055023}}
{"target": 0.13630665067239975, "params": {"T1": 0.10040530030629619, "T3": 0.0980685979748896, "T5": 0.1136429676011076, "U1": 14.755327935255437, "U5": 17.94586235678477}, "datetime": {"datetime": "2021-03-04 16:03:08", "elapsed": 21.464901, "delta": 0.05342}}
{"target": 0.155614088374379, "params": {"T1": 0.08885658030102715, "T3": 0.09268920668964817, "T5": 0.14229624520604423, "U1": 18.697863372292982, "U5": 16.158844594896223}, "datetime": {"datetime": "2021-03-04 16:03:08", "elapsed": 21.518868, "delta": 0.053967}}
{"target": 0.155614088374379, "params": {"T1": 0.08885658030102715, "T3": 0.09268920668964817, "T5": 0.14229624520604423, "U1": 18.697863372292982, "U5": 16.158844594896223}, "datetime": {"datetime": "2021-03-04 16:03:08", "elapsed": 21.858506, "delta": 0.339638}}
{"target": 0.46762198463624155, "params": {"T1": 0.07017223233399225, "T3": 0.13655342570257611, "T5": 0.09403651801237106, "U1": 12.953268807868398, "U5": 15.898545179303838}, "datetime": {"datetime": "2021-03-04 16:03:09", "elapsed": 22.273195, "delta": 0.414689}}
{"target": 0.39073965771889624, "params": {"T1": 0.09994141685412906, "T3": 0.08433243183980459, "T5": 0.06682924739784386, "U1": 19.127068588561514, "U5": 13.521598078235}, "datetime": {"datetime": "2021-03-04 16:03:10", "elapsed": 23.484242, "delta": 1.211047}}
{"target": 0.2742895822623116, "params": {"T1": 0.1008925757073924, "T3": 0.08873071624500087, "T5": 0.1456745141351155, "U1": 15.24607688821458, "U5": 12.909793828000865}, "datetime": {"datetime": "2021-03-04 16:03:10", "elapsed": 23.908424, "delta": 0.424182}}
{"target": 0.4889095894856512, "params": {"T1": 0.05452578901030902, "T3": 0.09560575315923744, "T5": 0.09923425726474575, "U1": 18.229586431904103, "U5": 16.08139679942771}, "datetime": {"datetime": "2021-03-04 16:03:11", "elapsed": 24.362003, "delta": 0.453579}}
{"target": 0.23689542910400113, "params": {"T1": 0.06154616123478177, "T3": 0.1391889604869488, "T5": 0.08445646132307658, "U1": 17.203703987886755, "U5": 16.280193369080113}, "datetime": {"datetime": "2021-03-04 16:03:11", "elapsed": 24.781262, "delta": 0.419259}}
{"target": 0.2528989656955322, "params": {"T1": 0.11629381036523442, "T3": 0.1271152349477977, "T5": 0.11057507323907532, "U1": 13.701034671093213, "U5": 18.65473490816207}, "datetime": {"datetime": "2021-03-04 16:03:12", "elapsed": 25.220901, "delta": 0.439639}}
{"target": 0.15730995199800407, "params": {"T1": 0.056535384888051536, "T3": 0.11441139203674605, "T5": 0.0827788481332507, "U1": 19.918831725865193, "U5": 13.709745701483346}, "datetime": {"datetime": "2021-03-04 16:03:12", "elapsed": 25.670633, "delta": 0.449732}}
{"target": 0.27488418299623407, "params": {"T1": 0.06818694719411068, "T3": 0.06856423006439902, "T5": 0.13133289820921634, "U1": 14.222917996885336, "U5": 13.02551758592492}, "datetime": {"datetime": "2021-03-04 16:03:12", "elapsed": 26.156258, "delta": 0.485625}}
{"target": 0.22938620476282742, "params": {"T1": 0.1470872740233139, "T3": 0.05424107084531263, "T5": 0.08232126667275584, "U1": 19.501981453226414, "U5": 12.579084380838964}, "datetime": {"datetime": "2021-03-04 16:03:13", "elapsed": 26.622555, "delta": 0.466297}}
{"target": 0.2875961052285782, "params": {"T1": 0.12416376423894283, "T3": 0.06932592218165333, "T5": 0.11553660370217629, "U1": 19.0787220973518, "U5": 15.352441113658031}, "datetime": {"datetime": "2021-03-04 16:03:14", "elapsed": 27.282218, "delta": 0.659663}}
{"target": 0.2746658381539487, "params": {"T1": 0.11689151565154952, "T3": 0.12350302278028745, "T5": 0.07691956006403589, "U1": 13.063063464563275, "U5": 13.405269951381854}, "datetime": {"datetime": "2021-03-04 16:03:14", "elapsed": 27.689836, "delta": 0.407618}}
{"target": 0.17274700871859686, "params": {"T1": 0.10832114609647656, "T3": 0.08782958504749484, "T5": 0.0876111426051204, "U1": 17.228625079213735, "U5": 12.787550696696803}, "datetime": {"datetime": "2021-03-04 16:03:14", "elapsed": 28.14259, "delta": 0.452754}}
