{"target": 0.1992032493919918, "params": {"T1": 0.0869335926833635, "T3": 0.08135919655020707, "T5": 0.08807223575438614, "U1": 17.047180891645333, "U5": 17.62785039145925}, "datetime": {"datetime": "2021-03-04 16:04:10", "elapsed": 84.141269, "delta": 0.547898}}
{"target": 0.45094637735541204, "params": {"T1": 0.10744741949994491, "T3": 0.1017673931105427, "T5": 0.05112273107584461, "U1": 19.118466032350256, "U5": 13.524241519655874}, "datetime": {"datetime": "2021-03-04 16:04:11", "elapsed": 84.908438, "delta": 0.767169}}
{"target": 0.2120523965900793, "params": {"T1": 0.14565084169808012, "T3": 0.12722042177322063, "T5": 0.12837122660328049, "U1": 19.527297024717925, "U5": 13.906858652061366}, "datetime": {"datetime": "2021-03-04 16:04:12", "elapsed": 85.516971, "delta": 0.608533}}
{"target": 0.17239219598365008, "params": {"T1": 0.10842354007415808, "T3": 0.08226974127206146, "T5": 0.06481630489729456, "U1": 15.628030467608907, "U5": 18.98492933357648}, "datetime": {"datetime": "2021-03-04 16:04:13", "elapsed": 86.483513, "delta": 0.966542}}
{"target": 0.8553396633748664, "params": {"T1": 0.09408831446628507, "T3": 0.1075387932117403, "T5": 0.08746411656352651, "U1": 19.540330980725418, "U5": 15.49000467425433}, "datetime": {"datetime": "2021-03-04 16:04:14", "elapsed": 87.467208, "delta": 0.983695}}
{"target": 0.1678951470629887, "params": {"T1": 0.14297938238455005, "T3": 0.0914783558516985, "T5": 0.1006600949596329, "U1": 16.177371184498593, "U5": 18.030574332069232}, "datetime": {"datetime": "2021-03-04 16:04:15", "elapsed": 88.297727, "delta": 0.830519}}
{"target": 0.30253818443511116, "params": {"T1": 0.07205202840785083, "T3": 0.08763731198119161, "T5": 0.11802436622555984, "U1": 14.690191065332503, "U5": 16.977644655069483}, "datetime": {"datetime": "2021-03-04 16:04:15", "elapsed": 89.01107, "delta": 0.713343}}
{"target": 0.19442189765324, "params": {"T1": 0.11034806567088526, "T3": 0.0637545406460194, "T5": 0.09567629473798747, "U1": 16.618115709892724, "U5": 17.717056165813386}, "datetime": {"datetime": "2021-03-04 16:04:16", "elapsed": 89.616704, "delta": 0.605634}}
{"target": 0.16316996652046226, "params": {"T1": 0.13758376259685925, "T3": 0.09620429142437348, "T5": 0.13674376333801358, "U1": 15.295521750263266, "U5": 15.267006239811447}, "datetime": {"datetime": "2021-03-04 16:04:16", "elapsed": 90.175719, "delta": 0.559015}}
{"target": 0.1803955024222647, "params": {"T1": 0.05417274492701098, "T3": 0.13890012242790267, "T5": 0.06641848518456535, "U1": 13.936874105306167, "U5": 15.593695420440923}, "datetime": {"datetime": "2021-03-04 16:04:17", "elapsed": 90.716857, "delta": 0.541138}}
{"target": 0.262937071528097, "params": {"T1": 0.09513810001929127, "T3": 0.07899641880522593, "T5": 0.07253990998133274, "U1": 19.372389839700595, "U5": 18.36354067062779}, "datetime": {"datetime": "2021-03-04 16:04:18", "elapsed": 91.470237, "delta": 0.75338}}
{"target": 0.13859509084849536, "params": {"T1": 0.11406473818981551, "T3": 0.10091037032542716, "T5": 0.0936869438290702, "U1": 12.390589270261305, "U5": 12.36554299790605}, "datetime": {"datetime": "2021-03-04 16:04:18", "elapsed": 92.087667, "delta": 0.61743}}
{"target": 0.13237505521470302, "params": {"T1": 0.11506755617732502, "T3": 0.1473780122918401, "T5": 0.08361046580159162, "U1": 14.525827990171356, "U5": 12.578961995264375}, "datetime": {"datetime": "2021-03-04 16:04:19", "elapsed": 92.66927, "delta": 0.581603}}
{"target": 0.22775537731608078, "params": {"T1": 0.0800630325365856, "T3": 0.14851438194223282, "T5": 0.08394436295436819, "U1": 14.522256731948271, "U5": 14.180620930231719}, "datetime": {"datetime": "2021-03-04 16:04:20", "elapsed": 93.281324, "delta": 0.612054}}
{"target": 1.1152214791550874, "params": {"T1": 0.0961968511801555, "T3": 0.06828836018763948, "T5": 0.08747974126261462, "U1": 16.779525880503993, "U5": 19.33145539428612}, "datetime": {"datetime": "2021-03-04 16:04:20", "elapsed": 93.850626, "delta": 0.569302}}
{"target": 0.33646679533510865, "params": {"T1": 0.09788468546933081, "T3": 0.1433289680782953, "T5": 0.05776816865172179, "U1": 14.689962023020637, "U5": 13.35419513099902}, "datetime": {"datetime": "2021-03-04 16:04:21", "elapsed": 94.640926, "delta": 0.7903}}
{"target": 0.29812603568967305, "params": {"T1": 0.06067385140783907, "T3": 0.08474570464332774, "T5": 0.14431260010314434, "U1": 12.210162024571002, "U5": 16.21250963967352}, "datetime": {"datetime": "2021-03-04 16:04:22", "elapsed": 95.42867, "delta": 0.787744}}
{"target": 0.15086175897482054, "params": {"T1": 0.07843504425247615, "T3": 0.08716653127735785, "T5": 0.08548412713533568, "U1": 16.59032059062842, "U5": 18.70488098995494}, "datetime": {"datetime": "2021-03-04 16:04:23", "elapsed": 96.307694, "delta": 0.879024}}
{"target": 0.2514839547849251, "params": {"T1": 0.10441000800582023, "T3": 0.09022178935747792, "T5": 0.10675349017828512, "U1": 12.238245185006742, "U5": 17.509264586506504}, "datetime": {"datetime": "2021-03-04 16:04:23", "elapsed": 96.945258, "delta": 0.637564}}
{"target": 0.29998503210129257, "params": {"T1": 0.14999177372250255, "T3": 0.0895949592084013, "T5": 0.06004098010710032, "U1": 17.80017822251002, "U5": 13.13191760676698}, "datetime": {"datetime": "2021-03-04 16:04:24", "elapsed": 97.547321, "delta": 0.602063}}
{"target": 0.14937222806020917, "params": {"T1": 0.08485148846409837, "T3": 0.11742552254218054, "T5": 0.13650745510247753, "U1": 15.64675765975937, "U5": 14.702754566512905}, "datetime": {"datetime": "2021-03-04 16:04:24", "elapsed": 98.101562, "delta": 0.554241}}
{"target": 0.3109157541314623, "params": {"T1": 0.10527856529745519, "T3": 0.055812430524535384, "T5": 0.11301954064932208, "U1": 15.365829620577781, "U5": 14.056572497532343}, "datetime": {"datetime": "2021-03-04 16:04:25", "elapsed": 98.898433, "delta": 0.796871}}
{"target": 0.1563491400514559, "params": {"T1": 0.09080873816276405, "T3": 0.05437434030692195, "T5": 0.09163752537947692, "U1": 17.07909004948354, "U5": 16.37284739624186}, "datetime": {"datetime": "2021-03-04 16:04:26", "elapsed": 99.477315, "delta": 0.578882}}
{"target": 0.3865194965302598, "params": {"T1": 0.08310081780280479, "T3": 0.12458831332410723, "T5": 0.0731739240338085, "U1": 19.06261689738852, "U5": 12.941150602239748}, "datetime": {"datetime": "2021-03-04 16:04:26", "elapsed": 100.136538, "delta": 0.659223}}
{"target": 0.2248931921573354, "params": {"T1": 0.05639131754950181, "T3": 0.06507739269367772, "T5": 0.13503400804671123, "U1": 17.43393193758379, "U5": 17.063993471764483}, "datetime": {"datetime": "2021-03-04 16:04:27", "elapsed": 100.947425, "delta": 0.810887}}
{"target": 0.15319229832666373, "params": {"T1": 0.11202030023295814, "T3": 0.13174409367537532, "T5": 0.11254874938537379, "U1": 14.78743778424245, "U5": 12.452148526817371}, "datetime": {"datetime": "2021-03-04 16:04:28", "elapsed": 101.521302, "delta": 0.573877}}
{"target": 0.2996783832004918, "params": {"T1": 0.07125903389387632, "T3": 0.12049766816226636, "T5": 0.11899953491867742, "U1": 14.70239379483552, "U5": 15.582769293267198}, "datetime": {"datetime": "2021-03-04 16:04:28", "elapsed": 102.11405, "delta": 0.592748}}
{"target": 0.3884874367470238, "params": {"T1": 0.1185444440210425, "T3": 0.11955105016631287, "T5": 0.10572186147288429, "U1": 14.363939336887789, "U5": 13.102192178500996}, "datetime": {"datetime": "2021-03-04 16:04:29", "elapsed": 102.884183, "delta": 0.770133}}
{"target": 0.3735248030963034, "params": {"T1": 0.11873725590152696, "T3": 0.10908720069964309, "T5": 0.06802530839023199, "U1": 13.09713770225004, "U5": 19.520173390606935}, "datetime": {"datetime": "2021-03-04 16:04:30", "elapsed": 103.506413, "delta": 0.62223}}
{"target": 0.13736475206792967, "params": {"T1": 0.07865023333156118, "T3": 0.09603032665519771, "T5": 0.11948801032415197, "U1": 19.247409778671816, "U5": 14.660948803390927}, "datetime": {"datetime": "2021-03-04 16:04:30", "elapsed": 104.125055, "delta": 0.618642}}
{"target": 0.23248747717580792, "params": {"T1": 0.09959543456890722, "T3": 0.055259021986932035, "T5": 0.1370632081571302, "U1": 15.981352363178438, "U5": 16.929994506850544}, "datetime": {"datetime": "2021-03-04 16:04:31", "elapsed": 104.847764, "delta": 0.722709}}
{"target": 0.7436778600083633, "params": {"T1": 0.08876381771138192, "T3": 0.12486183480935938, "T5": 0.0595614197300981, "U1": 19.0562749876798, "U5": 12.929777099978306}, "datetime": {"datetime": "2021-03-04 16:04:32", "elapsed": 105.78621, "delta": 0.938446}}
{"target": 0.16994981420314942, "params": {"T1": 0.0625801586690162, "T3": 0.0593419394105588, "T5": 0.06015795107983715, "U1": 17.47236586470066, "U5": 18.747764010742713}, "datetime": {"datetime": "2021-03-04 16:04:33", "elapsed": 106.382581, "delta": 0.596371}}
{"target": 0.17943029507007568, "params": {"T1": 0.10157933020176046, "T3": 0.11580191338717713, "T5": 0.1229741516336731, "U1": 16.062998990029726, "U5": 14.11260627629305}, "datetime": {"datetime": "2021-03-04 16:04:33", "elapsed": 106.989604, "delta": 0.607023}}
{"target": 0.4225171585097371, "params": {"T1": 0.09090209874376871, "T3": 0.13139383059604937, "T5": 0.06685315551451028, "U1": 13.619580067727032, "U5": 15.651321899200216}, "datetime": {"datetime": "2021-03-04 16:04:34", "elapsed": 107.583477, "delta": 0.593873}}
{"target": 0.13000830127390609, "params": {"T1": 0.14524957354370746, "T3": 0.1293462964500396, "T5": 0.14252181694452765, "U1": 17.034077646679442, "U5": 13.012763425422763}, "datetime": {"datetime": "2021-03-04 16:04:35", "elapsed": 108.25082, "delta": 0.667343}}
{"target": 0.49004549738680275, "params": {"T1": 0.06344336988849282, "T3": 0.07505976607889207, "T5": 0.0746977351675732, "U1": 19.201266834430776, "U5": 17.167298742492598}, "datetime": {"datetime": "2021-03-04 16:04:35", "elapsed": 108.872567, "delta": 0.621747}}
{"target": 0.49592089734589967, "params": {"T1": 0.10282305025015445, "T3": 0.09079275610706918, "T5": 0.055351508250704146, "U1": 19.974572247401674, "U5": 16.62078411685865}, "datetime": {"datetime": "2021-03-04 16:04:36", "elapsed": 109.513862, "delta": 0.641295}}
{"target": 0.2890459993423232, "params": {"T1": 0.06329833731541074, "T3": 0.10921641595035853, "T5": 0.14901589357094236, "U1": 15.601796182519053, "U5": 16.784297533116476}, "datetime": {"datetime": "2021-03-04 16:04:36", "elapsed": 110.122735, "delta": 0.608873}}
{"target": 0.20287142305311112, "params": {"T1": 0.09747643216913845, "T3": 0.08689145763074113, "T5": 0.08876815356786019, "U1": 16.788029691410358, "U5": 19.31681678649177}, "datetime": {"datetime": "2021-03-04 16:04:37", "elapsed": 110.888569, "delta": 0.765834}}
{"target": 0.3612223184103986, "params": {"T1": 0.11345913854289312, "T3": 0.14736037300680102, "T5": 0.06510118103071329, "U1": 13.996205896638616, "U5": 16.38324452296703}, "datetime": {"datetime": "2021-03-04 16:04:38", "elapsed": 111.521298, "delta": 0.632729}}
{"target": 0.3623919036669493, "params": {"T1": 0.07181352720746417, "T3": 0.11295431416030666, "T5": 0.06851088492614825, "U1": 19.686876103677985, "U5": 13.39931730714125}, "datetime": {"datetime": "2021-03-04 16:04:39", "elapsed": 112.3941, "delta": 0.872802}}
{"target": 0.8885499303937053, "params": {"T1": 0.11364683216351458, "T3": 0.12845671907725667, "T5": 0.07277143375366635, "U1": 18.735435381809967, "U5": 14.327475853452786}, "datetime": {"datetime": "2021-03-04 16:04:40", "elapsed": 113.366927, "delta": 0.972827}}
{"target": 0.4163250120048134, "params": {"T1": 0.05479780993908926, "T3": 0.11770745824658335, "T5": 0.125378807306899, "U1": 14.701269381271622, "U5": 16.979646495121006}, "datetime": {"datetime": "2021-03-04 16:04:41", "elapsed": 114.272602, "delta": 0.905675}}
{"target": 0.49807154600140946, "params": {"T1": 0.13543561170704083, "T3": 0.11813296795882439, "T5": 0.07968689038327686, "U1": 18.715083506812032, "U5": 14.336570569388805}, "datetime": {"datetime": "2021-03-04 16:04:42", "elapsed": 115.48416, "delta": 1.211558}}
{"target": 0.1741424141951714, "params": {"T1": 0.0926501886733998, "T3": 0.1267069618469618, "T5": 0.09380439080525446, "U1": 19.084443553255092, "U5": 12.944779085242693}, "datetime": {"datetime": "2021-03-04 16:04:43", "elapsed": 116.272435, "delta": 0.788275}}
{"target": 0.30843829958564184, "params": {"T1": 0.059273682796089466, "T3": 0.065035309269986, "T5": 0.12438219570735544, "U1": 17.27114781816085, "U5": 15.60821773160195}, "datetime": {"datetime": "2021-03-04 16:04:44", "elapsed": 117.276581, "delta": 1.004146}}
{"target": 0.1702387365061659, "params": {"T1": 0.08266721584232063, "T3": 0.07810724534976321, "T5": 0.06922399754673762, "U1": 17.036606569150546, "U5": 12.716382237340639}, "datetime": {"datetime": "2021-03-04 16:04:44", "elapsed": 117.93288, "delta": 0.656299}}
{"target": 0.2602125188919014, "params": {"T1": 0.12205907784519038, "T3": 0.10453793095491609, "T5": 0.1189009867598002, "U1": 14.480241780513294, "U5": 15.062490960837977}, "datetime": {"datetime": "2021-03-04 16:04:45", "elapsed": 118.593455, "delta": 0.660575}}
{"target": 0.1511169457895127, "params": {"T1": 0.12313837724170502, "T3": 0.06560835982470875, "T5": 0.1258526354983715, "U1": 13.84112114896032, "U5": 16.284093172948296}, "datetime": {"datetime": "2021-03-04 16:04:46", "elapsed": 119.328593, "delta": 0.735138}}
{"target": 0.17382561607691088, "params": {"T1": 0.050573713639343466, "T3": 0.1438719201792614, "T5": 0.09803447778389857, "U1": 17.324335663778974, "U5": 15.794637194251543}, "datetime": {"datetime": "2021-03-04 16:04:46", "elapsed": 119.956211, "delta": 0.627618}}
{"target": 0.28701334397893796, "params": {"T1": 0.07676902506753139, "T3": 0.11385171055904504, "T5": 0.06159288658392956, "U1": 19.831642645580473, "U5": 19.134383471116973}, "datetime": {"datetime": "2021-03-04 16:04:47", "elapsed": 120.874534, "delta": 0.918323}}
{"target": 0.18136762962464528, "params": {"T1": 0.08325786956072154, "T3": 0.0502854521747067, "T5": 0.05617781118758513, "U1": 15.708595059696018, "U5": 12.951836663181743}, "datetime": {"datetime": "2021-03-04 16:04:48", "elapsed": 121.484342, "delta": 0.609808}}
{"target": 0.13721405583188767, "params": {"T1": 0.11678145539133196, "T3": 0.11217949031274414, "T5": 0.08892249243962164, "U1": 15.460471657526035, "U5": 13.418091671558404}, "datetime": {"datetime": "2021-03-04 16:04:49", "elapsed": 122.585325, "delta": 1.100983}}
{"target": 0.4237871839125942, "params": {"T1": 0.09337387860381217, "T3": 0.10330051697464192, "T5": 0.1336720283198819, "U1": 16.873098682418103, "U5": 13.5903042639561}, "datetime": {"datetime": "2021-03-04 16:04:50", "elapsed": 123.216154, "delta": 0.630829}}
{"target": 0.12875085383963447, "params": {"T1": 0.10667324411993971, "T3": 0.14339040604648934, "T5": 0.09943847716390619, "U1": 17.238519746269795, "U5": 19.51973459245447}, "datetime": {"datetime": "2021-03-04 16:04:50", "elapsed": 123.889723, "delta": 0.673569}}
{"target": 0.3972061683516398, "params": {"T1": 0.09969736441187968, "T3": 0.11455213386336534, "T5": 0.08957164038790792, "U1": 18.034603174804904, "U5": 17.617963099532382}, "datetime": {"datetime": "2021-03-04 16:04:51", "elapsed": 124.766131, "delta": 0.876408}}
{"target": 0.14727606253127729, "params": {"T1": 0.13000278836847434, "T3": 0.09581501679442028, "T5": 0.08839668238293621, "U1": 13.849963460409864, "U5": 19.656614698536316}, "datetime": {"datetime": "2021-03-04 16:04:52", "elapsed": 125.496766, "delta": 0.730635}}
{"target": 0.144414452407297, "params": {"T1": 0.07539754350836078, "T3": 0.135835552656038, "T5": 0.07775478534115884, "U1": 14.866478251160661, "U5": 19.992347067922868}, "datetime": {"datetime": "2021-03-04 16:04:52", "elapsed": 126.15847, "delta": 0.661704}}
{"target": 0.2232826039755086, "params": {"T1": 0.06240568896473328, "T3": 0.0551493472716206, "T5": 0.08093299943119367, "U1": 13.682094759049672, "U5": 18.68129916558513}, "datetime": {"datetime": "2021-03-04 16:04:53", "elapsed": 126.817397, "delta": 0.658927}}
{"target": 0.2031013745126494, "params": {"T1": 0.10625816979174166, "T3": 0.14835231797848347, "T5": 0.08751419608469078, "U1": 18.961921887193377, "U5": 12.244103153472999}, "datetime": {"datetime": "2021-03-04 16:04:54", "elapsed": 127.466604, "delta": 0.649207}}
{"target": 0.3793446484069015, "params": {"T1": 0.06288576032366641, "T3": 0.10846412894374322, "T5": 0.0745577274266047, "U1": 19.697636216566075, "U5": 13.39750137401576}, "datetime": {"datetime": "2021-03-04 16:04:55", "elapsed": 128.406407, "delta": 0.939803}}
{"target": 0.1970698812372083, "params": {"T1": 0.06061416595248399, "T3": 0.07702737780234184, "T5": 0.05692294786863879, "U1": 17.644892068034245, "U5": 18.45659972939341}, "datetime": {"datetime": "2021-03-04 16:04:56", "elapsed": 129.273087, "delta": 0.86668}}
{"target": 0.3026357695259146, "params": {"T1": 0.1073033405301577, "T3": 0.09465647221952131, "T5": 0.0521475603016811, "U1": 16.966392708660074, "U5": 19.774356176017545}, "datetime": {"datetime": "2021-03-04 16:04:56", "elapsed": 129.937212, "delta": 0.664125}}
{"target": 0.3453152746303706, "params": {"T1": 0.09599234186062072, "T3": 0.12964973957792614, "T5": 0.0753581335375996, "U1": 19.61636508013319, "U5": 13.577239631275567}, "datetime": {"datetime": "2021-03-04 16:04:57", "elapsed": 130.624897, "delta": 0.687685}}
{"target": 0.25052986511083825, "params": {"T1": 0.1003620668625366, "T3": 0.14901251026165246, "T5": 0.0817713040315873, "U1": 18.74974920215053, "U5": 14.318580332684432}, "datetime": {"datetime": "2021-03-04 16:04:58", "elapsed": 131.559524, "delta": 0.934627}}
{"target": 0.15081409467552673, "params": {"T1": 0.12443066180349298, "T3": 0.07337911094741918, "T5": 0.12989237882409382, "U1": 12.04622920539336, "U5": 18.476558516922584}, "datetime": {"datetime": "2021-03-04 16:04:59", "elapsed": 132.242425, "delta": 0.682901}}
{"target": 0.25396624131167295, "params": {"T1": 0.07217805651759227, "T3": 0.14414646128108155, "T5": 0.1015003286894196, "U1": 15.8815633869111, "U5": 12.121196406487819}, "datetime": {"datetime": "2021-03-04 16:04:59", "elapsed": 132.920167, "delta": 0.677742}}
{"target": 0.3422255581824654, "params": {"T1": 0.14694421526427429, "T3": 0.11170732248894792, "T5": 0.050317757120495465, "U1": 19.694988086005758, "U5": 18.63642976323469}, "datetime": {"datetime": "2021-03-04 16:05:00", "elapsed": 133.79195, "delta": 0.871783}}
{"target": 0.21532278955333983, "params": {"T1": 0.09235218095594487, "T3": 0.0728601618936348, "T5": 0.08734913650402291, "U1": 13.499781460526313, "U5": 15.472263506954615}, "datetime": {"datetime": "2021-03-04 16:05:01", "elapsed": 134.356831, "delta": 0.564881}}
{"target": 0.17748843554352572, "params": {"T1": 0.08947284276839573, "T3": 0.12974078112876214, "T5": 0.09825962021405424, "U1": 17.202096647630015, "U5": 12.620895823995792}, "datetime": {"datetime": "2021-03-04 16:05:01", "elapsed": 135.04942, "delta": 0.692589}}
{"target": 0.15746266082229318, "params": {"T1": 0.07840495472113858, "T3": 0.1156502317040013, "T5": 0.1420187289414791, "U1": 19.45770392368484, "U5": 19.0831460269299}, "datetime": {"datetime": "2021-03-04 16:05:02", "elapsed": 136.10201, "delta": 1.05259}}
{"target": 0.1556390786179506, "params": {"T1": 0.12069910771436833, "T3": 0.080360455324086, "T5": 0.1491353461484823, "U1": 12.621877195599428, "U5": 17.79116184998545}, "datetime": {"datetime": "2021-03-04 16:05:03", "elapsed": 136.803827, "delta": 0.701817}}
{"target": 0.14090490370816627, "params": {"T1": 0.12529286501691725, "T3": 0.056341928138512756, "T5": 0.13335379270127354, "U1": 19.879913419005007, "U5": 13.527846749690433}, "datetime": {"datetime": "2021-03-04 16:05:04", "elapsed": 137.940207, "delta": 1.13638}}
{"target": 0.2855730170970864, "params": {"T1": 0.10391787096947583, "T3": 0.1130697333295651, "T5": 0.13086824400953173, "U1": 13.03664754603318, "U5": 15.025510817461932}, "datetime": {"datetime": "2021-03-04 16:05:05", "elapsed": 138.581449, "delta": 0.641242}}
{"target": 0.2818669185551338, "params": {"T1": 0.10389535761565726, "T3": 0.08928256553116729, "T5": 0.12155688019812216, "U1": 15.721447149076965, "U5": 12.983955733287926}, "datetime": {"datetime": "2021-03-04 16:05:06", "elapsed": 139.36271, "delta": 0.781261}}
{"target": 0.47992645560317704, "params": {"T1": 0.12034392987783661, "T3": 0.10505647199009746, "T5": 0.059194857740071605, "U1": 19.982262040108317, "U5": 14.511276584471855}, "datetime": {"datetime": "2021-03-04 16:05:06", "elapsed": 140.114031, "delta": 0.751321}}
{"target": 0.28616544564477153, "params": {"T1": 0.1264982208357603, "T3": 0.06146989272497022, "T5": 0.08948609486207838, "U1": 14.576831248140426, "U5": 12.336511666886823}, "datetime": {"datetime": "2021-03-04 16:05:07", "elapsed": 140.860031, "delta": 0.746}}
{"target": 0.29267849732732615, "params": {"T1": 0.10381693115808002, "T3": 0.09466870363682497, "T5": 0.13789929318209065, "U1": 13.81566128990346, "U5": 13.721040168261899}, "datetime": {"datetime": "2021-03-04 16:05:08", "elapsed": 141.539157, "delta": 0.679126}}
{"target": 0.31897829581781717, "params": {"T1": 0.09269394320032967, "T3": 0.07041236534366721, "T5": 0.06906942717381967, "U1": 19.972217880445744, "U5": 16.623434909986848}, "datetime": {"datetime": "2021-03-04 16:05:09", "elapsed": 142.557499, "delta": 1.018342}}
{"target": 0.2410315627609793, "params": {"T1": 0.0904280129166876, "T3": 0.12687785849457117, "T5": 0.05760400704896377, "U1": 12.671504240345527, "U5": 16.74713768505699}, "datetime": {"datetime": "2021-03-04 16:05:10", "elapsed": 143.230075, "delta": 0.672576}}
{"target": 0.17230914069878012, "params": {"T1": 0.06039949367922418, "T3": 0.09103423698270505, "T5": 0.05428742099248218, "U1": 17.658857540451955, "U5": 18.463774853820002}, "datetime": {"datetime": "2021-03-04 16:05:10", "elapsed": 144.109383, "delta": 0.879308}}
