{"target": 0.23507538468956693, "params": {"T1": 0.09289193983289393, "T3": 0.1212647857915582, "T5": 0.08466781765354944, "U1": 15.719150040621944, "U5": 16.882195525831346}, "datetime": {"datetime": "2021-03-05 14:37:45", "elapsed": 5489.935656, "delta": 6.508371}}
{"target": 0.3816385524488181, "params": {"T1": 0.1159774318403154, "T3": 0.1282562895017632, "T5": 0.07684979630686697, "U1": 18.209723814184017, "U5": 19.363032867161863}, "datetime": {"datetime": "2021-03-05 14:37:52", "elapsed": 5496.368324, "delta": 6.432668}}
{"target": 0.13994279775658175, "params": {"T1": 0.12677550222566025, "T3": 0.10330424887812095, "T5": 0.10814667447932136, "U1": 18.15803375486024, "U5": 15.814178070530032}, "datetime": {"datetime": "2021-03-05 14:37:58", "elapsed": 5503.068362, "delta": 6.700038}}
{"target": 0.14764656433652198, "params": {"T1": 0.1103938397107179, "T3": 0.13828147162033483, "T5": 0.1447805101651598, "U1": 19.710294894636267, "U5": 18.614779818818512}, "datetime": {"datetime": "2021-03-05 14:38:06", "elapsed": 5510.691516, "delta": 7.623154}}
{"target": 0.2513959422196936, "params": {"T1": 0.12216360964094251, "T3": 0.0919488007322318, "T5": 0.08017695809368837, "U1": 18.810635302310054, "U5": 19.165813226774457}, "datetime": {"datetime": "2021-03-05 14:38:13", "elapsed": 5517.376889, "delta": 6.685373}}
{"target": 0.1507896650578259, "params": {"T1": 0.12675400366190384, "T3": 0.08911922378525768, "T5": 0.12471409312733568, "U1": 13.513414896502196, "U5": 16.86009679894459}, "datetime": {"datetime": "2021-03-05 14:38:20", "elapsed": 5524.48141, "delta": 7.104521}}
{"target": 0.4403908117169599, "params": {"T1": 0.06385742686893528, "T3": 0.11757326987136046, "T5": 0.0863860351649903, "U1": 19.075700054780025, "U5": 16.273260831947507}, "datetime": {"datetime": "2021-03-05 14:38:27", "elapsed": 5531.379904, "delta": 6.898494}}
{"target": 0.17076719579708394, "params": {"T1": 0.12248800652731492, "T3": 0.10218486280080119, "T5": 0.07539360838179043, "U1": 13.334251527585364, "U5": 13.347073897011057}, "datetime": {"datetime": "2021-03-05 14:38:34", "elapsed": 5538.554439, "delta": 7.174535}}
{"target": 0.1574446047702119, "params": {"T1": 0.06830829335449838, "T3": 0.07852071477942317, "T5": 0.1135093091338069, "U1": 18.007636475781865, "U5": 14.859403714211435}, "datetime": {"datetime": "2021-03-05 14:38:46", "elapsed": 5550.563254, "delta": 12.008815}}
{"target": 0.155299837405988, "params": {"T1": 0.09649404885271562, "T3": 0.07773107621345529, "T5": 0.1187938679630266, "U1": 17.473361205995637, "U5": 16.057029101386604}, "datetime": {"datetime": "2021-03-05 14:38:52", "elapsed": 5556.636336, "delta": 6.073082}}
{"target": 0.27657741483398046, "params": {"T1": 0.13211136444906768, "T3": 0.0715877186200298, "T5": 0.07584272187953714, "U1": 12.260452154478402, "U5": 16.91197351367413}, "datetime": {"datetime": "2021-03-05 14:39:01", "elapsed": 5565.787752, "delta": 9.151416}}
{"target": 0.24862484013936348, "params": {"T1": 0.13558523011877424, "T3": 0.10406531569738844, "T5": 0.1494322019865451, "U1": 15.253743680210068, "U5": 15.486795162189019}, "datetime": {"datetime": "2021-03-05 14:39:08", "elapsed": 5572.971649, "delta": 7.183897}}
{"target": 0.14935247396009463, "params": {"T1": 0.11140492443968261, "T3": 0.050247856978625584, "T5": 0.12500029948224106, "U1": 18.5718322122872, "U5": 12.900068248246114}, "datetime": {"datetime": "2021-03-05 14:39:16", "elapsed": 5580.337818, "delta": 7.366169}}
{"target": 0.27036975511721223, "params": {"T1": 0.05561957182243317, "T3": 0.1217618649660056, "T5": 0.10199872833225397, "U1": 18.19793938320231, "U5": 14.735412724198014}, "datetime": {"datetime": "2021-03-05 14:39:23", "elapsed": 5587.200974, "delta": 6.863156}}
{"target": 0.21522441787117177, "params": {"T1": 0.13730119411843383, "T3": 0.11962376579064019, "T5": 0.13669211011868193, "U1": 14.905630722486094, "U5": 16.610729076202215}, "datetime": {"datetime": "2021-03-05 14:39:32", "elapsed": 5596.254625, "delta": 9.053651}}
{"target": 0.35680217010905346, "params": {"T1": 0.09123143574039105, "T3": 0.08061104899682156, "T5": 0.09988039121301168, "U1": 14.061631071517642, "U5": 13.086478763844289}, "datetime": {"datetime": "2021-03-05 14:39:39", "elapsed": 5603.438281, "delta": 7.183656}}
{"target": 0.15612459400010312, "params": {"T1": 0.1144437819418778, "T3": 0.07528627341254546, "T5": 0.08387943274630219, "U1": 15.69418622467622, "U5": 12.3852134865636}, "datetime": {"datetime": "2021-03-05 14:39:50", "elapsed": 5614.903972, "delta": 11.465691}}
{"target": 0.15881566517165588, "params": {"T1": 0.14135358429532147, "T3": 0.05290444624969971, "T5": 0.0751251519173852, "U1": 19.1349831531451, "U5": 18.96001250916862}, "datetime": {"datetime": "2021-03-05 14:39:56", "elapsed": 5621.059673, "delta": 6.155701}}
{"target": 0.25608767943821115, "params": {"T1": 0.13636543641793186, "T3": 0.09829682155598701, "T5": 0.07137993885475821, "U1": 18.869864102505357, "U5": 16.285147562741884}, "datetime": {"datetime": "2021-03-05 14:40:03", "elapsed": 5627.846971, "delta": 6.787298}}
{"target": 0.1253202429861808, "params": {"T1": 0.1264780545381385, "T3": 0.07593976263944896, "T5": 0.1349087563309079, "U1": 16.75611347034798, "U5": 18.351064508491078}, "datetime": {"datetime": "2021-03-05 14:40:10", "elapsed": 5635.101992, "delta": 7.255021}}
{"target": 0.3091707888986851, "params": {"T1": 0.061964471055892395, "T3": 0.0743068922480706, "T5": 0.12114314377046126, "U1": 14.75689762467682, "U5": 12.036257027050116}, "datetime": {"datetime": "2021-03-05 14:40:18", "elapsed": 5642.663865, "delta": 7.561873}}
{"target": 0.38080676031525856, "params": {"T1": 0.08438764798034229, "T3": 0.05760908799065139, "T5": 0.06576504324628119, "U1": 19.418751912992896, "U5": 16.29389622110984}, "datetime": {"datetime": "2021-03-05 14:40:25", "elapsed": 5649.561248, "delta": 6.897383}}
{"target": 0.36945786063286423, "params": {"T1": 0.09397373023259067, "T3": 0.1226349944308366, "T5": 0.06391891994380433, "U1": 17.4709113229317, "U5": 16.2417849385367}, "datetime": {"datetime": "2021-03-05 14:40:32", "elapsed": 5656.635161, "delta": 7.073913}}
{"target": 0.1396134101528239, "params": {"T1": 0.13759211124829007, "T3": 0.06775414590612394, "T5": 0.1198722775432944, "U1": 18.727800200793073, "U5": 18.333795686278915}, "datetime": {"datetime": "2021-03-05 14:40:42", "elapsed": 5666.76545, "delta": 10.130289}}
{"target": 0.2843996551999057, "params": {"T1": 0.1380351706097974, "T3": 0.07668587511835949, "T5": 0.11452781325548508, "U1": 13.012714964076885, "U5": 13.133482689206588}, "datetime": {"datetime": "2021-03-05 14:40:50", "elapsed": 5674.848844, "delta": 8.083394}}
{"target": 0.2737319661916956, "params": {"T1": 0.14293204579349394, "T3": 0.1257383854952354, "T5": 0.1086537497849178, "U1": 14.210925980216732, "U5": 13.928448093768509}, "datetime": {"datetime": "2021-03-05 14:40:59", "elapsed": 5683.560557, "delta": 8.711713}}
