{"target": 0.1871720258007808, "params": {"T1": 0.10084249843374479, "T3": 0.0922702594439235, "T5": 0.12469016389207523, "U1": 16.25135189581853, "U5": 17.743694519316815}, "datetime": {"datetime": "2021-03-05 13:03:21", "elapsed": 8.904106, "delta": 0.053653}}
{"target": 0.2903393542720007, "params": {"T1": 0.08552650498357703, "T3": 0.12658126034904998, "T5": 0.08413077596742205, "U1": 16.582617386259358, "U5": 17.799528761186977}, "datetime": {"datetime": "2021-03-05 13:03:21", "elapsed": 8.957109, "delta": 0.053003}}
{"target": 0.15397730283724087, "params": {"T1": 0.0881303909825876, "T3": 0.05745971191890882, "T5": 0.06652001168134543, "U1": 17.49875103640372, "U5": 16.01606658461956}, "datetime": {"datetime": "2021-03-05 13:03:21", "elapsed": 9.00797, "delta": 0.050861}}
{"target": 0.174360686295514, "params": {"T1": 0.14017239518546562, "T3": 0.08974379010471792, "T5": 0.08916810259086003, "U1": 14.484746300803305, "U5": 17.583039244796986}, "datetime": {"datetime": "2021-03-05 13:03:21", "elapsed": 9.06246, "delta": 0.05449}}
{"target": 0.18694936666248385, "params": {"T1": 0.1463304115786352, "T3": 0.11498513605606171, "T5": 0.0892306666168187, "U1": 13.091525756940026, "U5": 14.849613702776875}, "datetime": {"datetime": "2021-03-05 13:03:21", "elapsed": 9.11912, "delta": 0.05666}}
{"target": 0.25865231448534387, "params": {"T1": 0.09262887473357195, "T3": 0.08894611449292758, "T5": 0.13452537350934404, "U1": 14.046978926473447, "U5": 17.981750817339538}, "datetime": {"datetime": "2021-03-05 13:03:22", "elapsed": 9.173979, "delta": 0.054859}}
{"target": 0.28921216503285413, "params": {"T1": 0.056117530149896934, "T3": 0.13034289791826353, "T5": 0.10461212423123299, "U1": 13.305392020943708, "U5": 12.948622080094076}, "datetime": {"datetime": "2021-03-05 13:03:22", "elapsed": 9.228077, "delta": 0.054098}}
{"target": 0.2642304919020325, "params": {"T1": 0.07995946710352339, "T3": 0.13677264576042653, "T5": 0.11383681904609955, "U1": 12.28161416702585, "U5": 15.597940951900078}, "datetime": {"datetime": "2021-03-05 13:03:22", "elapsed": 9.283378, "delta": 0.055301}}
{"target": 0.1855635566765511, "params": {"T1": 0.0679345803040656, "T3": 0.08395617731771145, "T5": 0.1410752216642833, "U1": 13.834230845061438, "U5": 16.720035261032812}, "datetime": {"datetime": "2021-03-05 13:03:22", "elapsed": 9.336943, "delta": 0.053565}}
{"target": 0.1586955026057159, "params": {"T1": 0.1070685700194442, "T3": 0.11353914652398142, "T5": 0.08271404724643082, "U1": 14.79273538398649, "U5": 13.368753633709328}, "datetime": {"datetime": "2021-03-05 13:03:22", "elapsed": 9.391348, "delta": 0.054405}}
{"target": 0.20731714708242685, "params": {"T1": 0.060011722908710596, "T3": 0.10796998307970623, "T5": 0.1295961172483896, "U1": 18.043077168800664, "U5": 15.58650090650783}, "datetime": {"datetime": "2021-03-05 13:03:22", "elapsed": 9.445133, "delta": 0.053785}}
{"target": 0.3891440284076711, "params": {"T1": 0.141561711545731, "T3": 0.14360885363795628, "T5": 0.13766786759186034, "U1": 16.375598153459855, "U5": 16.80096326314475}, "datetime": {"datetime": "2021-03-05 13:03:22", "elapsed": 9.50292, "delta": 0.057787}}
{"target": 0.37963814211784624, "params": {"T1": 0.09634110969323337, "T3": 0.143717567514158, "T5": 0.12786445097575966, "U1": 14.412477044556812, "U5": 12.494626816940599}, "datetime": {"datetime": "2021-03-05 13:03:22", "elapsed": 9.560629, "delta": 0.057709}}
{"target": 0.2211501595839654, "params": {"T1": 0.08825073219282677, "T3": 0.08157997015752004, "T5": 0.09621400229369748, "U1": 16.475917468302704, "U5": 16.69864247679681}, "datetime": {"datetime": "2021-03-05 13:03:22", "elapsed": 9.612933, "delta": 0.052304}}
{"target": 0.17445882963989107, "params": {"T1": 0.05109940110445167, "T3": 0.10238904203184145, "T5": 0.06876812760823767, "U1": 19.187446010063812, "U5": 15.222051190576085}, "datetime": {"datetime": "2021-03-05 13:03:22", "elapsed": 9.663991, "delta": 0.051058}}
{"target": 0.2769434853827149, "params": {"T1": 0.14209807722625345, "T3": 0.09300830989603373, "T5": 0.12892725709620467, "U1": 17.848666450328757, "U5": 19.457174929470035}, "datetime": {"datetime": "2021-03-05 13:03:22", "elapsed": 9.719337, "delta": 0.055346}}
{"target": 0.2120391181026943, "params": {"T1": 0.12936466796599, "T3": 0.11563889779017085, "T5": 0.13610548138264866, "U1": 18.45882475790713, "U5": 18.71463076376024}, "datetime": {"datetime": "2021-03-05 13:03:22", "elapsed": 9.774568, "delta": 0.055231}}
{"target": 0.2305492534916972, "params": {"T1": 0.0541364526087481, "T3": 0.10697926703140412, "T5": 0.1159026893413649, "U1": 15.523370954900066, "U5": 15.61048754503167}, "datetime": {"datetime": "2021-03-05 13:03:22", "elapsed": 9.827794, "delta": 0.053226}}
{"target": 0.17783459881979843, "params": {"T1": 0.0532769357465209, "T3": 0.06245450757307002, "T5": 0.0666149703957592, "U1": 14.644394624717062, "U5": 14.561106608534944}, "datetime": {"datetime": "2021-03-05 13:03:22", "elapsed": 9.878394, "delta": 0.0506}}
{"target": 0.16548226819083878, "params": {"T1": 0.14778876505743874, "T3": 0.12126791969208302, "T5": 0.11916671982974712, "U1": 13.468024036336217, "U5": 16.315204415923915}, "datetime": {"datetime": "2021-03-05 13:03:22", "elapsed": 9.935737, "delta": 0.057343}}
{"target": 0.13315789597729438, "params": {"T1": 0.10834397391540831, "T3": 0.12949259427925525, "T5": 0.090051537449397, "U1": 18.03406910759352, "U5": 17.633500962596134}, "datetime": {"datetime": "2021-03-05 13:03:22", "elapsed": 9.98982, "delta": 0.054083}}
{"target": 0.2479873284592895, "params": {"T1": 0.11023514713203955, "T3": 0.10582474281128107, "T5": 0.12113562706741292, "U1": 14.018900140712539, "U5": 19.347538738613785}, "datetime": {"datetime": "2021-03-05 13:03:22", "elapsed": 10.044417, "delta": 0.054597}}
{"target": 0.7776402266522761, "params": {"T1": 0.10921642678378929, "T3": 0.09390685259736914, "T5": 0.10909469201629848, "U1": 19.835134504548147, "U5": 19.975312151555244}, "datetime": {"datetime": "2021-03-05 13:03:22", "elapsed": 10.096613, "delta": 0.052196}}
{"target": 0.181710968099653, "params": {"T1": 0.1213538556273516, "T3": 0.07089147384469438, "T5": 0.07370701887030381, "U1": 19.253750797227163, "U5": 13.607600456066933}, "datetime": {"datetime": "2021-03-05 13:03:22", "elapsed": 10.149135, "delta": 0.052522}}
{"target": 0.16833879892892617, "params": {"T1": 0.12002447808901275, "T3": 0.0862641062358745, "T5": 0.12056037975426881, "U1": 12.884287941011317, "U5": 19.74271929568311}, "datetime": {"datetime": "2021-03-05 13:03:23", "elapsed": 10.203329, "delta": 0.054194}}
{"target": 0.141073407018321, "params": {"T1": 0.1495953569385498, "T3": 0.11933950851712934, "T5": 0.11100307858197359, "U1": 14.91797466516929, "U5": 12.45751689110578}, "datetime": {"datetime": "2021-03-05 13:03:23", "elapsed": 10.261112, "delta": 0.057783}}
{"target": 0.3034725947461418, "params": {"T1": 0.0797430761509316, "T3": 0.11854587227822666, "T5": 0.0668464010734418, "U1": 19.074955436425327, "U5": 12.948278711354916}, "datetime": {"datetime": "2021-03-05 13:03:23", "elapsed": 10.313488, "delta": 0.052376}}
{"target": 0.15367508358987692, "params": {"T1": 0.13341211806753728, "T3": 0.08960777121858501, "T5": 0.11344076736152012, "U1": 14.89504945919293, "U5": 12.343227529216103}, "datetime": {"datetime": "2021-03-05 13:03:23", "elapsed": 10.370022, "delta": 0.056534}}
{"target": 0.22472834786547224, "params": {"T1": 0.12037255222889849, "T3": 0.1169500563768984, "T5": 0.10774502195073099, "U1": 17.82814464652736, "U5": 17.669403006153352}, "datetime": {"datetime": "2021-03-05 13:03:23", "elapsed": 10.424274, "delta": 0.054252}}
{"target": 0.30690651730412405, "params": {"T1": 0.06101578832072751, "T3": 0.07113736950691726, "T5": 0.08038475549579625, "U1": 14.958251850815337, "U5": 13.183292200895576}, "datetime": {"datetime": "2021-03-05 13:03:23", "elapsed": 10.476429, "delta": 0.052155}}
{"target": 0.13936192414353965, "params": {"T1": 0.1289905583556534, "T3": 0.1254710431622455, "T5": 0.057231158053254655, "U1": 14.206351729865247, "U5": 16.887077012629355}, "datetime": {"datetime": "2021-03-05 13:03:23", "elapsed": 10.530956, "delta": 0.054527}}
{"target": 0.45791341966097, "params": {"T1": 0.08110010835084874, "T3": 0.11507879604113226, "T5": 0.07368757427782492, "U1": 18.81814431817707, "U5": 13.792139033278012}, "datetime": {"datetime": "2021-03-05 13:03:23", "elapsed": 10.583348, "delta": 0.052392}}
{"target": 0.32127242383871113, "params": {"T1": 0.11712054826426996, "T3": 0.121227385497774, "T5": 0.10891799187659343, "U1": 14.80422924166373, "U5": 16.537600723718334}, "datetime": {"datetime": "2021-03-05 13:03:23", "elapsed": 10.638621, "delta": 0.055273}}
{"target": 0.17802495813835037, "params": {"T1": 0.14782266635978364, "T3": 0.09528051185170726, "T5": 0.10742578856938026, "U1": 14.58571995262852, "U5": 14.862358786127377}, "datetime": {"datetime": "2021-03-05 13:03:23", "elapsed": 10.695232, "delta": 0.056611}}
{"target": 0.23464313974182052, "params": {"T1": 0.0683685841972422, "T3": 0.10410863275893029, "T5": 0.11779621874560627, "U1": 12.809869683289467, "U5": 19.777655606514287}, "datetime": {"datetime": "2021-03-05 13:03:23", "elapsed": 10.748562, "delta": 0.05333}}
{"target": 0.5132244534328013, "params": {"T1": 0.08753977044826726, "T3": 0.1380117677449803, "T5": 0.07964329370871323, "U1": 18.645084434617242, "U5": 18.053690636550634}, "datetime": {"datetime": "2021-03-05 13:03:23", "elapsed": 10.801792, "delta": 0.05323}}
{"target": 0.20257715445063926, "params": {"T1": 0.05202532859254804, "T3": 0.1430602172877563, "T5": 0.06643906074578443, "U1": 17.299533429623075, "U5": 12.235190548588955}, "datetime": {"datetime": "2021-03-05 13:03:23", "elapsed": 10.854299, "delta": 0.052507}}
{"target": 0.12424738104820358, "params": {"T1": 0.11367844890717116, "T3": 0.05379552162163773, "T5": 0.13258331833544168, "U1": 17.036619892252503, "U5": 13.766530806320866}, "datetime": {"datetime": "2021-03-05 13:03:23", "elapsed": 10.908723, "delta": 0.054424}}
{"target": 0.32021497194976106, "params": {"T1": 0.11540354189181816, "T3": 0.14331635242386775, "T5": 0.12608954338709039, "U1": 12.243255171181486, "U5": 19.754497714916308}, "datetime": {"datetime": "2021-03-05 13:03:23", "elapsed": 10.96583, "delta": 0.057107}}
{"target": 0.2633885450689983, "params": {"T1": 0.05880560423604674, "T3": 0.14524015382911232, "T5": 0.13127177430838893, "U1": 18.561696842131862, "U5": 14.123408067367027}, "datetime": {"datetime": "2021-03-05 13:03:23", "elapsed": 11.020861, "delta": 0.055031}}
{"target": 0.24090301961008634, "params": {"T1": 0.14428957661677846, "T3": 0.13786480443495303, "T5": 0.14415445868584578, "U1": 18.789749176005003, "U5": 17.71362949356391}, "datetime": {"datetime": "2021-03-05 13:03:23", "elapsed": 11.077546, "delta": 0.056685}}
{"target": 0.14058727139932747, "params": {"T1": 0.10822623831910622, "T3": 0.09569297600730146, "T5": 0.06971714920737064, "U1": 13.062032981065064, "U5": 13.214556554871091}, "datetime": {"datetime": "2021-03-05 13:03:23", "elapsed": 11.131512, "delta": 0.053966}}
{"target": 0.34063016514513494, "params": {"T1": 0.09972879650209598, "T3": 0.06568894566915613, "T5": 0.0875111575331812, "U1": 18.460980871463583, "U5": 12.669179462944527}, "datetime": {"datetime": "2021-03-05 13:03:24", "elapsed": 11.184203, "delta": 0.052691}}
{"target": 0.19600092698896432, "params": {"T1": 0.14657891060222972, "T3": 0.1164507378221133, "T5": 0.05248627471048877, "U1": 16.487798167424003, "U5": 14.905415877924753}, "datetime": {"datetime": "2021-03-05 13:03:24", "elapsed": 11.238875, "delta": 0.054672}}
{"target": 0.3747918840669144, "params": {"T1": 0.11407921806283902, "T3": 0.12188554913668978, "T5": 0.11288233081116127, "U1": 13.55872926972852, "U5": 17.119881837084023}, "datetime": {"datetime": "2021-03-05 13:03:24", "elapsed": 11.294482, "delta": 0.055607}}
{"target": 0.18814680153917257, "params": {"T1": 0.08035825544318989, "T3": 0.10200648984784225, "T5": 0.1447664515103282, "U1": 15.685707116351558, "U5": 18.75759088827256}, "datetime": {"datetime": "2021-03-05 13:03:24", "elapsed": 11.348259, "delta": 0.053777}}
{"target": 0.14078258263386395, "params": {"T1": 0.08916565668215935, "T3": 0.13911685409322017, "T5": 0.11437712387440543, "U1": 13.212154512568686, "U5": 16.074989449780354}, "datetime": {"datetime": "2021-03-05 13:03:24", "elapsed": 11.403503, "delta": 0.055244}}
{"target": 0.21193939855582572, "params": {"T1": 0.08213787673245164, "T3": 0.08390949448097798, "T5": 0.09052342132802776, "U1": 16.100175301518217, "U5": 12.31832461818913}, "datetime": {"datetime": "2021-03-05 13:03:24", "elapsed": 11.456449, "delta": 0.052946}}
{"target": 0.14043659488440552, "params": {"T1": 0.1268175943830802, "T3": 0.14639728184051454, "T5": 0.09717706168321075, "U1": 14.889928341267794, "U5": 15.257446514908477}, "datetime": {"datetime": "2021-03-05 13:03:24", "elapsed": 11.512794, "delta": 0.056345}}
{"target": 0.19471155409982377, "params": {"T1": 0.1484996969955255, "T3": 0.09740953986923256, "T5": 0.14062208645151647, "U1": 16.04945114718534, "U5": 19.04180013857143}, "datetime": {"datetime": "2021-03-05 13:03:24", "elapsed": 11.568711, "delta": 0.055917}}
{"target": 0.3047368110663693, "params": {"T1": 0.07538752261573003, "T3": 0.05751482633457527, "T5": 0.13301402444326932, "U1": 13.878374849536453, "U5": 15.012161615903974}, "datetime": {"datetime": "2021-03-05 13:03:24", "elapsed": 11.623297, "delta": 0.054586}}
{"target": 0.16028028863915078, "params": {"T1": 0.08968193169511303, "T3": 0.08796665964138844, "T5": 0.1058953316607129, "U1": 17.824148492416214, "U5": 15.928274556904679}, "datetime": {"datetime": "2021-03-05 13:03:24", "elapsed": 11.676453, "delta": 0.053156}}
{"target": 0.27870254837911396, "params": {"T1": 0.10722112178755425, "T3": 0.11413803439326081, "T5": 0.12685954092391935, "U1": 14.111171654507487, "U5": 12.625318224222244}, "datetime": {"datetime": "2021-03-05 13:03:24", "elapsed": 11.733423, "delta": 0.05697}}
{"target": 0.47246737084598117, "params": {"T1": 0.06304612440602121, "T3": 0.10970668168841266, "T5": 0.1092066518734105, "U1": 13.859279308501339, "U5": 12.276216213154143}, "datetime": {"datetime": "2021-03-05 13:03:24", "elapsed": 11.78712, "delta": 0.053697}}
{"target": 0.3489697909415968, "params": {"T1": 0.05616166332184988, "T3": 0.1229404641787482, "T5": 0.10076383332850616, "U1": 19.484279793010014, "U5": 13.051254040466686}, "datetime": {"datetime": "2021-03-05 13:03:24", "elapsed": 11.839799, "delta": 0.052679}}
{"target": 0.15172181890078246, "params": {"T1": 0.13475745795242122, "T3": 0.12732959422632023, "T5": 0.06291575580608914, "U1": 13.567861213771007, "U5": 16.690502740698854}, "datetime": {"datetime": "2021-03-05 13:03:24", "elapsed": 11.894809, "delta": 0.05501}}
{"target": 0.13813753117964644, "params": {"T1": 0.08121154308728924, "T3": 0.05158716215784518, "T5": 0.11490240675249942, "U1": 17.275895418099726, "U5": 15.601863454725304}, "datetime": {"datetime": "2021-03-05 13:03:24", "elapsed": 11.946892, "delta": 0.052083}}
{"target": 0.29901212903338764, "params": {"T1": 0.062181970641638065, "T3": 0.0948828256013706, "T5": 0.13081601949333593, "U1": 13.67671242487257, "U5": 14.789428855866468}, "datetime": {"datetime": "2021-03-05 13:03:24", "elapsed": 12.001109, "delta": 0.054217}}
{"target": 0.3169061172307636, "params": {"T1": 0.11703219627051187, "T3": 0.12335856706692715, "T5": 0.06122587233158704, "U1": 17.595372901603767, "U5": 14.153737575495278}, "datetime": {"datetime": "2021-03-05 13:03:24", "elapsed": 12.054709, "delta": 0.0536}}
{"target": 0.12862314141630488, "params": {"T1": 0.11988164231860923, "T3": 0.050308805068002206, "T5": 0.13370572445884876, "U1": 19.82677004621387, "U5": 15.432277772845142}, "datetime": {"datetime": "2021-03-05 13:03:24", "elapsed": 12.108653, "delta": 0.053944}}
{"target": 0.15534352203329443, "params": {"T1": 0.1340213003159238, "T3": 0.13161291884919119, "T5": 0.1483429747250049, "U1": 16.613358153307654, "U5": 13.930345102877759}, "datetime": {"datetime": "2021-03-05 13:03:24", "elapsed": 12.166945, "delta": 0.058292}}
{"target": 0.736568146644073, "params": {"T1": 0.13828905931972654, "T3": 0.12125003609673571, "T5": 0.07101365368344145, "U1": 17.37610964766482, "U5": 12.892193123917217}, "datetime": {"datetime": "2021-03-05 13:03:25", "elapsed": 12.221515, "delta": 0.05457}}
{"target": 0.27709490336529496, "params": {"T1": 0.07001798496582362, "T3": 0.0539188761116414, "T5": 0.05549073930015554, "U1": 17.139830812984215, "U5": 16.852104646303943}, "datetime": {"datetime": "2021-03-05 13:03:25", "elapsed": 12.27112, "delta": 0.049605}}
{"target": 0.1392162091272141, "params": {"T1": 0.05575464585928924, "T3": 0.1105094414477453, "T5": 0.14336386992091454, "U1": 19.798590423568843, "U5": 16.50465776576698}, "datetime": {"datetime": "2021-03-05 13:03:25", "elapsed": 12.325177, "delta": 0.054057}}
{"target": 0.13987627824979398, "params": {"T1": 0.12760633961254847, "T3": 0.10102087420794398, "T5": 0.12737139548614057, "U1": 17.615701819240847, "U5": 13.218140548478257}, "datetime": {"datetime": "2021-03-05 13:03:25", "elapsed": 12.381512, "delta": 0.056335}}
{"target": 0.24714223079285447, "params": {"T1": 0.1157492155891561, "T3": 0.11469100807355712, "T5": 0.11247411081870701, "U1": 19.297519707724625, "U5": 14.222725622010524}, "datetime": {"datetime": "2021-03-05 13:03:25", "elapsed": 12.43677, "delta": 0.055258}}
{"target": 0.20313552946320132, "params": {"T1": 0.13804063027785152, "T3": 0.0807588930509797, "T5": 0.10403790527747386, "U1": 19.07713454340506, "U5": 15.359392051384436}, "datetime": {"datetime": "2021-03-05 13:03:25", "elapsed": 12.491168, "delta": 0.054398}}
{"target": 0.1536089785064976, "params": {"T1": 0.08294827438534348, "T3": 0.09080590025546198, "T5": 0.1250136889369468, "U1": 13.126877319796938, "U5": 14.03435954472751}, "datetime": {"datetime": "2021-03-05 13:03:25", "elapsed": 12.54558, "delta": 0.054412}}
{"target": 0.19200055250356693, "params": {"T1": 0.09946788969981307, "T3": 0.1212087876166927, "T5": 0.1484646404661617, "U1": 19.463794595016417, "U5": 19.095326636206792}, "datetime": {"datetime": "2021-03-05 13:03:25", "elapsed": 12.599998, "delta": 0.054418}}
{"target": 0.2437810419588707, "params": {"T1": 0.06218339177693229, "T3": 0.1323752435124383, "T5": 0.126385508480002, "U1": 19.68740435503832, "U5": 15.614326197434018}, "datetime": {"datetime": "2021-03-05 13:03:25", "elapsed": 12.653738, "delta": 0.05374}}
{"target": 0.12290790537964573, "params": {"T1": 0.13146502316165165, "T3": 0.10260939971396268, "T5": 0.11946955650142001, "U1": 15.609525000762261, "U5": 16.0150253246048}, "datetime": {"datetime": "2021-03-05 13:03:25", "elapsed": 12.709624, "delta": 0.055886}}
{"target": 0.2081802459960714, "params": {"T1": 0.1473332049850153, "T3": 0.09264264291859065, "T5": 0.10855465133205558, "U1": 12.944519498286127, "U5": 18.178757898923955}, "datetime": {"datetime": "2021-03-05 13:03:25", "elapsed": 12.76531, "delta": 0.055686}}
{"target": 0.27330358918049413, "params": {"T1": 0.07836900774275826, "T3": 0.13843024233507628, "T5": 0.10593939148587925, "U1": 12.285428714314435, "U5": 12.511600110837898}, "datetime": {"datetime": "2021-03-05 13:03:25", "elapsed": 12.821284, "delta": 0.055974}}
{"target": 0.1836218566931841, "params": {"T1": 0.12371925458377488, "T3": 0.1342914721767947, "T5": 0.09371322408458105, "U1": 19.631971046107182, "U5": 18.328407891276637}, "datetime": {"datetime": "2021-03-05 13:03:25", "elapsed": 12.875405, "delta": 0.054121}}
{"target": 0.11885517259788556, "params": {"T1": 0.10395156392313021, "T3": 0.0776749457716855, "T5": 0.13649830498022097, "U1": 15.529213397059548, "U5": 16.58832131044611}, "datetime": {"datetime": "2021-03-05 13:03:25", "elapsed": 12.929871, "delta": 0.054466}}
{"target": 0.2149646211792065, "params": {"T1": 0.11918039394681375, "T3": 0.05159538522045766, "T5": 0.09143912708549468, "U1": 18.87639505972672, "U5": 18.501047077308783}, "datetime": {"datetime": "2021-03-05 13:03:25", "elapsed": 12.981821, "delta": 0.05195}}
{"target": 0.25393221099200053, "params": {"T1": 0.09715757347833995, "T3": 0.0840895376020576, "T5": 0.13922664360772694, "U1": 17.601393886173888, "U5": 16.184490628153217}, "datetime": {"datetime": "2021-03-05 13:03:25", "elapsed": 13.036156, "delta": 0.054335}}
{"target": 0.3021464734717437, "params": {"T1": 0.05312479310985966, "T3": 0.0656205682669809, "T5": 0.14217542809696224, "U1": 18.872456043883567, "U5": 19.065863472569006}, "datetime": {"datetime": "2021-03-05 13:03:25", "elapsed": 13.088188, "delta": 0.052032}}
{"target": 0.26667644734837126, "params": {"T1": 0.052836576517913215, "T3": 0.14897413506691587, "T5": 0.13030725365096657, "U1": 13.291235509190916, "U5": 17.581995457469603}, "datetime": {"datetime": "2021-03-05 13:03:25", "elapsed": 13.143228, "delta": 0.05504}}
{"target": 0.3398565392025919, "params": {"T1": 0.11906022585650759, "T3": 0.12326663015910415, "T5": 0.11747613891554111, "U1": 19.91346066979143, "U5": 13.034659795288247}, "datetime": {"datetime": "2021-03-05 13:03:26", "elapsed": 13.198826, "delta": 0.055598}}
{"target": 0.20517999640961798, "params": {"T1": 0.10279273703278634, "T3": 0.13777724092086996, "T5": 0.11521505787882076, "U1": 19.09645911109164, "U5": 13.784362256055651}, "datetime": {"datetime": "2021-03-05 13:03:26", "elapsed": 13.253952, "delta": 0.055126}}
{"target": 0.30090891802337966, "params": {"T1": 0.07705458304504915, "T3": 0.09106324045620565, "T5": 0.13357744112681746, "U1": 14.639837747269986, "U5": 14.52339394242944}, "datetime": {"datetime": "2021-03-05 13:03:26", "elapsed": 13.308736, "delta": 0.054784}}
{"target": 0.25560313850328314, "params": {"T1": 0.07730010799286033, "T3": 0.0954808948704855, "T5": 0.11680092704232455, "U1": 17.86988181046152, "U5": 18.47508246893295}, "datetime": {"datetime": "2021-03-05 13:03:26", "elapsed": 13.360917, "delta": 0.052181}}
