{"target": 0.27138498539094125, "params": {"T1": 0.12053325272175909, "T3": 0.06621002102406111, "T5": 0.14741141906072086, "U1": 19.859895172978486, "U5": 12.489366011401406}, "datetime": {"datetime": "2021-03-05 14:11:01", "elapsed": 4069.09446, "delta": 5.504141}}
{"target": 0.33245455783110534, "params": {"T1": 0.05652321084888145, "T3": 0.05940753127948756, "T5": 0.13006294136112923, "U1": 16.67262970595865, "U5": 14.442714825764664}, "datetime": {"datetime": "2021-03-05 14:11:07", "elapsed": 4074.178785, "delta": 5.084325}}
{"target": 0.2110806898450388, "params": {"T1": 0.08899924142384975, "T3": 0.07862861308745542, "T5": 0.08410946652964638, "U1": 18.56856030135102, "U5": 17.614412909795856}, "datetime": {"datetime": "2021-03-05 14:11:12", "elapsed": 4079.438643, "delta": 5.259858}}
{"target": 0.28386052779887005, "params": {"T1": 0.12068073644486067, "T3": 0.0764079137225352, "T5": 0.1435173056640215, "U1": 16.4137437884719, "U5": 14.248075059953344}, "datetime": {"datetime": "2021-03-05 14:11:17", "elapsed": 4084.861507, "delta": 5.422864}}
{"target": 0.24357596339578502, "params": {"T1": 0.11713141400544214, "T3": 0.13040234470685289, "T5": 0.14242283354923677, "U1": 18.30382197542256, "U5": 13.527622052587954}, "datetime": {"datetime": "2021-03-05 14:11:23", "elapsed": 4090.268085, "delta": 5.406578}}
{"target": 0.5557515673998995, "params": {"T1": 0.13926695296616687, "T3": 0.12351058863497509, "T5": 0.12188994257559517, "U1": 18.109156588800058, "U5": 14.7506855469871}, "datetime": {"datetime": "2021-03-05 14:11:38", "elapsed": 4105.934982, "delta": 15.666897}}
{"target": 0.2867023846777995, "params": {"T1": 0.10748702093213422, "T3": 0.10055225200052378, "T5": 0.05043550187738171, "U1": 13.300508738546322, "U5": 12.662516104566034}, "datetime": {"datetime": "2021-03-05 14:11:43", "elapsed": 4110.807145, "delta": 4.872163}}
{"target": 0.38893714905902377, "params": {"T1": 0.060107895715343564, "T3": 0.11923913503120871, "T5": 0.11359425426802107, "U1": 12.974613126709666, "U5": 15.572093184145121}, "datetime": {"datetime": "2021-03-05 14:11:58", "elapsed": 4125.811012, "delta": 15.003867}}
{"target": 0.3654409236623814, "params": {"T1": 0.06557017240953501, "T3": 0.08355006556169609, "T5": 0.07511007288594608, "U1": 19.378167995337744, "U5": 18.364007750676247}, "datetime": {"datetime": "2021-03-05 14:12:07", "elapsed": 4134.914561, "delta": 9.103549}}
{"target": 0.1964531796033901, "params": {"T1": 0.06072076165670875, "T3": 0.10472213422905696, "T5": 0.10745768618240184, "U1": 12.64746261823356, "U5": 16.079975721208363}, "datetime": {"datetime": "2021-03-05 14:12:15", "elapsed": 4142.721159, "delta": 7.806598}}
{"target": 0.28107518967476314, "params": {"T1": 0.05293884242700806, "T3": 0.12264075897446743, "T5": 0.14523137761606586, "U1": 17.978121481504253, "U5": 18.072604256622867}, "datetime": {"datetime": "2021-03-05 14:12:24", "elapsed": 4151.835889, "delta": 9.11473}}
{"target": 0.3335904222935532, "params": {"T1": 0.10199302730243909, "T3": 0.05036191812197738, "T5": 0.07885389564662919, "U1": 17.065228706723918, "U5": 17.846582585021302}, "datetime": {"datetime": "2021-03-05 14:12:29", "elapsed": 4156.700068, "delta": 4.864179}}
{"target": 0.40430998998279094, "params": {"T1": 0.1369784293530995, "T3": 0.11389044997655366, "T5": 0.07959823199393493, "U1": 19.417226540840463, "U5": 12.102380772113552}, "datetime": {"datetime": "2021-03-05 14:12:35", "elapsed": 4162.70517, "delta": 6.005102}}
{"target": 0.24059479200200654, "params": {"T1": 0.09468210837263641, "T3": 0.14004955304863798, "T5": 0.08694840675349745, "U1": 19.540644766877783, "U5": 17.9315254089081}, "datetime": {"datetime": "2021-03-05 14:12:40", "elapsed": 4167.326181, "delta": 4.621011}}
{"target": 0.24714397242558572, "params": {"T1": 0.09398173621598621, "T3": 0.10678303449494018, "T5": 0.11216825222827718, "U1": 19.738571377319797, "U5": 16.175707437902254}, "datetime": {"datetime": "2021-03-05 14:12:45", "elapsed": 4172.379228, "delta": 5.053047}}
{"target": 0.1827507136950134, "params": {"T1": 0.12318892384146764, "T3": 0.09659396845580447, "T5": 0.13096699986158988, "U1": 14.836673866904377, "U5": 14.73388007514677}, "datetime": {"datetime": "2021-03-05 14:12:54", "elapsed": 4182.131587, "delta": 9.752359}}
{"target": 0.39513304150915596, "params": {"T1": 0.09730382561908546, "T3": 0.09496172893211907, "T5": 0.06174858065929348, "U1": 15.183060137811676, "U5": 18.2542142160043}, "datetime": {"datetime": "2021-03-05 14:13:00", "elapsed": 4188.101476, "delta": 5.969889}}
{"target": 0.2905038268057119, "params": {"T1": 0.14303152601793162, "T3": 0.1450588095843458, "T5": 0.08297072282221482, "U1": 15.052389247596267, "U5": 14.53268819896783}, "datetime": {"datetime": "2021-03-05 14:13:06", "elapsed": 4193.680806, "delta": 5.57933}}
{"target": 0.18130665415770736, "params": {"T1": 0.11303771458221651, "T3": 0.13671370010715547, "T5": 0.1333071952645431, "U1": 13.193511602961916, "U5": 14.223136043807559}, "datetime": {"datetime": "2021-03-05 14:13:12", "elapsed": 4199.569987, "delta": 5.889181}}
{"target": 0.371268704358589, "params": {"T1": 0.10764023255498492, "T3": 0.14013091234264308, "T5": 0.09556865271612525, "U1": 18.717265466132226, "U5": 16.134654200684324}, "datetime": {"datetime": "2021-03-05 14:13:18", "elapsed": 4205.630131, "delta": 6.060144}}
{"target": 0.1659807527326661, "params": {"T1": 0.11610110660311827, "T3": 0.10571540520958334, "T5": 0.09607237084735928, "U1": 16.767692497746438, "U5": 19.776509297744102}, "datetime": {"datetime": "2021-03-05 14:13:24", "elapsed": 4211.553412, "delta": 5.923281}}
{"target": 0.26910299963340095, "params": {"T1": 0.09170581691222646, "T3": 0.11497475805857992, "T5": 0.05674064274450624, "U1": 14.694613220970094, "U5": 13.328796449464086}, "datetime": {"datetime": "2021-03-05 14:13:31", "elapsed": 4218.563361, "delta": 7.009949}}
{"target": 0.18680651362183037, "params": {"T1": 0.05849404962579296, "T3": 0.05683793078981425, "T5": 0.0643700248187225, "U1": 18.02377711912824, "U5": 17.862484747500904}, "datetime": {"datetime": "2021-03-05 14:13:36", "elapsed": 4223.564402, "delta": 5.001041}}
{"target": 0.1918085011309161, "params": {"T1": 0.14473236109209875, "T3": 0.1425477546494796, "T5": 0.14367981080020048, "U1": 17.79505069961426, "U5": 16.43297092308358}, "datetime": {"datetime": "2021-03-05 14:13:41", "elapsed": 4229.167357, "delta": 5.602955}}
{"target": 0.18970263520954844, "params": {"T1": 0.08315250915119535, "T3": 0.08309293018061616, "T5": 0.12822497474097994, "U1": 16.592321286084875, "U5": 15.06066445469627}, "datetime": {"datetime": "2021-03-05 14:13:52", "elapsed": 4239.515172, "delta": 10.347815}}
{"target": 0.20062721408682577, "params": {"T1": 0.10290452192120902, "T3": 0.11800324925358376, "T5": 0.057940454526364205, "U1": 17.595830645217287, "U5": 14.156005730885958}, "datetime": {"datetime": "2021-03-05 14:14:02", "elapsed": 4249.397169, "delta": 9.881997}}
{"target": 0.26889816949610146, "params": {"T1": 0.05303810432859714, "T3": 0.10292374961695722, "T5": 0.09549687210701263, "U1": 12.579568851899102, "U5": 12.117612549945068}, "datetime": {"datetime": "2021-03-05 14:14:07", "elapsed": 4254.505487, "delta": 5.108318}}
{"target": 0.14663293062642452, "params": {"T1": 0.10204335530738938, "T3": 0.14188802032416514, "T5": 0.14453267426941874, "U1": 19.372002907489033, "U5": 16.62081716729586}, "datetime": {"datetime": "2021-03-05 14:14:12", "elapsed": 4259.836213, "delta": 5.330726}}
{"target": 0.2956368213683839, "params": {"T1": 0.061442688875684506, "T3": 0.12389445787924906, "T5": 0.11753655948185023, "U1": 14.704930528843708, "U5": 15.588200152307174}, "datetime": {"datetime": "2021-03-05 14:14:26", "elapsed": 4273.392498, "delta": 13.556285}}
{"target": 0.22124827229165406, "params": {"T1": 0.09261901509596498, "T3": 0.1462413816616461, "T5": 0.10596167410145091, "U1": 19.79265505558957, "U5": 17.22756030049831}, "datetime": {"datetime": "2021-03-05 14:14:35", "elapsed": 4282.925311, "delta": 9.532813}}
{"target": 0.16414036539551344, "params": {"T1": 0.1277886244045022, "T3": 0.07711506553657042, "T5": 0.09983969248566718, "U1": 18.118030877327662, "U5": 12.584349395905722}, "datetime": {"datetime": "2021-03-05 14:14:41", "elapsed": 4288.26564, "delta": 5.340329}}
{"target": 0.14818512315728188, "params": {"T1": 0.058354822760154315, "T3": 0.11658679586302126, "T5": 0.11597374872669854, "U1": 19.666500168875878, "U5": 14.249907713181775}, "datetime": {"datetime": "2021-03-05 14:14:47", "elapsed": 4294.25504, "delta": 5.9894}}
{"target": 0.5551808561733028, "params": {"T1": 0.05779467495972726, "T3": 0.12291846449197455, "T5": 0.08149846723313972, "U1": 18.62011122401325, "U5": 17.217014410801823}, "datetime": {"datetime": "2021-03-05 14:14:52", "elapsed": 4299.843044, "delta": 5.588004}}
{"target": 0.4299968918242836, "params": {"T1": 0.14020152834579352, "T3": 0.09043431689195369, "T5": 0.1415084826212272, "U1": 12.428612642854487, "U5": 18.65653985567744}, "datetime": {"datetime": "2021-03-05 14:14:58", "elapsed": 4306.162234, "delta": 6.31919}}
{"target": 0.22642605959468307, "params": {"T1": 0.1382427410884079, "T3": 0.09047683139352274, "T5": 0.07023946021491125, "U1": 13.533396271559148, "U5": 16.4681894481563}, "datetime": {"datetime": "2021-03-05 14:15:07", "elapsed": 4314.331959, "delta": 8.169725}}
{"target": 0.2879382764064879, "params": {"T1": 0.09896413335025764, "T3": 0.12010556916337578, "T5": 0.13336378179320468, "U1": 15.261364779102959, "U5": 12.067708376751636}, "datetime": {"datetime": "2021-03-05 14:15:13", "elapsed": 4320.903376, "delta": 6.571417}}
{"target": 0.3080974687332717, "params": {"T1": 0.08228069147917383, "T3": 0.08694924968674753, "T5": 0.14819762224669036, "U1": 13.016411431044808, "U5": 18.28333242239254}, "datetime": {"datetime": "2021-03-05 14:15:20", "elapsed": 4327.774894, "delta": 6.871518}}
{"target": 0.26112301833136703, "params": {"T1": 0.1488853519934245, "T3": 0.12955111926174445, "T5": 0.093616940554372, "U1": 15.21998995110525, "U5": 17.5258339288664}, "datetime": {"datetime": "2021-03-05 14:15:26", "elapsed": 4333.6203, "delta": 5.845406}}
{"target": 0.836027479096024, "params": {"T1": 0.07418143402852304, "T3": 0.07985590252363187, "T5": 0.14713791422471567, "U1": 19.758465030187963, "U5": 17.530915743268604}, "datetime": {"datetime": "2021-03-05 14:15:31", "elapsed": 4338.639879, "delta": 5.019579}}
{"target": 0.22832184718234574, "params": {"T1": 0.0864094489967199, "T3": 0.09931476086546952, "T5": 0.1275960811451169, "U1": 13.82263169225051, "U5": 14.508734274984015}, "datetime": {"datetime": "2021-03-05 14:15:37", "elapsed": 4344.686435, "delta": 6.046556}}
{"target": 0.20421338382805676, "params": {"T1": 0.13798629091676412, "T3": 0.1205461920506109, "T5": 0.10108421717007454, "U1": 19.427058417242716, "U5": 12.511702421461383}, "datetime": {"datetime": "2021-03-05 14:15:43", "elapsed": 4350.466468, "delta": 5.780033}}
{"target": 0.1607605321916111, "params": {"T1": 0.11817435531127536, "T3": 0.05381807866586058, "T5": 0.1020272323219145, "U1": 16.11999829229836, "U5": 15.23311372002468}, "datetime": {"datetime": "2021-03-05 14:15:49", "elapsed": 4356.956638, "delta": 6.49017}}
{"target": 0.20105708019726082, "params": {"T1": 0.11246734723118372, "T3": 0.13391416135339973, "T5": 0.1333521817684175, "U1": 14.441517366992919, "U5": 18.185287166215872}, "datetime": {"datetime": "2021-03-05 14:15:55", "elapsed": 4362.687315, "delta": 5.730677}}
{"target": 0.18880116139283967, "params": {"T1": 0.1082722004605731, "T3": 0.12534399145975855, "T5": 0.11929784898474556, "U1": 16.508539488264425, "U5": 15.794726043183362}, "datetime": {"datetime": "2021-03-05 14:16:01", "elapsed": 4368.413608, "delta": 5.726293}}
{"target": 0.23441053507689666, "params": {"T1": 0.09732283964788777, "T3": 0.057979494288741454, "T5": 0.0722627355100296, "U1": 13.070344372086403, "U5": 18.87984034923896}, "datetime": {"datetime": "2021-03-05 14:16:06", "elapsed": 4374.059016, "delta": 5.645408}}
{"target": 1.3898714173168496, "params": {"T1": 0.1168295510885163, "T3": 0.1126432206835521, "T5": 0.10895196212870593, "U1": 14.831835757820096, "U5": 14.737047081766036}, "datetime": {"datetime": "2021-03-05 14:16:20", "elapsed": 4387.261718, "delta": 13.202702}}
{"target": 0.14533327840870428, "params": {"T1": 0.10040310088494031, "T3": 0.149676794104808, "T5": 0.12468999976968265, "U1": 19.53930236002506, "U5": 17.342623903720863}, "datetime": {"datetime": "2021-03-05 14:16:30", "elapsed": 4397.703819, "delta": 10.442101}}
{"target": 0.18063564742282984, "params": {"T1": 0.14157442215660607, "T3": 0.09846087068320562, "T5": 0.10563589837020199, "U1": 16.65457529007713, "U5": 15.503809775514434}, "datetime": {"datetime": "2021-03-05 14:16:39", "elapsed": 4406.444973, "delta": 8.741154}}
{"target": 0.21015879791611894, "params": {"T1": 0.08837418094793408, "T3": 0.14326540233237928, "T5": 0.1282510480272923, "U1": 12.763897427366022, "U5": 17.639638680179953}, "datetime": {"datetime": "2021-03-05 14:16:47", "elapsed": 4414.185987, "delta": 7.741014}}
{"target": 0.16034046883802078, "params": {"T1": 0.07647979213858117, "T3": 0.09920728998679851, "T5": 0.05820569880771475, "U1": 15.75275559529632, "U5": 14.966980691710443}, "datetime": {"datetime": "2021-03-05 14:16:52", "elapsed": 4419.608062, "delta": 5.422075}}
{"target": 0.2823954459953424, "params": {"T1": 0.12662387655546667, "T3": 0.07521982003227837, "T5": 0.14118171648466243, "U1": 12.102796842260492, "U5": 13.536371886225398}, "datetime": {"datetime": "2021-03-05 14:16:58", "elapsed": 4425.493094, "delta": 5.885032}}
{"target": 0.2731998344024535, "params": {"T1": 0.0623923920416927, "T3": 0.08820049482742132, "T5": 0.07994842095662712, "U1": 14.813698793493582, "U5": 13.836681476480516}, "datetime": {"datetime": "2021-03-05 14:17:09", "elapsed": 4437.160323, "delta": 11.667229}}
{"target": 0.310316562031172, "params": {"T1": 0.112522081697251, "T3": 0.12216994472807403, "T5": 0.12734780254793643, "U1": 15.329372720390328, "U5": 16.5265778454579}, "datetime": {"datetime": "2021-03-05 14:17:17", "elapsed": 4444.365707, "delta": 7.205384}}
{"target": 0.7767183325474183, "params": {"T1": 0.10612043195521165, "T3": 0.13644750700139452, "T5": 0.07957682013831724, "U1": 14.014764433833081, "U5": 16.38656103218017}, "datetime": {"datetime": "2021-03-05 14:17:28", "elapsed": 4455.329731, "delta": 10.964024}}
{"target": 0.6635523498403801, "params": {"T1": 0.06074570043837762, "T3": 0.1366014070049263, "T5": 0.07552585260285757, "U1": 16.799380602073995, "U5": 16.91858277370691}, "datetime": {"datetime": "2021-03-05 14:17:33", "elapsed": 4460.998663, "delta": 5.668932}}
{"target": 0.28184083421431694, "params": {"T1": 0.12137184828637908, "T3": 0.10968003794934411, "T5": 0.11261479333636666, "U1": 18.033132260595007, "U5": 17.787098345997197}, "datetime": {"datetime": "2021-03-05 14:17:39", "elapsed": 4466.961626, "delta": 5.962963}}
{"target": 0.175022181825444, "params": {"T1": 0.09093206317468432, "T3": 0.1209358043739808, "T5": 0.09236977815833086, "U1": 14.527680252398824, "U5": 18.589269387825247}, "datetime": {"datetime": "2021-03-05 14:17:48", "elapsed": 4475.943704, "delta": 8.982078}}
{"target": 0.3189255718925637, "params": {"T1": 0.09058598950159895, "T3": 0.12227880472002868, "T5": 0.08519591373914887, "U1": 17.37672528902003, "U5": 15.502901632985818}, "datetime": {"datetime": "2021-03-05 14:17:55", "elapsed": 4482.337997, "delta": 6.394293}}
{"target": 0.20154563362324854, "params": {"T1": 0.1447489379888673, "T3": 0.11937120510675843, "T5": 0.09248125166637622, "U1": 18.67372615575334, "U5": 14.499552236657873}, "datetime": {"datetime": "2021-03-05 14:18:01", "elapsed": 4488.369652, "delta": 6.031655}}
{"target": 0.17017951135155268, "params": {"T1": 0.13308704846871344, "T3": 0.09177100595387613, "T5": 0.10758373203189352, "U1": 16.001418726328847, "U5": 15.977828098015962}, "datetime": {"datetime": "2021-03-05 14:18:07", "elapsed": 4494.784471, "delta": 6.414819}}
{"target": 0.6234245360624263, "params": {"T1": 0.10817534324446135, "T3": 0.14709419731770046, "T5": 0.143775560595657, "U1": 18.615595814507476, "U5": 18.93093547249335}, "datetime": {"datetime": "2021-03-05 14:18:14", "elapsed": 4501.560279, "delta": 6.775808}}
{"target": 0.3047392345195444, "params": {"T1": 0.13103330991045087, "T3": 0.13666481943733472, "T5": 0.06970675225864924, "U1": 19.690365748287213, "U5": 19.918718076710224}, "datetime": {"datetime": "2021-03-05 14:18:20", "elapsed": 4507.419627, "delta": 5.859348}}
{"target": 0.16938808123580054, "params": {"T1": 0.0758688593092772, "T3": 0.12810124255747396, "T5": 0.13541704204288463, "U1": 13.452940403496726, "U5": 12.555861604942379}, "datetime": {"datetime": "2021-03-05 14:18:25", "elapsed": 4513.00351, "delta": 5.583883}}
{"target": 0.18401393121827478, "params": {"T1": 0.07931330476156748, "T3": 0.057722783082898556, "T5": 0.09536966410682915, "U1": 19.392754903933994, "U5": 18.375964851365616}, "datetime": {"datetime": "2021-03-05 14:18:33", "elapsed": 4521.138075, "delta": 8.134565}}
{"target": 0.25081748854000285, "params": {"T1": 0.08368863781500566, "T3": 0.09810811242696582, "T5": 0.05515776331014788, "U1": 15.905748410807657, "U5": 15.60899857951209}, "datetime": {"datetime": "2021-03-05 14:18:41", "elapsed": 4528.257977, "delta": 7.119902}}
{"target": 0.190696055951033, "params": {"T1": 0.053372253119207194, "T3": 0.11266030183545407, "T5": 0.07412002588745957, "U1": 12.17182906023782, "U5": 15.33491940160416}, "datetime": {"datetime": "2021-03-05 14:18:47", "elapsed": 4534.341778, "delta": 6.083801}}
{"target": 0.26333328919048005, "params": {"T1": 0.13459375999099693, "T3": 0.08550260895093374, "T5": 0.12987645478939713, "U1": 12.232707353307482, "U5": 19.448715594120873}, "datetime": {"datetime": "2021-03-05 14:18:52", "elapsed": 4539.468566, "delta": 5.126788}}
{"target": 0.3343594964469529, "params": {"T1": 0.07366153076147808, "T3": 0.10585334728036537, "T5": 0.06414927399919887, "U1": 16.06427868458472, "U5": 12.045808621888632}, "datetime": {"datetime": "2021-03-05 14:18:58", "elapsed": 4545.213632, "delta": 5.745066}}
{"target": 0.2267155993525117, "params": {"T1": 0.07783913861702285, "T3": 0.10410804826632863, "T5": 0.14889623812715863, "U1": 13.912075271387831, "U5": 16.451910831633644}, "datetime": {"datetime": "2021-03-05 14:19:04", "elapsed": 4551.633528, "delta": 6.419896}}
{"target": 0.19189193369407256, "params": {"T1": 0.09366078006436011, "T3": 0.0736023836380192, "T5": 0.05165198914607334, "U1": 12.035105728961597, "U5": 15.724992679125304}, "datetime": {"datetime": "2021-03-05 14:19:10", "elapsed": 4557.77778, "delta": 6.144252}}
{"target": 0.31527998705475657, "params": {"T1": 0.09588826905481562, "T3": 0.09086470578865903, "T5": 0.053066373435098894, "U1": 14.251725189349596, "U5": 16.852752296481253}, "datetime": {"datetime": "2021-03-05 14:19:16", "elapsed": 4563.31543, "delta": 5.53765}}
{"target": 0.28112071431420355, "params": {"T1": 0.054311351506776344, "T3": 0.10017989934086657, "T5": 0.11905817430023781, "U1": 14.682495999237272, "U5": 17.007348898894787}, "datetime": {"datetime": "2021-03-05 14:19:22", "elapsed": 4569.443669, "delta": 6.128239}}
{"target": 0.157294423459606, "params": {"T1": 0.11405317594026453, "T3": 0.0853402132617964, "T5": 0.10894857949005107, "U1": 12.156938086131003, "U5": 16.151095793152912}, "datetime": {"datetime": "2021-03-05 14:19:28", "elapsed": 4575.251434, "delta": 5.807765}}
{"target": 0.40201123514900683, "params": {"T1": 0.09328990061383463, "T3": 0.12358419273934731, "T5": 0.0987710352171722, "U1": 16.55595321885203, "U5": 14.37053060780534}, "datetime": {"datetime": "2021-03-05 14:19:38", "elapsed": 4585.190632, "delta": 9.939198}}
{"target": 0.1750963153963347, "params": {"T1": 0.11675736050664275, "T3": 0.12280308120247248, "T5": 0.0679900150913301, "U1": 15.711658316427426, "U5": 15.616048814534121}, "datetime": {"datetime": "2021-03-05 14:19:44", "elapsed": 4591.421883, "delta": 6.231251}}
{"target": 0.1985912197044079, "params": {"T1": 0.08463186671267954, "T3": 0.0540259695518413, "T5": 0.10578203854006729, "U1": 19.858610586697047, "U5": 18.785093825714345}, "datetime": {"datetime": "2021-03-05 14:19:50", "elapsed": 4597.203078, "delta": 5.781195}}
{"target": 0.20547223655890556, "params": {"T1": 0.14598983536767174, "T3": 0.09530311013593226, "T5": 0.11517033601462114, "U1": 16.646618089641017, "U5": 15.494785266841335}, "datetime": {"datetime": "2021-03-05 14:19:58", "elapsed": 4605.353372, "delta": 8.150294}}
{"target": 0.31037890605234786, "params": {"T1": 0.10096133102186755, "T3": 0.09124362304885385, "T5": 0.06935629480505465, "U1": 17.013776808858168, "U5": 19.012105687836197}, "datetime": {"datetime": "2021-03-05 14:20:08", "elapsed": 4616.019118, "delta": 10.665746}}
{"target": 0.2899801591172795, "params": {"T1": 0.08844582988002016, "T3": 0.12436953297053684, "T5": 0.07154559568765878, "U1": 12.215515305843839, "U5": 19.45587489410663}, "datetime": {"datetime": "2021-03-05 14:20:14", "elapsed": 4621.516723, "delta": 5.497605}}
{"target": 0.15044300164095753, "params": {"T1": 0.061921870628992216, "T3": 0.0691482378301629, "T5": 0.0953258931862994, "U1": 14.034244703705765, "U5": 14.574206357965185}, "datetime": {"datetime": "2021-03-05 14:20:22", "elapsed": 4629.182739, "delta": 7.666016}}
{"target": 0.22853171654305315, "params": {"T1": 0.09091334146796749, "T3": 0.08831516141821358, "T5": 0.06465493222869392, "U1": 17.332749399411668, "U5": 12.94359961933101}, "datetime": {"datetime": "2021-03-05 14:20:30", "elapsed": 4637.412455, "delta": 8.229716}}
{"target": 0.3326585527361711, "params": {"T1": 0.0631958542827668, "T3": 0.14640858733839907, "T5": 0.06789741520137564, "U1": 19.240958736197474, "U5": 17.05458576776546}, "datetime": {"datetime": "2021-03-05 14:20:44", "elapsed": 4651.879032, "delta": 14.466577}}
