{"target": 0.5894279201381158, "params": {"T1": 0.1458095016826556, "T3": 0.10035688448577845, "T5": 0.1401596866817968, "U1": 18.359900788925668, "U5": 14.978036873307946}, "datetime": {"datetime": "2021-03-05 13:28:14", "elapsed": 1501.591129, "delta": 6.748221}}
{"target": 0.22705925053363532, "params": {"T1": 0.06004122251797683, "T3": 0.07627877268123631, "T5": 0.060938311685248096, "U1": 15.912309409479061, "U5": 19.689791022661574}, "datetime": {"datetime": "2021-03-05 13:28:17", "elapsed": 1504.86212, "delta": 3.270991}}
{"target": 0.5339487514454313, "params": {"T1": 0.11913822182545455, "T3": 0.14263428825297153, "T5": 0.10240938377838146, "U1": 19.32246792017111, "U5": 18.313399000844708}, "datetime": {"datetime": "2021-03-05 13:28:20", "elapsed": 1507.192347, "delta": 2.330227}}
{"target": 0.1284503378134693, "params": {"T1": 0.08848796641179196, "T3": 0.06127047676214641, "T5": 0.10889333453207055, "U1": 19.23432392617168, "U5": 14.296550845110705}, "datetime": {"datetime": "2021-03-05 13:28:22", "elapsed": 1509.502905, "delta": 2.310558}}
{"target": 0.1424259835401682, "params": {"T1": 0.10439089521199205, "T3": 0.0744851911680125, "T5": 0.10829846817119047, "U1": 14.208309486242449, "U5": 13.408046624332375}, "datetime": {"datetime": "2021-03-05 13:28:25", "elapsed": 1512.390157, "delta": 2.887252}}
{"target": 0.33071992182799437, "params": {"T1": 0.13981324371509085, "T3": 0.09356150552745218, "T5": 0.0628594151375331, "U1": 15.478787750355245, "U5": 14.320142569591813}, "datetime": {"datetime": "2021-03-05 13:28:28", "elapsed": 1515.22834, "delta": 2.838183}}
{"target": 0.3295202451462521, "params": {"T1": 0.05330090295351906, "T3": 0.14641245085172788, "T5": 0.0676785497077737, "U1": 18.04413069331222, "U5": 18.931054116610444}, "datetime": {"datetime": "2021-03-05 13:28:34", "elapsed": 1521.608405, "delta": 6.380065}}
{"target": 0.22531696534057744, "params": {"T1": 0.05133381190376662, "T3": 0.10629785243141152, "T5": 0.10050420940834798, "U1": 15.013161275872445, "U5": 15.971149294861075}, "datetime": {"datetime": "2021-03-05 13:28:40", "elapsed": 1527.77325, "delta": 6.164845}}
{"target": 0.4892950664585247, "params": {"T1": 0.07005025390194144, "T3": 0.14182219295655282, "T5": 0.11296725611109716, "U1": 12.650758410559423, "U5": 17.448637647445032}, "datetime": {"datetime": "2021-03-05 13:28:43", "elapsed": 1530.178442, "delta": 2.405192}}
{"target": 0.17033615948449884, "params": {"T1": 0.11115548799903895, "T3": 0.07844612493698369, "T5": 0.07491207854280182, "U1": 16.452466561616713, "U5": 16.971145519115748}, "datetime": {"datetime": "2021-03-05 13:28:49", "elapsed": 1536.869761, "delta": 6.691319}}
{"target": 0.16003613355165075, "params": {"T1": 0.09284458855000832, "T3": 0.06381091522490692, "T5": 0.12279503933094255, "U1": 17.685761323857836, "U5": 15.067313279423427}, "datetime": {"datetime": "2021-03-05 13:28:52", "elapsed": 1539.560983, "delta": 2.691222}}
{"target": 0.40796288709133066, "params": {"T1": 0.11564464857349016, "T3": 0.1499352480522868, "T5": 0.0911172087059772, "U1": 18.95638134730492, "U5": 12.232985336044568}, "datetime": {"datetime": "2021-03-05 13:28:58", "elapsed": 1545.587883, "delta": 6.0269}}
{"target": 0.15553071160053214, "params": {"T1": 0.05887068092630924, "T3": 0.052508248494910065, "T5": 0.10319982393138169, "U1": 13.97321032797459, "U5": 17.9359458039349}, "datetime": {"datetime": "2021-03-05 13:29:01", "elapsed": 1548.323983, "delta": 2.7361}}
{"target": 1.0818895059583855, "params": {"T1": 0.09511287133719307, "T3": 0.08908927166226874, "T5": 0.055071196959561336, "U1": 14.81908307106919, "U5": 19.420144605947133}, "datetime": {"datetime": "2021-03-05 13:29:03", "elapsed": 1551.169492, "delta": 2.845509}}
{"target": 0.14192270758964326, "params": {"T1": 0.13541883984141345, "T3": 0.06343547870903732, "T5": 0.06529770023240225, "U1": 14.275554439977398, "U5": 14.165637648667543}, "datetime": {"datetime": "2021-03-05 13:29:07", "elapsed": 1554.558702, "delta": 3.38921}}
{"target": 0.2789649964521623, "params": {"T1": 0.10567354930997003, "T3": 0.11319467591718092, "T5": 0.05156465560455712, "U1": 14.569441856658846, "U5": 19.688240167616215}, "datetime": {"datetime": "2021-03-05 13:29:11", "elapsed": 1558.174414, "delta": 3.615712}}
{"target": 0.2051570990651963, "params": {"T1": 0.07722064081339244, "T3": 0.11745089033019275, "T5": 0.09173942263986778, "U1": 18.528718829550225, "U5": 17.690163668393698}, "datetime": {"datetime": "2021-03-05 13:29:18", "elapsed": 1565.292065, "delta": 7.117651}}
{"target": 0.4144018652065535, "params": {"T1": 0.06868189122952498, "T3": 0.13161239612255865, "T5": 0.0820397547217936, "U1": 18.512264139207257, "U5": 15.152184057794148}, "datetime": {"datetime": "2021-03-05 13:29:25", "elapsed": 1572.377661, "delta": 7.085596}}
{"target": 0.22120054511382975, "params": {"T1": 0.06409532934183415, "T3": 0.12621650605138737, "T5": 0.06196012721512173, "U1": 15.053710105664234, "U5": 18.499527650673528}, "datetime": {"datetime": "2021-03-05 13:29:31", "elapsed": 1578.266991, "delta": 5.88933}}
{"target": 0.44122390343343604, "params": {"T1": 0.11510971274892003, "T3": 0.09624831880215982, "T5": 0.08840379419135438, "U1": 19.400628511960324, "U5": 16.196820409365987}, "datetime": {"datetime": "2021-03-05 13:29:34", "elapsed": 1581.588849, "delta": 3.321858}}
{"target": 0.40039857891489566, "params": {"T1": 0.10221367075407231, "T3": 0.14719662956048685, "T5": 0.07866746292133645, "U1": 18.299457111057073, "U5": 18.43970999379428}, "datetime": {"datetime": "2021-03-05 13:29:37", "elapsed": 1584.190375, "delta": 2.601526}}
{"target": 0.5935285071369044, "params": {"T1": 0.12257902147359678, "T3": 0.10444608458462598, "T5": 0.11982110102791485, "U1": 14.833923900953979, "U5": 14.74687067099938}, "datetime": {"datetime": "2021-03-05 13:29:40", "elapsed": 1587.51664, "delta": 3.326265}}
{"target": 0.2464047511662036, "params": {"T1": 0.11709515227872987, "T3": 0.07885214537234149, "T5": 0.06891059955607251, "U1": 16.249048443404735, "U5": 17.821139387604692}, "datetime": {"datetime": "2021-03-05 13:29:45", "elapsed": 1592.647255, "delta": 5.130615}}
{"target": 0.2552170844579276, "params": {"T1": 0.06943969122582086, "T3": 0.055969164847618526, "T5": 0.14716693577973472, "U1": 17.290163783218784, "U5": 16.36963310353402}, "datetime": {"datetime": "2021-03-05 13:29:48", "elapsed": 1595.846986, "delta": 3.199731}}
{"target": 0.13674216130398517, "params": {"T1": 0.09550700645497309, "T3": 0.0924396629837476, "T5": 0.1462813149251797, "U1": 13.00786158928527, "U5": 18.27960414899519}, "datetime": {"datetime": "2021-03-05 13:29:55", "elapsed": 1602.846513, "delta": 6.999527}}
{"target": 0.36919356350654114, "params": {"T1": 0.05742121933057357, "T3": 0.14848127838259584, "T5": 0.05727195102369784, "U1": 19.192183552710553, "U5": 17.060233069885452}, "datetime": {"datetime": "2021-03-05 13:30:04", "elapsed": 1611.454301, "delta": 8.607788}}
{"target": 0.912106819659065, "params": {"T1": 0.1412991146748664, "T3": 0.13704412487537931, "T5": 0.06664299662242283, "U1": 17.86755968197848, "U5": 16.59800263379548}, "datetime": {"datetime": "2021-03-05 13:30:07", "elapsed": 1614.89149, "delta": 3.437189}}
{"target": 0.5204219341935729, "params": {"T1": 0.11779747802041259, "T3": 0.09315391853534259, "T5": 0.11072208746868133, "U1": 14.840225438685298, "U5": 14.757689603931958}, "datetime": {"datetime": "2021-03-05 13:30:13", "elapsed": 1621.038378, "delta": 6.146888}}
{"target": 0.20783987822961153, "params": {"T1": 0.08505473695499856, "T3": 0.0597704394482336, "T5": 0.09114981036739098, "U1": 16.207725757981628, "U5": 16.847812076340215}, "datetime": {"datetime": "2021-03-05 13:30:16", "elapsed": 1623.754626, "delta": 2.716248}}
{"target": 0.2976253673146069, "params": {"T1": 0.07938332882639029, "T3": 0.12496898542107394, "T5": 0.11023475735817298, "U1": 14.698846869131513, "U5": 15.587588820607355}, "datetime": {"datetime": "2021-03-05 13:30:23", "elapsed": 1630.787999, "delta": 7.033373}}
{"target": 0.3045392163300464, "params": {"T1": 0.13388740586626297, "T3": 0.09473956034044027, "T5": 0.13623779565945757, "U1": 13.111379144251266, "U5": 12.394012267921447}, "datetime": {"datetime": "2021-03-05 13:30:26", "elapsed": 1633.706932, "delta": 2.918933}}
{"target": 0.25491169544912456, "params": {"T1": 0.09108091038204433, "T3": 0.07849817180413035, "T5": 0.09509515532233517, "U1": 17.66126291351995, "U5": 18.141804489751724}, "datetime": {"datetime": "2021-03-05 13:30:29", "elapsed": 1636.762829, "delta": 3.055897}}
{"target": 0.13348888750314547, "params": {"T1": 0.1083178268907237, "T3": 0.06320666494173183, "T5": 0.07477325425561443, "U1": 15.244162925223755, "U5": 17.41460210749966}, "datetime": {"datetime": "2021-03-05 13:30:32", "elapsed": 1639.952087, "delta": 3.189258}}
{"target": 0.5355794638723039, "params": {"T1": 0.08428479104772764, "T3": 0.1154595582211617, "T5": 0.09655996763673035, "U1": 17.392046659506228, "U5": 15.50130073860631}, "datetime": {"datetime": "2021-03-05 13:30:36", "elapsed": 1643.428686, "delta": 3.476599}}
{"target": 0.274625370589213, "params": {"T1": 0.0831999816994386, "T3": 0.14542027923025028, "T5": 0.11166509518646012, "U1": 12.564800012132437, "U5": 15.177351531368327}, "datetime": {"datetime": "2021-03-05 13:30:39", "elapsed": 1646.4976, "delta": 3.068914}}
{"target": 0.19831584323908702, "params": {"T1": 0.08016040273702908, "T3": 0.13933456020085605, "T5": 0.13720785046673856, "U1": 16.516159005909394, "U5": 18.94328262607617}, "datetime": {"datetime": "2021-03-05 13:30:43", "elapsed": 1650.53699, "delta": 4.03939}}
{"target": 0.16554475734671006, "params": {"T1": 0.078307175560176, "T3": 0.11389938826459163, "T5": 0.07380044455654886, "U1": 12.679946072161469, "U5": 16.736739086706866}, "datetime": {"datetime": "2021-03-05 13:30:49", "elapsed": 1656.678624, "delta": 6.141634}}
{"target": 0.17033042961570052, "params": {"T1": 0.12875205221878877, "T3": 0.09437986732235387, "T5": 0.0949455113493719, "U1": 19.849012988889225, "U5": 19.98729456139789}, "datetime": {"datetime": "2021-03-05 13:30:57", "elapsed": 1665.140436, "delta": 8.461812}}
{"target": 0.8554084787243692, "params": {"T1": 0.06757946999580147, "T3": 0.13351068958049395, "T5": 0.0811618391660201, "U1": 18.49925653146489, "U5": 15.140151151789041}, "datetime": {"datetime": "2021-03-05 13:31:01", "elapsed": 1668.786955, "delta": 3.646519}}
{"target": 0.22067981719030885, "params": {"T1": 0.07185617453583405, "T3": 0.12267074675775959, "T5": 0.06456841781438025, "U1": 15.053056761467253, "U5": 18.527292349096378}, "datetime": {"datetime": "2021-03-05 13:31:11", "elapsed": 1678.263463, "delta": 9.476508}}
{"target": 0.12919093584374192, "params": {"T1": 0.11286390638997897, "T3": 0.12461156619906234, "T5": 0.08175323272394351, "U1": 14.502788972415894, "U5": 18.603398605335762}, "datetime": {"datetime": "2021-03-05 13:31:16", "elapsed": 1683.655376, "delta": 5.391913}}
{"target": 0.14686911243031087, "params": {"T1": 0.10130267924980005, "T3": 0.09557470437103487, "T5": 0.082715852774562, "U1": 12.887742734899405, "U5": 13.537677228257756}, "datetime": {"datetime": "2021-03-05 13:31:20", "elapsed": 1687.27145, "delta": 3.616074}}
{"target": 0.16818209771441908, "params": {"T1": 0.11407727528490909, "T3": 0.0918827777379249, "T5": 0.07107223174671799, "U1": 12.202038818025382, "U5": 16.204686187104954}, "datetime": {"datetime": "2021-03-05 13:31:23", "elapsed": 1690.417962, "delta": 3.146512}}
{"target": 0.27180014409244924, "params": {"T1": 0.06167406449579718, "T3": 0.052944314156680265, "T5": 0.12110868913365193, "U1": 17.00292358621025, "U5": 13.346203056424951}, "datetime": {"datetime": "2021-03-05 13:31:25", "elapsed": 1692.940314, "delta": 2.522352}}
{"target": 0.23665316606325706, "params": {"T1": 0.09886198503564791, "T3": 0.06302745144957446, "T5": 0.05875886254729713, "U1": 15.603950359942642, "U5": 19.486433137345585}, "datetime": {"datetime": "2021-03-05 13:31:28", "elapsed": 1695.698506, "delta": 2.758192}}
{"target": 0.1772852994436198, "params": {"T1": 0.09312330409551658, "T3": 0.07434886356522713, "T5": 0.12751135583908213, "U1": 16.305197252012025, "U5": 16.09451942468008}, "datetime": {"datetime": "2021-03-05 13:31:31", "elapsed": 1698.44586, "delta": 2.747354}}
{"target": 0.2439516110031568, "params": {"T1": 0.10450810117064988, "T3": 0.1320049828041827, "T5": 0.07097075743688364, "U1": 16.29470209369005, "U5": 12.363591402464834}, "datetime": {"datetime": "2021-03-05 13:31:33", "elapsed": 1701.003511, "delta": 2.557651}}
{"target": 0.2564937714860614, "params": {"T1": 0.05779090261157961, "T3": 0.09958593368405665, "T5": 0.12989576928545588, "U1": 13.561110485062871, "U5": 17.32936039369331}, "datetime": {"datetime": "2021-03-05 13:31:36", "elapsed": 1703.984138, "delta": 2.980627}}
{"target": 0.30572844571189955, "params": {"T1": 0.0591677190386835, "T3": 0.10391556185685483, "T5": 0.07145681198870438, "U1": 18.278929349231003, "U5": 16.236301488836613}, "datetime": {"datetime": "2021-03-05 13:31:43", "elapsed": 1710.951201, "delta": 6.967063}}
{"target": 0.1536091313533303, "params": {"T1": 0.07287690731932447, "T3": 0.06828871369268937, "T5": 0.13889553173126618, "U1": 15.485983671765151, "U5": 14.038305495514514}, "datetime": {"datetime": "2021-03-05 13:31:46", "elapsed": 1713.845682, "delta": 2.894481}}
{"target": 0.25016805544675935, "params": {"T1": 0.1216845329508111, "T3": 0.11288320307138185, "T5": 0.06519320741002457, "U1": 18.650599258632884, "U5": 18.04749071756912}, "datetime": {"datetime": "2021-03-05 13:31:58", "elapsed": 1725.4487, "delta": 11.603018}}
{"target": 0.30402168625055553, "params": {"T1": 0.12168486637293079, "T3": 0.13758829473697598, "T5": 0.05436377130790815, "U1": 19.91956249157376, "U5": 15.707721621407721}, "datetime": {"datetime": "2021-03-05 13:32:01", "elapsed": 1728.385083, "delta": 2.936383}}
{"target": 0.3099746422194483, "params": {"T1": 0.12163861270656864, "T3": 0.13377260209132685, "T5": 0.06863456642600611, "U1": 13.021045973187615, "U5": 15.631101108315228}, "datetime": {"datetime": "2021-03-05 13:32:03", "elapsed": 1730.872933, "delta": 2.48785}}
{"target": 0.20443418045681078, "params": {"T1": 0.06170815862068335, "T3": 0.10147633605412099, "T5": 0.07147223134566236, "U1": 15.26556183478175, "U5": 14.079047737436934}, "datetime": {"datetime": "2021-03-05 13:32:07", "elapsed": 1734.66511, "delta": 3.792177}}
{"target": 0.3307943451071331, "params": {"T1": 0.07052975500530537, "T3": 0.07516614851781175, "T5": 0.09551071648078861, "U1": 19.826123987674634, "U5": 12.316552363563067}, "datetime": {"datetime": "2021-03-05 13:32:10", "elapsed": 1737.59974, "delta": 2.93463}}
{"target": 0.1547818193789203, "params": {"T1": 0.1263058827447007, "T3": 0.1354649654745574, "T5": 0.06862875139974503, "U1": 17.13269745167115, "U5": 13.010376566024727}, "datetime": {"datetime": "2021-03-05 13:32:16", "elapsed": 1743.951102, "delta": 6.351362}}
{"target": 0.29652612426930125, "params": {"T1": 0.10068913612900299, "T3": 0.1231221028840761, "T5": 0.11998350348172486, "U1": 18.64632104669495, "U5": 18.934794037090892}, "datetime": {"datetime": "2021-03-05 13:32:23", "elapsed": 1750.400244, "delta": 6.449142}}
{"target": 0.13282446558292005, "params": {"T1": 0.10334809381245529, "T3": 0.05551253896470962, "T5": 0.11657163940521201, "U1": 14.262301399051218, "U5": 17.982017271242263}, "datetime": {"datetime": "2021-03-05 13:32:26", "elapsed": 1753.487314, "delta": 3.08707}}
{"target": 0.18395588369989085, "params": {"T1": 0.12078015731131742, "T3": 0.12375109731320438, "T5": 0.11711185078188448, "U1": 17.171059530365604, "U5": 18.94891412908566}, "datetime": {"datetime": "2021-03-05 13:32:29", "elapsed": 1756.692014, "delta": 3.2047}}
{"target": 0.18812385421671196, "params": {"T1": 0.0950142684516129, "T3": 0.06538679116553095, "T5": 0.07674743913552226, "U1": 18.31467769106706, "U5": 13.8910990653952}, "datetime": {"datetime": "2021-03-05 13:32:39", "elapsed": 1766.533347, "delta": 9.841333}}
{"target": 0.2718464575720227, "params": {"T1": 0.09401361489421799, "T3": 0.06371386204334945, "T5": 0.10167402423012194, "U1": 19.474039806509506, "U5": 18.500977868401932}, "datetime": {"datetime": "2021-03-05 13:32:47", "elapsed": 1774.284305, "delta": 7.750958}}
{"target": 0.6385578339832539, "params": {"T1": 0.1074949025713818, "T3": 0.13700182396447966, "T5": 0.07411263484957828, "U1": 18.738320022266443, "U5": 14.325183022442559}, "datetime": {"datetime": "2021-03-05 13:32:52", "elapsed": 1779.967259, "delta": 5.682954}}
{"target": 0.19935080994665103, "params": {"T1": 0.06711288361411662, "T3": 0.1067508141511026, "T5": 0.12767442689159775, "U1": 16.269855989457323, "U5": 19.582411338032987}, "datetime": {"datetime": "2021-03-05 13:32:55", "elapsed": 1783.120328, "delta": 3.153069}}
{"target": 0.29983308581858625, "params": {"T1": 0.06362045318477201, "T3": 0.11782340434364365, "T5": 0.09951299722936013, "U1": 19.917325843186852, "U5": 12.312521652248552}, "datetime": {"datetime": "2021-03-05 13:32:58", "elapsed": 1785.976471, "delta": 2.856143}}
{"target": 0.2161485360846247, "params": {"T1": 0.11431517438933489, "T3": 0.1129256340970184, "T5": 0.09015863767870431, "U1": 19.821402655431857, "U5": 19.97873090286125}, "datetime": {"datetime": "2021-03-05 13:33:06", "elapsed": 1793.221408, "delta": 7.244937}}
{"target": 0.20524627700321657, "params": {"T1": 0.10084098847319128, "T3": 0.134334414968062, "T5": 0.06439547986163979, "U1": 14.55425245632567, "U5": 18.617714925232217}, "datetime": {"datetime": "2021-03-05 13:33:13", "elapsed": 1800.928555, "delta": 7.707147}}
{"target": 0.24377586166566947, "params": {"T1": 0.09714979837640401, "T3": 0.09868374198464397, "T5": 0.07320532097380633, "U1": 16.89059567191356, "U5": 17.50133869380022}, "datetime": {"datetime": "2021-03-05 13:33:20", "elapsed": 1808.139688, "delta": 7.211133}}
{"target": 0.1867830246286894, "params": {"T1": 0.1419683490901304, "T3": 0.07284556880567276, "T5": 0.05690152152685429, "U1": 15.961257475949822, "U5": 13.764214437601575}, "datetime": {"datetime": "2021-03-05 13:33:24", "elapsed": 1811.419894, "delta": 3.280206}}
{"target": 0.16789466456578156, "params": {"T1": 0.12275668307800647, "T3": 0.056445846319434646, "T5": 0.08839094549095283, "U1": 13.905773598380263, "U5": 19.622890922002156}, "datetime": {"datetime": "2021-03-05 13:33:27", "elapsed": 1814.30517, "delta": 2.885276}}
{"target": 0.17681638655783485, "params": {"T1": 0.09665509286419088, "T3": 0.0579801515069806, "T5": 0.13881647687731422, "U1": 13.600438948845836, "U5": 18.028766129511382}, "datetime": {"datetime": "2021-03-05 13:33:30", "elapsed": 1817.35564, "delta": 3.05047}}
{"target": 0.14951264113666268, "params": {"T1": 0.07503519849384944, "T3": 0.14653556710420068, "T5": 0.11134374576762833, "U1": 18.633763731336998, "U5": 17.370631037180758}, "datetime": {"datetime": "2021-03-05 13:33:35", "elapsed": 1823.122098, "delta": 5.766458}}
{"target": 0.45459248938753827, "params": {"T1": 0.11927549296504254, "T3": 0.1459364703919871, "T5": 0.09664945429086308, "U1": 19.845316236699354, "U5": 15.756409108971647}, "datetime": {"datetime": "2021-03-05 13:33:39", "elapsed": 1826.363493, "delta": 3.241395}}
{"target": 0.19373072433852012, "params": {"T1": 0.14283554842753168, "T3": 0.07601718287363637, "T5": 0.10955910591626791, "U1": 15.500339664223315, "U5": 15.600280191211183}, "datetime": {"datetime": "2021-03-05 13:33:42", "elapsed": 1829.440162, "delta": 3.076669}}
{"target": 0.14348257044867588, "params": {"T1": 0.05444507100525441, "T3": 0.06006106184410226, "T5": 0.09995665358112985, "U1": 15.866639508900953, "U5": 19.220003416696876}, "datetime": {"datetime": "2021-03-05 13:33:52", "elapsed": 1840.091654, "delta": 10.651492}}
{"target": 0.30246741564413004, "params": {"T1": 0.13191477534089288, "T3": 0.1159666850527232, "T5": 0.06704891158849818, "U1": 17.83098364128316, "U5": 15.627964322190234}, "datetime": {"datetime": "2021-03-05 13:33:55", "elapsed": 1842.911635, "delta": 2.819981}}
{"target": 0.1707371156239579, "params": {"T1": 0.06900572434684099, "T3": 0.052015882637033564, "T5": 0.08811574761109367, "U1": 18.21990762462592, "U5": 15.598221029087934}, "datetime": {"datetime": "2021-03-05 13:33:58", "elapsed": 1845.727305, "delta": 2.81567}}
{"target": 0.1944379338681318, "params": {"T1": 0.14325418321174943, "T3": 0.10995371462922807, "T5": 0.06969380895001902, "U1": 14.137049698364557, "U5": 13.038702188362436}, "datetime": {"datetime": "2021-03-05 13:34:01", "elapsed": 1848.58645, "delta": 2.859145}}
{"target": 0.44122078783585955, "params": {"T1": 0.10278198689051118, "T3": 0.14317127735913054, "T5": 0.09831980916006333, "U1": 19.802204326729576, "U5": 17.21047237204381}, "datetime": {"datetime": "2021-03-05 13:34:11", "elapsed": 1858.586734, "delta": 10.000284}}
{"target": 0.3175104625112616, "params": {"T1": 0.1256408730691137, "T3": 0.05046463097759596, "T5": 0.08588487178237063, "U1": 13.987750851305094, "U5": 15.34008443028545}, "datetime": {"datetime": "2021-03-05 13:34:14", "elapsed": 1861.664162, "delta": 3.077428}}
{"target": 0.3117129510067782, "params": {"T1": 0.12476830149497191, "T3": 0.0867077822933658, "T5": 0.07738740875606935, "U1": 14.271295673001823, "U5": 17.654995211773645}, "datetime": {"datetime": "2021-03-05 13:34:17", "elapsed": 1864.828063, "delta": 3.163901}}
{"target": 0.25304864838301677, "params": {"T1": 0.14102270172541653, "T3": 0.053425458810515115, "T5": 0.14019567369877506, "U1": 13.275091718727943, "U5": 15.186371832048279}, "datetime": {"datetime": "2021-03-05 13:34:20", "elapsed": 1867.60393, "delta": 2.775867}}
{"target": 0.39167476053075345, "params": {"T1": 0.05697975873659658, "T3": 0.13552976533465227, "T5": 0.1377971275952541, "U1": 15.284687497738098, "U5": 16.663672762672086}, "datetime": {"datetime": "2021-03-05 13:34:23", "elapsed": 1870.94802, "delta": 3.34409}}
