{"target": 0.37127639918430766, "params": {"T1": 0.05697975873659658, "T3": 0.13552976533465227, "T5": 0.1377971275952541, "U1": 15.284687497738098, "U5": 16.663672762672086}, "datetime": {"datetime": "2021-03-05 13:32:44", "elapsed": 1588.495216, "delta": 3.473811}}
{"target": 0.4044720867071397, "params": {"T1": 0.09705534626505029, "T3": 0.11619533184405839, "T5": 0.1301631322893868, "U1": 15.375471422633751, "U5": 16.294493686250547}, "datetime": {"datetime": "2021-03-05 13:32:47", "elapsed": 1591.402516, "delta": 2.9073}}
{"target": 0.2547006857624976, "params": {"T1": 0.07111952363538493, "T3": 0.1372693263586825, "T5": 0.10126298398624553, "U1": 13.412591439457978, "U5": 14.545190726697871}, "datetime": {"datetime": "2021-03-05 13:32:50", "elapsed": 1594.526102, "delta": 3.123586}}
{"target": 0.26763702791579486, "params": {"T1": 0.11098305927943836, "T3": 0.08161914362209985, "T5": 0.06328460793256072, "U1": 17.939269989430002, "U5": 16.505478294068162}, "datetime": {"datetime": "2021-03-05 13:32:53", "elapsed": 1597.651177, "delta": 3.125075}}
{"target": 0.23080942845609065, "params": {"T1": 0.1487513875235042, "T3": 0.07002373492418129, "T5": 0.10329376700721807, "U1": 13.55009710786888, "U5": 16.412717930139905}, "datetime": {"datetime": "2021-03-05 13:33:01", "elapsed": 1606.152025, "delta": 8.500848}}
{"target": 0.2870536296283606, "params": {"T1": 0.0876074382282131, "T3": 0.11956747111855678, "T5": 0.05141329010031052, "U1": 18.045154882874762, "U5": 17.71704828746806}, "datetime": {"datetime": "2021-03-05 13:33:05", "elapsed": 1609.556049, "delta": 3.404024}}
{"target": 0.18583159520417236, "params": {"T1": 0.10984265366266543, "T3": 0.08116789310948816, "T5": 0.08197382883714396, "U1": 18.312634216845517, "U5": 18.73508895632817}, "datetime": {"datetime": "2021-03-05 13:33:08", "elapsed": 1612.571415, "delta": 3.015366}}
{"target": 0.12171310012021772, "params": {"T1": 0.12387250482540814, "T3": 0.08081248186128001, "T5": 0.14866472868913855, "U1": 15.318442748566007, "U5": 18.728205193489963}, "datetime": {"datetime": "2021-03-05 13:33:12", "elapsed": 1616.621688, "delta": 4.050273}}
{"target": 0.16303289695574827, "params": {"T1": 0.08885795526303865, "T3": 0.05554433854028593, "T5": 0.14364885879667183, "U1": 19.843459238455996, "U5": 15.994709156493501}, "datetime": {"datetime": "2021-03-05 13:33:15", "elapsed": 1620.049057, "delta": 3.427369}}
{"target": 0.40426014734304866, "params": {"T1": 0.12967699486500261, "T3": 0.14749737247072756, "T5": 0.09969649933613936, "U1": 19.084866470767658, "U5": 15.603501826233298}, "datetime": {"datetime": "2021-03-05 13:33:18", "elapsed": 1623.041161, "delta": 2.992104}}
{"target": 0.13421346817908078, "params": {"T1": 0.11132914260585634, "T3": 0.06343221718777985, "T5": 0.14663585871003498, "U1": 19.509142370885904, "U5": 15.167344517317972}, "datetime": {"datetime": "2021-03-05 13:33:22", "elapsed": 1626.382349, "delta": 3.341188}}
{"target": 0.3070880989330724, "params": {"T1": 0.06370269444538051, "T3": 0.0761967350172116, "T5": 0.12346005753107504, "U1": 16.01719906293999, "U5": 12.750116556711287}, "datetime": {"datetime": "2021-03-05 13:33:26", "elapsed": 1630.789526, "delta": 4.407177}}
{"target": 0.9031845454893058, "params": {"T1": 0.09435548771936048, "T3": 0.05725950951456902, "T5": 0.08303698140695945, "U1": 17.661846167411007, "U5": 18.758712179892573}, "datetime": {"datetime": "2021-03-05 13:33:30", "elapsed": 1634.371903, "delta": 3.582377}}
{"target": 0.15647121350334373, "params": {"T1": 0.09896035871976915, "T3": 0.05225409184421598, "T5": 0.05591045502004599, "U1": 12.059310135104056, "U5": 12.92277139208284}, "datetime": {"datetime": "2021-03-05 13:33:33", "elapsed": 1637.637773, "delta": 3.26587}}
{"target": 0.12775292732600446, "params": {"T1": 0.13361965845441265, "T3": 0.1388087639171027, "T5": 0.0640958103711295, "U1": 14.521767995366426, "U5": 13.62089720680245}, "datetime": {"datetime": "2021-03-05 13:33:36", "elapsed": 1640.989339, "delta": 3.351566}}
{"target": 0.381375541706372, "params": {"T1": 0.08860158967962725, "T3": 0.1473718982310367, "T5": 0.1320031564468897, "U1": 16.258268236682863, "U5": 19.55921192551189}, "datetime": {"datetime": "2021-03-05 13:33:40", "elapsed": 1644.750745, "delta": 3.761406}}
{"target": 0.14949587308477527, "params": {"T1": 0.1173626980023281, "T3": 0.06592355589021368, "T5": 0.09566132068928965, "U1": 13.197543010465402, "U5": 14.293955193907756}, "datetime": {"datetime": "2021-03-05 13:33:46", "elapsed": 1650.78189, "delta": 6.031145}}
{"target": 0.33556202460645385, "params": {"T1": 0.10875403646312203, "T3": 0.08851488663057237, "T5": 0.09224373875208552, "U1": 16.219069557580514, "U5": 12.742310579197948}, "datetime": {"datetime": "2021-03-05 13:33:52", "elapsed": 1656.450605, "delta": 5.668715}}
{"target": 0.16895096460014902, "params": {"T1": 0.08334608976368381, "T3": 0.1232917205488897, "T5": 0.07621506557845957, "U1": 16.05921025483234, "U5": 13.200838745201635}, "datetime": {"datetime": "2021-03-05 13:33:55", "elapsed": 1659.714695, "delta": 3.26409}}
{"target": 0.3178684673708533, "params": {"T1": 0.052904199772590546, "T3": 0.10433780977822919, "T5": 0.14905784334080402, "U1": 13.063042988660133, "U5": 14.177625032042627}, "datetime": {"datetime": "2021-03-05 13:33:58", "elapsed": 1663.111504, "delta": 3.396809}}
{"target": 0.2184778467777611, "params": {"T1": 0.13712389093785493, "T3": 0.1452862459170623, "T5": 0.13323169849846528, "U1": 12.35051438444714, "U5": 12.967337112901635}, "datetime": {"datetime": "2021-03-05 13:34:04", "elapsed": 1668.522646, "delta": 5.411142}}
{"target": 0.43845531443427643, "params": {"T1": 0.06929977835960068, "T3": 0.10254875736263966, "T5": 0.08168622863214718, "U1": 14.822676145593949, "U5": 18.442945558689885}, "datetime": {"datetime": "2021-03-05 13:34:07", "elapsed": 1671.71307, "delta": 3.190424}}
{"target": 0.12041665053919495, "params": {"T1": 0.14815626365916082, "T3": 0.13786593189237248, "T5": 0.09765720907463127, "U1": 18.439206475170835, "U5": 16.408242469444208}, "datetime": {"datetime": "2021-03-05 13:34:13", "elapsed": 1677.575156, "delta": 5.862086}}
{"target": 0.2435837821302922, "params": {"T1": 0.05753961670557731, "T3": 0.07502625593101812, "T5": 0.07272500818606925, "U1": 19.954884544826122, "U5": 16.844289433913733}, "datetime": {"datetime": "2021-03-05 13:34:16", "elapsed": 1680.652776, "delta": 3.07762}}
{"target": 0.3061349552032853, "params": {"T1": 0.050723724116283786, "T3": 0.08176730650180032, "T5": 0.12136265963446809, "U1": 13.194258194055923, "U5": 13.370339323087226}, "datetime": {"datetime": "2021-03-05 13:34:19", "elapsed": 1683.537327, "delta": 2.884551}}
{"target": 0.2462832045883881, "params": {"T1": 0.06227935461538581, "T3": 0.10039046784563913, "T5": 0.09594742275365956, "U1": 17.22928970881782, "U5": 19.378013595685605}, "datetime": {"datetime": "2021-03-05 13:34:22", "elapsed": 1686.899441, "delta": 3.362114}}
{"target": 0.27737816474049365, "params": {"T1": 0.12583682979387056, "T3": 0.12167328047608014, "T5": 0.07434562568217232, "U1": 14.684512314616804, "U5": 13.515536664902172}, "datetime": {"datetime": "2021-03-05 13:34:25", "elapsed": 1689.58039, "delta": 2.680949}}
{"target": 0.1888243340000696, "params": {"T1": 0.14641994232942385, "T3": 0.05710295479702507, "T5": 0.1073939880110655, "U1": 12.23089118399693, "U5": 15.731310695357156}, "datetime": {"datetime": "2021-03-05 13:34:28", "elapsed": 1692.710858, "delta": 3.130468}}
{"target": 0.5347102794553391, "params": {"T1": 0.08965539708958506, "T3": 0.09812701005718649, "T5": 0.129085303728319, "U1": 12.453755005931125, "U5": 19.668053522825144}, "datetime": {"datetime": "2021-03-05 13:34:31", "elapsed": 1695.960524, "delta": 3.249666}}
{"target": 0.2094526247059123, "params": {"T1": 0.1441450220083086, "T3": 0.14569808156754538, "T5": 0.08561595364216719, "U1": 18.400900533697634, "U5": 16.232172056461323}, "datetime": {"datetime": "2021-03-05 13:34:37", "elapsed": 1702.009268, "delta": 6.048744}}
{"target": 0.32947404036049965, "params": {"T1": 0.11139449037317123, "T3": 0.08090635965865407, "T5": 0.06349627481281743, "U1": 18.219495499034608, "U5": 17.425260456279076}, "datetime": {"datetime": "2021-03-05 13:34:44", "elapsed": 1708.706716, "delta": 6.697448}}
{"target": 0.25590924880588145, "params": {"T1": 0.08314089605564164, "T3": 0.07006800190545501, "T5": 0.06704061768459692, "U1": 19.27250519690116, "U5": 19.6833763069174}, "datetime": {"datetime": "2021-03-05 13:34:54", "elapsed": 1718.410272, "delta": 9.703556}}
{"target": 0.2056325574302828, "params": {"T1": 0.07082586084548582, "T3": 0.1145679316205683, "T5": 0.11563170629924742, "U1": 12.240336388420044, "U5": 19.724360863420237}, "datetime": {"datetime": "2021-03-05 13:34:57", "elapsed": 1721.53482, "delta": 3.124548}}
{"target": 0.17272614087369312, "params": {"T1": 0.059862888281358766, "T3": 0.133261260402464, "T5": 0.08337961075702323, "U1": 13.720093046080917, "U5": 16.16437292952572}, "datetime": {"datetime": "2021-03-05 13:35:00", "elapsed": 1724.845297, "delta": 3.310477}}
{"target": 0.17047457323303777, "params": {"T1": 0.09450859588144926, "T3": 0.07418460023295455, "T5": 0.10348868790179014, "U1": 13.287748535408856, "U5": 12.673575717836087}, "datetime": {"datetime": "2021-03-05 13:35:03", "elapsed": 1727.832009, "delta": 2.986712}}
{"target": 0.40964559105303117, "params": {"T1": 0.09256722846038672, "T3": 0.09261574438971573, "T5": 0.08180457314029595, "U1": 16.99165717993572, "U5": 19.263468234004584}, "datetime": {"datetime": "2021-03-05 13:35:06", "elapsed": 1730.538178, "delta": 2.706169}}
{"target": 0.15544348583515202, "params": {"T1": 0.07147853300513016, "T3": 0.0810874330356254, "T5": 0.08390958100398474, "U1": 13.633234712966033, "U5": 12.926676937166889}, "datetime": {"datetime": "2021-03-05 13:35:09", "elapsed": 1733.714053, "delta": 3.175875}}
{"target": 0.2864773261558089, "params": {"T1": 0.08553455857955601, "T3": 0.1022710451504844, "T5": 0.1465594129405543, "U1": 13.926402287277579, "U5": 17.44158542654288}, "datetime": {"datetime": "2021-03-05 13:35:12", "elapsed": 1736.864205, "delta": 3.150152}}
{"target": 0.23447976914497662, "params": {"T1": 0.08404472685726341, "T3": 0.06057392243207408, "T5": 0.05166912308819606, "U1": 19.24281989535487, "U5": 14.78508738724922}, "datetime": {"datetime": "2021-03-05 13:35:16", "elapsed": 1740.197638, "delta": 3.333433}}
{"target": 0.1398216340536091, "params": {"T1": 0.05303234251232286, "T3": 0.08081638890475824, "T5": 0.05092326439680164, "U1": 14.987021987432374, "U5": 13.379699651347917}, "datetime": {"datetime": "2021-03-05 13:35:22", "elapsed": 1746.365955, "delta": 6.168317}}
{"target": 0.18240220745658856, "params": {"T1": 0.1214013151519581, "T3": 0.05676903088139606, "T5": 0.0763341580386678, "U1": 12.678916190123964, "U5": 17.440612686305997}, "datetime": {"datetime": "2021-03-05 13:35:24", "elapsed": 1749.155405, "delta": 2.78945}}
{"target": 0.15396456035635014, "params": {"T1": 0.05402692911265079, "T3": 0.08104229698495626, "T5": 0.13440116829499288, "U1": 17.712876908991174, "U5": 15.042391859349564}, "datetime": {"datetime": "2021-03-05 13:35:28", "elapsed": 1752.223143, "delta": 3.067738}}
{"target": 0.2123479873020445, "params": {"T1": 0.11752920042935475, "T3": 0.07933862656740975, "T5": 0.13139893999856744, "U1": 17.486231481108494, "U5": 17.280747587428138}, "datetime": {"datetime": "2021-03-05 13:35:31", "elapsed": 1755.397621, "delta": 3.174478}}
{"target": 0.6879863986455041, "params": {"T1": 0.09294923941678196, "T3": 0.13334322007440222, "T5": 0.14864963220540406, "U1": 16.474002310851958, "U5": 14.932838052925561}, "datetime": {"datetime": "2021-03-05 13:35:34", "elapsed": 1758.283142, "delta": 2.885521}}
{"target": 0.19328537484554353, "params": {"T1": 0.1021926387576903, "T3": 0.06691943368001445, "T5": 0.08947245629931558, "U1": 15.059493978256677, "U5": 15.232112715973587}, "datetime": {"datetime": "2021-03-05 13:35:38", "elapsed": 1762.933525, "delta": 4.650383}}
{"target": 0.16878588756485122, "params": {"T1": 0.10102478939782615, "T3": 0.10736673582219756, "T5": 0.13342599589679488, "U1": 17.793061663283915, "U5": 14.942258238768101}, "datetime": {"datetime": "2021-03-05 13:35:43", "elapsed": 1767.599998, "delta": 4.666473}}
{"target": 0.2717052602791848, "params": {"T1": 0.14613687279837184, "T3": 0.1356512041181111, "T5": 0.11988530775976454, "U1": 17.356578581164825, "U5": 18.109769558960096}, "datetime": {"datetime": "2021-03-05 13:35:46", "elapsed": 1771.183107, "delta": 3.583109}}
{"target": 0.2803029760016772, "params": {"T1": 0.10043027296336082, "T3": 0.0757043164922856, "T5": 0.13591808216754372, "U1": 19.06432644375882, "U5": 16.576186625325782}, "datetime": {"datetime": "2021-03-05 13:35:52", "elapsed": 1776.79226, "delta": 5.609153}}
{"target": 0.18341381686205244, "params": {"T1": 0.1388034223313513, "T3": 0.1111952285780187, "T5": 0.06501574324678086, "U1": 14.772065287503219, "U5": 13.418591891004883}, "datetime": {"datetime": "2021-03-05 13:35:56", "elapsed": 1780.467595, "delta": 3.675335}}
{"target": 0.21854682316705926, "params": {"T1": 0.05789618012282938, "T3": 0.07955400840573748, "T5": 0.06831727658480727, "U1": 12.173887305617537, "U5": 15.752119015705908}, "datetime": {"datetime": "2021-03-05 13:36:02", "elapsed": 1787.002964, "delta": 6.535369}}
{"target": 0.34575895527827216, "params": {"T1": 0.12123404318413893, "T3": 0.11708463519134522, "T5": 0.12373273716740914, "U1": 17.67896501950785, "U5": 13.638061491642095}, "datetime": {"datetime": "2021-03-05 13:36:07", "elapsed": 1791.381809, "delta": 4.378845}}
{"target": 0.26424971522079166, "params": {"T1": 0.11701068018408813, "T3": 0.06409315457591284, "T5": 0.12759250241189163, "U1": 13.473010420934706, "U5": 13.747366638579622}, "datetime": {"datetime": "2021-03-05 13:36:10", "elapsed": 1794.540873, "delta": 3.159064}}
{"target": 0.16987939359422918, "params": {"T1": 0.08344148562060041, "T3": 0.10124345838247062, "T5": 0.06368558605806889, "U1": 12.393789384284375, "U5": 12.313799705237265}, "datetime": {"datetime": "2021-03-05 13:36:13", "elapsed": 1798.121694, "delta": 3.580821}}
{"target": 0.2715051279581748, "params": {"T1": 0.05353729048711134, "T3": 0.1117220930527079, "T5": 0.12402725825803664, "U1": 17.763538538012043, "U5": 19.26296132417082}, "datetime": {"datetime": "2021-03-05 13:36:16", "elapsed": 1800.683174, "delta": 2.56148}}
{"target": 0.2950990348299868, "params": {"T1": 0.05659666276665857, "T3": 0.07831916705446355, "T5": 0.09142295027336436, "U1": 13.251219938279363, "U5": 15.34098606306313}, "datetime": {"datetime": "2021-03-05 13:36:20", "elapsed": 1804.476729, "delta": 3.793555}}
{"target": 0.30425574807129696, "params": {"T1": 0.08628409965214437, "T3": 0.11028214215302426, "T5": 0.12939548975866352, "U1": 18.26063155503938, "U5": 14.615993100308973}, "datetime": {"datetime": "2021-03-05 13:36:23", "elapsed": 1807.522299, "delta": 3.04557}}
{"target": 0.13557693360589118, "params": {"T1": 0.05749450861093963, "T3": 0.08009345860066547, "T5": 0.1024356913270314, "U1": 15.069325462802599, "U5": 19.383591188861963}, "datetime": {"datetime": "2021-03-05 13:36:28", "elapsed": 1813.136858, "delta": 5.614559}}
{"target": 0.28426896268046353, "params": {"T1": 0.10571238732294762, "T3": 0.10342368457384502, "T5": 0.13589099253132822, "U1": 14.13733390279771, "U5": 15.962421277477247}, "datetime": {"datetime": "2021-03-05 13:36:32", "elapsed": 1816.238591, "delta": 3.101733}}
{"target": 0.24414812800020935, "params": {"T1": 0.11521360469904669, "T3": 0.08195109555513344, "T5": 0.08818691694554154, "U1": 12.510477229545337, "U5": 14.833718915455911}, "datetime": {"datetime": "2021-03-05 13:36:37", "elapsed": 1821.834653, "delta": 5.596062}}
{"target": 0.26306637191312904, "params": {"T1": 0.14294071731712232, "T3": 0.13231652064894553, "T5": 0.11416341811314287, "U1": 19.178078237933327, "U5": 16.3950128357873}, "datetime": {"datetime": "2021-03-05 13:36:41", "elapsed": 1825.31521, "delta": 3.480557}}
{"target": 0.21254783462154442, "params": {"T1": 0.07155199935683706, "T3": 0.12793147132493388, "T5": 0.07370848835683286, "U1": 19.069619217097006, "U5": 15.636473151949478}, "datetime": {"datetime": "2021-03-05 13:36:47", "elapsed": 1831.7751, "delta": 6.45989}}
{"target": 0.15513479530256802, "params": {"T1": 0.08013274743093438, "T3": 0.12257465669705009, "T5": 0.1056056316342163, "U1": 18.369047362435396, "U5": 12.085639267591967}, "datetime": {"datetime": "2021-03-05 13:36:50", "elapsed": 1834.831708, "delta": 3.056608}}
{"target": 0.1680449643546034, "params": {"T1": 0.057597704390285526, "T3": 0.14960518394990976, "T5": 0.14593557192122675, "U1": 15.067271797269855, "U5": 15.66195884368189}, "datetime": {"datetime": "2021-03-05 13:36:57", "elapsed": 1841.865769, "delta": 7.034061}}
{"target": 0.2641236595176749, "params": {"T1": 0.1177342858599685, "T3": 0.08455819535414184, "T5": 0.1158788851191369, "U1": 14.580013521705627, "U5": 16.650627006506227}, "datetime": {"datetime": "2021-03-05 13:37:00", "elapsed": 1844.764552, "delta": 2.898783}}
{"target": 0.2382189766617781, "params": {"T1": 0.14757869755058312, "T3": 0.10541259383626511, "T5": 0.12175930248143202, "U1": 16.282748732339037, "U5": 18.138645871179165}, "datetime": {"datetime": "2021-03-05 13:37:03", "elapsed": 1848.086918, "delta": 3.322366}}
{"target": 0.25245864697680426, "params": {"T1": 0.07306833765967947, "T3": 0.12350997422334316, "T5": 0.0786349634242404, "U1": 14.690095808140072, "U5": 17.097803567808395}, "datetime": {"datetime": "2021-03-05 13:37:09", "elapsed": 1853.473045, "delta": 5.386127}}
{"target": 0.1818099128900538, "params": {"T1": 0.05446083694031867, "T3": 0.06704269443724299, "T5": 0.10184675225796802, "U1": 18.426058801293667, "U5": 18.912334830277814}, "datetime": {"datetime": "2021-03-05 13:37:12", "elapsed": 1857.075689, "delta": 3.602644}}
{"target": 0.19998949236299973, "params": {"T1": 0.07129234279574789, "T3": 0.12646698613903526, "T5": 0.1495244365743093, "U1": 17.310743329129583, "U5": 12.837105748359338}, "datetime": {"datetime": "2021-03-05 13:37:16", "elapsed": 1860.525781, "delta": 3.450092}}
{"target": 0.20201867225719247, "params": {"T1": 0.08724358850548218, "T3": 0.05402032391115278, "T5": 0.07102109060562178, "U1": 16.644600588202845, "U5": 15.331985512254224}, "datetime": {"datetime": "2021-03-05 13:37:19", "elapsed": 1864.186555, "delta": 3.660774}}
{"target": 0.7310141285240932, "params": {"T1": 0.08818464539238015, "T3": 0.1193802879011961, "T5": 0.052375959507592745, "U1": 17.586137729829424, "U5": 16.881713127862056}, "datetime": {"datetime": "2021-03-05 13:37:22", "elapsed": 1867.188158, "delta": 3.001603}}
{"target": 0.1472497277355751, "params": {"T1": 0.1405134751453896, "T3": 0.050791304034686784, "T5": 0.06016607459403389, "U1": 14.755700822535244, "U5": 12.41950383156937}, "datetime": {"datetime": "2021-03-05 13:37:26", "elapsed": 1870.526202, "delta": 3.338044}}
{"target": 0.6559606332626424, "params": {"T1": 0.11991861743949991, "T3": 0.14698640929881956, "T5": 0.07291957821256803, "U1": 18.817019845030934, "U5": 17.782137265126178}, "datetime": {"datetime": "2021-03-05 13:37:29", "elapsed": 1874.027973, "delta": 3.501771}}
{"target": 0.243444475178098, "params": {"T1": 0.11143145631572812, "T3": 0.0970432269800699, "T5": 0.12783702847509473, "U1": 19.137083453617947, "U5": 12.156116535602408}, "datetime": {"datetime": "2021-03-05 13:37:33", "elapsed": 1877.306352, "delta": 3.278379}}
{"target": 0.23882780395142855, "params": {"T1": 0.08812767494797018, "T3": 0.12262512529253028, "T5": 0.08304181135595172, "U1": 17.082171510965328, "U5": 16.172040021542447}, "datetime": {"datetime": "2021-03-05 13:37:36", "elapsed": 1880.777882, "delta": 3.47153}}
{"target": 0.1902807154638524, "params": {"T1": 0.06390623026224579, "T3": 0.07193474890136763, "T5": 0.06787170942284493, "U1": 16.528299381287624, "U5": 17.331151287308693}, "datetime": {"datetime": "2021-03-05 13:37:40", "elapsed": 1884.394835, "delta": 3.616953}}
{"target": 0.1847265409139901, "params": {"T1": 0.05104855388740707, "T3": 0.10987597195214564, "T5": 0.13109430572163164, "U1": 16.326757113426698, "U5": 18.26905092391133}, "datetime": {"datetime": "2021-03-05 13:37:43", "elapsed": 1887.461908, "delta": 3.067073}}
{"target": 0.21007722912865576, "params": {"T1": 0.11439202626547378, "T3": 0.12445250982160287, "T5": 0.12891154666819277, "U1": 16.18108216591871, "U5": 12.81883537853843}, "datetime": {"datetime": "2021-03-05 13:37:46", "elapsed": 1890.530546, "delta": 3.068638}}
{"target": 0.1871743654054262, "params": {"T1": 0.06558803105755032, "T3": 0.05703809498806542, "T5": 0.06530792501650388, "U1": 13.428451465838492, "U5": 18.53357877221035}, "datetime": {"datetime": "2021-03-05 13:37:49", "elapsed": 1893.441627, "delta": 2.911081}}
{"target": 1.336155466961284, "params": {"T1": 0.14601917963053598, "T3": 0.14725212724760817, "T5": 0.056375371162103095, "U1": 14.62467962077745, "U5": 18.330072325943124}, "datetime": {"datetime": "2021-03-05 13:37:53", "elapsed": 1897.920232, "delta": 4.478605}}
{"target": 0.13144509199961554, "params": {"T1": 0.054746494580583484, "T3": 0.07507298546946943, "T5": 0.06793086849651538, "U1": 13.686704208407297, "U5": 19.74254461609243}, "datetime": {"datetime": "2021-03-05 13:37:57", "elapsed": 1901.301222, "delta": 3.38099}}
{"target": 0.3282736294392911, "params": {"T1": 0.06392760272209565, "T3": 0.13920908411830885, "T5": 0.07994888591953526, "U1": 13.65161123461227, "U5": 13.974460566536003}, "datetime": {"datetime": "2021-03-05 13:38:00", "elapsed": 1904.477273, "delta": 3.176051}}
{"target": 0.32010848945647224, "params": {"T1": 0.07942890539296613, "T3": 0.09490832443269695, "T5": 0.11714064777568335, "U1": 14.763323257048231, "U5": 14.190435366536805}, "datetime": {"datetime": "2021-03-05 13:38:03", "elapsed": 1907.848947, "delta": 3.371674}}
