{"target": 0.14332343866679617, "params": {"T1": 0.07730010799286033, "T3": 0.0954808948704855, "T5": 0.11680092704232455, "U1": 17.86988181046152, "U5": 18.47508246893295}, "datetime": {"datetime": "2021-03-05 13:06:40", "elapsed": 25.177408, "delta": 0.109117}}
{"target": 0.2825123057679056, "params": {"T1": 0.12625544299708125, "T3": 0.09665175833024778, "T5": 0.05361983697415438, "U1": 13.83053044166575, "U5": 13.027917253984015}, "datetime": {"datetime": "2021-03-05 13:06:41", "elapsed": 25.280699, "delta": 0.103291}}
{"target": 0.2825123057679056, "params": {"T1": 0.12625544299708125, "T3": 0.09665175833024778, "T5": 0.05361983697415438, "U1": 13.83053044166575, "U5": 13.027917253984015}, "datetime": {"datetime": "2021-03-05 13:06:41", "elapsed": 25.635586, "delta": 0.354887}}
{"target": 0.19130975973413025, "params": {"T1": 0.07017223233399225, "T3": 0.13655342570257611, "T5": 0.09403651801237106, "U1": 12.953268807868398, "U5": 15.898545179303838}, "datetime": {"datetime": "2021-03-05 13:06:42", "elapsed": 26.258175, "delta": 0.622589}}
{"target": 0.3429291025802118, "params": {"T1": 0.10438952502751495, "T3": 0.1366871241339962, "T5": 0.09829564025513282, "U1": 18.657054913489823, "U5": 16.281424822503002}, "datetime": {"datetime": "2021-03-05 13:06:42", "elapsed": 27.056067, "delta": 0.797892}}
{"target": 0.29729695256381117, "params": {"T1": 0.1008925757073924, "T3": 0.08873071624500087, "T5": 0.1456745141351155, "U1": 15.24607688821458, "U5": 12.909793828000865}, "datetime": {"datetime": "2021-03-05 13:06:43", "elapsed": 27.64577, "delta": 0.589703}}
{"target": 0.4788512369359088, "params": {"T1": 0.05452578901030902, "T3": 0.09560575315923744, "T5": 0.09923425726474575, "U1": 18.229586431904103, "U5": 16.08139679942771}, "datetime": {"datetime": "2021-03-05 13:06:43", "elapsed": 28.068817, "delta": 0.423047}}
{"target": 0.4746744596826734, "params": {"T1": 0.06154616123478177, "T3": 0.1391889604869488, "T5": 0.08445646132307658, "U1": 17.203703987886755, "U5": 16.280193369080113}, "datetime": {"datetime": "2021-03-05 13:06:44", "elapsed": 28.530022, "delta": 0.461205}}
{"target": 0.1665262112775596, "params": {"T1": 0.11629381036523442, "T3": 0.1271152349477977, "T5": 0.11057507323907532, "U1": 13.701034671093213, "U5": 18.65473490816207}, "datetime": {"datetime": "2021-03-05 13:06:45", "elapsed": 29.190662, "delta": 0.66064}}
{"target": 0.22847773297332663, "params": {"T1": 0.09471367031414833, "T3": 0.14092549565136367, "T5": 0.11545125263605274, "U1": 19.983003525167618, "U5": 19.16367827513809}, "datetime": {"datetime": "2021-03-05 13:06:45", "elapsed": 29.885564, "delta": 0.694902}}
{"target": 0.32705001378189835, "params": {"T1": 0.08361322260221757, "T3": 0.12828163641598325, "T5": 0.12121315394809838, "U1": 17.558775606121184, "U5": 12.914377088310598}, "datetime": {"datetime": "2021-03-05 13:06:46", "elapsed": 30.919061, "delta": 1.033497}}
{"target": 0.27726283438859495, "params": {"T1": 0.07154550645683173, "T3": 0.11126775549495985, "T5": 0.07077567061552628, "U1": 15.908298174153105, "U5": 18.38512490236301}, "datetime": {"datetime": "2021-03-05 13:06:47", "elapsed": 31.943897, "delta": 1.024836}}
{"target": 0.27543043770355635, "params": {"T1": 0.08208333106781515, "T3": 0.10329747587061186, "T5": 0.11252766611004295, "U1": 13.551328360832933, "U5": 17.13689666840213}, "datetime": {"datetime": "2021-03-05 13:06:49", "elapsed": 33.292973, "delta": 1.349076}}
{"target": 0.24380769716956702, "params": {"T1": 0.11689151565154952, "T3": 0.12350302278028745, "T5": 0.07691956006403589, "U1": 13.063063464563275, "U5": 13.405269951381854}, "datetime": {"datetime": "2021-03-05 13:06:49", "elapsed": 33.921061, "delta": 0.628088}}
{"target": 0.145927286498135, "params": {"T1": 0.10832114609647656, "T3": 0.08782958504749484, "T5": 0.0876111426051204, "U1": 17.228625079213735, "U5": 12.787550696696803}, "datetime": {"datetime": "2021-03-05 13:06:50", "elapsed": 34.382244, "delta": 0.461183}}
{"target": 0.21470672903403853, "params": {"T1": 0.10327555878171128, "T3": 0.1494677391850106, "T5": 0.07561925245645904, "U1": 18.75297847864134, "U5": 14.302895941403184}, "datetime": {"datetime": "2021-03-05 13:06:51", "elapsed": 35.250937, "delta": 0.868693}}
{"target": 0.36095349269910276, "params": {"T1": 0.08295826668384462, "T3": 0.1408670418312996, "T5": 0.10682280651623746, "U1": 14.491308969955515, "U5": 17.968329238896377}, "datetime": {"datetime": "2021-03-05 13:06:51", "elapsed": 35.871724, "delta": 0.620787}}
{"target": 0.1357501571238828, "params": {"T1": 0.1291385775763258, "T3": 0.1426045908192372, "T5": 0.10622974466825752, "U1": 18.34499236254021, "U5": 17.006814745788823}, "datetime": {"datetime": "2021-03-05 13:06:52", "elapsed": 36.64172, "delta": 0.769996}}
{"target": 0.19990155808460017, "params": {"T1": 0.13734811043360742, "T3": 0.05127430168155387, "T5": 0.057759930215501354, "U1": 19.63568787891939, "U5": 12.136674309440858}, "datetime": {"datetime": "2021-03-05 13:06:52", "elapsed": 37.151699, "delta": 0.509979}}
{"target": 0.26765771689599166, "params": {"T1": 0.07235378422345733, "T3": 0.059407154103317365, "T5": 0.14155288830831375, "U1": 14.446407117207333, "U5": 17.383072757950067}, "datetime": {"datetime": "2021-03-05 13:06:53", "elapsed": 37.766292, "delta": 0.614593}}
{"target": 0.13943334263359736, "params": {"T1": 0.14255516100196358, "T3": 0.11976349116581063, "T5": 0.08318495954459913, "U1": 16.433067558623105, "U5": 16.690451522631484}, "datetime": {"datetime": "2021-03-05 13:06:54", "elapsed": 38.420532, "delta": 0.65424}}
{"target": 0.28769106683538714, "params": {"T1": 0.06355737377833479, "T3": 0.0786072245796796, "T5": 0.1337262077328623, "U1": 12.834725872851802, "U5": 17.645333510065555}, "datetime": {"datetime": "2021-03-05 13:06:54", "elapsed": 39.120921, "delta": 0.700389}}
{"target": 0.224420591180634, "params": {"T1": 0.060105910736139724, "T3": 0.13314003619072484, "T5": 0.10689878717259627, "U1": 19.688631176391585, "U5": 17.982954597946513}, "datetime": {"datetime": "2021-03-05 13:06:55", "elapsed": 39.765766, "delta": 0.644845}}
{"target": 0.20324005141890397, "params": {"T1": 0.137463960060648, "T3": 0.051289081144060694, "T5": 0.06334301750589966, "U1": 15.868563870323516, "U5": 16.673448616542046}, "datetime": {"datetime": "2021-03-05 13:06:56", "elapsed": 40.246777, "delta": 0.481011}}
{"target": 0.3563479466647827, "params": {"T1": 0.09524707111306946, "T3": 0.06025713203184718, "T5": 0.05541667764739701, "U1": 17.759739139987715, "U5": 14.464899505123492}, "datetime": {"datetime": "2021-03-05 13:06:56", "elapsed": 40.753466, "delta": 0.506689}}
{"target": 0.22095343365428566, "params": {"T1": 0.14786365681047614, "T3": 0.10768954867099384, "T5": 0.12217804683505358, "U1": 17.60088985098228, "U5": 15.546348543984168}, "datetime": {"datetime": "2021-03-05 13:06:57", "elapsed": 41.328367, "delta": 0.574901}}
{"target": 0.14456457264686468, "params": {"T1": 0.14347614304647127, "T3": 0.14966992016137043, "T5": 0.12035934515811897, "U1": 14.962060477543206, "U5": 19.777654340185887}, "datetime": {"datetime": "2021-03-05 13:06:57", "elapsed": 41.999538, "delta": 0.671171}}
{"target": 0.19728834575573537, "params": {"T1": 0.13344971033721414, "T3": 0.11388999185198713, "T5": 0.13221127663986423, "U1": 19.4689120920712, "U5": 19.582797875140297}, "datetime": {"datetime": "2021-03-05 13:06:58", "elapsed": 42.603908, "delta": 0.60437}}
{"target": 0.14009659303026278, "params": {"T1": 0.14827883890766325, "T3": 0.09939249218761323, "T5": 0.12494911381046699, "U1": 14.950391027598753, "U5": 12.727079899719406}, "datetime": {"datetime": "2021-03-05 13:06:59", "elapsed": 43.25713, "delta": 0.653222}}
{"target": 0.1613387906905432, "params": {"T1": 0.08938915179981735, "T3": 0.1400435188284704, "T5": 0.09923445877429597, "U1": 13.482541468926922, "U5": 12.396224623883203}, "datetime": {"datetime": "2021-03-05 13:06:59", "elapsed": 43.802264, "delta": 0.545134}}
{"target": 0.31475696855060636, "params": {"T1": 0.06844456281224637, "T3": 0.05368816327351529, "T5": 0.14987485156220573, "U1": 13.782894903437661, "U5": 16.06834224403123}, "datetime": {"datetime": "2021-03-05 13:07:00", "elapsed": 44.4698, "delta": 0.667536}}
{"target": 0.3687062296259965, "params": {"T1": 0.06707978293967018, "T3": 0.116687079915568, "T5": 0.09669916866412226, "U1": 17.54289587395381, "U5": 16.55727719237354}, "datetime": {"datetime": "2021-03-05 13:07:00", "elapsed": 45.04344, "delta": 0.57364}}
{"target": 0.30583156534055794, "params": {"T1": 0.051253308630307914, "T3": 0.07270388769938899, "T5": 0.13769728886467197, "U1": 17.427480592679938, "U5": 17.061588177518377}, "datetime": {"datetime": "2021-03-05 13:07:01", "elapsed": 45.712292, "delta": 0.668852}}
{"target": 0.37239195330836145, "params": {"T1": 0.06658595685261129, "T3": 0.14233792397302322, "T5": 0.10151679380383474, "U1": 14.428466790247807, "U5": 17.559116012663036}, "datetime": {"datetime": "2021-03-05 13:07:02", "elapsed": 46.448541, "delta": 0.736249}}
{"target": 0.2537299026688655, "params": {"T1": 0.1278845306874457, "T3": 0.1476385518895118, "T5": 0.08464938507956934, "U1": 12.211858826816353, "U5": 12.038802177806328}, "datetime": {"datetime": "2021-03-05 13:07:03", "elapsed": 47.196235, "delta": 0.747694}}
{"target": 1.0586322980661385, "params": {"T1": 0.09944186380814216, "T3": 0.11172500386310733, "T5": 0.07233515413552341, "U1": 13.27103743648883, "U5": 19.018213504046496}, "datetime": {"datetime": "2021-03-05 13:07:03", "elapsed": 47.695677, "delta": 0.499442}}
{"target": 0.2777886519609022, "params": {"T1": 0.06486645797906886, "T3": 0.12837127382983787, "T5": 0.13189449639578654, "U1": 12.489400559797083, "U5": 14.315955476512135}, "datetime": {"datetime": "2021-03-05 13:07:04", "elapsed": 48.351468, "delta": 0.655791}}
{"target": 0.19170476509250084, "params": {"T1": 0.11007183197381204, "T3": 0.06654274278309466, "T5": 0.10529212124125925, "U1": 16.680513154574072, "U5": 17.229813856344144}, "datetime": {"datetime": "2021-03-05 13:07:04", "elapsed": 49.176052, "delta": 0.824584}}
{"target": 0.15543134807588463, "params": {"T1": 0.07918181344556202, "T3": 0.14470534251248773, "T5": 0.13344883053083312, "U1": 13.876015247260316, "U5": 19.091054205557562}, "datetime": {"datetime": "2021-03-05 13:07:05", "elapsed": 49.808733, "delta": 0.632681}}
{"target": 0.22855052730738412, "params": {"T1": 0.08866161201129533, "T3": 0.10084191382902125, "T5": 0.09327817239815162, "U1": 12.375569918406436, "U5": 18.072399078589456}, "datetime": {"datetime": "2021-03-05 13:07:06", "elapsed": 50.417181, "delta": 0.608448}}
{"target": 0.30802702051474506, "params": {"T1": 0.06840105583956432, "T3": 0.0573718793778354, "T5": 0.07810533099988905, "U1": 17.824006620462118, "U5": 19.058317971642197}, "datetime": {"datetime": "2021-03-05 13:07:07", "elapsed": 51.217592, "delta": 0.800411}}
{"target": 0.623939707439695, "params": {"T1": 0.07193659891797075, "T3": 0.08970894721371955, "T5": 0.07554284162860361, "U1": 17.059281475718254, "U5": 16.275495141248857}, "datetime": {"datetime": "2021-03-05 13:07:07", "elapsed": 51.71368, "delta": 0.496088}}
{"target": 0.7588452995843092, "params": {"T1": 0.1319189032614122, "T3": 0.12968888640835713, "T5": 0.0675667951422558, "U1": 18.852221816400345, "U5": 12.362997024294232}, "datetime": {"datetime": "2021-03-05 13:07:08", "elapsed": 52.364372, "delta": 0.650692}}
{"target": 0.22672984809726104, "params": {"T1": 0.14255908527086447, "T3": 0.05628845590161938, "T5": 0.1214924606839889, "U1": 13.164066191107478, "U5": 16.564536425620325}, "datetime": {"datetime": "2021-03-05 13:07:08", "elapsed": 52.925819, "delta": 0.561447}}
{"target": 0.22229176890256794, "params": {"T1": 0.08230544995472029, "T3": 0.12250659594544572, "T5": 0.12315406905054213, "U1": 16.155707922143417, "U5": 19.97343826727115}, "datetime": {"datetime": "2021-03-05 13:07:09", "elapsed": 53.499745, "delta": 0.573926}}
{"target": 0.1351093767128283, "params": {"T1": 0.13126103328276473, "T3": 0.13681429718741095, "T5": 0.10750794771538741, "U1": 14.707153770911901, "U5": 13.754094573956177}, "datetime": {"datetime": "2021-03-05 13:07:09", "elapsed": 54.096892, "delta": 0.597147}}
{"target": 0.27483970843432315, "params": {"T1": 0.14153708742643745, "T3": 0.10688899586154169, "T5": 0.05472495175367466, "U1": 12.276145396881663, "U5": 13.637751599286512}, "datetime": {"datetime": "2021-03-05 13:07:10", "elapsed": 54.614748, "delta": 0.517856}}
{"target": 0.14885523976634027, "params": {"T1": 0.12963021478729758, "T3": 0.09851285561881362, "T5": 0.08844011279377353, "U1": 14.14179211568435, "U5": 17.23854730004544}, "datetime": {"datetime": "2021-03-05 13:07:11", "elapsed": 55.404612, "delta": 0.789864}}
{"target": 0.7534585655593211, "params": {"T1": 0.09982857023450448, "T3": 0.09288922781517372, "T5": 0.0671765807749669, "U1": 16.896772422745613, "U5": 17.49364006734298}, "datetime": {"datetime": "2021-03-05 13:07:11", "elapsed": 56.028462, "delta": 0.62385}}
{"target": 0.18597610743124318, "params": {"T1": 0.10212651000587455, "T3": 0.0660517910214904, "T5": 0.0791156142936395, "U1": 17.259864667935272, "U5": 18.752194483446694}, "datetime": {"datetime": "2021-03-05 13:07:12", "elapsed": 56.796014, "delta": 0.767552}}
{"target": 0.2375579222029248, "params": {"T1": 0.11107102211421992, "T3": 0.09396398994373106, "T5": 0.11991294829265235, "U1": 12.866167505332175, "U5": 18.47813383750922}, "datetime": {"datetime": "2021-03-05 13:07:13", "elapsed": 57.943976, "delta": 1.147962}}
{"target": 0.3341683667908491, "params": {"T1": 0.09607989170078876, "T3": 0.07197256293824211, "T5": 0.05725268026808882, "U1": 19.636403852554075, "U5": 12.834437201139743}, "datetime": {"datetime": "2021-03-05 13:07:14", "elapsed": 58.404669, "delta": 0.460693}}
{"target": 0.4238787147858717, "params": {"T1": 0.1071034018550272, "T3": 0.10588403810811302, "T5": 0.1260355333294979, "U1": 18.904933046441283, "U5": 12.415129079992205}, "datetime": {"datetime": "2021-03-05 13:07:14", "elapsed": 58.806529, "delta": 0.40186}}
{"target": 0.14982306085692199, "params": {"T1": 0.0782054720161924, "T3": 0.07088604134727645, "T5": 0.05631752762234541, "U1": 12.358230110495978, "U5": 12.82752429986485}, "datetime": {"datetime": "2021-03-05 13:07:15", "elapsed": 59.475754, "delta": 0.669225}}
{"target": 0.17822309795485577, "params": {"T1": 0.09343031493881462, "T3": 0.054988889604784374, "T5": 0.08085463358735898, "U1": 14.15788301845445, "U5": 17.982083963348945}, "datetime": {"datetime": "2021-03-05 13:07:15", "elapsed": 60.153623, "delta": 0.677869}}
{"target": 0.14309569200424194, "params": {"T1": 0.14830583743323789, "T3": 0.061218786478029724, "T5": 0.13685115427716296, "U1": 17.599750735600225, "U5": 18.316145012914888}, "datetime": {"datetime": "2021-03-05 13:07:16", "elapsed": 60.99627, "delta": 0.842647}}
{"target": 0.14533973574101428, "params": {"T1": 0.11080830085315604, "T3": 0.1478838218044295, "T5": 0.054615302480443495, "U1": 15.263950068276074, "U5": 16.395066356081063}, "datetime": {"datetime": "2021-03-05 13:07:17", "elapsed": 61.578869, "delta": 0.582599}}
{"target": 0.13394917132453008, "params": {"T1": 0.1287181672403625, "T3": 0.07198698262550834, "T5": 0.06889044700380599, "U1": 15.249255197374975, "U5": 17.35093528155594}, "datetime": {"datetime": "2021-03-05 13:07:18", "elapsed": 62.576464, "delta": 0.997595}}
{"target": 0.34960438987772074, "params": {"T1": 0.09756459676246246, "T3": 0.10909313315294819, "T5": 0.07028652344884619, "U1": 12.582023818408103, "U5": 13.189723357698327}, "datetime": {"datetime": "2021-03-05 13:07:18", "elapsed": 63.131812, "delta": 0.555348}}
{"target": 0.42743377618143363, "params": {"T1": 0.08931388591053473, "T3": 0.08213501667094053, "T5": 0.08763327520320217, "U1": 15.901706219433532, "U5": 12.935919184837946}, "datetime": {"datetime": "2021-03-05 13:07:19", "elapsed": 64.009316, "delta": 0.877504}}
{"target": 0.45460276823591395, "params": {"T1": 0.13217565487331895, "T3": 0.12466887094231552, "T5": 0.11040891547480453, "U1": 19.065896952573638, "U5": 14.689034561284423}, "datetime": {"datetime": "2021-03-05 13:07:20", "elapsed": 65.022376, "delta": 1.01306}}
{"target": 0.3181364814354509, "params": {"T1": 0.10265106169281757, "T3": 0.11638974895503608, "T5": 0.1152317341325511, "U1": 19.115560011911015, "U5": 12.966131459105846}, "datetime": {"datetime": "2021-03-05 13:07:21", "elapsed": 66.058219, "delta": 1.035843}}
{"target": 0.12234275721204795, "params": {"T1": 0.13077005626319493, "T3": 0.05816652861261219, "T5": 0.13324900553049096, "U1": 15.047283036461105, "U5": 17.94509690185813}, "datetime": {"datetime": "2021-03-05 13:07:22", "elapsed": 66.62847, "delta": 0.570251}}
{"target": 0.15158942291162353, "params": {"T1": 0.09385731196447437, "T3": 0.06026547740822005, "T5": 0.14025735165482306, "U1": 15.686961520321079, "U5": 14.962013383605097}, "datetime": {"datetime": "2021-03-05 13:07:22", "elapsed": 67.110743, "delta": 0.482273}}
{"target": 0.43019595563284524, "params": {"T1": 0.07170678744112448, "T3": 0.12389959709083695, "T5": 0.10770744701556922, "U1": 16.553961153576875, "U5": 14.375117971610399}, "datetime": {"datetime": "2021-03-05 13:07:23", "elapsed": 67.67327, "delta": 0.562527}}
{"target": 0.28572660542250655, "params": {"T1": 0.05447068991489915, "T3": 0.13214268005988694, "T5": 0.06755770290507015, "U1": 14.251711570582222, "U5": 13.237207268688433}, "datetime": {"datetime": "2021-03-05 13:07:24", "elapsed": 68.32957, "delta": 0.6563}}
{"target": 0.15054664179375643, "params": {"T1": 0.1231759858440312, "T3": 0.06331974065422256, "T5": 0.05369184802499612, "U1": 13.945463439728153, "U5": 12.393925248837512}, "datetime": {"datetime": "2021-03-05 13:07:24", "elapsed": 69.145317, "delta": 0.815747}}
{"target": 0.21201081219620352, "params": {"T1": 0.05385624444859727, "T3": 0.06866632117263675, "T5": 0.11703451030155113, "U1": 19.460797882587613, "U5": 18.513626753870895}, "datetime": {"datetime": "2021-03-05 13:07:25", "elapsed": 69.854713, "delta": 0.709396}}
{"target": 0.30503506155641014, "params": {"T1": 0.08723940275054243, "T3": 0.06716550377002262, "T5": 0.14058295963847547, "U1": 12.604566092916112, "U5": 12.080231145209499}, "datetime": {"datetime": "2021-03-05 13:07:26", "elapsed": 70.758804, "delta": 0.904091}}
{"target": 0.17802149657116023, "params": {"T1": 0.10897266587288298, "T3": 0.10651210975272865, "T5": 0.06423937587930728, "U1": 15.98963941175178, "U5": 16.435945568332063}, "datetime": {"datetime": "2021-03-05 13:07:27", "elapsed": 71.509241, "delta": 0.750437}}
{"target": 0.6395550097276467, "params": {"T1": 0.062483327514020415, "T3": 0.14171528261951666, "T5": 0.10243702838247049, "U1": 17.896013989605898, "U5": 19.09972757241434}, "datetime": {"datetime": "2021-03-05 13:07:27", "elapsed": 72.103212, "delta": 0.593971}}
{"target": 0.5710803975608252, "params": {"T1": 0.0915665255166962, "T3": 0.0702667045461294, "T5": 0.0872961157973658, "U1": 17.977067543025267, "U5": 18.24658357960573}, "datetime": {"datetime": "2021-03-05 13:07:28", "elapsed": 72.580719, "delta": 0.477507}}
{"target": 0.45053866936226894, "params": {"T1": 0.06989279157824492, "T3": 0.07785125890098374, "T5": 0.059734909053337504, "U1": 17.763926054197057, "U5": 13.063365134641472}, "datetime": {"datetime": "2021-03-05 13:07:29", "elapsed": 73.410467, "delta": 0.829748}}
{"target": 0.574477980454474, "params": {"T1": 0.06483490878730498, "T3": 0.12994103810422053, "T5": 0.10814352566092364, "U1": 14.077682362058624, "U5": 19.18017428567797}, "datetime": {"datetime": "2021-03-05 13:07:29", "elapsed": 74.134357, "delta": 0.72389}}
{"target": 0.15239427195094343, "params": {"T1": 0.13535830378653432, "T3": 0.0614233602774443, "T5": 0.12317227763309631, "U1": 15.266662296065775, "U5": 19.992864383472092}, "datetime": {"datetime": "2021-03-05 13:07:30", "elapsed": 74.702012, "delta": 0.567655}}
{"target": 0.12080960234458978, "params": {"T1": 0.10672015462523682, "T3": 0.06804338034320065, "T5": 0.07801169838514098, "U1": 14.701443149935834, "U5": 19.443662246562774}, "datetime": {"datetime": "2021-03-05 13:07:31", "elapsed": 75.514745, "delta": 0.812733}}
{"target": 0.17748614813094343, "params": {"T1": 0.0781146091002942, "T3": 0.10784766512264554, "T5": 0.14844932630489727, "U1": 19.654802445347656, "U5": 13.90570345230484}, "datetime": {"datetime": "2021-03-05 13:07:31", "elapsed": 76.170079, "delta": 0.655334}}
{"target": 0.22889280034815243, "params": {"T1": 0.06336625470412885, "T3": 0.0987147317036507, "T5": 0.06770152111179059, "U1": 12.430436225960324, "U5": 14.04424943794109}, "datetime": {"datetime": "2021-03-05 13:07:32", "elapsed": 76.942191, "delta": 0.772112}}
{"target": 0.3933207539424692, "params": {"T1": 0.1481967147432891, "T3": 0.11683849577017265, "T5": 0.12393338715561555, "U1": 17.12187118051866, "U5": 19.30176750842252}, "datetime": {"datetime": "2021-03-05 13:07:33", "elapsed": 77.749582, "delta": 0.807391}}
{"target": 0.22398505725822876, "params": {"T1": 0.1315260189858291, "T3": 0.10143270983988284, "T5": 0.07048259347308887, "U1": 15.578881674181106, "U5": 12.122702310639859}, "datetime": {"datetime": "2021-03-05 13:07:34", "elapsed": 78.434688, "delta": 0.685106}}
{"target": 0.30437814450252176, "params": {"T1": 0.0603503228685498, "T3": 0.11285736148021222, "T5": 0.061044255464421916, "U1": 12.914117153930812, "U5": 14.080266548597844}, "datetime": {"datetime": "2021-03-05 13:07:34", "elapsed": 79.045784, "delta": 0.611096}}
{"target": 0.30169022494566194, "params": {"T1": 0.08631152613102475, "T3": 0.06937176661496423, "T5": 0.13297979476185495, "U1": 16.366757789198573, "U5": 12.609464091977301}, "datetime": {"datetime": "2021-03-05 13:07:35", "elapsed": 79.734762, "delta": 0.688978}}
