{"target": 0.23312845556759404, "params": {"T1": 0.07722540899260116, "T3": 0.07932520442255013, "T5": 0.09899646243270471, "U1": 13.292195460631063, "U5": 12.662421406572197}, "datetime": {"datetime": "2021-03-05 13:47:44", "elapsed": 2671.195093, "delta": 9.240922}}
{"target": 0.3056747107688137, "params": {"T1": 0.0752263113636081, "T3": 0.06631319885104585, "T5": 0.1488768542812619, "U1": 15.832615238974824, "U5": 13.52562899117122}, "datetime": {"datetime": "2021-03-05 13:47:47", "elapsed": 2675.101364, "delta": 3.906271}}
{"target": 0.2415282131018656, "params": {"T1": 0.1195023394609424, "T3": 0.05300882965259135, "T5": 0.14737591638835118, "U1": 15.343464134689443, "U5": 17.309337057777146}, "datetime": {"datetime": "2021-03-05 13:47:52", "elapsed": 2679.440031, "delta": 4.338667}}
{"target": 0.33428264959197285, "params": {"T1": 0.08814173909623238, "T3": 0.13717565579234542, "T5": 0.1000416201953811, "U1": 19.79740213371752, "U5": 17.22068448992047}, "datetime": {"datetime": "2021-03-05 13:47:58", "elapsed": 2685.201824, "delta": 5.761793}}
{"target": 0.3082414554392196, "params": {"T1": 0.07961644494618472, "T3": 0.12075503617821487, "T5": 0.08613486299993266, "U1": 14.854029624954926, "U5": 12.459300733530446}, "datetime": {"datetime": "2021-03-05 13:48:01", "elapsed": 2688.658598, "delta": 3.456774}}
{"target": 0.17735041540836624, "params": {"T1": 0.08601746104126398, "T3": 0.09595463663212633, "T5": 0.11464407741945289, "U1": 16.616171606104146, "U5": 15.07342606713488}, "datetime": {"datetime": "2021-03-05 13:48:09", "elapsed": 2696.371801, "delta": 7.713203}}
{"target": 0.9105055482441894, "params": {"T1": 0.11591957904469226, "T3": 0.1372781895579981, "T5": 0.08267588060586835, "U1": 13.695066468551431, "U5": 14.748619093624189}, "datetime": {"datetime": "2021-03-05 13:48:13", "elapsed": 2700.320927, "delta": 3.949126}}
{"target": 0.15946719558659816, "params": {"T1": 0.08639799492593257, "T3": 0.116847978749467, "T5": 0.11835559124335936, "U1": 14.3048710014297, "U5": 19.969819919461916}, "datetime": {"datetime": "2021-03-05 13:48:18", "elapsed": 2705.226051, "delta": 4.905124}}
{"target": 0.34149346184250756, "params": {"T1": 0.116750547589993, "T3": 0.14248447103745876, "T5": 0.1224411566223862, "U1": 15.97425619540697, "U5": 14.85972137610305}, "datetime": {"datetime": "2021-03-05 13:48:22", "elapsed": 2709.220899, "delta": 3.994848}}
{"target": 0.1501635733163735, "params": {"T1": 0.05639987228439515, "T3": 0.05503936941415687, "T5": 0.12741355134242624, "U1": 19.97351877557372, "U5": 19.059733920507348}, "datetime": {"datetime": "2021-03-05 13:48:26", "elapsed": 2713.786766, "delta": 4.565867}}
{"target": 0.16608283514642705, "params": {"T1": 0.14210582625477863, "T3": 0.07832391222010808, "T5": 0.11051240127165665, "U1": 18.08596164611518, "U5": 13.458129446889114}, "datetime": {"datetime": "2021-03-05 13:48:30", "elapsed": 2718.020097, "delta": 4.233331}}
{"target": 0.26544214143714306, "params": {"T1": 0.1059609014869729, "T3": 0.07652278956568946, "T5": 0.08791011785348404, "U1": 19.6567447903509, "U5": 14.462111775669685}, "datetime": {"datetime": "2021-03-05 13:48:39", "elapsed": 2726.475916, "delta": 8.455819}}
{"target": 0.3075289020264149, "params": {"T1": 0.06221538294268807, "T3": 0.1323447120333976, "T5": 0.055697843687060204, "U1": 13.880792896801653, "U5": 13.375529402626473}, "datetime": {"datetime": "2021-03-05 13:48:43", "elapsed": 2730.808711, "delta": 4.332795}}
{"target": 0.23381658924480372, "params": {"T1": 0.12949483597386294, "T3": 0.10760472998698947, "T5": 0.14990371316455373, "U1": 17.322131348087233, "U5": 13.415047429987025}, "datetime": {"datetime": "2021-03-05 13:48:47", "elapsed": 2735.094609, "delta": 4.285898}}
{"target": 0.14071719461908652, "params": {"T1": 0.11778903857346713, "T3": 0.12469068810729722, "T5": 0.1157526622446058, "U1": 15.144469955340739, "U5": 16.51437400894947}, "datetime": {"datetime": "2021-03-05 13:48:54", "elapsed": 2741.460041, "delta": 6.365432}}
{"target": 0.19748429041025, "params": {"T1": 0.11633802486980485, "T3": 0.12708452106138263, "T5": 0.1438010336462225, "U1": 14.059319910957718, "U5": 18.514296096290646}, "datetime": {"datetime": "2021-03-05 13:49:00", "elapsed": 2747.239013, "delta": 5.778972}}
{"target": 0.3347320991596674, "params": {"T1": 0.14682545214966886, "T3": 0.11419602342588456, "T5": 0.11196227415685386, "U1": 18.003612117969176, "U5": 18.85748660594828}, "datetime": {"datetime": "2021-03-05 13:49:03", "elapsed": 2750.886054, "delta": 3.647041}}
{"target": 0.1825710204901193, "params": {"T1": 0.08725527962881813, "T3": 0.13498387084363256, "T5": 0.05899841208195116, "U1": 12.6749295691775, "U5": 16.76404465587326}, "datetime": {"datetime": "2021-03-05 13:49:13", "elapsed": 2760.856498, "delta": 9.970444}}
{"target": 0.18198337530656095, "params": {"T1": 0.06725406560925226, "T3": 0.07570537263070777, "T5": 0.06668792620102741, "U1": 19.378174086311223, "U5": 18.39329709719397}, "datetime": {"datetime": "2021-03-05 13:49:23", "elapsed": 2770.524492, "delta": 9.667994}}
{"target": 0.16604348230851654, "params": {"T1": 0.07229980169931903, "T3": 0.12511981524325266, "T5": 0.13714495569876411, "U1": 14.541093454093847, "U5": 12.333066492991257}, "datetime": {"datetime": "2021-03-05 13:49:27", "elapsed": 2774.527453, "delta": 4.002961}}
{"target": 0.14947475555171114, "params": {"T1": 0.07592535898120378, "T3": 0.11702607557019754, "T5": 0.10286300221788806, "U1": 16.43168106118832, "U5": 12.22968027493035}, "datetime": {"datetime": "2021-03-05 13:49:31", "elapsed": 2778.529941, "delta": 4.002488}}
{"target": 0.2965054259357267, "params": {"T1": 0.10468308791396802, "T3": 0.11671614986168986, "T5": 0.10773624008157034, "U1": 12.722002860601746, "U5": 15.836817573171254}, "datetime": {"datetime": "2021-03-05 13:49:36", "elapsed": 2784.011108, "delta": 5.481167}}
{"target": 0.1743500512350087, "params": {"T1": 0.12306196756068753, "T3": 0.12945836145589631, "T5": 0.13631152433261573, "U1": 14.173264544499608, "U5": 18.39985396649709}, "datetime": {"datetime": "2021-03-05 13:49:40", "elapsed": 2788.06487, "delta": 4.053762}}
{"target": 0.32916575541103854, "params": {"T1": 0.0725072114914439, "T3": 0.08106953328889457, "T5": 0.08375614773218393, "U1": 17.056922193920407, "U5": 16.275094664957116}, "datetime": {"datetime": "2021-03-05 13:49:48", "elapsed": 2796.044639, "delta": 7.979769}}
{"target": 0.1374868064504185, "params": {"T1": 0.12466885655762701, "T3": 0.0721800645762716, "T5": 0.14993014712434993, "U1": 19.016418608500917, "U5": 17.412582789904388}, "datetime": {"datetime": "2021-03-05 13:49:53", "elapsed": 2800.321985, "delta": 4.277346}}
{"target": 0.17785340440949104, "params": {"T1": 0.05733238230093993, "T3": 0.11663270389511701, "T5": 0.13891927409463645, "U1": 16.94234224635052, "U5": 13.537080441784337}, "datetime": {"datetime": "2021-03-05 13:49:57", "elapsed": 2804.678505, "delta": 4.35652}}
{"target": 0.22079985432523427, "params": {"T1": 0.12419817268019603, "T3": 0.0621880850473449, "T5": 0.09535207700620138, "U1": 15.641744480952537, "U5": 15.345981568596796}, "datetime": {"datetime": "2021-03-05 13:50:01", "elapsed": 2808.631382, "delta": 3.952877}}
{"target": 0.18906620665051754, "params": {"T1": 0.11626489214264672, "T3": 0.12985659314734566, "T5": 0.1336159337387309, "U1": 16.679654848940725, "U5": 16.91460336597406}, "datetime": {"datetime": "2021-03-05 13:50:05", "elapsed": 2812.357726, "delta": 3.726344}}
{"target": 0.3162859601157538, "params": {"T1": 0.09040453072549617, "T3": 0.12327335261847706, "T5": 0.06602796724711561, "U1": 18.67995348897206, "U5": 14.322725312299983}, "datetime": {"datetime": "2021-03-05 13:50:13", "elapsed": 2820.847222, "delta": 8.489496}}
{"target": 0.6666049388559229, "params": {"T1": 0.08824804551233692, "T3": 0.14818905641502783, "T5": 0.11450117443974722, "U1": 19.544845126164162, "U5": 17.352984406801532}, "datetime": {"datetime": "2021-03-05 13:50:17", "elapsed": 2824.647812, "delta": 3.80059}}
{"target": 0.1636313522851277, "params": {"T1": 0.07369852055622339, "T3": 0.09947379347527627, "T5": 0.12650211425133312, "U1": 17.21368790427127, "U5": 13.555856036951784}, "datetime": {"datetime": "2021-03-05 13:50:21", "elapsed": 2828.892557, "delta": 4.244745}}
{"target": 0.1547505872939, "params": {"T1": 0.11931953574145883, "T3": 0.06891327235615652, "T5": 0.08071539935520924, "U1": 16.343893104803527, "U5": 13.011112086981964}, "datetime": {"datetime": "2021-03-05 13:50:25", "elapsed": 2832.949869, "delta": 4.057312}}
{"target": 0.30200162319689544, "params": {"T1": 0.05364156279305554, "T3": 0.09714023593911413, "T5": 0.12515857816400316, "U1": 19.204885355266075, "U5": 18.366349548532998}, "datetime": {"datetime": "2021-03-05 13:50:30", "elapsed": 2837.353017, "delta": 4.403148}}
{"target": 0.22277892919926898, "params": {"T1": 0.0649071904471317, "T3": 0.12725992089923932, "T5": 0.11767300378768819, "U1": 12.211587956003623, "U5": 13.79292166999326}, "datetime": {"datetime": "2021-03-05 13:50:34", "elapsed": 2841.431219, "delta": 4.078202}}
{"target": 0.2329625778462543, "params": {"T1": 0.1302405164403458, "T3": 0.06561387279773337, "T5": 0.0700108325781924, "U1": 17.698807176789174, "U5": 16.495572661751165}, "datetime": {"datetime": "2021-03-05 13:50:38", "elapsed": 2845.797727, "delta": 4.366508}}
{"target": 0.25839440805222585, "params": {"T1": 0.144637739787881, "T3": 0.10727013811210245, "T5": 0.1428667356528353, "U1": 12.199512504325874, "U5": 12.14030100209687}, "datetime": {"datetime": "2021-03-05 13:50:44", "elapsed": 2851.830764, "delta": 6.033037}}
{"target": 0.1709218159695966, "params": {"T1": 0.05862088053408937, "T3": 0.07649315532742894, "T5": 0.06916819470243724, "U1": 14.93324638525675, "U5": 14.19670305151319}, "datetime": {"datetime": "2021-03-05 13:50:48", "elapsed": 2856.011984, "delta": 4.18122}}
{"target": 0.15878191183852314, "params": {"T1": 0.1140855400899904, "T3": 0.06085769259794849, "T5": 0.11822134735491281, "U1": 18.939189030396296, "U5": 13.650834129106926}, "datetime": {"datetime": "2021-03-05 13:50:52", "elapsed": 2859.747296, "delta": 3.735312}}
{"target": 0.2080392145001402, "params": {"T1": 0.07350435870908216, "T3": 0.10535577873190977, "T5": 0.09483746546934976, "U1": 14.826570982340069, "U5": 18.434883932295598}, "datetime": {"datetime": "2021-03-05 13:51:02", "elapsed": 2869.392576, "delta": 9.64528}}
{"target": 0.2577994698144148, "params": {"T1": 0.09144209610778041, "T3": 0.09602157548345111, "T5": 0.0678870993224073, "U1": 18.29140797770482, "U5": 16.26342395668485}, "datetime": {"datetime": "2021-03-05 13:51:08", "elapsed": 2876.070558, "delta": 6.677982}}
{"target": 0.1720818789403182, "params": {"T1": 0.07744097437622771, "T3": 0.07733228479237214, "T5": 0.06557703616913983, "U1": 13.04294924532493, "U5": 17.22571342982555}, "datetime": {"datetime": "2021-03-05 13:51:12", "elapsed": 2879.842952, "delta": 3.772394}}
{"target": 0.26549879045983216, "params": {"T1": 0.08611560887274347, "T3": 0.10518917436066644, "T5": 0.11001985662655767, "U1": 13.01444278218193, "U5": 16.917413172300442}, "datetime": {"datetime": "2021-03-05 13:51:16", "elapsed": 2884.092393, "delta": 4.249441}}
{"target": 0.7278869218299368, "params": {"T1": 0.09698669650723882, "T3": 0.07560038762998014, "T5": 0.07847706543963986, "U1": 16.998080868827657, "U5": 19.269153226598313}, "datetime": {"datetime": "2021-03-05 13:51:24", "elapsed": 2891.310697, "delta": 7.218304}}
{"target": 0.34632389043957235, "params": {"T1": 0.09277316489907, "T3": 0.1484724120877894, "T5": 0.06522881979262964, "U1": 19.60021034275563, "U5": 13.581893759569716}, "datetime": {"datetime": "2021-03-05 13:51:30", "elapsed": 2897.937141, "delta": 6.626444}}
{"target": 0.20907263750671776, "params": {"T1": 0.053639399701944174, "T3": 0.07514869687061207, "T5": 0.07255624962736786, "U1": 18.27584909220795, "U5": 18.05967747827459}, "datetime": {"datetime": "2021-03-05 13:51:36", "elapsed": 2904.164853, "delta": 6.227712}}
{"target": 0.3023995454690365, "params": {"T1": 0.06564378797402397, "T3": 0.11014889108327433, "T5": 0.09601313792477782, "U1": 14.346123208885, "U5": 15.437890688751274}, "datetime": {"datetime": "2021-03-05 13:51:41", "elapsed": 2908.648278, "delta": 4.483425}}
{"target": 0.17666086888702115, "params": {"T1": 0.12046762915303905, "T3": 0.05785364607794442, "T5": 0.11245223293692869, "U1": 15.89449648916273, "U5": 12.861444092052034}, "datetime": {"datetime": "2021-03-05 13:51:47", "elapsed": 2914.560508, "delta": 5.91223}}
{"target": 0.2935936691695813, "params": {"T1": 0.0749593360780618, "T3": 0.13377747259597522, "T5": 0.141312253491519, "U1": 18.31695700038621, "U5": 19.18500493064285}, "datetime": {"datetime": "2021-03-05 13:51:51", "elapsed": 2918.338156, "delta": 3.777648}}
{"target": 0.28590077737155345, "params": {"T1": 0.059836965270367394, "T3": 0.0758700579761677, "T5": 0.12201335407135418, "U1": 13.123411422466322, "U5": 12.191861335781438}, "datetime": {"datetime": "2021-03-05 13:51:56", "elapsed": 2924.120062, "delta": 5.781906}}
{"target": 0.28994088755295205, "params": {"T1": 0.11742545508657433, "T3": 0.10453852118884914, "T5": 0.12578891772086953, "U1": 14.180928039954349, "U5": 19.96798140916993}, "datetime": {"datetime": "2021-03-05 13:52:00", "elapsed": 2927.946193, "delta": 3.826131}}
{"target": 0.7194539454783899, "params": {"T1": 0.09678190706133104, "T3": 0.11250170164114177, "T5": 0.13244583327183918, "U1": 13.259657151080155, "U5": 17.389060438463417}, "datetime": {"datetime": "2021-03-05 13:52:04", "elapsed": 2931.666075, "delta": 3.719882}}
{"target": 0.22882533355805806, "params": {"T1": 0.08650493520090666, "T3": 0.10078514157316773, "T5": 0.062050941916633795, "U1": 18.545215953959108, "U5": 13.290601697562678}, "datetime": {"datetime": "2021-03-05 13:52:10", "elapsed": 2938.138174, "delta": 6.472099}}
{"target": 0.1362544905909112, "params": {"T1": 0.10829917988853899, "T3": 0.07866166939941466, "T5": 0.05395581297682063, "U1": 14.831444675694817, "U5": 19.40861379772988}, "datetime": {"datetime": "2021-03-05 13:52:17", "elapsed": 2945.160906, "delta": 7.022732}}
{"target": 0.19027848728812644, "params": {"T1": 0.11998888449955705, "T3": 0.07046128915381916, "T5": 0.1095628208302617, "U1": 18.77918948455591, "U5": 18.001766753867525}, "datetime": {"datetime": "2021-03-05 13:52:22", "elapsed": 2949.328838, "delta": 4.167932}}
{"target": 0.2690346198153269, "params": {"T1": 0.14947097872261594, "T3": 0.14370132958253426, "T5": 0.10338582317508142, "U1": 18.263039661801205, "U5": 16.36336952508791}, "datetime": {"datetime": "2021-03-05 13:52:26", "elapsed": 2954.110104, "delta": 4.781266}}
{"target": 0.19657939379349107, "params": {"T1": 0.08034343469583667, "T3": 0.09334897985123841, "T5": 0.08103613702748794, "U1": 14.464353014728342, "U5": 14.314509493956201}, "datetime": {"datetime": "2021-03-05 13:52:32", "elapsed": 2959.332959, "delta": 5.222855}}
{"target": 0.21426219706168206, "params": {"T1": 0.06937464878414597, "T3": 0.09762060087587698, "T5": 0.05287698358302409, "U1": 18.297843304259146, "U5": 18.06540509806026}, "datetime": {"datetime": "2021-03-05 13:52:41", "elapsed": 2968.21607, "delta": 8.883111}}
{"target": 0.618321567447918, "params": {"T1": 0.08637369447472189, "T3": 0.12421199028203085, "T5": 0.054973793738960414, "U1": 18.68452183135649, "U5": 14.3313297192691}, "datetime": {"datetime": "2021-03-05 13:52:46", "elapsed": 2974.15274, "delta": 5.93667}}
{"target": 0.41329182460604835, "params": {"T1": 0.06825521516075189, "T3": 0.08549937839836198, "T5": 0.05516982698908284, "U1": 14.39329061278682, "U5": 13.975291618791125}, "datetime": {"datetime": "2021-03-05 13:52:54", "elapsed": 2981.193929, "delta": 7.041189}}
{"target": 0.3790914790689844, "params": {"T1": 0.06648702113214808, "T3": 0.14074890141649002, "T5": 0.08540235095270128, "U1": 14.357311067106266, "U5": 19.472275467706787}, "datetime": {"datetime": "2021-03-05 13:52:58", "elapsed": 2985.671311, "delta": 4.477382}}
{"target": 0.26249050241883554, "params": {"T1": 0.11854433360773715, "T3": 0.05011136178959485, "T5": 0.11274671639956219, "U1": 13.42832265182281, "U5": 17.676108811263976}, "datetime": {"datetime": "2021-03-05 13:53:02", "elapsed": 2989.605789, "delta": 3.934478}}
{"target": 0.41311076706070565, "params": {"T1": 0.10412670792115628, "T3": 0.09831919735249048, "T5": 0.10858397672826045, "U1": 19.396148462893542, "U5": 16.20485596709878}, "datetime": {"datetime": "2021-03-05 13:53:07", "elapsed": 2995.077972, "delta": 5.472183}}
{"target": 0.17194187135515232, "params": {"T1": 0.13837611995097684, "T3": 0.07211716508332214, "T5": 0.06245570357331995, "U1": 12.904057336154521, "U5": 13.716802883816664}, "datetime": {"datetime": "2021-03-05 13:53:14", "elapsed": 3001.39042, "delta": 6.312448}}
{"target": 0.19704056316166285, "params": {"T1": 0.08459444764190485, "T3": 0.06253326463370099, "T5": 0.060831050224736206, "U1": 16.06944248870973, "U5": 13.992578008528202}, "datetime": {"datetime": "2021-03-05 13:53:18", "elapsed": 3005.860354, "delta": 4.469934}}
{"target": 0.3133649492453528, "params": {"T1": 0.07103709742861312, "T3": 0.12915971437320833, "T5": 0.0713565185878889, "U1": 15.033012993408693, "U5": 18.523682168017565}, "datetime": {"datetime": "2021-03-05 13:53:23", "elapsed": 3011.060821, "delta": 5.200467}}
{"target": 0.29280964123689673, "params": {"T1": 0.05382104114047427, "T3": 0.07349669353635938, "T5": 0.14133957856357263, "U1": 15.550135033751804, "U5": 17.60233361501186}, "datetime": {"datetime": "2021-03-05 13:53:28", "elapsed": 3015.251887, "delta": 4.191066}}
{"target": 0.16273786562170936, "params": {"T1": 0.12940406240376062, "T3": 0.08234443402942851, "T5": 0.12555946318570388, "U1": 14.741826332543814, "U5": 16.001787406506242}, "datetime": {"datetime": "2021-03-05 13:53:32", "elapsed": 3019.364754, "delta": 4.112867}}
{"target": 0.24671691045572042, "params": {"T1": 0.08064688610961654, "T3": 0.14325671702210094, "T5": 0.10850713203256007, "U1": 12.644173959923942, "U5": 17.46412237407789}, "datetime": {"datetime": "2021-03-05 13:53:39", "elapsed": 3027.068004, "delta": 7.70325}}
{"target": 0.8242630384003484, "params": {"T1": 0.06661366081240211, "T3": 0.08454901150875294, "T5": 0.14282118130640986, "U1": 19.568896085569037, "U5": 19.08993488063505}, "datetime": {"datetime": "2021-03-05 13:53:43", "elapsed": 3030.942725, "delta": 3.874721}}
{"target": 0.2362179798607561, "params": {"T1": 0.10052706696835245, "T3": 0.11499310418872957, "T5": 0.07316015689868181, "U1": 19.58269400403465, "U5": 13.59750176722234}, "datetime": {"datetime": "2021-03-05 13:53:53", "elapsed": 3040.219529, "delta": 9.276804}}
{"target": 0.2767543868610559, "params": {"T1": 0.12541292677213156, "T3": 0.1099964581875067, "T5": 0.05326037275779312, "U1": 19.582182911529166, "U5": 15.123492609087721}, "datetime": {"datetime": "2021-03-05 13:53:57", "elapsed": 3044.701761, "delta": 4.482232}}
{"target": 0.21568584058993068, "params": {"T1": 0.1162282820290379, "T3": 0.11202223734054723, "T5": 0.06890122782518397, "U1": 16.534484340513046, "U5": 18.664022253852668}, "datetime": {"datetime": "2021-03-05 13:54:01", "elapsed": 3048.506979, "delta": 3.805218}}
{"target": 0.3044313553506513, "params": {"T1": 0.09949022796298461, "T3": 0.10046306497094792, "T5": 0.12283297963303265, "U1": 14.464594217850015, "U5": 18.753310880354967}, "datetime": {"datetime": "2021-03-05 13:54:05", "elapsed": 3052.942344, "delta": 4.435365}}
{"target": 0.23879518098347774, "params": {"T1": 0.07416862839181851, "T3": 0.12388349111154746, "T5": 0.0993671973461571, "U1": 15.306954187451051, "U5": 14.681485837960894}, "datetime": {"datetime": "2021-03-05 13:54:09", "elapsed": 3057.024967, "delta": 4.082623}}
{"target": 0.16021022445437158, "params": {"T1": 0.11713756755982474, "T3": 0.13411768675144192, "T5": 0.1484448268597308, "U1": 15.146791675705014, "U5": 18.86243749551834}, "datetime": {"datetime": "2021-03-05 13:54:14", "elapsed": 3061.579657, "delta": 4.55469}}
{"target": 0.20189124275672696, "params": {"T1": 0.11671850108682129, "T3": 0.11410052410511547, "T5": 0.10382957998494818, "U1": 14.382373986895413, "U5": 17.50670124492385}, "datetime": {"datetime": "2021-03-05 13:54:19", "elapsed": 3066.242486, "delta": 4.662829}}
{"target": 0.3892925602698744, "params": {"T1": 0.09051376133994035, "T3": 0.11437235710447308, "T5": 0.08696078214553561, "U1": 18.155889291594523, "U5": 13.412301485622681}, "datetime": {"datetime": "2021-03-05 13:54:24", "elapsed": 3071.994193, "delta": 5.751707}}
{"target": 0.28220390085014735, "params": {"T1": 0.0657366341190575, "T3": 0.07365788678639455, "T5": 0.10067833140421954, "U1": 16.606433414960065, "U5": 15.054141926930576}, "datetime": {"datetime": "2021-03-05 13:54:31", "elapsed": 3078.494112, "delta": 6.499919}}
{"target": 0.219934527776437, "params": {"T1": 0.14654576050971685, "T3": 0.07639052407838132, "T5": 0.14484481932160392, "U1": 16.966844561831874, "U5": 18.248554177326852}, "datetime": {"datetime": "2021-03-05 13:54:35", "elapsed": 3082.35456, "delta": 3.860448}}
{"target": 0.14619471432121647, "params": {"T1": 0.14753576282422085, "T3": 0.06935403647696017, "T5": 0.07875541823315324, "U1": 16.41396034112141, "U5": 12.015244653021814}, "datetime": {"datetime": "2021-03-05 13:54:39", "elapsed": 3086.861756, "delta": 4.507196}}
{"target": 0.3188766677951916, "params": {"T1": 0.07069670100897996, "T3": 0.11053978525283129, "T5": 0.09848402400284517, "U1": 19.493785883577516, "U5": 13.0488728620875}, "datetime": {"datetime": "2021-03-05 13:54:47", "elapsed": 3094.21152, "delta": 7.349764}}
{"target": 0.15286546757088837, "params": {"T1": 0.10720094747648984, "T3": 0.07376856069258238, "T5": 0.1253765111736575, "U1": 15.834088657280255, "U5": 14.802014249681541}, "datetime": {"datetime": "2021-03-05 13:54:51", "elapsed": 3099.15311, "delta": 4.94159}}
