{"target": 0.2973293643356063, "params": {"T1": 0.059392898901337234, "T3": 0.10518374073695419, "T5": 0.13896184069275203, "U1": 15.593079158253992, "U5": 19.123908235138522}, "datetime": {"datetime": "2021-03-05 13:40:45", "elapsed": 2252.234908, "delta": 3.62775}}
{"target": 0.1599115985784337, "params": {"T1": 0.12140838170787872, "T3": 0.13748818610259414, "T5": 0.07731894509749974, "U1": 18.670551283461158, "U5": 18.41511699681029}, "datetime": {"datetime": "2021-03-05 13:40:48", "elapsed": 2255.799254, "delta": 3.564346}}
{"target": 0.1791246891401748, "params": {"T1": 0.13344910936290405, "T3": 0.060184674349693046, "T5": 0.12003842720259782, "U1": 16.76581940667431, "U5": 19.55101856422979}, "datetime": {"datetime": "2021-03-05 13:40:53", "elapsed": 2260.495196, "delta": 4.695942}}
{"target": 0.1620948630013118, "params": {"T1": 0.1119828601032588, "T3": 0.09202806227416557, "T5": 0.08569792805452357, "U1": 15.171381820828316, "U5": 14.231840211286144}, "datetime": {"datetime": "2021-03-05 13:40:56", "elapsed": 2263.7366, "delta": 3.241404}}
{"target": 0.18612209649353703, "params": {"T1": 0.05552750497813436, "T3": 0.10559210414033285, "T5": 0.10532375368225355, "U1": 13.46101462181192, "U5": 16.74861437088706}, "datetime": {"datetime": "2021-03-05 13:41:00", "elapsed": 2267.486729, "delta": 3.750129}}
{"target": 0.27714511970060735, "params": {"T1": 0.11684676984277316, "T3": 0.06429746234983175, "T5": 0.11839548587529432, "U1": 13.745196458268223, "U5": 14.599239829628775}, "datetime": {"datetime": "2021-03-05 13:41:03", "elapsed": 2270.974998, "delta": 3.488269}}
{"target": 0.17491751431009092, "params": {"T1": 0.10249284263469631, "T3": 0.1468133682810536, "T5": 0.13657868339865897, "U1": 19.411419678868963, "U5": 16.68189793754602}, "datetime": {"datetime": "2021-03-05 13:41:07", "elapsed": 2274.637306, "delta": 3.662308}}
{"target": 0.3321112771893869, "params": {"T1": 0.06136022820630702, "T3": 0.10451025158919174, "T5": 0.10370905938052322, "U1": 17.217138350919026, "U5": 13.651653146627407}, "datetime": {"datetime": "2021-03-05 13:41:11", "elapsed": 2278.567184, "delta": 3.929878}}
{"target": 0.12090202171437457, "params": {"T1": 0.10942071644023954, "T3": 0.11460910431291303, "T5": 0.12003115412463516, "U1": 17.67161714589665, "U5": 13.629729962537228}, "datetime": {"datetime": "2021-03-05 13:41:16", "elapsed": 2283.363727, "delta": 4.796543}}
{"target": 0.2763729520899273, "params": {"T1": 0.09839838119691219, "T3": 0.13052459447886613, "T5": 0.09002897412186833, "U1": 14.60400705260297, "U5": 14.06848028221619}, "datetime": {"datetime": "2021-03-05 13:41:20", "elapsed": 2287.404811, "delta": 4.041084}}
{"target": 0.16686128517618434, "params": {"T1": 0.05490555641696887, "T3": 0.07538453932834865, "T5": 0.06322300924600985, "U1": 19.093510405643816, "U5": 18.86289633806771}, "datetime": {"datetime": "2021-03-05 13:41:24", "elapsed": 2291.188077, "delta": 3.783266}}
{"target": 0.1515654771947776, "params": {"T1": 0.10326469571873603, "T3": 0.09186859795886265, "T5": 0.12875001986306228, "U1": 15.28242995652638, "U5": 16.607292589861558}, "datetime": {"datetime": "2021-03-05 13:41:27", "elapsed": 2294.579141, "delta": 3.391064}}
{"target": 0.4306223725373938, "params": {"T1": 0.13742258148978642, "T3": 0.13834236633000435, "T5": 0.057959974719114876, "U1": 16.657002651119694, "U5": 17.54864206402712}, "datetime": {"datetime": "2021-03-05 13:41:33", "elapsed": 2300.971045, "delta": 6.391904}}
{"target": 0.18114464815701095, "params": {"T1": 0.1494711530521612, "T3": 0.06237869883169968, "T5": 0.05674949462551923, "U1": 19.937941198398992, "U5": 17.187854403127275}, "datetime": {"datetime": "2021-03-05 13:41:37", "elapsed": 2305.007294, "delta": 4.036249}}
{"target": 0.25834034026146663, "params": {"T1": 0.1212399879169624, "T3": 0.11192073881778447, "T5": 0.06946786607908825, "U1": 17.120690352596533, "U5": 13.018175809607442}, "datetime": {"datetime": "2021-03-05 13:41:48", "elapsed": 2315.791022, "delta": 10.783728}}
{"target": 0.33719433210124666, "params": {"T1": 0.13532783967450399, "T3": 0.13710666049931275, "T5": 0.14910403437124337, "U1": 16.916047786097057, "U5": 17.93378682929728}, "datetime": {"datetime": "2021-03-05 13:41:52", "elapsed": 2319.255621, "delta": 3.464599}}
{"target": 0.339556207329224, "params": {"T1": 0.11523077462364928, "T3": 0.11892155109364018, "T5": 0.1332165826713183, "U1": 18.512195479015997, "U5": 15.149113645064912}, "datetime": {"datetime": "2021-03-05 13:41:56", "elapsed": 2323.557924, "delta": 4.302303}}
{"target": 0.3094866630945153, "params": {"T1": 0.05062752819099817, "T3": 0.050581558897239864, "T5": 0.09147307672034123, "U1": 13.950206687880153, "U5": 14.846369039061013}, "datetime": {"datetime": "2021-03-05 13:42:00", "elapsed": 2327.195003, "delta": 3.637079}}
{"target": 0.3004233657811747, "params": {"T1": 0.07507977402801858, "T3": 0.09400107444520375, "T5": 0.14326623807565736, "U1": 14.110349963344882, "U5": 14.78213210788661}, "datetime": {"datetime": "2021-03-05 13:42:05", "elapsed": 2332.65692, "delta": 5.461917}}
{"target": 0.13202743577167364, "params": {"T1": 0.13904061689597846, "T3": 0.09312775988354596, "T5": 0.10745839031311047, "U1": 14.433745396455402, "U5": 19.740490137432246}, "datetime": {"datetime": "2021-03-05 13:42:09", "elapsed": 2336.819017, "delta": 4.162097}}
{"target": 0.4515836840251599, "params": {"T1": 0.07949612892744269, "T3": 0.13324391343764352, "T5": 0.08486600784485465, "U1": 18.54299515605352, "U5": 17.712977795553428}, "datetime": {"datetime": "2021-03-05 13:42:16", "elapsed": 2343.865097, "delta": 7.04608}}
{"target": 0.4693732586742341, "params": {"T1": 0.098908781992469, "T3": 0.1347024441755231, "T5": 0.12654073228248902, "U1": 14.185929084769842, "U5": 18.402083232154567}, "datetime": {"datetime": "2021-03-05 13:42:23", "elapsed": 2351.114392, "delta": 7.249295}}
{"target": 0.23526794945630056, "params": {"T1": 0.09533164121914794, "T3": 0.09271082310170341, "T5": 0.06931806751322804, "U1": 18.19667112172761, "U5": 14.986971405532952}, "datetime": {"datetime": "2021-03-05 13:42:32", "elapsed": 2359.671253, "delta": 8.556861}}
{"target": 0.17828455987498237, "params": {"T1": 0.08124883385174655, "T3": 0.13660494578991011, "T5": 0.07248136474192785, "U1": 13.072282170247838, "U5": 12.779851190115178}, "datetime": {"datetime": "2021-03-05 13:42:36", "elapsed": 2363.40228, "delta": 3.731027}}
{"target": 0.15332823085446107, "params": {"T1": 0.07517202988718961, "T3": 0.06172756564522437, "T5": 0.1321802279629485, "U1": 18.99718746937453, "U5": 13.093531246271976}, "datetime": {"datetime": "2021-03-05 13:42:39", "elapsed": 2366.892924, "delta": 3.490644}}
{"target": 0.2297843749261229, "params": {"T1": 0.08102727379612079, "T3": 0.07316758117781197, "T5": 0.08430902770261553, "U1": 17.501134354385314, "U5": 18.324208969708206}, "datetime": {"datetime": "2021-03-05 13:42:45", "elapsed": 2372.898383, "delta": 6.005459}}
{"target": 0.19489504416562228, "params": {"T1": 0.1400840646672321, "T3": 0.11080037532830847, "T5": 0.1241600013010746, "U1": 14.08282357596616, "U5": 13.173707354516603}, "datetime": {"datetime": "2021-03-05 13:42:49", "elapsed": 2376.374671, "delta": 3.476288}}
{"target": 0.40157484905887186, "params": {"T1": 0.09845717225210515, "T3": 0.13927110865471837, "T5": 0.11526126073494083, "U1": 19.609108083295673, "U5": 12.582148081620057}, "datetime": {"datetime": "2021-03-05 13:42:52", "elapsed": 2380.06758, "delta": 3.692909}}
{"target": 0.26898108525212805, "params": {"T1": 0.08259128999754058, "T3": 0.14880307693180034, "T5": 0.1321396805721738, "U1": 12.523357646563802, "U5": 17.590580633738586}, "datetime": {"datetime": "2021-03-05 13:42:56", "elapsed": 2383.410544, "delta": 3.342964}}
{"target": 0.22584110291960893, "params": {"T1": 0.08585213395923594, "T3": 0.11784114032093441, "T5": 0.05531448224667726, "U1": 14.672690367646528, "U5": 13.329703576405999}, "datetime": {"datetime": "2021-03-05 13:43:04", "elapsed": 2391.177021, "delta": 7.766477}}
{"target": 0.1396492576410961, "params": {"T1": 0.077268478082516, "T3": 0.11018992968801117, "T5": 0.126584755400375, "U1": 16.472903747839815, "U5": 15.121079448151352}, "datetime": {"datetime": "2021-03-05 13:43:07", "elapsed": 2394.913182, "delta": 3.736161}}
{"target": 0.4368919084640694, "params": {"T1": 0.1353424848352641, "T3": 0.11584441524042981, "T5": 0.12127456647372835, "U1": 17.07593100333781, "U5": 16.949875883508817}, "datetime": {"datetime": "2021-03-05 13:43:14", "elapsed": 2401.408036, "delta": 6.494854}}
{"target": 0.1282868097901606, "params": {"T1": 0.0710351637779211, "T3": 0.10485700549154336, "T5": 0.13925748488935097, "U1": 18.212009652330867, "U5": 17.157590275125948}, "datetime": {"datetime": "2021-03-05 13:43:18", "elapsed": 2405.438341, "delta": 4.030305}}
{"target": 0.29703420563244637, "params": {"T1": 0.12910835806607962, "T3": 0.1296401114723114, "T5": 0.10360734420812132, "U1": 19.60162732763591, "U5": 16.20500578716156}, "datetime": {"datetime": "2021-03-05 13:43:23", "elapsed": 2410.406576, "delta": 4.968235}}
{"target": 0.34484171247386536, "params": {"T1": 0.08411378856555886, "T3": 0.0797755756394704, "T5": 0.05303743424178269, "U1": 18.532608825478434, "U5": 13.295897424984854}, "datetime": {"datetime": "2021-03-05 13:43:31", "elapsed": 2418.252866, "delta": 7.84629}}
{"target": 0.3943963640360313, "params": {"T1": 0.07716339395322377, "T3": 0.06091793130680206, "T5": 0.050874619754028766, "U1": 19.830558476153335, "U5": 12.294897003276057}, "datetime": {"datetime": "2021-03-05 13:43:34", "elapsed": 2421.992443, "delta": 3.739577}}
{"target": 0.1733360559478706, "params": {"T1": 0.1025742691090715, "T3": 0.14034513944734983, "T5": 0.10365971208027755, "U1": 18.56800956091586, "U5": 17.692966277591726}, "datetime": {"datetime": "2021-03-05 13:43:39", "elapsed": 2426.892264, "delta": 4.899821}}
{"target": 0.25756788679211423, "params": {"T1": 0.06452990036048248, "T3": 0.1297479561200861, "T5": 0.09628320271066418, "U1": 18.619161418104277, "U5": 18.14966015820844}, "datetime": {"datetime": "2021-03-05 13:43:47", "elapsed": 2434.936426, "delta": 8.044162}}
{"target": 0.17111868661993712, "params": {"T1": 0.0834463163385006, "T3": 0.14597990082901469, "T5": 0.10975475671053661, "U1": 13.220052868013859, "U5": 16.070814684980007}, "datetime": {"datetime": "2021-03-05 13:43:51", "elapsed": 2438.403092, "delta": 3.466666}}
{"target": 0.18923003688411802, "params": {"T1": 0.06584651885091966, "T3": 0.07697580664705833, "T5": 0.052834649530309544, "U1": 13.188750203275916, "U5": 16.125801460515312}, "datetime": {"datetime": "2021-03-05 13:43:54", "elapsed": 2442.063663, "delta": 3.660571}}
{"target": 0.2975900166954368, "params": {"T1": 0.07593398782217872, "T3": 0.06422654239358468, "T5": 0.08475478387200844, "U1": 13.606648367367665, "U5": 15.533830682834232}, "datetime": {"datetime": "2021-03-05 13:43:58", "elapsed": 2445.417725, "delta": 3.354062}}
{"target": 0.18126559551453528, "params": {"T1": 0.09116836026362823, "T3": 0.12172169131733047, "T5": 0.10315014869717998, "U1": 18.298948392275463, "U5": 17.685642133815488}, "datetime": {"datetime": "2021-03-05 13:44:02", "elapsed": 2449.332952, "delta": 3.915227}}
{"target": 0.21835188647697412, "params": {"T1": 0.06265168086753556, "T3": 0.1131063875596043, "T5": 0.10750899402031724, "U1": 18.614132823486525, "U5": 18.12796320979901}, "datetime": {"datetime": "2021-03-05 13:44:08", "elapsed": 2455.880934, "delta": 6.547982}}
{"target": 0.3914378957904994, "params": {"T1": 0.10352839955427715, "T3": 0.12420658066581575, "T5": 0.06454676374582646, "U1": 18.53387143629451, "U5": 17.663670992328647}, "datetime": {"datetime": "2021-03-05 13:44:15", "elapsed": 2462.677899, "delta": 6.796965}}
{"target": 0.16685453423778943, "params": {"T1": 0.10325427842996492, "T3": 0.1090022444978681, "T5": 0.07987071512615954, "U1": 19.414991177983026, "U5": 16.17871465602091}, "datetime": {"datetime": "2021-03-05 13:44:23", "elapsed": 2470.646039, "delta": 7.96814}}
{"target": 0.21914369971582517, "params": {"T1": 0.10005753837156406, "T3": 0.10269737347104067, "T5": 0.05578267094495712, "U1": 19.24345772522, "U5": 17.4970756929005}, "datetime": {"datetime": "2021-03-05 13:44:29", "elapsed": 2477.002385, "delta": 6.356346}}
{"target": 0.6078639563670445, "params": {"T1": 0.07011759084813148, "T3": 0.07373024235016865, "T5": 0.08104072447556068, "U1": 19.38000073421411, "U5": 18.37996285255343}, "datetime": {"datetime": "2021-03-05 13:44:38", "elapsed": 2485.247918, "delta": 8.245533}}
{"target": 0.4231927377254839, "params": {"T1": 0.0817109744463188, "T3": 0.1336448535612435, "T5": 0.05189287562489761, "U1": 13.720775395323558, "U5": 19.28255472737917}, "datetime": {"datetime": "2021-03-05 13:44:42", "elapsed": 2489.182427, "delta": 3.934509}}
{"target": 0.3028090023065501, "params": {"T1": 0.052721863787140257, "T3": 0.12281053266167208, "T5": 0.08983063529263101, "U1": 15.018567498670478, "U5": 15.922060109344374}, "datetime": {"datetime": "2021-03-05 13:44:45", "elapsed": 2492.993335, "delta": 3.810908}}
{"target": 0.22238978659834288, "params": {"T1": 0.08451186523592401, "T3": 0.1487726586660345, "T5": 0.07796790539761361, "U1": 12.286707646794124, "U5": 13.876485902085083}, "datetime": {"datetime": "2021-03-05 13:44:49", "elapsed": 2496.715993, "delta": 3.722658}}
{"target": 0.6956957242332985, "params": {"T1": 0.07193829991318017, "T3": 0.13056426056024395, "T5": 0.05853203151473723, "U1": 18.832733822813505, "U5": 13.799977228947363}, "datetime": {"datetime": "2021-03-05 13:44:58", "elapsed": 2505.982377, "delta": 9.266384}}
{"target": 0.1670744273147387, "params": {"T1": 0.08609661101255986, "T3": 0.10285070552569481, "T5": 0.050882441006139235, "U1": 13.042538433018548, "U5": 14.771971474177832}, "datetime": {"datetime": "2021-03-05 13:45:03", "elapsed": 2510.591854, "delta": 4.609477}}
{"target": 0.3599567978006769, "params": {"T1": 0.10323075619434915, "T3": 0.1418922400713723, "T5": 0.0754250664789393, "U1": 18.739498788552297, "U5": 14.323620040717056}, "datetime": {"datetime": "2021-03-05 13:45:06", "elapsed": 2514.152653, "delta": 3.560799}}
{"target": 0.2585007594210444, "params": {"T1": 0.12222367507975258, "T3": 0.12539979260424577, "T5": 0.0670986564087853, "U1": 18.04274679980466, "U5": 12.514338333762284}, "datetime": {"datetime": "2021-03-05 13:45:10", "elapsed": 2517.834159, "delta": 3.681506}}
{"target": 0.16048650280939752, "params": {"T1": 0.1008226923312176, "T3": 0.1483465625225202, "T5": 0.12602834780348732, "U1": 16.8367928612644, "U5": 15.495731738227205}, "datetime": {"datetime": "2021-03-05 13:45:14", "elapsed": 2521.696394, "delta": 3.862235}}
{"target": 0.22558163058677314, "params": {"T1": 0.09767855006467774, "T3": 0.11035313526378165, "T5": 0.09845062266664405, "U1": 12.605441142819657, "U5": 19.683748535438994}, "datetime": {"datetime": "2021-03-05 13:45:18", "elapsed": 2525.252474, "delta": 3.55608}}
{"target": 0.2783899499269931, "params": {"T1": 0.058942416195787085, "T3": 0.0506266987341154, "T5": 0.11548168391724875, "U1": 12.083097071092197, "U5": 14.956774041376843}, "datetime": {"datetime": "2021-03-05 13:45:21", "elapsed": 2528.534733, "delta": 3.282259}}
{"target": 0.3488073996759757, "params": {"T1": 0.09438894799219476, "T3": 0.12473170804040536, "T5": 0.11268529742751084, "U1": 16.427079219703497, "U5": 16.01674695666108}, "datetime": {"datetime": "2021-03-05 13:45:25", "elapsed": 2532.64784, "delta": 4.113107}}
{"target": 0.21255207758546857, "params": {"T1": 0.14306160893402808, "T3": 0.1125764081895898, "T5": 0.1313157422719237, "U1": 12.172971751400173, "U5": 13.19068584513372}, "datetime": {"datetime": "2021-03-05 13:45:28", "elapsed": 2536.117928, "delta": 3.470088}}
{"target": 0.17946265496168778, "params": {"T1": 0.10967014834951253, "T3": 0.1115860219339197, "T5": 0.05558151102712716, "U1": 18.54561129789004, "U5": 13.280094391345054}, "datetime": {"datetime": "2021-03-05 13:45:33", "elapsed": 2541.123313, "delta": 5.005385}}
{"target": 0.1581965672742277, "params": {"T1": 0.12730794688855912, "T3": 0.1409202470517714, "T5": 0.12111616138118468, "U1": 17.830231369716373, "U5": 17.708373607005072}, "datetime": {"datetime": "2021-03-05 13:45:37", "elapsed": 2544.757582, "delta": 3.634269}}
{"target": 0.21057565291257327, "params": {"T1": 0.09417046610959892, "T3": 0.07608143040469073, "T5": 0.10495604236605492, "U1": 16.757284477288174, "U5": 19.30984235531614}, "datetime": {"datetime": "2021-03-05 13:45:48", "elapsed": 2556.0882, "delta": 11.330618}}
{"target": 0.827337340740521, "params": {"T1": 0.09639486431330134, "T3": 0.108554982507219, "T5": 0.06802898425303118, "U1": 17.329344521337525, "U5": 12.941246431884084}, "datetime": {"datetime": "2021-03-05 13:45:52", "elapsed": 2559.749287, "delta": 3.661087}}
{"target": 0.2895026340109179, "params": {"T1": 0.0769029575925618, "T3": 0.11892272844549912, "T5": 0.12940211371788707, "U1": 14.692193368312175, "U5": 16.989010014697744}, "datetime": {"datetime": "2021-03-05 13:45:56", "elapsed": 2563.819432, "delta": 4.070145}}
{"target": 0.24484636483386116, "params": {"T1": 0.10756155412210425, "T3": 0.05295461615056379, "T5": 0.11697911577943361, "U1": 13.009792410892764, "U5": 14.926788856369077}, "datetime": {"datetime": "2021-03-05 13:46:00", "elapsed": 2567.425674, "delta": 3.606242}}
{"target": 0.17050827578184533, "params": {"T1": 0.08530299481019445, "T3": 0.07659091013716714, "T5": 0.07059610162624552, "U1": 16.90559107331853, "U5": 17.480200825616222}, "datetime": {"datetime": "2021-03-05 13:46:05", "elapsed": 2572.759665, "delta": 5.333991}}
{"target": 0.19500560499424005, "params": {"T1": 0.062397679362930225, "T3": 0.10473099648858684, "T5": 0.14628030609757126, "U1": 18.832089028907486, "U5": 19.85987515107384}, "datetime": {"datetime": "2021-03-05 13:46:10", "elapsed": 2577.819647, "delta": 5.059982}}
{"target": 0.1349505766793247, "params": {"T1": 0.10241733999748331, "T3": 0.05574048328257628, "T5": 0.13911535391388374, "U1": 18.339542662662872, "U5": 12.16064146888198}, "datetime": {"datetime": "2021-03-05 13:46:14", "elapsed": 2581.364577, "delta": 3.54493}}
{"target": 0.17668717377541948, "params": {"T1": 0.08021978317689339, "T3": 0.05395128157786621, "T5": 0.08128483449988197, "U1": 15.179544719112226, "U5": 13.759948009438249}, "datetime": {"datetime": "2021-03-05 13:46:19", "elapsed": 2586.290293, "delta": 4.925716}}
{"target": 0.2676258514641236, "params": {"T1": 0.085420655363419, "T3": 0.09613962939009123, "T5": 0.14185806094899583, "U1": 18.60916467979733, "U5": 18.948377059328852}, "datetime": {"datetime": "2021-03-05 13:46:24", "elapsed": 2591.778715, "delta": 5.488422}}
{"target": 0.2608497116268944, "params": {"T1": 0.06383422875624968, "T3": 0.07001170725337637, "T5": 0.1381466820005347, "U1": 17.39338544415999, "U5": 13.171951133014248}, "datetime": {"datetime": "2021-03-05 13:46:30", "elapsed": 2597.397886, "delta": 5.619171}}
{"target": 0.22158544287328427, "params": {"T1": 0.10066421954225485, "T3": 0.11448928759565573, "T5": 0.060187232229665266, "U1": 15.08196515382839, "U5": 13.590413858395609}, "datetime": {"datetime": "2021-03-05 13:46:34", "elapsed": 2602.026548, "delta": 4.628662}}
{"target": 0.37557502229201556, "params": {"T1": 0.09775818248655255, "T3": 0.13384372164902186, "T5": 0.11349828160453146, "U1": 16.962233324739422, "U5": 17.61353169928043}, "datetime": {"datetime": "2021-03-05 13:46:38", "elapsed": 2605.89704, "delta": 3.870492}}
{"target": 0.2824908979275154, "params": {"T1": 0.09504457288501336, "T3": 0.1457277544213239, "T5": 0.11630442404403828, "U1": 18.639116773728162, "U5": 18.952295003057646}, "datetime": {"datetime": "2021-03-05 13:46:47", "elapsed": 2614.285673, "delta": 8.388633}}
{"target": 0.25133934327410684, "params": {"T1": 0.13535317263170948, "T3": 0.10616793704155414, "T5": 0.14512536747852245, "U1": 12.006854443047086, "U5": 15.908619061048514}, "datetime": {"datetime": "2021-03-05 13:46:50", "elapsed": 2618.052696, "delta": 3.767023}}
{"target": 0.17529782866941793, "params": {"T1": 0.1337360456519466, "T3": 0.1337785329533711, "T5": 0.11537749142089342, "U1": 13.968471765564555, "U5": 14.13082487501409}, "datetime": {"datetime": "2021-03-05 13:46:54", "elapsed": 2621.576855, "delta": 3.524159}}
{"target": 0.25988769225048464, "params": {"T1": 0.08136813065904354, "T3": 0.1446653413641646, "T5": 0.13331706961741263, "U1": 19.881944482553553, "U5": 18.976198837465013}, "datetime": {"datetime": "2021-03-05 13:47:02", "elapsed": 2630.001352, "delta": 8.424497}}
{"target": 0.5143917759878261, "params": {"T1": 0.06404308482404328, "T3": 0.13170233191877617, "T5": 0.05016630377919659, "U1": 14.830596309917496, "U5": 17.634889095179144}, "datetime": {"datetime": "2021-03-05 13:47:11", "elapsed": 2638.927466, "delta": 8.926114}}
{"target": 0.22904638537300098, "params": {"T1": 0.12866411992677373, "T3": 0.08227504118083083, "T5": 0.08001069197821425, "U1": 17.481715627202806, "U5": 16.976080816510603}, "datetime": {"datetime": "2021-03-05 13:47:15", "elapsed": 2642.639794, "delta": 3.712328}}
{"target": 0.13432804402895773, "params": {"T1": 0.131110703779599, "T3": 0.08370249210130695, "T5": 0.08786611604620066, "U1": 16.743858635814334, "U5": 18.916973838177366}, "datetime": {"datetime": "2021-03-05 13:47:20", "elapsed": 2647.198837, "delta": 4.559043}}
{"target": 0.23516462535720947, "params": {"T1": 0.13410026438381822, "T3": 0.11470899249114282, "T5": 0.11589810039539303, "U1": 12.389964063817388, "U5": 13.54468113008097}, "datetime": {"datetime": "2021-03-05 13:47:30", "elapsed": 2657.737054, "delta": 10.538217}}
{"target": 0.12771005806239227, "params": {"T1": 0.12461388857912462, "T3": 0.13178595014506483, "T5": 0.132377100088509, "U1": 14.203209870751689, "U5": 18.39067905220262}, "datetime": {"datetime": "2021-03-05 13:47:34", "elapsed": 2661.954171, "delta": 4.217117}}
