{"target": 0.314830450821197, "params": {"T1": 0.10606702564622983, "T3": 0.07267432251323178, "T5": 0.10969869508392126, "U1": 18.62280587841355, "U5": 19.888195366535026}, "datetime": {"datetime": "2021-03-05 13:10:16", "elapsed": 240.768209, "delta": 2.526203}}
{"target": 0.22399797733450053, "params": {"T1": 0.056793719816270107, "T3": 0.09471860233622041, "T5": 0.05187132875733903, "U1": 12.815677215879537, "U5": 14.589787372698298}, "datetime": {"datetime": "2021-03-05 13:10:17", "elapsed": 241.726927, "delta": 0.958718}}
{"target": 0.6099751657706959, "params": {"T1": 0.06056877463992599, "T3": 0.12835244321907163, "T5": 0.07070984756715375, "U1": 19.232658112591817, "U5": 17.05528090355228}, "datetime": {"datetime": "2021-03-05 13:10:18", "elapsed": 242.863878, "delta": 1.136951}}
{"target": 0.49000709539265574, "params": {"T1": 0.05627218511754284, "T3": 0.1325736797974469, "T5": 0.11804712439954826, "U1": 15.950258822499078, "U5": 19.745631316324367}, "datetime": {"datetime": "2021-03-05 13:10:19", "elapsed": 243.927376, "delta": 1.063498}}
{"target": 0.23503259341386779, "params": {"T1": 0.08991539089238466, "T3": 0.06738091152269379, "T5": 0.07306419800957151, "U1": 13.98509424861251, "U5": 19.667681157583054}, "datetime": {"datetime": "2021-03-05 13:10:20", "elapsed": 244.933563, "delta": 1.006187}}
{"target": 0.31485487609765617, "params": {"T1": 0.05429596163369808, "T3": 0.050025195416922796, "T5": 0.13485242765745528, "U1": 12.855394755879885, "U5": 18.193460761755464}, "datetime": {"datetime": "2021-03-05 13:10:22", "elapsed": 246.401268, "delta": 1.467705}}
{"target": 0.23976829852927573, "params": {"T1": 0.13998119072520565, "T3": 0.1286149804516461, "T5": 0.129026726178947, "U1": 12.115164182934379, "U5": 13.043684283562692}, "datetime": {"datetime": "2021-03-05 13:10:23", "elapsed": 247.542923, "delta": 1.141655}}
{"target": 0.1854846021708706, "params": {"T1": 0.1330163016332409, "T3": 0.1077243664920006, "T5": 0.07495699344018893, "U1": 15.287145936753198, "U5": 18.686127951427494}, "datetime": {"datetime": "2021-03-05 13:10:24", "elapsed": 248.61245, "delta": 1.069527}}
{"target": 0.4561625282277376, "params": {"T1": 0.12685981527323775, "T3": 0.14371388867853513, "T5": 0.05117774734438268, "U1": 17.539661892067414, "U5": 13.68101319391197}, "datetime": {"datetime": "2021-03-05 13:10:25", "elapsed": 249.75804, "delta": 1.14559}}
{"target": 0.22351566599299258, "params": {"T1": 0.13631342831612192, "T3": 0.14876773239758417, "T5": 0.11214333374874452, "U1": 12.084478155103916, "U5": 12.483662205194989}, "datetime": {"datetime": "2021-03-05 13:10:26", "elapsed": 250.853138, "delta": 1.095098}}
{"target": 0.6267138913431399, "params": {"T1": 0.05961085589314478, "T3": 0.14381130136626397, "T5": 0.13936668354657206, "U1": 18.633412586056707, "U5": 16.1713672769095}, "datetime": {"datetime": "2021-03-05 13:10:27", "elapsed": 251.851808, "delta": 0.99867}}
{"target": 0.3165474303741541, "params": {"T1": 0.12700090274220754, "T3": 0.14641524250384086, "T5": 0.055976315392929514, "U1": 18.277688403056136, "U5": 16.82942684177974}, "datetime": {"datetime": "2021-03-05 13:10:28", "elapsed": 252.778609, "delta": 0.926801}}
{"target": 0.4273783856280893, "params": {"T1": 0.12197310929715958, "T3": 0.10174809342040447, "T5": 0.12853828099999776, "U1": 12.169119494813833, "U5": 17.940320790247807}, "datetime": {"datetime": "2021-03-05 13:10:29", "elapsed": 254.149698, "delta": 1.371089}}
{"target": 0.2844719198856315, "params": {"T1": 0.09877689291720304, "T3": 0.13622268335503027, "T5": 0.08440243366294851, "U1": 14.29519742437564, "U5": 12.451814243396743}, "datetime": {"datetime": "2021-03-05 13:10:31", "elapsed": 255.309977, "delta": 1.160279}}
{"target": 0.1756901663637436, "params": {"T1": 0.07693623920216927, "T3": 0.05489172634746085, "T5": 0.06458556994070357, "U1": 16.80536126237556, "U5": 15.469072679677996}, "datetime": {"datetime": "2021-03-05 13:10:32", "elapsed": 256.913553, "delta": 1.603576}}
{"target": 0.28835090046676237, "params": {"T1": 0.14403339493475908, "T3": 0.1462607147404446, "T5": 0.09130445164043312, "U1": 16.988316030990454, "U5": 18.466817909930214}, "datetime": {"datetime": "2021-03-05 13:10:33", "elapsed": 258.030391, "delta": 1.116838}}
{"target": 0.1903426698736912, "params": {"T1": 0.09767703502288731, "T3": 0.10661250046466718, "T5": 0.13166432644011544, "U1": 17.416293188241212, "U5": 15.152275452858706}, "datetime": {"datetime": "2021-03-05 13:10:35", "elapsed": 259.241514, "delta": 1.211123}}
{"target": 0.14956600726651403, "params": {"T1": 0.129204513319513, "T3": 0.13899133215653375, "T5": 0.13909641934268674, "U1": 13.209595976383124, "U5": 16.295948526765574}, "datetime": {"datetime": "2021-03-05 13:10:36", "elapsed": 260.213861, "delta": 0.972347}}
{"target": 0.15235220720873843, "params": {"T1": 0.07819789158573812, "T3": 0.13668174349854453, "T5": 0.14436584673859593, "U1": 12.083932989345165, "U5": 13.72739278491774}, "datetime": {"datetime": "2021-03-05 13:10:37", "elapsed": 261.56185, "delta": 1.347989}}
{"target": 0.19806370921226554, "params": {"T1": 0.1306599083768949, "T3": 0.10360371736571045, "T5": 0.12019755037911735, "U1": 17.16668533552095, "U5": 18.255399936197907}, "datetime": {"datetime": "2021-03-05 13:10:38", "elapsed": 262.8556, "delta": 1.29375}}
{"target": 0.2872858989470222, "params": {"T1": 0.09131841648156255, "T3": 0.08573185497328273, "T5": 0.06274012751280741, "U1": 19.132279742125768, "U5": 13.403499390323844}, "datetime": {"datetime": "2021-03-05 13:10:39", "elapsed": 263.912958, "delta": 1.057358}}
{"target": 0.1623408842102813, "params": {"T1": 0.13581532529396778, "T3": 0.13735005514269627, "T5": 0.13423975765170676, "U1": 19.655471812681487, "U5": 18.936364871824228}, "datetime": {"datetime": "2021-03-05 13:10:41", "elapsed": 265.55836, "delta": 1.645402}}
{"target": 0.1789757491525527, "params": {"T1": 0.10982508096562205, "T3": 0.0526995062329687, "T5": 0.10151150540872017, "U1": 14.878906949867513, "U5": 12.319028693860783}, "datetime": {"datetime": "2021-03-05 13:10:42", "elapsed": 266.721382, "delta": 1.163022}}
{"target": 0.27753661196118357, "params": {"T1": 0.11085860667243602, "T3": 0.1438056419461578, "T5": 0.05811183352175997, "U1": 15.328033890137565, "U5": 18.041394023636823}, "datetime": {"datetime": "2021-03-05 13:10:43", "elapsed": 267.695048, "delta": 0.973666}}
{"target": 0.14828365289782672, "params": {"T1": 0.1171295353931996, "T3": 0.0904319925858994, "T5": 0.09899535033148951, "U1": 16.290082698387913, "U5": 15.726007492112867}, "datetime": {"datetime": "2021-03-05 13:10:44", "elapsed": 268.975004, "delta": 1.279956}}
{"target": 0.34471159785553734, "params": {"T1": 0.09683310356527053, "T3": 0.1108938673764992, "T5": 0.06922102786675424, "U1": 12.158849596948656, "U5": 14.62832851456467}, "datetime": {"datetime": "2021-03-05 13:10:45", "elapsed": 270.049999, "delta": 1.074995}}
{"target": 0.15538637877348146, "params": {"T1": 0.10708076282703775, "T3": 0.12686589610993299, "T5": 0.09688854558835189, "U1": 12.791327742275008, "U5": 18.16829574962378}, "datetime": {"datetime": "2021-03-05 13:10:47", "elapsed": 271.206538, "delta": 1.156539}}
{"target": 0.33912548247226726, "params": {"T1": 0.06873545032004716, "T3": 0.08703676541273529, "T5": 0.09032472607222644, "U1": 16.115339061008015, "U5": 16.95183359157427}, "datetime": {"datetime": "2021-03-05 13:10:48", "elapsed": 272.564655, "delta": 1.358117}}
{"target": 0.17968002199693384, "params": {"T1": 0.12304389286574291, "T3": 0.05196185669712684, "T5": 0.07497186835405725, "U1": 19.98087525527477, "U5": 17.039514479479095}, "datetime": {"datetime": "2021-03-05 13:10:50", "elapsed": 274.317839, "delta": 1.753184}}
{"target": 0.2178026011954267, "params": {"T1": 0.12313640805378116, "T3": 0.07812901841465676, "T5": 0.09746960495622906, "U1": 18.962708905880703, "U5": 14.85470983406238}, "datetime": {"datetime": "2021-03-05 13:10:51", "elapsed": 275.409205, "delta": 1.091366}}
{"target": 0.22074400127065855, "params": {"T1": 0.10116385455179946, "T3": 0.11965995419655524, "T5": 0.1150168977911994, "U1": 13.517681154508814, "U5": 17.646184349531516}, "datetime": {"datetime": "2021-03-05 13:10:52", "elapsed": 276.865815, "delta": 1.45661}}
{"target": 0.14869779195290367, "params": {"T1": 0.10800639023943101, "T3": 0.08110233674404979, "T5": 0.07499389503373445, "U1": 18.304341639315233, "U5": 19.299941621820423}, "datetime": {"datetime": "2021-03-05 13:10:53", "elapsed": 278.167695, "delta": 1.30188}}
{"target": 0.15673272616227346, "params": {"T1": 0.06822492808281425, "T3": 0.07455271623843666, "T5": 0.11715950820528831, "U1": 19.323869910612792, "U5": 19.512345568057597}, "datetime": {"datetime": "2021-03-05 13:10:55", "elapsed": 279.364504, "delta": 1.196809}}
{"target": 0.5673664439985611, "params": {"T1": 0.1273380946854189, "T3": 0.1332335924269576, "T5": 0.11067417828298864, "U1": 19.255096198034757, "U5": 18.546965312044662}, "datetime": {"datetime": "2021-03-05 13:10:56", "elapsed": 280.280427, "delta": 0.915923}}
{"target": 0.3619103320198739, "params": {"T1": 0.06515214142399348, "T3": 0.1423340619914936, "T5": 0.058168219239192576, "U1": 19.344814681850636, "U5": 13.223533629300466}, "datetime": {"datetime": "2021-03-05 13:10:57", "elapsed": 281.613652, "delta": 1.333225}}
{"target": 0.24287145793517714, "params": {"T1": 0.12452091684813486, "T3": 0.10110020660577167, "T5": 0.10862146283903973, "U1": 14.396845951847808, "U5": 13.072432178920497}, "datetime": {"datetime": "2021-03-05 13:10:59", "elapsed": 283.658796, "delta": 2.045144}}
{"target": 0.29057861982684746, "params": {"T1": 0.12437743479203697, "T3": 0.12417656093186809, "T5": 0.0790267981105084, "U1": 12.801860549960962, "U5": 17.47899810232153}, "datetime": {"datetime": "2021-03-05 13:11:00", "elapsed": 284.519315, "delta": 0.860519}}
{"target": 0.1584788687098163, "params": {"T1": 0.07439476436916978, "T3": 0.07155736167718929, "T5": 0.10120384316972161, "U1": 15.57975098282041, "U5": 16.429646404700982}, "datetime": {"datetime": "2021-03-05 13:11:01", "elapsed": 285.714785, "delta": 1.19547}}
{"target": 0.2944796069968396, "params": {"T1": 0.13166636317558672, "T3": 0.0717029722023536, "T5": 0.139732757441708, "U1": 15.002605120355273, "U5": 15.76448470011212}, "datetime": {"datetime": "2021-03-05 13:11:03", "elapsed": 287.44252, "delta": 1.727735}}
{"target": 0.154417808171291, "params": {"T1": 0.09183779331413576, "T3": 0.05521554650535293, "T5": 0.06254980541081409, "U1": 19.221325642161343, "U5": 15.318992529228996}, "datetime": {"datetime": "2021-03-05 13:11:04", "elapsed": 288.715881, "delta": 1.273361}}
{"target": 0.2796746615905247, "params": {"T1": 0.056646959962974724, "T3": 0.1013123964251911, "T5": 0.10773599346506965, "U1": 19.65178363334722, "U5": 14.041940509029871}, "datetime": {"datetime": "2021-03-05 13:11:06", "elapsed": 290.309163, "delta": 1.593282}}
{"target": 0.1942021557842068, "params": {"T1": 0.14685917818064942, "T3": 0.10108448284447001, "T5": 0.10359328548550781, "U1": 16.04406352820064, "U5": 12.84660145701291}, "datetime": {"datetime": "2021-03-05 13:11:07", "elapsed": 291.25812, "delta": 0.948957}}
{"target": 0.26609707998369164, "params": {"T1": 0.13552472755374373, "T3": 0.11869200227466417, "T5": 0.12074895011273713, "U1": 18.995708273676485, "U5": 18.562998639214126}, "datetime": {"datetime": "2021-03-05 13:11:09", "elapsed": 293.214538, "delta": 1.956418}}
{"target": 0.1528091630796433, "params": {"T1": 0.14678398772309487, "T3": 0.0716436822858753, "T5": 0.07017999505312504, "U1": 13.790265411580922, "U5": 18.525626304170537}, "datetime": {"datetime": "2021-03-05 13:11:10", "elapsed": 294.275026, "delta": 1.060488}}
{"target": 0.13044368184447128, "params": {"T1": 0.12834137324632566, "T3": 0.07037340425509886, "T5": 0.11168731549088476, "U1": 17.634382965998817, "U5": 12.600888726033336}, "datetime": {"datetime": "2021-03-05 13:11:11", "elapsed": 295.383359, "delta": 1.108333}}
{"target": 0.25987215389354656, "params": {"T1": 0.1265298839318556, "T3": 0.060942428983609756, "T5": 0.13138252719948995, "U1": 15.807238984501435, "U5": 13.731614111349478}, "datetime": {"datetime": "2021-03-05 13:11:12", "elapsed": 296.333254, "delta": 0.949895}}
{"target": 0.13827262700376897, "params": {"T1": 0.07698678581540315, "T3": 0.05074046438220317, "T5": 0.057857897861839494, "U1": 12.674625570308786, "U5": 13.043870651997763}, "datetime": {"datetime": "2021-03-05 13:11:13", "elapsed": 297.441531, "delta": 1.108277}}
{"target": 0.18668347956939849, "params": {"T1": 0.13254749167372726, "T3": 0.051603345012787294, "T5": 0.13014918009478088, "U1": 12.24320528343165, "U5": 17.37426146859648}, "datetime": {"datetime": "2021-03-05 13:11:14", "elapsed": 298.645385, "delta": 1.203854}}
{"target": 0.18872923157945626, "params": {"T1": 0.0777698599021524, "T3": 0.07166648638018928, "T5": 0.0890112958404952, "U1": 16.962641748437193, "U5": 15.151569704905441}, "datetime": {"datetime": "2021-03-05 13:11:15", "elapsed": 299.831865, "delta": 1.18648}}
{"target": 0.1263228787003845, "params": {"T1": 0.14259227784109313, "T3": 0.06416082356087585, "T5": 0.14256591139823133, "U1": 15.625119821125654, "U5": 13.027769188846685}, "datetime": {"datetime": "2021-03-05 13:11:16", "elapsed": 301.075528, "delta": 1.243663}}
{"target": 0.3250905483845811, "params": {"T1": 0.11775819821492765, "T3": 0.12395866685291176, "T5": 0.1300232961024082, "U1": 19.39915880052008, "U5": 14.459021122373773}, "datetime": {"datetime": "2021-03-05 13:11:18", "elapsed": 302.289699, "delta": 1.214171}}
{"target": 0.30470606011977114, "params": {"T1": 0.07528397253346558, "T3": 0.09093493625633184, "T5": 0.14590701231323822, "U1": 13.655974571656383, "U5": 16.996837806335336}, "datetime": {"datetime": "2021-03-05 13:11:20", "elapsed": 304.241163, "delta": 1.951464}}
{"target": 0.3201725314751626, "params": {"T1": 0.12179659455887011, "T3": 0.13832090250154838, "T5": 0.05454593813001647, "U1": 16.08374671608452, "U5": 12.901237585825363}, "datetime": {"datetime": "2021-03-05 13:11:21", "elapsed": 305.745188, "delta": 1.504025}}
{"target": 0.2893179586570214, "params": {"T1": 0.10163293956959618, "T3": 0.06608466511515723, "T5": 0.14333383722057147, "U1": 17.039972769684905, "U5": 16.576307084059167}, "datetime": {"datetime": "2021-03-05 13:11:23", "elapsed": 307.588599, "delta": 1.843411}}
{"target": 0.20166904819183704, "params": {"T1": 0.061420604487128376, "T3": 0.0715254760282468, "T5": 0.06479006129097482, "U1": 15.26220306392516, "U5": 14.84062333792491}, "datetime": {"datetime": "2021-03-05 13:11:24", "elapsed": 308.599828, "delta": 1.011229}}
{"target": 0.2338975271952906, "params": {"T1": 0.12008654454777955, "T3": 0.06742635116673701, "T5": 0.13291739536512368, "U1": 14.52141751789678, "U5": 13.011504220534487}, "datetime": {"datetime": "2021-03-05 13:11:25", "elapsed": 309.631813, "delta": 1.031985}}
{"target": 0.1958992093724736, "params": {"T1": 0.12236587922176785, "T3": 0.09372205123885519, "T5": 0.09201498979605743, "U1": 12.499298088827565, "U5": 15.691285825578191}, "datetime": {"datetime": "2021-03-05 13:11:26", "elapsed": 310.525662, "delta": 0.893849}}
{"target": 0.20818892493565216, "params": {"T1": 0.13356303509848477, "T3": 0.08404616124939271, "T5": 0.061391237364107676, "U1": 16.928620929593237, "U5": 12.348315189077223}, "datetime": {"datetime": "2021-03-05 13:11:27", "elapsed": 311.654006, "delta": 1.128344}}
{"target": 0.2596057462815254, "params": {"T1": 0.14487824109132458, "T3": 0.12825717781633675, "T5": 0.1474094677358211, "U1": 12.124331284077051, "U5": 12.331740125838927}, "datetime": {"datetime": "2021-03-05 13:11:28", "elapsed": 312.809095, "delta": 1.155089}}
{"target": 0.2584730519218606, "params": {"T1": 0.0608085264144346, "T3": 0.1269300061902398, "T5": 0.09695342871727528, "U1": 15.922282508436716, "U5": 18.846644517772734}, "datetime": {"datetime": "2021-03-05 13:11:29", "elapsed": 314.042437, "delta": 1.233342}}
{"target": 0.17193399149255292, "params": {"T1": 0.14957286583617985, "T3": 0.08498582992761686, "T5": 0.09399255992844673, "U1": 12.418395934526876, "U5": 15.383557407540675}, "datetime": {"datetime": "2021-03-05 13:11:30", "elapsed": 315.10929, "delta": 1.066853}}
{"target": 0.6238787679326058, "params": {"T1": 0.07480643801577239, "T3": 0.07755719183773122, "T5": 0.09719522785164618, "U1": 17.498590363267006, "U5": 18.323179123591824}, "datetime": {"datetime": "2021-03-05 13:11:32", "elapsed": 316.226341, "delta": 1.117051}}
{"target": 0.31453905566655377, "params": {"T1": 0.07751092361557259, "T3": 0.06663459797612262, "T5": 0.13783701433991857, "U1": 12.587940647478131, "U5": 12.951293709956051}, "datetime": {"datetime": "2021-03-05 13:11:33", "elapsed": 317.867233, "delta": 1.640892}}
{"target": 0.16819954607383797, "params": {"T1": 0.10608597971019067, "T3": 0.0789409825311291, "T5": 0.05250075305908045, "U1": 17.836576197258445, "U5": 14.805823729460027}, "datetime": {"datetime": "2021-03-05 13:11:35", "elapsed": 319.625067, "delta": 1.757834}}
{"target": 0.15594842997016217, "params": {"T1": 0.1355185682600034, "T3": 0.11527701194260992, "T5": 0.0643048699011956, "U1": 13.537815336338623, "U5": 15.87127396137621}, "datetime": {"datetime": "2021-03-05 13:11:36", "elapsed": 320.768196, "delta": 1.143129}}
{"target": 0.2819015170947135, "params": {"T1": 0.1489032573581483, "T3": 0.09433076356010639, "T5": 0.14296432387983368, "U1": 18.69766761540072, "U5": 13.026641175800798}, "datetime": {"datetime": "2021-03-05 13:11:38", "elapsed": 322.718238, "delta": 1.950042}}
{"target": 0.19768956771639182, "params": {"T1": 0.14924155572869802, "T3": 0.13398959053275067, "T5": 0.08999260685092725, "U1": 12.965213233642089, "U5": 14.095214543473482}, "datetime": {"datetime": "2021-03-05 13:11:39", "elapsed": 323.921652, "delta": 1.203414}}
{"target": 0.356374048362802, "params": {"T1": 0.07392396280144428, "T3": 0.1374705426719748, "T5": 0.13968415147779814, "U1": 17.584004916396196, "U5": 19.795713592688447}, "datetime": {"datetime": "2021-03-05 13:11:41", "elapsed": 325.782795, "delta": 1.861143}}
{"target": 0.2746170091688151, "params": {"T1": 0.10283735843535355, "T3": 0.08855723274651041, "T5": 0.14298573947640575, "U1": 13.678462732545697, "U5": 12.750236077675323}, "datetime": {"datetime": "2021-03-05 13:11:42", "elapsed": 326.898934, "delta": 1.116139}}
{"target": 0.372121120815812, "params": {"T1": 0.13108820073879562, "T3": 0.12859293106972927, "T5": 0.08983742068551218, "U1": 16.511918821171477, "U5": 12.726928671696605}, "datetime": {"datetime": "2021-03-05 13:11:44", "elapsed": 328.261361, "delta": 1.362427}}
{"target": 0.22067330529222717, "params": {"T1": 0.09606209086304823, "T3": 0.12174752134272394, "T5": 0.07718224556019546, "U1": 14.674411988236972, "U5": 13.550706104185956}, "datetime": {"datetime": "2021-03-05 13:11:45", "elapsed": 329.96562, "delta": 1.704259}}
{"target": 0.14227154523874266, "params": {"T1": 0.11571889156661742, "T3": 0.08474235225457649, "T5": 0.11150886613971661, "U1": 15.7521193569929, "U5": 18.489579096565283}, "datetime": {"datetime": "2021-03-05 13:11:47", "elapsed": 331.201531, "delta": 1.235911}}
{"target": 0.2930710455469319, "params": {"T1": 0.14321760056100533, "T3": 0.1271216718689484, "T5": 0.10447168435773105, "U1": 12.62538887524157, "U5": 13.853743794647382}, "datetime": {"datetime": "2021-03-05 13:11:48", "elapsed": 332.346288, "delta": 1.144757}}
{"target": 0.2507104436276328, "params": {"T1": 0.06382017603391726, "T3": 0.07149699340615454, "T5": 0.13705616425788225, "U1": 17.993597613931797, "U5": 12.40724448969062}, "datetime": {"datetime": "2021-03-05 13:11:49", "elapsed": 333.537211, "delta": 1.190923}}
{"target": 0.16187789805615835, "params": {"T1": 0.09549273142665302, "T3": 0.05835157783760136, "T5": 0.13130333066052208, "U1": 13.306804491014224, "U5": 19.418441987342323}, "datetime": {"datetime": "2021-03-05 13:11:50", "elapsed": 334.807976, "delta": 1.270765}}
{"target": 0.2843373728979027, "params": {"T1": 0.14608680932798912, "T3": 0.07354554993338254, "T5": 0.114209931556208, "U1": 15.367946179197048, "U5": 12.209832635229755}, "datetime": {"datetime": "2021-03-05 13:11:51", "elapsed": 335.909407, "delta": 1.101431}}
{"target": 0.18173044638126493, "params": {"T1": 0.097384689543309, "T3": 0.14439195850983155, "T5": 0.10970068284558454, "U1": 18.021532357204638, "U5": 19.33256425530617}, "datetime": {"datetime": "2021-03-05 13:11:52", "elapsed": 336.843287, "delta": 0.93388}}
{"target": 0.4420937210453413, "params": {"T1": 0.07248560461810769, "T3": 0.14461283904627037, "T5": 0.1443216551868025, "U1": 19.8976507998863, "U5": 18.99585518324859}, "datetime": {"datetime": "2021-03-05 13:11:53", "elapsed": 338.078979, "delta": 1.235692}}
{"target": 1.1354017793396722, "params": {"T1": 0.0886537677370762, "T3": 0.10869541836115276, "T5": 0.09012239360308738, "U1": 15.486841870481825, "U5": 19.30206501003998}, "datetime": {"datetime": "2021-03-05 13:11:56", "elapsed": 340.473762, "delta": 2.394783}}
{"target": 0.17378763790556043, "params": {"T1": 0.09257802700218626, "T3": 0.11795638819217209, "T5": 0.12215372252836647, "U1": 14.391329292050791, "U5": 17.14990849895781}, "datetime": {"datetime": "2021-03-05 13:11:57", "elapsed": 341.750189, "delta": 1.276427}}
{"target": 0.13440538713711833, "params": {"T1": 0.11252409889259714, "T3": 0.05057203304389858, "T5": 0.09324637383896378, "U1": 13.704656911505518, "U5": 19.86468731961347}, "datetime": {"datetime": "2021-03-05 13:11:58", "elapsed": 342.936897, "delta": 1.186708}}
{"target": 0.132475636951473, "params": {"T1": 0.11703933847682338, "T3": 0.051470581940219785, "T5": 0.12782381377456453, "U1": 15.479552341691445, "U5": 16.64449251810636}, "datetime": {"datetime": "2021-03-05 13:11:59", "elapsed": 344.152829, "delta": 1.215932}}
