{"target": 0.2661968772019338, "params": {"T1": 0.11892584381995415, "T3": 0.11091544974924938, "T5": 0.08849907235135115, "U1": 13.289403977570224, "U5": 16.668754468589714}, "datetime": {"datetime": "2021-03-05 13:19:59", "elapsed": 823.587953, "delta": 2.293755}}
{"target": 0.13965781220815057, "params": {"T1": 0.13758019686665562, "T3": 0.13387375057418704, "T5": 0.09754362603440395, "U1": 17.142620163766473, "U5": 16.2164327147043}, "datetime": {"datetime": "2021-03-05 13:20:01", "elapsed": 825.743401, "delta": 2.155448}}
{"target": 0.23769784002822122, "params": {"T1": 0.08159789595209119, "T3": 0.12536488117192024, "T5": 0.11747917829854, "U1": 13.090438809356364, "U5": 15.131371094818622}, "datetime": {"datetime": "2021-03-05 13:20:03", "elapsed": 827.940666, "delta": 2.197265}}
{"target": 0.5908220960750225, "params": {"T1": 0.09593404277006645, "T3": 0.07594066536396035, "T5": 0.05685839508982629, "U1": 16.451662865593303, "U5": 16.959037049430982}, "datetime": {"datetime": "2021-03-05 13:20:06", "elapsed": 830.518433, "delta": 2.577767}}
{"target": 0.1347479465390366, "params": {"T1": 0.12112909142121411, "T3": 0.12844888625845066, "T5": 0.11776775840815262, "U1": 13.248845801620835, "U5": 14.353851059011507}, "datetime": {"datetime": "2021-03-05 13:20:09", "elapsed": 833.915662, "delta": 3.397229}}
{"target": 0.38702389616245425, "params": {"T1": 0.09639064334275618, "T3": 0.0960462628759727, "T5": 0.09095482033440717, "U1": 18.475843586345206, "U5": 19.2311427735316}, "datetime": {"datetime": "2021-03-05 13:20:11", "elapsed": 835.699959, "delta": 1.784297}}
{"target": 0.179659042947662, "params": {"T1": 0.061186895006789914, "T3": 0.13917243962962117, "T5": 0.12126600698619647, "U1": 16.566038842965582, "U5": 17.653039391432515}, "datetime": {"datetime": "2021-03-05 13:20:15", "elapsed": 839.987312, "delta": 4.287353}}
{"target": 0.3046596138880792, "params": {"T1": 0.1345075444490133, "T3": 0.08021172044129377, "T5": 0.06969051070512719, "U1": 19.33195559726452, "U5": 13.464344996732631}, "datetime": {"datetime": "2021-03-05 13:20:17", "elapsed": 841.759927, "delta": 1.772615}}
{"target": 0.25539972227557406, "params": {"T1": 0.08257062635089882, "T3": 0.11135576986866441, "T5": 0.08081999214679772, "U1": 16.648148059199347, "U5": 12.025946294467731}, "datetime": {"datetime": "2021-03-05 13:20:19", "elapsed": 843.567211, "delta": 1.807284}}
{"target": 0.13210144856072997, "params": {"T1": 0.13320233798977904, "T3": 0.1040641879568473, "T5": 0.059952575323585035, "U1": 13.279424224502616, "U5": 17.88707107693294}, "datetime": {"datetime": "2021-03-05 13:20:21", "elapsed": 845.464692, "delta": 1.897481}}
{"target": 0.3008327992781712, "params": {"T1": 0.08314101322335989, "T3": 0.09128070748187181, "T5": 0.08163162838529284, "U1": 18.06983786082078, "U5": 17.681858218015098}, "datetime": {"datetime": "2021-03-05 13:20:24", "elapsed": 848.60335, "delta": 3.138658}}
{"target": 0.23659975395200425, "params": {"T1": 0.07370091526792785, "T3": 0.06467401942102133, "T5": 0.06024821305553671, "U1": 14.930802458509145, "U5": 15.93033101334578}, "datetime": {"datetime": "2021-03-05 13:20:26", "elapsed": 850.60434, "delta": 2.00099}}
{"target": 0.15821209883303228, "params": {"T1": 0.054476868472698496, "T3": 0.12697048357600094, "T5": 0.14057189745522186, "U1": 18.913530806304685, "U5": 18.285489913367126}, "datetime": {"datetime": "2021-03-05 13:20:28", "elapsed": 853.169887, "delta": 2.565547}}
{"target": 0.21134926231094833, "params": {"T1": 0.09700007172425906, "T3": 0.1081371307358174, "T5": 0.14667083067574732, "U1": 17.195102819334117, "U5": 14.095451053170477}, "datetime": {"datetime": "2021-03-05 13:20:30", "elapsed": 855.062058, "delta": 1.892171}}
{"target": 0.26636278967342064, "params": {"T1": 0.05462943609462041, "T3": 0.07933510791876257, "T5": 0.11978148621022375, "U1": 15.938727036474095, "U5": 12.67518329110774}, "datetime": {"datetime": "2021-03-05 13:20:33", "elapsed": 857.381237, "delta": 2.319179}}
{"target": 0.16300387727422844, "params": {"T1": 0.10967977968020146, "T3": 0.14927474669213137, "T5": 0.10371003325090598, "U1": 12.48270759493198, "U5": 16.62785548715349}, "datetime": {"datetime": "2021-03-05 13:20:37", "elapsed": 861.428578, "delta": 4.047341}}
{"target": 0.13650448538104765, "params": {"T1": 0.11681051197795207, "T3": 0.07228651400045097, "T5": 0.1331978402758444, "U1": 18.89467576515122, "U5": 14.428589801678125}, "datetime": {"datetime": "2021-03-05 13:20:39", "elapsed": 863.605318, "delta": 2.17674}}
{"target": 0.15125316112880274, "params": {"T1": 0.11169926902781255, "T3": 0.08165584005162319, "T5": 0.08476126372959852, "U1": 15.26207857415014, "U5": 18.456289425643558}, "datetime": {"datetime": "2021-03-05 13:20:41", "elapsed": 865.610467, "delta": 2.005149}}
{"target": 0.18909341973309787, "params": {"T1": 0.1498108765411476, "T3": 0.052754014854069414, "T5": 0.1121116986914783, "U1": 12.42051470950272, "U5": 15.454587306125955}, "datetime": {"datetime": "2021-03-05 13:20:43", "elapsed": 867.549951, "delta": 1.939484}}
{"target": 0.32348621142529643, "params": {"T1": 0.0705859535908147, "T3": 0.10610629436465396, "T5": 0.13349405096379058, "U1": 15.046661522277443, "U5": 14.625957389209557}, "datetime": {"datetime": "2021-03-05 13:20:45", "elapsed": 869.189819, "delta": 1.639868}}
{"target": 1.1660262259772085, "params": {"T1": 0.07196565383113769, "T3": 0.13427739340661868, "T5": 0.09732882434690057, "U1": 12.00741876827284, "U5": 17.918368335983395}, "datetime": {"datetime": "2021-03-05 13:20:47", "elapsed": 871.835962, "delta": 2.646143}}
{"target": 0.1364413942289183, "params": {"T1": 0.10793497060870419, "T3": 0.07636759108315624, "T5": 0.07814020461097466, "U1": 12.881982115455589, "U5": 19.114923184792325}, "datetime": {"datetime": "2021-03-05 13:20:50", "elapsed": 874.934314, "delta": 3.098352}}
{"target": 0.2483428310416483, "params": {"T1": 0.05696585471286164, "T3": 0.08110143699483023, "T5": 0.06831983768838881, "U1": 19.956429158884788, "U5": 17.309498474760304}, "datetime": {"datetime": "2021-03-05 13:20:52", "elapsed": 876.689938, "delta": 1.755624}}
{"target": 0.17076411635883149, "params": {"T1": 0.12004618199877017, "T3": 0.1279375720620849, "T5": 0.14554025335850485, "U1": 16.696664302046365, "U5": 13.188438555735953}, "datetime": {"datetime": "2021-03-05 13:20:54", "elapsed": 878.61714, "delta": 1.927202}}
{"target": 0.5529938608361619, "params": {"T1": 0.14408125125655505, "T3": 0.1299579551195753, "T5": 0.1172310142605019, "U1": 18.303080131052837, "U5": 13.347613185797979}, "datetime": {"datetime": "2021-03-05 13:20:56", "elapsed": 880.725445, "delta": 2.108305}}
{"target": 0.49692057819535684, "params": {"T1": 0.09523205872162747, "T3": 0.10108178517287007, "T5": 0.11133441511594877, "U1": 16.61762873772329, "U5": 12.802114035406795}, "datetime": {"datetime": "2021-03-05 13:20:58", "elapsed": 882.745431, "delta": 2.019986}}
{"target": 0.1962940655381817, "params": {"T1": 0.052322944822050355, "T3": 0.13923515186665775, "T5": 0.11192024053711463, "U1": 17.744704315199122, "U5": 17.20372286078605}, "datetime": {"datetime": "2021-03-05 13:21:00", "elapsed": 884.865411, "delta": 2.11998}}
{"target": 0.2177463260435087, "params": {"T1": 0.07818641396224242, "T3": 0.11559886748732696, "T5": 0.06975726989971581, "U1": 17.98988317370534, "U5": 13.830424453322047}, "datetime": {"datetime": "2021-03-05 13:21:02", "elapsed": 886.541103, "delta": 1.675692}}
{"target": 0.3036637817094807, "params": {"T1": 0.12288075349925, "T3": 0.13732065987375713, "T5": 0.05986789925268711, "U1": 15.985369247932105, "U5": 16.573790532172374}, "datetime": {"datetime": "2021-03-05 13:21:04", "elapsed": 888.976372, "delta": 2.435269}}
{"target": 0.2443764917190622, "params": {"T1": 0.11640314582675128, "T3": 0.07425491884436387, "T5": 0.14586061143158247, "U1": 19.57379007063121, "U5": 19.405614080261685}, "datetime": {"datetime": "2021-03-05 13:21:06", "elapsed": 890.764294, "delta": 1.787922}}
{"target": 0.2557628495930088, "params": {"T1": 0.14980332419433845, "T3": 0.08285561340593342, "T5": 0.14087622507084624, "U1": 14.15039221500431, "U5": 19.572405581389354}, "datetime": {"datetime": "2021-03-05 13:21:09", "elapsed": 894.187877, "delta": 3.423583}}
{"target": 0.32603532437335464, "params": {"T1": 0.0957196588489713, "T3": 0.06981985943940254, "T5": 0.06514616308058625, "U1": 16.19939462771193, "U5": 17.15145748823155}, "datetime": {"datetime": "2021-03-05 13:21:12", "elapsed": 896.265913, "delta": 2.078036}}
{"target": 0.21158935293765183, "params": {"T1": 0.06070129697812215, "T3": 0.12520678102674165, "T5": 0.0957683859438811, "U1": 12.143725514123398, "U5": 17.31463761547449}, "datetime": {"datetime": "2021-03-05 13:21:15", "elapsed": 899.889204, "delta": 3.623291}}
{"target": 0.34555803965004894, "params": {"T1": 0.0893975163785257, "T3": 0.13781419416537807, "T5": 0.12412620377292068, "U1": 19.530088404001592, "U5": 16.56408421557568}, "datetime": {"datetime": "2021-03-05 13:21:17", "elapsed": 901.849156, "delta": 1.959952}}
{"target": 0.7850247712911466, "params": {"T1": 0.08989450281686545, "T3": 0.1294690892133561, "T5": 0.053743765146161006, "U1": 12.303097131494091, "U5": 12.7268457133368}, "datetime": {"datetime": "2021-03-05 13:21:19", "elapsed": 903.899585, "delta": 2.050429}}
{"target": 0.48804786836780395, "params": {"T1": 0.14896133192851363, "T3": 0.09187202175517808, "T5": 0.08692732987560946, "U1": 18.88064957079836, "U5": 15.442625928377666}, "datetime": {"datetime": "2021-03-05 13:21:22", "elapsed": 906.780007, "delta": 2.880422}}
{"target": 0.2949892600916696, "params": {"T1": 0.09527141086086535, "T3": 0.0785239784770031, "T5": 0.13563999934764856, "U1": 14.7938356066819, "U5": 14.944535593187902}, "datetime": {"datetime": "2021-03-05 13:21:24", "elapsed": 908.960059, "delta": 2.180052}}
{"target": 0.1258791315099382, "params": {"T1": 0.13036722867432865, "T3": 0.07874863290298362, "T5": 0.1099771959747585, "U1": 16.676155165488247, "U5": 17.61306434794151}, "datetime": {"datetime": "2021-03-05 13:21:26", "elapsed": 910.923439, "delta": 1.96338}}
{"target": 0.27279945643310194, "params": {"T1": 0.14212960458973856, "T3": 0.07083687533509637, "T5": 0.06159823200090503, "U1": 18.96306063552354, "U5": 16.58856596407579}, "datetime": {"datetime": "2021-03-05 13:21:29", "elapsed": 913.25403, "delta": 2.330591}}
{"target": 0.2855865523703903, "params": {"T1": 0.10693887008932129, "T3": 0.05609545485729206, "T5": 0.12727788877285479, "U1": 19.323892229209964, "U5": 12.290304707230067}, "datetime": {"datetime": "2021-03-05 13:21:32", "elapsed": 916.902674, "delta": 3.648644}}
{"target": 0.8257787171425077, "params": {"T1": 0.12334743790806064, "T3": 0.07697790818588211, "T5": 0.0819264773883933, "U1": 16.59069595445205, "U5": 15.265325490934678}, "datetime": {"datetime": "2021-03-05 13:21:34", "elapsed": 918.835611, "delta": 1.932937}}
{"target": 0.19444505705384393, "params": {"T1": 0.11319158211718189, "T3": 0.1025615204362762, "T5": 0.08490791062838825, "U1": 13.86942961909838, "U5": 15.642221283812248}, "datetime": {"datetime": "2021-03-05 13:21:36", "elapsed": 920.977193, "delta": 2.141582}}
{"target": 0.13143686111916283, "params": {"T1": 0.09022683208288322, "T3": 0.1249928681643225, "T5": 0.13588195225078648, "U1": 13.197691369808016, "U5": 18.08724394429925}, "datetime": {"datetime": "2021-03-05 13:21:39", "elapsed": 923.627665, "delta": 2.650472}}
{"target": 0.2674202522589392, "params": {"T1": 0.08065711394981222, "T3": 0.10124554973079433, "T5": 0.12739837598868808, "U1": 12.92361602159088, "U5": 19.18317988001838}, "datetime": {"datetime": "2021-03-05 13:21:41", "elapsed": 925.834988, "delta": 2.207323}}
{"target": 0.2918661547024311, "params": {"T1": 0.08801366837185201, "T3": 0.06341178200241983, "T5": 0.14850358444594966, "U1": 17.86048635864729, "U5": 15.07386712609673}, "datetime": {"datetime": "2021-03-05 13:21:44", "elapsed": 928.846153, "delta": 3.011165}}
{"target": 0.45089655244970783, "params": {"T1": 0.12402912461984596, "T3": 0.10104890807955699, "T5": 0.14139944588991415, "U1": 18.62259560048203, "U5": 15.478612606966035}, "datetime": {"datetime": "2021-03-05 13:21:46", "elapsed": 930.982449, "delta": 2.136296}}
{"target": 0.12618717166194993, "params": {"T1": 0.128851997900357, "T3": 0.06051955693613914, "T5": 0.08524622922994743, "U1": 15.77356749497601, "U5": 14.707053012871135}, "datetime": {"datetime": "2021-03-05 13:21:48", "elapsed": 933.067847, "delta": 2.085398}}
{"target": 0.1364389058104157, "params": {"T1": 0.1178359574204105, "T3": 0.08591493976147015, "T5": 0.1083846379148005, "U1": 14.115674872344535, "U5": 12.150868716322634}, "datetime": {"datetime": "2021-03-05 13:21:52", "elapsed": 936.883689, "delta": 3.815842}}
{"target": 0.19059547330153717, "params": {"T1": 0.1049994444752461, "T3": 0.06645150016714836, "T5": 0.07822870467357981, "U1": 18.953014213309743, "U5": 17.67408008430128}, "datetime": {"datetime": "2021-03-05 13:21:54", "elapsed": 939.103774, "delta": 2.220085}}
{"target": 0.16750549806270507, "params": {"T1": 0.08884939595401141, "T3": 0.05870074504080456, "T5": 0.083640078521603, "U1": 14.431062783397941, "U5": 12.910457823736788}, "datetime": {"datetime": "2021-03-05 13:21:57", "elapsed": 941.428034, "delta": 2.32426}}
{"target": 0.39336850515963456, "params": {"T1": 0.09331901271849227, "T3": 0.14521944439545717, "T5": 0.07815729162438156, "U1": 14.234022725199953, "U5": 19.33002727624566}, "datetime": {"datetime": "2021-03-05 13:21:59", "elapsed": 943.522008, "delta": 2.093974}}
{"target": 0.27240748028972983, "params": {"T1": 0.09548535608564904, "T3": 0.11920938249777095, "T5": 0.08477832040641528, "U1": 14.670904257595236, "U5": 13.997794497529334}, "datetime": {"datetime": "2021-03-05 13:22:02", "elapsed": 946.323485, "delta": 2.801477}}
{"target": 0.20317861759576664, "params": {"T1": 0.05618352444999715, "T3": 0.1275498239764392, "T5": 0.061335614440181346, "U1": 15.040767727546287, "U5": 14.394946073921334}, "datetime": {"datetime": "2021-03-05 13:22:04", "elapsed": 948.337133, "delta": 2.013648}}
{"target": 0.2786201617745141, "params": {"T1": 0.1244558321761743, "T3": 0.06217996491943108, "T5": 0.11008108573566419, "U1": 17.482141698864705, "U5": 13.446095242415527}, "datetime": {"datetime": "2021-03-05 13:22:06", "elapsed": 950.368295, "delta": 2.031162}}
{"target": 0.12793455896535666, "params": {"T1": 0.12737685019642578, "T3": 0.09820406271914327, "T5": 0.12694781853754544, "U1": 14.56082454251328, "U5": 17.27769485619072}, "datetime": {"datetime": "2021-03-05 13:22:08", "elapsed": 952.266749, "delta": 1.898454}}
{"target": 0.1660030880116445, "params": {"T1": 0.14076086679896638, "T3": 0.05491603191141961, "T5": 0.10466551424608915, "U1": 12.767639439463558, "U5": 14.166792981051845}, "datetime": {"datetime": "2021-03-05 13:22:10", "elapsed": 954.444488, "delta": 2.177739}}
{"target": 0.14692825864909456, "params": {"T1": 0.10106248783449173, "T3": 0.06717204663790999, "T5": 0.060438605844504646, "U1": 14.764487184323086, "U5": 14.193064088106869}, "datetime": {"datetime": "2021-03-05 13:22:12", "elapsed": 956.822095, "delta": 2.377607}}
{"target": 0.2101937102133321, "params": {"T1": 0.14421242628168668, "T3": 0.08813455386198009, "T5": 0.08347275565250054, "U1": 18.581179304135553, "U5": 12.913250570733357}, "datetime": {"datetime": "2021-03-05 13:22:14", "elapsed": 959.144409, "delta": 2.322314}}
{"target": 0.22966052843570706, "params": {"T1": 0.14534460866657883, "T3": 0.06981541751289436, "T5": 0.12731299250293307, "U1": 14.444833819572892, "U5": 19.193075187272942}, "datetime": {"datetime": "2021-03-05 13:22:16", "elapsed": 961.103609, "delta": 1.9592}}
{"target": 0.21953566911611871, "params": {"T1": 0.08879015217612445, "T3": 0.0971534796215669, "T5": 0.11624635023206195, "U1": 18.162746370954608, "U5": 18.399732884285946}, "datetime": {"datetime": "2021-03-05 13:22:20", "elapsed": 964.261566, "delta": 3.157957}}
{"target": 0.15720969394444076, "params": {"T1": 0.0778063160823829, "T3": 0.09532375565891382, "T5": 0.08644977000664297, "U1": 19.663631165282425, "U5": 17.7935488904961}, "datetime": {"datetime": "2021-03-05 13:22:22", "elapsed": 966.585198, "delta": 2.323632}}
{"target": 0.17576430028013906, "params": {"T1": 0.1494358622303118, "T3": 0.07572268122394513, "T5": 0.1259932108868422, "U1": 15.39739214692613, "U5": 17.921161854505765}, "datetime": {"datetime": "2021-03-05 13:22:24", "elapsed": 968.261333, "delta": 1.676135}}
{"target": 0.2089996325714096, "params": {"T1": 0.14868020619955616, "T3": 0.11889698044463662, "T5": 0.09445709176096531, "U1": 17.549217262924437, "U5": 15.086176445256577}, "datetime": {"datetime": "2021-03-05 13:22:26", "elapsed": 970.314013, "delta": 2.05268}}
{"target": 0.1852044255473282, "params": {"T1": 0.09409242158847803, "T3": 0.0972052841243061, "T5": 0.13783715934409208, "U1": 17.844569373117693, "U5": 19.055244145782098}, "datetime": {"datetime": "2021-03-05 13:22:28", "elapsed": 972.556709, "delta": 2.242696}}
{"target": 0.3402163454188336, "params": {"T1": 0.14481045003412796, "T3": 0.06692968259201133, "T5": 0.09135050184907108, "U1": 15.341930716332609, "U5": 19.2828700930453}, "datetime": {"datetime": "2021-03-05 13:22:31", "elapsed": 976.039395, "delta": 3.482686}}
{"target": 0.28828520076318886, "params": {"T1": 0.11366521802136784, "T3": 0.0669482884461933, "T5": 0.13061669621330624, "U1": 12.67668832932942, "U5": 17.409731222226274}, "datetime": {"datetime": "2021-03-05 13:22:35", "elapsed": 979.290204, "delta": 3.250809}}
{"target": 0.2899767454774528, "params": {"T1": 0.11364685680363669, "T3": 0.07022196513100436, "T5": 0.1474082539683078, "U1": 14.178611838402304, "U5": 16.267288955077017}, "datetime": {"datetime": "2021-03-05 13:22:37", "elapsed": 981.665089, "delta": 2.374885}}
{"target": 0.2681561448266353, "params": {"T1": 0.1181686393621662, "T3": 0.14132427840069656, "T5": 0.05185683900303863, "U1": 13.795646833743739, "U5": 12.445958869506505}, "datetime": {"datetime": "2021-03-05 13:22:40", "elapsed": 984.254033, "delta": 2.588944}}
{"target": 0.23571679965775802, "params": {"T1": 0.053748046514461724, "T3": 0.09511429617902753, "T5": 0.05811136818441231, "U1": 18.894531217812407, "U5": 12.74920626615656}, "datetime": {"datetime": "2021-03-05 13:22:42", "elapsed": 986.992404, "delta": 2.738371}}
{"target": 0.3762553104158781, "params": {"T1": 0.0723910573534794, "T3": 0.11841893930488251, "T5": 0.10737070884097377, "U1": 19.25526254359774, "U5": 19.19621977118534}, "datetime": {"datetime": "2021-03-05 13:22:44", "elapsed": 989.14707, "delta": 2.154666}}
{"target": 0.22526400135506947, "params": {"T1": 0.14028917373288274, "T3": 0.08304047242587392, "T5": 0.11089181862781053, "U1": 14.666019606725747, "U5": 13.193802512117834}, "datetime": {"datetime": "2021-03-05 13:22:47", "elapsed": 991.361267, "delta": 2.214197}}
{"target": 0.22034564533807885, "params": {"T1": 0.05678237627260444, "T3": 0.12637170066697256, "T5": 0.14640455190611762, "U1": 12.356316697958619, "U5": 18.11419551006601}, "datetime": {"datetime": "2021-03-05 13:22:49", "elapsed": 993.394176, "delta": 2.032909}}
{"target": 0.2421210074633297, "params": {"T1": 0.05571535280891572, "T3": 0.0964307646723622, "T5": 0.10851000376396944, "U1": 13.337278291680052, "U5": 19.567458950855915}, "datetime": {"datetime": "2021-03-05 13:22:51", "elapsed": 995.585923, "delta": 2.191747}}
{"target": 0.5634484898010201, "params": {"T1": 0.07368437833953403, "T3": 0.08680163219298666, "T5": 0.0723121253503615, "U1": 14.906642173735976, "U5": 19.426861865640845}, "datetime": {"datetime": "2021-03-05 13:22:53", "elapsed": 997.76663, "delta": 2.180707}}
{"target": 0.17723504832189146, "params": {"T1": 0.08476106635198523, "T3": 0.11253974151544191, "T5": 0.11990802861718222, "U1": 14.249211661290872, "U5": 18.307660827752432}, "datetime": {"datetime": "2021-03-05 13:22:58", "elapsed": 1003.116913, "delta": 5.350283}}
{"target": 0.3283828587326149, "params": {"T1": 0.10803517888884992, "T3": 0.09809765970271969, "T5": 0.05570797753743472, "U1": 15.777679894227004, "U5": 16.93528893259964}, "datetime": {"datetime": "2021-03-05 13:23:01", "elapsed": 1005.302188, "delta": 2.185275}}
{"target": 0.4893985596337082, "params": {"T1": 0.09836007801516891, "T3": 0.1316298082618508, "T5": 0.058723791257485274, "U1": 16.2633695157684, "U5": 19.96602485949309}, "datetime": {"datetime": "2021-03-05 13:23:03", "elapsed": 1007.54578, "delta": 2.243592}}
{"target": 0.28788665029544236, "params": {"T1": 0.12112981654655457, "T3": 0.13384953239900943, "T5": 0.050745524028664994, "U1": 13.235258241606347, "U5": 12.218245894829494}, "datetime": {"datetime": "2021-03-05 13:23:06", "elapsed": 1011.133577, "delta": 3.587797}}
{"target": 0.15139853235589307, "params": {"T1": 0.13345630674692627, "T3": 0.09045632228768259, "T5": 0.12566553186875706, "U1": 18.3431752200301, "U5": 13.56641811983026}, "datetime": {"datetime": "2021-03-05 13:23:09", "elapsed": 1013.506236, "delta": 2.372659}}
{"target": 0.1666041052276297, "params": {"T1": 0.11315935605275627, "T3": 0.05574704380961553, "T5": 0.11507885649537704, "U1": 13.746630012412936, "U5": 13.854916089671812}, "datetime": {"datetime": "2021-03-05 13:23:11", "elapsed": 1015.734217, "delta": 2.227981}}
{"target": 0.24095637680583934, "params": {"T1": 0.05134775996342775, "T3": 0.08511294780936776, "T5": 0.06394361274134916, "U1": 18.879718274445814, "U5": 16.924321647218235}, "datetime": {"datetime": "2021-03-05 13:23:13", "elapsed": 1017.645332, "delta": 1.911115}}
{"target": 0.3063247292408434, "params": {"T1": 0.07665368714799943, "T3": 0.054050390524526405, "T5": 0.13072709279491762, "U1": 13.7769507253734, "U5": 13.735384283642922}, "datetime": {"datetime": "2021-03-05 13:23:16", "elapsed": 1020.713117, "delta": 3.067785}}
