{"target": 0.2980252506828481, "params": {"T1": 0.13106266063778155, "T3": 0.12179982507379027, "T5": 0.13268107407989244, "U1": 16.246338430807747, "U5": 18.104138991685407}, "datetime": {"datetime": "2021-03-05 15:57:12", "elapsed": 783.099419, "delta": 1.943939}}
{"target": 0.29984243293184437, "params": {"T1": 0.06618955210838148, "T3": 0.1022746670956469, "T5": 0.1493964322675212, "U1": 16.004993137277037, "U5": 13.039624307125688}, "datetime": {"datetime": "2021-03-05 15:57:14", "elapsed": 784.527536, "delta": 1.428117}}
{"target": 0.3769850041156248, "params": {"T1": 0.05303322564596921, "T3": 0.14996310421627265, "T5": 0.08085368336834385, "U1": 12.06944902875585, "U5": 19.04401912652652}, "datetime": {"datetime": "2021-03-05 15:57:15", "elapsed": 786.097376, "delta": 1.56984}}
{"target": 0.3480029582964831, "params": {"T1": 0.061682250930271965, "T3": 0.08972050399863384, "T5": 0.0733719343495227, "U1": 16.984520939949675, "U5": 18.690663496616445}, "datetime": {"datetime": "2021-03-05 15:57:17", "elapsed": 787.531948, "delta": 1.434572}}
{"target": 0.30735176421781935, "params": {"T1": 0.05561540450397572, "T3": 0.11278942140855694, "T5": 0.05311886312287271, "U1": 14.590493707055305, "U5": 15.676710413835224}, "datetime": {"datetime": "2021-03-05 15:57:18", "elapsed": 789.10556, "delta": 1.573612}}
{"target": 0.2951618768935215, "params": {"T1": 0.07861862296215147, "T3": 0.07526849426668535, "T5": 0.08557563565698711, "U1": 13.089371028496648, "U5": 13.513975620756646}, "datetime": {"datetime": "2021-03-05 15:57:21", "elapsed": 791.51781, "delta": 2.41225}}
{"target": 0.3193063540611689, "params": {"T1": 0.10319691866729597, "T3": 0.1082054043262346, "T5": 0.09370480850759685, "U1": 18.949627809956734, "U5": 14.561069976600166}, "datetime": {"datetime": "2021-03-05 15:57:23", "elapsed": 794.17045, "delta": 2.65264}}
{"target": 0.3356747777464803, "params": {"T1": 0.06815553223879507, "T3": 0.057099468352810316, "T5": 0.05237734329857879, "U1": 18.99487669201018, "U5": 16.643591491812654}, "datetime": {"datetime": "2021-03-05 15:57:25", "elapsed": 796.313446, "delta": 2.142996}}
{"target": 0.3054272373870557, "params": {"T1": 0.11545073674176752, "T3": 0.12436829067149098, "T5": 0.13578518156179797, "U1": 17.17426893967147, "U5": 14.650476687004419}, "datetime": {"datetime": "2021-03-05 15:57:27", "elapsed": 797.90358, "delta": 1.590134}}
{"target": 0.29229595543651815, "params": {"T1": 0.06110864266804801, "T3": 0.14236423369668222, "T5": 0.08884978487391886, "U1": 19.161379277493925, "U5": 12.059146470555087}, "datetime": {"datetime": "2021-03-05 15:57:29", "elapsed": 799.642046, "delta": 1.738466}}
{"target": 0.29120233195243567, "params": {"T1": 0.06213712735186319, "T3": 0.05328038509166638, "T5": 0.055744935156029074, "U1": 18.84879352637876, "U5": 16.65279892058481}, "datetime": {"datetime": "2021-03-05 15:57:30", "elapsed": 801.123629, "delta": 1.481583}}
{"target": 0.27633058676664585, "params": {"T1": 0.08703256232977288, "T3": 0.06398754547876323, "T5": 0.09106995045426537, "U1": 14.627985271246992, "U5": 13.656261359485889}, "datetime": {"datetime": "2021-03-05 15:57:32", "elapsed": 802.667779, "delta": 1.54415}}
{"target": 0.3031070130730823, "params": {"T1": 0.07101449869391462, "T3": 0.1140924890333245, "T5": 0.09090281140584087, "U1": 14.281405812547415, "U5": 15.437774607351258}, "datetime": {"datetime": "2021-03-05 15:57:33", "elapsed": 804.373776, "delta": 1.705997}}
{"target": 0.30904968376603725, "params": {"T1": 0.08703209879204513, "T3": 0.05678215968821268, "T5": 0.08857637339091365, "U1": 16.754027045595286, "U5": 12.026122013288944}, "datetime": {"datetime": "2021-03-05 15:57:35", "elapsed": 805.933264, "delta": 1.559488}}
{"target": 0.2916393844017937, "params": {"T1": 0.11700425182045524, "T3": 0.10054778666287349, "T5": 0.10705664518726779, "U1": 12.112749096595742, "U5": 13.438204228522496}, "datetime": {"datetime": "2021-03-05 15:57:37", "elapsed": 807.564009, "delta": 1.630745}}
{"target": 0.2951261312792797, "params": {"T1": 0.09619707978454377, "T3": 0.12863601073184514, "T5": 0.09847170720959246, "U1": 15.809577998038403, "U5": 13.230513306225784}, "datetime": {"datetime": "2021-03-05 15:57:38", "elapsed": 808.970384, "delta": 1.406375}}
{"target": 0.2781177407719043, "params": {"T1": 0.11874427473995987, "T3": 0.09345753864254105, "T5": 0.08444822498172025, "U1": 16.4207089028676, "U5": 16.78046994685655}, "datetime": {"datetime": "2021-03-05 15:57:40", "elapsed": 810.695996, "delta": 1.725612}}
{"target": 0.3090116573728031, "params": {"T1": 0.11903966568451825, "T3": 0.06514315606475661, "T5": 0.13854827185589214, "U1": 15.006889324547785, "U5": 19.98859292903459}, "datetime": {"datetime": "2021-03-05 15:57:42", "elapsed": 812.466118, "delta": 1.770122}}
{"target": 0.28832468613066226, "params": {"T1": 0.12988608253950268, "T3": 0.07762859192799779, "T5": 0.10392842369614634, "U1": 19.503503265922784, "U5": 19.09533159717561}, "datetime": {"datetime": "2021-03-05 15:57:44", "elapsed": 815.278573, "delta": 2.812455}}
{"target": 0.3011038799007861, "params": {"T1": 0.07494848624642646, "T3": 0.08357545683029349, "T5": 0.09592700013514804, "U1": 15.248481735785887, "U5": 14.777052415784567}, "datetime": {"datetime": "2021-03-05 15:57:47", "elapsed": 817.898935, "delta": 2.620362}}
{"target": 0.2987544219494612, "params": {"T1": 0.08029000383048537, "T3": 0.09925985784421698, "T5": 0.1129648032388742, "U1": 18.19599580521851, "U5": 15.662498149099012}, "datetime": {"datetime": "2021-03-05 15:57:50", "elapsed": 820.924323, "delta": 3.025388}}
{"target": 0.3203388548800868, "params": {"T1": 0.11535634721973871, "T3": 0.07871411787586122, "T5": 0.08776409147624523, "U1": 14.699640962665432, "U5": 18.370292553140615}, "datetime": {"datetime": "2021-03-05 15:57:52", "elapsed": 822.780254, "delta": 1.855931}}
{"target": 0.2819725345851633, "params": {"T1": 0.12919765594038396, "T3": 0.13847905259952026, "T5": 0.12030906418602147, "U1": 12.593711449749733, "U5": 19.256375017978318}, "datetime": {"datetime": "2021-03-05 15:57:54", "elapsed": 824.633996, "delta": 1.853742}}
{"target": 0.3149022016456113, "params": {"T1": 0.09358197600601798, "T3": 0.11615564802013975, "T5": 0.12972750032757333, "U1": 15.245583407015157, "U5": 19.98224154460285}, "datetime": {"datetime": "2021-03-05 15:57:55", "elapsed": 826.251978, "delta": 1.617982}}
{"target": 0.3026167579381731, "params": {"T1": 0.06873210167711903, "T3": 0.07779523722068185, "T5": 0.059962739769248555, "U1": 12.804991243294609, "U5": 17.18024628666154}, "datetime": {"datetime": "2021-03-05 15:57:57", "elapsed": 828.02196, "delta": 1.769982}}
