{"target": 0.33222404928523996, "params": {"T1": 0.07204356456816145, "T3": 0.09723826034100756, "T5": 0.07614145766420469, "U1": 18.40627014441208, "U5": 13.261056809769068}, "datetime": {"datetime": "2021-03-05 13:58:23", "elapsed": 3127.250135, "delta": 8.352112}}
{"target": 0.3174751483476385, "params": {"T1": 0.12037731049197443, "T3": 0.11923193356808523, "T5": 0.1304320820292949, "U1": 17.175568734965545, "U5": 19.856037154264907}, "datetime": {"datetime": "2021-03-05 13:58:28", "elapsed": 3132.199356, "delta": 4.949221}}
{"target": 0.8810259061001035, "params": {"T1": 0.09929218399669998, "T3": 0.11978282205217645, "T5": 0.10458108645379041, "U1": 13.692259444081142, "U5": 14.301812163463397}, "datetime": {"datetime": "2021-03-05 13:58:35", "elapsed": 3139.896686, "delta": 7.69733}}
{"target": 0.30065381803967917, "params": {"T1": 0.10723976780232586, "T3": 0.1278825772048508, "T5": 0.052508900236339195, "U1": 16.474959872858037, "U5": 18.584255795175466}, "datetime": {"datetime": "2021-03-05 13:58:39", "elapsed": 3144.127803, "delta": 4.231117}}
{"target": 0.2916411485922627, "params": {"T1": 0.09579342572106764, "T3": 0.11534815449759075, "T5": 0.08670322703879592, "U1": 15.492495404207254, "U5": 12.67068439166816}, "datetime": {"datetime": "2021-03-05 13:58:45", "elapsed": 3149.338363, "delta": 5.21056}}
{"target": 0.21846460827056305, "params": {"T1": 0.11861934315072618, "T3": 0.09027323552999837, "T5": 0.08263339216585225, "U1": 16.313252474948463, "U5": 16.181687865467623}, "datetime": {"datetime": "2021-03-05 13:58:49", "elapsed": 3153.892258, "delta": 4.553895}}
{"target": 0.18987852281319706, "params": {"T1": 0.14853047754748602, "T3": 0.13399704622793368, "T5": 0.05875082964783385, "U1": 14.087840831916852, "U5": 13.419230750599294}, "datetime": {"datetime": "2021-03-05 13:58:54", "elapsed": 3158.926102, "delta": 5.033844}}
{"target": 0.42057381866293886, "params": {"T1": 0.06453057408483534, "T3": 0.08369175177174247, "T5": 0.05961325720690972, "U1": 14.721749326121342, "U5": 16.204498305925135}, "datetime": {"datetime": "2021-03-05 13:58:59", "elapsed": 3163.925086, "delta": 4.998984}}
{"target": 0.12809284817639624, "params": {"T1": 0.14562514726865916, "T3": 0.06940037170295665, "T5": 0.07399283587467215, "U1": 14.883841215540905, "U5": 18.651269184530552}, "datetime": {"datetime": "2021-03-05 13:59:09", "elapsed": 3173.683266, "delta": 9.75818}}
{"target": 0.24109069864226387, "params": {"T1": 0.05735624886766978, "T3": 0.08317723774738041, "T5": 0.06157918273729227, "U1": 14.13088947752819, "U5": 15.507458814035271}, "datetime": {"datetime": "2021-03-05 13:59:14", "elapsed": 3178.73739, "delta": 5.054124}}
{"target": 0.1693700871690637, "params": {"T1": 0.05431632815109161, "T3": 0.09291251625579959, "T5": 0.13802339568754218, "U1": 17.69035514423236, "U5": 19.333496419382925}, "datetime": {"datetime": "2021-03-05 13:59:18", "elapsed": 3182.887407, "delta": 4.150017}}
{"target": 0.5243525889780425, "params": {"T1": 0.07024289501315364, "T3": 0.10312737305948266, "T5": 0.07661671947428476, "U1": 19.991882893123687, "U5": 16.065495262638255}, "datetime": {"datetime": "2021-03-05 13:59:23", "elapsed": 3187.984045, "delta": 5.096638}}
{"target": 0.3158249667473209, "params": {"T1": 0.11081199052634783, "T3": 0.12721984110691226, "T5": 0.12339468183417765, "U1": 16.542169889853806, "U5": 14.12688634616282}, "datetime": {"datetime": "2021-03-05 13:59:27", "elapsed": 3191.893683, "delta": 3.909638}}
{"target": 0.20150608729066113, "params": {"T1": 0.09452765411563545, "T3": 0.0781796967213008, "T5": 0.08129665118527686, "U1": 18.651369531131778, "U5": 14.062899803821022}, "datetime": {"datetime": "2021-03-05 13:59:32", "elapsed": 3196.927392, "delta": 5.033709}}
{"target": 0.16091822669260347, "params": {"T1": 0.06619107296621979, "T3": 0.0932605638313792, "T5": 0.12154252508662515, "U1": 13.667841861952134, "U5": 16.474015387003437}, "datetime": {"datetime": "2021-03-05 13:59:37", "elapsed": 3201.673035, "delta": 4.745643}}
{"target": 0.1691967599087793, "params": {"T1": 0.13869864817690997, "T3": 0.09917239815500692, "T5": 0.10662185022366896, "U1": 14.664312818317246, "U5": 17.24401173323689}, "datetime": {"datetime": "2021-03-05 13:59:42", "elapsed": 3206.748612, "delta": 5.075577}}
{"target": 0.28983852872986166, "params": {"T1": 0.10992013600895993, "T3": 0.08053251792153535, "T5": 0.14538788418960985, "U1": 14.420144167649546, "U5": 15.315381849771786}, "datetime": {"datetime": "2021-03-05 13:59:48", "elapsed": 3212.495036, "delta": 5.746424}}
{"target": 0.24060596674783605, "params": {"T1": 0.0992188819069503, "T3": 0.10877793684837109, "T5": 0.11366353602294739, "U1": 14.29449379841435, "U5": 19.7651070906498}, "datetime": {"datetime": "2021-03-05 13:59:53", "elapsed": 3217.458573, "delta": 4.963537}}
{"target": 0.29835816871339954, "params": {"T1": 0.10358420191130346, "T3": 0.052552458337395684, "T5": 0.08834029191575596, "U1": 13.406186089617044, "U5": 17.650988028692733}, "datetime": {"datetime": "2021-03-05 13:59:57", "elapsed": 3221.74444, "delta": 4.285867}}
{"target": 0.19618939263515878, "params": {"T1": 0.06487308286116422, "T3": 0.059852315946854084, "T5": 0.09710072512237752, "U1": 16.108563312902525, "U5": 12.506797574884313}, "datetime": {"datetime": "2021-03-05 14:00:01", "elapsed": 3226.17925, "delta": 4.43481}}
{"target": 0.25169208947812477, "params": {"T1": 0.11436043363815426, "T3": 0.1061480318534923, "T5": 0.12102656608643055, "U1": 12.813847724136965, "U5": 19.91056162115899}, "datetime": {"datetime": "2021-03-05 14:00:07", "elapsed": 3231.894548, "delta": 5.715298}}
{"target": 0.2963650413350564, "params": {"T1": 0.07896718593870236, "T3": 0.0804207962427784, "T5": 0.1194812630186389, "U1": 12.432755470591935, "U5": 12.04583462767059}, "datetime": {"datetime": "2021-03-05 14:00:12", "elapsed": 3236.360586, "delta": 4.466038}}
{"target": 0.3646604400520931, "params": {"T1": 0.05763987657500123, "T3": 0.13679450259548637, "T5": 0.1497168246419151, "U1": 16.761565745764116, "U5": 19.642639700297202}, "datetime": {"datetime": "2021-03-05 14:00:16", "elapsed": 3240.71228, "delta": 4.351694}}
{"target": 0.2826278696291885, "params": {"T1": 0.10235073471456435, "T3": 0.13797140410941522, "T5": 0.07716801304696191, "U1": 16.288686353151775, "U5": 16.28641401616454}, "datetime": {"datetime": "2021-03-05 14:00:21", "elapsed": 3245.919905, "delta": 5.207625}}
{"target": 0.4878232553751371, "params": {"T1": 0.06481222338295133, "T3": 0.11037502775270006, "T5": 0.08243542887598293, "U1": 13.90910211823605, "U5": 14.705984653341197}, "datetime": {"datetime": "2021-03-05 14:00:27", "elapsed": 3251.414445, "delta": 5.49454}}
{"target": 0.18386022670928245, "params": {"T1": 0.05593921605938584, "T3": 0.05255255321323526, "T5": 0.09676547191683775, "U1": 17.126663123886654, "U5": 15.08976318994411}, "datetime": {"datetime": "2021-03-05 14:00:31", "elapsed": 3255.665113, "delta": 4.250668}}
{"target": 0.6204641452976354, "params": {"T1": 0.09227275860774739, "T3": 0.1497247901726309, "T5": 0.13034978605585273, "U1": 15.34309541633654, "U5": 15.528618574364698}, "datetime": {"datetime": "2021-03-05 14:00:41", "elapsed": 3266.069286, "delta": 10.404173}}
{"target": 0.16499584916433507, "params": {"T1": 0.10366926203752472, "T3": 0.1257884910607806, "T5": 0.12394789220442887, "U1": 18.763204407323524, "U5": 16.398464342151822}, "datetime": {"datetime": "2021-03-05 14:00:46", "elapsed": 3270.742988, "delta": 4.673702}}
{"target": 0.3241006773395199, "params": {"T1": 0.12681617473378298, "T3": 0.09729245071383628, "T5": 0.13838820053119377, "U1": 18.45702007701786, "U5": 19.1232755463663}, "datetime": {"datetime": "2021-03-05 14:00:51", "elapsed": 3276.157888, "delta": 5.4149}}
{"target": 0.28143364831208484, "params": {"T1": 0.14432671545451664, "T3": 0.06381818699072458, "T5": 0.07177690034909996, "U1": 13.863426869169674, "U5": 13.066083311036284}, "datetime": {"datetime": "2021-03-05 14:00:56", "elapsed": 3280.719078, "delta": 4.56119}}
{"target": 0.13531120635104552, "params": {"T1": 0.12754816752916914, "T3": 0.11072082156618321, "T5": 0.10920242589727794, "U1": 17.124500232423976, "U5": 18.019744327761188}, "datetime": {"datetime": "2021-03-05 14:01:01", "elapsed": 3285.487458, "delta": 4.76838}}
{"target": 0.6253051703050794, "params": {"T1": 0.06656995844821247, "T3": 0.14499954133010454, "T5": 0.08955732003338249, "U1": 17.07412512814052, "U5": 15.794070075719947}, "datetime": {"datetime": "2021-03-05 14:01:06", "elapsed": 3290.67341, "delta": 5.185952}}
{"target": 0.24552188033546954, "params": {"T1": 0.117201281921703, "T3": 0.06175112934015395, "T5": 0.14753116729269056, "U1": 13.661757609599242, "U5": 19.316950920482462}, "datetime": {"datetime": "2021-03-05 14:01:11", "elapsed": 3295.804, "delta": 5.13059}}
{"target": 0.1845821557218727, "params": {"T1": 0.09449027735316243, "T3": 0.10362205461052587, "T5": 0.06878958461185276, "U1": 19.217615598396822, "U5": 14.022716264316745}, "datetime": {"datetime": "2021-03-05 14:01:16", "elapsed": 3300.892539, "delta": 5.088539}}
{"target": 0.5578032541489587, "params": {"T1": 0.07452687512458823, "T3": 0.112526806531775, "T5": 0.08714202928407809, "U1": 19.105313124425777, "U5": 15.512344495201638}, "datetime": {"datetime": "2021-03-05 14:01:22", "elapsed": 3306.421337, "delta": 5.528798}}
{"target": 0.2848562676771411, "params": {"T1": 0.09545709018354792, "T3": 0.11533274708747523, "T5": 0.1255467789937441, "U1": 14.53802460429676, "U5": 14.506852659844885}, "datetime": {"datetime": "2021-03-05 14:01:27", "elapsed": 3311.557435, "delta": 5.136098}}
{"target": 0.2051827609230066, "params": {"T1": 0.11420941142313878, "T3": 0.07999711137543093, "T5": 0.12478526251386926, "U1": 19.46615352171682, "U5": 12.748175377286817}, "datetime": {"datetime": "2021-03-05 14:01:32", "elapsed": 3316.930711, "delta": 5.373276}}
{"target": 0.2665348408057526, "params": {"T1": 0.09820561738891093, "T3": 0.1427218560021184, "T5": 0.11942369138509683, "U1": 16.319539509869884, "U5": 16.013279138392107}, "datetime": {"datetime": "2021-03-05 14:01:41", "elapsed": 3325.189571, "delta": 8.25886}}
{"target": 0.14850027637577007, "params": {"T1": 0.13260495104452572, "T3": 0.07314405720327868, "T5": 0.08523077180626654, "U1": 17.368750226874344, "U5": 14.839085172100354}, "datetime": {"datetime": "2021-03-05 14:01:46", "elapsed": 3330.262729, "delta": 5.073158}}
{"target": 0.35347543328910364, "params": {"T1": 0.11687660199539444, "T3": 0.14443372848929592, "T5": 0.12484403700138479, "U1": 12.679401492288152, "U5": 16.382442688575487}, "datetime": {"datetime": "2021-03-05 14:01:50", "elapsed": 3334.815397, "delta": 4.552668}}
{"target": 0.29311259267865764, "params": {"T1": 0.12837405438155353, "T3": 0.07645285725737015, "T5": 0.13445340856702115, "U1": 12.325206419161056, "U5": 19.35911810211794}, "datetime": {"datetime": "2021-03-05 14:01:58", "elapsed": 3342.391062, "delta": 7.575665}}
{"target": 0.20862655615178435, "params": {"T1": 0.12420270189421377, "T3": 0.1040186452909345, "T5": 0.11205532276624272, "U1": 16.15442260462558, "U5": 14.821989120909654}, "datetime": {"datetime": "2021-03-05 14:02:03", "elapsed": 3347.202226, "delta": 4.811164}}
{"target": 0.15783765646939757, "params": {"T1": 0.10492406114398942, "T3": 0.08892397913368523, "T5": 0.1071582095140988, "U1": 18.366482580346243, "U5": 15.774916246699279}, "datetime": {"datetime": "2021-03-05 14:02:08", "elapsed": 3352.275891, "delta": 5.073665}}
{"target": 0.18848475037061832, "params": {"T1": 0.13029658549123407, "T3": 0.1499642583952392, "T5": 0.0781682094907146, "U1": 14.68195294529048, "U5": 17.47987143910025}, "datetime": {"datetime": "2021-03-05 14:02:16", "elapsed": 3360.760435, "delta": 8.484544}}
{"target": 0.29033051771045976, "params": {"T1": 0.12042416519758263, "T3": 0.1408820305857117, "T5": 0.14122253223869652, "U1": 12.752313425495432, "U5": 19.0643308026608}, "datetime": {"datetime": "2021-03-05 14:02:21", "elapsed": 3366.148216, "delta": 5.387781}}
{"target": 0.6072913582481096, "params": {"T1": 0.07445677623079161, "T3": 0.08272667710950904, "T5": 0.1017125939079438, "U1": 13.10988213094843, "U5": 15.827181726808881}, "datetime": {"datetime": "2021-03-05 14:02:32", "elapsed": 3376.582, "delta": 10.433784}}
{"target": 0.21767550055444404, "params": {"T1": 0.08203869239414116, "T3": 0.14263796596571265, "T5": 0.10484125770723068, "U1": 12.448087659010426, "U5": 18.191214967986316}, "datetime": {"datetime": "2021-03-05 14:02:37", "elapsed": 3381.815902, "delta": 5.233902}}
{"target": 0.24329274012695065, "params": {"T1": 0.14356513653283948, "T3": 0.11372395304662455, "T5": 0.14195145629044237, "U1": 14.630072844238098, "U5": 14.834181429956669}, "datetime": {"datetime": "2021-03-05 14:02:48", "elapsed": 3392.386474, "delta": 10.570572}}
{"target": 0.22867710158068588, "params": {"T1": 0.1367613951950522, "T3": 0.07406641233473917, "T5": 0.10502567234516547, "U1": 14.904901408644553, "U5": 16.85480843844896}, "datetime": {"datetime": "2021-03-05 14:02:52", "elapsed": 3397.127078, "delta": 4.740604}}
{"target": 0.2349280242429783, "params": {"T1": 0.12990181331344672, "T3": 0.1314969381515365, "T5": 0.14321500169894846, "U1": 12.308127540073404, "U5": 13.25807449914527}, "datetime": {"datetime": "2021-03-05 14:02:57", "elapsed": 3402.09547, "delta": 4.968392}}
{"target": 0.22396107187997139, "params": {"T1": 0.08670722759977526, "T3": 0.08487583743521933, "T5": 0.10576285932306112, "U1": 16.69225035077953, "U5": 12.801890553297486}, "datetime": {"datetime": "2021-03-05 14:03:02", "elapsed": 3407.076831, "delta": 4.981361}}
{"target": 0.15834820555421394, "params": {"T1": 0.14355333946298032, "T3": 0.14046603712145522, "T5": 0.13890397737984567, "U1": 19.26306971846503, "U5": 16.37208234795872}, "datetime": {"datetime": "2021-03-05 14:03:07", "elapsed": 3412.067265, "delta": 4.990434}}
{"target": 0.14590554938422848, "params": {"T1": 0.12683635512392233, "T3": 0.10769821747107225, "T5": 0.14867392735266202, "U1": 15.749431130965316, "U5": 13.8442765470253}, "datetime": {"datetime": "2021-03-05 14:03:12", "elapsed": 3416.562505, "delta": 4.49524}}
{"target": 1.260647164910851, "params": {"T1": 0.10819688720267749, "T3": 0.1358635097338573, "T5": 0.05436030307235456, "U1": 18.26247011172879, "U5": 17.424087248286185}, "datetime": {"datetime": "2021-03-05 14:03:17", "elapsed": 3421.615296, "delta": 5.052791}}
{"target": 0.15394366919808658, "params": {"T1": 0.13270471499798936, "T3": 0.14176562471333062, "T5": 0.07376467771984811, "U1": 12.623606306545032, "U5": 18.448942237465438}, "datetime": {"datetime": "2021-03-05 14:03:21", "elapsed": 3426.152282, "delta": 4.536986}}
{"target": 0.3526690935430652, "params": {"T1": 0.0848137360573335, "T3": 0.13470549520430083, "T5": 0.06636361200860427, "U1": 19.552396094212153, "U5": 19.519172362705064}, "datetime": {"datetime": "2021-03-05 14:03:27", "elapsed": 3431.814599, "delta": 5.662317}}
{"target": 0.2145444815769578, "params": {"T1": 0.12205579207692407, "T3": 0.08296716327983013, "T5": 0.1373108409364669, "U1": 12.021785546052023, "U5": 13.635420940452441}, "datetime": {"datetime": "2021-03-05 14:03:33", "elapsed": 3437.361741, "delta": 5.547142}}
{"target": 0.26190513598880294, "params": {"T1": 0.05457233924277188, "T3": 0.14072785371115526, "T5": 0.14605217536139783, "U1": 19.117144701045483, "U5": 18.173590383199787}, "datetime": {"datetime": "2021-03-05 14:03:40", "elapsed": 3444.932867, "delta": 7.571126}}
{"target": 0.4936178252974738, "params": {"T1": 0.06303452528494989, "T3": 0.10297126113337382, "T5": 0.07554905017279387, "U1": 13.872764142120538, "U5": 17.03891320982904}, "datetime": {"datetime": "2021-03-05 14:03:48", "elapsed": 3452.944532, "delta": 8.011665}}
{"target": 0.24450742503391754, "params": {"T1": 0.08366086864048494, "T3": 0.08099308221098202, "T5": 0.1093567839246461, "U1": 12.616008134920868, "U5": 19.354114565470525}, "datetime": {"datetime": "2021-03-05 14:03:53", "elapsed": 3458.120523, "delta": 5.175991}}
{"target": 0.21531613611631953, "params": {"T1": 0.10808882041302503, "T3": 0.06922137065771952, "T5": 0.10785489654404659, "U1": 13.229217034276573, "U5": 14.575761536262197}, "datetime": {"datetime": "2021-03-05 14:04:05", "elapsed": 3469.897196, "delta": 11.776673}}
{"target": 0.35522869755654035, "params": {"T1": 0.05845351860032956, "T3": 0.12073114013000438, "T5": 0.05344824751150247, "U1": 12.06992131856504, "U5": 16.292507438656465}, "datetime": {"datetime": "2021-03-05 14:04:10", "elapsed": 3475.049548, "delta": 5.152352}}
{"target": 0.18677243550930347, "params": {"T1": 0.12226038629507563, "T3": 0.06555153594919809, "T5": 0.0800958976142633, "U1": 12.400896790702788, "U5": 15.752070769964421}, "datetime": {"datetime": "2021-03-05 14:04:16", "elapsed": 3480.962972, "delta": 5.913424}}
{"target": 0.3037966409962701, "params": {"T1": 0.06492477702747426, "T3": 0.09651687265843903, "T5": 0.11838474944863343, "U1": 15.512726828856593, "U5": 14.524632394266359}, "datetime": {"datetime": "2021-03-05 14:04:22", "elapsed": 3486.300691, "delta": 5.337719}}
{"target": 0.1576979896872088, "params": {"T1": 0.13285887631483345, "T3": 0.06611875301288378, "T5": 0.06836243771465726, "U1": 13.573558607160642, "U5": 12.53979855438697}, "datetime": {"datetime": "2021-03-05 14:04:27", "elapsed": 3491.817672, "delta": 5.516981}}
{"target": 0.28119699672324083, "params": {"T1": 0.1262708539599233, "T3": 0.1085625834027659, "T5": 0.10168400755709626, "U1": 14.30150463613108, "U5": 12.85777282112268}, "datetime": {"datetime": "2021-03-05 14:04:32", "elapsed": 3496.326543, "delta": 4.508871}}
{"target": 0.21239190632558003, "params": {"T1": 0.14245136339025727, "T3": 0.13100926947908004, "T5": 0.06281461176019706, "U1": 12.297480368098727, "U5": 15.587755998209845}, "datetime": {"datetime": "2021-03-05 14:04:40", "elapsed": 3504.838677, "delta": 8.512134}}
{"target": 0.29385059465213825, "params": {"T1": 0.07740713273382059, "T3": 0.09771464004833233, "T5": 0.14643207074823816, "U1": 18.83681322888672, "U5": 17.65538337107376}, "datetime": {"datetime": "2021-03-05 14:04:45", "elapsed": 3509.771315, "delta": 4.932638}}
{"target": 0.43936077786930156, "params": {"T1": 0.14918339197874997, "T3": 0.13791537197457204, "T5": 0.06452949140200637, "U1": 15.167023350337878, "U5": 19.097200075933227}, "datetime": {"datetime": "2021-03-05 14:04:50", "elapsed": 3515.104872, "delta": 5.333557}}
{"target": 0.17377889230853721, "params": {"T1": 0.13953290265243917, "T3": 0.09828966085279249, "T5": 0.06486695243773707, "U1": 18.892678161430663, "U5": 14.15472651743434}, "datetime": {"datetime": "2021-03-05 14:04:56", "elapsed": 3520.424943, "delta": 5.320071}}
{"target": 0.335798638391612, "params": {"T1": 0.14748414239404997, "T3": 0.09470115078207442, "T5": 0.11143764733003661, "U1": 16.63988900463744, "U5": 15.484550227622936}, "datetime": {"datetime": "2021-03-05 14:05:02", "elapsed": 3526.3095, "delta": 5.884557}}
{"target": 0.29150560419193333, "params": {"T1": 0.12823187108199588, "T3": 0.054075216846843854, "T5": 0.08823368892113352, "U1": 12.209330374915057, "U5": 17.61657320857914}, "datetime": {"datetime": "2021-03-05 14:05:07", "elapsed": 3531.372, "delta": 5.0625}}
{"target": 0.24754545236817546, "params": {"T1": 0.06850296108556239, "T3": 0.1250013451233551, "T5": 0.14021349154525592, "U1": 18.416950310727767, "U5": 17.181472009239382}, "datetime": {"datetime": "2021-03-05 14:05:12", "elapsed": 3536.918874, "delta": 5.546874}}
{"target": 0.4462413937769361, "params": {"T1": 0.07063328018953959, "T3": 0.08265300479322954, "T5": 0.11245235481911073, "U1": 12.851005968506989, "U5": 18.08798930703168}, "datetime": {"datetime": "2021-03-05 14:05:17", "elapsed": 3542.02874, "delta": 5.109866}}
{"target": 0.18655123768036386, "params": {"T1": 0.11193348995652717, "T3": 0.05866729858809146, "T5": 0.10510662965075095, "U1": 16.00977756575248, "U5": 18.99543206657875}, "datetime": {"datetime": "2021-03-05 14:05:23", "elapsed": 3547.301944, "delta": 5.273204}}
{"target": 0.12531009383475003, "params": {"T1": 0.08359884806046772, "T3": 0.06555845725026034, "T5": 0.1351112554334397, "U1": 18.537940916513442, "U5": 18.108896035653288}, "datetime": {"datetime": "2021-03-05 14:05:27", "elapsed": 3551.969616, "delta": 4.667672}}
{"target": 0.256022571923065, "params": {"T1": 0.09490717129468987, "T3": 0.11373756414103488, "T5": 0.07301154043824495, "U1": 14.099072903789413, "U5": 12.629562039836298}, "datetime": {"datetime": "2021-03-05 14:05:34", "elapsed": 3558.451857, "delta": 6.482241}}
{"target": 0.231980575728419, "params": {"T1": 0.05077941210961702, "T3": 0.10932671936190538, "T5": 0.06966731372416204, "U1": 19.40930855938891, "U5": 17.341937149491063}, "datetime": {"datetime": "2021-03-05 14:05:39", "elapsed": 3564.016183, "delta": 5.564326}}
{"target": 0.19641062098101367, "params": {"T1": 0.13295056751393391, "T3": 0.13201858629443625, "T5": 0.07591038477753596, "U1": 19.817314889925388, "U5": 16.556017359313543}, "datetime": {"datetime": "2021-03-05 14:05:44", "elapsed": 3569.141796, "delta": 5.125613}}
{"target": 0.232935597177913, "params": {"T1": 0.1229405796639207, "T3": 0.10831715950248083, "T5": 0.07052166306863906, "U1": 13.61758854833657, "U5": 18.608909176595777}, "datetime": {"datetime": "2021-03-05 14:05:54", "elapsed": 3578.596548, "delta": 9.454752}}
{"target": 0.2979061463372892, "params": {"T1": 0.08080703445570699, "T3": 0.13853544158378006, "T5": 0.07895876675377288, "U1": 17.992780830090968, "U5": 14.54457953879053}, "datetime": {"datetime": "2021-03-05 14:05:59", "elapsed": 3583.931542, "delta": 5.334994}}
{"target": 0.2521909064149277, "params": {"T1": 0.1019548045335191, "T3": 0.08632001257953534, "T5": 0.05777188076363607, "U1": 17.89912422343241, "U5": 15.012689924913229}, "datetime": {"datetime": "2021-03-05 14:06:07", "elapsed": 3591.198034, "delta": 7.266492}}
