{"target": 0.1282460390508436, "params": {"T1": 0.1099148133672937, "T3": 0.07345699337078107, "T5": 0.1453009524520571, "U1": 14.99613366469243, "U5": 15.761752448062232}, "datetime": {"datetime": "2021-03-04 16:26:41", "elapsed": 1434.600293, "delta": 7.613786}}
{"target": 0.16656005907484223, "params": {"T1": 0.1173626980023281, "T3": 0.06592355589021368, "T5": 0.09566132068928965, "U1": 13.197543010465402, "U5": 14.293955193907756}, "datetime": {"datetime": "2021-03-04 16:26:45", "elapsed": 1438.649755, "delta": 4.049462}}
{"target": 0.18744535532257892, "params": {"T1": 0.106663594608706, "T3": 0.06842443126237371, "T5": 0.06585247126022767, "U1": 15.58890673645411, "U5": 19.4842845067889}, "datetime": {"datetime": "2021-03-04 16:26:49", "elapsed": 1442.426708, "delta": 3.776953}}
{"target": 0.29480811838912996, "params": {"T1": 0.10751834090933227, "T3": 0.09004754995668843, "T5": 0.0588221489095512, "U1": 16.89218156499655, "U5": 17.490180242865332}, "datetime": {"datetime": "2021-03-04 16:26:53", "elapsed": 1447.152555, "delta": 4.725847}}
{"target": 0.16638076551864636, "params": {"T1": 0.050617730366890296, "T3": 0.1146437165095149, "T5": 0.07800658055326368, "U1": 14.607730311518825, "U5": 16.023563462560368}, "datetime": {"datetime": "2021-03-04 16:26:56", "elapsed": 1449.838455, "delta": 2.6859}}
{"target": 0.20654550942489824, "params": {"T1": 0.13712389093785493, "T3": 0.1452862459170623, "T5": 0.13323169849846528, "U1": 12.35051438444714, "U5": 12.967337112901635}, "datetime": {"datetime": "2021-03-04 16:26:59", "elapsed": 1452.343598, "delta": 2.505143}}
{"target": 0.38329592757553294, "params": {"T1": 0.06929977835960068, "T3": 0.10254875736263966, "T5": 0.08168622863214718, "U1": 14.822676145593949, "U5": 18.442945558689885}, "datetime": {"datetime": "2021-03-04 16:27:01", "elapsed": 1454.831896, "delta": 2.488298}}
{"target": 0.17461460324982445, "params": {"T1": 0.14815626365916082, "T3": 0.13786593189237248, "T5": 0.09765720907463127, "U1": 18.439206475170835, "U5": 16.408242469444208}, "datetime": {"datetime": "2021-03-04 16:27:04", "elapsed": 1457.88593, "delta": 3.054034}}
{"target": 0.19855287055452928, "params": {"T1": 0.05753961670557731, "T3": 0.07502625593101812, "T5": 0.07272500818606925, "U1": 19.954884544826122, "U5": 16.844289433913733}, "datetime": {"datetime": "2021-03-04 16:27:07", "elapsed": 1460.320732, "delta": 2.434802}}
{"target": 0.16630754971773298, "params": {"T1": 0.11255249407632387, "T3": 0.1357960216705639, "T5": 0.06487668143281557, "U1": 16.291305501979824, "U5": 17.350588918299827}, "datetime": {"datetime": "2021-03-04 16:27:12", "elapsed": 1465.949521, "delta": 5.628789}}
{"target": 0.17020990297504923, "params": {"T1": 0.06320050050799952, "T3": 0.13091295437099312, "T5": 0.10230236626500641, "U1": 15.562670472935807, "U5": 12.138261566655963}, "datetime": {"datetime": "2021-03-04 16:27:16", "elapsed": 1469.646789, "delta": 3.697268}}
{"target": 0.19001735991051208, "params": {"T1": 0.0850177749261978, "T3": 0.13698194537203512, "T5": 0.06124283481726892, "U1": 12.295552003346, "U5": 12.505270513173167}, "datetime": {"datetime": "2021-03-04 16:27:23", "elapsed": 1476.72932, "delta": 7.082531}}
{"target": 0.274364973263954, "params": {"T1": 0.07434978248043886, "T3": 0.1151699263405191, "T5": 0.09318966975730827, "U1": 12.962485287908084, "U5": 15.882008928116832}, "datetime": {"datetime": "2021-03-04 16:27:28", "elapsed": 1481.451298, "delta": 4.721978}}
{"target": 0.24343322731135578, "params": {"T1": 0.08965539708958506, "T3": 0.09812701005718649, "T5": 0.129085303728319, "U1": 12.453755005931125, "U5": 19.668053522825144}, "datetime": {"datetime": "2021-03-04 16:27:31", "elapsed": 1484.244226, "delta": 2.792928}}
{"target": 0.26184928804178154, "params": {"T1": 0.09375377572065635, "T3": 0.0786081126263157, "T5": 0.10613661736859226, "U1": 16.17442383366835, "U5": 18.039560426006407}, "datetime": {"datetime": "2021-03-04 16:27:36", "elapsed": 1489.535898, "delta": 5.291672}}
{"target": 0.2767786923562058, "params": {"T1": 0.1221849047995868, "T3": 0.10898457667110506, "T5": 0.11083405954125419, "U1": 16.17179355641968, "U5": 18.033326561827934}, "datetime": {"datetime": "2021-03-04 16:27:42", "elapsed": 1495.353492, "delta": 5.817594}}
{"target": 0.2083831147683359, "params": {"T1": 0.08314089605564164, "T3": 0.07006800190545501, "T5": 0.06704061768459692, "U1": 19.27250519690116, "U5": 19.6833763069174}, "datetime": {"datetime": "2021-03-04 16:27:45", "elapsed": 1498.791183, "delta": 3.437691}}
{"target": 0.2748174500296153, "params": {"T1": 0.10090722565929786, "T3": 0.10540390614917006, "T5": 0.0649379856328526, "U1": 13.102248724746037, "U5": 19.50551267505408}, "datetime": {"datetime": "2021-03-04 16:27:49", "elapsed": 1503.072621, "delta": 4.281438}}
{"target": 0.24522646865480185, "params": {"T1": 0.11877379582814744, "T3": 0.10954910501838894, "T5": 0.12642741205865832, "U1": 19.130644757188964, "U5": 17.062890110097968}, "datetime": {"datetime": "2021-03-04 16:27:53", "elapsed": 1506.852712, "delta": 3.780091}}
{"target": 0.5615501556020338, "params": {"T1": 0.09450859588144926, "T3": 0.07418460023295455, "T5": 0.10348868790179014, "U1": 13.287748535408856, "U5": 12.673575717836087}, "datetime": {"datetime": "2021-03-04 16:27:56", "elapsed": 1509.502197, "delta": 2.649485}}
{"target": 0.23343572681394695, "params": {"T1": 0.09256722846038672, "T3": 0.09261574438971573, "T5": 0.08180457314029595, "U1": 16.99165717993572, "U5": 19.263468234004584}, "datetime": {"datetime": "2021-03-04 16:27:58", "elapsed": 1511.697927, "delta": 2.19573}}
{"target": 0.4239089940246228, "params": {"T1": 0.10922492119239541, "T3": 0.119595989887227, "T5": 0.12405764290033276, "U1": 19.298188602466848, "U5": 14.235919847869386}, "datetime": {"datetime": "2021-03-04 16:28:02", "elapsed": 1515.337673, "delta": 3.639746}}
{"target": 0.2011255151480128, "params": {"T1": 0.10474178608353706, "T3": 0.09400927292850475, "T5": 0.05034349608949815, "U1": 19.2508743834792, "U5": 17.492435989444502}, "datetime": {"datetime": "2021-03-04 16:28:06", "elapsed": 1519.552012, "delta": 4.214339}}
{"target": 0.12479073104121895, "params": {"T1": 0.10886401412942659, "T3": 0.0928691783318242, "T5": 0.12657077794852054, "U1": 17.003816436987282, "U5": 17.000937681293912}, "datetime": {"datetime": "2021-03-04 16:28:11", "elapsed": 1524.549765, "delta": 4.997753}}
{"target": 0.1525847397995495, "params": {"T1": 0.05303234251232286, "T3": 0.08081638890475824, "T5": 0.05092326439680164, "U1": 14.987021987432374, "U5": 13.379699651347917}, "datetime": {"datetime": "2021-03-04 16:28:14", "elapsed": 1527.254878, "delta": 2.705113}}
{"target": 0.21234399774184648, "params": {"T1": 0.1214013151519581, "T3": 0.05676903088139606, "T5": 0.0763341580386678, "U1": 12.678916190123964, "U5": 17.440612686305997}, "datetime": {"datetime": "2021-03-04 16:28:16", "elapsed": 1529.819862, "delta": 2.564984}}
{"target": 0.20666501826707886, "params": {"T1": 0.057584428812756085, "T3": 0.11327868018690776, "T5": 0.05814737678646044, "U1": 19.823046696079288, "U5": 19.138367614853404}, "datetime": {"datetime": "2021-03-04 16:28:22", "elapsed": 1535.390359, "delta": 5.570497}}
{"target": 0.27607850932911554, "params": {"T1": 0.06738691264648519, "T3": 0.12102689631080583, "T5": 0.08008686725664974, "U1": 16.9856899480572, "U5": 12.471975655076129}, "datetime": {"datetime": "2021-03-04 16:28:26", "elapsed": 1540.11116, "delta": 4.720801}}
{"target": 1.5776632583726344, "params": {"T1": 0.0963130036564409, "T3": 0.12099378836285485, "T5": 0.09557917588191489, "U1": 18.039406991902837, "U5": 17.64388508206304}, "datetime": {"datetime": "2021-03-04 16:28:30", "elapsed": 1543.601936, "delta": 3.490776}}
{"target": 0.6309884498036511, "params": {"T1": 0.06838069711912695, "T3": 0.075428687853961, "T5": 0.11886907651491796, "U1": 19.826152969003317, "U5": 12.314247968882636}, "datetime": {"datetime": "2021-03-04 16:28:33", "elapsed": 1547.178255, "delta": 3.576319}}
{"target": 0.3044883364890356, "params": {"T1": 0.10102478939782615, "T3": 0.10736673582219756, "T5": 0.13342599589679488, "U1": 17.793061663283915, "U5": 14.942258238768101}, "datetime": {"datetime": "2021-03-04 16:28:36", "elapsed": 1550.071448, "delta": 2.893193}}
{"target": 0.1986541038846521, "params": {"T1": 0.11499287575496094, "T3": 0.06077238382963105, "T5": 0.06374877569055469, "U1": 19.945259128249816, "U5": 19.14234841197775}, "datetime": {"datetime": "2021-03-04 16:28:41", "elapsed": 1554.50825, "delta": 4.436802}}
{"target": 0.30610857381077616, "params": {"T1": 0.11167140027685066, "T3": 0.05025724258842978, "T5": 0.11238423458202698, "U1": 15.376160672915091, "U5": 14.056332074009301}, "datetime": {"datetime": "2021-03-04 16:28:44", "elapsed": 1558.206893, "delta": 3.698643}}
{"target": 0.4356268306260478, "params": {"T1": 0.1388034223313513, "T3": 0.1111952285780187, "T5": 0.06501574324678086, "U1": 14.772065287503219, "U5": 13.418591891004883}, "datetime": {"datetime": "2021-03-04 16:28:47", "elapsed": 1560.714142, "delta": 2.507249}}
{"target": 0.3908149883235743, "params": {"T1": 0.07596750622213673, "T3": 0.11836259672715946, "T5": 0.07571894716012854, "U1": 19.33843730255684, "U5": 15.006440219953106}, "datetime": {"datetime": "2021-03-04 16:28:51", "elapsed": 1565.03208, "delta": 4.317938}}
{"target": 0.4513855066281029, "params": {"T1": 0.12123404318413893, "T3": 0.11708463519134522, "T5": 0.12373273716740914, "U1": 17.67896501950785, "U5": 13.638061491642095}, "datetime": {"datetime": "2021-03-04 16:28:55", "elapsed": 1568.492373, "delta": 3.460293}}
{"target": 0.18032984119983866, "params": {"T1": 0.07302614644744386, "T3": 0.12476342985040348, "T5": 0.08228744515673805, "U1": 17.0156213459128, "U5": 12.448302454483947}, "datetime": {"datetime": "2021-03-04 16:29:01", "elapsed": 1575.099808, "delta": 6.607435}}
{"target": 0.14088733212403842, "params": {"T1": 0.08344148562060041, "T3": 0.10124345838247062, "T5": 0.06368558605806889, "U1": 12.393789384284375, "U5": 12.313799705237265}, "datetime": {"datetime": "2021-03-04 16:29:04", "elapsed": 1577.992016, "delta": 2.892208}}
{"target": 0.1534395993346231, "params": {"T1": 0.06284527269465572, "T3": 0.1468634399982282, "T5": 0.12853098510490277, "U1": 15.246978145681368, "U5": 14.276154808788185}, "datetime": {"datetime": "2021-03-04 16:29:08", "elapsed": 1581.449473, "delta": 3.457457}}
{"target": 0.30299864359225476, "params": {"T1": 0.05659666276665857, "T3": 0.07831916705446355, "T5": 0.09142295027336436, "U1": 13.251219938279363, "U5": 15.34098606306313}, "datetime": {"datetime": "2021-03-04 16:29:10", "elapsed": 1584.187987, "delta": 2.738514}}
{"target": 0.3962943699533647, "params": {"T1": 0.08628409965214437, "T3": 0.11028214215302426, "T5": 0.12939548975866352, "U1": 18.26063155503938, "U5": 14.615993100308973}, "datetime": {"datetime": "2021-03-04 16:29:13", "elapsed": 1586.601239, "delta": 2.413252}}
{"target": 0.2826178196509133, "params": {"T1": 0.0815818148800189, "T3": 0.13032010835253666, "T5": 0.12991431665475062, "U1": 18.072685163300036, "U5": 19.69528074651492}, "datetime": {"datetime": "2021-03-04 16:29:17", "elapsed": 1590.608837, "delta": 4.007598}}
{"target": 0.28279532298650034, "params": {"T1": 0.10571238732294762, "T3": 0.10342368457384502, "T5": 0.13589099253132822, "U1": 14.13733390279771, "U5": 15.962421277477247}, "datetime": {"datetime": "2021-03-04 16:29:19", "elapsed": 1592.923665, "delta": 2.314828}}
{"target": 0.277291690150132, "params": {"T1": 0.1317990268877643, "T3": 0.06121763094005716, "T5": 0.11891348323403848, "U1": 12.817092120722155, "U5": 17.001652650197226}, "datetime": {"datetime": "2021-03-04 16:29:24", "elapsed": 1597.96321, "delta": 5.039545}}
{"target": 0.21095351484742017, "params": {"T1": 0.0782724691536017, "T3": 0.11852553027522447, "T5": 0.14201455363596371, "U1": 14.023764291412707, "U5": 14.26636403423235}, "datetime": {"datetime": "2021-03-04 16:29:28", "elapsed": 1601.439388, "delta": 3.476178}}
{"target": 0.2730576011565531, "params": {"T1": 0.08964976819613692, "T3": 0.08803012437211744, "T5": 0.09679247667332819, "U1": 18.973490888160377, "U5": 13.656029231220739}, "datetime": {"datetime": "2021-03-04 16:29:32", "elapsed": 1605.933585, "delta": 4.494197}}
{"target": 0.20150853334169974, "params": {"T1": 0.1433355210099172, "T3": 0.06717469569373757, "T5": 0.06133997254264504, "U1": 18.577937501316917, "U5": 16.745523045328106}, "datetime": {"datetime": "2021-03-04 16:29:37", "elapsed": 1610.573536, "delta": 4.639951}}
{"target": 0.19332398687331084, "params": {"T1": 0.057597704390285526, "T3": 0.14960518394990976, "T5": 0.14593557192122675, "U1": 15.067271797269855, "U5": 15.66195884368189}, "datetime": {"datetime": "2021-03-04 16:29:40", "elapsed": 1613.843072, "delta": 3.269536}}
{"target": 0.16771320979956686, "params": {"T1": 0.1177342858599685, "T3": 0.08455819535414184, "T5": 0.1158788851191369, "U1": 14.580013521705627, "U5": 16.650627006506227}, "datetime": {"datetime": "2021-03-04 16:29:43", "elapsed": 1616.246213, "delta": 2.403141}}
{"target": 0.29859099899176145, "params": {"T1": 0.13241459150885115, "T3": 0.05226528738688599, "T5": 0.12947021216346957, "U1": 17.97611342953671, "U5": 16.54662836872894}, "datetime": {"datetime": "2021-03-04 16:29:47", "elapsed": 1621.089886, "delta": 4.843673}}
{"target": 0.43629766434506134, "params": {"T1": 0.07306833765967947, "T3": 0.12350997422334316, "T5": 0.0786349634242404, "U1": 14.690095808140072, "U5": 17.097803567808395}, "datetime": {"datetime": "2021-03-04 16:29:50", "elapsed": 1623.775234, "delta": 2.685348}}
{"target": 0.1257932300178598, "params": {"T1": 0.05446083694031867, "T3": 0.06704269443724299, "T5": 0.10184675225796802, "U1": 18.426058801293667, "U5": 18.912334830277814}, "datetime": {"datetime": "2021-03-04 16:29:53", "elapsed": 1626.522039, "delta": 2.746805}}
{"target": 0.15836070042444267, "params": {"T1": 0.13111037589751168, "T3": 0.1489192816497536, "T5": 0.13339257727219017, "U1": 17.6618274464167, "U5": 12.668747518519305}, "datetime": {"datetime": "2021-03-04 16:29:57", "elapsed": 1630.814019, "delta": 4.29198}}
{"target": 0.1396901670010627, "params": {"T1": 0.08724358850548218, "T3": 0.05402032391115278, "T5": 0.07102109060562178, "U1": 16.644600588202845, "U5": 15.331985512254224}, "datetime": {"datetime": "2021-03-04 16:30:00", "elapsed": 1633.574001, "delta": 2.759982}}
{"target": 0.2625844436656895, "params": {"T1": 0.0870388923616139, "T3": 0.12319155000639398, "T5": 0.07097621458775037, "U1": 18.832509873235246, "U5": 13.801235280890157}, "datetime": {"datetime": "2021-03-04 16:30:07", "elapsed": 1641.111876, "delta": 7.537875}}
{"target": 0.2534519333559962, "params": {"T1": 0.13106841939908606, "T3": 0.0995020825061717, "T5": 0.14540999712407393, "U1": 18.370119757876395, "U5": 14.986992539202642}, "datetime": {"datetime": "2021-03-04 16:30:13", "elapsed": 1646.517831, "delta": 5.405955}}
{"target": 1.5314262372061438, "params": {"T1": 0.11991861743949991, "T3": 0.14698640929881956, "T5": 0.07291957821256803, "U1": 18.817019845030934, "U5": 17.782137265126178}, "datetime": {"datetime": "2021-03-04 16:30:15", "elapsed": 1649.102153, "delta": 2.584322}}
{"target": 0.14539150901665399, "params": {"T1": 0.14309502490685866, "T3": 0.1202092180490738, "T5": 0.08071039659493001, "U1": 17.466685769059232, "U5": 18.166730299769227}, "datetime": {"datetime": "2021-03-04 16:30:20", "elapsed": 1653.272988, "delta": 4.170835}}
{"target": 0.23350511263158613, "params": {"T1": 0.08812767494797018, "T3": 0.12262512529253028, "T5": 0.08304181135595172, "U1": 17.082171510965328, "U5": 16.172040021542447}, "datetime": {"datetime": "2021-03-04 16:30:22", "elapsed": 1656.004241, "delta": 2.731253}}
{"target": 0.14220338638032248, "params": {"T1": 0.06390623026224579, "T3": 0.07193474890136763, "T5": 0.06787170942284493, "U1": 16.528299381287624, "U5": 17.331151287308693}, "datetime": {"datetime": "2021-03-04 16:30:25", "elapsed": 1658.438015, "delta": 2.433774}}
{"target": 0.14396693884281656, "params": {"T1": 0.05104855388740707, "T3": 0.10987597195214564, "T5": 0.13109430572163164, "U1": 16.326757113426698, "U5": 18.26905092391133}, "datetime": {"datetime": "2021-03-04 16:30:27", "elapsed": 1660.758144, "delta": 2.320129}}
{"target": 0.1481071665572889, "params": {"T1": 0.10273691176858982, "T3": 0.07701795626577222, "T5": 0.11998590785540948, "U1": 16.315579914205802, "U5": 16.088067602636237}, "datetime": {"datetime": "2021-03-04 16:30:31", "elapsed": 1665.033527, "delta": 4.275383}}
{"target": 0.2975279171168646, "params": {"T1": 0.11527874801321232, "T3": 0.09325349441312869, "T5": 0.09858518650893461, "U1": 16.178585211254553, "U5": 18.037224702002113}, "datetime": {"datetime": "2021-03-04 16:30:36", "elapsed": 1669.440987, "delta": 4.40746}}
{"target": 0.724228904396975, "params": {"T1": 0.08375770938347368, "T3": 0.12508356968225115, "T5": 0.06525367120811586, "U1": 19.046865341499664, "U5": 12.946713051092846}, "datetime": {"datetime": "2021-03-04 16:30:41", "elapsed": 1674.665363, "delta": 5.224376}}
{"target": 0.14377497419521673, "params": {"T1": 0.054746494580583484, "T3": 0.07507298546946943, "T5": 0.06793086849651538, "U1": 13.686704208407297, "U5": 19.74254461609243}, "datetime": {"datetime": "2021-03-04 16:30:44", "elapsed": 1677.286391, "delta": 2.621028}}
{"target": 0.5297923119780706, "params": {"T1": 0.06392760272209565, "T3": 0.13920908411830885, "T5": 0.07994888591953526, "U1": 13.65161123461227, "U5": 13.974460566536003}, "datetime": {"datetime": "2021-03-04 16:30:46", "elapsed": 1679.7103, "delta": 2.423909}}
{"target": 0.31220995537497165, "params": {"T1": 0.07942890539296613, "T3": 0.09490832443269695, "T5": 0.11714064777568335, "U1": 14.763323257048231, "U5": 14.190435366536805}, "datetime": {"datetime": "2021-03-04 16:30:49", "elapsed": 1682.548151, "delta": 2.837851}}
{"target": 0.29470467073349016, "params": {"T1": 0.10228561594641916, "T3": 0.08200528875437836, "T5": 0.11737326657185018, "U1": 14.494489014878098, "U5": 14.759122683294656}, "datetime": {"datetime": "2021-03-04 16:30:52", "elapsed": 1685.539427, "delta": 2.991276}}
{"target": 0.2691282561679904, "params": {"T1": 0.059392898901337234, "T3": 0.10518374073695419, "T5": 0.13896184069275203, "U1": 15.593079158253992, "U5": 19.123908235138522}, "datetime": {"datetime": "2021-03-04 16:30:54", "elapsed": 1688.198138, "delta": 2.658711}}
{"target": 0.21183785895470317, "params": {"T1": 0.12140838170787872, "T3": 0.13748818610259414, "T5": 0.07731894509749974, "U1": 18.670551283461158, "U5": 18.41511699681029}, "datetime": {"datetime": "2021-03-04 16:30:57", "elapsed": 1690.792859, "delta": 2.594721}}
{"target": 0.12795736047141046, "params": {"T1": 0.13344910936290405, "T3": 0.060184674349693046, "T5": 0.12003842720259782, "U1": 16.76581940667431, "U5": 19.55101856422979}, "datetime": {"datetime": "2021-03-04 16:31:01", "elapsed": 1694.498002, "delta": 3.705143}}
{"target": 0.12419241558872346, "params": {"T1": 0.1119828601032588, "T3": 0.09202806227416557, "T5": 0.08569792805452357, "U1": 15.171381820828316, "U5": 14.231840211286144}, "datetime": {"datetime": "2021-03-04 16:31:03", "elapsed": 1696.983639, "delta": 2.485637}}
{"target": 0.1975221202702875, "params": {"T1": 0.05552750497813436, "T3": 0.10559210414033285, "T5": 0.10532375368225355, "U1": 13.46101462181192, "U5": 16.74861437088706}, "datetime": {"datetime": "2021-03-04 16:31:06", "elapsed": 1699.594356, "delta": 2.610717}}
{"target": 0.15340785791546324, "params": {"T1": 0.11684676984277316, "T3": 0.06429746234983175, "T5": 0.11839548587529432, "U1": 13.745196458268223, "U5": 14.599239829628775}, "datetime": {"datetime": "2021-03-04 16:31:09", "elapsed": 1702.423288, "delta": 2.828932}}
{"target": 0.23485288425983658, "params": {"T1": 0.10249284263469631, "T3": 0.1468133682810536, "T5": 0.13657868339865897, "U1": 19.411419678868963, "U5": 16.68189793754602}, "datetime": {"datetime": "2021-03-04 16:31:11", "elapsed": 1704.98322, "delta": 2.559932}}
{"target": 0.14479628455058866, "params": {"T1": 0.06136022820630702, "T3": 0.10451025158919174, "T5": 0.10370905938052322, "U1": 17.217138350919026, "U5": 13.651653146627407}, "datetime": {"datetime": "2021-03-04 16:31:14", "elapsed": 1707.958633, "delta": 2.975413}}
{"target": 0.1263451852174816, "params": {"T1": 0.10942071644023954, "T3": 0.11460910431291303, "T5": 0.12003115412463516, "U1": 17.67161714589665, "U5": 13.629729962537228}, "datetime": {"datetime": "2021-03-04 16:31:18", "elapsed": 1711.857253, "delta": 3.89862}}
{"target": 0.16489727108051747, "params": {"T1": 0.09839838119691219, "T3": 0.13052459447886613, "T5": 0.09002897412186833, "U1": 14.60400705260297, "U5": 14.06848028221619}, "datetime": {"datetime": "2021-03-04 16:31:21", "elapsed": 1714.852565, "delta": 2.995312}}
{"target": 0.1526574079371681, "params": {"T1": 0.05490555641696887, "T3": 0.07538453932834865, "T5": 0.06322300924600985, "U1": 19.093510405643816, "U5": 18.86289633806771}, "datetime": {"datetime": "2021-03-04 16:31:24", "elapsed": 1717.736537, "delta": 2.883972}}
{"target": 0.689665842970807, "params": {"T1": 0.07009672958223703, "T3": 0.12330777845860841, "T5": 0.0588404800460362, "U1": 18.690872747000967, "U5": 14.335077855660327}, "datetime": {"datetime": "2021-03-04 16:31:29", "elapsed": 1722.745821, "delta": 5.009284}}
{"target": 0.29247237168699197, "params": {"T1": 0.1409672090261706, "T3": 0.10116419109308933, "T5": 0.05890867661899712, "U1": 19.969793118944676, "U5": 14.514822457383605}, "datetime": {"datetime": "2021-03-04 16:31:34", "elapsed": 1727.234411, "delta": 4.48859}}
{"target": 0.8140576216035492, "params": {"T1": 0.1494711530521612, "T3": 0.06237869883169968, "T5": 0.05674949462551923, "U1": 19.937941198398992, "U5": 17.187854403127275}, "datetime": {"datetime": "2021-03-04 16:31:37", "elapsed": 1730.22548, "delta": 2.991069}}
