{"target": 0.16430341982966393, "params": {"T1": 0.10228561594641916, "T3": 0.08200528875437836, "T5": 0.11737326657185018, "U1": 14.494489014878098, "U5": 14.759122683294656}, "datetime": {"datetime": "2021-03-05 13:38:07", "elapsed": 1911.565801, "delta": 3.716854}}
{"target": 0.1983132092226934, "params": {"T1": 0.059392898901337234, "T3": 0.10518374073695419, "T5": 0.13896184069275203, "U1": 15.593079158253992, "U5": 19.123908235138522}, "datetime": {"datetime": "2021-03-05 13:38:10", "elapsed": 1914.861335, "delta": 3.295534}}
{"target": 0.21432424615791165, "params": {"T1": 0.12140838170787872, "T3": 0.13748818610259414, "T5": 0.07731894509749974, "U1": 18.670551283461158, "U5": 18.41511699681029}, "datetime": {"datetime": "2021-03-05 13:38:14", "elapsed": 1918.339995, "delta": 3.47866}}
{"target": 0.1415101813195248, "params": {"T1": 0.13344910936290405, "T3": 0.060184674349693046, "T5": 0.12003842720259782, "U1": 16.76581940667431, "U5": 19.55101856422979}, "datetime": {"datetime": "2021-03-05 13:38:23", "elapsed": 1927.351438, "delta": 9.011443}}
{"target": 0.1618905271663876, "params": {"T1": 0.1119828601032588, "T3": 0.09202806227416557, "T5": 0.08569792805452357, "U1": 15.171381820828316, "U5": 14.231840211286144}, "datetime": {"datetime": "2021-03-05 13:38:26", "elapsed": 1930.441185, "delta": 3.089747}}
{"target": 0.24374293480891032, "params": {"T1": 0.05552750497813436, "T3": 0.10559210414033285, "T5": 0.10532375368225355, "U1": 13.46101462181192, "U5": 16.74861437088706}, "datetime": {"datetime": "2021-03-05 13:38:29", "elapsed": 1933.649562, "delta": 3.208377}}
{"target": 0.29282738442041906, "params": {"T1": 0.11684676984277316, "T3": 0.06429746234983175, "T5": 0.11839548587529432, "U1": 13.745196458268223, "U5": 14.599239829628775}, "datetime": {"datetime": "2021-03-05 13:38:32", "elapsed": 1936.860763, "delta": 3.211201}}
{"target": 0.1483850984344149, "params": {"T1": 0.10249284263469631, "T3": 0.1468133682810536, "T5": 0.13657868339865897, "U1": 19.411419678868963, "U5": 16.68189793754602}, "datetime": {"datetime": "2021-03-05 13:38:35", "elapsed": 1940.132249, "delta": 3.271486}}
{"target": 0.14932349796166255, "params": {"T1": 0.06136022820630702, "T3": 0.10451025158919174, "T5": 0.10370905938052322, "U1": 17.217138350919026, "U5": 13.651653146627407}, "datetime": {"datetime": "2021-03-05 13:38:39", "elapsed": 1943.728396, "delta": 3.596147}}
{"target": 0.20222446179452067, "params": {"T1": 0.05839798583557824, "T3": 0.07883985571776606, "T5": 0.10029293205850068, "U1": 13.49516077087927, "U5": 15.202722500838465}, "datetime": {"datetime": "2021-03-05 13:38:44", "elapsed": 1948.394799, "delta": 4.666403}}
{"target": 0.17926014127445594, "params": {"T1": 0.09839838119691219, "T3": 0.13052459447886613, "T5": 0.09002897412186833, "U1": 14.60400705260297, "U5": 14.06848028221619}, "datetime": {"datetime": "2021-03-05 13:38:50", "elapsed": 1954.579666, "delta": 6.184867}}
{"target": 0.15365522677375731, "params": {"T1": 0.05490555641696887, "T3": 0.07538453932834865, "T5": 0.06322300924600985, "U1": 19.093510405643816, "U5": 18.86289633806771}, "datetime": {"datetime": "2021-03-05 13:38:53", "elapsed": 1957.925075, "delta": 3.345409}}
{"target": 0.2900302943171448, "params": {"T1": 0.10326469571873603, "T3": 0.09186859795886265, "T5": 0.12875001986306228, "U1": 15.28242995652638, "U5": 16.607292589861558}, "datetime": {"datetime": "2021-03-05 13:38:57", "elapsed": 1961.740824, "delta": 3.815749}}
{"target": 0.36813602962991465, "params": {"T1": 0.09142833253281893, "T3": 0.0812860882087985, "T5": 0.135341905138335, "U1": 13.247029188029668, "U5": 17.613480303451613}, "datetime": {"datetime": "2021-03-05 13:39:00", "elapsed": 1964.911559, "delta": 3.170735}}
{"target": 0.4460141666850912, "params": {"T1": 0.1494711530521612, "T3": 0.06237869883169968, "T5": 0.05674949462551923, "U1": 19.937941198398992, "U5": 17.187854403127275}, "datetime": {"datetime": "2021-03-05 13:39:04", "elapsed": 1968.725323, "delta": 3.813764}}
{"target": 0.257232699917994, "params": {"T1": 0.1223475227435329, "T3": 0.11777060815290762, "T5": 0.05221319217233122, "U1": 14.670167603756727, "U5": 15.302143581314471}, "datetime": {"datetime": "2021-03-05 13:39:07", "elapsed": 1971.615732, "delta": 2.890409}}
{"target": 0.31892928851111335, "params": {"T1": 0.13532783967450399, "T3": 0.13710666049931275, "T5": 0.14910403437124337, "U1": 16.916047786097057, "U5": 17.93378682929728}, "datetime": {"datetime": "2021-03-05 13:39:11", "elapsed": 1975.253364, "delta": 3.637632}}
{"target": 0.22414522838124687, "params": {"T1": 0.11523077462364928, "T3": 0.11892155109364018, "T5": 0.1332165826713183, "U1": 18.512195479015997, "U5": 15.149113645064912}, "datetime": {"datetime": "2021-03-05 13:39:17", "elapsed": 1981.80448, "delta": 6.551116}}
{"target": 0.286347213318476, "params": {"T1": 0.05062752819099817, "T3": 0.050581558897239864, "T5": 0.09147307672034123, "U1": 13.950206687880153, "U5": 14.846369039061013}, "datetime": {"datetime": "2021-03-05 13:39:21", "elapsed": 1985.426883, "delta": 3.622403}}
{"target": 0.48077237377769544, "params": {"T1": 0.06884807059657376, "T3": 0.12617053062493658, "T5": 0.056538519216565046, "U1": 15.025414547726676, "U5": 17.443776358481355}, "datetime": {"datetime": "2021-03-05 13:39:25", "elapsed": 1989.998588, "delta": 4.571705}}
{"target": 0.4629673275085956, "params": {"T1": 0.13904061689597846, "T3": 0.09312775988354596, "T5": 0.10745839031311047, "U1": 14.433745396455402, "U5": 19.740490137432246}, "datetime": {"datetime": "2021-03-05 13:39:29", "elapsed": 1994.093557, "delta": 4.094969}}
{"target": 0.8916314697833464, "params": {"T1": 0.14442618347889116, "T3": 0.12847446730754453, "T5": 0.059148522945179166, "U1": 18.590269181359655, "U5": 15.621521561366471}, "datetime": {"datetime": "2021-03-05 13:39:33", "elapsed": 1997.395073, "delta": 3.301516}}
{"target": 0.13957128578046923, "params": {"T1": 0.14746874131278037, "T3": 0.14366983934102787, "T5": 0.10163294361172617, "U1": 19.733945206924655, "U5": 14.2009237114742}, "datetime": {"datetime": "2021-03-05 13:39:40", "elapsed": 2005.15785, "delta": 7.762777}}
{"target": 0.15356074772034298, "params": {"T1": 0.06057420213511353, "T3": 0.06008657859705705, "T5": 0.12749401291973128, "U1": 19.376323810120578, "U5": 18.384111846441844}, "datetime": {"datetime": "2021-03-05 13:39:44", "elapsed": 2008.338477, "delta": 3.180627}}
{"target": 0.33800630569293033, "params": {"T1": 0.08124883385174655, "T3": 0.13660494578991011, "T5": 0.07248136474192785, "U1": 13.072282170247838, "U5": 12.779851190115178}, "datetime": {"datetime": "2021-03-05 13:39:47", "elapsed": 2012.179073, "delta": 3.840596}}
{"target": 0.31637120037722233, "params": {"T1": 0.07517202988718961, "T3": 0.06172756564522437, "T5": 0.1321802279629485, "U1": 18.99718746937453, "U5": 13.093531246271976}, "datetime": {"datetime": "2021-03-05 13:39:51", "elapsed": 2015.802718, "delta": 3.623645}}
{"target": 0.3519617523673103, "params": {"T1": 0.057314535835722484, "T3": 0.12067837191476824, "T5": 0.09296955971401596, "U1": 15.309416536208971, "U5": 17.693262290391853}, "datetime": {"datetime": "2021-03-05 13:39:58", "elapsed": 2023.039126, "delta": 7.236408}}
{"target": 0.17024448897428668, "params": {"T1": 0.1400840646672321, "T3": 0.11080037532830847, "T5": 0.1241600013010746, "U1": 14.08282357596616, "U5": 13.173707354516603}, "datetime": {"datetime": "2021-03-05 13:40:02", "elapsed": 2026.494831, "delta": 3.455705}}
{"target": 0.6303714812314958, "params": {"T1": 0.09845717225210515, "T3": 0.13927110865471837, "T5": 0.11526126073494083, "U1": 19.609108083295673, "U5": 12.582148081620057}, "datetime": {"datetime": "2021-03-05 13:40:06", "elapsed": 2030.567299, "delta": 4.072468}}
{"target": 0.19445733756904518, "params": {"T1": 0.08259128999754058, "T3": 0.14880307693180034, "T5": 0.1321396805721738, "U1": 12.523357646563802, "U5": 17.590580633738586}, "datetime": {"datetime": "2021-03-05 13:40:09", "elapsed": 2033.795118, "delta": 3.227819}}
{"target": 0.6052220728040048, "params": {"T1": 0.12404463546908141, "T3": 0.1328363717614814, "T5": 0.12034870003587128, "U1": 15.087262286796943, "U5": 13.62162357424522}, "datetime": {"datetime": "2021-03-05 13:40:13", "elapsed": 2038.000525, "delta": 4.205407}}
{"target": 0.29546807554579024, "params": {"T1": 0.077268478082516, "T3": 0.11018992968801117, "T5": 0.126584755400375, "U1": 16.472903747839815, "U5": 15.121079448151352}, "datetime": {"datetime": "2021-03-05 13:40:17", "elapsed": 2041.259676, "delta": 3.259151}}
{"target": 0.19691545990537498, "params": {"T1": 0.10218108805693024, "T3": 0.14693005734266215, "T5": 0.12090110245684911, "U1": 13.725919805027589, "U5": 12.50470500882574}, "datetime": {"datetime": "2021-03-05 13:40:23", "elapsed": 2047.918623, "delta": 6.658947}}
{"target": 0.499970357789664, "params": {"T1": 0.0710351637779211, "T3": 0.10485700549154336, "T5": 0.13925748488935097, "U1": 18.212009652330867, "U5": 17.157590275125948}, "datetime": {"datetime": "2021-03-05 13:40:27", "elapsed": 2051.515141, "delta": 3.596518}}
{"target": 0.23415444290262183, "params": {"T1": 0.12910835806607962, "T3": 0.1296401114723114, "T5": 0.10360734420812132, "U1": 19.60162732763591, "U5": 16.20500578716156}, "datetime": {"datetime": "2021-03-05 13:40:34", "elapsed": 2058.619086, "delta": 7.103945}}
{"target": 0.20657035397558782, "params": {"T1": 0.11756428509474655, "T3": 0.08899321235136537, "T5": 0.10378345131074605, "U1": 16.881157513780437, "U5": 16.376970183203976}, "datetime": {"datetime": "2021-03-05 13:40:37", "elapsed": 2061.79763, "delta": 3.178544}}
{"target": 0.28911441993783216, "params": {"T1": 0.07716339395322377, "T3": 0.06091793130680206, "T5": 0.050874619754028766, "U1": 19.830558476153335, "U5": 12.294897003276057}, "datetime": {"datetime": "2021-03-05 13:40:41", "elapsed": 2065.751102, "delta": 3.953472}}
{"target": 0.30395712972140926, "params": {"T1": 0.0551525862048505, "T3": 0.05321540521905044, "T5": 0.10111520354912894, "U1": 15.625188661903287, "U5": 12.59282966672123}, "datetime": {"datetime": "2021-03-05 13:40:46", "elapsed": 2070.659313, "delta": 4.908211}}
{"target": 0.22602388741592175, "params": {"T1": 0.1368930928420654, "T3": 0.13016947806940485, "T5": 0.13077930729822396, "U1": 16.574211925065363, "U5": 12.842369449029025}, "datetime": {"datetime": "2021-03-05 13:40:49", "elapsed": 2074.114349, "delta": 3.455036}}
{"target": 0.21393052779658367, "params": {"T1": 0.10687690214336559, "T3": 0.13310566346306846, "T5": 0.13796770153023577, "U1": 12.8894614298738, "U5": 17.03133541081349}, "datetime": {"datetime": "2021-03-05 13:40:53", "elapsed": 2077.603517, "delta": 3.489168}}
{"target": 0.16458561816116357, "params": {"T1": 0.06584651885091966, "T3": 0.07697580664705833, "T5": 0.052834649530309544, "U1": 13.188750203275916, "U5": 16.125801460515312}, "datetime": {"datetime": "2021-03-05 13:40:57", "elapsed": 2081.310425, "delta": 3.706908}}
{"target": 0.24902073072920375, "params": {"T1": 0.07593398782217872, "T3": 0.06422654239358468, "T5": 0.08475478387200844, "U1": 13.606648367367665, "U5": 15.533830682834232}, "datetime": {"datetime": "2021-03-05 13:41:00", "elapsed": 2084.658426, "delta": 3.348001}}
{"target": 0.6167665109999592, "params": {"T1": 0.09116836026362823, "T3": 0.12172169131733047, "T5": 0.10315014869717998, "U1": 18.298948392275463, "U5": 17.685642133815488}, "datetime": {"datetime": "2021-03-05 13:41:04", "elapsed": 2088.325334, "delta": 3.666908}}
{"target": 0.9705122872772604, "params": {"T1": 0.07405149596186225, "T3": 0.07931511739165407, "T5": 0.08178067518451668, "U1": 12.928111198307748, "U5": 14.529495230316726}, "datetime": {"datetime": "2021-03-05 13:41:11", "elapsed": 2095.628891, "delta": 7.303557}}
{"target": 0.4225702763442203, "params": {"T1": 0.1170170425040429, "T3": 0.13951696256145563, "T5": 0.06494785514227233, "U1": 13.758655486820546, "U5": 13.258031434165947}, "datetime": {"datetime": "2021-03-05 13:41:15", "elapsed": 2100.049679, "delta": 4.420788}}
{"target": 0.23191909074587, "params": {"T1": 0.09097037331350719, "T3": 0.1237072655949812, "T5": 0.13461535011058895, "U1": 14.254361791663992, "U5": 14.840813509834433}, "datetime": {"datetime": "2021-03-05 13:41:21", "elapsed": 2105.969018, "delta": 5.919339}}
{"target": 0.2165562776940604, "params": {"T1": 0.14607396016396423, "T3": 0.07876601271088729, "T5": 0.13891734482179624, "U1": 14.947043730843252, "U5": 15.39228003271429}, "datetime": {"datetime": "2021-03-05 13:41:24", "elapsed": 2109.008862, "delta": 3.039844}}
{"target": 0.22894982416188328, "params": {"T1": 0.0661046595322065, "T3": 0.11991385190951971, "T5": 0.06673925266778238, "U1": 15.061167887411406, "U5": 15.86713611262542}, "datetime": {"datetime": "2021-03-05 13:41:28", "elapsed": 2112.479656, "delta": 3.470794}}
{"target": 0.3219734512347502, "params": {"T1": 0.0817109744463188, "T3": 0.1336448535612435, "T5": 0.05189287562489761, "U1": 13.720775395323558, "U5": 19.28255472737917}, "datetime": {"datetime": "2021-03-05 13:41:32", "elapsed": 2116.572558, "delta": 4.092902}}
{"target": 0.45753850820652714, "params": {"T1": 0.08724674839147098, "T3": 0.1457831136711339, "T5": 0.09959080503502665, "U1": 19.649202899478418, "U5": 12.184580476222939}, "datetime": {"datetime": "2021-03-05 13:41:35", "elapsed": 2119.984815, "delta": 3.412257}}
{"target": 0.20657549590112462, "params": {"T1": 0.07407377001583093, "T3": 0.14736803523018266, "T5": 0.13243835540294024, "U1": 16.323655264682394, "U5": 18.661759888117302}, "datetime": {"datetime": "2021-03-05 13:41:39", "elapsed": 2123.327867, "delta": 3.343052}}
{"target": 0.297301463195451, "params": {"T1": 0.07079698683385123, "T3": 0.050175495378366686, "T5": 0.10911285063462017, "U1": 17.138172196566327, "U5": 16.693253574937078}, "datetime": {"datetime": "2021-03-05 13:41:44", "elapsed": 2129.005485, "delta": 5.677618}}
{"target": 0.26710269817222676, "params": {"T1": 0.08609661101255986, "T3": 0.10285070552569481, "T5": 0.050882441006139235, "U1": 13.042538433018548, "U5": 14.771971474177832}, "datetime": {"datetime": "2021-03-05 13:41:52", "elapsed": 2137.003966, "delta": 7.998481}}
{"target": 0.14799048217309937, "params": {"T1": 0.07846842805242689, "T3": 0.08758343407027484, "T5": 0.1451514144570492, "U1": 16.325494915003365, "U5": 18.961849830244038}, "datetime": {"datetime": "2021-03-05 13:41:56", "elapsed": 2140.513972, "delta": 3.510006}}
{"target": 0.251767097282418, "params": {"T1": 0.12222367507975258, "T3": 0.12539979260424577, "T5": 0.0670986564087853, "U1": 18.04274679980466, "U5": 12.514338333762284}, "datetime": {"datetime": "2021-03-05 13:42:00", "elapsed": 2144.212187, "delta": 3.698215}}
{"target": 0.17018008197471488, "params": {"T1": 0.1008226923312176, "T3": 0.1483465625225202, "T5": 0.12602834780348732, "U1": 16.8367928612644, "U5": 15.495731738227205}, "datetime": {"datetime": "2021-03-05 13:42:04", "elapsed": 2148.665112, "delta": 4.452925}}
{"target": 0.16830222499570835, "params": {"T1": 0.13014670243330506, "T3": 0.05114687281461805, "T5": 0.0622538739126268, "U1": 17.789075056316538, "U5": 19.633092728194857}, "datetime": {"datetime": "2021-03-05 13:42:08", "elapsed": 2152.637877, "delta": 3.972765}}
{"target": 0.30302561844967385, "params": {"T1": 0.058942416195787085, "T3": 0.0506266987341154, "T5": 0.11548168391724875, "U1": 12.083097071092197, "U5": 14.956774041376843}, "datetime": {"datetime": "2021-03-05 13:42:11", "elapsed": 2155.832906, "delta": 3.195029}}
{"target": 0.30154991057263203, "params": {"T1": 0.09438894799219476, "T3": 0.12473170804040536, "T5": 0.11268529742751084, "U1": 16.427079219703497, "U5": 16.01674695666108}, "datetime": {"datetime": "2021-03-05 13:42:15", "elapsed": 2159.690658, "delta": 3.857752}}
{"target": 0.2541971306690357, "params": {"T1": 0.14306160893402808, "T3": 0.1125764081895898, "T5": 0.1313157422719237, "U1": 12.172971751400173, "U5": 13.19068584513372}, "datetime": {"datetime": "2021-03-05 13:42:18", "elapsed": 2163.090745, "delta": 3.400087}}
{"target": 0.30008378112001677, "params": {"T1": 0.05130568236674641, "T3": 0.10156549708437143, "T5": 0.1395082313789736, "U1": 12.706552801597233, "U5": 16.680213379796662}, "datetime": {"datetime": "2021-03-05 13:42:25", "elapsed": 2169.279398, "delta": 6.188653}}
{"target": 0.13909646025098768, "params": {"T1": 0.12730794688855912, "T3": 0.1409202470517714, "T5": 0.12111616138118468, "U1": 17.830231369716373, "U5": 17.708373607005072}, "datetime": {"datetime": "2021-03-05 13:42:28", "elapsed": 2172.955913, "delta": 3.676515}}
{"target": 0.6593664867411436, "params": {"T1": 0.14899902829134037, "T3": 0.08687208472381681, "T5": 0.05107940114927846, "U1": 18.85703381876813, "U5": 18.022143769632464}, "datetime": {"datetime": "2021-03-05 13:42:32", "elapsed": 2176.706321, "delta": 3.750408}}
{"target": 0.36639565063933915, "params": {"T1": 0.09639486431330134, "T3": 0.108554982507219, "T5": 0.06802898425303118, "U1": 17.329344521337525, "U5": 12.941246431884084}, "datetime": {"datetime": "2021-03-05 13:42:38", "elapsed": 2183.065745, "delta": 6.359424}}
{"target": 0.17680322207449162, "params": {"T1": 0.12167171878692325, "T3": 0.07739811204247582, "T5": 0.1260522855439097, "U1": 13.266891036658961, "U5": 16.919925842471223}, "datetime": {"datetime": "2021-03-05 13:42:44", "elapsed": 2188.638283, "delta": 5.572538}}
{"target": 0.17950035518851162, "params": {"T1": 0.10756155412210425, "T3": 0.05295461615056379, "T5": 0.11697911577943361, "U1": 13.009792410892764, "U5": 14.926788856369077}, "datetime": {"datetime": "2021-03-05 13:42:48", "elapsed": 2192.479732, "delta": 3.841449}}
{"target": 0.5465720026309914, "params": {"T1": 0.06246550955930055, "T3": 0.11331862616013684, "T5": 0.1107700203479523, "U1": 15.363152218110258, "U5": 14.055893914283999}, "datetime": {"datetime": "2021-03-05 13:42:52", "elapsed": 2196.267794, "delta": 3.788062}}
{"target": 0.2654230830243282, "params": {"T1": 0.062397679362930225, "T3": 0.10473099648858684, "T5": 0.14628030609757126, "U1": 18.832089028907486, "U5": 19.85987515107384}, "datetime": {"datetime": "2021-03-05 13:42:57", "elapsed": 2201.266464, "delta": 4.99867}}
{"target": 0.2960731527281213, "params": {"T1": 0.10241733999748331, "T3": 0.05574048328257628, "T5": 0.13911535391388374, "U1": 18.339542662662872, "U5": 12.16064146888198}, "datetime": {"datetime": "2021-03-05 13:43:00", "elapsed": 2204.708708, "delta": 3.442244}}
{"target": 0.2556778719511744, "params": {"T1": 0.08021978317689339, "T3": 0.05395128157786621, "T5": 0.08128483449988197, "U1": 15.179544719112226, "U5": 13.759948009438249}, "datetime": {"datetime": "2021-03-05 13:43:07", "elapsed": 2212.009944, "delta": 7.301236}}
{"target": 0.3373803670656192, "params": {"T1": 0.14442309249868118, "T3": 0.09732257745003224, "T5": 0.06171179156300891, "U1": 15.30878504994449, "U5": 16.026445972562623}, "datetime": {"datetime": "2021-03-05 13:43:12", "elapsed": 2217.127657, "delta": 5.117713}}
{"target": 0.16764582452895718, "params": {"T1": 0.06383422875624968, "T3": 0.07001170725337637, "T5": 0.1381466820005347, "U1": 17.39338544415999, "U5": 13.171951133014248}, "datetime": {"datetime": "2021-03-05 13:43:22", "elapsed": 2226.600144, "delta": 9.472487}}
{"target": 0.23335407276044554, "params": {"T1": 0.10066421954225485, "T3": 0.11448928759565573, "T5": 0.060187232229665266, "U1": 15.08196515382839, "U5": 13.590413858395609}, "datetime": {"datetime": "2021-03-05 13:43:27", "elapsed": 2231.230359, "delta": 4.630215}}
{"target": 1.3246777951951823, "params": {"T1": 0.09775818248655255, "T3": 0.13384372164902186, "T5": 0.11349828160453146, "U1": 16.962233324739422, "U5": 17.61353169928043}, "datetime": {"datetime": "2021-03-05 13:43:30", "elapsed": 2235.167844, "delta": 3.937485}}
{"target": 0.19471837387486352, "params": {"T1": 0.054359395152384075, "T3": 0.14409331371770262, "T5": 0.09702474927187213, "U1": 18.26894284825059, "U5": 19.886763153024845}, "datetime": {"datetime": "2021-03-05 13:43:38", "elapsed": 2242.667606, "delta": 7.499762}}
{"target": 0.273056258923511, "params": {"T1": 0.13535317263170948, "T3": 0.10616793704155414, "T5": 0.14512536747852245, "U1": 12.006854443047086, "U5": 15.908619061048514}, "datetime": {"datetime": "2021-03-05 13:43:41", "elapsed": 2246.172972, "delta": 3.505366}}
{"target": 0.19712724356671443, "params": {"T1": 0.1337360456519466, "T3": 0.1337785329533711, "T5": 0.11537749142089342, "U1": 13.968471765564555, "U5": 14.13082487501409}, "datetime": {"datetime": "2021-03-05 13:43:45", "elapsed": 2249.992603, "delta": 3.819631}}
{"target": 0.13707492297330992, "params": {"T1": 0.14876528349702445, "T3": 0.051035154214625546, "T5": 0.06123951887093437, "U1": 13.464580972651529, "U5": 15.27721678231537}, "datetime": {"datetime": "2021-03-05 13:43:54", "elapsed": 2258.189828, "delta": 8.197225}}
{"target": 0.23570273963825344, "params": {"T1": 0.0853778648776312, "T3": 0.09041932439420311, "T5": 0.060562343582638456, "U1": 14.592009118179483, "U5": 15.044665872737111}, "datetime": {"datetime": "2021-03-05 13:43:57", "elapsed": 2261.69516, "delta": 3.505332}}
{"target": 0.16953016506149546, "params": {"T1": 0.12866411992677373, "T3": 0.08227504118083083, "T5": 0.08001069197821425, "U1": 17.481715627202806, "U5": 16.976080816510603}, "datetime": {"datetime": "2021-03-05 13:44:01", "elapsed": 2265.234855, "delta": 3.539695}}
{"target": 0.29968698452177445, "params": {"T1": 0.131110703779599, "T3": 0.08370249210130695, "T5": 0.08786611604620066, "U1": 16.743858635814334, "U5": 18.916973838177366}, "datetime": {"datetime": "2021-03-05 13:44:05", "elapsed": 2269.449808, "delta": 4.214953}}
{"target": 0.18054049647608533, "params": {"T1": 0.0633489809534224, "T3": 0.07761014082443664, "T5": 0.07817168218560797, "U1": 15.622351794467303, "U5": 12.353134896092083}, "datetime": {"datetime": "2021-03-05 13:44:08", "elapsed": 2272.807777, "delta": 3.357969}}
