{"target": 0.2559900663503672, "params": {"T1": 0.08244756861167873, "T3": 0.06411372484976872, "T5": 0.05052576793920584, "U1": 15.354157857629472, "U5": 16.861321782212713}, "datetime": {"datetime": "2021-03-05 15:52:28", "elapsed": 499.002946, "delta": 1.243218}}
{"target": 0.24236926998665215, "params": {"T1": 0.08470217159062182, "T3": 0.061205359092099246, "T5": 0.13632037771759298, "U1": 15.376671560035918, "U5": 12.196771594810327}, "datetime": {"datetime": "2021-03-05 15:52:29", "elapsed": 500.188508, "delta": 1.185562}}
{"target": 0.26024727061261577, "params": {"T1": 0.09323489686904456, "T3": 0.07410919971102939, "T5": 0.07272972819651238, "U1": 17.27963846335385, "U5": 12.048555872787368}, "datetime": {"datetime": "2021-03-05 15:52:31", "elapsed": 501.457732, "delta": 1.269224}}
{"target": 0.3037549135160314, "params": {"T1": 0.12376269925228918, "T3": 0.07243500929017457, "T5": 0.1425385618835136, "U1": 16.798969827424134, "U5": 14.951710966027203}, "datetime": {"datetime": "2021-03-05 15:52:32", "elapsed": 502.613136, "delta": 1.155404}}
{"target": 0.4376650221623299, "params": {"T1": 0.06652983031425592, "T3": 0.12858728513748502, "T5": 0.05263293136025626, "U1": 19.88623736277404, "U5": 18.589078988036547}, "datetime": {"datetime": "2021-03-05 15:52:33", "elapsed": 503.793114, "delta": 1.179978}}
{"target": 0.3317228129929564, "params": {"T1": 0.10280935024079674, "T3": 0.11072352700760277, "T5": 0.10749280235832658, "U1": 19.75142906053872, "U5": 14.214360111248276}, "datetime": {"datetime": "2021-03-05 15:52:34", "elapsed": 505.098716, "delta": 1.305602}}
{"target": 0.36795088205688736, "params": {"T1": 0.07013099866129606, "T3": 0.1493923763356359, "T5": 0.08649869411091515, "U1": 19.2403218927319, "U5": 19.47143127339192}, "datetime": {"datetime": "2021-03-05 15:52:35", "elapsed": 506.370994, "delta": 1.272278}}
{"target": 0.28334375882891233, "params": {"T1": 0.08488747452873055, "T3": 0.09182172823752474, "T5": 0.1323472726878312, "U1": 16.35703747984476, "U5": 12.220664849442379}, "datetime": {"datetime": "2021-03-05 15:52:37", "elapsed": 508.118567, "delta": 1.747573}}
{"target": 0.40582649074250315, "params": {"T1": 0.0723785090833037, "T3": 0.07155365324282538, "T5": 0.11208782880131121, "U1": 12.361081783589679, "U5": 17.19823454601649}, "datetime": {"datetime": "2021-03-05 15:52:39", "elapsed": 509.424754, "delta": 1.306187}}
{"target": 0.2829528077962919, "params": {"T1": 0.11238418430027439, "T3": 0.06886993447347173, "T5": 0.11462426752516455, "U1": 17.99589756854725, "U5": 13.241059136897402}, "datetime": {"datetime": "2021-03-05 15:52:41", "elapsed": 512.107741, "delta": 2.682987}}
{"target": 0.29757198356704917, "params": {"T1": 0.060134816135082036, "T3": 0.06160464722638414, "T5": 0.11228065683805324, "U1": 15.882056369116675, "U5": 18.230874859050207}, "datetime": {"datetime": "2021-03-05 15:52:43", "elapsed": 513.655815, "delta": 1.548074}}
{"target": 0.3031530933457353, "params": {"T1": 0.10411375453422815, "T3": 0.11872469267296822, "T5": 0.06434446770857187, "U1": 17.048143470896733, "U5": 19.157321348712998}, "datetime": {"datetime": "2021-03-05 15:52:44", "elapsed": 515.110277, "delta": 1.454462}}
{"target": 0.3229398793331203, "params": {"T1": 0.11414937882568438, "T3": 0.09873514503158785, "T5": 0.12285847593755199, "U1": 15.100925479336128, "U5": 16.643438597923897}, "datetime": {"datetime": "2021-03-05 15:52:45", "elapsed": 516.234052, "delta": 1.123775}}
{"target": 0.3003458011897694, "params": {"T1": 0.12246174762723623, "T3": 0.05020297098611535, "T5": 0.12080710614849355, "U1": 12.85953059083564, "U5": 15.328541155630695}, "datetime": {"datetime": "2021-03-05 15:52:47", "elapsed": 517.496462, "delta": 1.26241}}
{"target": 0.3056386576563641, "params": {"T1": 0.11282843723023141, "T3": 0.07537950873802383, "T5": 0.11847068796676642, "U1": 15.28362181579281, "U5": 12.996078137161836}, "datetime": {"datetime": "2021-03-05 15:52:48", "elapsed": 518.753933, "delta": 1.257471}}
{"target": 0.2987525880976004, "params": {"T1": 0.0515519305749727, "T3": 0.07079372303089149, "T5": 0.050942672667183275, "U1": 14.22245620601465, "U5": 14.910295858439653}, "datetime": {"datetime": "2021-03-05 15:52:50", "elapsed": 520.67192, "delta": 1.917987}}
{"target": 0.3082731311307405, "params": {"T1": 0.0719874546880018, "T3": 0.08698789921371326, "T5": 0.1148306060839657, "U1": 18.46431107729963, "U5": 18.02559164881649}, "datetime": {"datetime": "2021-03-05 15:52:51", "elapsed": 522.239255, "delta": 1.567335}}
{"target": 0.2933376571399995, "params": {"T1": 0.08769503692177681, "T3": 0.051037609099105256, "T5": 0.06327269239827363, "U1": 12.612210133019008, "U5": 14.950531503697407}, "datetime": {"datetime": "2021-03-05 15:52:53", "elapsed": 523.448547, "delta": 1.209292}}
{"target": 0.3112330875520946, "params": {"T1": 0.08153404766210584, "T3": 0.1077861955945966, "T5": 0.14270025648066126, "U1": 13.241293693284023, "U5": 16.718929325948295}, "datetime": {"datetime": "2021-03-05 15:52:54", "elapsed": 524.807891, "delta": 1.359344}}
{"target": 0.2408760577829088, "params": {"T1": 0.06646397173559135, "T3": 0.10416681947225184, "T5": 0.09193663116251485, "U1": 16.715052597512553, "U5": 16.395093387511825}, "datetime": {"datetime": "2021-03-05 15:52:55", "elapsed": 525.914781, "delta": 1.10689}}
{"target": 0.3025870581136669, "params": {"T1": 0.07342647638872893, "T3": 0.11554320338077433, "T5": 0.11252725974546444, "U1": 14.30885550073479, "U5": 12.732808256617744}, "datetime": {"datetime": "2021-03-05 15:52:56", "elapsed": 527.338429, "delta": 1.423648}}
{"target": 0.3107271358035401, "params": {"T1": 0.10804971526532275, "T3": 0.11073078359335839, "T5": 0.13653693776608258, "U1": 17.297209357414022, "U5": 12.368657845871072}, "datetime": {"datetime": "2021-03-05 15:52:58", "elapsed": 528.526258, "delta": 1.187829}}
{"target": 0.3009104661134222, "params": {"T1": 0.1073267391586891, "T3": 0.1432752298620255, "T5": 0.05520853178665998, "U1": 17.039475741458837, "U5": 13.152772483273711}, "datetime": {"datetime": "2021-03-05 15:52:59", "elapsed": 529.80503, "delta": 1.278772}}
{"target": 0.30270087688613667, "params": {"T1": 0.08540344012463916, "T3": 0.05064654832987722, "T5": 0.053196649525850986, "U1": 19.54994343857808, "U5": 15.144658843877558}, "datetime": {"datetime": "2021-03-05 15:53:02", "elapsed": 532.471268, "delta": 2.666238}}
{"target": 0.2925801677361852, "params": {"T1": 0.13163516948052054, "T3": 0.07805150319275325, "T5": 0.10195367026264443, "U1": 16.762104165656176, "U5": 13.458545077593293}, "datetime": {"datetime": "2021-03-05 15:53:03", "elapsed": 533.689402, "delta": 1.218134}}
{"target": 0.30461663638890124, "params": {"T1": 0.10281089992642972, "T3": 0.07055258285080739, "T5": 0.08327688337341618, "U1": 16.025076844483834, "U5": 19.871664929899787}, "datetime": {"datetime": "2021-03-05 15:53:04", "elapsed": 534.940274, "delta": 1.250872}}
{"target": 0.2970785473208679, "params": {"T1": 0.06316693460027553, "T3": 0.05891816014306839, "T5": 0.10757858775218379, "U1": 17.53439652934032, "U5": 18.12490551417712}, "datetime": {"datetime": "2021-03-05 15:53:05", "elapsed": 536.320237, "delta": 1.379963}}
{"target": 0.3058872030680359, "params": {"T1": 0.057538892136518985, "T3": 0.09939621032227429, "T5": 0.11435713123102077, "U1": 16.71618041673306, "U5": 17.03316773562253}, "datetime": {"datetime": "2021-03-05 15:53:08", "elapsed": 538.870449, "delta": 2.550212}}
{"target": 0.32115187684666774, "params": {"T1": 0.09280302771019075, "T3": 0.10736824654512736, "T5": 0.138088665849036, "U1": 17.780651118565842, "U5": 14.307253103988037}, "datetime": {"datetime": "2021-03-05 15:53:11", "elapsed": 541.611652, "delta": 2.741203}}
{"target": 0.3073712433856785, "params": {"T1": 0.11027324242475799, "T3": 0.09140981913620869, "T5": 0.13084621748307784, "U1": 12.35705320255007, "U5": 15.499141536575983}, "datetime": {"datetime": "2021-03-05 15:53:12", "elapsed": 542.882828, "delta": 1.271176}}
{"target": 0.30377491179637944, "params": {"T1": 0.13420008865384248, "T3": 0.10393214237516218, "T5": 0.08020016647049191, "U1": 18.667676350147673, "U5": 16.936759990795494}, "datetime": {"datetime": "2021-03-05 15:53:14", "elapsed": 545.092916, "delta": 2.210088}}
{"target": 0.2876338169943614, "params": {"T1": 0.10795211212660853, "T3": 0.11634045232952947, "T5": 0.1054131481647288, "U1": 12.418540066945027, "U5": 13.322324301278295}, "datetime": {"datetime": "2021-03-05 15:53:16", "elapsed": 546.745154, "delta": 1.652238}}
{"target": 0.32534058576326036, "params": {"T1": 0.11729173687895462, "T3": 0.13251776403729865, "T5": 0.14748467742792737, "U1": 14.026778566929426, "U5": 18.773288900349367}, "datetime": {"datetime": "2021-03-05 15:53:17", "elapsed": 548.074419, "delta": 1.329265}}
{"target": 0.31484855498540093, "params": {"T1": 0.11383270754525593, "T3": 0.12871219075218354, "T5": 0.13910045996225864, "U1": 19.55712603595008, "U5": 14.076399558865715}, "datetime": {"datetime": "2021-03-05 15:53:18", "elapsed": 549.350279, "delta": 1.27586}}
{"target": 0.41206886511076646, "params": {"T1": 0.11893899685524695, "T3": 0.13340202387061578, "T5": 0.10029289242586148, "U1": 15.539164391719872, "U5": 15.699173343461304}, "datetime": {"datetime": "2021-03-05 15:53:20", "elapsed": 550.821147, "delta": 1.470868}}
{"target": 0.29911483087194085, "params": {"T1": 0.08289146799608402, "T3": 0.10936183958547696, "T5": 0.14542014569071016, "U1": 18.021054811914293, "U5": 14.446600337141764}, "datetime": {"datetime": "2021-03-05 15:53:22", "elapsed": 552.448319, "delta": 1.627172}}
{"target": 0.4384133415392547, "params": {"T1": 0.14812000036945328, "T3": 0.13020185791569802, "T5": 0.06914224523726595, "U1": 15.767698941599395, "U5": 19.897253905899312}, "datetime": {"datetime": "2021-03-05 15:53:23", "elapsed": 553.842798, "delta": 1.394479}}
{"target": 0.26721817785473817, "params": {"T1": 0.10128049472999659, "T3": 0.059558105227584826, "T5": 0.0928083907007066, "U1": 16.35576016869319, "U5": 19.35253168771369}, "datetime": {"datetime": "2021-03-05 15:53:24", "elapsed": 555.224462, "delta": 1.381664}}
{"target": 0.2978062144846741, "params": {"T1": 0.09733188007922558, "T3": 0.12224295211883869, "T5": 0.0509339956006066, "U1": 18.694912986273188, "U5": 14.396233196205234}, "datetime": {"datetime": "2021-03-05 15:53:26", "elapsed": 557.391656, "delta": 2.167194}}
{"target": 0.3259978724762967, "params": {"T1": 0.08721323649219945, "T3": 0.13916607853965324, "T5": 0.0652998140139039, "U1": 15.783524546269723, "U5": 15.074585453648563}, "datetime": {"datetime": "2021-03-05 15:53:28", "elapsed": 559.265618, "delta": 1.873962}}
{"target": 0.2731582492377446, "params": {"T1": 0.12739666800749766, "T3": 0.14223211440209943, "T5": 0.13282394132082959, "U1": 13.043769140737314, "U5": 12.056233822129428}, "datetime": {"datetime": "2021-03-05 15:53:30", "elapsed": 560.524, "delta": 1.258382}}
{"target": 0.30380899832469593, "params": {"T1": 0.11973671497142886, "T3": 0.074941472427823, "T5": 0.11643663973564052, "U1": 13.215589741405015, "U5": 19.457951295753293}, "datetime": {"datetime": "2021-03-05 15:53:31", "elapsed": 561.72391, "delta": 1.19991}}
{"target": 0.3033761978600402, "params": {"T1": 0.07625241868819663, "T3": 0.11014531977716205, "T5": 0.08253683057997782, "U1": 16.09658871239122, "U5": 18.694273333912996}, "datetime": {"datetime": "2021-03-05 15:53:32", "elapsed": 563.047584, "delta": 1.323674}}
{"target": 0.4969876292667708, "params": {"T1": 0.08757354808796054, "T3": 0.05844986098189081, "T5": 0.11535592583874527, "U1": 15.30555215713132, "U5": 16.545632801527397}, "datetime": {"datetime": "2021-03-05 15:53:34", "elapsed": 565.007124, "delta": 1.95954}}
{"target": 0.26012109686299856, "params": {"T1": 0.11432142751159027, "T3": 0.13000002154979168, "T5": 0.12002731229197612, "U1": 19.832646633978502, "U5": 19.369500674839692}, "datetime": {"datetime": "2021-03-05 15:53:36", "elapsed": 566.964375, "delta": 1.957251}}
{"target": 0.28755360166956784, "params": {"T1": 0.14790790924965178, "T3": 0.10348664379251765, "T5": 0.11159690925819962, "U1": 18.619532463849723, "U5": 19.477912057563845}, "datetime": {"datetime": "2021-03-05 15:53:38", "elapsed": 568.856592, "delta": 1.892217}}
{"target": 0.300901806960185, "params": {"T1": 0.055378308965451956, "T3": 0.146289778167923, "T5": 0.14844796549683276, "U1": 15.551294026296592, "U5": 16.22238688142917}, "datetime": {"datetime": "2021-03-05 15:53:39", "elapsed": 570.236571, "delta": 1.379979}}
{"target": 0.33121856010885437, "params": {"T1": 0.09788480333675628, "T3": 0.08197302836592776, "T5": 0.1470762303684564, "U1": 16.022251876649783, "U5": 19.74509809753875}, "datetime": {"datetime": "2021-03-05 15:53:41", "elapsed": 571.43358, "delta": 1.197009}}
{"target": 0.2795353203962375, "params": {"T1": 0.05120221249897048, "T3": 0.14869300745233638, "T5": 0.11655566790404465, "U1": 18.66622363677738, "U5": 15.580700295643947}, "datetime": {"datetime": "2021-03-05 15:53:42", "elapsed": 572.709004, "delta": 1.275424}}
{"target": 0.2985130913488791, "params": {"T1": 0.1033475679223586, "T3": 0.06679874064866753, "T5": 0.14737860739373473, "U1": 18.047589938957056, "U5": 14.138868428811136}, "datetime": {"datetime": "2021-03-05 15:53:43", "elapsed": 573.93788, "delta": 1.228876}}
{"target": 0.32323556683851445, "params": {"T1": 0.1447804452969077, "T3": 0.12082572165151839, "T5": 0.07524917998986413, "U1": 16.60325364674264, "U5": 18.211810051049582}, "datetime": {"datetime": "2021-03-05 15:53:45", "elapsed": 575.433319, "delta": 1.495439}}
{"target": 0.3013772644983875, "params": {"T1": 0.09071701385531544, "T3": 0.07752629124222106, "T5": 0.14593811637198373, "U1": 12.940101504395411, "U5": 16.030800522909757}, "datetime": {"datetime": "2021-03-05 15:53:47", "elapsed": 577.479462, "delta": 2.046143}}
{"target": 0.31379602667845513, "params": {"T1": 0.14014999725365546, "T3": 0.11905709949256675, "T5": 0.09363070373698859, "U1": 16.91184172959553, "U5": 18.8990405369722}, "datetime": {"datetime": "2021-03-05 15:53:48", "elapsed": 578.980992, "delta": 1.50153}}
{"target": 0.30215279206783496, "params": {"T1": 0.07777261809009615, "T3": 0.14389367921617635, "T5": 0.09297278159575093, "U1": 16.806591224250404, "U5": 16.39742432305728}, "datetime": {"datetime": "2021-03-05 15:53:51", "elapsed": 581.568534, "delta": 2.587542}}
{"target": 0.3005751455291931, "params": {"T1": 0.13504299714381457, "T3": 0.05969296123023066, "T5": 0.06992838357144014, "U1": 14.644063648788315, "U5": 18.769810691533294}, "datetime": {"datetime": "2021-03-05 15:53:53", "elapsed": 583.833113, "delta": 2.264579}}
{"target": 0.2900370035486965, "params": {"T1": 0.11423195862466076, "T3": 0.14532192513023262, "T5": 0.09353437338407304, "U1": 12.19575568915309, "U5": 12.692891505106104}, "datetime": {"datetime": "2021-03-05 15:53:54", "elapsed": 585.189945, "delta": 1.356832}}
{"target": 0.30757053775492876, "params": {"T1": 0.1297402434506732, "T3": 0.12634711339301452, "T5": 0.054796240714648975, "U1": 15.977123565413647, "U5": 16.397452758895056}, "datetime": {"datetime": "2021-03-05 15:53:56", "elapsed": 586.630038, "delta": 1.440093}}
{"target": 0.2772529507599087, "params": {"T1": 0.05197859956676137, "T3": 0.08643744617292548, "T5": 0.10881466368188844, "U1": 18.06716503498782, "U5": 12.866104538734184}, "datetime": {"datetime": "2021-03-05 15:53:57", "elapsed": 588.029276, "delta": 1.399238}}
{"target": 0.30174008870951646, "params": {"T1": 0.13614733177264376, "T3": 0.13452008572532376, "T5": 0.06070667127778534, "U1": 16.21443696665268, "U5": 13.213836798641504}, "datetime": {"datetime": "2021-03-05 15:54:00", "elapsed": 590.958199, "delta": 2.928923}}
{"target": 0.3010075557732309, "params": {"T1": 0.0928747121121184, "T3": 0.1294898979479559, "T5": 0.09344763932381495, "U1": 15.349845511331392, "U5": 17.9361809382507}, "datetime": {"datetime": "2021-03-05 15:54:01", "elapsed": 592.233455, "delta": 1.275256}}
{"target": 0.3156427732397864, "params": {"T1": 0.14920388581569421, "T3": 0.1229706760319003, "T5": 0.0942513129948567, "U1": 14.371098307836311, "U5": 16.592345098078308}, "datetime": {"datetime": "2021-03-05 15:54:03", "elapsed": 593.694916, "delta": 1.461461}}
{"target": 0.30090514164968135, "params": {"T1": 0.12354001091679497, "T3": 0.1383765995865207, "T5": 0.13485338979859213, "U1": 12.968773655063064, "U5": 13.774436672517455}, "datetime": {"datetime": "2021-03-05 15:54:06", "elapsed": 596.571056, "delta": 2.87614}}
{"target": 0.30563362368158775, "params": {"T1": 0.0654336334077984, "T3": 0.06871010954669331, "T5": 0.08978640042049567, "U1": 19.64499727561534, "U5": 18.437865303354446}, "datetime": {"datetime": "2021-03-05 15:54:08", "elapsed": 598.941822, "delta": 2.370766}}
{"target": 0.3822858554956793, "params": {"T1": 0.11642214411270373, "T3": 0.13443895516912768, "T5": 0.10936765785250156, "U1": 17.613138808729676, "U5": 16.828537796135628}, "datetime": {"datetime": "2021-03-05 15:54:09", "elapsed": 600.24354, "delta": 1.301718}}
{"target": 0.29366120703328147, "params": {"T1": 0.08456913430190562, "T3": 0.08683973928904234, "T5": 0.1113014254486184, "U1": 18.02962573141743, "U5": 19.108438229808083}, "datetime": {"datetime": "2021-03-05 15:54:11", "elapsed": 601.648693, "delta": 1.405153}}
{"target": 0.3016429296519886, "params": {"T1": 0.05359098011225249, "T3": 0.08747413563648442, "T5": 0.14630681707680587, "U1": 13.404821401499657, "U5": 12.817743094045793}, "datetime": {"datetime": "2021-03-05 15:54:12", "elapsed": 602.993251, "delta": 1.344558}}
{"target": 0.30587997440707543, "params": {"T1": 0.10527282803265484, "T3": 0.0850818604466355, "T5": 0.09724513882140377, "U1": 15.6856578381176, "U5": 17.241487521395854}, "datetime": {"datetime": "2021-03-05 15:54:13", "elapsed": 604.408069, "delta": 1.414818}}
{"target": 0.30272643585666265, "params": {"T1": 0.0631560477771461, "T3": 0.14361083265916638, "T5": 0.12633118347196529, "U1": 18.201111330088423, "U5": 13.714302407355415}, "datetime": {"datetime": "2021-03-05 15:54:15", "elapsed": 605.819638, "delta": 1.411569}}
{"target": 0.30134907619149087, "params": {"T1": 0.08855177434908726, "T3": 0.09181124824040349, "T5": 0.06903552213055697, "U1": 12.984683742362527, "U5": 13.537066260322728}, "datetime": {"datetime": "2021-03-05 15:54:16", "elapsed": 607.151762, "delta": 1.332124}}
{"target": 0.3024159224181589, "params": {"T1": 0.0875191619875881, "T3": 0.07568834647887827, "T5": 0.0662309002125045, "U1": 19.750210329471532, "U5": 13.372692708055883}, "datetime": {"datetime": "2021-03-05 15:54:18", "elapsed": 608.497133, "delta": 1.345371}}
{"target": 0.2688672346039451, "params": {"T1": 0.060440434913155254, "T3": 0.05214541814794289, "T5": 0.12533780549188542, "U1": 18.037689145253545, "U5": 15.421142329188374}, "datetime": {"datetime": "2021-03-05 15:54:20", "elapsed": 610.920116, "delta": 2.422983}}
{"target": 0.2820102745706718, "params": {"T1": 0.06759279051488415, "T3": 0.0886261074725054, "T5": 0.08335316970491023, "U1": 16.393666061253672, "U5": 13.816252932733384}, "datetime": {"datetime": "2021-03-05 15:54:21", "elapsed": 612.244678, "delta": 1.324562}}
{"target": 0.3084795035642429, "params": {"T1": 0.13412443194004325, "T3": 0.08502703069702623, "T5": 0.102507934055828, "U1": 15.412767998781085, "U5": 15.322457051167515}, "datetime": {"datetime": "2021-03-05 15:54:23", "elapsed": 613.605664, "delta": 1.360986}}
{"target": 0.3114832040187729, "params": {"T1": 0.06164211366957848, "T3": 0.09857244535498946, "T5": 0.05498606966351717, "U1": 12.035519221088553, "U5": 12.926201243765561}, "datetime": {"datetime": "2021-03-05 15:54:24", "elapsed": 615.067522, "delta": 1.461858}}
{"target": 0.24642063981285947, "params": {"T1": 0.13994642129355958, "T3": 0.13016627366441916, "T5": 0.14846388474861233, "U1": 16.617630364518742, "U5": 16.556454712721052}, "datetime": {"datetime": "2021-03-05 15:54:26", "elapsed": 616.419533, "delta": 1.352011}}
{"target": 0.5226250468130124, "params": {"T1": 0.13465865988847414, "T3": 0.05164172642092041, "T5": 0.1407944180752177, "U1": 13.460044886531264, "U5": 13.150306959495694}, "datetime": {"datetime": "2021-03-05 15:54:27", "elapsed": 617.783805, "delta": 1.364272}}
{"target": 0.3324351192054124, "params": {"T1": 0.07786597279914613, "T3": 0.050634639998243684, "T5": 0.057531519226075516, "U1": 12.66857077142188, "U5": 19.266567135241438}, "datetime": {"datetime": "2021-03-05 15:54:30", "elapsed": 620.744597, "delta": 2.960792}}
{"target": 0.3782769992390285, "params": {"T1": 0.10607376691319789, "T3": 0.07090133434632025, "T5": 0.12297996501588483, "U1": 17.938221660120213, "U5": 14.38649383016918}, "datetime": {"datetime": "2021-03-05 15:54:31", "elapsed": 622.114016, "delta": 1.369419}}
{"target": 0.27793887119691296, "params": {"T1": 0.09827268654757668, "T3": 0.1301774230380156, "T5": 0.06223035842867707, "U1": 17.397390106960167, "U5": 12.898638569517555}, "datetime": {"datetime": "2021-03-05 15:54:34", "elapsed": 624.479969, "delta": 2.365953}}
{"target": 0.3103607229999812, "params": {"T1": 0.05254814307123959, "T3": 0.09801012621319453, "T5": 0.11072783865409089, "U1": 19.373942357243912, "U5": 14.798513401281587}, "datetime": {"datetime": "2021-03-05 15:54:36", "elapsed": 626.61831, "delta": 2.138341}}
{"target": 0.28688445173245664, "params": {"T1": 0.1441546961762614, "T3": 0.11873586364380176, "T5": 0.07239271920758932, "U1": 18.68511139165335, "U5": 18.943913005284074}, "datetime": {"datetime": "2021-03-05 15:54:37", "elapsed": 628.05724, "delta": 1.43893}}
{"target": 0.2907708359369948, "params": {"T1": 0.14817226587193794, "T3": 0.10082417293671506, "T5": 0.08856643719960071, "U1": 14.68943941468104, "U5": 17.12739902316376}, "datetime": {"datetime": "2021-03-05 15:54:38", "elapsed": 629.291612, "delta": 1.234372}}
