{"target": 0.8636556501812194, "params": {"T1": 0.09457514004583892, "T3": 0.09881426495919499, "T5": 0.05294054164760882, "U1": 18.541350691180064, "U5": 13.29821496639873}, "datetime": {"datetime": "2021-03-05 13:22:23", "elapsed": 1150.651115, "delta": 2.093232}}
{"target": 0.2980244836646238, "params": {"T1": 0.06938953119113507, "T3": 0.13492469450789446, "T5": 0.07808405990737233, "U1": 16.409553312037424, "U5": 16.310210004206745}, "datetime": {"datetime": "2021-03-05 13:22:29", "elapsed": 1156.350237, "delta": 5.699122}}
{"target": 0.30019519776687903, "params": {"T1": 0.054057425173594714, "T3": 0.0992143293683915, "T5": 0.12107295835186337, "U1": 12.593810602922135, "U5": 19.438122607972595}, "datetime": {"datetime": "2021-03-05 13:22:31", "elapsed": 1158.524135, "delta": 2.173898}}
{"target": 0.12753162715955535, "params": {"T1": 0.12321863814329116, "T3": 0.11715574851513728, "T5": 0.11763178067448245, "U1": 15.727353808888083, "U5": 19.332861698147152}, "datetime": {"datetime": "2021-03-05 13:22:33", "elapsed": 1160.959647, "delta": 2.435512}}
{"target": 0.5186479265223656, "params": {"T1": 0.08309451153473073, "T3": 0.07717318851997387, "T5": 0.08610269124116224, "U1": 19.379719777292156, "U5": 18.36467664193912}, "datetime": {"datetime": "2021-03-05 13:22:38", "elapsed": 1166.032765, "delta": 5.073118}}
{"target": 0.3345693213521115, "params": {"T1": 0.14943884269909927, "T3": 0.11078707209811678, "T5": 0.10750056874834323, "U1": 19.545001857056782, "U5": 16.685479592831147}, "datetime": {"datetime": "2021-03-05 13:22:42", "elapsed": 1169.231401, "delta": 3.198636}}
{"target": 0.37352282025439576, "params": {"T1": 0.12264971425453743, "T3": 0.1118941139205482, "T5": 0.080712317607657, "U1": 17.3837592519626, "U5": 12.874717570324272}, "datetime": {"datetime": "2021-03-05 13:22:47", "elapsed": 1175.00939, "delta": 5.777989}}
{"target": 0.16544836286984646, "params": {"T1": 0.06480364579183315, "T3": 0.1401995459374769, "T5": 0.12915662723113333, "U1": 13.554491769009648, "U5": 14.950929142206455}, "datetime": {"datetime": "2021-03-05 13:22:50", "elapsed": 1177.201124, "delta": 2.191734}}
{"target": 0.14958055173490625, "params": {"T1": 0.13024705339082138, "T3": 0.07311266930590515, "T5": 0.1392288029148392, "U1": 16.74937501578772, "U5": 14.225217064229977}, "datetime": {"datetime": "2021-03-05 13:22:52", "elapsed": 1179.48332, "delta": 2.282196}}
{"target": 0.2977347472065146, "params": {"T1": 0.08304166117509003, "T3": 0.1142871278969188, "T5": 0.11833131304994322, "U1": 18.629521567152235, "U5": 18.95576113473604}, "datetime": {"datetime": "2021-03-05 13:22:57", "elapsed": 1184.969209, "delta": 5.485889}}
{"target": 0.544689350166407, "params": {"T1": 0.08360290287636515, "T3": 0.1440345480949628, "T5": 0.07589921016804639, "U1": 12.295889675425887, "U5": 13.86458278241944}, "datetime": {"datetime": "2021-03-05 13:23:00", "elapsed": 1187.42061, "delta": 2.451401}}
{"target": 0.32015600407553346, "params": {"T1": 0.09682321936537275, "T3": 0.10942747511826956, "T5": 0.061214014424012544, "U1": 15.158901596799437, "U5": 16.477828435634734}, "datetime": {"datetime": "2021-03-05 13:23:02", "elapsed": 1189.777869, "delta": 2.357259}}
{"target": 0.1923303060204697, "params": {"T1": 0.14017323071781762, "T3": 0.14167525850443863, "T5": 0.1303262192686674, "U1": 16.39276873912557, "U5": 16.786335498962515}, "datetime": {"datetime": "2021-03-05 13:23:10", "elapsed": 1197.255827, "delta": 7.477958}}
{"target": 0.31772219506891136, "params": {"T1": 0.08874501192186642, "T3": 0.12373283095358381, "T5": 0.07093965716932535, "U1": 18.91166717137215, "U5": 13.7238091808128}, "datetime": {"datetime": "2021-03-05 13:23:15", "elapsed": 1202.810294, "delta": 5.554467}}
{"target": 0.1548197472640327, "params": {"T1": 0.10441534607825434, "T3": 0.08893233488120651, "T5": 0.0911617140666923, "U1": 17.06583038942477, "U5": 16.13901235086606}, "datetime": {"datetime": "2021-03-05 13:23:17", "elapsed": 1205.089291, "delta": 2.278997}}
{"target": 0.3010398119054482, "params": {"T1": 0.10333812545399204, "T3": 0.0855644672655569, "T5": 0.13826318112225539, "U1": 14.571495416622394, "U5": 15.07748742041603}, "datetime": {"datetime": "2021-03-05 13:23:20", "elapsed": 1207.421748, "delta": 2.332457}}
{"target": 0.17123054866863985, "params": {"T1": 0.13250538730090655, "T3": 0.07665971469521841, "T5": 0.13350283939480156, "U1": 18.680471892206633, "U5": 16.93209983406637}, "datetime": {"datetime": "2021-03-05 13:23:22", "elapsed": 1210.159441, "delta": 2.737693}}
{"target": 0.1832158422454932, "params": {"T1": 0.10661468549973024, "T3": 0.07753431202062702, "T5": 0.08481378981398385, "U1": 18.15947980958185, "U5": 18.188143249232375}, "datetime": {"datetime": "2021-03-05 13:23:25", "elapsed": 1212.450732, "delta": 2.291291}}
{"target": 0.18676669965426296, "params": {"T1": 0.11310896402910071, "T3": 0.14242872490972386, "T5": 0.053937148843727294, "U1": 14.699564522656093, "U5": 13.370782600858053}, "datetime": {"datetime": "2021-03-05 13:23:31", "elapsed": 1218.49074, "delta": 6.040008}}
{"target": 1.0840626470185233, "params": {"T1": 0.08909181943989002, "T3": 0.13238778796117717, "T5": 0.08361137701539503, "U1": 15.705045951988938, "U5": 13.076033812659599}, "datetime": {"datetime": "2021-03-05 13:23:33", "elapsed": 1220.779259, "delta": 2.288519}}
{"target": 0.4642070433284387, "params": {"T1": 0.12068987397525877, "T3": 0.10520755394368511, "T5": 0.06597035228157398, "U1": 18.567755864944274, "U5": 14.24236670231408}, "datetime": {"datetime": "2021-03-05 13:23:35", "elapsed": 1223.024247, "delta": 2.244988}}
{"target": 0.2489743699423334, "params": {"T1": 0.06114643165635974, "T3": 0.145042392316243, "T5": 0.0931530943051799, "U1": 14.992171884701932, "U5": 15.9217660239959}, "datetime": {"datetime": "2021-03-05 13:23:41", "elapsed": 1228.825671, "delta": 5.801424}}
{"target": 0.2543303058245199, "params": {"T1": 0.07460454348635576, "T3": 0.1361384715344343, "T5": 0.09434176992571533, "U1": 12.649783732432878, "U5": 19.23030125859794}, "datetime": {"datetime": "2021-03-05 13:23:44", "elapsed": 1231.31334, "delta": 2.487669}}
{"target": 0.2854256561101528, "params": {"T1": 0.1107938558288716, "T3": 0.0966775579836783, "T5": 0.07094512793194296, "U1": 18.058303137804096, "U5": 15.456037281293412}, "datetime": {"datetime": "2021-03-05 13:23:46", "elapsed": 1233.758565, "delta": 2.445225}}
{"target": 0.17076435794427602, "params": {"T1": 0.11493954823550512, "T3": 0.13706106828598413, "T5": 0.07449606817871991, "U1": 18.954538599479665, "U5": 12.26053413073654}, "datetime": {"datetime": "2021-03-05 13:23:52", "elapsed": 1239.379406, "delta": 5.620841}}
{"target": 0.14650646615474783, "params": {"T1": 0.0750126777565247, "T3": 0.06563687907142143, "T5": 0.07812593037330609, "U1": 12.724722434621278, "U5": 15.977041078012288}, "datetime": {"datetime": "2021-03-05 13:23:54", "elapsed": 1241.842179, "delta": 2.462773}}
{"target": 0.4203062059111341, "params": {"T1": 0.07046247438690587, "T3": 0.1076404529598866, "T5": 0.09267036208517715, "U1": 15.014268644828503, "U5": 15.956098000224895}, "datetime": {"datetime": "2021-03-05 13:23:57", "elapsed": 1244.270254, "delta": 2.428075}}
{"target": 0.1494821840236257, "params": {"T1": 0.14344853728243867, "T3": 0.1345946437325668, "T5": 0.0755832896597378, "U1": 14.146700783742759, "U5": 19.620475818072062}, "datetime": {"datetime": "2021-03-05 13:23:59", "elapsed": 1247.0029, "delta": 2.732646}}
{"target": 0.31057033656436495, "params": {"T1": 0.12462320308563067, "T3": 0.12660205405630232, "T5": 0.10311065685869052, "U1": 13.54454683432617, "U5": 17.110439662581236}, "datetime": {"datetime": "2021-03-05 13:24:04", "elapsed": 1251.917727, "delta": 4.914827}}
{"target": 0.2939631533455216, "params": {"T1": 0.07600982961735837, "T3": 0.060593354880905774, "T5": 0.10644408478329684, "U1": 13.205360901960045, "U5": 13.230617101562988}, "datetime": {"datetime": "2021-03-05 13:24:10", "elapsed": 1257.644709, "delta": 5.726982}}
{"target": 0.23334518024166231, "params": {"T1": 0.09496383003498277, "T3": 0.13969725295639857, "T5": 0.13550504635188826, "U1": 19.922038037286576, "U5": 19.005164374548503}, "datetime": {"datetime": "2021-03-05 13:24:12", "elapsed": 1259.705765, "delta": 2.061056}}
{"target": 0.3848895078271786, "params": {"T1": 0.09151950576382074, "T3": 0.12288605138753246, "T5": 0.1370440588933367, "U1": 18.62629036136797, "U5": 18.923448678514454}, "datetime": {"datetime": "2021-03-05 13:24:17", "elapsed": 1265.007929, "delta": 5.302164}}
{"target": 0.29392895043237693, "params": {"T1": 0.1258487065776996, "T3": 0.11406657847403108, "T5": 0.11058806387665479, "U1": 13.120285800972894, "U5": 14.684668427843375}, "datetime": {"datetime": "2021-03-05 13:24:20", "elapsed": 1267.289077, "delta": 2.281148}}
{"target": 0.3571033511269492, "params": {"T1": 0.08844143588410029, "T3": 0.06274672302536512, "T5": 0.05288351565907661, "U1": 17.736394432156704, "U5": 18.325561611375836}, "datetime": {"datetime": "2021-03-05 13:24:22", "elapsed": 1269.46422, "delta": 2.175143}}
{"target": 0.15694540505883958, "params": {"T1": 0.08908919296479931, "T3": 0.11670961606138441, "T5": 0.12634163776424917, "U1": 12.699123257247717, "U5": 15.851239392304917}, "datetime": {"datetime": "2021-03-05 13:24:28", "elapsed": 1275.698906, "delta": 6.234686}}
{"target": 0.251271479701119, "params": {"T1": 0.11664952208835568, "T3": 0.0873256100412556, "T5": 0.08674781579852422, "U1": 16.797402188919, "U5": 17.157408665316797}, "datetime": {"datetime": "2021-03-05 13:24:33", "elapsed": 1281.115474, "delta": 5.416568}}
{"target": 0.14932100184434635, "params": {"T1": 0.08515491936198322, "T3": 0.10463608680140818, "T5": 0.12423023004060914, "U1": 14.678938044668081, "U5": 16.997859711198046}, "datetime": {"datetime": "2021-03-05 13:24:39", "elapsed": 1286.596767, "delta": 5.481293}}
{"target": 0.209854900222802, "params": {"T1": 0.07210138840418531, "T3": 0.06777101861880605, "T5": 0.14104384379226087, "U1": 19.408147385354532, "U5": 15.239714530631135}, "datetime": {"datetime": "2021-03-05 13:24:42", "elapsed": 1290.076897, "delta": 3.48013}}
{"target": 0.1771629479955621, "params": {"T1": 0.10384261412599916, "T3": 0.12718123668597303, "T5": 0.13563436617982588, "U1": 19.66729646587511, "U5": 14.283109731876877}, "datetime": {"datetime": "2021-03-05 13:24:49", "elapsed": 1296.76192, "delta": 6.685023}}
{"target": 0.17967294108721715, "params": {"T1": 0.08975658661908029, "T3": 0.11168983720032635, "T5": 0.14500907433505025, "U1": 18.32026782021433, "U5": 19.20236742492856}, "datetime": {"datetime": "2021-03-05 13:24:56", "elapsed": 1303.187797, "delta": 6.425877}}
{"target": 0.4505192300009032, "params": {"T1": 0.1015091988805265, "T3": 0.1440459758412101, "T5": 0.11293868213098286, "U1": 19.80827938169345, "U5": 17.22689509535927}, "datetime": {"datetime": "2021-03-05 13:24:58", "elapsed": 1305.3444, "delta": 2.156603}}
{"target": 0.17784601686448354, "params": {"T1": 0.05876778580951351, "T3": 0.11053847245973214, "T5": 0.10353475302794693, "U1": 15.209942975687493, "U5": 14.262088074835884}, "datetime": {"datetime": "2021-03-05 13:25:00", "elapsed": 1307.854259, "delta": 2.509859}}
{"target": 0.16404157774791273, "params": {"T1": 0.07481346824749319, "T3": 0.054146388021695205, "T5": 0.0713308522513863, "U1": 15.232696249429459, "U5": 13.704495496331058}, "datetime": {"datetime": "2021-03-05 13:25:03", "elapsed": 1311.141784, "delta": 3.287525}}
{"target": 0.22644872232922952, "params": {"T1": 0.07733333938166752, "T3": 0.14499812401189116, "T5": 0.13356665676329976, "U1": 19.53161730472775, "U5": 16.56562346394788}, "datetime": {"datetime": "2021-03-05 13:25:10", "elapsed": 1317.670702, "delta": 6.528918}}
{"target": 0.28922797613935525, "params": {"T1": 0.07636648263939705, "T3": 0.1313779010596879, "T5": 0.11875316381406816, "U1": 13.858996593579743, "U5": 12.269428957096814}, "datetime": {"datetime": "2021-03-05 13:25:15", "elapsed": 1323.105002, "delta": 5.4343}}
{"target": 0.21360482383728713, "params": {"T1": 0.11949215034520694, "T3": 0.14754790335090068, "T5": 0.13765871860912732, "U1": 14.897436003763593, "U5": 19.164338081828486}, "datetime": {"datetime": "2021-03-05 13:25:18", "elapsed": 1326.136098, "delta": 3.031096}}
{"target": 0.25089676727529164, "params": {"T1": 0.13071522822358667, "T3": 0.12612835729840666, "T5": 0.08234524811696453, "U1": 17.3871448868718, "U5": 12.899735792035791}, "datetime": {"datetime": "2021-03-05 13:25:26", "elapsed": 1333.909223, "delta": 7.773125}}
{"target": 0.2992484030337891, "params": {"T1": 0.05077544925739713, "T3": 0.10773671697453666, "T5": 0.11379397283231693, "U1": 14.343462552393294, "U5": 16.4703690823101}, "datetime": {"datetime": "2021-03-05 13:25:29", "elapsed": 1336.3228, "delta": 2.413577}}
{"target": 0.15455219437383758, "params": {"T1": 0.08291500326561044, "T3": 0.09921079453171255, "T5": 0.11741659638378084, "U1": 14.68381641500093, "U5": 16.95703372600195}, "datetime": {"datetime": "2021-03-05 13:25:33", "elapsed": 1341.156903, "delta": 4.834103}}
{"target": 0.5081947371613837, "params": {"T1": 0.0916247310262254, "T3": 0.14311925284567156, "T5": 0.07711431039794155, "U1": 18.75147856470979, "U5": 14.287380701834717}, "datetime": {"datetime": "2021-03-05 13:25:38", "elapsed": 1346.075706, "delta": 4.918803}}
{"target": 0.22517066120256826, "params": {"T1": 0.061043747030679746, "T3": 0.08790867506508844, "T5": 0.062496021386656546, "U1": 18.30816463656124, "U5": 18.06699530811367}, "datetime": {"datetime": "2021-03-05 13:25:44", "elapsed": 1351.544024, "delta": 5.468318}}
{"target": 0.2734016778721187, "params": {"T1": 0.10333137014223362, "T3": 0.13660070136430913, "T5": 0.1436964501498701, "U1": 12.806893907500843, "U5": 14.859584414161349}, "datetime": {"datetime": "2021-03-05 13:25:47", "elapsed": 1354.486492, "delta": 2.942468}}
{"target": 0.5749500538705133, "params": {"T1": 0.10155937836410092, "T3": 0.12364790178793118, "T5": 0.07039745522835934, "U1": 18.540268542658488, "U5": 17.674174469932062}, "datetime": {"datetime": "2021-03-05 13:25:52", "elapsed": 1360.12522, "delta": 5.638728}}
{"target": 0.3537790654452018, "params": {"T1": 0.1291917884986341, "T3": 0.11332567627657976, "T5": 0.08326858529063638, "U1": 16.129316768429494, "U5": 18.785009672300003}, "datetime": {"datetime": "2021-03-05 13:25:55", "elapsed": 1362.416864, "delta": 2.291644}}
{"target": 0.28619112484660486, "params": {"T1": 0.12521452325922366, "T3": 0.12763432998163615, "T5": 0.14511880431980634, "U1": 16.71088116941081, "U5": 13.192643516764564}, "datetime": {"datetime": "2021-03-05 13:26:00", "elapsed": 1367.514113, "delta": 5.097249}}
{"target": 0.18285328271085247, "params": {"T1": 0.0632351016044481, "T3": 0.07255625260570966, "T5": 0.06669712688431004, "U1": 13.613798192552924, "U5": 14.613885336374118}, "datetime": {"datetime": "2021-03-05 13:26:03", "elapsed": 1370.226634, "delta": 2.712521}}
{"target": 0.14835929444669024, "params": {"T1": 0.06423945349012251, "T3": 0.06379795061047297, "T5": 0.12969331173312237, "U1": 16.606297222086894, "U5": 15.060221162908224}, "datetime": {"datetime": "2021-03-05 13:26:14", "elapsed": 1381.645512, "delta": 11.418878}}
{"target": 0.3936063656878417, "params": {"T1": 0.09837283987093093, "T3": 0.07196750864984887, "T5": 0.06876321213984954, "U1": 16.7886189512007, "U5": 19.305965429883802}, "datetime": {"datetime": "2021-03-05 13:26:24", "elapsed": 1391.27764, "delta": 9.632128}}
{"target": 1.1542245959314128, "params": {"T1": 0.13256237729632325, "T3": 0.12394492576672919, "T5": 0.1210705653612698, "U1": 17.078247930178144, "U5": 16.965249117235686}, "datetime": {"datetime": "2021-03-05 13:26:26", "elapsed": 1393.566923, "delta": 2.289283}}
{"target": 0.1415029190418937, "params": {"T1": 0.11956819616126636, "T3": 0.12164688991401958, "T5": 0.07914606465084159, "U1": 14.324778451646122, "U5": 16.758521371093824}, "datetime": {"datetime": "2021-03-05 13:26:28", "elapsed": 1395.891998, "delta": 2.325075}}
{"target": 0.4034977535691171, "params": {"T1": 0.10541583143732819, "T3": 0.13225747591556958, "T5": 0.11831304416185165, "U1": 19.553354173265056, "U5": 16.57771352920598}, "datetime": {"datetime": "2021-03-05 13:26:36", "elapsed": 1404.010795, "delta": 8.118797}}
{"target": 0.13942508134558015, "params": {"T1": 0.13380283279937905, "T3": 0.08835436548746751, "T5": 0.09816106078494208, "U1": 18.587358515385663, "U5": 12.897357351471744}, "datetime": {"datetime": "2021-03-05 13:26:42", "elapsed": 1409.314672, "delta": 5.303877}}
{"target": 0.32540141271654066, "params": {"T1": 0.13241084358856947, "T3": 0.059828098012078224, "T5": 0.12166303821054485, "U1": 15.352754306922211, "U5": 16.022539545099786}, "datetime": {"datetime": "2021-03-05 13:26:44", "elapsed": 1411.753672, "delta": 2.439}}
{"target": 0.2909026579380869, "params": {"T1": 0.10315406329484167, "T3": 0.08038029858563046, "T5": 0.08579483993158277, "U1": 13.565519195598995, "U5": 15.343671658548953}, "datetime": {"datetime": "2021-03-05 13:26:47", "elapsed": 1414.823606, "delta": 3.069934}}
{"target": 0.5258594135571603, "params": {"T1": 0.0549255490254726, "T3": 0.12446797064666965, "T5": 0.059620541261720554, "U1": 19.71764054913327, "U5": 13.166156275210746}, "datetime": {"datetime": "2021-03-05 13:26:49", "elapsed": 1417.06779, "delta": 2.244184}}
{"target": 0.2187982269207149, "params": {"T1": 0.12480610441237157, "T3": 0.129665205410872, "T5": 0.12178098921390533, "U1": 12.885178241874726, "U5": 12.486610177795725}, "datetime": {"datetime": "2021-03-05 13:26:52", "elapsed": 1420.123761, "delta": 3.055971}}
{"target": 0.11219417130998073, "params": {"T1": 0.13917105268955912, "T3": 0.07291752233179992, "T5": 0.14973668132512324, "U1": 16.61032608096444, "U5": 19.734496823653476}, "datetime": {"datetime": "2021-03-05 13:26:55", "elapsed": 1422.742374, "delta": 2.618613}}
{"target": 0.3516619548097758, "params": {"T1": 0.09141409634821857, "T3": 0.08506323649482975, "T5": 0.06536097020564777, "U1": 18.569848135747428, "U5": 13.28556408506913}, "datetime": {"datetime": "2021-03-05 13:27:01", "elapsed": 1428.567439, "delta": 5.825065}}
{"target": 0.7259419178652525, "params": {"T1": 0.09397923914666056, "T3": 0.13118057229712723, "T5": 0.08128529436742891, "U1": 19.600279973629533, "U5": 13.592340214163489}, "datetime": {"datetime": "2021-03-05 13:27:08", "elapsed": 1435.431303, "delta": 6.863864}}
{"target": 0.39761752006464063, "params": {"T1": 0.09897175628950994, "T3": 0.08746006546005844, "T5": 0.08426102246970307, "U1": 19.644849441669834, "U5": 14.460892893438592}, "datetime": {"datetime": "2021-03-05 13:27:11", "elapsed": 1438.763186, "delta": 3.331883}}
{"target": 0.2875875787267948, "params": {"T1": 0.08060874618813692, "T3": 0.1177547707975994, "T5": 0.14675715363185224, "U1": 15.402455930674233, "U5": 13.776382257946286}, "datetime": {"datetime": "2021-03-05 13:27:14", "elapsed": 1441.759673, "delta": 2.996487}}
{"target": 0.21177113392450717, "params": {"T1": 0.07263823852726706, "T3": 0.0875409321376989, "T5": 0.05786203537458621, "U1": 13.826001134175037, "U5": 16.263888748796866}, "datetime": {"datetime": "2021-03-05 13:27:17", "elapsed": 1444.650883, "delta": 2.89121}}
{"target": 0.3175113876222666, "params": {"T1": 0.09715962067947563, "T3": 0.14116434126131894, "T5": 0.09413928613209915, "U1": 18.62278977424864, "U5": 17.386063559849507}, "datetime": {"datetime": "2021-03-05 13:27:23", "elapsed": 1450.366229, "delta": 5.715346}}
{"target": 0.4035650079381164, "params": {"T1": 0.1179020577219266, "T3": 0.14273554554850976, "T5": 0.0661329817356742, "U1": 15.725980577436488, "U5": 13.103978878916742}, "datetime": {"datetime": "2021-03-05 13:27:29", "elapsed": 1456.421551, "delta": 6.055322}}
{"target": 0.1512140417883898, "params": {"T1": 0.12501837972115581, "T3": 0.09807583818748974, "T5": 0.07162248017913117, "U1": 16.046602048297068, "U5": 13.557781168096373}, "datetime": {"datetime": "2021-03-05 13:27:31", "elapsed": 1458.987742, "delta": 2.566191}}
{"target": 0.378848719849785, "params": {"T1": 0.14280711013746716, "T3": 0.07169094099601801, "T5": 0.09807087870517738, "U1": 18.661003112947352, "U5": 18.08885302470741}, "datetime": {"datetime": "2021-03-05 13:27:35", "elapsed": 1462.184978, "delta": 3.197236}}
{"target": 0.13217730997051208, "params": {"T1": 0.11557397385952285, "T3": 0.07238937686447502, "T5": 0.10382027775367562, "U1": 15.64073872496787, "U5": 19.098537589150165}, "datetime": {"datetime": "2021-03-05 13:27:38", "elapsed": 1465.941892, "delta": 3.756914}}
{"target": 0.6334499229847451, "params": {"T1": 0.0986665359675637, "T3": 0.10429310041853335, "T5": 0.07512969223178097, "U1": 17.00925796467243, "U5": 19.028802210307354}, "datetime": {"datetime": "2021-03-05 13:27:45", "elapsed": 1472.41419, "delta": 6.472298}}
{"target": 0.43716070746849645, "params": {"T1": 0.06312683153917553, "T3": 0.10738240945976193, "T5": 0.14447894172972303, "U1": 17.50333289242384, "U5": 14.712699327420953}, "datetime": {"datetime": "2021-03-05 13:27:47", "elapsed": 1475.145632, "delta": 2.731442}}
{"target": 0.18044677181729704, "params": {"T1": 0.13790563568778608, "T3": 0.11644849590365221, "T5": 0.12698224299438537, "U1": 19.671902811237576, "U5": 14.31712293929658}, "datetime": {"datetime": "2021-03-05 13:27:57", "elapsed": 1484.433022, "delta": 9.28739}}
{"target": 0.2550049548447281, "params": {"T1": 0.06669722031446221, "T3": 0.10073307801437087, "T5": 0.127890718815582, "U1": 18.680095395393433, "U5": 14.393525585231163}, "datetime": {"datetime": "2021-03-05 13:28:00", "elapsed": 1487.24451, "delta": 2.811488}}
{"target": 0.8053341422992966, "params": {"T1": 0.09675508259915509, "T3": 0.12094209293053505, "T5": 0.08020897191264821, "U1": 14.515851133293346, "U5": 18.602108627601044}, "datetime": {"datetime": "2021-03-05 13:28:07", "elapsed": 1494.842908, "delta": 7.598398}}
