{"target": 0.40730683099076676, "params": {"T1": 0.06727668948665436, "T3": 0.11534315558354943, "T5": 0.13700250887899534, "U1": 17.977468994393256, "U5": 18.077366380058926}, "datetime": {"datetime": "2021-03-05 13:03:12", "elapsed": 0.0, "delta": 0.0}}
{"target": 0.16512187149640992, "params": {"T1": 0.12516522970482807, "T3": 0.13780176096532026, "T5": 0.08721767549739909, "U1": 17.434120754191852, "U5": 15.476066952616046}, "datetime": {"datetime": "2021-03-05 13:03:12", "elapsed": 0.058274, "delta": 0.058274}}
{"target": 0.22490956247274022, "params": {"T1": 0.13249236267404324, "T3": 0.06146138048021163, "T5": 0.054873744509537026, "U1": 16.42009371656708, "U5": 12.734194390235833}, "datetime": {"datetime": "2021-03-05 13:03:12", "elapsed": 0.110745, "delta": 0.052471}}
{"target": 0.3709803613388266, "params": {"T1": 0.05923689656963871, "T3": 0.13192644122533476, "T5": 0.08921954477680734, "U1": 14.222883090047414, "U5": 19.37193174387224}, "datetime": {"datetime": "2021-03-05 13:03:12", "elapsed": 0.163429, "delta": 0.052684}}
{"target": 0.31213728400670826, "params": {"T1": 0.07596737600493725, "T3": 0.0901806940295689, "T5": 0.13445511940452332, "U1": 14.02908036369087, "U5": 14.248765242831965}, "datetime": {"datetime": "2021-03-05 13:03:13", "elapsed": 0.218666, "delta": 0.055237}}
{"target": 0.15602550054850997, "params": {"T1": 0.0811970710902672, "T3": 0.09656702344573853, "T5": 0.12258388819542919, "U1": 17.56686167654045, "U5": 12.913440685714775}, "datetime": {"datetime": "2021-03-05 13:03:13", "elapsed": 0.273004, "delta": 0.054338}}
{"target": 0.1394169173458829, "params": {"T1": 0.10422692328649244, "T3": 0.11947235477820554, "T5": 0.09303725394606555, "U1": 12.825767728298224, "U5": 15.410219404509288}, "datetime": {"datetime": "2021-03-05 13:03:13", "elapsed": 0.327824, "delta": 0.05482}}
{"target": 0.2232223755427264, "params": {"T1": 0.14933016976068747, "T3": 0.07661825160863268, "T5": 0.061308396142113475, "U1": 14.818138142284745, "U5": 13.8831265214443}, "datetime": {"datetime": "2021-03-05 13:03:13", "elapsed": 0.381924, "delta": 0.0541}}
{"target": 0.6478386066154522, "params": {"T1": 0.09507910343062295, "T3": 0.11897943046165063, "T5": 0.11378100798389344, "U1": 12.710750060383557, "U5": 15.847678023390351}, "datetime": {"datetime": "2021-03-05 13:03:13", "elapsed": 0.436385, "delta": 0.054461}}
{"target": 1.0807419078000675, "params": {"T1": 0.12450032596511552, "T3": 0.08320266177296126, "T5": 0.1078141124405832, "U1": 19.514453810008508, "U5": 17.248859699356444}, "datetime": {"datetime": "2021-03-05 13:03:13", "elapsed": 0.489761, "delta": 0.053376}}
{"target": 0.15436142409475845, "params": {"T1": 0.07537464932073895, "T3": 0.0679929141545863, "T5": 0.09391341748603653, "U1": 15.80394590699229, "U5": 16.41171676589554}, "datetime": {"datetime": "2021-03-05 13:03:13", "elapsed": 0.540701, "delta": 0.05094}}
{"target": 0.1529907127852846, "params": {"T1": 0.061479179492747005, "T3": 0.07270974038489328, "T5": 0.1428901093942278, "U1": 17.678220518908137, "U5": 13.56365336766958}, "datetime": {"datetime": "2021-03-05 13:03:13", "elapsed": 0.594001, "delta": 0.0533}}
{"target": 0.21645610279232538, "params": {"T1": 0.12220709200005192, "T3": 0.08893785732703714, "T5": 0.0535509803823676, "U1": 15.90321842656067, "U5": 15.908674385362445}, "datetime": {"datetime": "2021-03-05 13:03:13", "elapsed": 0.645862, "delta": 0.051861}}
{"target": 0.1849391251277556, "params": {"T1": 0.08100692483828288, "T3": 0.09171688095928823, "T5": 0.09398910266585452, "U1": 17.939421211499216, "U5": 13.341438891575178}, "datetime": {"datetime": "2021-03-05 13:03:13", "elapsed": 0.698445, "delta": 0.052583}}
{"target": 0.24152117466361203, "params": {"T1": 0.05082433986172098, "T3": 0.14445397549597022, "T5": 0.0523972326827189, "U1": 15.349156724997345, "U5": 14.768628582719739}, "datetime": {"datetime": "2021-03-05 13:03:13", "elapsed": 0.749921, "delta": 0.051476}}
{"target": 0.20078766441105877, "params": {"T1": 0.06382183877904428, "T3": 0.07523658882580858, "T5": 0.13955505921821776, "U1": 14.820033712084074, "U5": 12.464710824811332}, "datetime": {"datetime": "2021-03-05 13:03:13", "elapsed": 0.804245, "delta": 0.054324}}
{"target": 0.2125176433973186, "params": {"T1": 0.08080897835210889, "T3": 0.1447052471098798, "T5": 0.08131045926264949, "U1": 18.671961466363147, "U5": 16.291245513909253}, "datetime": {"datetime": "2021-03-05 13:03:13", "elapsed": 0.857202, "delta": 0.052957}}
{"target": 0.4416301095328685, "params": {"T1": 0.09605448835491619, "T3": 0.0998741985456945, "T5": 0.135579336679635, "U1": 18.639570783750315, "U5": 18.966274325562203}, "datetime": {"datetime": "2021-03-05 13:03:13", "elapsed": 0.910808, "delta": 0.053606}}
{"target": 0.7081046773964459, "params": {"T1": 0.09017871480226654, "T3": 0.06851026975812027, "T5": 0.08183223770545575, "U1": 19.366880063336, "U5": 18.352087072570004}, "datetime": {"datetime": "2021-03-05 13:03:13", "elapsed": 0.96151, "delta": 0.050702}}
{"target": 0.2609014147415688, "params": {"T1": 0.08770871982000264, "T3": 0.10785876161122931, "T5": 0.08164527390494218, "U1": 16.69573216492649, "U5": 15.19203672908818}, "datetime": {"datetime": "2021-03-05 13:03:13", "elapsed": 1.014417, "delta": 0.052907}}
{"target": 0.27545622583541596, "params": {"T1": 0.13254066495181843, "T3": 0.07957957852916492, "T5": 0.13193775647141434, "U1": 12.077852779898041, "U5": 12.491915021269367}, "datetime": {"datetime": "2021-03-05 13:03:13", "elapsed": 1.07312, "delta": 0.058703}}
{"target": 0.23289218269782505, "params": {"T1": 0.14669182305296274, "T3": 0.05059453390911964, "T5": 0.14545750491386727, "U1": 12.96237542942761, "U5": 13.989083725047914}, "datetime": {"datetime": "2021-03-05 13:03:13", "elapsed": 1.130434, "delta": 0.057314}}
{"target": 0.26905522419235645, "params": {"T1": 0.14457141063742945, "T3": 0.10626613200577989, "T5": 0.11274341861831157, "U1": 19.29066018510685, "U5": 19.480709966478347}, "datetime": {"datetime": "2021-03-05 13:03:14", "elapsed": 1.184307, "delta": 0.053873}}
{"target": 0.1850492655148304, "params": {"T1": 0.13851687153981523, "T3": 0.09269862361726125, "T5": 0.14498807508882583, "U1": 18.06703719937954, "U5": 16.00222573735013}, "datetime": {"datetime": "2021-03-05 13:03:14", "elapsed": 1.239849, "delta": 0.055542}}
{"target": 0.2899146463930746, "params": {"T1": 0.12751486559841713, "T3": 0.09410248113589556, "T5": 0.1437913958511315, "U1": 14.720187705589236, "U5": 19.505874534634568}, "datetime": {"datetime": "2021-03-05 13:03:14", "elapsed": 1.295401, "delta": 0.055552}}
{"target": 0.43302515238540906, "params": {"T1": 0.06874742421117969, "T3": 0.08579978003013622, "T5": 0.06241157931133147, "U1": 17.658585736690053, "U5": 18.463952105697125}, "datetime": {"datetime": "2021-03-05 13:03:14", "elapsed": 1.345361, "delta": 0.04996}}
{"target": 0.47757657568244477, "params": {"T1": 0.07121942604333614, "T3": 0.10611329599241745, "T5": 0.056172448979197646, "U1": 18.29547749668974, "U5": 18.070661972476355}, "datetime": {"datetime": "2021-03-05 13:03:14", "elapsed": 1.395958, "delta": 0.050597}}
{"target": 0.3281254701584241, "params": {"T1": 0.06212325684750686, "T3": 0.11385928386747345, "T5": 0.11582475442004088, "U1": 12.966832216097513, "U5": 15.551913076319698}, "datetime": {"datetime": "2021-03-05 13:03:14", "elapsed": 1.449339, "delta": 0.053381}}
{"target": 0.25047657639483545, "params": {"T1": 0.06190013171851425, "T3": 0.05984614294964498, "T5": 0.06438935404251994, "U1": 12.031766064852231, "U5": 12.709521144890923}, "datetime": {"datetime": "2021-03-05 13:03:14", "elapsed": 1.499937, "delta": 0.050598}}
{"target": 0.2371795915056313, "params": {"T1": 0.08866854075125744, "T3": 0.14151611361541638, "T5": 0.0803593017271602, "U1": 13.8798924970345, "U5": 13.555796428425708}, "datetime": {"datetime": "2021-03-05 13:03:14", "elapsed": 1.554143, "delta": 0.054206}}
{"target": 0.42216740704140776, "params": {"T1": 0.06689522893834979, "T3": 0.08527457865494344, "T5": 0.13217164669374593, "U1": 13.608102942537947, "U5": 18.932595924540347}, "datetime": {"datetime": "2021-03-05 13:03:14", "elapsed": 1.606743, "delta": 0.0526}}
{"target": 0.13425563702391413, "params": {"T1": 0.13341448995945324, "T3": 0.05419006579721114, "T5": 0.07950716422894746, "U1": 15.672702017934217, "U5": 13.432876870703737}, "datetime": {"datetime": "2021-03-05 13:03:14", "elapsed": 1.660064, "delta": 0.053321}}
{"target": 0.5451300219457093, "params": {"T1": 0.09285039307786777, "T3": 0.11736711746475638, "T5": 0.13978656990596933, "U1": 18.6157823672771, "U5": 18.95682368153382}, "datetime": {"datetime": "2021-03-05 13:03:14", "elapsed": 1.713994, "delta": 0.05393}}
{"target": 0.1758501355432828, "params": {"T1": 0.09785267228295727, "T3": 0.056117280671535666, "T5": 0.12545376518938284, "U1": 17.12902823303063, "U5": 14.72084025624379}, "datetime": {"datetime": "2021-03-05 13:03:14", "elapsed": 1.767379, "delta": 0.053385}}
{"target": 0.4670297388838401, "params": {"T1": 0.05026332680742057, "T3": 0.14804462499268192, "T5": 0.05073039243253518, "U1": 18.04981132117328, "U5": 18.94345015902264}, "datetime": {"datetime": "2021-03-05 13:03:14", "elapsed": 1.817745, "delta": 0.050366}}
{"target": 0.4927142888278663, "params": {"T1": 0.13509438059368944, "T3": 0.06259252909228939, "T5": 0.0763722501523438, "U1": 19.95676515057991, "U5": 19.148912705273435}, "datetime": {"datetime": "2021-03-05 13:03:14", "elapsed": 1.869066, "delta": 0.051321}}
{"target": 0.1734012188457899, "params": {"T1": 0.1142398167274265, "T3": 0.09339027715493362, "T5": 0.12385985695727293, "U1": 12.002857031529537, "U5": 18.187588778069482}, "datetime": {"datetime": "2021-03-05 13:03:14", "elapsed": 1.923802, "delta": 0.054736}}
{"target": 0.19996814341707894, "params": {"T1": 0.11707268467865362, "T3": 0.05281071728910724, "T5": 0.08329878649604193, "U1": 16.26986748895243, "U5": 13.126039809674786}, "datetime": {"datetime": "2021-03-05 13:03:14", "elapsed": 1.976561, "delta": 0.052759}}
{"target": 0.5297486608692731, "params": {"T1": 0.12243689165659251, "T3": 0.07283399752541572, "T5": 0.079493865078725, "U1": 16.252751008466426, "U5": 17.8237991542402}, "datetime": {"datetime": "2021-03-05 13:03:14", "elapsed": 2.029126, "delta": 0.052565}}
{"target": 0.23149273887556826, "params": {"T1": 0.07256167249824971, "T3": 0.06837647402200178, "T5": 0.11367259781599155, "U1": 13.380162076855768, "U5": 16.54704106699825}, "datetime": {"datetime": "2021-03-05 13:03:14", "elapsed": 2.081527, "delta": 0.052401}}
{"target": 0.2923234623865097, "params": {"T1": 0.12962773402485978, "T3": 0.07353647359364032, "T5": 0.12605192983711738, "U1": 15.473032890391384, "U5": 15.72117313857408}, "datetime": {"datetime": "2021-03-05 13:03:14", "elapsed": 2.13669, "delta": 0.055163}}
{"target": 0.29378943567287, "params": {"T1": 0.13978541262947303, "T3": 0.13582123168244914, "T5": 0.062155663107706496, "U1": 19.833508879626972, "U5": 12.008542895050198}, "datetime": {"datetime": "2021-03-05 13:03:15", "elapsed": 2.191106, "delta": 0.054416}}
{"target": 0.21122620313898458, "params": {"T1": 0.08960574744940755, "T3": 0.10120666294507467, "T5": 0.11832190447110291, "U1": 14.968497407210245, "U5": 16.65993588277503}, "datetime": {"datetime": "2021-03-05 13:03:15", "elapsed": 2.245368, "delta": 0.054262}}
{"target": 0.2200415277535902, "params": {"T1": 0.12107475556365407, "T3": 0.13175544217598872, "T5": 0.14878041842467327, "U1": 19.706892409933584, "U5": 15.576467520372374}, "datetime": {"datetime": "2021-03-05 13:03:15", "elapsed": 2.301255, "delta": 0.055887}}
{"target": 1.114219392716648, "params": {"T1": 0.07003852465725548, "T3": 0.12495290900573809, "T5": 0.09393050763491123, "U1": 15.004530390056427, "U5": 15.927493985217106}, "datetime": {"datetime": "2021-03-05 13:03:15", "elapsed": 2.353944, "delta": 0.052689}}
{"target": 0.16271419894020178, "params": {"T1": 0.11263904061960286, "T3": 0.0568153547387152, "T5": 0.1470349018511016, "U1": 19.874026069424332, "U5": 13.533528726482084}, "datetime": {"datetime": "2021-03-05 13:03:15", "elapsed": 2.407928, "delta": 0.053984}}
{"target": 0.17965099170169835, "params": {"T1": 0.13996837083242175, "T3": 0.10892191751495106, "T5": 0.1394055573556238, "U1": 18.828943691244245, "U5": 18.584456426692405}, "datetime": {"datetime": "2021-03-05 13:03:15", "elapsed": 2.463739, "delta": 0.055811}}
{"target": 0.27835231794566684, "params": {"T1": 0.07367475384752015, "T3": 0.12092381944679766, "T5": 0.06277187971248474, "U1": 19.39706131186166, "U5": 19.58226627170584}, "datetime": {"datetime": "2021-03-05 13:03:15", "elapsed": 2.514292, "delta": 0.050553}}
{"target": 0.27008990833681956, "params": {"T1": 0.06970765651958011, "T3": 0.1327325559461816, "T5": 0.13004263735709048, "U1": 17.640274737681, "U5": 18.130009708991537}, "datetime": {"datetime": "2021-03-05 13:03:15", "elapsed": 2.567682, "delta": 0.05339}}
{"target": 0.2670117951346611, "params": {"T1": 0.10245580938785837, "T3": 0.11261683660824097, "T5": 0.1179348561791913, "U1": 19.815279698401007, "U5": 18.092438691555742}, "datetime": {"datetime": "2021-03-05 13:03:15", "elapsed": 2.621139, "delta": 0.053457}}
{"target": 0.16118627226323948, "params": {"T1": 0.13365910823961236, "T3": 0.12472795346028594, "T5": 0.11176359683939285, "U1": 13.501587289439033, "U5": 19.10436472172332}, "datetime": {"datetime": "2021-03-05 13:03:15", "elapsed": 2.676523, "delta": 0.055384}}
{"target": 0.15946135794465502, "params": {"T1": 0.05586980695586058, "T3": 0.12128069347330263, "T5": 0.07854953290762005, "U1": 17.41283755449931, "U5": 13.476198208449027}, "datetime": {"datetime": "2021-03-05 13:03:15", "elapsed": 2.728438, "delta": 0.051915}}
{"target": 0.14264324756131594, "params": {"T1": 0.10601480539784586, "T3": 0.12338731200799698, "T5": 0.10252807721518037, "U1": 14.728937343086912, "U5": 19.41067307619499}, "datetime": {"datetime": "2021-03-05 13:03:15", "elapsed": 2.78234, "delta": 0.053902}}
{"target": 0.208093611234694, "params": {"T1": 0.14996612688400818, "T3": 0.0784076855046127, "T5": 0.14411399780893036, "U1": 12.536043212768732, "U5": 18.365030767736087}, "datetime": {"datetime": "2021-03-05 13:03:15", "elapsed": 2.839619, "delta": 0.057279}}
{"target": 0.3362411733884167, "params": {"T1": 0.09839814984091055, "T3": 0.1062401043483758, "T5": 0.11270401920798254, "U1": 12.605744268780448, "U5": 19.67577000496243}, "datetime": {"datetime": "2021-03-05 13:03:15", "elapsed": 2.893531, "delta": 0.053912}}
{"target": 0.16808647814596853, "params": {"T1": 0.1296039139722165, "T3": 0.10522246837502801, "T5": 0.0673268609965071, "U1": 18.03501783803171, "U5": 12.239019702828902}, "datetime": {"datetime": "2021-03-05 13:03:15", "elapsed": 2.946808, "delta": 0.053277}}
{"target": 0.21706280517701423, "params": {"T1": 0.06605055475265044, "T3": 0.07029615569804097, "T5": 0.0836855979262807, "U1": 19.360604370540923, "U5": 15.629749623676684}, "datetime": {"datetime": "2021-03-05 13:03:15", "elapsed": 2.997531, "delta": 0.050723}}
{"target": 0.3493242355579213, "params": {"T1": 0.10443382128222937, "T3": 0.09847788505485239, "T5": 0.10764334472002662, "U1": 15.575291988794897, "U5": 16.27608781588789}, "datetime": {"datetime": "2021-03-05 13:03:15", "elapsed": 3.052008, "delta": 0.054477}}
{"target": 0.4128489239859688, "params": {"T1": 0.10780973381839651, "T3": 0.09823153250321501, "T5": 0.11779382450572196, "U1": 15.658257549683432, "U5": 17.15319436665253}, "datetime": {"datetime": "2021-03-05 13:03:15", "elapsed": 3.105954, "delta": 0.053946}}
{"target": 0.24614449123904936, "params": {"T1": 0.11503609741855915, "T3": 0.11900643280260605, "T5": 0.08497793391058481, "U1": 12.217113673997126, "U5": 15.737259710533996}, "datetime": {"datetime": "2021-03-05 13:03:15", "elapsed": 3.160916, "delta": 0.054962}}
{"target": 0.22633093396328652, "params": {"T1": 0.05017982299736902, "T3": 0.14438489428820467, "T5": 0.08563663105606836, "U1": 18.88146971544455, "U5": 12.638423906914026}, "datetime": {"datetime": "2021-03-05 13:03:16", "elapsed": 3.213675, "delta": 0.052759}}
{"target": 0.2931162705528292, "params": {"T1": 0.07457093352883278, "T3": 0.11027545589546377, "T5": 0.06409724105285527, "U1": 18.78549315507368, "U5": 14.47675176427931}, "datetime": {"datetime": "2021-03-05 13:03:16", "elapsed": 3.265251, "delta": 0.051576}}
{"target": 0.17908654583523345, "params": {"T1": 0.13553509242778294, "T3": 0.1308394188296316, "T5": 0.13113219329694045, "U1": 18.375870801857243, "U5": 15.101469458897277}, "datetime": {"datetime": "2021-03-05 13:03:16", "elapsed": 3.321677, "delta": 0.056426}}
{"target": 0.2602706131532424, "params": {"T1": 0.1054416564223492, "T3": 0.06798447307275912, "T5": 0.09223419626371598, "U1": 14.04837277707126, "U5": 16.15579757422889}, "datetime": {"datetime": "2021-03-05 13:03:16", "elapsed": 3.374364, "delta": 0.052687}}
{"target": 0.1941751777645118, "params": {"T1": 0.0565883283908772, "T3": 0.05453891739740161, "T5": 0.13170929995624314, "U1": 14.79807752259568, "U5": 19.684618869083508}, "datetime": {"datetime": "2021-03-05 13:03:16", "elapsed": 3.424746, "delta": 0.050382}}
{"target": 0.1690805597353019, "params": {"T1": 0.1367826938156681, "T3": 0.1170494565311423, "T5": 0.06554834159571195, "U1": 13.515813269364262, "U5": 16.829415600274828}, "datetime": {"datetime": "2021-03-05 13:03:16", "elapsed": 3.479446, "delta": 0.0547}}
{"target": 0.2988380779783566, "params": {"T1": 0.13242434155354496, "T3": 0.12486438516022193, "T5": 0.14533231180076617, "U1": 14.636813705224544, "U5": 15.426952959262712}, "datetime": {"datetime": "2021-03-05 13:03:16", "elapsed": 3.537847, "delta": 0.058401}}
{"target": 0.21873894034899083, "params": {"T1": 0.14924368340115432, "T3": 0.08322373517768314, "T5": 0.12323385443118605, "U1": 16.868334121242903, "U5": 18.934842318800168}, "datetime": {"datetime": "2021-03-05 13:03:16", "elapsed": 3.592316, "delta": 0.054469}}
{"target": 0.16467510828431559, "params": {"T1": 0.05441880299586859, "T3": 0.1324620330879138, "T5": 0.1392884189245095, "U1": 16.201712303044605, "U5": 12.080391862709398}, "datetime": {"datetime": "2021-03-05 13:03:16", "elapsed": 3.647042, "delta": 0.054726}}
{"target": 0.26879590906883744, "params": {"T1": 0.10866723428789503, "T3": 0.05287353186722739, "T5": 0.09126952837828413, "U1": 19.136765153488984, "U5": 19.284158961708773}, "datetime": {"datetime": "2021-03-05 13:03:16", "elapsed": 3.697686, "delta": 0.050644}}
{"target": 0.2810280661793153, "params": {"T1": 0.05643969056056036, "T3": 0.13807222268914265, "T5": 0.1303141832780065, "U1": 15.245663475618088, "U5": 14.276486073273269}, "datetime": {"datetime": "2021-03-05 13:03:16", "elapsed": 3.752361, "delta": 0.054675}}
{"target": 0.21742503767309793, "params": {"T1": 0.09424834357039495, "T3": 0.09711094534662801, "T5": 0.07171962828618575, "U1": 13.241432193605142, "U5": 18.154702343691433}, "datetime": {"datetime": "2021-03-05 13:03:16", "elapsed": 3.804316, "delta": 0.051955}}
{"target": 0.19473078166685445, "params": {"T1": 0.11758009046502428, "T3": 0.06570006926470688, "T5": 0.08926481116060234, "U1": 14.537560247330727, "U5": 16.464092862852866}, "datetime": {"datetime": "2021-03-05 13:03:16", "elapsed": 3.857167, "delta": 0.052851}}
{"target": 0.25190775964297807, "params": {"T1": 0.1387812180503663, "T3": 0.140952679301392, "T5": 0.06815305252934442, "U1": 19.697422541721963, "U5": 18.63840825011419}, "datetime": {"datetime": "2021-03-05 13:03:16", "elapsed": 3.910777, "delta": 0.05361}}
{"target": 0.40110404825803003, "params": {"T1": 0.07281126585546151, "T3": 0.11145686496191097, "T5": 0.13667315143907022, "U1": 14.684595897575578, "U5": 16.982866184959864}, "datetime": {"datetime": "2021-03-05 13:03:16", "elapsed": 3.964683, "delta": 0.053906}}
{"target": 0.1898627244128037, "params": {"T1": 0.10806705593290289, "T3": 0.13546203240203647, "T5": 0.0754907431205126, "U1": 15.351782451495986, "U5": 16.437554464962595}, "datetime": {"datetime": "2021-03-05 13:03:16", "elapsed": 4.019063, "delta": 0.05438}}
{"target": 0.16343451302472145, "params": {"T1": 0.09928291219110166, "T3": 0.059953583117952014, "T5": 0.1379981518942064, "U1": 16.707032005047083, "U5": 15.572650292767083}, "datetime": {"datetime": "2021-03-05 13:03:16", "elapsed": 4.072375, "delta": 0.053312}}
{"target": 0.4277842187301937, "params": {"T1": 0.14550889053021077, "T3": 0.1351688454554604, "T5": 0.05641308349813761, "U1": 17.75154450911451, "U5": 19.44923948812353}, "datetime": {"datetime": "2021-03-05 13:03:16", "elapsed": 4.126033, "delta": 0.053658}}
{"target": 0.3082376099896821, "params": {"T1": 0.08288028876452233, "T3": 0.05861111038908692, "T5": 0.14547416104501792, "U1": 16.28352471736644, "U5": 16.28484683549938}, "datetime": {"datetime": "2021-03-05 13:03:17", "elapsed": 4.180034, "delta": 0.054001}}
{"target": 0.17450190569252202, "params": {"T1": 0.13753865558086498, "T3": 0.1144885440249321, "T5": 0.055535979788595695, "U1": 18.434087550534, "U5": 13.513627313010852}, "datetime": {"datetime": "2021-03-05 13:03:17", "elapsed": 4.233924, "delta": 0.05389}}
{"target": 0.2346387191658169, "params": {"T1": 0.13552491114573567, "T3": 0.06586793970251359, "T5": 0.08292265968874361, "U1": 14.332782593321326, "U5": 18.743773538641175}, "datetime": {"datetime": "2021-03-05 13:03:17", "elapsed": 4.28775, "delta": 0.053826}}
{"target": 0.17934285827263519, "params": {"T1": 0.07654182173742327, "T3": 0.08278768507422465, "T5": 0.06752555185434149, "U1": 15.923934103875752, "U5": 18.531281587880713}, "datetime": {"datetime": "2021-03-05 13:03:17", "elapsed": 4.338403, "delta": 0.050653}}
{"target": 0.5640564048500857, "params": {"T1": 0.07318355769518856, "T3": 0.10807263698854966, "T5": 0.09836750228167206, "U1": 19.360550703466668, "U5": 12.22577412358925}, "datetime": {"datetime": "2021-03-05 13:03:17", "elapsed": 4.391003, "delta": 0.0526}}
