{"target": 0.13107907001774663, "params": {"T1": 0.10365948065317662, "T3": 0.07631382403334205, "T5": 0.08106322807395562, "U1": 14.812553687281643, "U5": 16.507455603278526}, "datetime": {"datetime": "2021-03-05 13:04:04", "elapsed": 51.731933, "delta": 0.371011}}
{"target": 0.14548067725827254, "params": {"T1": 0.13180669333082087, "T3": 0.05252367747876279, "T5": 0.06220176920194588, "U1": 15.060930995530011, "U5": 15.079948598326013}, "datetime": {"datetime": "2021-03-05 13:04:04", "elapsed": 52.094686, "delta": 0.362753}}
{"target": 0.33529490594114125, "params": {"T1": 0.11973971349589466, "T3": 0.09670192164693997, "T5": 0.09694735307185956, "U1": 19.537416358567306, "U5": 17.23738090475407}, "datetime": {"datetime": "2021-03-05 13:04:05", "elapsed": 52.872963, "delta": 0.778277}}
{"target": 0.19438713505282162, "params": {"T1": 0.10086869620726413, "T3": 0.09117142814081443, "T5": 0.07500492611917325, "U1": 16.89246029571236, "U5": 17.4661182576463}, "datetime": {"datetime": "2021-03-05 13:04:06", "elapsed": 53.745477, "delta": 0.872514}}
{"target": 0.1537414998952062, "params": {"T1": 0.14910079115274016, "T3": 0.09328528723912483, "T5": 0.13290211158837248, "U1": 19.37507951482256, "U5": 16.2759508710385}, "datetime": {"datetime": "2021-03-05 13:04:06", "elapsed": 54.108485, "delta": 0.363008}}
{"target": 0.18663271385183852, "params": {"T1": 0.10216149878569161, "T3": 0.07149486238249862, "T5": 0.09459870414645355, "U1": 18.92166056316573, "U5": 12.600742803960639}, "datetime": {"datetime": "2021-03-05 13:04:07", "elapsed": 54.461629, "delta": 0.353144}}
{"target": 0.3722303402493852, "params": {"T1": 0.1049664979568612, "T3": 0.13785052163605044, "T5": 0.0685015642194877, "U1": 18.66558948320793, "U5": 18.03641752984154}, "datetime": {"datetime": "2021-03-05 13:04:08", "elapsed": 55.216203, "delta": 0.754574}}
{"target": 0.38156561918767273, "params": {"T1": 0.091819180851263, "T3": 0.07740585113300269, "T5": 0.05341272056984264, "U1": 17.656646691504093, "U5": 18.457354239587882}, "datetime": {"datetime": "2021-03-05 13:04:08", "elapsed": 56.053363, "delta": 0.83716}}
{"target": 0.2938019789406172, "params": {"T1": 0.10952143015675551, "T3": 0.08490916516747973, "T5": 0.11923923547975239, "U1": 19.532553188329096, "U5": 17.251667487548985}, "datetime": {"datetime": "2021-03-05 13:04:09", "elapsed": 56.826676, "delta": 0.773313}}
{"target": 0.21207075659817987, "params": {"T1": 0.12004713195064184, "T3": 0.06776995519556288, "T5": 0.09354184168548599, "U1": 16.759879278087592, "U5": 17.156465824711063}, "datetime": {"datetime": "2021-03-05 13:04:10", "elapsed": 57.212669, "delta": 0.385993}}
{"target": 0.17554437397162675, "params": {"T1": 0.054891586480090675, "T3": 0.1298857859023338, "T5": 0.09201551339095701, "U1": 15.023990738983493, "U5": 15.936700243176508}, "datetime": {"datetime": "2021-03-05 13:04:10", "elapsed": 58.043249, "delta": 0.83058}}
{"target": 0.17845466229589485, "params": {"T1": 0.13813668121681616, "T3": 0.12517592068056255, "T5": 0.1098625113614488, "U1": 14.99023400064171, "U5": 12.255020040156527}, "datetime": {"datetime": "2021-03-05 13:04:11", "elapsed": 58.430401, "delta": 0.387152}}
{"target": 0.19700318019800256, "params": {"T1": 0.1433075489279439, "T3": 0.13949060190691448, "T5": 0.1351605840080044, "U1": 16.06241979940573, "U5": 13.331143763199965}, "datetime": {"datetime": "2021-03-05 13:04:11", "elapsed": 58.814752, "delta": 0.384351}}
{"target": 0.20385134510857533, "params": {"T1": 0.060902286533079414, "T3": 0.08959005072296658, "T5": 0.06248923258530681, "U1": 19.220678839350132, "U5": 15.261925264173755}, "datetime": {"datetime": "2021-03-05 13:04:12", "elapsed": 59.201759, "delta": 0.387007}}
{"target": 0.15126640950869172, "params": {"T1": 0.0869335926833635, "T3": 0.08135919655020707, "T5": 0.08807223575438614, "U1": 17.047180891645333, "U5": 17.62785039145925}, "datetime": {"datetime": "2021-03-05 13:04:12", "elapsed": 59.568321, "delta": 0.366562}}
{"target": 0.2846723353685167, "params": {"T1": 0.07498304692472325, "T3": 0.05875265132415341, "T5": 0.14511515440917228, "U1": 13.780547317122696, "U5": 16.065509277129948}, "datetime": {"datetime": "2021-03-05 13:04:12", "elapsed": 59.963351, "delta": 0.39503}}
{"target": 0.2292117330679016, "params": {"T1": 0.1244516861799332, "T3": 0.14961183830734914, "T5": 0.06540554066645009, "U1": 17.363887404847663, "U5": 12.887402904377073}, "datetime": {"datetime": "2021-03-05 13:04:13", "elapsed": 60.746203, "delta": 0.782852}}
{"target": 0.1332358823655996, "params": {"T1": 0.12561348149644794, "T3": 0.09000566471789505, "T5": 0.0792466179364458, "U1": 16.56745643396264, "U5": 12.754098510846557}, "datetime": {"datetime": "2021-03-05 13:04:13", "elapsed": 61.161571, "delta": 0.415368}}
{"target": 0.2460516675570863, "params": {"T1": 0.06093121102782148, "T3": 0.11059241077798448, "T5": 0.11822079278904235, "U1": 14.98281155507404, "U5": 15.909403296870753}, "datetime": {"datetime": "2021-03-05 13:04:14", "elapsed": 61.969411, "delta": 0.80784}}
{"target": 0.6067026872982972, "params": {"T1": 0.08954763256427334, "T3": 0.07109716227726524, "T5": 0.06571129053732003, "U1": 16.054866239757608, "U5": 14.014377792830386}, "datetime": {"datetime": "2021-03-05 13:04:15", "elapsed": 62.357596, "delta": 0.388185}}
{"target": 1.0795392058381617, "params": {"T1": 0.13577934512940915, "T3": 0.1176875678628456, "T5": 0.05870904250977404, "U1": 17.133574661296294, "U5": 13.02796941447288}, "datetime": {"datetime": "2021-03-05 13:04:15", "elapsed": 63.124767, "delta": 0.767171}}
{"target": 0.1513579522408748, "params": {"T1": 0.11034806567088526, "T3": 0.0637545406460194, "T5": 0.09567629473798747, "U1": 16.618115709892724, "U5": 17.717056165813386}, "datetime": {"datetime": "2021-03-05 13:04:16", "elapsed": 63.516364, "delta": 0.391597}}
{"target": 0.17537520400861617, "params": {"T1": 0.13758376259685925, "T3": 0.09620429142437348, "T5": 0.13674376333801358, "U1": 15.295521750263266, "U5": 15.267006239811447}, "datetime": {"datetime": "2021-03-05 13:04:16", "elapsed": 63.905687, "delta": 0.389323}}
{"target": 0.6110617566000446, "params": {"T1": 0.05417274492701098, "T3": 0.13890012242790267, "T5": 0.06641848518456535, "U1": 13.936874105306167, "U5": 15.593695420440923}, "datetime": {"datetime": "2021-03-05 13:04:17", "elapsed": 64.279453, "delta": 0.373766}}
{"target": 0.24503163893715627, "params": {"T1": 0.09513810001929127, "T3": 0.07899641880522593, "T5": 0.07253990998133274, "U1": 19.372389839700595, "U5": 18.36354067062779}, "datetime": {"datetime": "2021-03-05 13:04:18", "elapsed": 65.175736, "delta": 0.896283}}
{"target": 0.17655568116518136, "params": {"T1": 0.11406473818981551, "T3": 0.10091037032542716, "T5": 0.0936869438290702, "U1": 12.390589270261305, "U5": 12.36554299790605}, "datetime": {"datetime": "2021-03-05 13:04:18", "elapsed": 65.583473, "delta": 0.407737}}
{"target": 0.3091189733222714, "params": {"T1": 0.11506755617732502, "T3": 0.1473780122918401, "T5": 0.08361046580159162, "U1": 14.525827990171356, "U5": 12.578961995264375}, "datetime": {"datetime": "2021-03-05 13:04:18", "elapsed": 65.973105, "delta": 0.389632}}
{"target": 0.4115080793153185, "params": {"T1": 0.0800630325365856, "T3": 0.14851438194223282, "T5": 0.08394436295436819, "U1": 14.522256731948271, "U5": 14.180620930231719}, "datetime": {"datetime": "2021-03-05 13:04:19", "elapsed": 66.379439, "delta": 0.406334}}
{"target": 0.34622745738735095, "params": {"T1": 0.0961968511801555, "T3": 0.06828836018763948, "T5": 0.08747974126261462, "U1": 16.779525880503993, "U5": 19.33145539428612}, "datetime": {"datetime": "2021-03-05 13:04:19", "elapsed": 66.780504, "delta": 0.401065}}
{"target": 0.45256598160001915, "params": {"T1": 0.09788468546933081, "T3": 0.1433289680782953, "T5": 0.05776816865172179, "U1": 14.689962023020637, "U5": 13.35419513099902}, "datetime": {"datetime": "2021-03-05 13:04:20", "elapsed": 67.731111, "delta": 0.950607}}
{"target": 0.1723476490204489, "params": {"T1": 0.11743835430629009, "T3": 0.11711779824028339, "T5": 0.09471687852219604, "U1": 15.966035045476124, "U5": 14.755796569534425}, "datetime": {"datetime": "2021-03-05 13:04:20", "elapsed": 68.144349, "delta": 0.413238}}
{"target": 0.2505937758187004, "params": {"T1": 0.13026635849957363, "T3": 0.10760036191534206, "T5": 0.08578709444092372, "U1": 19.227603554803874, "U5": 17.20257800543987}, "datetime": {"datetime": "2021-03-05 13:04:21", "elapsed": 68.545929, "delta": 0.40158}}
{"target": 0.2571739008351583, "params": {"T1": 0.10441000800582023, "T3": 0.09022178935747792, "T5": 0.10675349017828512, "U1": 12.238245185006742, "U5": 17.509264586506504}, "datetime": {"datetime": "2021-03-05 13:04:21", "elapsed": 68.936424, "delta": 0.390495}}
{"target": 0.4423833681514873, "params": {"T1": 0.14999177372250255, "T3": 0.0895949592084013, "T5": 0.06004098010710032, "U1": 17.80017822251002, "U5": 13.13191760676698}, "datetime": {"datetime": "2021-03-05 13:04:22", "elapsed": 69.351142, "delta": 0.414718}}
{"target": 0.13685903252952916, "params": {"T1": 0.08485148846409837, "T3": 0.11742552254218054, "T5": 0.13650745510247753, "U1": 15.64675765975937, "U5": 14.702754566512905}, "datetime": {"datetime": "2021-03-05 13:04:22", "elapsed": 69.74188, "delta": 0.390738}}
{"target": 0.18212653545353866, "params": {"T1": 0.14822251042934537, "T3": 0.05102779259723409, "T5": 0.10620180903427837, "U1": 19.497558511277266, "U5": 17.245898328700576}, "datetime": {"datetime": "2021-03-05 13:04:23", "elapsed": 70.691676, "delta": 0.949796}}
{"target": 0.15580768155822583, "params": {"T1": 0.09080873816276405, "T3": 0.05437434030692195, "T5": 0.09163752537947692, "U1": 17.07909004948354, "U5": 16.37284739624186}, "datetime": {"datetime": "2021-03-05 13:04:23", "elapsed": 71.125754, "delta": 0.434078}}
{"target": 0.23204906089167018, "params": {"T1": 0.11043120357371686, "T3": 0.1093835887781833, "T5": 0.050487889382992326, "U1": 16.886036746687203, "U5": 17.490421524549287}, "datetime": {"datetime": "2021-03-05 13:04:24", "elapsed": 72.106391, "delta": 0.980637}}
{"target": 0.2197000027401162, "params": {"T1": 0.0677317117478239, "T3": 0.12430978195445107, "T5": 0.07252668425987926, "U1": 12.583014402706603, "U5": 18.637648022476178}, "datetime": {"datetime": "2021-03-05 13:04:25", "elapsed": 72.537558, "delta": 0.431167}}
{"target": 0.2513149823475865, "params": {"T1": 0.11316568376015237, "T3": 0.1332178875004832, "T5": 0.07819849896203893, "U1": 18.784755046394036, "U5": 14.314104875242972}, "datetime": {"datetime": "2021-03-05 13:04:26", "elapsed": 73.456389, "delta": 0.918831}}
{"target": 0.6186990740241511, "params": {"T1": 0.07125903389387632, "T3": 0.12049766816226636, "T5": 0.11899953491867742, "U1": 14.70239379483552, "U5": 15.582769293267198}, "datetime": {"datetime": "2021-03-05 13:04:26", "elapsed": 73.871911, "delta": 0.415522}}
{"target": 0.1878863880739624, "params": {"T1": 0.07031516350063008, "T3": 0.05215402086463788, "T5": 0.0968593556996778, "U1": 18.580328397348993, "U5": 19.240338723094638}, "datetime": {"datetime": "2021-03-05 13:04:27", "elapsed": 75.016296, "delta": 1.144385}}
{"target": 0.15533563277858306, "params": {"T1": 0.11873725590152696, "T3": 0.10908720069964309, "T5": 0.06802530839023199, "U1": 13.09713770225004, "U5": 19.520173390606935}, "datetime": {"datetime": "2021-03-05 13:04:28", "elapsed": 75.435102, "delta": 0.418806}}
{"target": 0.18317164285664764, "params": {"T1": 0.07865023333156118, "T3": 0.09603032665519771, "T5": 0.11948801032415197, "U1": 19.247409778671816, "U5": 14.660948803390927}, "datetime": {"datetime": "2021-03-05 13:04:28", "elapsed": 75.853622, "delta": 0.41852}}
{"target": 0.39603643187471765, "params": {"T1": 0.09872677803570268, "T3": 0.14440380161641786, "T5": 0.058122082751513475, "U1": 14.658152955023631, "U5": 13.397808381192561}, "datetime": {"datetime": "2021-03-05 13:04:29", "elapsed": 76.941703, "delta": 1.088081}}
{"target": 0.24777653965832822, "params": {"T1": 0.13305702573444733, "T3": 0.11647631200600142, "T5": 0.06122235002548331, "U1": 14.188426144376589, "U5": 17.723101434888076}, "datetime": {"datetime": "2021-03-05 13:04:30", "elapsed": 77.352976, "delta": 0.411273}}
{"target": 0.23684608735643173, "params": {"T1": 0.0625801586690162, "T3": 0.0593419394105588, "T5": 0.06015795107983715, "U1": 17.47236586470066, "U5": 18.747764010742713}, "datetime": {"datetime": "2021-03-05 13:04:30", "elapsed": 77.755461, "delta": 0.402485}}
{"target": 0.2971493978046451, "params": {"T1": 0.10157933020176046, "T3": 0.11580191338717713, "T5": 0.1229741516336731, "U1": 16.062998990029726, "U5": 14.11260627629305}, "datetime": {"datetime": "2021-03-05 13:04:31", "elapsed": 78.171384, "delta": 0.415923}}
{"target": 0.2019580811128144, "params": {"T1": 0.09090209874376871, "T3": 0.13139383059604937, "T5": 0.06685315551451028, "U1": 13.619580067727032, "U5": 15.651321899200216}, "datetime": {"datetime": "2021-03-05 13:04:31", "elapsed": 78.572299, "delta": 0.400915}}
{"target": 0.1807752017176552, "params": {"T1": 0.14524957354370746, "T3": 0.1293462964500396, "T5": 0.14252181694452765, "U1": 17.034077646679442, "U5": 13.012763425422763}, "datetime": {"datetime": "2021-03-05 13:04:31", "elapsed": 79.027928, "delta": 0.455629}}
{"target": 0.37558331711539317, "params": {"T1": 0.06344336988849282, "T3": 0.07505976607889207, "T5": 0.0746977351675732, "U1": 19.201266834430776, "U5": 17.167298742492598}, "datetime": {"datetime": "2021-03-05 13:04:32", "elapsed": 79.449891, "delta": 0.421963}}
{"target": 0.2943214513834288, "params": {"T1": 0.10282305025015445, "T3": 0.09079275610706918, "T5": 0.055351508250704146, "U1": 19.974572247401674, "U5": 16.62078411685865}, "datetime": {"datetime": "2021-03-05 13:04:32", "elapsed": 79.883596, "delta": 0.433705}}
{"target": 0.27732677685658336, "params": {"T1": 0.06329833731541074, "T3": 0.10921641595035853, "T5": 0.14901589357094236, "U1": 15.601796182519053, "U5": 16.784297533116476}, "datetime": {"datetime": "2021-03-05 13:04:33", "elapsed": 80.306366, "delta": 0.42277}}
{"target": 0.7157487098688302, "params": {"T1": 0.09747643216913845, "T3": 0.08689145763074113, "T5": 0.08876815356786019, "U1": 16.788029691410358, "U5": 19.31681678649177}, "datetime": {"datetime": "2021-03-05 13:04:33", "elapsed": 80.700631, "delta": 0.394265}}
{"target": 0.438059998215716, "params": {"T1": 0.11345913854289312, "T3": 0.14736037300680102, "T5": 0.06510118103071329, "U1": 13.996205896638616, "U5": 16.38324452296703}, "datetime": {"datetime": "2021-03-05 13:04:33", "elapsed": 81.136629, "delta": 0.435998}}
{"target": 0.2656244433285039, "params": {"T1": 0.060367851601969204, "T3": 0.09050812647570163, "T5": 0.1050239317967277, "U1": 15.00236323472897, "U5": 15.917400791695206}, "datetime": {"datetime": "2021-03-05 13:04:35", "elapsed": 82.628475, "delta": 1.491846}}
{"target": 0.2913424981260681, "params": {"T1": 0.10134314503282821, "T3": 0.0774696453737311, "T5": 0.12324753662516046, "U1": 15.014135111328237, "U5": 12.585239702014396}, "datetime": {"datetime": "2021-03-05 13:04:35", "elapsed": 83.062586, "delta": 0.434111}}
{"target": 0.22815308374420779, "params": {"T1": 0.05479780993908926, "T3": 0.11770745824658335, "T5": 0.125378807306899, "U1": 14.701269381271622, "U5": 16.979646495121006}, "datetime": {"datetime": "2021-03-05 13:04:36", "elapsed": 83.505333, "delta": 0.442747}}
{"target": 0.4087928906104418, "params": {"T1": 0.08091909065533605, "T3": 0.11525260629289093, "T5": 0.05144819469376371, "U1": 14.838630624125276, "U5": 13.902654690741194}, "datetime": {"datetime": "2021-03-05 13:04:37", "elapsed": 84.751341, "delta": 1.246008}}
{"target": 0.17194474543693222, "params": {"T1": 0.0652592843359643, "T3": 0.12555378824905364, "T5": 0.13843943741714515, "U1": 14.308006582477319, "U5": 14.125368133179968}, "datetime": {"datetime": "2021-03-05 13:04:38", "elapsed": 85.198317, "delta": 0.446976}}
{"target": 0.4637119773512039, "params": {"T1": 0.10140318084978917, "T3": 0.0747922645790678, "T5": 0.08558689688487066, "U1": 18.312978988809018, "U5": 13.880787921721723}, "datetime": {"datetime": "2021-03-05 13:04:38", "elapsed": 85.622244, "delta": 0.423927}}
{"target": 0.14512371639065022, "params": {"T1": 0.08266721584232063, "T3": 0.07810724534976321, "T5": 0.06922399754673762, "U1": 17.036606569150546, "U5": 12.716382237340639}, "datetime": {"datetime": "2021-03-05 13:04:38", "elapsed": 86.080071, "delta": 0.457827}}
{"target": 0.1832687130503716, "params": {"T1": 0.12205907784519038, "T3": 0.10453793095491609, "T5": 0.1189009867598002, "U1": 14.480241780513294, "U5": 15.062490960837977}, "datetime": {"datetime": "2021-03-05 13:04:39", "elapsed": 86.562353, "delta": 0.482282}}
{"target": 0.41743331769231345, "params": {"T1": 0.06341777402816853, "T3": 0.08296370420805547, "T5": 0.07990698554038146, "U1": 16.04873589347625, "U5": 14.003865368731024}, "datetime": {"datetime": "2021-03-05 13:04:40", "elapsed": 87.616234, "delta": 1.053881}}
{"target": 0.30672691675286073, "params": {"T1": 0.050573713639343466, "T3": 0.1438719201792614, "T5": 0.09803447778389857, "U1": 17.324335663778974, "U5": 15.794637194251543}, "datetime": {"datetime": "2021-03-05 13:04:40", "elapsed": 88.045957, "delta": 0.429723}}
{"target": 0.28054800356463433, "params": {"T1": 0.1433835955673099, "T3": 0.06247141091867392, "T5": 0.12025321805214213, "U1": 12.435027241152259, "U5": 12.20742215474549}, "datetime": {"datetime": "2021-03-05 13:04:41", "elapsed": 88.478412, "delta": 0.432455}}
{"target": 0.14016002438509262, "params": {"T1": 0.08325786956072154, "T3": 0.0502854521747067, "T5": 0.05617781118758513, "U1": 15.708595059696018, "U5": 12.951836663181743}, "datetime": {"datetime": "2021-03-05 13:04:41", "elapsed": 88.905231, "delta": 0.426819}}
{"target": 0.24254208007017555, "params": {"T1": 0.14542955696216664, "T3": 0.11238949688428934, "T5": 0.08118379676284267, "U1": 18.51153441108806, "U5": 12.904342268970133}, "datetime": {"datetime": "2021-03-05 13:04:42", "elapsed": 89.353983, "delta": 0.448752}}
{"target": 0.4005861657785712, "params": {"T1": 0.09896817335647122, "T3": 0.14044593184707604, "T5": 0.055847411406630444, "U1": 18.62598923310881, "U5": 18.041171982580188}, "datetime": {"datetime": "2021-03-05 13:04:43", "elapsed": 90.424809, "delta": 1.070826}}
{"target": 0.14444712185796157, "params": {"T1": 0.10667324411993971, "T3": 0.14339040604648934, "T5": 0.09943847716390619, "U1": 17.238519746269795, "U5": 19.51973459245447}, "datetime": {"datetime": "2021-03-05 13:04:43", "elapsed": 90.890525, "delta": 0.465716}}
{"target": 0.31050705486102315, "params": {"T1": 0.13340492219939715, "T3": 0.13864542423240622, "T5": 0.061374201966947844, "U1": 17.11466186312788, "U5": 13.044606201974112}, "datetime": {"datetime": "2021-03-05 13:04:44", "elapsed": 92.158026, "delta": 1.267501}}
{"target": 0.16289371172999972, "params": {"T1": 0.14877311311620017, "T3": 0.09758984656510442, "T5": 0.06751066729375867, "U1": 17.153877224285438, "U5": 13.022473590567923}, "datetime": {"datetime": "2021-03-05 13:04:46", "elapsed": 93.233055, "delta": 1.075029}}
{"target": 0.3036155421623809, "params": {"T1": 0.07539754350836078, "T3": 0.135835552656038, "T5": 0.07775478534115884, "U1": 14.866478251160661, "U5": 19.992347067922868}, "datetime": {"datetime": "2021-03-05 13:04:46", "elapsed": 93.726132, "delta": 0.493077}}
{"target": 0.15126934627049826, "params": {"T1": 0.06240568896473328, "T3": 0.0551493472716206, "T5": 0.08093299943119367, "U1": 13.682094759049672, "U5": 18.68129916558513}, "datetime": {"datetime": "2021-03-05 13:04:47", "elapsed": 94.195944, "delta": 0.469812}}
{"target": 0.5727301502241225, "params": {"T1": 0.10625816979174166, "T3": 0.14835231797848347, "T5": 0.08751419608469078, "U1": 18.961921887193377, "U5": 12.244103153472999}, "datetime": {"datetime": "2021-03-05 13:04:47", "elapsed": 94.639308, "delta": 0.443364}}
{"target": 0.27216588634660716, "params": {"T1": 0.0768602027700701, "T3": 0.057353094645794384, "T5": 0.12149828908746665, "U1": 17.59308675747407, "U5": 14.355964421929883}, "datetime": {"datetime": "2021-03-05 13:04:47", "elapsed": 95.088281, "delta": 0.448973}}
{"target": 0.1671976137896919, "params": {"T1": 0.05356945610033303, "T3": 0.12387820575720106, "T5": 0.06893862848248791, "U1": 13.078121228345193, "U5": 13.698337238685074}, "datetime": {"datetime": "2021-03-05 13:04:48", "elapsed": 95.52673, "delta": 0.438449}}
{"target": 0.1510749444326264, "params": {"T1": 0.1073033405301577, "T3": 0.09465647221952131, "T5": 0.0521475603016811, "U1": 16.966392708660074, "U5": 19.774356176017545}, "datetime": {"datetime": "2021-03-05 13:04:48", "elapsed": 95.996653, "delta": 0.469923}}
{"target": 0.4983887952311303, "params": {"T1": 0.09599234186062072, "T3": 0.12964973957792614, "T5": 0.0753581335375996, "U1": 19.61636508013319, "U5": 13.577239631275567}, "datetime": {"datetime": "2021-03-05 13:04:49", "elapsed": 96.452348, "delta": 0.455695}}
{"target": 0.17368226616534904, "params": {"T1": 0.05699131517852718, "T3": 0.09945211019114857, "T5": 0.052248660378540784, "U1": 14.865229032838124, "U5": 13.899020571323467}, "datetime": {"datetime": "2021-03-05 13:04:50", "elapsed": 97.518794, "delta": 1.066446}}
{"target": 0.17603787113951544, "params": {"T1": 0.12443066180349298, "T3": 0.07337911094741918, "T5": 0.12989237882409382, "U1": 12.04622920539336, "U5": 18.476558516922584}, "datetime": {"datetime": "2021-03-05 13:04:50", "elapsed": 97.998307, "delta": 0.479513}}
{"target": 0.2739139057675696, "params": {"T1": 0.07217805651759227, "T3": 0.14414646128108155, "T5": 0.1015003286894196, "U1": 15.8815633869111, "U5": 12.121196406487819}, "datetime": {"datetime": "2021-03-05 13:04:51", "elapsed": 98.468234, "delta": 0.469927}}
