{"target": 0.44089900246515346, "params": {"T1": 0.1159774318403154, "T3": 0.1282562895017632, "T5": 0.07684979630686697, "U1": 18.209723814184017, "U5": 19.363032867161863}, "datetime": {"datetime": "2021-03-05 14:42:51", "elapsed": 5978.288818, "delta": 4.113726}}
{"target": 0.11977337703019249, "params": {"T1": 0.12677550222566025, "T3": 0.10330424887812095, "T5": 0.10814667447932136, "U1": 18.15803375486024, "U5": 15.814178070530032}, "datetime": {"datetime": "2021-03-05 14:42:55", "elapsed": 5982.468556, "delta": 4.179738}}
{"target": 0.19973383462525873, "params": {"T1": 0.1103938397107179, "T3": 0.13828147162033483, "T5": 0.1447805101651598, "U1": 19.710294894636267, "U5": 18.614779818818512}, "datetime": {"datetime": "2021-03-05 14:43:00", "elapsed": 5987.182566, "delta": 4.71401}}
{"target": 0.4460802186641301, "params": {"T1": 0.12216360964094251, "T3": 0.0919488007322318, "T5": 0.08017695809368837, "U1": 18.810635302310054, "U5": 19.165813226774457}, "datetime": {"datetime": "2021-03-05 14:43:04", "elapsed": 5991.480483, "delta": 4.297917}}
{"target": 0.2778452752979857, "params": {"T1": 0.12675400366190384, "T3": 0.08911922378525768, "T5": 0.12471409312733568, "U1": 13.513414896502196, "U5": 16.86009679894459}, "datetime": {"datetime": "2021-03-05 14:43:08", "elapsed": 5996.126005, "delta": 4.645522}}
{"target": 0.46396281447964915, "params": {"T1": 0.08518455616268841, "T3": 0.1452393579729649, "T5": 0.0718002565006608, "U1": 19.639990040691345, "U5": 13.554053474672333}, "datetime": {"datetime": "2021-03-05 14:43:18", "elapsed": 6005.773183, "delta": 9.647178}}
{"target": 0.20309171988389646, "params": {"T1": 0.12248800652731492, "T3": 0.10218486280080119, "T5": 0.07539360838179043, "U1": 13.334251527585364, "U5": 13.347073897011057}, "datetime": {"datetime": "2021-03-05 14:43:23", "elapsed": 6010.429739, "delta": 4.656556}}
{"target": 0.24999317286405168, "params": {"T1": 0.09221166999902022, "T3": 0.10216917734321182, "T5": 0.0874328504449572, "U1": 17.002252971571608, "U5": 19.036963942202135}, "datetime": {"datetime": "2021-03-05 14:43:32", "elapsed": 6019.786823, "delta": 9.357084}}
{"target": 0.2057926748767756, "params": {"T1": 0.09649404885271562, "T3": 0.07773107621345529, "T5": 0.1187938679630266, "U1": 17.473361205995637, "U5": 16.057029101386604}, "datetime": {"datetime": "2021-03-05 14:43:36", "elapsed": 6023.613697, "delta": 3.826874}}
{"target": 0.2904613663984741, "params": {"T1": 0.13211136444906768, "T3": 0.0715877186200298, "T5": 0.07584272187953714, "U1": 12.260452154478402, "U5": 16.91197351367413}, "datetime": {"datetime": "2021-03-05 14:43:42", "elapsed": 6029.572581, "delta": 5.958884}}
{"target": 0.12426397339424887, "params": {"T1": 0.13558523011877424, "T3": 0.10406531569738844, "T5": 0.1494322019865451, "U1": 15.253743680210068, "U5": 15.486795162189019}, "datetime": {"datetime": "2021-03-05 14:43:46", "elapsed": 6033.978275, "delta": 4.405694}}
{"target": 0.12571701233435562, "params": {"T1": 0.11140492443968261, "T3": 0.050247856978625584, "T5": 0.12500029948224106, "U1": 18.5718322122872, "U5": 12.900068248246114}, "datetime": {"datetime": "2021-03-05 14:43:51", "elapsed": 6038.595405, "delta": 4.61713}}
{"target": 0.19636631837567978, "params": {"T1": 0.09054055096048037, "T3": 0.11672868749943051, "T5": 0.06480583169988936, "U1": 12.68183162233386, "U5": 16.73769642008937}, "datetime": {"datetime": "2021-03-05 14:43:57", "elapsed": 6044.471678, "delta": 5.876273}}
{"target": 0.20142694870783778, "params": {"T1": 0.14202102341201023, "T3": 0.07902109014938864, "T5": 0.1422882319262863, "U1": 18.364549062942757, "U5": 14.985148098258549}, "datetime": {"datetime": "2021-03-05 14:44:09", "elapsed": 6056.377817, "delta": 11.906139}}
{"target": 0.4829768141498297, "params": {"T1": 0.09992027161161235, "T3": 0.08785360539559682, "T5": 0.12890607613976995, "U1": 19.85375017332411, "U5": 19.97710415514483}, "datetime": {"datetime": "2021-03-05 14:44:19", "elapsed": 6066.371999, "delta": 9.994182}}
{"target": 0.14249748016267438, "params": {"T1": 0.1466291145112108, "T3": 0.09523473798446112, "T5": 0.1300622034099997, "U1": 17.575410349280844, "U5": 15.376273183372732}, "datetime": {"datetime": "2021-03-05 14:44:26", "elapsed": 6074.151187, "delta": 7.779188}}
{"target": 0.2025257111134307, "params": {"T1": 0.08907427161308117, "T3": 0.11054367992703433, "T5": 0.06008808947083977, "U1": 17.345603096935378, "U5": 12.932707159162796}, "datetime": {"datetime": "2021-03-05 14:44:34", "elapsed": 6082.078726, "delta": 7.927539}}
{"target": 0.4133844902551112, "params": {"T1": 0.13636543641793186, "T3": 0.09829682155598701, "T5": 0.07137993885475821, "U1": 18.869864102505357, "U5": 16.285147562741884}, "datetime": {"datetime": "2021-03-05 14:44:39", "elapsed": 6086.413727, "delta": 4.335001}}
{"target": 0.24519580470753377, "params": {"T1": 0.1264780545381385, "T3": 0.07593976263944896, "T5": 0.1349087563309079, "U1": 16.75611347034798, "U5": 18.351064508491078}, "datetime": {"datetime": "2021-03-05 14:44:43", "elapsed": 6090.995627, "delta": 4.5819}}
{"target": 0.3198656796897959, "params": {"T1": 0.061964471055892395, "T3": 0.0743068922480706, "T5": 0.12114314377046126, "U1": 14.75689762467682, "U5": 12.036257027050116}, "datetime": {"datetime": "2021-03-05 14:44:48", "elapsed": 6095.94822, "delta": 4.952593}}
{"target": 0.5239063402068492, "params": {"T1": 0.08438764798034229, "T3": 0.05760908799065139, "T5": 0.06576504324628119, "U1": 19.418751912992896, "U5": 16.29389622110984}, "datetime": {"datetime": "2021-03-05 14:44:53", "elapsed": 6100.404353, "delta": 4.456133}}
{"target": 0.7746678444449879, "params": {"T1": 0.09397373023259067, "T3": 0.1226349944308366, "T5": 0.06391891994380433, "U1": 17.4709113229317, "U5": 16.2417849385367}, "datetime": {"datetime": "2021-03-05 14:44:58", "elapsed": 6105.33443, "delta": 4.930077}}
{"target": 0.12780250246493402, "params": {"T1": 0.13759211124829007, "T3": 0.06775414590612394, "T5": 0.1198722775432944, "U1": 18.727800200793073, "U5": 18.333795686278915}, "datetime": {"datetime": "2021-03-05 14:45:04", "elapsed": 6111.644966, "delta": 6.310536}}
{"target": 0.2890061164463054, "params": {"T1": 0.1380351706097974, "T3": 0.07668587511835949, "T5": 0.11452781325548508, "U1": 13.012714964076885, "U5": 13.133482689206588}, "datetime": {"datetime": "2021-03-05 14:45:09", "elapsed": 6116.691885, "delta": 5.046919}}
{"target": 0.2789034846930329, "params": {"T1": 0.05063635666698946, "T3": 0.1083578477303363, "T5": 0.094769741167754, "U1": 18.61525110794942, "U5": 18.149996014574732}, "datetime": {"datetime": "2021-03-05 14:45:23", "elapsed": 6130.186433, "delta": 13.494548}}
