{"target": 0.39251046547592594, "params": {"T1": 0.12602858288699498, "T3": 0.05792861765051081, "T5": 0.14094213958447438, "U1": 16.903308155882456, "U5": 15.82865188037039}, "datetime": {"datetime": "2021-03-05 15:50:40", "elapsed": 390.59577, "delta": 1.089607}}
{"target": 0.2810264909019958, "params": {"T1": 0.07936995544874191, "T3": 0.1471432746845281, "T5": 0.10991367441949183, "U1": 18.811437948357934, "U5": 12.289164860479328}, "datetime": {"datetime": "2021-03-05 15:50:41", "elapsed": 391.531023, "delta": 0.935253}}
{"target": 0.24870932764071105, "params": {"T1": 0.07746856010524046, "T3": 0.06721874301561344, "T5": 0.08763353009801052, "U1": 13.391946981413355, "U5": 14.170230243742347}, "datetime": {"datetime": "2021-03-05 15:50:42", "elapsed": 392.617123, "delta": 1.0861}}
{"target": 0.3024793724856609, "params": {"T1": 0.06551539318012148, "T3": 0.09609889573108338, "T5": 0.06359237852030603, "U1": 15.482745831502687, "U5": 14.90125805387418}, "datetime": {"datetime": "2021-03-05 15:50:43", "elapsed": 393.82581, "delta": 1.208687}}
{"target": 0.48800701233047067, "params": {"T1": 0.1423934713864748, "T3": 0.1063311583811909, "T5": 0.09262598995158539, "U1": 18.47683866295544, "U5": 14.315064991654147}, "datetime": {"datetime": "2021-03-05 15:50:44", "elapsed": 394.869674, "delta": 1.043864}}
{"target": 0.3015590417569014, "params": {"T1": 0.05680090114714631, "T3": 0.12063319017745784, "T5": 0.06227044791382777, "U1": 14.808128527001138, "U5": 16.752842684270167}, "datetime": {"datetime": "2021-03-05 15:50:45", "elapsed": 395.870221, "delta": 1.000547}}
{"target": 0.32598537436952174, "params": {"T1": 0.11963040604867209, "T3": 0.14157736526800102, "T5": 0.1113127845166286, "U1": 17.37926508837443, "U5": 15.589992268435815}, "datetime": {"datetime": "2021-03-05 15:50:46", "elapsed": 396.923681, "delta": 1.05346}}
{"target": 0.3048285691796944, "params": {"T1": 0.14510722088433542, "T3": 0.09595559751135446, "T5": 0.14371294280811236, "U1": 15.132420972075597, "U5": 12.71016019428605}, "datetime": {"datetime": "2021-03-05 15:50:47", "elapsed": 397.95822, "delta": 1.034539}}
{"target": 0.24799628501354143, "params": {"T1": 0.10365238878351823, "T3": 0.059864870404184915, "T5": 0.0831988418274455, "U1": 15.852445080119839, "U5": 13.748114964661955}, "datetime": {"datetime": "2021-03-05 15:50:48", "elapsed": 399.050371, "delta": 1.092151}}
{"target": 0.30036049400982595, "params": {"T1": 0.1457251879335546, "T3": 0.05921604845798765, "T5": 0.09436282938537718, "U1": 18.00354990449676, "U5": 13.147161936889663}, "datetime": {"datetime": "2021-03-05 15:50:50", "elapsed": 400.473755, "delta": 1.423384}}
{"target": 0.29733577588114407, "params": {"T1": 0.12432321879807615, "T3": 0.058939355668622254, "T5": 0.1345582979309031, "U1": 19.280582102508905, "U5": 15.334447679284226}, "datetime": {"datetime": "2021-03-05 15:50:51", "elapsed": 402.046635, "delta": 1.57288}}
{"target": 0.2900394413879375, "params": {"T1": 0.14636686419239758, "T3": 0.06722178903001093, "T5": 0.07532800767485284, "U1": 19.687625008990743, "U5": 18.01249236147519}, "datetime": {"datetime": "2021-03-05 15:50:52", "elapsed": 403.068512, "delta": 1.021877}}
{"target": 0.3048443331605194, "params": {"T1": 0.09919764333280007, "T3": 0.055066964327653095, "T5": 0.0997152225431219, "U1": 18.844344652017273, "U5": 13.177947786857116}, "datetime": {"datetime": "2021-03-05 15:50:53", "elapsed": 404.296459, "delta": 1.227947}}
{"target": 0.2605389723217814, "params": {"T1": 0.09574197491553241, "T3": 0.13187683795765454, "T5": 0.09344087723781783, "U1": 14.33536660845919, "U5": 18.435483703784605}, "datetime": {"datetime": "2021-03-05 15:50:54", "elapsed": 405.412528, "delta": 1.116069}}
{"target": 0.30837469728443, "params": {"T1": 0.1251605102325958, "T3": 0.08383121705426379, "T5": 0.13078650905542977, "U1": 15.202277281304998, "U5": 14.888721702806663}, "datetime": {"datetime": "2021-03-05 15:50:56", "elapsed": 407.106146, "delta": 1.693618}}
{"target": 0.3321488601245945, "params": {"T1": 0.11982396167977787, "T3": 0.1314582671736514, "T5": 0.08033353843839455, "U1": 19.804660784478287, "U5": 19.14130057861394}, "datetime": {"datetime": "2021-03-05 15:50:57", "elapsed": 408.271491, "delta": 1.165345}}
{"target": 0.2789338822522039, "params": {"T1": 0.13507407934188417, "T3": 0.11786943296654741, "T5": 0.09800980778583865, "U1": 16.910785371346492, "U5": 12.883366726035476}, "datetime": {"datetime": "2021-03-05 15:50:59", "elapsed": 409.476322, "delta": 1.204831}}
{"target": 0.3414134719496108, "params": {"T1": 0.07084084872438698, "T3": 0.05444737877390689, "T5": 0.09342345437964965, "U1": 17.3177666672546, "U5": 14.115285705948397}, "datetime": {"datetime": "2021-03-05 15:51:01", "elapsed": 411.710326, "delta": 2.234004}}
{"target": 0.2822470082734535, "params": {"T1": 0.056013690682195666, "T3": 0.11117477272896031, "T5": 0.10602966249001865, "U1": 13.412600454802295, "U5": 18.820096438855664}, "datetime": {"datetime": "2021-03-05 15:51:02", "elapsed": 412.729768, "delta": 1.019442}}
{"target": 0.25751660170923846, "params": {"T1": 0.13302062055998665, "T3": 0.0578369187864961, "T5": 0.10295295881837728, "U1": 17.11288501839757, "U5": 13.908978631320942}, "datetime": {"datetime": "2021-03-05 15:51:03", "elapsed": 413.668133, "delta": 0.938365}}
{"target": 0.4219039954126074, "params": {"T1": 0.08820619591213812, "T3": 0.14049935290112892, "T5": 0.1138944203451476, "U1": 18.63099898437428, "U5": 13.358211696114319}, "datetime": {"datetime": "2021-03-05 15:51:04", "elapsed": 414.757082, "delta": 1.088949}}
{"target": 0.2583548491845589, "params": {"T1": 0.13373776154986491, "T3": 0.08488425734704468, "T5": 0.06467966575988278, "U1": 19.996029981847173, "U5": 19.920863801206544}, "datetime": {"datetime": "2021-03-05 15:51:05", "elapsed": 415.568017, "delta": 0.810935}}
{"target": 0.24448382431272106, "params": {"T1": 0.10439509079169523, "T3": 0.06183430252913379, "T5": 0.11148286470247964, "U1": 19.203528900355142, "U5": 14.302841106227119}, "datetime": {"datetime": "2021-03-05 15:51:06", "elapsed": 416.597405, "delta": 1.029388}}
{"target": 0.4686277084403156, "params": {"T1": 0.08217998221749881, "T3": 0.054620082512465445, "T5": 0.0939213741082359, "U1": 14.700537368127488, "U5": 12.362418316832972}, "datetime": {"datetime": "2021-03-05 15:51:07", "elapsed": 418.259272, "delta": 1.661867}}
{"target": 0.20057076423658296, "params": {"T1": 0.07966027064759858, "T3": 0.1443819942282928, "T5": 0.1248317295437599, "U1": 18.83964346640589, "U5": 15.924125043453621}, "datetime": {"datetime": "2021-03-05 15:51:09", "elapsed": 419.954679, "delta": 1.695407}}
{"target": 0.46868752405195907, "params": {"T1": 0.13077695621117708, "T3": 0.09761965888732352, "T5": 0.12486784546080734, "U1": 18.846175561315498, "U5": 18.149155906981143}, "datetime": {"datetime": "2021-03-05 15:51:10", "elapsed": 421.294055, "delta": 1.339376}}
{"target": 0.3104414023869662, "params": {"T1": 0.11374133172279673, "T3": 0.06692184596826027, "T5": 0.1313762326276109, "U1": 16.833334193222875, "U5": 19.929077225615593}, "datetime": {"datetime": "2021-03-05 15:51:12", "elapsed": 422.618899, "delta": 1.324844}}
{"target": 0.30880492807057236, "params": {"T1": 0.10058998922445171, "T3": 0.13882086261136178, "T5": 0.11489500689489009, "U1": 16.86010153654774, "U5": 19.742735886700668}, "datetime": {"datetime": "2021-03-05 15:51:13", "elapsed": 423.81329, "delta": 1.194391}}
{"target": 0.48591991606315144, "params": {"T1": 0.12294567435860565, "T3": 0.1350016495215487, "T5": 0.05541762899557891, "U1": 18.04042545573511, "U5": 16.449925600935334}, "datetime": {"datetime": "2021-03-05 15:51:15", "elapsed": 425.449974, "delta": 1.636684}}
{"target": 0.23508735727290248, "params": {"T1": 0.1056523006043378, "T3": 0.1389476415299304, "T5": 0.07241800269365599, "U1": 13.047786202233043, "U5": 16.517015889867974}, "datetime": {"datetime": "2021-03-05 15:51:16", "elapsed": 426.611358, "delta": 1.161384}}
{"target": 0.30879882534418046, "params": {"T1": 0.0675532462834649, "T3": 0.10466558515863009, "T5": 0.08615726673933727, "U1": 17.243549154228717, "U5": 18.655008158550373}, "datetime": {"datetime": "2021-03-05 15:51:17", "elapsed": 427.591749, "delta": 0.980391}}
{"target": 0.30843533686187224, "params": {"T1": 0.13018792371718563, "T3": 0.06677209343153798, "T5": 0.11182888629352489, "U1": 16.73218706707352, "U5": 17.568687218371124}, "datetime": {"datetime": "2021-03-05 15:51:18", "elapsed": 428.704731, "delta": 1.112982}}
{"target": 0.2931170738809323, "params": {"T1": 0.13751350584550642, "T3": 0.14299201085572183, "T5": 0.09992856232675959, "U1": 17.626877027230883, "U5": 19.391317091592292}, "datetime": {"datetime": "2021-03-05 15:51:20", "elapsed": 430.820223, "delta": 2.115492}}
{"target": 0.3033665911468739, "params": {"T1": 0.11084027776908725, "T3": 0.07567475017980771, "T5": 0.13541706427064287, "U1": 14.15630488295863, "U5": 12.911737477440976}, "datetime": {"datetime": "2021-03-05 15:51:21", "elapsed": 431.868745, "delta": 1.048522}}
{"target": 0.2910345872568677, "params": {"T1": 0.11278513756427143, "T3": 0.11189917696325012, "T5": 0.07126298770273375, "U1": 16.74320242357941, "U5": 15.15225941404002}, "datetime": {"datetime": "2021-03-05 15:51:22", "elapsed": 432.979911, "delta": 1.111166}}
{"target": 0.2911319742933731, "params": {"T1": 0.130089217274077, "T3": 0.06781727024673535, "T5": 0.09734271526880695, "U1": 15.897995847652007, "U5": 18.903952292510915}, "datetime": {"datetime": "2021-03-05 15:51:24", "elapsed": 434.765416, "delta": 1.785505}}
{"target": 0.337355926721509, "params": {"T1": 0.1433244022125164, "T3": 0.1341235894336531, "T5": 0.10492543332642111, "U1": 12.413511175845429, "U5": 14.415604548019834}, "datetime": {"datetime": "2021-03-05 15:51:26", "elapsed": 436.435774, "delta": 1.670358}}
{"target": 0.3147457658758968, "params": {"T1": 0.08330617438871049, "T3": 0.14692415465417347, "T5": 0.09882461876140494, "U1": 14.704532139723344, "U5": 17.1703460479257}, "datetime": {"datetime": "2021-03-05 15:51:27", "elapsed": 437.550711, "delta": 1.114937}}
{"target": 0.24657166668115726, "params": {"T1": 0.10568187983584593, "T3": 0.05593622446581781, "T5": 0.10083415222785762, "U1": 19.122062994936524, "U5": 19.678911334328358}, "datetime": {"datetime": "2021-03-05 15:51:28", "elapsed": 438.663909, "delta": 1.113198}}
{"target": 0.30315847189705525, "params": {"T1": 0.10724522210369175, "T3": 0.13023412568998527, "T5": 0.1377188859842328, "U1": 16.240885309184343, "U5": 18.626902611528784}, "datetime": {"datetime": "2021-03-05 15:51:29", "elapsed": 439.692339, "delta": 1.02843}}
{"target": 0.31336803194023255, "params": {"T1": 0.11902971868889607, "T3": 0.08983499664718828, "T5": 0.07483188261098607, "U1": 17.34467234958944, "U5": 18.753666580798455}, "datetime": {"datetime": "2021-03-05 15:51:30", "elapsed": 440.754107, "delta": 1.061768}}
{"target": 0.3005954614572645, "params": {"T1": 0.08453355936374388, "T3": 0.10617456211837695, "T5": 0.132295726573877, "U1": 12.976451991595518, "U5": 15.622835185569677}, "datetime": {"datetime": "2021-03-05 15:51:31", "elapsed": 441.872372, "delta": 1.118265}}
{"target": 0.30290738712908044, "params": {"T1": 0.09766857766720885, "T3": 0.061874122756756605, "T5": 0.07581151540935198, "U1": 13.434630967506408, "U5": 15.728459012065489}, "datetime": {"datetime": "2021-03-05 15:51:32", "elapsed": 443.056572, "delta": 1.1842}}
{"target": 0.280642621922759, "params": {"T1": 0.14413850485200053, "T3": 0.1316841498377424, "T5": 0.14217750373305094, "U1": 13.229668287456803, "U5": 12.535479407044594}, "datetime": {"datetime": "2021-03-05 15:51:33", "elapsed": 444.18792, "delta": 1.131348}}
{"target": 0.29517405039920447, "params": {"T1": 0.12337390941377778, "T3": 0.07414456342945416, "T5": 0.09484543857891956, "U1": 19.25375739290556, "U5": 17.43607049633635}, "datetime": {"datetime": "2021-03-05 15:51:34", "elapsed": 445.373081, "delta": 1.185161}}
{"target": 0.29980714769993955, "params": {"T1": 0.08881319165857718, "T3": 0.0925344438617321, "T5": 0.06022139231023883, "U1": 14.270100842652518, "U5": 14.25873710594949}, "datetime": {"datetime": "2021-03-05 15:51:36", "elapsed": 446.463571, "delta": 1.09049}}
{"target": 0.24587552190388023, "params": {"T1": 0.13364539617442933, "T3": 0.05622389912714251, "T5": 0.10753777025158145, "U1": 14.321976725900724, "U5": 18.654509244566828}, "datetime": {"datetime": "2021-03-05 15:51:37", "elapsed": 448.235729, "delta": 1.772158}}
{"target": 0.29929366540833713, "params": {"T1": 0.10520573851171794, "T3": 0.11592208869836058, "T5": 0.14105258408010213, "U1": 13.273545278009042, "U5": 14.523488269578404}, "datetime": {"datetime": "2021-03-05 15:51:39", "elapsed": 450.057864, "delta": 1.822135}}
{"target": 0.3304120499357993, "params": {"T1": 0.09597337743225007, "T3": 0.05143143052758811, "T5": 0.06403786021705973, "U1": 12.040665674609171, "U5": 12.135017278833644}, "datetime": {"datetime": "2021-03-05 15:51:41", "elapsed": 452.004707, "delta": 1.946843}}
{"target": 0.29149539711744626, "params": {"T1": 0.10399518688854217, "T3": 0.14616142525772774, "T5": 0.0933381109283617, "U1": 12.850776031843676, "U5": 16.45595091710966}, "datetime": {"datetime": "2021-03-05 15:51:42", "elapsed": 453.044423, "delta": 1.039716}}
{"target": 0.22906192497922606, "params": {"T1": 0.14698726141674046, "T3": 0.11352014761164707, "T5": 0.09603164985594143, "U1": 12.042098622614546, "U5": 19.06475325142343}, "datetime": {"datetime": "2021-03-05 15:51:44", "elapsed": 454.970195, "delta": 1.925772}}
{"target": 0.2816198856524296, "params": {"T1": 0.12341477391492532, "T3": 0.09277325622124333, "T5": 0.08712703262073378, "U1": 18.603277448302336, "U5": 14.461188817723237}, "datetime": {"datetime": "2021-03-05 15:51:45", "elapsed": 456.14115, "delta": 1.170955}}
{"target": 0.42104708510026156, "params": {"T1": 0.05728415378117287, "T3": 0.06666818865112634, "T5": 0.06963700982621276, "U1": 14.793045363603103, "U5": 16.3733666634659}, "datetime": {"datetime": "2021-03-05 15:51:46", "elapsed": 457.358756, "delta": 1.217606}}
{"target": 0.22059500965067658, "params": {"T1": 0.09702752703804743, "T3": 0.139212811501628, "T5": 0.08131308498400164, "U1": 14.988274216659008, "U5": 17.403206413614}, "datetime": {"datetime": "2021-03-05 15:51:48", "elapsed": 458.50518, "delta": 1.146424}}
{"target": 0.30074689999055, "params": {"T1": 0.08809140192598486, "T3": 0.07318169392092944, "T5": 0.1110654629140092, "U1": 17.233216080285274, "U5": 17.0574544099045}, "datetime": {"datetime": "2021-03-05 15:51:49", "elapsed": 459.714977, "delta": 1.209797}}
{"target": 0.295318868393335, "params": {"T1": 0.13141218106781388, "T3": 0.10509983259486463, "T5": 0.08145629730818069, "U1": 16.703337994663666, "U5": 13.916609962039352}, "datetime": {"datetime": "2021-03-05 15:51:50", "elapsed": 460.83951, "delta": 1.124533}}
{"target": 0.2606677904498332, "params": {"T1": 0.12876250015983343, "T3": 0.07747142366661972, "T5": 0.10044211697992593, "U1": 13.259250690548669, "U5": 12.30410117056724}, "datetime": {"datetime": "2021-03-05 15:51:52", "elapsed": 463.390658, "delta": 2.551148}}
{"target": 0.30722384297874317, "params": {"T1": 0.11047064405924722, "T3": 0.1495674587811232, "T5": 0.09459155564504, "U1": 13.477642531724698, "U5": 12.504959637224843}, "datetime": {"datetime": "2021-03-05 15:51:54", "elapsed": 464.557525, "delta": 1.166867}}
{"target": 0.36448453736144354, "params": {"T1": 0.14543671265018654, "T3": 0.1266193226569466, "T5": 0.14529184386242758, "U1": 13.298758934488639, "U5": 16.662237729102955}, "datetime": {"datetime": "2021-03-05 15:51:55", "elapsed": 465.798995, "delta": 1.24147}}
{"target": 0.3399458559431378, "params": {"T1": 0.07369197294633327, "T3": 0.1297374335623449, "T5": 0.11567898130953819, "U1": 18.598802123489662, "U5": 17.21136188993579}, "datetime": {"datetime": "2021-03-05 15:51:56", "elapsed": 466.901238, "delta": 1.102243}}
{"target": 0.30229233130612215, "params": {"T1": 0.10485783817849395, "T3": 0.14043297470851082, "T5": 0.0951270392293529, "U1": 18.40998599361538, "U5": 16.803801506309505}, "datetime": {"datetime": "2021-03-05 15:51:58", "elapsed": 468.794751, "delta": 1.893513}}
{"target": 0.29793193179194605, "params": {"T1": 0.12136359244032921, "T3": 0.07188075310710906, "T5": 0.10112779116152591, "U1": 16.016723314797005, "U5": 18.727699759670845}, "datetime": {"datetime": "2021-03-05 15:51:59", "elapsed": 469.848044, "delta": 1.053293}}
{"target": 0.2961328186099351, "params": {"T1": 0.13349933991084403, "T3": 0.11035373873967982, "T5": 0.12048284101944896, "U1": 16.138792499186266, "U5": 16.145834509993406}, "datetime": {"datetime": "2021-03-05 15:52:00", "elapsed": 470.956114, "delta": 1.10807}}
{"target": 0.3148420752312266, "params": {"T1": 0.09143011860153069, "T3": 0.091179405535114, "T5": 0.07300191759046136, "U1": 17.874026441358797, "U5": 18.92487754428061}, "datetime": {"datetime": "2021-03-05 15:52:01", "elapsed": 472.291524, "delta": 1.33541}}
{"target": 0.3137809610812243, "params": {"T1": 0.13947567034783814, "T3": 0.06433437314379753, "T5": 0.14839216513064463, "U1": 15.351323389223396, "U5": 14.417022396812875}, "datetime": {"datetime": "2021-03-05 15:52:03", "elapsed": 473.691973, "delta": 1.400449}}
{"target": 0.4548608638948925, "params": {"T1": 0.1426125500328053, "T3": 0.1372899077504967, "T5": 0.10251967677546278, "U1": 16.028639305491254, "U5": 12.518041102685494}, "datetime": {"datetime": "2021-03-05 15:52:04", "elapsed": 474.701961, "delta": 1.009988}}
{"target": 0.2967383007117825, "params": {"T1": 0.09166785703100924, "T3": 0.11439753085832784, "T5": 0.06745826049363171, "U1": 19.51972156618457, "U5": 13.51823575572423}, "datetime": {"datetime": "2021-03-05 15:52:05", "elapsed": 476.361815, "delta": 1.659854}}
{"target": 0.26762096108972844, "params": {"T1": 0.07157476672402226, "T3": 0.07007131575790118, "T5": 0.07332812057133165, "U1": 19.473701332902344, "U5": 14.584551478343759}, "datetime": {"datetime": "2021-03-05 15:52:06", "elapsed": 477.393859, "delta": 1.032044}}
{"target": 0.23214983685757637, "params": {"T1": 0.08523055119320691, "T3": 0.13337637921278772, "T5": 0.1430001347893397, "U1": 13.069217262488348, "U5": 14.742427940124267}, "datetime": {"datetime": "2021-03-05 15:52:08", "elapsed": 478.52283, "delta": 1.128971}}
{"target": 0.30559963096428994, "params": {"T1": 0.12559679665339588, "T3": 0.10568130649270373, "T5": 0.07309784680364231, "U1": 15.87823678921919, "U5": 13.809984120511208}, "datetime": {"datetime": "2021-03-05 15:52:09", "elapsed": 480.303704, "delta": 1.780874}}
{"target": 0.307806685388057, "params": {"T1": 0.12156146437776998, "T3": 0.05873969297972634, "T5": 0.09292601702542201, "U1": 15.393344233914098, "U5": 13.033055695022151}, "datetime": {"datetime": "2021-03-05 15:52:11", "elapsed": 481.737727, "delta": 1.434023}}
{"target": 0.2927843087808793, "params": {"T1": 0.13201025029912125, "T3": 0.0902811460494899, "T5": 0.07837549600319041, "U1": 12.071134885327687, "U5": 17.70950328645758}, "datetime": {"datetime": "2021-03-05 15:52:12", "elapsed": 482.851286, "delta": 1.113559}}
{"target": 0.3010908595141915, "params": {"T1": 0.07904355391610947, "T3": 0.10499225223206016, "T5": 0.11527435892873844, "U1": 19.751546910985564, "U5": 17.878243332226035}, "datetime": {"datetime": "2021-03-05 15:52:13", "elapsed": 484.12834, "delta": 1.277054}}
{"target": 0.29326622717915407, "params": {"T1": 0.13231118822227209, "T3": 0.10632991278400275, "T5": 0.10922432998912313, "U1": 12.16548453361317, "U5": 19.054573849589318}, "datetime": {"datetime": "2021-03-05 15:52:15", "elapsed": 485.54937, "delta": 1.42103}}
{"target": 0.31123396842123585, "params": {"T1": 0.08645665078382042, "T3": 0.09671518844440741, "T5": 0.14900143804582988, "U1": 12.352139958391328, "U5": 14.941938066668307}, "datetime": {"datetime": "2021-03-05 15:52:16", "elapsed": 486.693126, "delta": 1.143756}}
{"target": 0.27785458380457373, "params": {"T1": 0.14943034599993466, "T3": 0.06496133813992958, "T5": 0.0619527458372551, "U1": 19.71333903502549, "U5": 15.693863859978798}, "datetime": {"datetime": "2021-03-05 15:52:17", "elapsed": 488.391474, "delta": 1.698348}}
{"target": 0.3056112811840649, "params": {"T1": 0.12395179512482536, "T3": 0.08527305815752563, "T5": 0.09857422326266684, "U1": 18.160702206272717, "U5": 15.884636892408263}, "datetime": {"datetime": "2021-03-05 15:52:20", "elapsed": 490.438308, "delta": 2.046834}}
{"target": 0.40173871063003863, "params": {"T1": 0.06940992641012872, "T3": 0.06242955354426706, "T5": 0.11646092492804896, "U1": 14.619697982649214, "U5": 13.893354192028719}, "datetime": {"datetime": "2021-03-05 15:52:22", "elapsed": 492.683619, "delta": 2.245311}}
{"target": 0.3076988929006451, "params": {"T1": 0.07964915956793407, "T3": 0.14565060501117164, "T5": 0.08610598721365434, "U1": 12.570336275492622, "U5": 17.954607895368042}, "datetime": {"datetime": "2021-03-05 15:52:23", "elapsed": 493.898867, "delta": 1.215248}}
{"target": 0.27456486797841, "params": {"T1": 0.08910195930358887, "T3": 0.05060319141404954, "T5": 0.12167794993168071, "U1": 18.34001711282406, "U5": 17.197536988013425}, "datetime": {"datetime": "2021-03-05 15:52:24", "elapsed": 495.081044, "delta": 1.182177}}
{"target": 0.3019482773611455, "params": {"T1": 0.06623408197004434, "T3": 0.1492303272768592, "T5": 0.13692008448862986, "U1": 18.312978532018203, "U5": 12.079221643995583}, "datetime": {"datetime": "2021-03-05 15:52:26", "elapsed": 496.66912, "delta": 1.588076}}
{"target": 0.3012445630447241, "params": {"T1": 0.10769696453816344, "T3": 0.05609752210030218, "T5": 0.13528497453781074, "U1": 14.389025864847788, "U5": 18.88950708752683}, "datetime": {"datetime": "2021-03-05 15:52:27", "elapsed": 497.759728, "delta": 1.090608}}
