{"target": 0.27583099867224153, "params": {"T1": 0.0983045473528788, "T3": 0.09478472508391275, "T5": 0.10155165705794444, "U1": 15.27755079367079, "U5": 12.881115499148724}, "datetime": {"datetime": "2021-03-05 15:45:37", "elapsed": 88.333921, "delta": 0.456554}}
{"target": 0.2837864529410722, "params": {"T1": 0.14060517346977344, "T3": 0.1122095805804029, "T5": 0.11418226323040452, "U1": 13.329200341878204, "U5": 14.297502899637628}, "datetime": {"datetime": "2021-03-05 15:45:38", "elapsed": 88.941025, "delta": 0.607104}}
{"target": 0.3034541889553907, "params": {"T1": 0.10242720306155881, "T3": 0.0931606760686467, "T5": 0.10972925578628798, "U1": 13.570661989230498, "U5": 13.826500077267273}, "datetime": {"datetime": "2021-03-05 15:45:39", "elapsed": 89.417529, "delta": 0.476504}}
{"target": 0.28503573721830056, "params": {"T1": 0.14300886838326213, "T3": 0.08952867813384092, "T5": 0.09423687178723669, "U1": 19.161408648467596, "U5": 16.121854830136485}, "datetime": {"datetime": "2021-03-05 15:45:39", "elapsed": 89.769449, "delta": 0.35192}}
{"target": 0.3059084752833133, "params": {"T1": 0.12514926016975714, "T3": 0.14157323549903678, "T5": 0.07154065151587484, "U1": 18.73097596605328, "U5": 14.748993566273189}, "datetime": {"datetime": "2021-03-05 15:45:39", "elapsed": 90.342894, "delta": 0.573445}}
{"target": 0.3103346205923279, "params": {"T1": 0.13561641202399155, "T3": 0.0591838028385534, "T5": 0.07799144029218735, "U1": 16.63881776291762, "U5": 15.404077515722655}, "datetime": {"datetime": "2021-03-05 15:45:40", "elapsed": 90.681185, "delta": 0.338291}}
{"target": 0.29796537784606514, "params": {"T1": 0.06186773053106909, "T3": 0.09333507873413377, "T5": 0.1387114048418811, "U1": 16.56925629034562, "U5": 13.457345636065906}, "datetime": {"datetime": "2021-03-05 15:45:40", "elapsed": 91.033347, "delta": 0.352162}}
{"target": 0.301521355082576, "params": {"T1": 0.1079831213111436, "T3": 0.09297753777679173, "T5": 0.11949765128454293, "U1": 17.83971074349168, "U5": 16.699263686910726}, "datetime": {"datetime": "2021-03-05 15:45:41", "elapsed": 91.490904, "delta": 0.457557}}
{"target": 0.30446014167857677, "params": {"T1": 0.1131617492478314, "T3": 0.08204475142370063, "T5": 0.11650314895990956, "U1": 12.23601606493694, "U5": 18.74517805640057}, "datetime": {"datetime": "2021-03-05 15:45:41", "elapsed": 91.86121, "delta": 0.370306}}
{"target": 0.3722670554688038, "params": {"T1": 0.08009731727853794, "T3": 0.05197876834879614, "T5": 0.07944305159512707, "U1": 15.664704049624174, "U5": 12.509518402870036}, "datetime": {"datetime": "2021-03-05 15:45:41", "elapsed": 92.211526, "delta": 0.350316}}
{"target": 0.2917138439561533, "params": {"T1": 0.08228329511997522, "T3": 0.11333872054480082, "T5": 0.14699294838537139, "U1": 15.502121876433968, "U5": 15.205995150137639}, "datetime": {"datetime": "2021-03-05 15:45:42", "elapsed": 92.58071, "delta": 0.369184}}
{"target": 0.30235186941470144, "params": {"T1": 0.0857315580297742, "T3": 0.07833318932969273, "T5": 0.06262984820756899, "U1": 16.962332163238273, "U5": 13.215211927270632}, "datetime": {"datetime": "2021-03-05 15:45:42", "elapsed": 92.954442, "delta": 0.373732}}
{"target": 0.2799790159112373, "params": {"T1": 0.10014940028824632, "T3": 0.06169350555718909, "T5": 0.09116202157148369, "U1": 17.807959090390476, "U5": 17.755822806374013}, "datetime": {"datetime": "2021-03-05 15:45:42", "elapsed": 93.325094, "delta": 0.370652}}
{"target": 0.3017811423252663, "params": {"T1": 0.09746230767940904, "T3": 0.07655678813256908, "T5": 0.14939623264682494, "U1": 13.074325794037566, "U5": 19.204163609647196}, "datetime": {"datetime": "2021-03-05 15:45:43", "elapsed": 93.69391, "delta": 0.368816}}
{"target": 0.2505501812526555, "params": {"T1": 0.12587287592820462, "T3": 0.07549362162042896, "T5": 0.11398522431457478, "U1": 14.695950122574981, "U5": 19.71465251192469}, "datetime": {"datetime": "2021-03-05 15:45:43", "elapsed": 94.154738, "delta": 0.460828}}
{"target": 0.2915443109344167, "params": {"T1": 0.09467526828664968, "T3": 0.12560097299800674, "T5": 0.05774710510932385, "U1": 12.218237703321787, "U5": 17.974812940143078}, "datetime": {"datetime": "2021-03-05 15:45:44", "elapsed": 94.521778, "delta": 0.36704}}
{"target": 0.30353441226367633, "params": {"T1": 0.08749277633890198, "T3": 0.11769430920877279, "T5": 0.08992785362210766, "U1": 15.183337201219594, "U5": 16.442934129700827}, "datetime": {"datetime": "2021-03-05 15:45:44", "elapsed": 95.033249, "delta": 0.511471}}
{"target": 0.3027583065604813, "params": {"T1": 0.13379682652053093, "T3": 0.08670820536739957, "T5": 0.06473364654496537, "U1": 19.889066472254665, "U5": 15.242767832631351}, "datetime": {"datetime": "2021-03-05 15:45:44", "elapsed": 95.402243, "delta": 0.368994}}
{"target": 0.299081446449257, "params": {"T1": 0.09806888153660442, "T3": 0.06645723067177409, "T5": 0.10231232187766609, "U1": 19.20931523494296, "U5": 17.116763064960743}, "datetime": {"datetime": "2021-03-05 15:45:45", "elapsed": 95.784049, "delta": 0.381806}}
{"target": 0.22117724489999796, "params": {"T1": 0.0745510963470708, "T3": 0.11840629840917256, "T5": 0.09983361480867796, "U1": 18.988608551631675, "U5": 14.575598119306395}, "datetime": {"datetime": "2021-03-05 15:45:45", "elapsed": 96.157877, "delta": 0.373828}}
{"target": 0.3153787343076737, "params": {"T1": 0.05997470741945548, "T3": 0.14815306471119594, "T5": 0.07432643492067344, "U1": 16.169818037845715, "U5": 16.282200168257376}, "datetime": {"datetime": "2021-03-05 15:45:46", "elapsed": 96.556194, "delta": 0.398317}}
{"target": 0.29746586511009726, "params": {"T1": 0.10870468649057238, "T3": 0.09011405030991207, "T5": 0.05165624704219257, "U1": 12.664415086851218, "U5": 18.666319174072132}, "datetime": {"datetime": "2021-03-05 15:45:46", "elapsed": 96.930809, "delta": 0.374615}}
{"target": 0.394346801951857, "params": {"T1": 0.1037975174345969, "T3": 0.08171588100713599, "T5": 0.1426772413405475, "U1": 18.261374735163304, "U5": 16.837261646716}, "datetime": {"datetime": "2021-03-05 15:45:47", "elapsed": 97.447446, "delta": 0.516637}}
{"target": 0.33148168770568137, "params": {"T1": 0.09845852667376467, "T3": 0.07699096655786344, "T5": 0.07606166065027754, "U1": 12.287638873697563, "U5": 14.400308020556803}, "datetime": {"datetime": "2021-03-05 15:45:47", "elapsed": 97.945754, "delta": 0.498308}}
{"target": 0.32440006841061864, "params": {"T1": 0.11527746338741159, "T3": 0.13858147055066194, "T5": 0.060086287460551946, "U1": 12.660617118638111, "U5": 14.075718183403277}, "datetime": {"datetime": "2021-03-05 15:45:47", "elapsed": 98.339757, "delta": 0.394003}}
{"target": 0.3432076901141689, "params": {"T1": 0.06119751572296686, "T3": 0.1105987139045819, "T5": 0.07755127995870442, "U1": 15.902034232915364, "U5": 15.023440434775011}, "datetime": {"datetime": "2021-03-05 15:45:48", "elapsed": 98.826769, "delta": 0.487012}}
{"target": 0.3227938154198803, "params": {"T1": 0.11083681045875342, "T3": 0.10612868912657468, "T5": 0.11184106065204746, "U1": 13.642256144606074, "U5": 16.674245838606375}, "datetime": {"datetime": "2021-03-05 15:45:48", "elapsed": 99.200196, "delta": 0.373427}}
{"target": 0.2949895033365357, "params": {"T1": 0.11115370164051167, "T3": 0.06405688419542448, "T5": 0.08790201534746404, "U1": 12.142065580470108, "U5": 15.499484070076488}, "datetime": {"datetime": "2021-03-05 15:45:49", "elapsed": 99.592281, "delta": 0.392085}}
{"target": 0.3031806237057959, "params": {"T1": 0.07522215161268583, "T3": 0.08877509538638964, "T5": 0.14147181508942877, "U1": 17.66247513082338, "U5": 12.994069142663829}, "datetime": {"datetime": "2021-03-05 15:45:49", "elapsed": 100.002394, "delta": 0.410113}}
{"target": 0.33373737171553874, "params": {"T1": 0.05017351764522992, "T3": 0.05688904949109515, "T5": 0.09608633658571059, "U1": 14.561242890811325, "U5": 17.244479517364876}, "datetime": {"datetime": "2021-03-05 15:45:50", "elapsed": 100.504082, "delta": 0.501688}}
{"target": 0.24006750004954505, "params": {"T1": 0.06480572406185352, "T3": 0.127905810563953, "T5": 0.10768166141351525, "U1": 14.046006031882477, "U5": 12.304657348451993}, "datetime": {"datetime": "2021-03-05 15:45:50", "elapsed": 100.886753, "delta": 0.382671}}
{"target": 0.3187082471779034, "params": {"T1": 0.1100655585686157, "T3": 0.14098499628234015, "T5": 0.1369868847565068, "U1": 16.425745137724427, "U5": 16.028894562976365}, "datetime": {"datetime": "2021-03-05 15:45:50", "elapsed": 101.280517, "delta": 0.393764}}
{"target": 0.29899303941211713, "params": {"T1": 0.12561487329486914, "T3": 0.11005006261052339, "T5": 0.14687468430209327, "U1": 18.46213279264576, "U5": 14.147639943011171}, "datetime": {"datetime": "2021-03-05 15:45:51", "elapsed": 101.675451, "delta": 0.394934}}
{"target": 0.3024783424994422, "params": {"T1": 0.14575176488006997, "T3": 0.05590947024558887, "T5": 0.09478552531557413, "U1": 19.517870973532222, "U5": 13.025543877917082}, "datetime": {"datetime": "2021-03-05 15:45:51", "elapsed": 102.123944, "delta": 0.448493}}
{"target": 0.3031717641693068, "params": {"T1": 0.09054846809951224, "T3": 0.13244556576365454, "T5": 0.07294019674965693, "U1": 18.400688737193846, "U5": 17.290598229791698}, "datetime": {"datetime": "2021-03-05 15:45:52", "elapsed": 102.521622, "delta": 0.397678}}
{"target": 0.3001304519466306, "params": {"T1": 0.09875342688654665, "T3": 0.10008442852768383, "T5": 0.08925674561876497, "U1": 12.858729336695035, "U5": 15.612008381842072}, "datetime": {"datetime": "2021-03-05 15:45:52", "elapsed": 102.920678, "delta": 0.399056}}
{"target": 0.30540186593430685, "params": {"T1": 0.07206336176512862, "T3": 0.06982393302456179, "T5": 0.09867479876464513, "U1": 19.808396894551954, "U5": 13.030613417039143}, "datetime": {"datetime": "2021-03-05 15:45:52", "elapsed": 103.333738, "delta": 0.41306}}
{"target": 0.29610977413774175, "params": {"T1": 0.1392008598913806, "T3": 0.08820332574678577, "T5": 0.10917433510758101, "U1": 12.593393480696218, "U5": 13.695095122551933}, "datetime": {"datetime": "2021-03-05 15:45:53", "elapsed": 103.725477, "delta": 0.391739}}
{"target": 0.3506736485240213, "params": {"T1": 0.14268884967366266, "T3": 0.11144449037599291, "T5": 0.1385957531817833, "U1": 15.540751549739188, "U5": 19.7488073852699}, "datetime": {"datetime": "2021-03-05 15:45:53", "elapsed": 104.121337, "delta": 0.39586}}
{"target": 0.38750517166429943, "params": {"T1": 0.06263613560256712, "T3": 0.12670368768123683, "T5": 0.13468564901963898, "U1": 13.630783757392368, "U5": 16.20520478441583}, "datetime": {"datetime": "2021-03-05 15:45:54", "elapsed": 104.635385, "delta": 0.514048}}
{"target": 0.3517249900346369, "params": {"T1": 0.1314210683793554, "T3": 0.07594365444996837, "T5": 0.13361672506328232, "U1": 17.69093995915005, "U5": 13.501080800225587}, "datetime": {"datetime": "2021-03-05 15:45:54", "elapsed": 105.041223, "delta": 0.405838}}
{"target": 0.3064441281877961, "params": {"T1": 0.10253399497700438, "T3": 0.08320631363932078, "T5": 0.0570975559576408, "U1": 12.923940952386857, "U5": 19.623257723927477}, "datetime": {"datetime": "2021-03-05 15:45:55", "elapsed": 105.707138, "delta": 0.665915}}
{"target": 0.29860347051927283, "params": {"T1": 0.0785697318281833, "T3": 0.07300486683931841, "T5": 0.10180410049772962, "U1": 18.146250861642944, "U5": 15.800549074291911}, "datetime": {"datetime": "2021-03-05 15:45:55", "elapsed": 106.080095, "delta": 0.372957}}
{"target": 0.2976263229317057, "params": {"T1": 0.09766359361099747, "T3": 0.09415900330121783, "T5": 0.13971719485338685, "U1": 16.260161907336457, "U5": 17.714575085990823}, "datetime": {"datetime": "2021-03-05 15:45:56", "elapsed": 106.468148, "delta": 0.388053}}
{"target": 0.3019845091544104, "params": {"T1": 0.07521784645576031, "T3": 0.13467446961622906, "T5": 0.12780576392533857, "U1": 16.61763167404694, "U5": 15.84329030948892}, "datetime": {"datetime": "2021-03-05 15:45:56", "elapsed": 106.976665, "delta": 0.508517}}
{"target": 0.2956967963875973, "params": {"T1": 0.10020197707792682, "T3": 0.05371857327075938, "T5": 0.11658114307594304, "U1": 16.92893534254201, "U5": 17.22345865976618}, "datetime": {"datetime": "2021-03-05 15:45:57", "elapsed": 107.491064, "delta": 0.514399}}
{"target": 0.30880274915320244, "params": {"T1": 0.1206686957604748, "T3": 0.050974491109780785, "T5": 0.10693325746974901, "U1": 15.034763744519317, "U5": 17.580711661072453}, "datetime": {"datetime": "2021-03-05 15:45:57", "elapsed": 107.88407, "delta": 0.393006}}
{"target": 0.2893910100360641, "params": {"T1": 0.11930122726471667, "T3": 0.11425851505172942, "T5": 0.12046505707355701, "U1": 13.27957803021733, "U5": 12.6640265974894}, "datetime": {"datetime": "2021-03-05 15:45:58", "elapsed": 108.424216, "delta": 0.540146}}
{"target": 0.3011999717429197, "params": {"T1": 0.09699076526938476, "T3": 0.05643276585313764, "T5": 0.13702977317372925, "U1": 14.52590209115329, "U5": 13.72999406948313}, "datetime": {"datetime": "2021-03-05 15:45:58", "elapsed": 108.826669, "delta": 0.402453}}
{"target": 0.3023918663561903, "params": {"T1": 0.0957710186218628, "T3": 0.05495580560290453, "T5": 0.06251190553283345, "U1": 18.356045222870613, "U5": 17.593059184428355}, "datetime": {"datetime": "2021-03-05 15:45:58", "elapsed": 109.236079, "delta": 0.40941}}
{"target": 0.2959822559775758, "params": {"T1": 0.0872166658678978, "T3": 0.127083079318987, "T5": 0.12957181982966037, "U1": 14.97564846472105, "U5": 15.597726555122726}, "datetime": {"datetime": "2021-03-05 15:45:59", "elapsed": 109.787281, "delta": 0.551202}}
{"target": 0.29803496184359574, "params": {"T1": 0.07619732108810898, "T3": 0.11664177419289078, "T5": 0.09325774610845866, "U1": 16.001569111352307, "U5": 18.98684328706968}, "datetime": {"datetime": "2021-03-05 15:45:59", "elapsed": 110.199248, "delta": 0.411967}}
{"target": 0.26879440620546685, "params": {"T1": 0.08802461067613558, "T3": 0.1378302088504305, "T5": 0.08785493822567045, "U1": 18.28003806832877, "U5": 12.03234645106443}, "datetime": {"datetime": "2021-03-05 15:46:00", "elapsed": 110.588631, "delta": 0.389383}}
{"target": 0.30114904038690593, "params": {"T1": 0.09821819865461942, "T3": 0.14056840379860366, "T5": 0.0712073596977957, "U1": 14.679904325844054, "U5": 13.211964842045486}, "datetime": {"datetime": "2021-03-05 15:46:00", "elapsed": 110.980096, "delta": 0.391465}}
{"target": 0.303906466461714, "params": {"T1": 0.11751877836285281, "T3": 0.05112414645000888, "T5": 0.10779184093035124, "U1": 18.866077088158022, "U5": 15.11049779194784}, "datetime": {"datetime": "2021-03-05 15:46:00", "elapsed": 111.391258, "delta": 0.411162}}
{"target": 0.2915322141447241, "params": {"T1": 0.1258241943138736, "T3": 0.0779070846634343, "T5": 0.12350779486911963, "U1": 19.198169817770143, "U5": 18.310410970913345}, "datetime": {"datetime": "2021-03-05 15:46:01", "elapsed": 111.782954, "delta": 0.391696}}
{"target": 0.29770398100990114, "params": {"T1": 0.10630803351029205, "T3": 0.07596857580872432, "T5": 0.08517508422169086, "U1": 16.93626845404872, "U5": 18.512272977988587}, "datetime": {"datetime": "2021-03-05 15:46:01", "elapsed": 112.184733, "delta": 0.401779}}
{"target": 0.2664616899462961, "params": {"T1": 0.13986542279347042, "T3": 0.1389819180914289, "T5": 0.067678418457075, "U1": 13.69933992135286, "U5": 13.075054733148487}, "datetime": {"datetime": "2021-03-05 15:46:02", "elapsed": 112.705613, "delta": 0.52088}}
{"target": 0.32168056617972535, "params": {"T1": 0.13940783929996686, "T3": 0.05736171225599244, "T5": 0.07687707099777892, "U1": 16.059974486663823, "U5": 15.386373654264473}, "datetime": {"datetime": "2021-03-05 15:46:02", "elapsed": 113.112827, "delta": 0.407214}}
{"target": 0.3556448680824625, "params": {"T1": 0.10426472160350314, "T3": 0.13048881484415564, "T5": 0.06861135567236894, "U1": 16.56695425189914, "U5": 13.255598844774676}, "datetime": {"datetime": "2021-03-05 15:46:03", "elapsed": 113.67517, "delta": 0.562343}}
{"target": 0.28313282161618575, "params": {"T1": 0.09082322230914112, "T3": 0.10307301972919189, "T5": 0.07028916761857537, "U1": 18.983820549010183, "U5": 15.163354310585714}, "datetime": {"datetime": "2021-03-05 15:46:03", "elapsed": 114.119436, "delta": 0.444266}}
{"target": 0.30641098025696567, "params": {"T1": 0.13440078945454415, "T3": 0.08883718033221036, "T5": 0.08315908317038354, "U1": 15.35210568382567, "U5": 13.206447452321177}, "datetime": {"datetime": "2021-03-05 15:46:04", "elapsed": 114.553515, "delta": 0.434079}}
{"target": 0.28359108426322405, "params": {"T1": 0.06968050956268167, "T3": 0.14361889031919645, "T5": 0.057075823697896134, "U1": 17.01892114097237, "U5": 12.131609456145284}, "datetime": {"datetime": "2021-03-05 15:46:04", "elapsed": 114.978065, "delta": 0.42455}}
{"target": 0.27578186963623047, "params": {"T1": 0.08889998062369718, "T3": 0.11357031771565058, "T5": 0.08828100070220939, "U1": 18.168149385000703, "U5": 17.702181729458488}, "datetime": {"datetime": "2021-03-05 15:46:05", "elapsed": 115.497312, "delta": 0.519247}}
{"target": 0.2999526338708371, "params": {"T1": 0.14337526727246352, "T3": 0.08408086025422365, "T5": 0.12932399710235426, "U1": 19.760882532781906, "U5": 14.55870114047758}, "datetime": {"datetime": "2021-03-05 15:46:05", "elapsed": 115.923105, "delta": 0.425793}}
{"target": 0.2990684767813241, "params": {"T1": 0.05748025799604424, "T3": 0.08286675287524557, "T5": 0.06706149447755003, "U1": 19.316577796585452, "U5": 14.707559527962879}, "datetime": {"datetime": "2021-03-05 15:46:05", "elapsed": 116.310337, "delta": 0.387232}}
{"target": 0.298124430225685, "params": {"T1": 0.057527430004229385, "T3": 0.06146941864117113, "T5": 0.12421528930625071, "U1": 19.740825176489167, "U5": 15.709885070632659}, "datetime": {"datetime": "2021-03-05 15:46:06", "elapsed": 116.755254, "delta": 0.444917}}
{"target": 0.30298444831262217, "params": {"T1": 0.0653345895722833, "T3": 0.07165099487279632, "T5": 0.09723263976899962, "U1": 17.2367102466901, "U5": 19.464364460634453}, "datetime": {"datetime": "2021-03-05 15:46:06", "elapsed": 117.17163, "delta": 0.416376}}
{"target": 0.29728437861208623, "params": {"T1": 0.07043940217833408, "T3": 0.11602789669440479, "T5": 0.07743591949835159, "U1": 14.286529863789873, "U5": 12.801034513009274}, "datetime": {"datetime": "2021-03-05 15:46:07", "elapsed": 117.607438, "delta": 0.435808}}
{"target": 0.2989395360620576, "params": {"T1": 0.05820781081387208, "T3": 0.0970202323403623, "T5": 0.1062019187835141, "U1": 16.927727238593043, "U5": 15.318201500408435}, "datetime": {"datetime": "2021-03-05 15:46:07", "elapsed": 118.099298, "delta": 0.49186}}
{"target": 0.2854718624196825, "params": {"T1": 0.07425983517739157, "T3": 0.1207001405452947, "T5": 0.08060892749710843, "U1": 15.01226229778303, "U5": 18.93651885451465}, "datetime": {"datetime": "2021-03-05 15:46:08", "elapsed": 118.705705, "delta": 0.606407}}
{"target": 0.22553642548780456, "params": {"T1": 0.05445408520232145, "T3": 0.07182524066515265, "T5": 0.05837232554318331, "U1": 14.535253799576507, "U5": 14.834875825278932}, "datetime": {"datetime": "2021-03-05 15:46:09", "elapsed": 119.419651, "delta": 0.713946}}
{"target": 0.25946856651856776, "params": {"T1": 0.12728244094731778, "T3": 0.12085582957320944, "T5": 0.07587734999238417, "U1": 18.996063808695336, "U5": 19.692360632256825}, "datetime": {"datetime": "2021-03-05 15:46:09", "elapsed": 119.893175, "delta": 0.473524}}
{"target": 0.29924299158031187, "params": {"T1": 0.10576966007372324, "T3": 0.057341989022084205, "T5": 0.13640634566442184, "U1": 13.239578134751163, "U5": 18.74488360485813}, "datetime": {"datetime": "2021-03-05 15:46:10", "elapsed": 120.442725, "delta": 0.54955}}
{"target": 0.31968051132596675, "params": {"T1": 0.13074348476000636, "T3": 0.13700349553050084, "T5": 0.10260265505720781, "U1": 16.3796732761917, "U5": 19.880981954831405}, "datetime": {"datetime": "2021-03-05 15:46:10", "elapsed": 120.884964, "delta": 0.442239}}
{"target": 0.2942939356727308, "params": {"T1": 0.1338191995833034, "T3": 0.12431377501897918, "T5": 0.10985033040875469, "U1": 16.717726998324704, "U5": 13.272526937691016}, "datetime": {"datetime": "2021-03-05 15:46:11", "elapsed": 121.486402, "delta": 0.601438}}
{"target": 0.31648503711700626, "params": {"T1": 0.0636773780911636, "T3": 0.07677356549809579, "T5": 0.07226228550223747, "U1": 16.372983469661104, "U5": 16.80087073238972}, "datetime": {"datetime": "2021-03-05 15:46:11", "elapsed": 121.943553, "delta": 0.457151}}
{"target": 0.4178594436717624, "params": {"T1": 0.140333621048343, "T3": 0.12899273810016815, "T5": 0.06234075586161571, "U1": 18.35279222501006, "U5": 14.52991742620274}, "datetime": {"datetime": "2021-03-05 15:46:11", "elapsed": 122.399622, "delta": 0.456069}}
{"target": 0.29982978864116216, "params": {"T1": 0.09496093432878447, "T3": 0.09302055726739661, "T5": 0.07897668316980735, "U1": 12.487252221828424, "U5": 15.073704309096545}, "datetime": {"datetime": "2021-03-05 15:46:12", "elapsed": 122.857266, "delta": 0.457644}}
{"target": 0.29532864556000865, "params": {"T1": 0.10722838292852413, "T3": 0.10279505334407266, "T5": 0.06067722633916446, "U1": 14.182401307631913, "U5": 15.64921566355154}, "datetime": {"datetime": "2021-03-05 15:46:12", "elapsed": 123.407541, "delta": 0.550275}}
{"target": 0.3063757853170247, "params": {"T1": 0.12205830540503233, "T3": 0.13073007610967624, "T5": 0.07329353789198369, "U1": 13.730987009684938, "U5": 13.330697383421235}, "datetime": {"datetime": "2021-03-05 15:46:13", "elapsed": 124.021586, "delta": 0.614045}}
{"target": 0.3073540977664678, "params": {"T1": 0.10286121720863073, "T3": 0.10111264783387802, "T5": 0.11247067821148773, "U1": 12.961267938227092, "U5": 14.302269400346109}, "datetime": {"datetime": "2021-03-05 15:46:14", "elapsed": 124.487962, "delta": 0.466376}}
