{"target": 0.993981598573119, "params": {"T1": 0.06127386616309691, "T3": 0.10186422311863913, "T5": 0.08314828981634062, "U1": 18.623361520577717, "U5": 17.20963880547119}, "datetime": {"datetime": "2021-03-05 14:31:58", "elapsed": 5325.683133, "delta": 13.328625}}
{"target": 0.19119796230925068, "params": {"T1": 0.1455027344568413, "T3": 0.057201275799624744, "T5": 0.05197822317874569, "U1": 13.563772867827064, "U5": 17.980669668105325}, "datetime": {"datetime": "2021-03-05 14:32:05", "elapsed": 5332.419663, "delta": 6.73653}}
{"target": 0.1835604113735015, "params": {"T1": 0.14721081576134204, "T3": 0.14042855330935633, "T5": 0.13522851613887232, "U1": 14.238498650827786, "U5": 13.221711539184891}, "datetime": {"datetime": "2021-03-05 14:32:12", "elapsed": 5339.232092, "delta": 6.812429}}
{"target": 0.1282430871762382, "params": {"T1": 0.13046894265379919, "T3": 0.11789935629474176, "T5": 0.14827969517553924, "U1": 18.517006891464654, "U5": 12.218111114475374}, "datetime": {"datetime": "2021-03-05 14:32:18", "elapsed": 5345.813396, "delta": 6.581304}}
{"target": 0.29495690760071025, "params": {"T1": 0.13186550738754726, "T3": 0.06582615036314207, "T5": 0.12357277290535153, "U1": 13.875347985969688, "U5": 13.39748321361243}, "datetime": {"datetime": "2021-03-05 14:32:26", "elapsed": 5353.340811, "delta": 7.527415}}
{"target": 0.1758378743461648, "params": {"T1": 0.09513916803196493, "T3": 0.12856897975017623, "T5": 0.11001052277002307, "U1": 13.275075310272346, "U5": 12.587908940264514}, "datetime": {"datetime": "2021-03-05 14:32:32", "elapsed": 5359.567968, "delta": 6.227157}}
{"target": 0.15011394903650563, "params": {"T1": 0.13035753709589987, "T3": 0.05068715228376495, "T5": 0.08740399733643373, "U1": 14.233689938984684, "U5": 14.313094551168476}, "datetime": {"datetime": "2021-03-05 14:32:38", "elapsed": 5366.021071, "delta": 6.453103}}
{"target": 0.3009304223165709, "params": {"T1": 0.09828180750095764, "T3": 0.07174105477420517, "T5": 0.1221255982126699, "U1": 13.253389513610017, "U5": 18.188281569794956}, "datetime": {"datetime": "2021-03-05 14:32:44", "elapsed": 5371.847516, "delta": 5.826445}}
{"target": 0.2630889256095272, "params": {"T1": 0.09562970626318129, "T3": 0.09875614505980349, "T5": 0.07928158179572423, "U1": 17.502442067665346, "U5": 13.317857171752191}, "datetime": {"datetime": "2021-03-05 14:32:51", "elapsed": 5378.305032, "delta": 6.457516}}
{"target": 0.15421839447671618, "params": {"T1": 0.10673219623013919, "T3": 0.14832824075931153, "T5": 0.06865505840699654, "U1": 19.391236665268245, "U5": 18.857513960799636}, "datetime": {"datetime": "2021-03-05 14:32:57", "elapsed": 5384.721758, "delta": 6.416726}}
{"target": 0.8568356116764639, "params": {"T1": 0.0701815345944852, "T3": 0.10772725175161724, "T5": 0.07387538158190386, "U1": 18.630097623187147, "U5": 17.228770120672213}, "datetime": {"datetime": "2021-03-05 14:33:13", "elapsed": 5400.237905, "delta": 15.516147}}
{"target": 0.5862174382732094, "params": {"T1": 0.11002608846439191, "T3": 0.1466765006821779, "T5": 0.05912759617460237, "U1": 13.633837077901648, "U5": 13.637026900454345}, "datetime": {"datetime": "2021-03-05 14:33:19", "elapsed": 5406.703628, "delta": 6.465723}}
{"target": 0.16377076886381686, "params": {"T1": 0.10863508702666924, "T3": 0.07686586808957618, "T5": 0.1447379984092429, "U1": 16.001978384199543, "U5": 17.60584032806521}, "datetime": {"datetime": "2021-03-05 14:33:27", "elapsed": 5414.591863, "delta": 7.888235}}
{"target": 0.17446126850629562, "params": {"T1": 0.13458072795822146, "T3": 0.1184789602058992, "T5": 0.07105438695319269, "U1": 17.374312223022063, "U5": 12.90555345511602}, "datetime": {"datetime": "2021-03-05 14:33:38", "elapsed": 5425.726733, "delta": 11.13487}}
{"target": 0.16753740256569025, "params": {"T1": 0.1097999186947565, "T3": 0.09967771949606162, "T5": 0.1474689225701598, "U1": 17.035872211038402, "U5": 12.290099511913844}, "datetime": {"datetime": "2021-03-05 14:33:45", "elapsed": 5432.193979, "delta": 6.467246}}
{"target": 0.205182036118509, "params": {"T1": 0.09118163439430099, "T3": 0.10280827530268974, "T5": 0.09697457341313237, "U1": 17.738488557659768, "U5": 19.894675965926}, "datetime": {"datetime": "2021-03-05 14:33:51", "elapsed": 5438.816518, "delta": 6.622539}}
{"target": 0.16309084216785819, "params": {"T1": 0.0930841432725496, "T3": 0.07395670049568862, "T5": 0.09169180997706447, "U1": 14.729762212765365, "U5": 19.96802024033921}, "datetime": {"datetime": "2021-03-05 14:33:58", "elapsed": 5445.219327, "delta": 6.402809}}
{"target": 0.33398930927697873, "params": {"T1": 0.09936827716713062, "T3": 0.12438270026571643, "T5": 0.11587928135949449, "U1": 12.728032786432118, "U5": 15.845942907902238}, "datetime": {"datetime": "2021-03-05 14:34:18", "elapsed": 5465.432133, "delta": 20.212806}}
{"target": 0.19606212449049878, "params": {"T1": 0.09180940454707984, "T3": 0.10960995350929231, "T5": 0.07295101211960422, "U1": 18.813258283317317, "U5": 13.779405007387243}, "datetime": {"datetime": "2021-03-05 14:34:30", "elapsed": 5477.28656, "delta": 11.854427}}
{"target": 0.3503469581986011, "params": {"T1": 0.0930628858423027, "T3": 0.10979477688297087, "T5": 0.09602032662971233, "U1": 19.69826137655014, "U5": 12.725656533201601}, "datetime": {"datetime": "2021-03-05 14:34:43", "elapsed": 5490.472221, "delta": 13.185661}}
{"target": 0.13803441770067035, "params": {"T1": 0.09566131663729309, "T3": 0.0719074952484581, "T5": 0.051252455718047665, "U1": 12.271152642768119, "U5": 18.73776196865025}, "datetime": {"datetime": "2021-03-05 14:34:49", "elapsed": 5496.503735, "delta": 6.031514}}
{"target": 0.3761274747341825, "params": {"T1": 0.06069028680482395, "T3": 0.11829863125594732, "T5": 0.1450626460620077, "U1": 17.534839329249557, "U5": 18.664441266124157}, "datetime": {"datetime": "2021-03-05 14:34:57", "elapsed": 5504.194176, "delta": 7.690441}}
{"target": 0.1283033588729269, "params": {"T1": 0.13086805372800847, "T3": 0.06338266468725448, "T5": 0.09875239510521115, "U1": 16.779995477098414, "U5": 17.17746369165288}, "datetime": {"datetime": "2021-03-05 14:35:09", "elapsed": 5516.995045, "delta": 12.800869}}
{"target": 0.14712948880636853, "params": {"T1": 0.10162020976425878, "T3": 0.12737043709213694, "T5": 0.056225598782958, "U1": 12.665174312962444, "U5": 16.7520348749085}, "datetime": {"datetime": "2021-03-05 14:35:18", "elapsed": 5526.102231, "delta": 9.107186}}
{"target": 0.16783567223426463, "params": {"T1": 0.06499881159588004, "T3": 0.08659494273402739, "T5": 0.11740942619373686, "U1": 14.971416994612635, "U5": 18.563120166022326}, "datetime": {"datetime": "2021-03-05 14:35:25", "elapsed": 5532.376379, "delta": 6.274148}}
{"target": 0.13323316225471987, "params": {"T1": 0.11545418248261244, "T3": 0.1290871464769351, "T5": 0.12006655957487215, "U1": 15.694597338145142, "U5": 12.595552611272865}, "datetime": {"datetime": "2021-03-05 14:35:32", "elapsed": 5539.991214, "delta": 7.614835}}
{"target": 0.29468998023864923, "params": {"T1": 0.08283877578627936, "T3": 0.13875299254750728, "T5": 0.11848243360641893, "U1": 19.783097719067968, "U5": 12.171313912090898}, "datetime": {"datetime": "2021-03-05 14:35:39", "elapsed": 5546.32839, "delta": 6.337176}}
{"target": 0.3291928006203894, "params": {"T1": 0.14971610108167144, "T3": 0.10650017876827708, "T5": 0.09637180448298643, "U1": 16.870794700410418, "U5": 19.516543258319775}, "datetime": {"datetime": "2021-03-05 14:35:45", "elapsed": 5553.050397, "delta": 6.722007}}
{"target": 0.3136412469734875, "params": {"T1": 0.12880917348132886, "T3": 0.06467405201880191, "T5": 0.12986797649505755, "U1": 14.99380548943067, "U5": 16.48519412418951}, "datetime": {"datetime": "2021-03-05 14:35:53", "elapsed": 5560.527835, "delta": 7.477438}}
{"target": 0.19256720934142807, "params": {"T1": 0.14047210096152302, "T3": 0.14439437884339562, "T5": 0.057527845114472335, "U1": 19.4121471017417, "U5": 17.23562932113941}, "datetime": {"datetime": "2021-03-05 14:35:59", "elapsed": 5567.051223, "delta": 6.523388}}
{"target": 0.16542813363910513, "params": {"T1": 0.14481854436496022, "T3": 0.1283896581795193, "T5": 0.135297119883719, "U1": 17.483976997635835, "U5": 18.390469454318286}, "datetime": {"datetime": "2021-03-05 14:36:06", "elapsed": 5573.686376, "delta": 6.635153}}
{"target": 0.4732661229886591, "params": {"T1": 0.08299189615245141, "T3": 0.1120355382374087, "T5": 0.11348677909100492, "U1": 13.91832165566057, "U5": 19.24195522141837}, "datetime": {"datetime": "2021-03-05 14:36:13", "elapsed": 5581.115676, "delta": 7.4293}}
{"target": 0.6689266071834773, "params": {"T1": 0.11860607578486511, "T3": 0.11410958831650854, "T5": 0.08292922327317805, "U1": 19.621404491661266, "U5": 12.531856944840737}, "datetime": {"datetime": "2021-03-05 14:36:20", "elapsed": 5587.547407, "delta": 6.431731}}
{"target": 0.2987954205429153, "params": {"T1": 0.05324885107317278, "T3": 0.07347949230069328, "T5": 0.14498504611763904, "U1": 14.073525208691091, "U5": 16.90869144415968}, "datetime": {"datetime": "2021-03-05 14:36:27", "elapsed": 5594.920983, "delta": 7.373576}}
{"target": 0.25913643132714925, "params": {"T1": 0.09645098213281195, "T3": 0.05948525890685983, "T5": 0.10713356394849605, "U1": 18.062702612480685, "U5": 19.86392102786139}, "datetime": {"datetime": "2021-03-05 14:36:35", "elapsed": 5602.86157, "delta": 7.940587}}
{"target": 1.0287409286753573, "params": {"T1": 0.10385676509111524, "T3": 0.12155050210564665, "T5": 0.10040835562415149, "U1": 19.39604527787032, "U5": 17.671084141385194}, "datetime": {"datetime": "2021-03-05 14:36:42", "elapsed": 5610.090863, "delta": 7.229293}}
{"target": 0.15795496710933607, "params": {"T1": 0.1460581000121018, "T3": 0.055860349646463074, "T5": 0.10975718745247862, "U1": 19.981616061750223, "U5": 18.31198958012819}, "datetime": {"datetime": "2021-03-05 14:36:49", "elapsed": 5616.8588, "delta": 6.767937}}
{"target": 0.24624230124052515, "params": {"T1": 0.07477299818582603, "T3": 0.12363587674361474, "T5": 0.07031429804122266, "U1": 17.768586782252612, "U5": 19.297754021246206}, "datetime": {"datetime": "2021-03-05 14:36:58", "elapsed": 5625.345878, "delta": 8.487078}}
{"target": 0.4718787827708011, "params": {"T1": 0.056080522845101066, "T3": 0.13312007218463529, "T5": 0.05734071770777349, "U1": 19.717285304257004, "U5": 13.164539244741277}, "datetime": {"datetime": "2021-03-05 14:37:04", "elapsed": 5631.316103, "delta": 5.970225}}
{"target": 0.14294676139654366, "params": {"T1": 0.11635560647814584, "T3": 0.08876038931571377, "T5": 0.11844298140244998, "U1": 18.226870945090567, "U5": 15.874623374662516}, "datetime": {"datetime": "2021-03-05 14:37:14", "elapsed": 5641.539153, "delta": 10.22305}}
{"target": 0.19700690224745068, "params": {"T1": 0.10198906145846606, "T3": 0.12399786190846435, "T5": 0.07044631799966969, "U1": 19.183596984221715, "U5": 18.701164055104588}, "datetime": {"datetime": "2021-03-05 14:37:20", "elapsed": 5648.07691, "delta": 6.537757}}
{"target": 0.27497156554154334, "params": {"T1": 0.07209438408601133, "T3": 0.07454226881470252, "T5": 0.07389299206581397, "U1": 16.197076085635068, "U5": 17.146198804007234}, "datetime": {"datetime": "2021-03-05 14:37:35", "elapsed": 5662.872585, "delta": 14.795675}}
{"target": 0.1571077457931205, "params": {"T1": 0.09940066394417599, "T3": 0.1129124441433883, "T5": 0.10739359966060305, "U1": 15.34520279752388, "U5": 15.701824281263244}, "datetime": {"datetime": "2021-03-05 14:37:47", "elapsed": 5674.562048, "delta": 11.689463}}
{"target": 0.14769930762149328, "params": {"T1": 0.11764678253109738, "T3": 0.08007074044167112, "T5": 0.11916275131540711, "U1": 16.392634514472455, "U5": 15.922971688830732}, "datetime": {"datetime": "2021-03-05 14:37:54", "elapsed": 5681.229995, "delta": 6.667947}}
{"target": 0.1837352459712411, "params": {"T1": 0.10165739778370905, "T3": 0.11315531431103132, "T5": 0.14958853696170732, "U1": 18.63908887698647, "U5": 18.948592852211302}, "datetime": {"datetime": "2021-03-05 14:38:10", "elapsed": 5697.303187, "delta": 16.073192}}
{"target": 0.16847668465042215, "params": {"T1": 0.09104176654535916, "T3": 0.14410171808114924, "T5": 0.14286350880560247, "U1": 14.417548802506225, "U5": 12.493579667599901}, "datetime": {"datetime": "2021-03-05 14:38:26", "elapsed": 5713.180351, "delta": 15.877164}}
{"target": 0.13866984929628495, "params": {"T1": 0.10551678159394676, "T3": 0.06348140834678827, "T5": 0.09781672953488099, "U1": 16.25310068336453, "U5": 15.27041138727633}, "datetime": {"datetime": "2021-03-05 14:38:36", "elapsed": 5723.324009, "delta": 10.143658}}
{"target": 0.22776230986874296, "params": {"T1": 0.11823533160334136, "T3": 0.12244965963061546, "T5": 0.12482623086381604, "U1": 18.83927956411138, "U5": 18.868440444279248}, "datetime": {"datetime": "2021-03-05 14:38:43", "elapsed": 5730.968187, "delta": 7.644178}}
{"target": 0.2780947765797808, "params": {"T1": 0.13614720714840062, "T3": 0.1089597835772155, "T5": 0.09509129778487883, "U1": 19.70794223724573, "U5": 14.812426769733507}, "datetime": {"datetime": "2021-03-05 14:38:52", "elapsed": 5739.698559, "delta": 8.730372}}
{"target": 0.19961867623360177, "params": {"T1": 0.05505537595166311, "T3": 0.0960978346422443, "T5": 0.06992582677196388, "U1": 14.37836091086041, "U5": 13.967643211304884}, "datetime": {"datetime": "2021-03-05 14:39:03", "elapsed": 5750.349818, "delta": 10.651259}}
{"target": 0.12511094947522564, "params": {"T1": 0.13239262834427631, "T3": 0.06130703495523271, "T5": 0.13394866607733613, "U1": 17.96735818358856, "U5": 12.950199803839704}, "datetime": {"datetime": "2021-03-05 14:39:09", "elapsed": 5756.262674, "delta": 5.912856}}
{"target": 0.19984831087671964, "params": {"T1": 0.12416028853045603, "T3": 0.1136395555036555, "T5": 0.11364599778223754, "U1": 17.16526630964356, "U5": 19.85394323016405}, "datetime": {"datetime": "2021-03-05 14:39:23", "elapsed": 5770.334251, "delta": 14.071577}}
{"target": 0.29884156604796797, "params": {"T1": 0.05944953035230344, "T3": 0.050319483972334114, "T5": 0.14578907554891457, "U1": 15.725653220744636, "U5": 19.12836388116601}, "datetime": {"datetime": "2021-03-05 14:39:30", "elapsed": 5777.85507, "delta": 7.520819}}
{"target": 0.3477241670443705, "params": {"T1": 0.11287319086888427, "T3": 0.14258138903499828, "T5": 0.1279958118719367, "U1": 17.59949906718765, "U5": 18.41654453589738}, "datetime": {"datetime": "2021-03-05 14:39:36", "elapsed": 5783.973674, "delta": 6.118604}}
{"target": 0.36325986680768213, "params": {"T1": 0.09083771956021412, "T3": 0.09044327752066164, "T5": 0.08386222287516631, "U1": 15.937748513609549, "U5": 13.06548657167929}, "datetime": {"datetime": "2021-03-05 14:39:43", "elapsed": 5790.188405, "delta": 6.214731}}
{"target": 1.4067768370415958, "params": {"T1": 0.1412640532348854, "T3": 0.0953391482785099, "T5": 0.055297663257465095, "U1": 17.18267416190889, "U5": 15.416587358327794}, "datetime": {"datetime": "2021-03-05 14:39:49", "elapsed": 5796.275838, "delta": 6.087433}}
{"target": 0.37407148584856126, "params": {"T1": 0.06883492007491801, "T3": 0.09673870976731797, "T5": 0.12188957199751711, "U1": 14.116657285168694, "U5": 14.783215289709077}, "datetime": {"datetime": "2021-03-05 14:39:58", "elapsed": 5806.042161, "delta": 9.766323}}
{"target": 0.37384081269910246, "params": {"T1": 0.0622558578797136, "T3": 0.1427020629225887, "T5": 0.074617493952189, "U1": 12.307373905294321, "U5": 13.866738685139978}, "datetime": {"datetime": "2021-03-05 14:40:14", "elapsed": 5822.116761, "delta": 16.0746}}
{"target": 0.14312286020722065, "params": {"T1": 0.09754889448604204, "T3": 0.07144372291776127, "T5": 0.09949254584812259, "U1": 13.173877604011214, "U5": 18.606807323474957}, "datetime": {"datetime": "2021-03-05 14:40:21", "elapsed": 5828.654346, "delta": 6.537585}}
{"target": 0.35422184437712956, "params": {"T1": 0.10808028446892345, "T3": 0.12238207665548212, "T5": 0.07837639077112567, "U1": 18.744477720823554, "U5": 14.32098050824126}, "datetime": {"datetime": "2021-03-05 14:40:34", "elapsed": 5841.23614, "delta": 12.581794}}
{"target": 0.3590322594955169, "params": {"T1": 0.1482883408359046, "T3": 0.10443210258650168, "T5": 0.08094481422766174, "U1": 12.853165958152793, "U5": 19.576564627611553}, "datetime": {"datetime": "2021-03-05 14:40:41", "elapsed": 5848.396183, "delta": 7.160043}}
{"target": 0.2331861056013554, "params": {"T1": 0.0552240505545937, "T3": 0.06687630976051843, "T5": 0.09964501366500364, "U1": 19.983700747407422, "U5": 16.453252222789978}, "datetime": {"datetime": "2021-03-05 14:40:47", "elapsed": 5855.140787, "delta": 6.744604}}
{"target": 0.32276784337586223, "params": {"T1": 0.07214832573249619, "T3": 0.12376159332569146, "T5": 0.08229523817867489, "U1": 18.61826713857026, "U5": 17.202764548729803}, "datetime": {"datetime": "2021-03-05 14:40:59", "elapsed": 5866.648913, "delta": 11.508126}}
{"target": 0.23200391884339844, "params": {"T1": 0.11738791284426708, "T3": 0.1477426349990878, "T5": 0.07013865135776837, "U1": 18.818411924332402, "U5": 17.77256265492984}, "datetime": {"datetime": "2021-03-05 14:41:06", "elapsed": 5873.385077, "delta": 6.736164}}
{"target": 0.1846252474801406, "params": {"T1": 0.06353097680980982, "T3": 0.09631879949916652, "T5": 0.13119131036599424, "U1": 17.503410788479545, "U5": 14.70999768915647}, "datetime": {"datetime": "2021-03-05 14:41:11", "elapsed": 5878.868291, "delta": 5.483214}}
{"target": 0.1364617281579554, "params": {"T1": 0.1001928788755672, "T3": 0.10889340357693564, "T5": 0.11853220556120866, "U1": 14.02550187886322, "U5": 19.948533060949643}, "datetime": {"datetime": "2021-03-05 14:41:16", "elapsed": 5883.289325, "delta": 4.421034}}
{"target": 0.13757678623691436, "params": {"T1": 0.12263799747342902, "T3": 0.059932319945497664, "T5": 0.13927001201983508, "U1": 17.70065303270809, "U5": 13.687008862800882}, "datetime": {"datetime": "2021-03-05 14:41:20", "elapsed": 5887.889001, "delta": 4.599676}}
{"target": 0.28626018157163513, "params": {"T1": 0.11400976184796556, "T3": 0.12447298469192873, "T5": 0.12119984174894087, "U1": 17.073135999046478, "U5": 16.971029191961758}, "datetime": {"datetime": "2021-03-05 14:41:27", "elapsed": 5894.656722, "delta": 6.767721}}
{"target": 0.2901333342277752, "params": {"T1": 0.07106881247661898, "T3": 0.05800549182213313, "T5": 0.14698225156525518, "U1": 14.592561825585168, "U5": 12.637537090912723}, "datetime": {"datetime": "2021-03-05 14:41:32", "elapsed": 5899.819233, "delta": 5.162511}}
{"target": 0.2261183449570627, "params": {"T1": 0.09813913712532404, "T3": 0.14112868281466123, "T5": 0.11020600890541492, "U1": 12.602190770672212, "U5": 14.848012224505247}, "datetime": {"datetime": "2021-03-05 14:41:38", "elapsed": 5905.45781, "delta": 5.638577}}
{"target": 0.7352941233720385, "params": {"T1": 0.08086324442500495, "T3": 0.14706316744328257, "T5": 0.06992312534974063, "U1": 14.79582789117566, "U5": 17.616606210052772}, "datetime": {"datetime": "2021-03-05 14:41:45", "elapsed": 5912.208912, "delta": 6.751102}}
{"target": 0.32592815345777726, "params": {"T1": 0.08540276018723604, "T3": 0.10702362447266398, "T5": 0.07762240224970243, "U1": 16.94411611924292, "U5": 13.935426866992053}, "datetime": {"datetime": "2021-03-05 14:41:50", "elapsed": 5917.565398, "delta": 5.356486}}
{"target": 0.1596415887114557, "params": {"T1": 0.10301356950798235, "T3": 0.14222654417694325, "T5": 0.11829359019563254, "U1": 15.759274678817258, "U5": 14.21407232171839}, "datetime": {"datetime": "2021-03-05 14:41:54", "elapsed": 5921.674287, "delta": 4.108889}}
{"target": 0.17751039618590675, "params": {"T1": 0.08984864868301308, "T3": 0.13575868264041113, "T5": 0.10675159862358624, "U1": 12.96599485008976, "U5": 17.150022625083395}, "datetime": {"datetime": "2021-03-05 14:42:00", "elapsed": 5927.82532, "delta": 6.151033}}
{"target": 0.18879623684712113, "params": {"T1": 0.09762697142459237, "T3": 0.07007868195511445, "T5": 0.13506128359811864, "U1": 13.639067147333737, "U5": 13.687144560715627}, "datetime": {"datetime": "2021-03-05 14:42:04", "elapsed": 5932.028418, "delta": 4.203098}}
{"target": 0.37377098115690943, "params": {"T1": 0.0521371233471912, "T3": 0.12421155465881628, "T5": 0.0637153705068623, "U1": 19.833475268009398, "U5": 18.29133695884251}, "datetime": {"datetime": "2021-03-05 14:42:11", "elapsed": 5938.749277, "delta": 6.720859}}
{"target": 0.2127240379971137, "params": {"T1": 0.07647237022998545, "T3": 0.1326219132574165, "T5": 0.06049853323861753, "U1": 16.56763360272926, "U5": 17.40436114973856}, "datetime": {"datetime": "2021-03-05 14:42:16", "elapsed": 5943.327066, "delta": 4.577789}}
{"target": 0.19582135916700658, "params": {"T1": 0.05716759132634487, "T3": 0.08123454888917556, "T5": 0.10559102720860469, "U1": 13.139731281780396, "U5": 17.041530388934653}, "datetime": {"datetime": "2021-03-05 14:42:20", "elapsed": 5947.818687, "delta": 4.491621}}
{"target": 0.5198545478250426, "params": {"T1": 0.09858738088164526, "T3": 0.11767749704754465, "T5": 0.1369921614749441, "U1": 13.265973858165971, "U5": 17.373802639599226}, "datetime": {"datetime": "2021-03-05 14:42:31", "elapsed": 5958.902891, "delta": 11.084204}}
{"target": 0.20440224789189096, "params": {"T1": 0.0763292082323404, "T3": 0.09547881085105034, "T5": 0.09021493500941188, "U1": 19.859279579280027, "U5": 19.619182114494617}, "datetime": {"datetime": "2021-03-05 14:42:38", "elapsed": 5965.573555, "delta": 6.670664}}
{"target": 0.3380493619496257, "params": {"T1": 0.09687208672124412, "T3": 0.13135941930288664, "T5": 0.07286174065697526, "U1": 19.14598574671242, "U5": 17.97600782532974}, "datetime": {"datetime": "2021-03-05 14:42:42", "elapsed": 5969.892138, "delta": 4.318583}}
{"target": 0.8245668700967278, "params": {"T1": 0.09289193983289393, "T3": 0.1212647857915582, "T5": 0.08466781765354944, "U1": 15.719150040621944, "U5": 16.882195525831346}, "datetime": {"datetime": "2021-03-05 14:42:47", "elapsed": 5974.175092, "delta": 4.282954}}
