{"target": 0.1663830245049944, "params": {"T1": 0.10300107207111545, "T3": 0.05423274243346726, "T5": 0.08222148232703477, "U1": 18.042082791510598, "U5": 15.805732584053702}, "datetime": {"datetime": "2021-03-05 14:15:33", "elapsed": 4157.713016, "delta": 8.299908}}
{"target": 0.28460045293231984, "params": {"T1": 0.13697772654791857, "T3": 0.09873112876568976, "T5": 0.1352905413540068, "U1": 15.348356661452549, "U5": 19.281890285250853}, "datetime": {"datetime": "2021-03-05 14:15:49", "elapsed": 4173.903696, "delta": 16.19068}}
{"target": 0.2723808983089256, "params": {"T1": 0.1417090487827097, "T3": 0.0518325205556717, "T5": 0.09441529060308146, "U1": 14.574811061547937, "U5": 12.075582622686172}, "datetime": {"datetime": "2021-03-05 14:15:55", "elapsed": 4179.654456, "delta": 5.75076}}
{"target": 0.40992398507107414, "params": {"T1": 0.11311743047768684, "T3": 0.07907506759630481, "T5": 0.05478153073144879, "U1": 19.48931225555909, "U5": 18.41419095364003}, "datetime": {"datetime": "2021-03-05 14:16:01", "elapsed": 4185.750844, "delta": 6.096388}}
{"target": 0.21159974909250404, "params": {"T1": 0.05701412629710798, "T3": 0.07687414427091592, "T5": 0.1344046334891459, "U1": 17.061362379115728, "U5": 15.21896122651669}, "datetime": {"datetime": "2021-03-05 14:16:07", "elapsed": 4191.238629, "delta": 5.487785}}
{"target": 0.287879552760099, "params": {"T1": 0.07786711646870308, "T3": 0.1374275916397345, "T5": 0.13200028790014018, "U1": 12.411727563339529, "U5": 13.903143895846624}, "datetime": {"datetime": "2021-03-05 14:16:12", "elapsed": 4197.042631, "delta": 5.804002}}
{"target": 0.27074425668068697, "params": {"T1": 0.07126504053233076, "T3": 0.07099894093871319, "T5": 0.10107995677111092, "U1": 15.2058500732429, "U5": 19.268781367688874}, "datetime": {"datetime": "2021-03-05 14:16:25", "elapsed": 4209.669037, "delta": 12.626406}}
{"target": 0.18163289716806663, "params": {"T1": 0.06821708070721771, "T3": 0.14884833772632555, "T5": 0.11996809654701288, "U1": 16.923222901844007, "U5": 13.412452981689238}, "datetime": {"datetime": "2021-03-05 14:16:31", "elapsed": 4215.824135, "delta": 6.155098}}
{"target": 0.23748447361421454, "params": {"T1": 0.12059253909286657, "T3": 0.07514898744653785, "T5": 0.09370330834325262, "U1": 16.35374598876353, "U5": 14.819698703062892}, "datetime": {"datetime": "2021-03-05 14:16:41", "elapsed": 4225.918022, "delta": 10.093887}}
{"target": 0.24234865653826934, "params": {"T1": 0.12642920833249663, "T3": 0.1292651796265164, "T5": 0.12603140095921989, "U1": 15.226612553379244, "U5": 16.369328004861416}, "datetime": {"datetime": "2021-03-05 14:16:47", "elapsed": 4231.221225, "delta": 5.303203}}
{"target": 0.30723861978737405, "params": {"T1": 0.09943655391487466, "T3": 0.06575874165137525, "T5": 0.11654086127253474, "U1": 16.146721161096792, "U5": 12.375872458702467}, "datetime": {"datetime": "2021-03-05 14:16:54", "elapsed": 4238.713526, "delta": 7.492301}}
{"target": 0.1992237499444885, "params": {"T1": 0.14006997880660155, "T3": 0.13038884809031287, "T5": 0.137965397698254, "U1": 12.348848417019006, "U5": 19.68631773717962}, "datetime": {"datetime": "2021-03-05 14:17:00", "elapsed": 4244.873586, "delta": 6.16006}}
{"target": 0.4304067134718161, "params": {"T1": 0.12267581445537631, "T3": 0.10328437282293262, "T5": 0.06322374715885795, "U1": 17.58627446825038, "U5": 18.02713918109548}, "datetime": {"datetime": "2021-03-05 14:17:11", "elapsed": 4255.401052, "delta": 10.527466}}
{"target": 0.14863022403419252, "params": {"T1": 0.12113084429419066, "T3": 0.06359518915407726, "T5": 0.08033645084996498, "U1": 17.102759244561767, "U5": 18.66632121182747}, "datetime": {"datetime": "2021-03-05 14:17:16", "elapsed": 4260.196673, "delta": 4.795621}}
{"target": 0.1306056736203542, "params": {"T1": 0.10681250217449192, "T3": 0.06579530312659021, "T5": 0.11951633975979734, "U1": 16.471962896224415, "U5": 14.302224908519971}, "datetime": {"datetime": "2021-03-05 14:17:22", "elapsed": 4266.5757, "delta": 6.379027}}
{"target": 0.16646896891978527, "params": {"T1": 0.1075803857756508, "T3": 0.11997744716925592, "T5": 0.13895956072770896, "U1": 15.553933670861205, "U5": 18.923179728592206}, "datetime": {"datetime": "2021-03-05 14:17:27", "elapsed": 4271.690589, "delta": 5.114889}}
{"target": 0.17541889473020061, "params": {"T1": 0.11803330220653978, "T3": 0.08997606669727834, "T5": 0.052531037672494986, "U1": 14.06405170484911, "U5": 12.0135113380497}, "datetime": {"datetime": "2021-03-05 14:17:33", "elapsed": 4277.783435, "delta": 6.092846}}
{"target": 0.3010538662391805, "params": {"T1": 0.07616370803844755, "T3": 0.14861076354426608, "T5": 0.14931842588360045, "U1": 13.680278092664453, "U5": 17.33621422801674}, "datetime": {"datetime": "2021-03-05 14:17:38", "elapsed": 4283.177981, "delta": 5.394546}}
{"target": 0.26032175012598513, "params": {"T1": 0.06682381211099275, "T3": 0.11142076763131141, "T5": 0.12396508140169264, "U1": 15.479475575061183, "U5": 17.592660269982357}, "datetime": {"datetime": "2021-03-05 14:17:44", "elapsed": 4289.17428, "delta": 5.996299}}
{"target": 0.45188613106117936, "params": {"T1": 0.0641561303639691, "T3": 0.07203331225027376, "T5": 0.13480069078508217, "U1": 14.245747786006897, "U5": 19.75249001430516}, "datetime": {"datetime": "2021-03-05 14:17:50", "elapsed": 4294.670973, "delta": 5.496693}}
{"target": 0.7058459204194357, "params": {"T1": 0.11996757217246277, "T3": 0.06701960752762944, "T5": 0.06860870667280454, "U1": 19.25399847531874, "U5": 12.523219787106271}, "datetime": {"datetime": "2021-03-05 14:17:56", "elapsed": 4300.589238, "delta": 5.918265}}
{"target": 0.25216030467614886, "params": {"T1": 0.07382572913971229, "T3": 0.10131790627406966, "T5": 0.10833482028971494, "U1": 17.976415285720705, "U5": 16.854493447146318}, "datetime": {"datetime": "2021-03-05 14:18:03", "elapsed": 4307.498109, "delta": 6.908871}}
{"target": 0.5062544117404445, "params": {"T1": 0.1477728772560026, "T3": 0.13522634983552756, "T5": 0.11137866830641635, "U1": 13.74416234801867, "U5": 15.740203607543464}, "datetime": {"datetime": "2021-03-05 14:18:10", "elapsed": 4314.299279, "delta": 6.80117}}
{"target": 0.13280303020418976, "params": {"T1": 0.07708395760028836, "T3": 0.0591250945188001, "T5": 0.11264931364343701, "U1": 17.696410997090307, "U5": 17.88271956239555}, "datetime": {"datetime": "2021-03-05 14:18:16", "elapsed": 4320.651234, "delta": 6.351955}}
{"target": 0.3165595942938658, "params": {"T1": 0.06214376930596569, "T3": 0.05324836895422015, "T5": 0.07341110012912673, "U1": 14.218210185989356, "U5": 17.51270014373947}, "datetime": {"datetime": "2021-03-05 14:18:22", "elapsed": 4326.900675, "delta": 6.249441}}
{"target": 0.2981666098635357, "params": {"T1": 0.13438997335665576, "T3": 0.05009264885701068, "T5": 0.08849355083910537, "U1": 12.591723936638813, "U5": 12.35824107683993}, "datetime": {"datetime": "2021-03-05 14:18:32", "elapsed": 4336.726464, "delta": 9.825789}}
{"target": 0.1590663652317942, "params": {"T1": 0.07924886059935375, "T3": 0.09315270198154679, "T5": 0.07823456779474437, "U1": 13.436469561193402, "U5": 19.728021824103728}, "datetime": {"datetime": "2021-03-05 14:18:42", "elapsed": 4346.9535, "delta": 10.227036}}
{"target": 0.5165036792590866, "params": {"T1": 0.13873865061894275, "T3": 0.13840554888297818, "T5": 0.13580034148578157, "U1": 17.500391472400327, "U5": 13.321359624863714}, "datetime": {"datetime": "2021-03-05 14:18:49", "elapsed": 4353.87984, "delta": 6.92634}}
{"target": 0.23770702571175137, "params": {"T1": 0.1130340887149114, "T3": 0.096954156593582, "T5": 0.14658211675366103, "U1": 12.423266828564206, "U5": 18.13492249690826}, "datetime": {"datetime": "2021-03-05 14:18:55", "elapsed": 4359.976749, "delta": 6.096909}}
{"target": 0.3019851491582785, "params": {"T1": 0.054083549991672225, "T3": 0.0619496566342839, "T5": 0.08648197372610818, "U1": 12.918133268961569, "U5": 17.211221689235884}, "datetime": {"datetime": "2021-03-05 14:19:07", "elapsed": 4371.23321, "delta": 11.256461}}
{"target": 0.24010058249011657, "params": {"T1": 0.09661319965963819, "T3": 0.11518137963197356, "T5": 0.07519855219472589, "U1": 15.120225992496415, "U5": 17.358688332792727}, "datetime": {"datetime": "2021-03-05 14:19:14", "elapsed": 4378.529384, "delta": 7.296174}}
{"target": 0.12357644817111883, "params": {"T1": 0.12222541415892897, "T3": 0.09231440793020382, "T5": 0.13291043862692903, "U1": 14.097854451906896, "U5": 18.94997833736698}, "datetime": {"datetime": "2021-03-05 14:19:19", "elapsed": 4383.49829, "delta": 4.968906}}
{"target": 0.1475363611165818, "params": {"T1": 0.09933701653210233, "T3": 0.05477453233581817, "T5": 0.14563686587341967, "U1": 17.431440711288488, "U5": 19.423115816076038}, "datetime": {"datetime": "2021-03-05 14:19:24", "elapsed": 4388.550301, "delta": 5.052011}}
{"target": 0.7927581263189739, "params": {"T1": 0.09537840955927152, "T3": 0.1068235149743132, "T5": 0.11954489508939815, "U1": 14.771812671996766, "U5": 13.755247191228081}, "datetime": {"datetime": "2021-03-05 14:19:30", "elapsed": 4394.727369, "delta": 6.177068}}
{"target": 0.17110246004364735, "params": {"T1": 0.09158949331623853, "T3": 0.06645957336026723, "T5": 0.10259900562066947, "U1": 16.857738797445045, "U5": 14.27728966951902}, "datetime": {"datetime": "2021-03-05 14:19:36", "elapsed": 4400.540092, "delta": 5.812723}}
{"target": 0.16400284130573045, "params": {"T1": 0.05679947699940205, "T3": 0.061069351837825275, "T5": 0.08212101828459765, "U1": 15.309367691994577, "U5": 17.427520713730868}, "datetime": {"datetime": "2021-03-05 14:19:43", "elapsed": 4407.353615, "delta": 6.813523}}
{"target": 0.2087050891664148, "params": {"T1": 0.1483080979189737, "T3": 0.09436601492650615, "T5": 0.1419954993519384, "U1": 14.057778600097784, "U5": 14.617408418497284}, "datetime": {"datetime": "2021-03-05 14:19:56", "elapsed": 4420.411167, "delta": 13.057552}}
{"target": 0.25237950680662913, "params": {"T1": 0.08475442121946475, "T3": 0.12580464090262167, "T5": 0.10812403490468063, "U1": 15.042018285016347, "U5": 14.782356594877614}, "datetime": {"datetime": "2021-03-05 14:20:02", "elapsed": 4426.290864, "delta": 5.879697}}
{"target": 0.2577364817962036, "params": {"T1": 0.13003982922223406, "T3": 0.1438308245998195, "T5": 0.06084889892731338, "U1": 12.243490054149184, "U5": 13.100060379523143}, "datetime": {"datetime": "2021-03-05 14:20:07", "elapsed": 4431.606401, "delta": 5.315537}}
{"target": 0.9951850703524493, "params": {"T1": 0.1484657826238962, "T3": 0.08212419237006158, "T5": 0.08683969241805087, "U1": 19.832480035651322, "U5": 12.73625385584803}, "datetime": {"datetime": "2021-03-05 14:20:17", "elapsed": 4441.456592, "delta": 9.850191}}
{"target": 0.16389622797173842, "params": {"T1": 0.09884570568206577, "T3": 0.0620908676051954, "T5": 0.05550579248204192, "U1": 17.148080067523356, "U5": 14.678261458682854}, "datetime": {"datetime": "2021-03-05 14:20:25", "elapsed": 4449.641678, "delta": 8.185086}}
{"target": 0.2667535063857472, "params": {"T1": 0.05511042405345084, "T3": 0.10974702382630751, "T5": 0.13661483166272698, "U1": 19.062469291881566, "U5": 14.090956315528874}, "datetime": {"datetime": "2021-03-05 14:20:31", "elapsed": 4455.612294, "delta": 5.970616}}
{"target": 0.29887894019426425, "params": {"T1": 0.07121154514552949, "T3": 0.05470278124750399, "T5": 0.07271987537589855, "U1": 19.586876620154733, "U5": 12.248438981592276}, "datetime": {"datetime": "2021-03-05 14:20:37", "elapsed": 4461.488478, "delta": 5.876184}}
{"target": 0.1367877572230804, "params": {"T1": 0.1151022625587834, "T3": 0.1055520495849979, "T5": 0.11668189008786874, "U1": 15.36811853824251, "U5": 14.464530378039797}, "datetime": {"datetime": "2021-03-05 14:20:51", "elapsed": 4475.263982, "delta": 13.775504}}
{"target": 0.2255589974964215, "params": {"T1": 0.08286376397383619, "T3": 0.12569189125510144, "T5": 0.09202370452165501, "U1": 17.494570654304706, "U5": 19.02826740593174}, "datetime": {"datetime": "2021-03-05 14:20:56", "elapsed": 4481.030942, "delta": 5.76696}}
{"target": 0.2973745101282965, "params": {"T1": 0.10424525124395911, "T3": 0.0562237609714236, "T5": 0.1266151206764496, "U1": 14.923173964916536, "U5": 15.122035555350244}, "datetime": {"datetime": "2021-03-05 14:21:03", "elapsed": 4487.293197, "delta": 6.262255}}
{"target": 0.6097949456036772, "params": {"T1": 0.08813451457274096, "T3": 0.11020419540637315, "T5": 0.09243633231117679, "U1": 16.0891909840972, "U5": 12.693145017441939}, "datetime": {"datetime": "2021-03-05 14:21:09", "elapsed": 4493.683756, "delta": 6.390559}}
{"target": 0.22094351893605718, "params": {"T1": 0.08107728542633141, "T3": 0.14651128437954342, "T5": 0.0988261905098535, "U1": 15.016881536537525, "U5": 18.353330422927648}, "datetime": {"datetime": "2021-03-05 14:21:24", "elapsed": 4508.449546, "delta": 14.76579}}
{"target": 0.2413753514947512, "params": {"T1": 0.09720336556802725, "T3": 0.07678992486869925, "T5": 0.10064913885613286, "U1": 16.29860126499077, "U5": 17.182984994245132}, "datetime": {"datetime": "2021-03-05 14:21:37", "elapsed": 4521.342404, "delta": 12.892858}}
{"target": 0.42888663025846285, "params": {"T1": 0.13318895521510205, "T3": 0.054623612776541125, "T5": 0.12710746980380716, "U1": 15.443802808560719, "U5": 16.039496093556707}, "datetime": {"datetime": "2021-03-05 14:21:50", "elapsed": 4534.726151, "delta": 13.383747}}
{"target": 0.36489928468617616, "params": {"T1": 0.06007565737864769, "T3": 0.06471294391158547, "T5": 0.06726526192632143, "U1": 19.44300460705965, "U5": 12.973733285236897}, "datetime": {"datetime": "2021-03-05 14:22:00", "elapsed": 4544.923743, "delta": 10.197592}}
{"target": 0.32355945553179305, "params": {"T1": 0.06439685569607047, "T3": 0.14632612422686603, "T5": 0.06424607628782034, "U1": 13.870997364512712, "U5": 16.192423904735424}, "datetime": {"datetime": "2021-03-05 14:22:11", "elapsed": 4555.915747, "delta": 10.992004}}
{"target": 0.3283822432071433, "params": {"T1": 0.06381824223076907, "T3": 0.139608547610902, "T5": 0.07385309610542248, "U1": 13.939904284504058, "U5": 12.573851886578026}, "datetime": {"datetime": "2021-03-05 14:22:17", "elapsed": 4561.816102, "delta": 5.900355}}
{"target": 0.18491280844411798, "params": {"T1": 0.12604172318397155, "T3": 0.10112418242443336, "T5": 0.09885846686882742, "U1": 17.815301548692425, "U5": 17.912707281429697}, "datetime": {"datetime": "2021-03-05 14:22:25", "elapsed": 4570.018195, "delta": 8.202093}}
{"target": 0.21701198475829328, "params": {"T1": 0.08085675228690196, "T3": 0.06380864940319421, "T5": 0.13756449450757727, "U1": 19.118206422094858, "U5": 14.941676290920139}, "datetime": {"datetime": "2021-03-05 14:22:31", "elapsed": 4575.752944, "delta": 5.734749}}
{"target": 0.4568897925887687, "params": {"T1": 0.14631362998037128, "T3": 0.13290619192934128, "T5": 0.12962490791528575, "U1": 19.481827547097886, "U5": 16.629927411879954}, "datetime": {"datetime": "2021-03-05 14:22:40", "elapsed": 4584.207644, "delta": 8.4547}}
{"target": 0.17899961477777873, "params": {"T1": 0.11357517170918983, "T3": 0.13537055783974727, "T5": 0.13931715202166983, "U1": 17.107775577337918, "U5": 12.252935756422701}, "datetime": {"datetime": "2021-03-05 14:22:50", "elapsed": 4594.521643, "delta": 10.313999}}
{"target": 0.14413712710314774, "params": {"T1": 0.13223420745144565, "T3": 0.06081909747192263, "T5": 0.1337560224570017, "U1": 19.88006287763209, "U5": 16.549148839611597}, "datetime": {"datetime": "2021-03-05 14:22:55", "elapsed": 4599.840611, "delta": 5.318968}}
{"target": 0.14388415662636034, "params": {"T1": 0.08880293692794478, "T3": 0.10639177244921276, "T5": 0.12276189707097909, "U1": 17.025965932199746, "U5": 14.919456204455999}, "datetime": {"datetime": "2021-03-05 14:23:02", "elapsed": 4606.19348, "delta": 6.352869}}
{"target": 0.42252467444503755, "params": {"T1": 0.09506568526912379, "T3": 0.060737125815919085, "T5": 0.08298816632509357, "U1": 17.218472109813817, "U5": 14.17891645952012}, "datetime": {"datetime": "2021-03-05 14:23:08", "elapsed": 4612.587128, "delta": 6.393648}}
{"target": 0.37283929085488965, "params": {"T1": 0.08471510946806368, "T3": 0.11561505649603815, "T5": 0.09515769911906202, "U1": 17.182247703521195, "U5": 16.50674131176953}, "datetime": {"datetime": "2021-03-05 14:23:14", "elapsed": 4619.076774, "delta": 6.489646}}
{"target": 0.2223001524084839, "params": {"T1": 0.06154647741702565, "T3": 0.13389104678723807, "T5": 0.0868185748821347, "U1": 16.63078267945298, "U5": 15.178114001460575}, "datetime": {"datetime": "2021-03-05 14:23:23", "elapsed": 4627.812126, "delta": 8.735352}}
{"target": 0.2144473212678201, "params": {"T1": 0.10388880593931724, "T3": 0.13237725082016025, "T5": 0.09186353360395748, "U1": 14.977882757672358, "U5": 18.116828829474418}, "datetime": {"datetime": "2021-03-05 14:23:33", "elapsed": 4637.797607, "delta": 9.985481}}
{"target": 0.15626534507715395, "params": {"T1": 0.14368671389310889, "T3": 0.14522855903613602, "T5": 0.06967997849729628, "U1": 15.506008837639591, "U5": 18.193716275537426}, "datetime": {"datetime": "2021-03-05 14:23:48", "elapsed": 4653.062198, "delta": 15.264591}}
{"target": 0.24258637985464004, "params": {"T1": 0.06371970366152435, "T3": 0.06117254749727583, "T5": 0.10697342481248381, "U1": 17.781370784186677, "U5": 13.150642026829143}, "datetime": {"datetime": "2021-03-05 14:23:55", "elapsed": 4659.646158, "delta": 6.58396}}
{"target": 0.20974267049052983, "params": {"T1": 0.09972380069881587, "T3": 0.06284941139903408, "T5": 0.057001459334804286, "U1": 13.437574179135261, "U5": 14.315532343775882}, "datetime": {"datetime": "2021-03-05 14:24:01", "elapsed": 4665.584063, "delta": 5.937905}}
{"target": 0.22169880743375972, "params": {"T1": 0.11026542342891815, "T3": 0.1445502118312382, "T5": 0.07606618125962925, "U1": 12.530526498578915, "U5": 12.843690491542963}, "datetime": {"datetime": "2021-03-05 14:24:08", "elapsed": 4672.318568, "delta": 6.734505}}
{"target": 0.3122324495654642, "params": {"T1": 0.0730101105180486, "T3": 0.050348915533243804, "T5": 0.11076611949128859, "U1": 14.18488961408206, "U5": 15.299049800117892}, "datetime": {"datetime": "2021-03-05 14:24:24", "elapsed": 4688.767659, "delta": 16.449091}}
{"target": 0.1450171831324187, "params": {"T1": 0.14528769066162045, "T3": 0.05811069672549001, "T5": 0.13583137454284264, "U1": 13.637395780232804, "U5": 14.157993575557423}, "datetime": {"datetime": "2021-03-05 14:24:30", "elapsed": 4694.944028, "delta": 6.176369}}
{"target": 0.9131094310158601, "params": {"T1": 0.1385074521083498, "T3": 0.1356807968904598, "T5": 0.057018602741768114, "U1": 17.42576716997575, "U5": 13.961527386727015}, "datetime": {"datetime": "2021-03-05 14:24:39", "elapsed": 4703.465864, "delta": 8.521836}}
{"target": 0.297987919094922, "params": {"T1": 0.05238849748486836, "T3": 0.07520225902786129, "T5": 0.12707079693163456, "U1": 17.738652047992574, "U5": 12.800633203691808}, "datetime": {"datetime": "2021-03-05 14:24:45", "elapsed": 4709.714425, "delta": 6.248561}}
{"target": 0.295462556402302, "params": {"T1": 0.07537906558690158, "T3": 0.08832841134740019, "T5": 0.09508646914294597, "U1": 12.694289855885538, "U5": 12.312304522480403}, "datetime": {"datetime": "2021-03-05 14:24:51", "elapsed": 4715.939344, "delta": 6.224919}}
{"target": 0.1413319737242797, "params": {"T1": 0.11227604992809097, "T3": 0.10552071242512306, "T5": 0.13436484535775067, "U1": 18.53468326581643, "U5": 14.718633974747764}, "datetime": {"datetime": "2021-03-05 14:25:06", "elapsed": 4730.718476, "delta": 14.779132}}
{"target": 0.3201445107129123, "params": {"T1": 0.11546947232917093, "T3": 0.12986701077097612, "T5": 0.08886385761494638, "U1": 17.486756011586618, "U5": 13.524669773021088}, "datetime": {"datetime": "2021-03-05 14:25:15", "elapsed": 4739.996318, "delta": 9.277842}}
{"target": 0.28860051668828396, "params": {"T1": 0.13017956457305846, "T3": 0.05905975730070693, "T5": 0.11591712420748553, "U1": 12.502996795797609, "U5": 16.86262828576251}, "datetime": {"datetime": "2021-03-05 14:25:22", "elapsed": 4746.526313, "delta": 6.529995}}
{"target": 0.30450710441428985, "params": {"T1": 0.11932327845454717, "T3": 0.06064775424990572, "T5": 0.12620098755472708, "U1": 18.615874300030505, "U5": 17.246216234239295}, "datetime": {"datetime": "2021-03-05 14:25:32", "elapsed": 4756.622054, "delta": 10.095741}}
{"target": 0.1666835418421978, "params": {"T1": 0.06121879940432572, "T3": 0.14686251246056448, "T5": 0.1247657829882976, "U1": 13.598264294416781, "U5": 13.178835076311389}, "datetime": {"datetime": "2021-03-05 14:25:47", "elapsed": 4771.533526, "delta": 14.911472}}
{"target": 0.19190108812155715, "params": {"T1": 0.06362593353005218, "T3": 0.11475503173817736, "T5": 0.13099071877696172, "U1": 12.04376575578219, "U5": 15.889015543999708}, "datetime": {"datetime": "2021-03-05 14:25:53", "elapsed": 4777.273921, "delta": 5.740395}}
{"target": 0.14468401075218912, "params": {"T1": 0.10129934920488298, "T3": 0.07494808163278865, "T5": 0.10653358121201355, "U1": 19.220064959541276, "U5": 15.827176763731284}, "datetime": {"datetime": "2021-03-05 14:26:00", "elapsed": 4784.221106, "delta": 6.947185}}
{"target": 0.48521297176543066, "params": {"T1": 0.09514907362173014, "T3": 0.08632505267321897, "T5": 0.07696953682649368, "U1": 19.384304010590743, "U5": 14.27322630496111}, "datetime": {"datetime": "2021-03-05 14:26:06", "elapsed": 4790.584283, "delta": 6.363177}}
{"target": 0.262841060157604, "params": {"T1": 0.05396822089694238, "T3": 0.06783781116050781, "T5": 0.09956796505583126, "U1": 13.564964998360665, "U5": 13.977986668955946}, "datetime": {"datetime": "2021-03-05 14:26:21", "elapsed": 4806.012156, "delta": 15.427873}}
{"target": 0.18935422683145786, "params": {"T1": 0.0783329391853836, "T3": 0.055664195405391706, "T5": 0.06182176475494207, "U1": 12.936086783376041, "U5": 12.61239725897583}, "datetime": {"datetime": "2021-03-05 14:26:27", "elapsed": 4812.070209, "delta": 6.058053}}
