{"target": 0.23815600930159428, "params": {"T1": 0.10935948836837447, "T3": 0.10497398150152536, "T5": 0.1338072168406138, "U1": 18.925992008509837, "U5": 16.23533566599586}, "datetime": {"datetime": "2021-03-05 13:14:11", "elapsed": 475.415323, "delta": 3.482337}}
{"target": 0.14812860184947066, "params": {"T1": 0.08028441185949625, "T3": 0.06868137346075748, "T5": 0.12226708622096111, "U1": 16.35090165704053, "U5": 14.21723835541718}, "datetime": {"datetime": "2021-03-05 13:14:13", "elapsed": 477.947051, "delta": 2.531728}}
{"target": 0.4582207039447169, "params": {"T1": 0.09330269028383695, "T3": 0.05797782186467601, "T5": 0.11035125883933211, "U1": 13.35176979521431, "U5": 17.748004415960146}, "datetime": {"datetime": "2021-03-05 13:14:15", "elapsed": 479.423789, "delta": 1.476738}}
{"target": 0.16235703762705742, "params": {"T1": 0.07728398298594506, "T3": 0.06788505625188082, "T5": 0.07074277452120167, "U1": 18.943425465831673, "U5": 14.999771306905412}, "datetime": {"datetime": "2021-03-05 13:14:16", "elapsed": 480.881924, "delta": 1.458135}}
{"target": 0.2764776459539646, "params": {"T1": 0.06376241303717745, "T3": 0.07740542428780092, "T5": 0.06843833956157296, "U1": 14.818193488251532, "U5": 13.821402619064374}, "datetime": {"datetime": "2021-03-05 13:14:18", "elapsed": 482.314103, "delta": 1.432179}}
{"target": 0.28620575013219046, "params": {"T1": 0.12022930811240419, "T3": 0.07471300850118603, "T5": 0.1484135488997519, "U1": 13.460665362459736, "U5": 13.685967898508625}, "datetime": {"datetime": "2021-03-05 13:14:19", "elapsed": 483.659402, "delta": 1.345299}}
{"target": 0.2286093416225642, "params": {"T1": 0.12455110841859142, "T3": 0.07020081724269397, "T5": 0.07610880246528276, "U1": 13.56054518683853, "U5": 17.51190692080351}, "datetime": {"datetime": "2021-03-05 13:14:20", "elapsed": 485.145772, "delta": 1.48637}}
{"target": 0.29855842487308915, "params": {"T1": 0.11854606403203789, "T3": 0.136304385420482, "T5": 0.07688243256553837, "U1": 15.539128680459665, "U5": 17.526980399488956}, "datetime": {"datetime": "2021-03-05 13:14:22", "elapsed": 486.902983, "delta": 1.757211}}
{"target": 0.15014142660038826, "params": {"T1": 0.11221574214238711, "T3": 0.14774477678867903, "T5": 0.1286211236388349, "U1": 19.064758631757684, "U5": 14.352222073467933}, "datetime": {"datetime": "2021-03-05 13:14:24", "elapsed": 488.462053, "delta": 1.55907}}
{"target": 0.2605475136569893, "params": {"T1": 0.13765783799027193, "T3": 0.06676921005031067, "T5": 0.10298332329754833, "U1": 18.020846780536438, "U5": 18.47837979865991}, "datetime": {"datetime": "2021-03-05 13:14:26", "elapsed": 491.063256, "delta": 2.601203}}
{"target": 0.1224312877446422, "params": {"T1": 0.13211057925617023, "T3": 0.05129074005833472, "T5": 0.10146235067771942, "U1": 14.488104533364613, "U5": 16.7463401183947}, "datetime": {"datetime": "2021-03-05 13:14:28", "elapsed": 492.561663, "delta": 1.498407}}
{"target": 0.1734615489431086, "params": {"T1": 0.10146349037827085, "T3": 0.053866256773448785, "T5": 0.058743168727509676, "U1": 19.591497024969758, "U5": 18.62332420105208}, "datetime": {"datetime": "2021-03-05 13:14:29", "elapsed": 494.103717, "delta": 1.542054}}
{"target": 0.16279225292630697, "params": {"T1": 0.0557036177518933, "T3": 0.10516532913298324, "T5": 0.11427444955083386, "U1": 15.656927779951307, "U5": 15.226746328481624}, "datetime": {"datetime": "2021-03-05 13:14:31", "elapsed": 495.817933, "delta": 1.714216}}
{"target": 0.20999205267788199, "params": {"T1": 0.11268803968391157, "T3": 0.05754247576057447, "T5": 0.09709047287300908, "U1": 19.512192926032185, "U5": 12.234257837974678}, "datetime": {"datetime": "2021-03-05 13:14:33", "elapsed": 497.350299, "delta": 1.532366}}
{"target": 0.13029482338080273, "params": {"T1": 0.053198952109405145, "T3": 0.05530389545265786, "T5": 0.09111859367462104, "U1": 16.215777075023695, "U5": 17.349485538842544}, "datetime": {"datetime": "2021-03-05 13:14:36", "elapsed": 500.345523, "delta": 2.995224}}
{"target": 0.18473336370991789, "params": {"T1": 0.12741410682639326, "T3": 0.08543630316212722, "T5": 0.05387774348256659, "U1": 17.85677689659766, "U5": 12.710475114325753}, "datetime": {"datetime": "2021-03-05 13:14:37", "elapsed": 501.670825, "delta": 1.325302}}
{"target": 0.2698819832284185, "params": {"T1": 0.07623929342778621, "T3": 0.052995220934667964, "T5": 0.10808512718347035, "U1": 19.835628281792665, "U5": 19.907365745230205}, "datetime": {"datetime": "2021-03-05 13:14:40", "elapsed": 504.437275, "delta": 2.76645}}
{"target": 0.2155339349762181, "params": {"T1": 0.10591232152571392, "T3": 0.07045925335096817, "T5": 0.05371277832007213, "U1": 16.020780721542895, "U5": 17.02993210181009}, "datetime": {"datetime": "2021-03-05 13:14:42", "elapsed": 506.630232, "delta": 2.192957}}
{"target": 0.2325735710765545, "params": {"T1": 0.10123680277140656, "T3": 0.08974934215589783, "T5": 0.06996454010790833, "U1": 18.872262284641533, "U5": 19.823025307127942}, "datetime": {"datetime": "2021-03-05 13:14:43", "elapsed": 508.185866, "delta": 1.555634}}
{"target": 0.15707378667554356, "params": {"T1": 0.08850845214688735, "T3": 0.06010004902004339, "T5": 0.12430319592114603, "U1": 19.592801236768643, "U5": 16.40790037783782}, "datetime": {"datetime": "2021-03-05 13:14:45", "elapsed": 509.565568, "delta": 1.379702}}
{"target": 0.17227346232928353, "params": {"T1": 0.06454207701221697, "T3": 0.06725938545669122, "T5": 0.08427778937064707, "U1": 18.357178602660596, "U5": 14.864535781473503}, "datetime": {"datetime": "2021-03-05 13:14:47", "elapsed": 511.699849, "delta": 2.134281}}
{"target": 0.6203709084536874, "params": {"T1": 0.10882191707738081, "T3": 0.10772564504991988, "T5": 0.0681953551800358, "U1": 19.249494062909662, "U5": 17.496855236854554}, "datetime": {"datetime": "2021-03-05 13:14:48", "elapsed": 513.07663, "delta": 1.376781}}
{"target": 0.16859490831676166, "params": {"T1": 0.08204115176115696, "T3": 0.09829890411710682, "T5": 0.09008350922044352, "U1": 12.001164060982154, "U5": 15.654490790974158}, "datetime": {"datetime": "2021-03-05 13:14:50", "elapsed": 515.162158, "delta": 2.085528}}
{"target": 0.24124027218725874, "params": {"T1": 0.05241188666929995, "T3": 0.12993493259213162, "T5": 0.08898366084166486, "U1": 16.755904887415664, "U5": 12.190109352202148}, "datetime": {"datetime": "2021-03-05 13:14:52", "elapsed": 516.489218, "delta": 1.32706}}
{"target": 0.16839055204138412, "params": {"T1": 0.06501155429050044, "T3": 0.08994889944841926, "T5": 0.1124217398509787, "U1": 13.740772318421733, "U5": 15.970287130387813}, "datetime": {"datetime": "2021-03-05 13:14:53", "elapsed": 517.722872, "delta": 1.233654}}
{"target": 0.25819505835140194, "params": {"T1": 0.054808804386480885, "T3": 0.1097634560176996, "T5": 0.13361551766897256, "U1": 15.2287878274051, "U5": 13.807430250934818}, "datetime": {"datetime": "2021-03-05 13:14:55", "elapsed": 519.393206, "delta": 1.670334}}
{"target": 0.3585738192033737, "params": {"T1": 0.14843844706322568, "T3": 0.13296020989008123, "T5": 0.11151138448743281, "U1": 15.071928765986677, "U5": 18.35300495101825}, "datetime": {"datetime": "2021-03-05 13:14:56", "elapsed": 520.724338, "delta": 1.331132}}
{"target": 0.190668237934867, "params": {"T1": 0.14623691047986814, "T3": 0.09408161032462325, "T5": 0.0944441902683717, "U1": 19.44350947821058, "U5": 18.849942903808163}, "datetime": {"datetime": "2021-03-05 13:14:59", "elapsed": 523.894791, "delta": 3.170453}}
{"target": 0.17545973480184568, "params": {"T1": 0.13681485961994733, "T3": 0.09547577521940928, "T5": 0.14802059452361188, "U1": 19.27879437132909, "U5": 13.604398303797938}, "datetime": {"datetime": "2021-03-05 13:15:01", "elapsed": 525.539596, "delta": 1.644805}}
{"target": 0.6306677008647854, "params": {"T1": 0.0981825085960675, "T3": 0.0979819556249069, "T5": 0.05316558780184181, "U1": 16.958359444746613, "U5": 16.003258935734994}, "datetime": {"datetime": "2021-03-05 13:15:02", "elapsed": 527.041842, "delta": 1.502246}}
{"target": 0.37544683428044395, "params": {"T1": 0.1404678846977141, "T3": 0.12566810522763372, "T5": 0.07467349935879106, "U1": 12.371319426786071, "U5": 15.561523381862244}, "datetime": {"datetime": "2021-03-05 13:15:04", "elapsed": 528.937787, "delta": 1.895945}}
{"target": 0.14568294632224238, "params": {"T1": 0.08430345984362364, "T3": 0.056368912932953166, "T5": 0.05479601720167258, "U1": 18.423215751801212, "U5": 12.666588373912461}, "datetime": {"datetime": "2021-03-05 13:15:06", "elapsed": 530.305282, "delta": 1.367495}}
{"target": 0.19709570878422453, "params": {"T1": 0.1467806678232041, "T3": 0.07046743200769919, "T5": 0.12100753997264498, "U1": 14.912782559363187, "U5": 15.727697648120252}, "datetime": {"datetime": "2021-03-05 13:15:07", "elapsed": 531.854876, "delta": 1.549594}}
{"target": 0.13259074715596755, "params": {"T1": 0.1291848109274279, "T3": 0.12499535950269756, "T5": 0.084507298265046, "U1": 13.543816116655165, "U5": 16.438127990121064}, "datetime": {"datetime": "2021-03-05 13:15:09", "elapsed": 533.710943, "delta": 1.856067}}
{"target": 0.14039546295004016, "params": {"T1": 0.1354791320832766, "T3": 0.12929455865319212, "T5": 0.06114574786671276, "U1": 16.64941077332022, "U5": 17.536922018343994}, "datetime": {"datetime": "2021-03-05 13:15:11", "elapsed": 535.359451, "delta": 1.648508}}
{"target": 0.3359993139890214, "params": {"T1": 0.06951278088022808, "T3": 0.12018695226603204, "T5": 0.1029279045191703, "U1": 12.859902150205818, "U5": 19.22013943910136}, "datetime": {"datetime": "2021-03-05 13:15:12", "elapsed": 536.688257, "delta": 1.328806}}
{"target": 0.20407156494432419, "params": {"T1": 0.07197540874167375, "T3": 0.05809151945415045, "T5": 0.12020469611183213, "U1": 15.681583168380927, "U5": 14.810012244494732}, "datetime": {"datetime": "2021-03-05 13:15:15", "elapsed": 539.550713, "delta": 2.862456}}
{"target": 0.2654137271423153, "params": {"T1": 0.10498282982479773, "T3": 0.13689870880803587, "T5": 0.1431658474125562, "U1": 18.949823688596627, "U5": 19.66047958178749}, "datetime": {"datetime": "2021-03-05 13:15:16", "elapsed": 541.146617, "delta": 1.595904}}
{"target": 0.27011379557526344, "params": {"T1": 0.08328102765620018, "T3": 0.13413176164815327, "T5": 0.09195974586209886, "U1": 18.901493275493984, "U5": 13.72816678805621}, "datetime": {"datetime": "2021-03-05 13:15:18", "elapsed": 542.829036, "delta": 1.682419}}
{"target": 0.26814860307044097, "params": {"T1": 0.08673024804316536, "T3": 0.12531552774664118, "T5": 0.1426636552131982, "U1": 14.151408833187675, "U5": 12.317266980598948}, "datetime": {"datetime": "2021-03-05 13:15:21", "elapsed": 545.33481, "delta": 2.505774}}
{"target": 0.5969216489376871, "params": {"T1": 0.06221074235854608, "T3": 0.08831342166927403, "T5": 0.06502851065079374, "U1": 14.378688707426905, "U5": 13.976864515414533}, "datetime": {"datetime": "2021-03-05 13:15:23", "elapsed": 547.189362, "delta": 1.854552}}
{"target": 0.47585367975550164, "params": {"T1": 0.06357211274278952, "T3": 0.1149352640491641, "T5": 0.05325484279688526, "U1": 17.50561948841589, "U5": 16.89885099496938}, "datetime": {"datetime": "2021-03-05 13:15:24", "elapsed": 548.650547, "delta": 1.461185}}
{"target": 0.35874478713871055, "params": {"T1": 0.11225182322490976, "T3": 0.05838111808544009, "T5": 0.14131332565182464, "U1": 15.975435121003839, "U5": 14.941932072002237}, "datetime": {"datetime": "2021-03-05 13:15:27", "elapsed": 551.81968, "delta": 3.169133}}
{"target": 0.5031354059697896, "params": {"T1": 0.11838999831781531, "T3": 0.11637421803981955, "T5": 0.07035099263520546, "U1": 14.33713084404652, "U5": 13.499790444777904}, "datetime": {"datetime": "2021-03-05 13:15:29", "elapsed": 553.476023, "delta": 1.656343}}
{"target": 0.31195877726579335, "params": {"T1": 0.1408215432546242, "T3": 0.13341648582965615, "T5": 0.0772862802182278, "U1": 13.63236737543863, "U5": 19.04787457758669}, "datetime": {"datetime": "2021-03-05 13:15:30", "elapsed": 555.051544, "delta": 1.575521}}
{"target": 0.28803873251486667, "params": {"T1": 0.10581234628072064, "T3": 0.08322935273394083, "T5": 0.09724600898661093, "U1": 15.157183016074772, "U5": 12.569478389084754}, "datetime": {"datetime": "2021-03-05 13:15:32", "elapsed": 557.059849, "delta": 2.008305}}
{"target": 0.8328996768638796, "params": {"T1": 0.14806727660704544, "T3": 0.09071671542677787, "T5": 0.12383371497656771, "U1": 17.55566766369111, "U5": 15.384435479860382}, "datetime": {"datetime": "2021-03-05 13:15:34", "elapsed": 558.647804, "delta": 1.587955}}
{"target": 0.17657605262274478, "params": {"T1": 0.0680038073973577, "T3": 0.0801221832880618, "T5": 0.06372474195584289, "U1": 18.653334635227655, "U5": 18.86632589435513}, "datetime": {"datetime": "2021-03-05 13:15:35", "elapsed": 559.976249, "delta": 1.328445}}
{"target": 0.497111872298388, "params": {"T1": 0.09347693743386831, "T3": 0.10382811229005688, "T5": 0.13137852511293407, "U1": 15.391935638561886, "U5": 12.972243187327038}, "datetime": {"datetime": "2021-03-05 13:15:37", "elapsed": 561.532423, "delta": 1.556174}}
{"target": 0.5689552185378235, "params": {"T1": 0.11112867294351844, "T3": 0.1395972424766156, "T5": 0.05805988576930396, "U1": 15.737253309875317, "U5": 13.116885626465262}, "datetime": {"datetime": "2021-03-05 13:15:38", "elapsed": 563.021242, "delta": 1.488819}}
{"target": 0.3212922324851811, "params": {"T1": 0.11720542497899313, "T3": 0.1325934969968927, "T5": 0.08970922135884668, "U1": 19.407454467269748, "U5": 19.709576594904625}, "datetime": {"datetime": "2021-03-05 13:15:40", "elapsed": 564.74195, "delta": 1.720708}}
{"target": 0.43368233997279915, "params": {"T1": 0.06006070863197596, "T3": 0.1004282203219124, "T5": 0.10210244195461451, "U1": 17.26516623391202, "U5": 15.357792423392343}, "datetime": {"datetime": "2021-03-05 13:15:42", "elapsed": 566.463168, "delta": 1.721218}}
{"target": 0.22651497928799036, "params": {"T1": 0.09655389823338888, "T3": 0.057162414521380336, "T5": 0.08328667067808017, "U1": 12.515754762260343, "U5": 12.084313308612085}, "datetime": {"datetime": "2021-03-05 13:15:44", "elapsed": 568.406598, "delta": 1.94343}}
{"target": 0.30757751306425163, "params": {"T1": 0.0872880671995395, "T3": 0.1270967630106419, "T5": 0.14988401895588038, "U1": 12.710378441416466, "U5": 13.546913095387035}, "datetime": {"datetime": "2021-03-05 13:15:45", "elapsed": 569.965387, "delta": 1.558789}}
{"target": 0.2554462045981347, "params": {"T1": 0.14031093245630027, "T3": 0.14273842547248106, "T5": 0.09718884022389274, "U1": 19.567094571388257, "U5": 19.439563050094463}, "datetime": {"datetime": "2021-03-05 13:15:48", "elapsed": 573.021354, "delta": 3.055967}}
{"target": 0.1810986023179745, "params": {"T1": 0.14589721518811463, "T3": 0.10961973272037354, "T5": 0.11806883480533563, "U1": 18.111749360085383, "U5": 14.758681957928317}, "datetime": {"datetime": "2021-03-05 13:15:51", "elapsed": 576.002726, "delta": 2.981372}}
{"target": 0.4269074615947331, "params": {"T1": 0.09334211145662838, "T3": 0.13576177912698612, "T5": 0.12557613248042, "U1": 19.74114971004331, "U5": 18.41882294277449}, "datetime": {"datetime": "2021-03-05 13:15:53", "elapsed": 577.618289, "delta": 1.615563}}
{"target": 0.1228838992545875, "params": {"T1": 0.12929206994375658, "T3": 0.09998918784960639, "T5": 0.08595802818666938, "U1": 15.84730141783534, "U5": 18.205573388373082}, "datetime": {"datetime": "2021-03-05 13:15:55", "elapsed": 579.717696, "delta": 2.099407}}
{"target": 0.3582208553869638, "params": {"T1": 0.11100697188010732, "T3": 0.13288687416698275, "T5": 0.051540939397303934, "U1": 15.832577681521926, "U5": 12.273228988615376}, "datetime": {"datetime": "2021-03-05 13:15:57", "elapsed": 581.504857, "delta": 1.787161}}
{"target": 0.22930256971255852, "params": {"T1": 0.07089666951575177, "T3": 0.10812090990220768, "T5": 0.08680693828192788, "U1": 14.222312451881244, "U5": 18.62181687612667}, "datetime": {"datetime": "2021-03-05 13:15:58", "elapsed": 582.853008, "delta": 1.348151}}
{"target": 0.23795368053655128, "params": {"T1": 0.11455215563455097, "T3": 0.13729606269827785, "T5": 0.052541313218818365, "U1": 15.691753621020446, "U5": 17.375590712200136}, "datetime": {"datetime": "2021-03-05 13:16:00", "elapsed": 584.456098, "delta": 1.60309}}
{"target": 0.15566943979005293, "params": {"T1": 0.08461082598658878, "T3": 0.14111459777167545, "T5": 0.09818266063760865, "U1": 14.966271624491865, "U5": 13.740805041476035}, "datetime": {"datetime": "2021-03-05 13:16:01", "elapsed": 585.931833, "delta": 1.475735}}
{"target": 0.1876313059568341, "params": {"T1": 0.10199808419580547, "T3": 0.1115076616310689, "T5": 0.1328050054123176, "U1": 17.015957058938618, "U5": 16.997464561428544}, "datetime": {"datetime": "2021-03-05 13:16:03", "elapsed": 587.779579, "delta": 1.847746}}
{"target": 0.17646498099031707, "params": {"T1": 0.05428052214295617, "T3": 0.12921026939770627, "T5": 0.13037706440513908, "U1": 17.784750017270994, "U5": 15.455443644872627}, "datetime": {"datetime": "2021-03-05 13:16:05", "elapsed": 589.279915, "delta": 1.500336}}
{"target": 0.13850807318935282, "params": {"T1": 0.10589948380563086, "T3": 0.0903025411385375, "T5": 0.06018300499075459, "U1": 16.069570580752618, "U5": 16.747418141521553}, "datetime": {"datetime": "2021-03-05 13:16:06", "elapsed": 590.849306, "delta": 1.569391}}
{"target": 0.1482853860477325, "params": {"T1": 0.10969025086435795, "T3": 0.08635283820548932, "T5": 0.13924947022792925, "U1": 17.521600134578957, "U5": 16.361300483779097}, "datetime": {"datetime": "2021-03-05 13:16:08", "elapsed": 592.446148, "delta": 1.596842}}
{"target": 0.243682840144241, "params": {"T1": 0.05957364641158372, "T3": 0.06130300605686492, "T5": 0.10033395271173033, "U1": 18.709020032250116, "U5": 12.202223488403707}, "datetime": {"datetime": "2021-03-05 13:16:10", "elapsed": 594.31969, "delta": 1.873542}}
{"target": 0.16065552649168902, "params": {"T1": 0.12165139787393257, "T3": 0.08523771371393066, "T5": 0.07966162365503884, "U1": 14.676217919441612, "U5": 13.887790583782003}, "datetime": {"datetime": "2021-03-05 13:16:11", "elapsed": 595.850894, "delta": 1.531204}}
{"target": 0.27542656291784184, "params": {"T1": 0.08633386882312698, "T3": 0.06386465917412112, "T5": 0.11062760324465193, "U1": 16.749198209210043, "U5": 16.3806200047215}, "datetime": {"datetime": "2021-03-05 13:16:13", "elapsed": 597.520328, "delta": 1.669434}}
{"target": 0.19369151326266876, "params": {"T1": 0.1066728737038628, "T3": 0.10935610338264193, "T5": 0.07890797612659187, "U1": 16.473925101982726, "U5": 18.378359682030453}, "datetime": {"datetime": "2021-03-05 13:16:16", "elapsed": 600.402607, "delta": 2.882279}}
{"target": 0.19158875627438315, "params": {"T1": 0.11779819564310649, "T3": 0.11306692054381269, "T5": 0.05377286517688861, "U1": 13.74084341617832, "U5": 18.60740808728935}, "datetime": {"datetime": "2021-03-05 13:16:19", "elapsed": 604.058624, "delta": 3.656017}}
{"target": 0.2585120004798709, "params": {"T1": 0.09936674655926445, "T3": 0.13275069347035526, "T5": 0.10525146202372462, "U1": 12.443561268089095, "U5": 15.039800662919037}, "datetime": {"datetime": "2021-03-05 13:16:21", "elapsed": 605.777635, "delta": 1.719011}}
{"target": 0.2545626079139631, "params": {"T1": 0.13481863255005783, "T3": 0.08501682871039723, "T5": 0.1375900969046706, "U1": 19.0162264663418, "U5": 15.716465939445929}, "datetime": {"datetime": "2021-03-05 13:16:25", "elapsed": 609.660327, "delta": 3.882692}}
{"target": 0.19269500188033709, "params": {"T1": 0.09096647817495093, "T3": 0.05312912884052622, "T5": 0.06126141120591122, "U1": 17.426928966845225, "U5": 16.020626629719153}, "datetime": {"datetime": "2021-03-05 13:16:27", "elapsed": 611.283279, "delta": 1.622952}}
{"target": 0.20372895019470377, "params": {"T1": 0.14686159624374998, "T3": 0.09059259352970053, "T5": 0.14722078432142377, "U1": 19.731182384782773, "U5": 19.33545202103671}, "datetime": {"datetime": "2021-03-05 13:16:29", "elapsed": 613.228741, "delta": 1.945462}}
{"target": 0.4609258277222755, "params": {"T1": 0.13814555593969224, "T3": 0.13705610410601932, "T5": 0.14401749702375916, "U1": 18.588822606570794, "U5": 17.355824532613674}, "datetime": {"datetime": "2021-03-05 13:16:30", "elapsed": 614.750742, "delta": 1.522001}}
{"target": 0.28263367499725245, "params": {"T1": 0.10051167658989194, "T3": 0.10831950761128656, "T5": 0.13745355489448224, "U1": 16.10438716908213, "U5": 16.952493928501248}, "datetime": {"datetime": "2021-03-05 13:16:33", "elapsed": 617.428356, "delta": 2.677614}}
{"target": 0.4180710144290192, "params": {"T1": 0.05045205205613963, "T3": 0.1171978877149229, "T5": 0.07541433547670856, "U1": 14.607096196036892, "U5": 16.022449284466084}, "datetime": {"datetime": "2021-03-05 13:16:34", "elapsed": 619.033887, "delta": 1.605531}}
{"target": 0.23485857440078692, "params": {"T1": 0.11436959476821464, "T3": 0.060953031355693646, "T5": 0.09538634454631792, "U1": 19.265516274498875, "U5": 17.79720501867029}, "datetime": {"datetime": "2021-03-05 13:16:36", "elapsed": 620.902234, "delta": 1.868347}}
{"target": 0.2201576904848139, "params": {"T1": 0.13602926960661144, "T3": 0.1071423520673982, "T5": 0.10402734027470545, "U1": 17.359641209776367, "U5": 16.456162889690457}, "datetime": {"datetime": "2021-03-05 13:16:38", "elapsed": 622.970131, "delta": 2.067897}}
{"target": 0.2502185418489948, "params": {"T1": 0.09768869673418837, "T3": 0.1189727546886946, "T5": 0.08635767322569066, "U1": 18.153775076108854, "U5": 13.420752592515294}, "datetime": {"datetime": "2021-03-05 13:16:40", "elapsed": 624.617416, "delta": 1.647285}}
{"target": 0.49892411549958654, "params": {"T1": 0.09532564084589576, "T3": 0.08735414367445554, "T5": 0.056484884923473457, "U1": 18.284944678771442, "U5": 16.270789517602456}, "datetime": {"datetime": "2021-03-05 13:16:41", "elapsed": 626.139308, "delta": 1.521892}}
