{"target": 0.3018553526353731, "params": {"T1": 0.07074466523682064, "T3": 0.11435540699910601, "T5": 0.0627025385906397, "U1": 12.894773812946873, "U5": 19.030788828120233}, "datetime": {"datetime": "2021-03-05 15:46:59", "elapsed": 170.310894, "delta": 0.695947}}
{"target": 0.2979127918296592, "params": {"T1": 0.14659510748752774, "T3": 0.06415802288551598, "T5": 0.10377344286124422, "U1": 19.06395058228361, "U5": 12.852063934932833}, "datetime": {"datetime": "2021-03-05 15:47:00", "elapsed": 170.863271, "delta": 0.552377}}
{"target": 0.3006208845066323, "params": {"T1": 0.11020603268310905, "T3": 0.12093290152605873, "T5": 0.06901463844759773, "U1": 14.079990237308383, "U5": 17.165902281355034}, "datetime": {"datetime": "2021-03-05 15:47:01", "elapsed": 171.467381, "delta": 0.60411}}
{"target": 0.3091346768433512, "params": {"T1": 0.09418999751011174, "T3": 0.06357009585013144, "T5": 0.07298140212763407, "U1": 15.9291328226379, "U5": 19.86526780055445}, "datetime": {"datetime": "2021-03-05 15:47:01", "elapsed": 172.01343, "delta": 0.546049}}
{"target": 0.3105019709863511, "params": {"T1": 0.12136141232138928, "T3": 0.07139298150832026, "T5": 0.10188281392435936, "U1": 16.584276941539827, "U5": 12.696891903045952}, "datetime": {"datetime": "2021-03-05 15:47:02", "elapsed": 172.590275, "delta": 0.576845}}
{"target": 0.3008591209879761, "params": {"T1": 0.08418129596488623, "T3": 0.06857905310861898, "T5": 0.0591444022863767, "U1": 18.649589179158035, "U5": 17.892638611581454}, "datetime": {"datetime": "2021-03-05 15:47:02", "elapsed": 173.146915, "delta": 0.55664}}
{"target": 0.3019358218334938, "params": {"T1": 0.133985173477215, "T3": 0.09080834195917421, "T5": 0.1364933712020353, "U1": 13.73022189570747, "U5": 13.380139709187434}, "datetime": {"datetime": "2021-03-05 15:47:03", "elapsed": 174.03045, "delta": 0.883535}}
{"target": 0.2609752895044259, "params": {"T1": 0.14941647465024543, "T3": 0.0629931440377697, "T5": 0.14221245053289738, "U1": 17.9251223801862, "U5": 16.812351648450285}, "datetime": {"datetime": "2021-03-05 15:47:04", "elapsed": 174.614209, "delta": 0.583759}}
{"target": 0.28698912136177357, "params": {"T1": 0.06698096050048466, "T3": 0.08264860383854825, "T5": 0.07622653792291581, "U1": 17.34485051844639, "U5": 13.595245826501232}, "datetime": {"datetime": "2021-03-05 15:47:04", "elapsed": 175.403026, "delta": 0.788817}}
{"target": 0.3143876078745043, "params": {"T1": 0.06422699023333386, "T3": 0.13448643728654652, "T5": 0.06553006352393473, "U1": 14.36479602195049, "U5": 13.746923211119524}, "datetime": {"datetime": "2021-03-05 15:47:05", "elapsed": 175.953908, "delta": 0.550882}}
{"target": 0.3012292708945673, "params": {"T1": 0.11087066440886911, "T3": 0.07657028567360544, "T5": 0.11369775093382836, "U1": 16.02529072862327, "U5": 15.64032236378862}, "datetime": {"datetime": "2021-03-05 15:47:06", "elapsed": 176.867964, "delta": 0.914056}}
{"target": 0.2901531735027048, "params": {"T1": 0.12962309561670887, "T3": 0.09753279884440483, "T5": 0.06281668278032923, "U1": 12.153109969829087, "U5": 12.288881099099076}, "datetime": {"datetime": "2021-03-05 15:47:07", "elapsed": 177.44521, "delta": 0.577246}}
{"target": 0.27767340439080523, "params": {"T1": 0.05788935721306392, "T3": 0.12960155031177278, "T5": 0.1413897736252836, "U1": 18.08454741246079, "U5": 18.133128683459333}, "datetime": {"datetime": "2021-03-05 15:47:07", "elapsed": 178.034427, "delta": 0.589217}}
{"target": 0.29938192215271353, "params": {"T1": 0.08435640732576657, "T3": 0.11727670997001562, "T5": 0.11317286573366338, "U1": 17.892224617718995, "U5": 19.680503562567445}, "datetime": {"datetime": "2021-03-05 15:47:08", "elapsed": 178.63567, "delta": 0.601243}}
{"target": 0.21190778789203085, "params": {"T1": 0.10305567520784054, "T3": 0.13932108495244125, "T5": 0.05011204511049462, "U1": 18.046001221782696, "U5": 16.53961670121786}, "datetime": {"datetime": "2021-03-05 15:47:08", "elapsed": 179.248657, "delta": 0.612987}}
{"target": 0.29591353577051865, "params": {"T1": 0.11184204969138817, "T3": 0.055151798645349095, "T5": 0.10151165669640957, "U1": 17.978784743039945, "U5": 18.33190680221453}, "datetime": {"datetime": "2021-03-05 15:47:09", "elapsed": 179.838743, "delta": 0.590086}}
{"target": 0.3020895965222089, "params": {"T1": 0.061214839583808495, "T3": 0.13458401836598305, "T5": 0.05733947831491967, "U1": 15.063790461813232, "U5": 17.269333886703244}, "datetime": {"datetime": "2021-03-05 15:47:10", "elapsed": 180.456456, "delta": 0.617713}}
{"target": 0.3012371321660538, "params": {"T1": 0.08709977982232328, "T3": 0.11851424179623184, "T5": 0.14906258241731013, "U1": 13.825359462545375, "U5": 13.615497615364825}, "datetime": {"datetime": "2021-03-05 15:47:10", "elapsed": 181.082832, "delta": 0.626376}}
{"target": 0.4701103631786801, "params": {"T1": 0.09493423153576164, "T3": 0.14944078082188533, "T5": 0.067350556576009, "U1": 15.984015821241616, "U5": 12.927659829789036}, "datetime": {"datetime": "2021-03-05 15:47:11", "elapsed": 181.705064, "delta": 0.622232}}
{"target": 0.4730235899934105, "params": {"T1": 0.12000431906198253, "T3": 0.14716290336254484, "T5": 0.11731411985735958, "U1": 14.193739965957835, "U5": 16.944848997569228}, "datetime": {"datetime": "2021-03-05 15:47:11", "elapsed": 182.399111, "delta": 0.694047}}
{"target": 0.2864381607161528, "params": {"T1": 0.06788998470138156, "T3": 0.060877335330943166, "T5": 0.06921198799983862, "U1": 16.7627048386416, "U5": 19.290264192592677}, "datetime": {"datetime": "2021-03-05 15:47:12", "elapsed": 182.974811, "delta": 0.5757}}
{"target": 0.31196307301366955, "params": {"T1": 0.0716100403814594, "T3": 0.12166842437359156, "T5": 0.13370644135938337, "U1": 19.055800159510486, "U5": 15.387396983650657}, "datetime": {"datetime": "2021-03-05 15:47:13", "elapsed": 183.804043, "delta": 0.829232}}
{"target": 0.3508075651456478, "params": {"T1": 0.07807883380077286, "T3": 0.1008983767192676, "T5": 0.07434802379635178, "U1": 15.098915216323068, "U5": 15.515779532534125}, "datetime": {"datetime": "2021-03-05 15:47:13", "elapsed": 184.363834, "delta": 0.559791}}
{"target": 0.3133293501781748, "params": {"T1": 0.10480004708404204, "T3": 0.0978719587260787, "T5": 0.1361794899772532, "U1": 16.36989297142241, "U5": 17.94316587876513}, "datetime": {"datetime": "2021-03-05 15:47:14", "elapsed": 184.886573, "delta": 0.522739}}
{"target": 0.2439881866818274, "params": {"T1": 0.08939144026147951, "T3": 0.1330067072642836, "T5": 0.12297361547584461, "U1": 15.441691853246589, "U5": 17.871768548379773}, "datetime": {"datetime": "2021-03-05 15:47:15", "elapsed": 185.498167, "delta": 0.611594}}
{"target": 0.2996328114175832, "params": {"T1": 0.08662205368956293, "T3": 0.062021330732768436, "T5": 0.13356464938785667, "U1": 15.252906607040075, "U5": 17.07968808707777}, "datetime": {"datetime": "2021-03-05 15:47:16", "elapsed": 186.480399, "delta": 0.982232}}
{"target": 0.3080434427278123, "params": {"T1": 0.0967087393482268, "T3": 0.060392685398299485, "T5": 0.14856863974060253, "U1": 13.505496720075786, "U5": 12.083193465418024}, "datetime": {"datetime": "2021-03-05 15:47:16", "elapsed": 187.129928, "delta": 0.649529}}
{"target": 0.3004675993076925, "params": {"T1": 0.09245807226219586, "T3": 0.07030055936229772, "T5": 0.08939007088765599, "U1": 13.771691567800143, "U5": 19.80537698873821}, "datetime": {"datetime": "2021-03-05 15:47:17", "elapsed": 187.924308, "delta": 0.79438}}
{"target": 0.3009770991031283, "params": {"T1": 0.12015210409645294, "T3": 0.07081088959157561, "T5": 0.12124787289569977, "U1": 14.48263410826232, "U5": 13.602962346994534}, "datetime": {"datetime": "2021-03-05 15:47:18", "elapsed": 188.507221, "delta": 0.582913}}
{"target": 0.24315820197479868, "params": {"T1": 0.1048895444580536, "T3": 0.05077826630864684, "T5": 0.07526554337010719, "U1": 16.23954260836329, "U5": 16.928767644089717}, "datetime": {"datetime": "2021-03-05 15:47:18", "elapsed": 189.065286, "delta": 0.558065}}
{"target": 0.3419289630184839, "params": {"T1": 0.08302681684324362, "T3": 0.1361812539861194, "T5": 0.07425077442622305, "U1": 18.78389367094745, "U5": 17.90767807713153}, "datetime": {"datetime": "2021-03-05 15:47:19", "elapsed": 189.652281, "delta": 0.586995}}
{"target": 0.2808229829130366, "params": {"T1": 0.05832758844282995, "T3": 0.1381052483242252, "T5": 0.14580312447775917, "U1": 15.822967888292482, "U5": 16.38698053577834}, "datetime": {"datetime": "2021-03-05 15:47:19", "elapsed": 190.238431, "delta": 0.58615}}
{"target": 0.2848379643031702, "params": {"T1": 0.14844622880373073, "T3": 0.148336513000615, "T5": 0.07566243419841952, "U1": 12.688448098257318, "U5": 15.230160134917664}, "datetime": {"datetime": "2021-03-05 15:47:20", "elapsed": 190.842099, "delta": 0.603668}}
{"target": 0.31926721717093526, "params": {"T1": 0.14662559311265433, "T3": 0.06604508588220406, "T5": 0.06170018551584359, "U1": 16.28977475467865, "U5": 18.369960270972353}, "datetime": {"datetime": "2021-03-05 15:47:21", "elapsed": 191.432039, "delta": 0.58994}}
{"target": 0.29833405724276196, "params": {"T1": 0.05493646682557455, "T3": 0.1117001650642107, "T5": 0.12312564113573217, "U1": 17.434812398614444, "U5": 15.759954808617795}, "datetime": {"datetime": "2021-03-05 15:47:21", "elapsed": 192.046132, "delta": 0.614093}}
{"target": 0.2570929973710595, "params": {"T1": 0.07094510077083604, "T3": 0.05283698611365578, "T5": 0.09706251982524708, "U1": 19.883562336299747, "U5": 17.904553159908854}, "datetime": {"datetime": "2021-03-05 15:47:22", "elapsed": 192.663126, "delta": 0.616994}}
{"target": 0.29897087894376145, "params": {"T1": 0.062387272940350735, "T3": 0.08784013333670596, "T5": 0.11807860561858698, "U1": 16.046484461497627, "U5": 14.55864227741587}, "datetime": {"datetime": "2021-03-05 15:47:22", "elapsed": 193.304254, "delta": 0.641128}}
{"target": 0.298933461208568, "params": {"T1": 0.1045961106902416, "T3": 0.07106274915318479, "T5": 0.13878172321690693, "U1": 16.447776641057573, "U5": 19.06640608247033}, "datetime": {"datetime": "2021-03-05 15:47:23", "elapsed": 193.926619, "delta": 0.622365}}
{"target": 0.3094073569616076, "params": {"T1": 0.1483537243319712, "T3": 0.09808517242957146, "T5": 0.13129870734706822, "U1": 18.26410287736088, "U5": 13.553436547221299}, "datetime": {"datetime": "2021-03-05 15:47:24", "elapsed": 194.742091, "delta": 0.815472}}
{"target": 0.18446869093927074, "params": {"T1": 0.11167778031038827, "T3": 0.052780119346612975, "T5": 0.09682249108031951, "U1": 15.802901160814844, "U5": 19.486485110072003}, "datetime": {"datetime": "2021-03-05 15:47:25", "elapsed": 195.767357, "delta": 1.025266}}
{"target": 0.2837799658028341, "params": {"T1": 0.05079294880209441, "T3": 0.08710841002109884, "T5": 0.12448951486906933, "U1": 16.241397127140104, "U5": 12.466739273965292}, "datetime": {"datetime": "2021-03-05 15:47:25", "elapsed": 196.410653, "delta": 0.643296}}
{"target": 0.3267540901271388, "params": {"T1": 0.09602574369413497, "T3": 0.11804041878019422, "T5": 0.09239363747539585, "U1": 13.101561852717003, "U5": 17.998384676437784}, "datetime": {"datetime": "2021-03-05 15:47:26", "elapsed": 197.0124, "delta": 0.601747}}
{"target": 0.30719123275338284, "params": {"T1": 0.09201918123307751, "T3": 0.11805679964505103, "T5": 0.06183904836604512, "U1": 15.581138130642586, "U5": 15.806423413741204}, "datetime": {"datetime": "2021-03-05 15:47:27", "elapsed": 197.661529, "delta": 0.649129}}
{"target": 0.30409824848608663, "params": {"T1": 0.10192491583963335, "T3": 0.12120303576709818, "T5": 0.07059495389392927, "U1": 14.718773797240063, "U5": 14.75145709389864}, "datetime": {"datetime": "2021-03-05 15:47:27", "elapsed": 198.271538, "delta": 0.610009}}
{"target": 0.34891639232606403, "params": {"T1": 0.11691654874987578, "T3": 0.05976285462469704, "T5": 0.09423557996639248, "U1": 18.95798355029185, "U5": 15.03965528623809}, "datetime": {"datetime": "2021-03-05 15:47:28", "elapsed": 199.200645, "delta": 0.929107}}
{"target": 0.2984470361981754, "params": {"T1": 0.13439891938703669, "T3": 0.14377190923498206, "T5": 0.12171947510106784, "U1": 16.213374230267384, "U5": 19.39036123049295}, "datetime": {"datetime": "2021-03-05 15:47:29", "elapsed": 199.823163, "delta": 0.622518}}
{"target": 0.30207327333065465, "params": {"T1": 0.0809771359963032, "T3": 0.11951641242099992, "T5": 0.08820560428546435, "U1": 15.394785989051636, "U5": 14.006742535772444}, "datetime": {"datetime": "2021-03-05 15:47:30", "elapsed": 200.467726, "delta": 0.644563}}
{"target": 0.4301787180857978, "params": {"T1": 0.10565363982816071, "T3": 0.0536111507865824, "T5": 0.13813410524521946, "U1": 12.616414664527447, "U5": 13.047116538118996}, "datetime": {"datetime": "2021-03-05 15:47:30", "elapsed": 201.158196, "delta": 0.69047}}
{"target": 0.30853131341094947, "params": {"T1": 0.0720743418005113, "T3": 0.05579248821984903, "T5": 0.11635535389890724, "U1": 17.69884472276493, "U5": 15.199119359910977}, "datetime": {"datetime": "2021-03-05 15:47:31", "elapsed": 201.823054, "delta": 0.664858}}
{"target": 0.3025245554090423, "params": {"T1": 0.091464875485159, "T3": 0.08204753303384264, "T5": 0.0939218794349905, "U1": 17.675893025674384, "U5": 19.37774489804571}, "datetime": {"datetime": "2021-03-05 15:47:32", "elapsed": 202.445966, "delta": 0.622912}}
{"target": 0.29752887468770073, "params": {"T1": 0.08670922276536193, "T3": 0.05824724625673745, "T5": 0.06566925449044922, "U1": 16.134545710297328, "U5": 12.34383266391665}, "datetime": {"datetime": "2021-03-05 15:47:32", "elapsed": 202.999209, "delta": 0.553243}}
{"target": 0.273416737951483, "params": {"T1": 0.12031495423347854, "T3": 0.08689177209736462, "T5": 0.13471041995781782, "U1": 18.5305549104888, "U5": 19.77228306773129}, "datetime": {"datetime": "2021-03-05 15:47:33", "elapsed": 203.897577, "delta": 0.898368}}
{"target": 0.3104812834807548, "params": {"T1": 0.10814709359412136, "T3": 0.07775286513060012, "T5": 0.13874574399555414, "U1": 14.895986654975257, "U5": 14.375585296444187}, "datetime": {"datetime": "2021-03-05 15:47:34", "elapsed": 204.537759, "delta": 0.640182}}
{"target": 0.28359363599179654, "params": {"T1": 0.08658033511212358, "T3": 0.1031849297386605, "T5": 0.10726178434014919, "U1": 17.17880012934099, "U5": 18.48547651792506}, "datetime": {"datetime": "2021-03-05 15:47:34", "elapsed": 205.169633, "delta": 0.631874}}
{"target": 0.2954794819777639, "params": {"T1": 0.10461920653580986, "T3": 0.07540378815642661, "T5": 0.13685845078384976, "U1": 13.85498576511351, "U5": 12.778038109785314}, "datetime": {"datetime": "2021-03-05 15:47:35", "elapsed": 205.753437, "delta": 0.583804}}
{"target": 0.2647263625101702, "params": {"T1": 0.08989471563520365, "T3": 0.05660295973726936, "T5": 0.14685136187687725, "U1": 15.80875632941385, "U5": 18.84155163244406}, "datetime": {"datetime": "2021-03-05 15:47:35", "elapsed": 206.380384, "delta": 0.626947}}
{"target": 0.27922796041448733, "params": {"T1": 0.143817399167449, "T3": 0.13693755932544083, "T5": 0.07542094297889525, "U1": 17.49459155701591, "U5": 15.293285265764183}, "datetime": {"datetime": "2021-03-05 15:47:36", "elapsed": 207.070278, "delta": 0.689894}}
{"target": 0.3135348911346783, "params": {"T1": 0.14373920923714217, "T3": 0.08469164559082548, "T5": 0.12382225491428506, "U1": 19.153926303686813, "U5": 18.025492998395976}, "datetime": {"datetime": "2021-03-05 15:47:37", "elapsed": 207.682629, "delta": 0.612351}}
{"target": 0.472543213047692, "params": {"T1": 0.13482974619384686, "T3": 0.1391150076646543, "T5": 0.12670257249150466, "U1": 15.755918794581657, "U5": 15.465207232847344}, "datetime": {"datetime": "2021-03-05 15:47:37", "elapsed": 208.379643, "delta": 0.697014}}
{"target": 0.2943445236686649, "params": {"T1": 0.13762309415064652, "T3": 0.09111192084942796, "T5": 0.10991432647923649, "U1": 12.01326095268648, "U5": 17.275049180522334}, "datetime": {"datetime": "2021-03-05 15:47:38", "elapsed": 209.091959, "delta": 0.712316}}
{"target": 0.28274134374820653, "params": {"T1": 0.12044874245510705, "T3": 0.10383660231537067, "T5": 0.05309231398067435, "U1": 12.410570012844204, "U5": 15.286108256875046}, "datetime": {"datetime": "2021-03-05 15:47:39", "elapsed": 209.768594, "delta": 0.676635}}
{"target": 0.2877249459944215, "params": {"T1": 0.0993174226709727, "T3": 0.14919990941646655, "T5": 0.08323877516198136, "U1": 19.39166912120833, "U5": 16.552244093158315}, "datetime": {"datetime": "2021-03-05 15:47:40", "elapsed": 210.436266, "delta": 0.667672}}
{"target": 0.29804605047303245, "params": {"T1": 0.06076257692813525, "T3": 0.13704435908332907, "T5": 0.12932259976412266, "U1": 14.666740053392704, "U5": 12.422449209453342}, "datetime": {"datetime": "2021-03-05 15:47:40", "elapsed": 211.399345, "delta": 0.963079}}
{"target": 0.29973590410466266, "params": {"T1": 0.06187199257264732, "T3": 0.08819729919518157, "T5": 0.14730487885458632, "U1": 17.96229327590878, "U5": 18.05365837633418}, "datetime": {"datetime": "2021-03-05 15:47:41", "elapsed": 212.056296, "delta": 0.656951}}
{"target": 0.3253829026536713, "params": {"T1": 0.05560305134186094, "T3": 0.12103584511813455, "T5": 0.060734721213600566, "U1": 16.73866925570936, "U5": 19.010416389032788}, "datetime": {"datetime": "2021-03-05 15:47:42", "elapsed": 212.715466, "delta": 0.65917}}
{"target": 0.31867567445875267, "params": {"T1": 0.0741935948801892, "T3": 0.08434546004650105, "T5": 0.05655039336700433, "U1": 18.808191898523546, "U5": 16.283462977692594}, "datetime": {"datetime": "2021-03-05 15:47:42", "elapsed": 213.389106, "delta": 0.67364}}
{"target": 0.30270187118662784, "params": {"T1": 0.0771299079363191, "T3": 0.10644547813527228, "T5": 0.13701989198291697, "U1": 16.558095923145064, "U5": 19.686517525645623}, "datetime": {"datetime": "2021-03-05 15:47:43", "elapsed": 214.026455, "delta": 0.637349}}
{"target": 0.27419792118343905, "params": {"T1": 0.13832814182180397, "T3": 0.1357820859428319, "T5": 0.10900653473032049, "U1": 14.872080939904807, "U5": 15.187251145519001}, "datetime": {"datetime": "2021-03-05 15:47:44", "elapsed": 214.930548, "delta": 0.904093}}
{"target": 0.2773757571917374, "params": {"T1": 0.13179023505807946, "T3": 0.11029505338945758, "T5": 0.07005141522966543, "U1": 15.250445475410444, "U5": 19.206184485084915}, "datetime": {"datetime": "2021-03-05 15:47:45", "elapsed": 215.646896, "delta": 0.716348}}
{"target": 0.285167676595605, "params": {"T1": 0.11254886600140898, "T3": 0.09439401570956966, "T5": 0.12053079190069649, "U1": 18.835444476788425, "U5": 19.179288313327355}, "datetime": {"datetime": "2021-03-05 15:47:45", "elapsed": 216.302772, "delta": 0.655876}}
{"target": 0.2807159578952807, "params": {"T1": 0.14130156743868533, "T3": 0.12086999241562675, "T5": 0.12721839153879322, "U1": 13.004572888285699, "U5": 16.14249801255795}, "datetime": {"datetime": "2021-03-05 15:47:46", "elapsed": 217.272318, "delta": 0.969546}}
{"target": 0.29952762199778926, "params": {"T1": 0.061858816342678036, "T3": 0.08564589669582205, "T5": 0.06900068565393722, "U1": 12.86586568764189, "U5": 17.737035989602873}, "datetime": {"datetime": "2021-03-05 15:47:47", "elapsed": 218.271853, "delta": 0.999535}}
{"target": 0.29786143081781613, "params": {"T1": 0.09931340325800744, "T3": 0.09700626177526639, "T5": 0.06016190660808453, "U1": 13.887314233622254, "U5": 14.12054647408546}, "datetime": {"datetime": "2021-03-05 15:47:48", "elapsed": 218.944119, "delta": 0.672266}}
{"target": 0.3003293486290284, "params": {"T1": 0.13354827783811868, "T3": 0.07657092003553569, "T5": 0.06795174428668455, "U1": 13.35928562010033, "U5": 14.404781384119296}, "datetime": {"datetime": "2021-03-05 15:47:49", "elapsed": 219.768977, "delta": 0.824858}}
{"target": 0.30797836583853366, "params": {"T1": 0.10908647868730006, "T3": 0.09853000534385278, "T5": 0.09297834250398926, "U1": 16.459749000074055, "U5": 12.894907837829548}, "datetime": {"datetime": "2021-03-05 15:47:50", "elapsed": 220.814346, "delta": 1.045369}}
{"target": 0.2283467036615572, "params": {"T1": 0.0702546087264204, "T3": 0.11252544214210355, "T5": 0.10613548455595653, "U1": 18.906272465245912, "U5": 15.295317039416851}, "datetime": {"datetime": "2021-03-05 15:47:51", "elapsed": 221.439858, "delta": 0.625512}}
{"target": 0.2872864596087339, "params": {"T1": 0.1112204061347383, "T3": 0.09914531959913861, "T5": 0.0757966015521749, "U1": 15.003070070128368, "U5": 19.271966864132803}, "datetime": {"datetime": "2021-03-05 15:47:52", "elapsed": 222.425006, "delta": 0.985148}}
{"target": 0.30467863363079856, "params": {"T1": 0.10571122365780959, "T3": 0.05885595120585807, "T5": 0.053418227385992695, "U1": 19.28256865006344, "U5": 15.20307841669791}, "datetime": {"datetime": "2021-03-05 15:47:52", "elapsed": 223.070813, "delta": 0.645807}}
{"target": 0.28744153349126367, "params": {"T1": 0.13085069662854878, "T3": 0.11594246193262636, "T5": 0.14135177806384308, "U1": 12.327678793532886, "U5": 14.036584981822429}, "datetime": {"datetime": "2021-03-05 15:47:53", "elapsed": 224.052609, "delta": 0.981796}}
{"target": 0.29791874690244424, "params": {"T1": 0.10169834866682778, "T3": 0.13673361872797418, "T5": 0.05723706630827442, "U1": 18.71732685909905, "U5": 14.062124343376176}, "datetime": {"datetime": "2021-03-05 15:47:54", "elapsed": 224.669281, "delta": 0.616672}}
{"target": 0.562068432340849, "params": {"T1": 0.12317566490375899, "T3": 0.10900715866902941, "T5": 0.10854241437875126, "U1": 16.048063263185284, "U5": 16.723723302638774}, "datetime": {"datetime": "2021-03-05 15:47:54", "elapsed": 225.369309, "delta": 0.700028}}
{"target": 0.31339196369054856, "params": {"T1": 0.09701668610048207, "T3": 0.10951674736167388, "T5": 0.14341908969457332, "U1": 19.47629265047128, "U5": 17.836783578346157}, "datetime": {"datetime": "2021-03-05 15:47:55", "elapsed": 226.112949, "delta": 0.74364}}
