{"target": 0.2979423631193874, "params": {"T1": 0.14403339493475908, "T3": 0.1462607147404446, "T5": 0.09130445164043312, "U1": 16.988316030990454, "U5": 18.466817909930214}, "datetime": {"datetime": "2021-03-04 16:06:32", "elapsed": 225.442739, "delta": 0.840342}}
{"target": 0.4818531700185462, "params": {"T1": 0.09767703502288731, "T3": 0.10661250046466718, "T5": 0.13166432644011544, "U1": 17.416293188241212, "U5": 15.152275452858706}, "datetime": {"datetime": "2021-03-04 16:06:33", "elapsed": 226.30173, "delta": 0.858991}}
{"target": 0.2929945325731767, "params": {"T1": 0.09584301170600115, "T3": 0.06760809969410109, "T5": 0.1420775690582015, "U1": 12.452394258003547, "U5": 14.552429023610278}, "datetime": {"datetime": "2021-03-04 16:06:34", "elapsed": 227.362836, "delta": 1.061106}}
{"target": 0.27111786566522683, "params": {"T1": 0.07819789158573812, "T3": 0.13668174349854453, "T5": 0.14436584673859593, "U1": 12.083932989345165, "U5": 13.72739278491774}, "datetime": {"datetime": "2021-03-04 16:06:35", "elapsed": 228.288742, "delta": 0.925906}}
{"target": 0.2708122282401872, "params": {"T1": 0.1306599083768949, "T3": 0.10360371736571045, "T5": 0.12019755037911735, "U1": 17.16668533552095, "U5": 18.255399936197907}, "datetime": {"datetime": "2021-03-04 16:06:35", "elapsed": 229.123129, "delta": 0.834387}}
{"target": 0.23719251688652848, "params": {"T1": 0.09131841648156255, "T3": 0.08573185497328273, "T5": 0.06274012751280741, "U1": 19.132279742125768, "U5": 13.403499390323844}, "datetime": {"datetime": "2021-03-04 16:06:36", "elapsed": 229.945386, "delta": 0.822257}}
{"target": 0.24990582152924146, "params": {"T1": 0.08421603067235275, "T3": 0.14174542806988327, "T5": 0.12056889543924693, "U1": 12.287888150116057, "U5": 12.5279967839469}, "datetime": {"datetime": "2021-03-04 16:06:37", "elapsed": 231.119722, "delta": 1.174336}}
{"target": 0.29764861107730795, "params": {"T1": 0.10982508096562205, "T3": 0.0526995062329687, "T5": 0.10151150540872017, "U1": 14.878906949867513, "U5": 12.319028693860783}, "datetime": {"datetime": "2021-03-04 16:06:38", "elapsed": 232.10969, "delta": 0.989968}}
{"target": 0.19800397977110665, "params": {"T1": 0.06998963931620933, "T3": 0.09528998054108448, "T5": 0.09799922993728996, "U1": 16.63875888636088, "U5": 16.085009699226113}, "datetime": {"datetime": "2021-03-04 16:06:40", "elapsed": 233.232041, "delta": 1.122351}}
{"target": 0.18539600592737537, "params": {"T1": 0.1171295353931996, "T3": 0.0904319925858994, "T5": 0.09899535033148951, "U1": 16.290082698387913, "U5": 15.726007492112867}, "datetime": {"datetime": "2021-03-04 16:06:40", "elapsed": 234.161565, "delta": 0.929524}}
{"target": 0.15431739225829294, "params": {"T1": 0.09683310356527053, "T3": 0.1108938673764992, "T5": 0.06922102786675424, "U1": 12.158849596948656, "U5": 14.62832851456467}, "datetime": {"datetime": "2021-03-04 16:06:41", "elapsed": 234.997692, "delta": 0.836127}}
{"target": 0.3068687739158367, "params": {"T1": 0.056434648608116623, "T3": 0.06135641217872561, "T5": 0.13288618663969265, "U1": 13.879340453542152, "U5": 14.997613280042877}, "datetime": {"datetime": "2021-03-04 16:06:43", "elapsed": 236.289676, "delta": 1.291984}}
{"target": 0.1602992294408029, "params": {"T1": 0.08085418129502278, "T3": 0.11346244597128619, "T5": 0.06666866563515063, "U1": 13.26153604243014, "U5": 18.171020378168137}, "datetime": {"datetime": "2021-03-04 16:06:44", "elapsed": 237.424329, "delta": 1.134653}}
{"target": 0.4915995704851158, "params": {"T1": 0.061006086793661075, "T3": 0.1060061889182019, "T5": 0.10335588240288601, "U1": 13.658269609714207, "U5": 16.12376366903831}, "datetime": {"datetime": "2021-03-04 16:06:45", "elapsed": 238.688397, "delta": 1.264068}}
{"target": 0.22311311798070932, "params": {"T1": 0.07396404221984801, "T3": 0.08647517355940124, "T5": 0.12253887529233369, "U1": 14.034657416160258, "U5": 14.256743681610626}, "datetime": {"datetime": "2021-03-04 16:06:46", "elapsed": 239.984822, "delta": 1.296425}}
{"target": 0.31332737579181696, "params": {"T1": 0.11546229522105915, "T3": 0.08797393036853704, "T5": 0.06006156538468832, "U1": 19.115241920628826, "U5": 13.512124595338332}, "datetime": {"datetime": "2021-03-04 16:06:47", "elapsed": 241.160661, "delta": 1.175839}}
{"target": 0.13109367495575303, "params": {"T1": 0.10800639023943101, "T3": 0.08110233674404979, "T5": 0.07499389503373445, "U1": 18.304341639315233, "U5": 19.299941621820423}, "datetime": {"datetime": "2021-03-04 16:06:48", "elapsed": 242.030968, "delta": 0.870307}}
{"target": 0.2756026272460726, "params": {"T1": 0.1052084159888497, "T3": 0.12233031506710836, "T5": 0.08673310670014768, "U1": 13.0946768766693, "U5": 19.507915752686056}, "datetime": {"datetime": "2021-03-04 16:06:50", "elapsed": 243.678887, "delta": 1.647919}}
{"target": 0.6461334919372645, "params": {"T1": 0.13246021497623162, "T3": 0.1059829295603003, "T5": 0.05863487279022775, "U1": 19.69349213735875, "U5": 18.63974307851685}, "datetime": {"datetime": "2021-03-04 16:06:51", "elapsed": 244.83691, "delta": 1.158023}}
{"target": 0.21567172434470225, "params": {"T1": 0.09199604724137182, "T3": 0.12664649389829108, "T5": 0.08111388154047176, "U1": 19.530313595910616, "U5": 15.494085143643348}, "datetime": {"datetime": "2021-03-04 16:06:52", "elapsed": 245.904245, "delta": 1.067335}}
{"target": 0.16759616620221643, "params": {"T1": 0.12452091684813486, "T3": 0.10110020660577167, "T5": 0.10862146283903973, "U1": 14.396845951847808, "U5": 13.072432178920497}, "datetime": {"datetime": "2021-03-04 16:06:53", "elapsed": 246.942114, "delta": 1.037869}}
{"target": 0.318675139042376, "params": {"T1": 0.0597203830653251, "T3": 0.0952081145639403, "T5": 0.08624186031433086, "U1": 19.334638284982557, "U5": 15.013509386851233}, "datetime": {"datetime": "2021-03-04 16:06:55", "elapsed": 248.22191, "delta": 1.279796}}
{"target": 0.6695744090521268, "params": {"T1": 0.12115175561688574, "T3": 0.11453038126168621, "T5": 0.05968203354823132, "U1": 18.72734893549729, "U5": 14.347925989462546}, "datetime": {"datetime": "2021-03-04 16:06:56", "elapsed": 249.469747, "delta": 1.247837}}
{"target": 0.32213274430162314, "params": {"T1": 0.13166636317558672, "T3": 0.0717029722023536, "T5": 0.139732757441708, "U1": 15.002605120355273, "U5": 15.76448470011212}, "datetime": {"datetime": "2021-03-04 16:06:57", "elapsed": 250.68499, "delta": 1.215243}}
{"target": 0.5115790334747278, "params": {"T1": 0.09183779331413576, "T3": 0.05521554650535293, "T5": 0.06254980541081409, "U1": 19.221325642161343, "U5": 15.318992529228996}, "datetime": {"datetime": "2021-03-04 16:06:58", "elapsed": 251.608691, "delta": 0.923701}}
{"target": 0.1769792072217412, "params": {"T1": 0.056646959962974724, "T3": 0.1013123964251911, "T5": 0.10773599346506965, "U1": 19.65178363334722, "U5": 14.041940509029871}, "datetime": {"datetime": "2021-03-04 16:06:59", "elapsed": 252.493531, "delta": 0.88484}}
{"target": 0.4102361083902593, "params": {"T1": 0.14685917818064942, "T3": 0.10108448284447001, "T5": 0.10359328548550781, "U1": 16.04406352820064, "U5": 12.84660145701291}, "datetime": {"datetime": "2021-03-04 16:07:00", "elapsed": 253.37718, "delta": 0.883649}}
{"target": 0.24019080746753282, "params": {"T1": 0.08982131516951102, "T3": 0.12441649163676446, "T5": 0.1429814176978116, "U1": 18.623450250424987, "U5": 18.94449099122325}, "datetime": {"datetime": "2021-03-04 16:07:01", "elapsed": 254.69713, "delta": 1.31995}}
{"target": 0.3719309765366507, "params": {"T1": 0.14678398772309487, "T3": 0.0716436822858753, "T5": 0.07017999505312504, "U1": 13.790265411580922, "U5": 18.525626304170537}, "datetime": {"datetime": "2021-03-04 16:07:02", "elapsed": 255.583847, "delta": 0.886717}}
{"target": 0.136028625174192, "params": {"T1": 0.12834137324632566, "T3": 0.07037340425509886, "T5": 0.11168731549088476, "U1": 17.634382965998817, "U5": 12.600888726033336}, "datetime": {"datetime": "2021-03-04 16:07:03", "elapsed": 256.455163, "delta": 0.871316}}
{"target": 0.14701859911167853, "params": {"T1": 0.1265298839318556, "T3": 0.060942428983609756, "T5": 0.13138252719948995, "U1": 15.807238984501435, "U5": 13.731614111349478}, "datetime": {"datetime": "2021-03-04 16:07:04", "elapsed": 257.373509, "delta": 0.918346}}
{"target": 0.12177975216777322, "params": {"T1": 0.129941217805383, "T3": 0.1308000812151472, "T5": 0.10231303070929407, "U1": 14.998072109021903, "U5": 12.249016592115346}, "datetime": {"datetime": "2021-03-04 16:07:05", "elapsed": 258.718164, "delta": 1.344655}}
{"target": 0.29648436563369596, "params": {"T1": 0.13254749167372726, "T3": 0.051603345012787294, "T5": 0.13014918009478088, "U1": 12.24320528343165, "U5": 17.37426146859648}, "datetime": {"datetime": "2021-03-04 16:07:06", "elapsed": 259.576767, "delta": 0.858603}}
{"target": 0.17096053536376352, "params": {"T1": 0.06783665391570229, "T3": 0.10598272083437797, "T5": 0.09786218034315683, "U1": 13.875463647048047, "U5": 12.280820689824054}, "datetime": {"datetime": "2021-03-04 16:07:07", "elapsed": 260.820671, "delta": 1.243904}}
{"target": 0.14968354203401935, "params": {"T1": 0.14259227784109313, "T3": 0.06416082356087585, "T5": 0.14256591139823133, "U1": 15.625119821125654, "U5": 13.027769188846685}, "datetime": {"datetime": "2021-03-04 16:07:08", "elapsed": 261.705255, "delta": 0.884584}}
{"target": 0.28193176884804644, "params": {"T1": 0.111242084073225, "T3": 0.11311232415473066, "T5": 0.1387174294254641, "U1": 18.630591301502196, "U5": 18.92534058272713}, "datetime": {"datetime": "2021-03-04 16:07:10", "elapsed": 263.234817, "delta": 1.529562}}
{"target": 0.3142405517733213, "params": {"T1": 0.09138573005933373, "T3": 0.07202807208233415, "T5": 0.07503159947326743, "U1": 19.11639631980907, "U5": 13.546571859743871}, "datetime": {"datetime": "2021-03-04 16:07:11", "elapsed": 264.659303, "delta": 1.424486}}
{"target": 0.1692479762812627, "params": {"T1": 0.09049985652196399, "T3": 0.1004531111159413, "T5": 0.13259866806417286, "U1": 13.34665686797494, "U5": 14.639619198977853}, "datetime": {"datetime": "2021-03-04 16:07:12", "elapsed": 266.072005, "delta": 1.412702}}
{"target": 0.12533150938975163, "params": {"T1": 0.10163293956959618, "T3": 0.06608466511515723, "T5": 0.14333383722057147, "U1": 17.039972769684905, "U5": 16.576307084059167}, "datetime": {"datetime": "2021-03-04 16:07:13", "elapsed": 267.030863, "delta": 0.958858}}
{"target": 0.1817997076372598, "params": {"T1": 0.061420604487128376, "T3": 0.0715254760282468, "T5": 0.06479006129097482, "U1": 15.26220306392516, "U5": 14.84062333792491}, "datetime": {"datetime": "2021-03-04 16:07:14", "elapsed": 267.967206, "delta": 0.936343}}
{"target": 0.3895508542769901, "params": {"T1": 0.05520649166657601, "T3": 0.127279473803174, "T5": 0.12463758805716017, "U1": 17.63160200085963, "U5": 18.11324575313951}, "datetime": {"datetime": "2021-03-04 16:07:15", "elapsed": 269.079487, "delta": 1.112281}}
{"target": 0.3256184808255729, "params": {"T1": 0.12282195230818975, "T3": 0.130985382010664, "T5": 0.06955050492477885, "U1": 15.908380404278278, "U5": 18.57918291176602}, "datetime": {"datetime": "2021-03-04 16:07:17", "elapsed": 270.529409, "delta": 1.449922}}
{"target": 0.18997964938326778, "params": {"T1": 0.13356303509848477, "T3": 0.08404616124939271, "T5": 0.061391237364107676, "U1": 16.928620929593237, "U5": 12.348315189077223}, "datetime": {"datetime": "2021-03-04 16:07:18", "elapsed": 271.37835, "delta": 0.848941}}
{"target": 0.33995498169604044, "params": {"T1": 0.09749821025322702, "T3": 0.13120220118832915, "T5": 0.07418021623959958, "U1": 15.469097970956032, "U5": 13.385863815544734}, "datetime": {"datetime": "2021-03-04 16:07:19", "elapsed": 272.997084, "delta": 1.618734}}
{"target": 0.2558913363105764, "params": {"T1": 0.0608085264144346, "T3": 0.1269300061902398, "T5": 0.09695342871727528, "U1": 15.922282508436716, "U5": 18.846644517772734}, "datetime": {"datetime": "2021-03-04 16:07:20", "elapsed": 273.956091, "delta": 0.959007}}
{"target": 0.34647855217680734, "params": {"T1": 0.08556588673799342, "T3": 0.1335916407041085, "T5": 0.06429472153115402, "U1": 13.6174978758781, "U5": 15.648219555496125}, "datetime": {"datetime": "2021-03-04 16:07:22", "elapsed": 275.58099, "delta": 1.624899}}
{"target": 0.34050654364979854, "params": {"T1": 0.07480643801577239, "T3": 0.07755719183773122, "T5": 0.09719522785164618, "U1": 17.498590363267006, "U5": 18.323179123591824}, "datetime": {"datetime": "2021-03-04 16:07:23", "elapsed": 276.528995, "delta": 0.948005}}
{"target": 0.24088738732652448, "params": {"T1": 0.0735278455151119, "T3": 0.1282531404795629, "T5": 0.13008158652828306, "U1": 18.999966168897494, "U5": 13.12520778267867}, "datetime": {"datetime": "2021-03-04 16:07:24", "elapsed": 277.841092, "delta": 1.312097}}
{"target": 0.20067419057132777, "params": {"T1": 0.12442889922568871, "T3": 0.09078743409355722, "T5": 0.14162528064127228, "U1": 19.382772733810675, "U5": 16.27936383702876}, "datetime": {"datetime": "2021-03-04 16:07:26", "elapsed": 279.499843, "delta": 1.658751}}
{"target": 0.2235928327909913, "params": {"T1": 0.060425597260531407, "T3": 0.0959328592787284, "T5": 0.12372025714913569, "U1": 17.98505890028617, "U5": 18.06164512539329}, "datetime": {"datetime": "2021-03-04 16:07:27", "elapsed": 280.952433, "delta": 1.45259}}
{"target": 0.20468903167111777, "params": {"T1": 0.11039574907273453, "T3": 0.140553058357217, "T5": 0.05197809855389801, "U1": 18.716814695383373, "U5": 14.302770009423625}, "datetime": {"datetime": "2021-03-04 16:07:29", "elapsed": 282.350329, "delta": 1.397896}}
{"target": 0.19365076682238136, "params": {"T1": 0.14135814080942438, "T3": 0.12966356818062325, "T5": 0.05743601251060979, "U1": 19.67550321414516, "U5": 14.582645738704315}, "datetime": {"datetime": "2021-03-04 16:07:30", "elapsed": 284.044558, "delta": 1.694229}}
{"target": 0.20328529791616914, "params": {"T1": 0.12590928617024744, "T3": 0.07736386452462306, "T5": 0.0634117238828889, "U1": 19.104285035136627, "U5": 13.498446031250182}, "datetime": {"datetime": "2021-03-04 16:07:32", "elapsed": 285.395459, "delta": 1.350901}}
{"target": 0.26690551136957397, "params": {"T1": 0.10283735843535355, "T3": 0.08855723274651041, "T5": 0.14298573947640575, "U1": 13.678462732545697, "U5": 12.750236077675323}, "datetime": {"datetime": "2021-03-04 16:07:33", "elapsed": 286.421935, "delta": 1.026476}}
{"target": 0.19763834482983872, "params": {"T1": 0.13108820073879562, "T3": 0.12859293106972927, "T5": 0.08983742068551218, "U1": 16.511918821171477, "U5": 12.726928671696605}, "datetime": {"datetime": "2021-03-04 16:07:34", "elapsed": 287.287873, "delta": 0.865938}}
{"target": 0.48601692814898984, "params": {"T1": 0.10576982063348597, "T3": 0.12638682099248125, "T5": 0.05937186747178206, "U1": 19.061197747292944, "U5": 12.933425711572802}, "datetime": {"datetime": "2021-03-04 16:07:35", "elapsed": 288.597429, "delta": 1.309556}}
{"target": 0.2803666295123926, "params": {"T1": 0.11571889156661742, "T3": 0.08474235225457649, "T5": 0.11150886613971661, "U1": 15.7521193569929, "U5": 18.489579096565283}, "datetime": {"datetime": "2021-03-04 16:07:36", "elapsed": 289.55695, "delta": 0.959521}}
{"target": 0.3875513733133261, "params": {"T1": 0.07768970344448696, "T3": 0.1109420685342322, "T5": 0.10882260520547318, "U1": 19.328560879012482, "U5": 12.239529661932625}, "datetime": {"datetime": "2021-03-04 16:07:37", "elapsed": 290.948069, "delta": 1.391119}}
{"target": 0.17161387557918484, "params": {"T1": 0.06382017603391726, "T3": 0.07149699340615454, "T5": 0.13705616425788225, "U1": 17.993597613931797, "U5": 12.40724448969062}, "datetime": {"datetime": "2021-03-04 16:07:38", "elapsed": 291.830009, "delta": 0.88194}}
{"target": 0.22533169190274963, "params": {"T1": 0.12044247392775016, "T3": 0.10906147122548143, "T5": 0.1048312696639283, "U1": 15.96742593625445, "U5": 14.740629767886954}, "datetime": {"datetime": "2021-03-04 16:07:40", "elapsed": 293.289121, "delta": 1.459112}}
{"target": 0.12364693981827779, "params": {"T1": 0.14608680932798912, "T3": 0.07354554993338254, "T5": 0.114209931556208, "U1": 15.367946179197048, "U5": 12.209832635229755}, "datetime": {"datetime": "2021-03-04 16:07:41", "elapsed": 294.290001, "delta": 1.00088}}
{"target": 0.34954986233726754, "params": {"T1": 0.08115068107150167, "T3": 0.13408367743654798, "T5": 0.10097292093787305, "U1": 18.816091079490988, "U5": 14.299041995780543}, "datetime": {"datetime": "2021-03-04 16:07:42", "elapsed": 295.711101, "delta": 1.4211}}
{"target": 0.1593002368612594, "params": {"T1": 0.07248560461810769, "T3": 0.14461283904627037, "T5": 0.1443216551868025, "U1": 19.8976507998863, "U5": 18.99585518324859}, "datetime": {"datetime": "2021-03-04 16:07:43", "elapsed": 296.635924, "delta": 0.924823}}
{"target": 0.23040280318827866, "params": {"T1": 0.13133408036751085, "T3": 0.10943578699972381, "T5": 0.0755216375292403, "U1": 18.694605087120845, "U5": 14.32666151449557}, "datetime": {"datetime": "2021-03-04 16:07:45", "elapsed": 298.673412, "delta": 2.037488}}
{"target": 0.24264516859315854, "params": {"T1": 0.09257802700218626, "T3": 0.11795638819217209, "T5": 0.12215372252836647, "U1": 14.391329292050791, "U5": 17.14990849895781}, "datetime": {"datetime": "2021-03-04 16:07:46", "elapsed": 299.634949, "delta": 0.961537}}
{"target": 0.2295024204006326, "params": {"T1": 0.11622840599510031, "T3": 0.11221132693643512, "T5": 0.05434347926294123, "U1": 14.543747477978442, "U5": 12.596553547688046}, "datetime": {"datetime": "2021-03-04 16:07:48", "elapsed": 301.40694, "delta": 1.771991}}
{"target": 0.14807916171210314, "params": {"T1": 0.12025864329421827, "T3": 0.06931105995363311, "T5": 0.11023111914978334, "U1": 19.064241112396687, "U5": 15.360625359093605}, "datetime": {"datetime": "2021-03-04 16:07:50", "elapsed": 303.304282, "delta": 1.897342}}
{"target": 0.14202030468396187, "params": {"T1": 0.0732731476997743, "T3": 0.058868690889164646, "T5": 0.11241601230188558, "U1": 15.855315117334381, "U5": 19.222527387141525}, "datetime": {"datetime": "2021-03-04 16:07:51", "elapsed": 304.279981, "delta": 0.975699}}
{"target": 0.6988901799789966, "params": {"T1": 0.06804611554703602, "T3": 0.1224184458175415, "T5": 0.13259649452888944, "U1": 14.680302384770764, "U5": 16.981733065083205}, "datetime": {"datetime": "2021-03-04 16:07:52", "elapsed": 305.421792, "delta": 1.141811}}
{"target": 0.17960065714327705, "params": {"T1": 0.05232999463753801, "T3": 0.06386340929917747, "T5": 0.08709868109887345, "U1": 14.142195732265632, "U5": 19.543553481351026}, "datetime": {"datetime": "2021-03-04 16:07:53", "elapsed": 306.474519, "delta": 1.052727}}
{"target": 0.29559495085712595, "params": {"T1": 0.08042363263416032, "T3": 0.06610057977911471, "T5": 0.11713712682420618, "U1": 17.837592042265246, "U5": 12.424486787683577}, "datetime": {"datetime": "2021-03-04 16:07:54", "elapsed": 307.472979, "delta": 0.99846}}
{"target": 0.22018248297141632, "params": {"T1": 0.1454904209110215, "T3": 0.08017219402941293, "T5": 0.06409380479182568, "U1": 17.170123506538243, "U5": 14.825718469407725}, "datetime": {"datetime": "2021-03-04 16:07:55", "elapsed": 308.422326, "delta": 0.949347}}
{"target": 0.14952841958303673, "params": {"T1": 0.12998025240108058, "T3": 0.10152040390693662, "T5": 0.10436256711134378, "U1": 16.105389413289664, "U5": 12.867357594332866}, "datetime": {"datetime": "2021-03-04 16:07:56", "elapsed": 309.408314, "delta": 0.985988}}
{"target": 0.2525553063411213, "params": {"T1": 0.14278326180287934, "T3": 0.11895949396131753, "T5": 0.10846187838797389, "U1": 17.43019533875166, "U5": 13.887784868416698}, "datetime": {"datetime": "2021-03-04 16:07:58", "elapsed": 311.222473, "delta": 1.814159}}
{"target": 0.2944944066574878, "params": {"T1": 0.06527182147409974, "T3": 0.1252074737158771, "T5": 0.07849526872897201, "U1": 15.048967446318422, "U5": 18.528275756467263}, "datetime": {"datetime": "2021-03-04 16:07:59", "elapsed": 312.229966, "delta": 1.007493}}
{"target": 0.2935819264409775, "params": {"T1": 0.0845142595818196, "T3": 0.09155781570239854, "T5": 0.13381052052543596, "U1": 12.921251258992799, "U5": 15.203515173851777}, "datetime": {"datetime": "2021-03-04 16:08:00", "elapsed": 313.297681, "delta": 1.067715}}
{"target": 0.15834170418858254, "params": {"T1": 0.08638842589414449, "T3": 0.0567498508802734, "T5": 0.07675606824718181, "U1": 18.76852279142563, "U5": 19.612810900639687}, "datetime": {"datetime": "2021-03-04 16:08:01", "elapsed": 314.324868, "delta": 1.027187}}
{"target": 0.4005220686953476, "params": {"T1": 0.08342774547390247, "T3": 0.14226150316877928, "T5": 0.08870900871467367, "U1": 14.409750958841276, "U5": 17.69709183773396}, "datetime": {"datetime": "2021-03-04 16:08:02", "elapsed": 315.343009, "delta": 1.018141}}
{"target": 0.2239857154504067, "params": {"T1": 0.11632173717860038, "T3": 0.14422983830856898, "T5": 0.09233187597620883, "U1": 18.548799158909446, "U5": 17.70828595205027}, "datetime": {"datetime": "2021-03-04 16:08:02", "elapsed": 316.20746, "delta": 0.864451}}
{"target": 0.6432314312309921, "params": {"T1": 0.0627092489624937, "T3": 0.12361090894980849, "T5": 0.09130450076072895, "U1": 18.816058839800114, "U5": 13.783539143303823}, "datetime": {"datetime": "2021-03-04 16:08:04", "elapsed": 317.734874, "delta": 1.527414}}
{"target": 0.1869142185791451, "params": {"T1": 0.13838423761597912, "T3": 0.05645071539825022, "T5": 0.07073698209219284, "U1": 19.27276141224661, "U5": 13.612309612756587}, "datetime": {"datetime": "2021-03-04 16:08:06", "elapsed": 319.260575, "delta": 1.525701}}
{"target": 0.21336357115294738, "params": {"T1": 0.09813598618586541, "T3": 0.09418459108435717, "T5": 0.11628834435788324, "U1": 17.62733510617819, "U5": 18.17195650296953}, "datetime": {"datetime": "2021-03-04 16:08:07", "elapsed": 320.237561, "delta": 0.976986}}
