{"target": 0.3798283289872115, "params": {"T1": 0.08896948130279071, "T3": 0.14180885055778591, "T5": 0.12463474131762267, "U1": 18.07089719585465, "U5": 19.69097552423942}, "datetime": {"datetime": "2021-03-04 16:31:42", "elapsed": 1735.84627, "delta": 5.62079}}
{"target": 0.14118200008013365, "params": {"T1": 0.13532783967450399, "T3": 0.13710666049931275, "T5": 0.14910403437124337, "U1": 16.916047786097057, "U5": 17.93378682929728}, "datetime": {"datetime": "2021-03-04 16:31:45", "elapsed": 1739.062281, "delta": 3.216011}}
{"target": 0.2589197243989105, "params": {"T1": 0.11523077462364928, "T3": 0.11892155109364018, "T5": 0.1332165826713183, "U1": 18.512195479015997, "U5": 15.149113645064912}, "datetime": {"datetime": "2021-03-04 16:31:49", "elapsed": 1742.73476, "delta": 3.672479}}
{"target": 0.5709698052177885, "params": {"T1": 0.09087362152109187, "T3": 0.1286894377620743, "T5": 0.06754263888823282, "U1": 18.15236989677733, "U5": 13.411819658413144}, "datetime": {"datetime": "2021-03-04 16:31:53", "elapsed": 1747.162049, "delta": 4.427289}}
{"target": 0.30382381040591966, "params": {"T1": 0.07507977402801858, "T3": 0.09400107444520375, "T5": 0.14326623807565736, "U1": 14.110349963344882, "U5": 14.78213210788661}, "datetime": {"datetime": "2021-03-04 16:31:57", "elapsed": 1750.886902, "delta": 3.724853}}
{"target": 0.15653554535060113, "params": {"T1": 0.13904061689597846, "T3": 0.09312775988354596, "T5": 0.10745839031311047, "U1": 14.433745396455402, "U5": 19.740490137432246}, "datetime": {"datetime": "2021-03-04 16:32:00", "elapsed": 1753.863095, "delta": 2.976193}}
{"target": 0.25722433957058527, "params": {"T1": 0.10365537010164609, "T3": 0.08108538004192876, "T5": 0.06008444173985922, "U1": 19.102797659930786, "U5": 13.518437396374981}, "datetime": {"datetime": "2021-03-04 16:32:04", "elapsed": 1757.387002, "delta": 3.523907}}
{"target": 0.2167075818535117, "params": {"T1": 0.14746874131278037, "T3": 0.14366983934102787, "T5": 0.10163294361172617, "U1": 19.733945206924655, "U5": 14.2009237114742}, "datetime": {"datetime": "2021-03-04 16:32:07", "elapsed": 1760.379936, "delta": 2.992934}}
{"target": 0.86680506913, "params": {"T1": 0.10421080378247966, "T3": 0.11239498728742463, "T5": 0.08698313895630586, "U1": 19.816998888033748, "U5": 19.98871941090027}, "datetime": {"datetime": "2021-03-04 16:32:12", "elapsed": 1765.692658, "delta": 5.312722}}
{"target": 0.14158908300616752, "params": {"T1": 0.08124883385174655, "T3": 0.13660494578991011, "T5": 0.07248136474192785, "U1": 13.072282170247838, "U5": 12.779851190115178}, "datetime": {"datetime": "2021-03-04 16:32:15", "elapsed": 1768.790634, "delta": 3.097976}}
{"target": 0.3028235972811543, "params": {"T1": 0.07517202988718961, "T3": 0.06172756564522437, "T5": 0.1321802279629485, "U1": 18.99718746937453, "U5": 13.093531246271976}, "datetime": {"datetime": "2021-03-04 16:32:18", "elapsed": 1771.50461, "delta": 2.713976}}
{"target": 0.3837663018269848, "params": {"T1": 0.08102727379612079, "T3": 0.07316758117781197, "T5": 0.08430902770261553, "U1": 17.501134354385314, "U5": 18.324208969708206}, "datetime": {"datetime": "2021-03-04 16:32:25", "elapsed": 1778.463205, "delta": 6.958595}}
{"target": 0.2742046893888904, "params": {"T1": 0.1400840646672321, "T3": 0.11080037532830847, "T5": 0.1241600013010746, "U1": 14.08282357596616, "U5": 13.173707354516603}, "datetime": {"datetime": "2021-03-04 16:32:28", "elapsed": 1781.295802, "delta": 2.832597}}
{"target": 0.3583324130691899, "params": {"T1": 0.09845717225210515, "T3": 0.13927110865471837, "T5": 0.11526126073494083, "U1": 19.609108083295673, "U5": 12.582148081620057}, "datetime": {"datetime": "2021-03-04 16:32:30", "elapsed": 1783.999888, "delta": 2.704086}}
{"target": 0.42107776607711894, "params": {"T1": 0.11291969121249458, "T3": 0.09127587408166225, "T5": 0.1276138377033587, "U1": 19.295569519141345, "U5": 14.244814556654902}, "datetime": {"datetime": "2021-03-04 16:32:35", "elapsed": 1788.267844, "delta": 4.267956}}
{"target": 0.5781557717787634, "params": {"T1": 0.08388444359064681, "T3": 0.14126575837625782, "T5": 0.07656856252202185, "U1": 18.526465067498158, "U5": 17.099599741654785}, "datetime": {"datetime": "2021-03-04 16:32:41", "elapsed": 1795.081535, "delta": 6.813691}}
{"target": 0.34783139281370024, "params": {"T1": 0.09643654659871512, "T3": 0.14717836275323098, "T5": 0.052963271699789205, "U1": 18.518815942626784, "U5": 17.106959029388864}, "datetime": {"datetime": "2021-03-04 16:32:46", "elapsed": 1800.184464, "delta": 5.102929}}
{"target": 0.21326413967026672, "params": {"T1": 0.10469135125499965, "T3": 0.07839627245173757, "T5": 0.052141598351042, "U1": 19.978815781547144, "U5": 16.617915719940974}, "datetime": {"datetime": "2021-03-04 16:32:55", "elapsed": 1808.29315, "delta": 8.108686}}
{"target": 0.1988134572892498, "params": {"T1": 0.07997032476821238, "T3": 0.11288723029048622, "T5": 0.07529664642997827, "U1": 14.69997463694667, "U5": 17.082433344522162}, "datetime": {"datetime": "2021-03-04 16:32:59", "elapsed": 1812.330054, "delta": 4.036904}}
{"target": 0.3934801173406379, "params": {"T1": 0.12910835806607962, "T3": 0.1296401114723114, "T5": 0.10360734420812132, "U1": 19.60162732763591, "U5": 16.20500578716156}, "datetime": {"datetime": "2021-03-04 16:33:03", "elapsed": 1816.597513, "delta": 4.267459}}
{"target": 0.4352885729492212, "params": {"T1": 0.1152767316101914, "T3": 0.11735803562325046, "T5": 0.13050679751502445, "U1": 19.679832113024762, "U5": 14.287953595388647}, "datetime": {"datetime": "2021-03-04 16:33:08", "elapsed": 1822.019334, "delta": 5.421821}}
{"target": 0.20586004715733316, "params": {"T1": 0.07716339395322377, "T3": 0.06091793130680206, "T5": 0.050874619754028766, "U1": 19.830558476153335, "U5": 12.294897003276057}, "datetime": {"datetime": "2021-03-04 16:33:12", "elapsed": 1825.509257, "delta": 3.489923}}
{"target": 0.935310264863916, "params": {"T1": 0.09869433665067426, "T3": 0.05396841043244343, "T5": 0.0989739798920851, "U1": 16.792202378216405, "U5": 19.341946872111258}, "datetime": {"datetime": "2021-03-04 16:33:16", "elapsed": 1830.030567, "delta": 4.52131}}
{"target": 0.214322525791242, "params": {"T1": 0.08475195276150138, "T3": 0.05990893775192252, "T5": 0.06626187030543737, "U1": 17.48743257857746, "U5": 18.324924434233033}, "datetime": {"datetime": "2021-03-04 16:33:22", "elapsed": 1835.407838, "delta": 5.377271}}
{"target": 0.16886626768259663, "params": {"T1": 0.0834463163385006, "T3": 0.14597990082901469, "T5": 0.10975475671053661, "U1": 13.220052868013859, "U5": 16.070814684980007}, "datetime": {"datetime": "2021-03-04 16:33:27", "elapsed": 1840.24821, "delta": 4.840372}}
{"target": 0.2150767324881167, "params": {"T1": 0.06584651885091966, "T3": 0.07697580664705833, "T5": 0.052834649530309544, "U1": 13.188750203275916, "U5": 16.125801460515312}, "datetime": {"datetime": "2021-03-04 16:33:30", "elapsed": 1843.40673, "delta": 3.15852}}
{"target": 0.29255238499789565, "params": {"T1": 0.07593398782217872, "T3": 0.06422654239358468, "T5": 0.08475478387200844, "U1": 13.606648367367665, "U5": 15.533830682834232}, "datetime": {"datetime": "2021-03-04 16:33:32", "elapsed": 1845.96168, "delta": 2.55495}}
{"target": 0.16257289701036545, "params": {"T1": 0.14546353756879649, "T3": 0.09867133493717772, "T5": 0.08604403600225864, "U1": 17.007287933592796, "U5": 15.7957099251336}, "datetime": {"datetime": "2021-03-04 16:33:38", "elapsed": 1851.959415, "delta": 5.997735}}
{"target": 0.19298820339855938, "params": {"T1": 0.07646638957501706, "T3": 0.0809149272987687, "T5": 0.12669059930637383, "U1": 14.016737368037797, "U5": 14.236466128812769}, "datetime": {"datetime": "2021-03-04 16:33:43", "elapsed": 1856.74307, "delta": 4.783655}}
{"target": 0.25635494366525363, "params": {"T1": 0.069026405291306, "T3": 0.058765471456246936, "T5": 0.06462258848888429, "U1": 14.833996557283378, "U5": 13.820272292490031}, "datetime": {"datetime": "2021-03-04 16:33:48", "elapsed": 1861.356671, "delta": 4.613601}}
{"target": 0.48359529853687255, "params": {"T1": 0.09277842112252258, "T3": 0.13456236721972442, "T5": 0.11725779475125768, "U1": 13.207399200892269, "U5": 16.077734355938237}, "datetime": {"datetime": "2021-03-04 16:33:54", "elapsed": 1867.873752, "delta": 6.517081}}
{"target": 0.231194068011898, "params": {"T1": 0.07371272069346897, "T3": 0.08685013256722117, "T5": 0.11375625043575162, "U1": 12.158301157873446, "U5": 16.802932342085303}, "datetime": {"datetime": "2021-03-04 16:33:59", "elapsed": 1872.588737, "delta": 4.714985}}
{"target": 0.15038788773881015, "params": {"T1": 0.13708166572277206, "T3": 0.12790540824099716, "T5": 0.086306220161172, "U1": 18.69885515884456, "U5": 14.33009952008788}, "datetime": {"datetime": "2021-03-04 16:34:06", "elapsed": 1879.476333, "delta": 6.887596}}
{"target": 0.21071013751498271, "params": {"T1": 0.0817109744463188, "T3": 0.1336448535612435, "T5": 0.05189287562489761, "U1": 13.720775395323558, "U5": 19.28255472737917}, "datetime": {"datetime": "2021-03-04 16:34:09", "elapsed": 1883.042289, "delta": 3.565956}}
{"target": 0.4434346399025875, "params": {"T1": 0.08900400155019728, "T3": 0.13869617483532576, "T5": 0.09030892906264112, "U1": 14.29219527316425, "U5": 12.456022719942801}, "datetime": {"datetime": "2021-03-04 16:34:15", "elapsed": 1888.285059, "delta": 5.24277}}
{"target": 0.13865446672618575, "params": {"T1": 0.115444900652102, "T3": 0.1412585777837187, "T5": 0.12775390117306595, "U1": 14.896523334837905, "U5": 19.16437530101593}, "datetime": {"datetime": "2021-03-04 16:34:19", "elapsed": 1892.734863, "delta": 4.449804}}
{"target": 0.26825416360449306, "params": {"T1": 0.06713576544369122, "T3": 0.07481905297221858, "T5": 0.12772909836931295, "U1": 17.266044803858374, "U5": 15.609446609853023}, "datetime": {"datetime": "2021-03-04 16:34:25", "elapsed": 1898.855055, "delta": 6.120192}}
{"target": 0.21903711880448903, "params": {"T1": 0.08609661101255986, "T3": 0.10285070552569481, "T5": 0.050882441006139235, "U1": 13.042538433018548, "U5": 14.771971474177832}, "datetime": {"datetime": "2021-03-04 16:34:29", "elapsed": 1902.931887, "delta": 4.076832}}
{"target": 0.177000252372909, "params": {"T1": 0.10323075619434915, "T3": 0.1418922400713723, "T5": 0.0754250664789393, "U1": 18.739498788552297, "U5": 14.323620040717056}, "datetime": {"datetime": "2021-03-04 16:34:35", "elapsed": 1908.712699, "delta": 5.780812}}
{"target": 0.4310316976921134, "params": {"T1": 0.12222367507975258, "T3": 0.12539979260424577, "T5": 0.0670986564087853, "U1": 18.04274679980466, "U5": 12.514338333762284}, "datetime": {"datetime": "2021-03-04 16:34:39", "elapsed": 1912.41372, "delta": 3.701021}}
{"target": 0.16231044442376175, "params": {"T1": 0.1008226923312176, "T3": 0.1483465625225202, "T5": 0.12602834780348732, "U1": 16.8367928612644, "U5": 15.495731738227205}, "datetime": {"datetime": "2021-03-04 16:34:42", "elapsed": 1915.877626, "delta": 3.463906}}
{"target": 0.48313711185814806, "params": {"T1": 0.09767855006467774, "T3": 0.11035313526378165, "T5": 0.09845062266664405, "U1": 12.605441142819657, "U5": 19.683748535438994}, "datetime": {"datetime": "2021-03-04 16:34:48", "elapsed": 1921.83194, "delta": 5.954314}}
{"target": 0.14532260955717993, "params": {"T1": 0.06824364538737851, "T3": 0.07566227255344078, "T5": 0.0619225655798935, "U1": 18.057125289440283, "U5": 18.039174933632506}, "datetime": {"datetime": "2021-03-04 16:34:54", "elapsed": 1927.557387, "delta": 5.725447}}
{"target": 0.5903483668070713, "params": {"T1": 0.09438894799219476, "T3": 0.12473170804040536, "T5": 0.11268529742751084, "U1": 16.427079219703497, "U5": 16.01674695666108}, "datetime": {"datetime": "2021-03-04 16:34:57", "elapsed": 1930.751703, "delta": 3.194316}}
{"target": 0.26695933437663627, "params": {"T1": 0.14306160893402808, "T3": 0.1125764081895898, "T5": 0.1313157422719237, "U1": 12.172971751400173, "U5": 13.19068584513372}, "datetime": {"datetime": "2021-03-04 16:35:00", "elapsed": 1933.689558, "delta": 2.937855}}
{"target": 0.19890204980742218, "params": {"T1": 0.0807561974269245, "T3": 0.0748887760367474, "T5": 0.06614888249267521, "U1": 13.241568478535665, "U5": 18.15784570188754}, "datetime": {"datetime": "2021-03-04 16:35:05", "elapsed": 1939.134373, "delta": 5.444815}}
{"target": 0.11284380091723022, "params": {"T1": 0.12730794688855912, "T3": 0.1409202470517714, "T5": 0.12111616138118468, "U1": 17.830231369716373, "U5": 17.708373607005072}, "datetime": {"datetime": "2021-03-04 16:35:09", "elapsed": 1942.222584, "delta": 3.088211}}
{"target": 0.17829637247702235, "params": {"T1": 0.0813988604271099, "T3": 0.10481865429952597, "T5": 0.06783308960777971, "U1": 16.62304796353107, "U5": 18.708412239668295}, "datetime": {"datetime": "2021-03-04 16:35:16", "elapsed": 1949.522572, "delta": 7.299988}}
{"target": 1.4034294872689672, "params": {"T1": 0.09639486431330134, "T3": 0.108554982507219, "T5": 0.06802898425303118, "U1": 17.329344521337525, "U5": 12.941246431884084}, "datetime": {"datetime": "2021-03-04 16:35:19", "elapsed": 1952.645021, "delta": 3.122449}}
{"target": 0.29970573842771037, "params": {"T1": 0.0769029575925618, "T3": 0.11892272844549912, "T5": 0.12940211371788707, "U1": 14.692193368312175, "U5": 16.989010014697744}, "datetime": {"datetime": "2021-03-04 16:35:29", "elapsed": 1962.496036, "delta": 9.851015}}
{"target": 0.1735792885849501, "params": {"T1": 0.08449374514000046, "T3": 0.09302583459858124, "T5": 0.14327005564023254, "U1": 14.68385966579417, "U5": 16.981056024395578}, "datetime": {"datetime": "2021-03-04 16:35:35", "elapsed": 1968.400697, "delta": 5.904661}}
{"target": 0.31559084130988907, "params": {"T1": 0.0861628779291582, "T3": 0.06098210341412183, "T5": 0.1311751063934971, "U1": 13.772685343540699, "U5": 13.747384498245745}, "datetime": {"datetime": "2021-03-04 16:35:39", "elapsed": 1972.944835, "delta": 4.544138}}
{"target": 0.3010936033945327, "params": {"T1": 0.062397679362930225, "T3": 0.10473099648858684, "T5": 0.14628030609757126, "U1": 18.832089028907486, "U5": 19.85987515107384}, "datetime": {"datetime": "2021-03-04 16:35:43", "elapsed": 1977.160959, "delta": 4.216124}}
{"target": 0.15830367326233138, "params": {"T1": 0.10241733999748331, "T3": 0.05574048328257628, "T5": 0.13911535391388374, "U1": 18.339542662662872, "U5": 12.16064146888198}, "datetime": {"datetime": "2021-03-04 16:35:47", "elapsed": 1980.524944, "delta": 3.363985}}
{"target": 0.1533975175750243, "params": {"T1": 0.08021978317689339, "T3": 0.05395128157786621, "T5": 0.08128483449988197, "U1": 15.179544719112226, "U5": 13.759948009438249}, "datetime": {"datetime": "2021-03-04 16:35:51", "elapsed": 1984.674709, "delta": 4.149765}}
{"target": 0.2313599729916686, "params": {"T1": 0.085420655363419, "T3": 0.09613962939009123, "T5": 0.14185806094899583, "U1": 18.60916467979733, "U5": 18.948377059328852}, "datetime": {"datetime": "2021-03-04 16:35:58", "elapsed": 1991.950444, "delta": 7.275735}}
{"target": 0.2893878495681598, "params": {"T1": 0.06383422875624968, "T3": 0.07001170725337637, "T5": 0.1381466820005347, "U1": 17.39338544415999, "U5": 13.171951133014248}, "datetime": {"datetime": "2021-03-04 16:36:03", "elapsed": 1996.534524, "delta": 4.58408}}
{"target": 0.6084964666450682, "params": {"T1": 0.10066421954225485, "T3": 0.11448928759565573, "T5": 0.060187232229665266, "U1": 15.08196515382839, "U5": 13.590413858395609}, "datetime": {"datetime": "2021-03-04 16:36:07", "elapsed": 2000.818111, "delta": 4.283587}}
{"target": 0.3082808054296291, "params": {"T1": 0.09775818248655255, "T3": 0.13384372164902186, "T5": 0.11349828160453146, "U1": 16.962233324739422, "U5": 17.61353169928043}, "datetime": {"datetime": "2021-03-04 16:36:11", "elapsed": 2004.365624, "delta": 3.547513}}
{"target": 0.32412652564120226, "params": {"T1": 0.054359395152384075, "T3": 0.14409331371770262, "T5": 0.09702474927187213, "U1": 18.26894284825059, "U5": 19.886763153024845}, "datetime": {"datetime": "2021-03-04 16:36:15", "elapsed": 2008.918828, "delta": 4.553204}}
{"target": 0.25940367347756527, "params": {"T1": 0.13535317263170948, "T3": 0.10616793704155414, "T5": 0.14512536747852245, "U1": 12.006854443047086, "U5": 15.908619061048514}, "datetime": {"datetime": "2021-03-04 16:36:19", "elapsed": 2012.228491, "delta": 3.309663}}
{"target": 0.5889480948026615, "params": {"T1": 0.06174670724866174, "T3": 0.10776382286494393, "T5": 0.06264459227212331, "U1": 19.381113461969914, "U5": 19.5847872217166}, "datetime": {"datetime": "2021-03-04 16:36:24", "elapsed": 2017.884397, "delta": 5.655906}}
{"target": 0.2335684588914846, "params": {"T1": 0.14876528349702445, "T3": 0.051035154214625546, "T5": 0.06123951887093437, "U1": 13.464580972651529, "U5": 15.27721678231537}, "datetime": {"datetime": "2021-03-04 16:36:27", "elapsed": 2021.176212, "delta": 3.291815}}
{"target": 0.9497320669252715, "params": {"T1": 0.08488725033290768, "T3": 0.1300188974956228, "T5": 0.07333166709941244, "U1": 19.33750250589281, "U5": 14.996274087469008}, "datetime": {"datetime": "2021-03-04 16:36:33", "elapsed": 2026.539406, "delta": 5.363194}}
{"target": 0.22367375005235027, "params": {"T1": 0.12866411992677373, "T3": 0.08227504118083083, "T5": 0.08001069197821425, "U1": 17.481715627202806, "U5": 16.976080816510603}, "datetime": {"datetime": "2021-03-04 16:36:36", "elapsed": 2029.921911, "delta": 3.382505}}
{"target": 0.23575205981729672, "params": {"T1": 0.131110703779599, "T3": 0.08370249210130695, "T5": 0.08786611604620066, "U1": 16.743858635814334, "U5": 18.916973838177366}, "datetime": {"datetime": "2021-03-04 16:36:40", "elapsed": 2033.947727, "delta": 4.025816}}
{"target": 0.38770178484534956, "params": {"T1": 0.07525066621752574, "T3": 0.12229611214019827, "T5": 0.09077415499435253, "U1": 15.89465171823429, "U5": 12.543411096796584}, "datetime": {"datetime": "2021-03-04 16:36:49", "elapsed": 2042.218762, "delta": 8.271035}}
{"target": 0.21310791868562803, "params": {"T1": 0.0946896417470624, "T3": 0.14951080949906978, "T5": 0.05303569274364898, "U1": 18.51636261419364, "U5": 17.09711690316813}, "datetime": {"datetime": "2021-03-04 16:36:58", "elapsed": 2051.636249, "delta": 9.417487}}
{"target": 0.30029574431079326, "params": {"T1": 0.07722540899260116, "T3": 0.07932520442255013, "T5": 0.09899646243270471, "U1": 13.292195460631063, "U5": 12.662421406572197}, "datetime": {"datetime": "2021-03-04 16:37:03", "elapsed": 2056.876307, "delta": 5.240058}}
{"target": 0.29490576946090935, "params": {"T1": 0.0752263113636081, "T3": 0.06631319885104585, "T5": 0.1488768542812619, "U1": 15.832615238974824, "U5": 13.52562899117122}, "datetime": {"datetime": "2021-03-04 16:37:07", "elapsed": 2060.361361, "delta": 3.485054}}
{"target": 0.31245884690958853, "params": {"T1": 0.09664071265700268, "T3": 0.13870191723139863, "T5": 0.12103272986387598, "U1": 16.42093906391562, "U5": 16.012944017104722}, "datetime": {"datetime": "2021-03-04 16:37:13", "elapsed": 2066.937133, "delta": 6.575772}}
{"target": 0.26415883535653306, "params": {"T1": 0.0646700761694529, "T3": 0.09529952242193929, "T5": 0.09848384736453542, "U1": 17.021253149834983, "U5": 13.980404259874305}, "datetime": {"datetime": "2021-03-04 16:37:19", "elapsed": 2072.23439, "delta": 5.297257}}
{"target": 0.13071212274484745, "params": {"T1": 0.07961644494618472, "T3": 0.12075503617821487, "T5": 0.08613486299993266, "U1": 14.854029624954926, "U5": 12.459300733530446}, "datetime": {"datetime": "2021-03-04 16:37:22", "elapsed": 2075.737046, "delta": 3.502656}}
{"target": 0.28656868360230786, "params": {"T1": 0.062474227667651906, "T3": 0.08528283031224763, "T5": 0.1174085546099546, "U1": 14.705520837499193, "U5": 16.986264423197895}, "datetime": {"datetime": "2021-03-04 16:37:27", "elapsed": 2080.976874, "delta": 5.239828}}
{"target": 0.38698096721235226, "params": {"T1": 0.10918537031182866, "T3": 0.1320706807524178, "T5": 0.0687996236748583, "U1": 18.032238733056232, "U5": 12.499988653946563}, "datetime": {"datetime": "2021-03-04 16:37:34", "elapsed": 2087.515935, "delta": 6.539061}}
{"target": 0.16567390446654376, "params": {"T1": 0.08639799492593257, "T3": 0.116847978749467, "T5": 0.11835559124335936, "U1": 14.3048710014297, "U5": 19.969819919461916}, "datetime": {"datetime": "2021-03-04 16:37:38", "elapsed": 2091.964249, "delta": 4.448314}}
{"target": 0.6180785283611568, "params": {"T1": 0.116750547589993, "T3": 0.14248447103745876, "T5": 0.1224411566223862, "U1": 15.97425619540697, "U5": 14.85972137610305}, "datetime": {"datetime": "2021-03-04 16:37:42", "elapsed": 2095.460248, "delta": 3.495999}}
{"target": 0.14033244078853044, "params": {"T1": 0.05639987228439515, "T3": 0.05503936941415687, "T5": 0.12741355134242624, "U1": 19.97351877557372, "U5": 19.059733920507348}, "datetime": {"datetime": "2021-03-04 16:37:45", "elapsed": 2099.184036, "delta": 3.723788}}
{"target": 0.14995251519006897, "params": {"T1": 0.14210582625477863, "T3": 0.07832391222010808, "T5": 0.11051240127165665, "U1": 18.08596164611518, "U5": 13.458129446889114}, "datetime": {"datetime": "2021-03-04 16:37:49", "elapsed": 2102.949573, "delta": 3.765537}}
{"target": 0.17092427161674215, "params": {"T1": 0.1059609014869729, "T3": 0.07652278956568946, "T5": 0.08791011785348404, "U1": 19.6567447903509, "U5": 14.462111775669685}, "datetime": {"datetime": "2021-03-04 16:37:57", "elapsed": 2110.915708, "delta": 7.966135}}
{"target": 0.6567217715193991, "params": {"T1": 0.06221538294268807, "T3": 0.1323447120333976, "T5": 0.055697843687060204, "U1": 13.880792896801653, "U5": 13.375529402626473}, "datetime": {"datetime": "2021-03-04 16:38:01", "elapsed": 2114.86721, "delta": 3.951502}}
{"target": 0.2864476613591524, "params": {"T1": 0.12949483597386294, "T3": 0.10760472998698947, "T5": 0.14990371316455373, "U1": 17.322131348087233, "U5": 13.415047429987025}, "datetime": {"datetime": "2021-03-04 16:38:05", "elapsed": 2118.68136, "delta": 3.81415}}
