{"target": 0.13919586264585365, "params": {"T1": 0.08839994137605556, "T3": 0.10554375062459981, "T5": 0.10244162127374515, "U1": 14.686360295091854, "U5": 15.575419300951712}, "datetime": {"datetime": "2021-03-05 13:04:52", "elapsed": 99.603357, "delta": 1.135123}}
{"target": 0.29603512011311517, "params": {"T1": 0.09235218095594487, "T3": 0.0728601618936348, "T5": 0.08734913650402291, "U1": 13.499781460526313, "U5": 15.472263506954615}, "datetime": {"datetime": "2021-03-05 13:04:52", "elapsed": 100.01833, "delta": 0.414973}}
{"target": 0.23411331916466627, "params": {"T1": 0.08947284276839573, "T3": 0.12974078112876214, "T5": 0.09825962021405424, "U1": 17.202096647630015, "U5": 12.620895823995792}, "datetime": {"datetime": "2021-03-05 13:04:53", "elapsed": 100.5094, "delta": 0.49107}}
{"target": 0.5240386223038593, "params": {"T1": 0.07379146205531309, "T3": 0.10234676476110541, "T5": 0.05636493581320028, "U1": 14.88298665502983, "U5": 13.880449932526533}, "datetime": {"datetime": "2021-03-05 13:04:53", "elapsed": 100.968533, "delta": 0.459133}}
{"target": 0.21428952378674343, "params": {"T1": 0.12069910771436833, "T3": 0.080360455324086, "T5": 0.1491353461484823, "U1": 12.621877195599428, "U5": 17.79116184998545}, "datetime": {"datetime": "2021-03-05 13:04:54", "elapsed": 101.438797, "delta": 0.470264}}
{"target": 0.24195411722576768, "params": {"T1": 0.06449695359475081, "T3": 0.1332342373968609, "T5": 0.10485799026725733, "U1": 12.479426378748787, "U5": 14.30365722661417}, "datetime": {"datetime": "2021-03-05 13:04:55", "elapsed": 102.486842, "delta": 1.048045}}
{"target": 0.23947588963853833, "params": {"T1": 0.10391787096947583, "T3": 0.1130697333295651, "T5": 0.13086824400953173, "U1": 13.03664754603318, "U5": 15.025510817461932}, "datetime": {"datetime": "2021-03-05 13:04:55", "elapsed": 102.935087, "delta": 0.448245}}
{"target": 0.15295372120767406, "params": {"T1": 0.09024884194689217, "T3": 0.10841387595133233, "T5": 0.13049446945072365, "U1": 13.03174348708149, "U5": 18.278595305653134}, "datetime": {"datetime": "2021-03-05 13:04:56", "elapsed": 104.012999, "delta": 1.077912}}
{"target": 0.201097318617119, "params": {"T1": 0.09275504206688387, "T3": 0.13071778400445003, "T5": 0.09344551812274646, "U1": 19.35997244009505, "U5": 12.223250570769768}, "datetime": {"datetime": "2021-03-05 13:04:57", "elapsed": 104.995595, "delta": 0.982596}}
{"target": 0.31197107767494625, "params": {"T1": 0.07076815187091597, "T3": 0.06530254123140264, "T5": 0.0965640687985873, "U1": 13.190315230215042, "U5": 13.234489409357337}, "datetime": {"datetime": "2021-03-05 13:04:59", "elapsed": 106.175681, "delta": 1.180086}}
{"target": 0.30412886058258826, "params": {"T1": 0.10381693115808002, "T3": 0.09466870363682497, "T5": 0.13789929318209065, "U1": 13.81566128990346, "U5": 13.721040168261899}, "datetime": {"datetime": "2021-03-05 13:04:59", "elapsed": 106.661731, "delta": 0.48605}}
{"target": 0.19516780554247232, "params": {"T1": 0.08146663434568109, "T3": 0.07171605457652988, "T5": 0.08810897843029626, "U1": 19.56539430524623, "U5": 15.685745565209933}, "datetime": {"datetime": "2021-03-05 13:04:59", "elapsed": 107.117374, "delta": 0.455643}}
{"target": 0.8437450600158095, "params": {"T1": 0.0904280129166876, "T3": 0.12687785849457117, "T5": 0.05760400704896377, "U1": 12.671504240345527, "U5": 16.74713768505699}, "datetime": {"datetime": "2021-03-05 13:05:00", "elapsed": 107.595146, "delta": 0.477772}}
{"target": 0.18328487471356092, "params": {"T1": 0.08584444203873805, "T3": 0.09067847079252939, "T5": 0.09640835449545007, "U1": 19.856347089337344, "U5": 19.985588653443966}, "datetime": {"datetime": "2021-03-05 13:05:01", "elapsed": 108.738223, "delta": 1.143077}}
{"target": 1.0385499138975725, "params": {"T1": 0.09978585396927872, "T3": 0.11567062045078076, "T5": 0.06119543290459287, "U1": 14.527938594821672, "U5": 18.620514082789846}, "datetime": {"datetime": "2021-03-05 13:05:02", "elapsed": 109.260028, "delta": 0.521805}}
{"target": 0.1652031483007964, "params": {"T1": 0.07742795466645312, "T3": 0.13477637951738203, "T5": 0.0978834724452041, "U1": 18.798443000552076, "U5": 14.273322916319604}, "datetime": {"datetime": "2021-03-05 13:05:03", "elapsed": 110.419916, "delta": 1.159888}}
{"target": 0.15240740237791642, "params": {"T1": 0.05000435660243135, "T3": 0.10047421080090915, "T5": 0.06773909898852733, "U1": 18.96138816018803, "U5": 12.360617706753223}, "datetime": {"datetime": "2021-03-05 13:05:03", "elapsed": 110.90529, "delta": 0.485374}}
{"target": 0.1550067241405173, "params": {"T1": 0.12574976835855478, "T3": 0.11971870575932832, "T5": 0.05024836878862349, "U1": 19.437472774923155, "U5": 17.358735046295173}, "datetime": {"datetime": "2021-03-05 13:05:04", "elapsed": 111.36384, "delta": 0.45855}}
{"target": 0.2691782626703202, "params": {"T1": 0.09817684566230755, "T3": 0.09021221280753955, "T5": 0.10241754955810405, "U1": 15.176167390825405, "U5": 17.68895828399297}, "datetime": {"datetime": "2021-03-05 13:05:05", "elapsed": 112.478876, "delta": 1.115036}}
{"target": 0.16937974873071526, "params": {"T1": 0.06316567590133651, "T3": 0.12056431503193353, "T5": 0.14759337334889677, "U1": 12.486788509020716, "U5": 14.292352909714488}, "datetime": {"datetime": "2021-03-05 13:05:06", "elapsed": 113.580081, "delta": 1.101205}}
{"target": 0.166874704239472, "params": {"T1": 0.10220634620162608, "T3": 0.08640392487474292, "T5": 0.05320955799272854, "U1": 16.791490445877706, "U5": 19.32330580035658}, "datetime": {"datetime": "2021-03-05 13:05:07", "elapsed": 114.678738, "delta": 1.098657}}
{"target": 0.21214736629892494, "params": {"T1": 0.10773575950825785, "T3": 0.1463817154184067, "T5": 0.052925439638404084, "U1": 18.524879842076615, "U5": 17.131970959267505}, "datetime": {"datetime": "2021-03-05 13:05:07", "elapsed": 115.166088, "delta": 0.48735}}
{"target": 0.5719127464632692, "params": {"T1": 0.12058194728632096, "T3": 0.11175095875714018, "T5": 0.1365312055762341, "U1": 19.67469786741606, "U5": 14.304732383045803}, "datetime": {"datetime": "2021-03-05 13:05:08", "elapsed": 115.65154, "delta": 0.485452}}
{"target": 0.7542923190084432, "params": {"T1": 0.09136074293224589, "T3": 0.14580852151988255, "T5": 0.08831855665104216, "U1": 19.625802569771697, "U5": 13.566626769454246}, "datetime": {"datetime": "2021-03-05 13:05:09", "elapsed": 116.82269, "delta": 1.17115}}
{"target": 0.28604381157490266, "params": {"T1": 0.08162464504841585, "T3": 0.10941947640846793, "T5": 0.1416034456629267, "U1": 13.748086695128118, "U5": 13.666395532634159}, "datetime": {"datetime": "2021-03-05 13:05:10", "elapsed": 117.316714, "delta": 0.494024}}
{"target": 0.3354513293748498, "params": {"T1": 0.09234093704777406, "T3": 0.1109439732386516, "T5": 0.1187389107708759, "U1": 15.011147283783131, "U5": 18.671305502726625}, "datetime": {"datetime": "2021-03-05 13:05:10", "elapsed": 117.854273, "delta": 0.537559}}
{"target": 0.35716441979028357, "params": {"T1": 0.09277079630501732, "T3": 0.1331056321505024, "T5": 0.07546979161844684, "U1": 19.82973714396199, "U5": 19.14756225385112}, "datetime": {"datetime": "2021-03-05 13:05:11", "elapsed": 118.974739, "delta": 1.120466}}
{"target": 0.9215971607873342, "params": {"T1": 0.07066815515921601, "T3": 0.12045830158301046, "T5": 0.05252356480740159, "U1": 15.142840356649478, "U5": 19.08716294537186}, "datetime": {"datetime": "2021-03-05 13:05:12", "elapsed": 119.522296, "delta": 0.547557}}
{"target": 0.46496977366720926, "params": {"T1": 0.14913341258818247, "T3": 0.09457506884816683, "T5": 0.13633822145683105, "U1": 13.921615797139165, "U5": 14.310600811994021}, "datetime": {"datetime": "2021-03-05 13:05:12", "elapsed": 120.032878, "delta": 0.510582}}
{"target": 0.3115632429403372, "params": {"T1": 0.071795289974899, "T3": 0.06869040920038373, "T5": 0.12204284408257697, "U1": 13.427598799747855, "U5": 12.848246701944005}, "datetime": {"datetime": "2021-03-05 13:05:13", "elapsed": 120.54097, "delta": 0.508092}}
{"target": 0.36354402708444494, "params": {"T1": 0.13161858687989117, "T3": 0.13939823557402287, "T5": 0.10140916688838175, "U1": 15.726706515030147, "U5": 17.18000145914332}, "datetime": {"datetime": "2021-03-05 13:05:13", "elapsed": 121.065219, "delta": 0.524249}}
{"target": 0.9473327556787454, "params": {"T1": 0.11969679347889267, "T3": 0.0818143470539143, "T5": 0.0635779554190419, "U1": 18.190198312399993, "U5": 15.005488641354816}, "datetime": {"datetime": "2021-03-05 13:05:14", "elapsed": 121.558566, "delta": 0.493347}}
{"target": 0.17655777739841222, "params": {"T1": 0.12599312353408837, "T3": 0.08394403604279158, "T5": 0.05822268327675663, "U1": 16.473844988031303, "U5": 19.06710612474619}, "datetime": {"datetime": "2021-03-05 13:05:14", "elapsed": 122.040656, "delta": 0.48209}}
{"target": 0.3256560797037154, "params": {"T1": 0.14898972106214758, "T3": 0.08314493890309582, "T5": 0.0690771040047998, "U1": 18.57229418339032, "U5": 16.743723166643832}, "datetime": {"datetime": "2021-03-05 13:05:15", "elapsed": 122.58015, "delta": 0.539494}}
{"target": 0.12185751143547421, "params": {"T1": 0.12533981472077693, "T3": 0.10745000085946113, "T5": 0.11685508968476871, "U1": 18.47909634990674, "U5": 19.14843440685777}, "datetime": {"datetime": "2021-03-05 13:05:15", "elapsed": 123.088686, "delta": 0.508536}}
{"target": 0.45100926307143036, "params": {"T1": 0.09258469579964226, "T3": 0.08442687547509813, "T5": 0.08969818755338473, "U1": 16.768089666288898, "U5": 19.310849872265674}, "datetime": {"datetime": "2021-03-05 13:05:17", "elapsed": 124.340124, "delta": 1.251438}}
{"target": 0.26674013421868326, "params": {"T1": 0.06846140917972739, "T3": 0.13063591080555403, "T5": 0.1380673273185713, "U1": 13.089089758244556, "U5": 12.532025257740287}, "datetime": {"datetime": "2021-03-05 13:05:17", "elapsed": 124.857392, "delta": 0.517268}}
{"target": 0.19744593930403972, "params": {"T1": 0.14242819418467997, "T3": 0.1079049107090945, "T5": 0.10140848947065523, "U1": 19.524024592762995, "U5": 17.248020220428934}, "datetime": {"datetime": "2021-03-05 13:05:18", "elapsed": 125.986827, "delta": 1.129435}}
{"target": 0.2594228465224913, "params": {"T1": 0.08155132111321603, "T3": 0.1339611308673645, "T5": 0.11035572275782904, "U1": 13.219099807210512, "U5": 14.441701979737061}, "datetime": {"datetime": "2021-03-05 13:05:19", "elapsed": 126.514146, "delta": 0.527319}}
{"target": 0.21828092594418835, "params": {"T1": 0.12665175129016812, "T3": 0.14455909211490897, "T5": 0.1347852244670783, "U1": 18.191291718137293, "U5": 12.571067890160592}, "datetime": {"datetime": "2021-03-05 13:05:19", "elapsed": 127.068012, "delta": 0.553866}}
{"target": 0.20276878940567925, "params": {"T1": 0.08061576954541264, "T3": 0.06713281883146385, "T5": 0.07824752047193986, "U1": 19.34566077321658, "U5": 18.322040931519794}, "datetime": {"datetime": "2021-03-05 13:05:21", "elapsed": 128.188607, "delta": 1.120595}}
{"target": 0.3218293928948521, "params": {"T1": 0.07097453987004468, "T3": 0.1215251217626977, "T5": 0.11134115427615368, "U1": 14.719681991468125, "U5": 15.608272659345186}, "datetime": {"datetime": "2021-03-05 13:05:22", "elapsed": 129.358879, "delta": 1.170272}}
{"target": 0.17476159921455414, "params": {"T1": 0.0515626973719478, "T3": 0.09872894899896686, "T5": 0.1224623221746073, "U1": 16.38522237449579, "U5": 18.578951570962428}, "datetime": {"datetime": "2021-03-05 13:05:22", "elapsed": 129.868983, "delta": 0.510104}}
{"target": 0.38003897287746996, "params": {"T1": 0.1200910012693966, "T3": 0.1210770874315879, "T5": 0.12309573341876791, "U1": 15.150728837764557, "U5": 16.531642782108307}, "datetime": {"datetime": "2021-03-05 13:05:23", "elapsed": 130.418981, "delta": 0.549998}}
{"target": 0.16863770642660902, "params": {"T1": 0.09041558359719147, "T3": 0.08172377143439966, "T5": 0.09252209120085844, "U1": 19.363517183659148, "U5": 12.21753982852859}, "datetime": {"datetime": "2021-03-05 13:05:24", "elapsed": 131.617742, "delta": 1.198761}}
{"target": 0.2558427666078627, "params": {"T1": 0.07954095176042986, "T3": 0.12433034844335526, "T5": 0.05761535273507608, "U1": 12.606515412412817, "U5": 14.232522679126033}, "datetime": {"datetime": "2021-03-05 13:05:24", "elapsed": 132.126761, "delta": 0.509019}}
{"target": 0.2919269778404383, "params": {"T1": 0.1005660459165447, "T3": 0.07805490136321035, "T5": 0.13497665854144691, "U1": 13.073164167650944, "U5": 17.310105845801946}, "datetime": {"datetime": "2021-03-05 13:05:25", "elapsed": 132.66873, "delta": 0.541969}}
{"target": 0.2724537657725099, "params": {"T1": 0.13325108863207985, "T3": 0.12983876530765176, "T5": 0.13631290290341563, "U1": 12.95085515192443, "U5": 16.024365893170156}, "datetime": {"datetime": "2021-03-05 13:05:26", "elapsed": 133.206613, "delta": 0.537883}}
{"target": 0.1974675817352337, "params": {"T1": 0.08637555619983724, "T3": 0.06367275721512645, "T5": 0.05798875528160696, "U1": 16.041012475888078, "U5": 13.998748158583048}, "datetime": {"datetime": "2021-03-05 13:05:27", "elapsed": 134.384076, "delta": 1.177463}}
{"target": 0.17239502655269384, "params": {"T1": 0.09713666439574795, "T3": 0.14859777541545216, "T5": 0.11262815986050746, "U1": 17.046140029999506, "U5": 19.683261181064736}, "datetime": {"datetime": "2021-03-05 13:05:27", "elapsed": 134.92356, "delta": 0.539484}}
{"target": 0.3704581989300754, "params": {"T1": 0.12477327118917127, "T3": 0.14465267737081594, "T5": 0.09536625475312241, "U1": 14.465300274777707, "U5": 18.553122076225314}, "datetime": {"datetime": "2021-03-05 13:05:28", "elapsed": 135.418701, "delta": 0.495141}}
{"target": 0.18989449048619497, "params": {"T1": 0.08052509913493142, "T3": 0.12160002341289418, "T5": 0.09175064053423496, "U1": 19.845817495828825, "U5": 19.126614393962207}, "datetime": {"datetime": "2021-03-05 13:05:29", "elapsed": 136.999353, "delta": 1.580652}}
{"target": 0.23403652601716157, "params": {"T1": 0.11589476632264352, "T3": 0.08896026371306395, "T5": 0.06858505843219523, "U1": 16.75601573100733, "U5": 19.309116353036863}, "datetime": {"datetime": "2021-03-05 13:05:31", "elapsed": 138.222716, "delta": 1.223363}}
{"target": 0.7027542268434441, "params": {"T1": 0.08236471837960749, "T3": 0.13025967670662852, "T5": 0.0709652236480918, "U1": 18.686742316537376, "U5": 14.328100760910143}, "datetime": {"datetime": "2021-03-05 13:05:31", "elapsed": 138.750251, "delta": 0.527535}}
{"target": 0.1289574214923587, "params": {"T1": 0.10799346479588195, "T3": 0.10053590726013753, "T5": 0.1425425028222165, "U1": 14.930504331553553, "U5": 14.948034819748058}, "datetime": {"datetime": "2021-03-05 13:05:32", "elapsed": 139.303257, "delta": 0.553006}}
{"target": 0.4561806184156941, "params": {"T1": 0.0700700929017003, "T3": 0.09771302642156227, "T5": 0.10896416525308703, "U1": 16.611570681152102, "U5": 15.053499483293002}, "datetime": {"datetime": "2021-03-05 13:05:32", "elapsed": 139.846731, "delta": 0.543474}}
{"target": 0.2862386545031612, "params": {"T1": 0.08683074232547316, "T3": 0.1139175545076268, "T5": 0.13756040090770566, "U1": 12.496651269127604, "U5": 14.305125413048886}, "datetime": {"datetime": "2021-03-05 13:05:33", "elapsed": 141.082198, "delta": 1.235467}}
{"target": 0.3905598365073902, "params": {"T1": 0.09636269938923202, "T3": 0.07683445842802483, "T5": 0.08807780615278384, "U1": 17.149861442841654, "U5": 15.946495844099957}, "datetime": {"datetime": "2021-03-05 13:05:34", "elapsed": 141.674429, "delta": 0.592231}}
{"target": 0.2557415831842901, "params": {"T1": 0.10548916686876691, "T3": 0.11428861390990572, "T5": 0.10162081585616295, "U1": 13.922821639772264, "U5": 18.097779679447868}, "datetime": {"datetime": "2021-03-05 13:05:35", "elapsed": 142.223208, "delta": 0.548779}}
{"target": 0.2900688143967288, "params": {"T1": 0.12655848219016969, "T3": 0.09130071618869601, "T5": 0.08342887326417603, "U1": 13.287251134834872, "U5": 17.334795162402738}, "datetime": {"datetime": "2021-03-05 13:05:35", "elapsed": 142.778245, "delta": 0.555037}}
{"target": 0.2878810176023133, "params": {"T1": 0.09981827434634266, "T3": 0.12149797542747712, "T5": 0.10784646141583198, "U1": 12.605605542608266, "U5": 19.671273622140195}, "datetime": {"datetime": "2021-03-05 13:05:36", "elapsed": 143.298586, "delta": 0.520341}}
{"target": 0.18358830287806074, "params": {"T1": 0.13945878931906613, "T3": 0.11253119320675693, "T5": 0.11338498953830668, "U1": 14.986542101273303, "U5": 13.08398267586024}, "datetime": {"datetime": "2021-03-05 13:05:36", "elapsed": 143.8646, "delta": 0.566014}}
{"target": 0.1494237401704284, "params": {"T1": 0.05906468136057853, "T3": 0.06921375493666988, "T5": 0.11756533622043748, "U1": 18.605506196889014, "U5": 19.217173819569652}, "datetime": {"datetime": "2021-03-05 13:05:38", "elapsed": 145.561987, "delta": 1.697387}}
{"target": 0.2411035780078432, "params": {"T1": 0.12274723116795438, "T3": 0.08399748861812305, "T5": 0.106557661376042, "U1": 16.781117289436096, "U5": 17.169765662054562}, "datetime": {"datetime": "2021-03-05 13:05:39", "elapsed": 146.747933, "delta": 1.185946}}
{"target": 0.2530093073754844, "params": {"T1": 0.06985005753083401, "T3": 0.12829260837170586, "T5": 0.13304301856682682, "U1": 16.44399205888936, "U5": 14.592132252820534}, "datetime": {"datetime": "2021-03-05 13:05:40", "elapsed": 147.276207, "delta": 0.528274}}
{"target": 0.22848746682210397, "params": {"T1": 0.06603382270284527, "T3": 0.13071324256207492, "T5": 0.09377633695938553, "U1": 13.38984856727612, "U5": 15.494495581131552}, "datetime": {"datetime": "2021-03-05 13:05:40", "elapsed": 147.833487, "delta": 0.55728}}
{"target": 0.1938627367199575, "params": {"T1": 0.08087976942818224, "T3": 0.1283639479186478, "T5": 0.10993066381138797, "U1": 15.008429798119924, "U5": 15.940994116631348}, "datetime": {"datetime": "2021-03-05 13:05:41", "elapsed": 149.119199, "delta": 1.285712}}
{"target": 0.19449782656442605, "params": {"T1": 0.09487237182331587, "T3": 0.08077083870383085, "T5": 0.12894700282815752, "U1": 16.186233352650913, "U5": 19.258755847005297}, "datetime": {"datetime": "2021-03-05 13:05:42", "elapsed": 149.66064, "delta": 0.541441}}
{"target": 0.21142908247154713, "params": {"T1": 0.06621429785420918, "T3": 0.1348088526726297, "T5": 0.10867042795880597, "U1": 14.703382030193392, "U5": 15.572390384289747}, "datetime": {"datetime": "2021-03-05 13:05:43", "elapsed": 150.92895, "delta": 1.26831}}
{"target": 0.8482983149512667, "params": {"T1": 0.07133690269097917, "T3": 0.08538647217993388, "T5": 0.13016939615480239, "U1": 14.222235119799688, "U5": 18.891363973161408}, "datetime": {"datetime": "2021-03-05 13:05:44", "elapsed": 151.486998, "delta": 0.558048}}
{"target": 0.5464592754010668, "params": {"T1": 0.07373863140944528, "T3": 0.1433367871294539, "T5": 0.09927822618560755, "U1": 18.81173224411483, "U5": 14.305869551152472}, "datetime": {"datetime": "2021-03-05 13:05:45", "elapsed": 152.580875, "delta": 1.093877}}
{"target": 0.2725649071083938, "params": {"T1": 0.07729131708566775, "T3": 0.06448014557799686, "T5": 0.13923529513944205, "U1": 17.101677232965024, "U5": 18.594592731724326}, "datetime": {"datetime": "2021-03-05 13:05:45", "elapsed": 153.146296, "delta": 0.565421}}
{"target": 0.2558123269361327, "params": {"T1": 0.07607324763696718, "T3": 0.11367916867643439, "T5": 0.0930290291987255, "U1": 14.988471915055278, "U5": 15.898829664803424}, "datetime": {"datetime": "2021-03-05 13:05:47", "elapsed": 154.288283, "delta": 1.141987}}
{"target": 0.11283886426475895, "params": {"T1": 0.13673488978509776, "T3": 0.1233478034653744, "T5": 0.12908226868549708, "U1": 16.358002737725293, "U5": 13.03764137396023}, "datetime": {"datetime": "2021-03-05 13:05:47", "elapsed": 154.819035, "delta": 0.530752}}
{"target": 0.1669764665344231, "params": {"T1": 0.09653135210618508, "T3": 0.12766987771431904, "T5": 0.12311302522748765, "U1": 12.813216149213439, "U5": 13.742681559089373}, "datetime": {"datetime": "2021-03-05 13:05:48", "elapsed": 155.375419, "delta": 0.556384}}
{"target": 0.2187359132227731, "params": {"T1": 0.05551232243665192, "T3": 0.13902015475900165, "T5": 0.07395534059127831, "U1": 13.937309453170823, "U5": 15.58069233791024}, "datetime": {"datetime": "2021-03-05 13:05:49", "elapsed": 157.039706, "delta": 1.664287}}
{"target": 0.6431046429275693, "params": {"T1": 0.05826149351382736, "T3": 0.14448393656557781, "T5": 0.06547425727696993, "U1": 14.829665528128526, "U5": 17.6376824494278}, "datetime": {"datetime": "2021-03-05 13:05:50", "elapsed": 157.571111, "delta": 0.531405}}
{"target": 0.25867027694595107, "params": {"T1": 0.05821667912900011, "T3": 0.14176093355794328, "T5": 0.08684620528992346, "U1": 19.555656375122755, "U5": 18.969502915860815}, "datetime": {"datetime": "2021-03-05 13:05:50", "elapsed": 158.143154, "delta": 0.572043}}
{"target": 0.30109788540046023, "params": {"T1": 0.056120391082586624, "T3": 0.09784577963002403, "T5": 0.13317006362830225, "U1": 12.985914287296483, "U5": 12.290714758404883}, "datetime": {"datetime": "2021-03-05 13:05:51", "elapsed": 158.783647, "delta": 0.640493}}
{"target": 0.23837770291706015, "params": {"T1": 0.06916847688520097, "T3": 0.1272778144928008, "T5": 0.10277959173642537, "U1": 15.911480265534177, "U5": 12.552306623006903}, "datetime": {"datetime": "2021-03-05 13:05:52", "elapsed": 159.368993, "delta": 0.585346}}
{"target": 0.1798489756801794, "params": {"T1": 0.0805083818339808, "T3": 0.08151506521565292, "T5": 0.06855330095254028, "U1": 16.92523473720041, "U5": 17.508220016831288}, "datetime": {"datetime": "2021-03-05 13:05:53", "elapsed": 160.781307, "delta": 1.412314}}
{"target": 0.2503601425517171, "params": {"T1": 0.11061329759561153, "T3": 0.055690656743270985, "T5": 0.08951759101440587, "U1": 16.791166240496615, "U5": 17.13791830967557}, "datetime": {"datetime": "2021-03-05 13:05:54", "elapsed": 162.150403, "delta": 1.369096}}
