{"target": 0.31435010627347826, "params": {"T1": 0.11287288077414168, "T3": 0.14015576183335263, "T5": 0.06181163909297151, "U1": 15.128206124786452, "U5": 17.894740440705696}, "datetime": {"datetime": "2021-03-04 16:38:08", "elapsed": 2122.117766, "delta": 3.436406}}
{"target": 0.12569908001116573, "params": {"T1": 0.11633802486980485, "T3": 0.12708452106138263, "T5": 0.1438010336462225, "U1": 14.059319910957718, "U5": 18.514296096290646}, "datetime": {"datetime": "2021-03-04 16:38:14", "elapsed": 2127.218888, "delta": 5.101122}}
{"target": 0.4859224029029916, "params": {"T1": 0.14682545214966886, "T3": 0.11419602342588456, "T5": 0.11196227415685386, "U1": 18.003612117969176, "U5": 18.85748660594828}, "datetime": {"datetime": "2021-03-04 16:38:17", "elapsed": 2130.767026, "delta": 3.548138}}
