{"target": 0.13455272601120472, "params": {"T1": 0.13701562598065542, "T3": 0.12163458617740183, "T5": 0.06646092584455637, "U1": 18.038441882431496, "U5": 12.089890787770962}, "datetime": {"datetime": "2021-03-05 14:06:20", "elapsed": 3604.618971, "delta": 13.420937}}
{"target": 0.26793752411381266, "params": {"T1": 0.12053325272175909, "T3": 0.06621002102406111, "T5": 0.14741141906072086, "U1": 19.859895172978486, "U5": 12.489366011401406}, "datetime": {"datetime": "2021-03-05 14:06:25", "elapsed": 3609.97313, "delta": 5.354159}}
{"target": 0.269731251876032, "params": {"T1": 0.05652321084888145, "T3": 0.05940753127948756, "T5": 0.13006294136112923, "U1": 16.67262970595865, "U5": 14.442714825764664}, "datetime": {"datetime": "2021-03-05 14:06:31", "elapsed": 3615.289502, "delta": 5.316372}}
{"target": 0.23037757378276985, "params": {"T1": 0.08899924142384975, "T3": 0.07862861308745542, "T5": 0.08410946652964638, "U1": 18.56856030135102, "U5": 17.614412909795856}, "datetime": {"datetime": "2021-03-05 14:06:35", "elapsed": 3620.120958, "delta": 4.831456}}
{"target": 0.13878876232979545, "params": {"T1": 0.12068073644486067, "T3": 0.0764079137225352, "T5": 0.1435173056640215, "U1": 16.4137437884719, "U5": 14.248075059953344}, "datetime": {"datetime": "2021-03-05 14:06:41", "elapsed": 3625.460104, "delta": 5.339146}}
{"target": 0.23592842597407565, "params": {"T1": 0.11713141400544214, "T3": 0.13040234470685289, "T5": 0.14242283354923677, "U1": 18.30382197542256, "U5": 13.527622052587954}, "datetime": {"datetime": "2021-03-05 14:06:46", "elapsed": 3630.475261, "delta": 5.015157}}
{"target": 0.3811786840518902, "params": {"T1": 0.09612254674798991, "T3": 0.06015022628872722, "T5": 0.10120415112388208, "U1": 15.078712746953478, "U5": 19.25075209309837}, "datetime": {"datetime": "2021-03-05 14:06:51", "elapsed": 3635.721619, "delta": 5.246358}}
{"target": 0.1348645952330176, "params": {"T1": 0.10748702093213422, "T3": 0.10055225200052378, "T5": 0.05043550187738171, "U1": 13.300508738546322, "U5": 12.662516104566034}, "datetime": {"datetime": "2021-03-05 14:06:56", "elapsed": 3640.613919, "delta": 4.8923}}
{"target": 0.16383600900382345, "params": {"T1": 0.11098157217828855, "T3": 0.09595739726761549, "T5": 0.14299038405720094, "U1": 15.842897537335798, "U5": 18.13117049499838}, "datetime": {"datetime": "2021-03-05 14:07:01", "elapsed": 3645.297622, "delta": 4.683703}}
{"target": 0.13600484532750645, "params": {"T1": 0.14765827027194295, "T3": 0.10785373815665103, "T5": 0.1473005933216466, "U1": 15.096408590106417, "U5": 15.37306971832509}, "datetime": {"datetime": "2021-03-05 14:07:07", "elapsed": 3652.072212, "delta": 6.77459}}
{"target": 0.19005861544536146, "params": {"T1": 0.06072076165670875, "T3": 0.10472213422905696, "T5": 0.10745768618240184, "U1": 12.64746261823356, "U5": 16.079975721208363}, "datetime": {"datetime": "2021-03-05 14:07:20", "elapsed": 3664.892546, "delta": 12.820334}}
{"target": 0.1643723949730026, "params": {"T1": 0.1437130929741526, "T3": 0.06932238655624634, "T5": 0.061226422599618684, "U1": 17.40343664278029, "U5": 19.259139401667106}, "datetime": {"datetime": "2021-03-05 14:07:28", "elapsed": 3672.388508, "delta": 7.495962}}
{"target": 0.14687892847877665, "params": {"T1": 0.10199302730243909, "T3": 0.05036191812197738, "T5": 0.07885389564662919, "U1": 17.065228706723918, "U5": 17.846582585021302}, "datetime": {"datetime": "2021-03-05 14:07:32", "elapsed": 3677.171568, "delta": 4.78306}}
{"target": 0.24130295758624304, "params": {"T1": 0.1369784293530995, "T3": 0.11389044997655366, "T5": 0.07959823199393493, "U1": 19.417226540840463, "U5": 12.102380772113552}, "datetime": {"datetime": "2021-03-05 14:07:38", "elapsed": 3682.842792, "delta": 5.671224}}
{"target": 0.24082877652500556, "params": {"T1": 0.09468210837263641, "T3": 0.14004955304863798, "T5": 0.08694840675349745, "U1": 19.540644766877783, "U5": 17.9315254089081}, "datetime": {"datetime": "2021-03-05 14:07:43", "elapsed": 3687.677718, "delta": 4.834926}}
{"target": 0.5477677109928499, "params": {"T1": 0.09398173621598621, "T3": 0.10678303449494018, "T5": 0.11216825222827718, "U1": 19.738571377319797, "U5": 16.175707437902254}, "datetime": {"datetime": "2021-03-05 14:07:51", "elapsed": 3695.463984, "delta": 7.786266}}
{"target": 0.12531665337639558, "params": {"T1": 0.10278147567206179, "T3": 0.09208076485698857, "T5": 0.06523778637601652, "U1": 13.831480575921937, "U5": 17.741539513243733}, "datetime": {"datetime": "2021-03-05 14:07:56", "elapsed": 3701.031523, "delta": 5.567539}}
{"target": 0.20676762207602944, "params": {"T1": 0.09730382561908546, "T3": 0.09496172893211907, "T5": 0.06174858065929348, "U1": 15.183060137811676, "U5": 18.2542142160043}, "datetime": {"datetime": "2021-03-05 14:08:02", "elapsed": 3706.800303, "delta": 5.76878}}
{"target": 0.20055466187129453, "params": {"T1": 0.13912352915625736, "T3": 0.1310692129639603, "T5": 0.05387406740544947, "U1": 16.675101383412628, "U5": 17.4116798564777}, "datetime": {"datetime": "2021-03-05 14:08:08", "elapsed": 3712.303249, "delta": 5.502946}}
{"target": 0.13803747922036586, "params": {"T1": 0.11303771458221651, "T3": 0.13671370010715547, "T5": 0.1333071952645431, "U1": 13.193511602961916, "U5": 14.223136043807559}, "datetime": {"datetime": "2021-03-05 14:08:13", "elapsed": 3718.067192, "delta": 5.763943}}
{"target": 0.27862146335212074, "params": {"T1": 0.10764023255498492, "T3": 0.14013091234264308, "T5": 0.09556865271612525, "U1": 18.717265466132226, "U5": 16.134654200684324}, "datetime": {"datetime": "2021-03-05 14:08:22", "elapsed": 3726.88228, "delta": 8.815088}}
{"target": 0.18325324630581172, "params": {"T1": 0.11610110660311827, "T3": 0.10571540520958334, "T5": 0.09607237084735928, "U1": 16.767692497746438, "U5": 19.776509297744102}, "datetime": {"datetime": "2021-03-05 14:08:28", "elapsed": 3732.708069, "delta": 5.825789}}
{"target": 0.26632034168938523, "params": {"T1": 0.13956422860183643, "T3": 0.10782222182103796, "T5": 0.0892730077684992, "U1": 17.921083772728984, "U5": 13.773812311704518}, "datetime": {"datetime": "2021-03-05 14:08:33", "elapsed": 3738.01139, "delta": 5.303321}}
{"target": 0.22154608605757364, "params": {"T1": 0.05849404962579296, "T3": 0.05683793078981425, "T5": 0.0643700248187225, "U1": 18.02377711912824, "U5": 17.862484747500904}, "datetime": {"datetime": "2021-03-05 14:08:41", "elapsed": 3745.970188, "delta": 7.958798}}
{"target": 0.1405483175401371, "params": {"T1": 0.14473236109209875, "T3": 0.1425477546494796, "T5": 0.14367981080020048, "U1": 17.79505069961426, "U5": 16.43297092308358}, "datetime": {"datetime": "2021-03-05 14:08:47", "elapsed": 3751.671818, "delta": 5.70163}}
{"target": 0.6475207029082773, "params": {"T1": 0.1435377075400815, "T3": 0.1066424115870011, "T5": 0.09467291481785849, "U1": 18.724293281850834, "U5": 18.573199339614092}, "datetime": {"datetime": "2021-03-05 14:08:52", "elapsed": 3757.021409, "delta": 5.349591}}
{"target": 0.26915332009828136, "params": {"T1": 0.13797437119165867, "T3": 0.0711078799637678, "T5": 0.10121515791345119, "U1": 12.810795920460606, "U5": 14.632903901900516}, "datetime": {"datetime": "2021-03-05 14:09:02", "elapsed": 3766.897497, "delta": 9.876088}}
{"target": 0.28589657732466206, "params": {"T1": 0.05303810432859714, "T3": 0.10292374961695722, "T5": 0.09549687210701263, "U1": 12.579568851899102, "U5": 12.117612549945068}, "datetime": {"datetime": "2021-03-05 14:09:08", "elapsed": 3772.352257, "delta": 5.45476}}
{"target": 0.24932823165683174, "params": {"T1": 0.10204335530738938, "T3": 0.14188802032416514, "T5": 0.14453267426941874, "U1": 19.372002907489033, "U5": 16.62081716729586}, "datetime": {"datetime": "2021-03-05 14:09:13", "elapsed": 3777.766672, "delta": 5.414415}}
{"target": 0.219036710423035, "params": {"T1": 0.09844137517959073, "T3": 0.0871109480780221, "T5": 0.10678323267946957, "U1": 18.797594290519477, "U5": 13.563883852963913}, "datetime": {"datetime": "2021-03-05 14:09:18", "elapsed": 3783.071441, "delta": 5.304769}}
{"target": 0.33660686500763554, "params": {"T1": 0.11815510811858031, "T3": 0.09057460048610469, "T5": 0.13733751862375732, "U1": 19.937365996501093, "U5": 12.266181056261587}, "datetime": {"datetime": "2021-03-05 14:09:27", "elapsed": 3791.396472, "delta": 8.325031}}
{"target": 0.154609460317175, "params": {"T1": 0.1277886244045022, "T3": 0.07711506553657042, "T5": 0.09983969248566718, "U1": 18.118030877327662, "U5": 12.584349395905722}, "datetime": {"datetime": "2021-03-05 14:09:32", "elapsed": 3796.570107, "delta": 5.173635}}
{"target": 0.2571966837632032, "params": {"T1": 0.058354822760154315, "T3": 0.11658679586302126, "T5": 0.11597374872669854, "U1": 19.666500168875878, "U5": 14.249907713181775}, "datetime": {"datetime": "2021-03-05 14:09:38", "elapsed": 3802.497002, "delta": 5.926895}}
{"target": 0.4923941971675782, "params": {"T1": 0.05779467495972726, "T3": 0.12291846449197455, "T5": 0.08149846723313972, "U1": 18.62011122401325, "U5": 17.217014410801823}, "datetime": {"datetime": "2021-03-05 14:09:49", "elapsed": 3813.486854, "delta": 10.989852}}
{"target": 0.1342423712016048, "params": {"T1": 0.14020152834579352, "T3": 0.09043431689195369, "T5": 0.1415084826212272, "U1": 12.428612642854487, "U5": 18.65653985567744}, "datetime": {"datetime": "2021-03-05 14:09:58", "elapsed": 3822.752144, "delta": 9.26529}}
{"target": 0.13668188892329342, "params": {"T1": 0.1382427410884079, "T3": 0.09047683139352274, "T5": 0.07023946021491125, "U1": 13.533396271559148, "U5": 16.4681894481563}, "datetime": {"datetime": "2021-03-05 14:10:06", "elapsed": 3830.853523, "delta": 8.101379}}
{"target": 0.13265067267086025, "params": {"T1": 0.09896413335025764, "T3": 0.12010556916337578, "T5": 0.13336378179320468, "U1": 15.261364779102959, "U5": 12.067708376751636}, "datetime": {"datetime": "2021-03-05 14:10:13", "elapsed": 3837.309459, "delta": 6.455936}}
{"target": 0.1766999501181739, "params": {"T1": 0.1433239421788449, "T3": 0.10188923853554749, "T5": 0.13002917826965948, "U1": 19.11931565000313, "U5": 15.678444257333876}, "datetime": {"datetime": "2021-03-05 14:10:18", "elapsed": 3842.605248, "delta": 5.295789}}
{"target": 0.12083118223618054, "params": {"T1": 0.1488853519934245, "T3": 0.12955111926174445, "T5": 0.093616940554372, "U1": 15.21998995110525, "U5": 17.5258339288664}, "datetime": {"datetime": "2021-03-05 14:10:24", "elapsed": 3848.8963, "delta": 6.291052}}
{"target": 0.17202188558424297, "params": {"T1": 0.07418143402852304, "T3": 0.07985590252363187, "T5": 0.14713791422471567, "U1": 19.758465030187963, "U5": 17.530915743268604}, "datetime": {"datetime": "2021-03-05 14:10:30", "elapsed": 3854.223673, "delta": 5.327373}}
{"target": 0.2628378221710994, "params": {"T1": 0.0864094489967199, "T3": 0.09931476086546952, "T5": 0.1275960811451169, "U1": 13.82263169225051, "U5": 14.508734274984015}, "datetime": {"datetime": "2021-03-05 14:10:35", "elapsed": 3860.130715, "delta": 5.907042}}
{"target": 0.5035622981562877, "params": {"T1": 0.13798629091676412, "T3": 0.1205461920506109, "T5": 0.10108421717007454, "U1": 19.427058417242716, "U5": 12.511702421461383}, "datetime": {"datetime": "2021-03-05 14:10:41", "elapsed": 3865.348833, "delta": 5.218118}}
{"target": 0.3996870869841361, "params": {"T1": 0.11817435531127536, "T3": 0.05381807866586058, "T5": 0.1020272323219145, "U1": 16.11999829229836, "U5": 15.23311372002468}, "datetime": {"datetime": "2021-03-05 14:10:54", "elapsed": 3878.526216, "delta": 13.177383}}
{"target": 0.15871399430879593, "params": {"T1": 0.11246734723118372, "T3": 0.13391416135339973, "T5": 0.1333521817684175, "U1": 14.441517366992919, "U5": 18.185287166215872}, "datetime": {"datetime": "2021-03-05 14:10:59", "elapsed": 3883.897093, "delta": 5.370877}}
{"target": 0.12399652687700294, "params": {"T1": 0.1082722004605731, "T3": 0.12534399145975855, "T5": 0.11929784898474556, "U1": 16.508539488264425, "U5": 15.794726043183362}, "datetime": {"datetime": "2021-03-05 14:11:05", "elapsed": 3889.682876, "delta": 5.785783}}
{"target": 0.1468198199956666, "params": {"T1": 0.09732283964788777, "T3": 0.057979494288741454, "T5": 0.0722627355100296, "U1": 13.070344372086403, "U5": 18.87984034923896}, "datetime": {"datetime": "2021-03-05 14:11:11", "elapsed": 3895.364065, "delta": 5.681189}}
{"target": 0.43013028451518576, "params": {"T1": 0.07150903482481055, "T3": 0.10397987440331911, "T5": 0.08226074471621785, "U1": 16.4857838257022, "U5": 17.947448782820835}, "datetime": {"datetime": "2021-03-05 14:11:16", "elapsed": 3900.430488, "delta": 5.066423}}
{"target": 0.2974041002361155, "params": {"T1": 0.1335751710642788, "T3": 0.08456677548215996, "T5": 0.1175836850837017, "U1": 16.205480783230854, "U5": 16.17332113167053}, "datetime": {"datetime": "2021-03-05 14:11:21", "elapsed": 3905.802144, "delta": 5.371656}}
{"target": 0.2701869535718636, "params": {"T1": 0.09843456860491955, "T3": 0.056255820306061854, "T5": 0.10816045624723511, "U1": 19.376886926303506, "U5": 13.503494359921506}, "datetime": {"datetime": "2021-03-05 14:11:27", "elapsed": 3911.261424, "delta": 5.45928}}
{"target": 0.16470488764137298, "params": {"T1": 0.08837418094793408, "T3": 0.14326540233237928, "T5": 0.1282510480272923, "U1": 12.763897427366022, "U5": 17.639638680179953}, "datetime": {"datetime": "2021-03-05 14:11:40", "elapsed": 3924.695073, "delta": 13.433649}}
{"target": 0.1672059425451118, "params": {"T1": 0.07647979213858117, "T3": 0.09920728998679851, "T5": 0.05820569880771475, "U1": 15.75275559529632, "U5": 14.966980691710443}, "datetime": {"datetime": "2021-03-05 14:11:46", "elapsed": 3930.558919, "delta": 5.863846}}
{"target": 0.29123768621397234, "params": {"T1": 0.12662387655546667, "T3": 0.07521982003227837, "T5": 0.14118171648466243, "U1": 12.102796842260492, "U5": 13.536371886225398}, "datetime": {"datetime": "2021-03-05 14:11:52", "elapsed": 3936.828235, "delta": 6.269316}}
{"target": 0.21699179313733458, "params": {"T1": 0.11988796116402524, "T3": 0.10957172157097084, "T5": 0.12357354483170635, "U1": 12.861754714275774, "U5": 12.47143174490297}, "datetime": {"datetime": "2021-03-05 14:12:01", "elapsed": 3945.435929, "delta": 8.607694}}
{"target": 0.15770443089780212, "params": {"T1": 0.112522081697251, "T3": 0.12216994472807403, "T5": 0.12734780254793643, "U1": 15.329372720390328, "U5": 16.5265778454579}, "datetime": {"datetime": "2021-03-05 14:12:08", "elapsed": 3952.613752, "delta": 7.177823}}
{"target": 0.14995133160029836, "params": {"T1": 0.10213441105164225, "T3": 0.08418584590214566, "T5": 0.0972942806672642, "U1": 14.997163149911833, "U5": 13.562967899325745}, "datetime": {"datetime": "2021-03-05 14:12:14", "elapsed": 3958.531196, "delta": 5.917444}}
{"target": 0.5401777956416826, "params": {"T1": 0.06074570043837762, "T3": 0.1366014070049263, "T5": 0.07552585260285757, "U1": 16.799380602073995, "U5": 16.91858277370691}, "datetime": {"datetime": "2021-03-05 14:12:19", "elapsed": 3964.001344, "delta": 5.470148}}
{"target": 0.4900538914068521, "params": {"T1": 0.12137184828637908, "T3": 0.10968003794934411, "T5": 0.11261479333636666, "U1": 18.033132260595007, "U5": 17.787098345997197}, "datetime": {"datetime": "2021-03-05 14:12:26", "elapsed": 3970.410655, "delta": 6.409311}}
{"target": 0.6973535057371331, "params": {"T1": 0.09388855615656272, "T3": 0.1399733395472721, "T5": 0.09357719543601342, "U1": 13.49939973187754, "U5": 18.74028013903255}, "datetime": {"datetime": "2021-03-05 14:12:31", "elapsed": 3975.914164, "delta": 5.503509}}
{"target": 0.26363883407602484, "params": {"T1": 0.08999954943782117, "T3": 0.0726963158932487, "T5": 0.12960548946132433, "U1": 15.148144250295804, "U5": 12.050987502920009}, "datetime": {"datetime": "2021-03-05 14:12:37", "elapsed": 3981.507207, "delta": 5.593043}}
{"target": 0.18059259935636368, "params": {"T1": 0.1447489379888673, "T3": 0.11937120510675843, "T5": 0.09248125166637622, "U1": 18.67372615575334, "U5": 14.499552236657873}, "datetime": {"datetime": "2021-03-05 14:12:43", "elapsed": 3987.582082, "delta": 6.074875}}
{"target": 0.170382378951354, "params": {"T1": 0.13308704846871344, "T3": 0.09177100595387613, "T5": 0.10758373203189352, "U1": 16.001418726328847, "U5": 15.977828098015962}, "datetime": {"datetime": "2021-03-05 14:12:53", "elapsed": 3997.511409, "delta": 9.929327}}
{"target": 0.18226893709260056, "params": {"T1": 0.05507873816422526, "T3": 0.1220627121432527, "T5": 0.0941126482439198, "U1": 14.713095777755171, "U5": 12.254338551649042}, "datetime": {"datetime": "2021-03-05 14:12:58", "elapsed": 4003.0963, "delta": 5.584891}}
{"target": 0.43066610670353206, "params": {"T1": 0.11066414459578916, "T3": 0.07445240247967769, "T5": 0.07669220083290265, "U1": 18.199041789488113, "U5": 13.254090532814295}, "datetime": {"datetime": "2021-03-05 14:13:04", "elapsed": 4008.921709, "delta": 5.825409}}
{"target": 0.25066724332257245, "params": {"T1": 0.0758688593092772, "T3": 0.12810124255747396, "T5": 0.13541704204288463, "U1": 13.452940403496726, "U5": 12.555861604942379}, "datetime": {"datetime": "2021-03-05 14:13:10", "elapsed": 4014.598158, "delta": 5.676449}}
{"target": 0.29116493713438385, "params": {"T1": 0.10492115057173823, "T3": 0.061970610750501656, "T5": 0.09165906487163046, "U1": 12.730023580948197, "U5": 13.633870693046141}, "datetime": {"datetime": "2021-03-05 14:13:16", "elapsed": 4020.923554, "delta": 6.325396}}
{"target": 0.16288793667827453, "params": {"T1": 0.08368863781500566, "T3": 0.09810811242696582, "T5": 0.05515776331014788, "U1": 15.905748410807657, "U5": 15.60899857951209}, "datetime": {"datetime": "2021-03-05 14:13:31", "elapsed": 4035.269946, "delta": 14.346392}}
{"target": 0.1977100365457779, "params": {"T1": 0.053372253119207194, "T3": 0.11266030183545407, "T5": 0.07412002588745957, "U1": 12.17182906023782, "U5": 15.33491940160416}, "datetime": {"datetime": "2021-03-05 14:13:37", "elapsed": 4041.322768, "delta": 6.052822}}
{"target": 0.21873831360648757, "params": {"T1": 0.13459375999099693, "T3": 0.08550260895093374, "T5": 0.12987645478939713, "U1": 12.232707353307482, "U5": 19.448715594120873}, "datetime": {"datetime": "2021-03-05 14:13:41", "elapsed": 4046.118511, "delta": 4.795743}}
{"target": 0.3383797500882392, "params": {"T1": 0.07366153076147808, "T3": 0.10585334728036537, "T5": 0.06414927399919887, "U1": 16.06427868458472, "U5": 12.045808621888632}, "datetime": {"datetime": "2021-03-05 14:13:51", "elapsed": 4055.556613, "delta": 9.438102}}
{"target": 0.27803951998287946, "params": {"T1": 0.07783913861702285, "T3": 0.10410804826632863, "T5": 0.14889623812715863, "U1": 13.912075271387831, "U5": 16.451910831633644}, "datetime": {"datetime": "2021-03-05 14:13:57", "elapsed": 4061.885403, "delta": 6.32879}}
{"target": 0.29574851921689066, "params": {"T1": 0.09366078006436011, "T3": 0.0736023836380192, "T5": 0.05165198914607334, "U1": 12.035105728961597, "U5": 15.724992679125304}, "datetime": {"datetime": "2021-03-05 14:14:03", "elapsed": 4067.597332, "delta": 5.711929}}
{"target": 0.2459773461860926, "params": {"T1": 0.09588826905481562, "T3": 0.09086470578865903, "T5": 0.053066373435098894, "U1": 14.251725189349596, "U5": 16.852752296481253}, "datetime": {"datetime": "2021-03-05 14:14:08", "elapsed": 4072.794995, "delta": 5.197663}}
{"target": 0.15193676031731868, "params": {"T1": 0.102439291955712, "T3": 0.08505423916293214, "T5": 0.10273061366393119, "U1": 18.16615270120672, "U5": 13.616670492399967}, "datetime": {"datetime": "2021-03-05 14:14:14", "elapsed": 4078.740552, "delta": 5.945557}}
{"target": 0.19305089648072354, "params": {"T1": 0.11405317594026453, "T3": 0.0853402132617964, "T5": 0.10894857949005107, "U1": 12.156938086131003, "U5": 16.151095793152912}, "datetime": {"datetime": "2021-03-05 14:14:20", "elapsed": 4084.543913, "delta": 5.803361}}
{"target": 0.14426200585670804, "params": {"T1": 0.13871725406230637, "T3": 0.1361587979493502, "T5": 0.0998560519575145, "U1": 16.99750064352605, "U5": 17.02792270177689}, "datetime": {"datetime": "2021-03-05 14:14:30", "elapsed": 4095.096453, "delta": 10.55254}}
{"target": 0.21739470480373474, "params": {"T1": 0.11675736050664275, "T3": 0.12280308120247248, "T5": 0.0679900150913301, "U1": 15.711658316427426, "U5": 15.616048814534121}, "datetime": {"datetime": "2021-03-05 14:14:41", "elapsed": 4105.286568, "delta": 10.190115}}
{"target": 0.2442125336249498, "params": {"T1": 0.08463186671267954, "T3": 0.0540259695518413, "T5": 0.10578203854006729, "U1": 19.858610586697047, "U5": 18.785093825714345}, "datetime": {"datetime": "2021-03-05 14:14:46", "elapsed": 4110.706157, "delta": 5.419589}}
{"target": 0.1384389400735127, "params": {"T1": 0.13938371615416484, "T3": 0.0807048089424488, "T5": 0.09647077706920451, "U1": 15.334270867560294, "U5": 13.629290397318444}, "datetime": {"datetime": "2021-03-05 14:14:51", "elapsed": 4115.603626, "delta": 4.897469}}
{"target": 0.12067535539509307, "params": {"T1": 0.1333509269843884, "T3": 0.0956644601526, "T5": 0.11267960569398044, "U1": 18.00408260429344, "U5": 13.114910515400474}, "datetime": {"datetime": "2021-03-05 14:15:01", "elapsed": 4125.200561, "delta": 9.596935}}
{"target": 0.7160787407804873, "params": {"T1": 0.08844582988002016, "T3": 0.12436953297053684, "T5": 0.07154559568765878, "U1": 12.215515305843839, "U5": 19.45587489410663}, "datetime": {"datetime": "2021-03-05 14:15:06", "elapsed": 4130.392355, "delta": 5.191794}}
{"target": 0.15221869012703698, "params": {"T1": 0.061921870628992216, "T3": 0.0691482378301629, "T5": 0.0953258931862994, "U1": 14.034244703705765, "U5": 14.574206357965185}, "datetime": {"datetime": "2021-03-05 14:15:19", "elapsed": 4143.325562, "delta": 12.933207}}
{"target": 0.6690491630927041, "params": {"T1": 0.06111596161617549, "T3": 0.09430604433180267, "T5": 0.08023963049174933, "U1": 12.433746356844694, "U5": 15.13979594584016}, "datetime": {"datetime": "2021-03-05 14:15:25", "elapsed": 4149.413108, "delta": 6.087546}}
