{"target": 0.17583693771960554, "params": {"T1": 0.13541883984141345, "T3": 0.06343547870903732, "T5": 0.06529770023240225, "U1": 14.275554439977398, "U5": 14.165637648667543}, "datetime": {"datetime": "2021-03-04 16:22:09", "elapsed": 1162.857154, "delta": 2.854048}}
{"target": 0.21584704052533288, "params": {"T1": 0.09866892224920656, "T3": 0.12153118085972345, "T5": 0.1012319675144, "U1": 18.138712785025675, "U5": 13.428691935444402}, "datetime": {"datetime": "2021-03-04 16:22:14", "elapsed": 1167.502607, "delta": 4.645453}}
{"target": 0.2364070515498474, "params": {"T1": 0.1339285948967855, "T3": 0.09493955862328074, "T5": 0.09448476899668472, "U1": 16.91568461192351, "U5": 17.51004494055903}, "datetime": {"datetime": "2021-03-04 16:22:18", "elapsed": 1171.31699, "delta": 3.814383}}
{"target": 0.18386675823624887, "params": {"T1": 0.09622725020006427, "T3": 0.08470736575253265, "T5": 0.13827333411065576, "U1": 16.676533581370037, "U5": 12.855830248404558}, "datetime": {"datetime": "2021-03-04 16:22:20", "elapsed": 1173.956062, "delta": 2.639072}}
{"target": 0.217443769988843, "params": {"T1": 0.0955511382449919, "T3": 0.07492134221027627, "T5": 0.08077052149928841, "U1": 19.125541837629335, "U5": 13.5479926351302}, "datetime": {"datetime": "2021-03-04 16:22:23", "elapsed": 1176.393491, "delta": 2.437429}}
{"target": 0.41429084264021904, "params": {"T1": 0.11510971274892003, "T3": 0.09624831880215982, "T5": 0.08840379419135438, "U1": 19.400628511960324, "U5": 16.196820409365987}, "datetime": {"datetime": "2021-03-04 16:22:25", "elapsed": 1179.175265, "delta": 2.781774}}
{"target": 0.14178829615928473, "params": {"T1": 0.10221367075407231, "T3": 0.14719662956048685, "T5": 0.07866746292133645, "U1": 18.299457111057073, "U5": 18.43970999379428}, "datetime": {"datetime": "2021-03-04 16:22:28", "elapsed": 1181.220508, "delta": 2.045243}}
{"target": 0.27826678806891075, "params": {"T1": 0.12257902147359678, "T3": 0.10444608458462598, "T5": 0.11982110102791485, "U1": 14.833923900953979, "U5": 14.74687067099938}, "datetime": {"datetime": "2021-03-04 16:22:30", "elapsed": 1183.938716, "delta": 2.718208}}
{"target": 0.40806167225226636, "params": {"T1": 0.13500281268790087, "T3": 0.13317703642965992, "T5": 0.05517636191621066, "U1": 19.013891674671164, "U5": 19.236000805837477}, "datetime": {"datetime": "2021-03-04 16:22:33", "elapsed": 1186.851856, "delta": 2.91314}}
{"target": 0.19026999814725087, "params": {"T1": 0.06943969122582086, "T3": 0.055969164847618526, "T5": 0.14716693577973472, "U1": 17.290163783218784, "U5": 16.36963310353402}, "datetime": {"datetime": "2021-03-04 16:22:35", "elapsed": 1189.092308, "delta": 2.240452}}
{"target": 0.28769786124287494, "params": {"T1": 0.08753670455219108, "T3": 0.10425445453753251, "T5": 0.09088339377946034, "U1": 19.855690042705636, "U5": 19.62943797679411}, "datetime": {"datetime": "2021-03-04 16:22:39", "elapsed": 1192.320212, "delta": 3.227904}}
{"target": 0.7508492813962452, "params": {"T1": 0.09984359984216507, "T3": 0.10735259530246338, "T5": 0.07305200854037884, "U1": 18.863467816054985, "U5": 13.75480255244171}, "datetime": {"datetime": "2021-03-04 16:22:42", "elapsed": 1195.550287, "delta": 3.230075}}
{"target": 1.1154856897529752, "params": {"T1": 0.1412991146748664, "T3": 0.13704412487537931, "T5": 0.06664299662242283, "U1": 17.86755968197848, "U5": 16.59800263379548}, "datetime": {"datetime": "2021-03-04 16:22:45", "elapsed": 1198.26551, "delta": 2.715223}}
{"target": 0.1934973402356336, "params": {"T1": 0.06560899002903445, "T3": 0.13600786344051607, "T5": 0.07222182046769597, "U1": 12.303999528172106, "U5": 12.517999782959905}, "datetime": {"datetime": "2021-03-04 16:22:48", "elapsed": 1201.699896, "delta": 3.434386}}
{"target": 0.21187866711174405, "params": {"T1": 0.08505473695499856, "T3": 0.0597704394482336, "T5": 0.09114981036739098, "U1": 16.207725757981628, "U5": 16.847812076340215}, "datetime": {"datetime": "2021-03-04 16:22:50", "elapsed": 1203.93903, "delta": 2.239134}}
{"target": 0.4202162204624312, "params": {"T1": 0.08901058392000148, "T3": 0.14588975517668673, "T5": 0.09678277013322556, "U1": 18.60980318084654, "U5": 17.37781246921007}, "datetime": {"datetime": "2021-03-04 16:22:54", "elapsed": 1207.385908, "delta": 3.446878}}
{"target": 0.2773211231834975, "params": {"T1": 0.13388740586626297, "T3": 0.09473956034044027, "T5": 0.13623779565945757, "U1": 13.111379144251266, "U5": 12.394012267921447}, "datetime": {"datetime": "2021-03-04 16:22:56", "elapsed": 1209.659043, "delta": 2.273135}}
{"target": 0.37219313251539593, "params": {"T1": 0.09108091038204433, "T3": 0.07849817180413035, "T5": 0.09509515532233517, "U1": 17.66126291351995, "U5": 18.141804489751724}, "datetime": {"datetime": "2021-03-04 16:22:58", "elapsed": 1212.147138, "delta": 2.488095}}
{"target": 0.14204835929225318, "params": {"T1": 0.1083178268907237, "T3": 0.06320666494173183, "T5": 0.07477325425561443, "U1": 15.244162925223755, "U5": 17.41460210749966}, "datetime": {"datetime": "2021-03-04 16:23:01", "elapsed": 1214.585501, "delta": 2.438363}}
{"target": 0.20316179718921787, "params": {"T1": 0.08428479104772764, "T3": 0.1154595582211617, "T5": 0.09655996763673035, "U1": 17.392046659506228, "U5": 15.50130073860631}, "datetime": {"datetime": "2021-03-04 16:23:04", "elapsed": 1217.339632, "delta": 2.754131}}
{"target": 0.4716976265680782, "params": {"T1": 0.06702744192048418, "T3": 0.1246732872035345, "T5": 0.06668385302681613, "U1": 19.042774470506153, "U5": 12.95089942461928}, "datetime": {"datetime": "2021-03-04 16:23:08", "elapsed": 1221.311436, "delta": 3.971804}}
{"target": 0.21451105122090655, "params": {"T1": 0.08016040273702908, "T3": 0.13933456020085605, "T5": 0.13720785046673856, "U1": 16.516159005909394, "U5": 18.94328262607617}, "datetime": {"datetime": "2021-03-04 16:23:11", "elapsed": 1224.304336, "delta": 2.9929}}
{"target": 0.5204020030413752, "params": {"T1": 0.13531636429041946, "T3": 0.09175105640926037, "T5": 0.05683074190206399, "U1": 16.336488575287202, "U5": 13.782086788317912}, "datetime": {"datetime": "2021-03-04 16:23:13", "elapsed": 1227.144684, "delta": 2.840348}}
{"target": 0.17750930063801146, "params": {"T1": 0.06666741231493935, "T3": 0.1473941564089783, "T5": 0.13558179919088056, "U1": 18.08154072803675, "U5": 19.6949982391945}, "datetime": {"datetime": "2021-03-04 16:23:17", "elapsed": 1231.134406, "delta": 3.989722}}
{"target": 0.5053229982123901, "params": {"T1": 0.09798879280829936, "T3": 0.11910940249545122, "T5": 0.124103247669296, "U1": 12.81806441399422, "U5": 13.740088658421147}, "datetime": {"datetime": "2021-03-04 16:23:21", "elapsed": 1234.374697, "delta": 3.240291}}
{"target": 1.242954658933559, "params": {"T1": 0.07185617453583405, "T3": 0.12267074675775959, "T5": 0.06456841781438025, "U1": 15.053056761467253, "U5": 18.527292349096378}, "datetime": {"datetime": "2021-03-04 16:23:25", "elapsed": 1238.948092, "delta": 4.573395}}
{"target": 0.1827639675114793, "params": {"T1": 0.1497725399558134, "T3": 0.14493200550645294, "T5": 0.060440150521113824, "U1": 17.864516959890572, "U5": 16.623964720356263}, "datetime": {"datetime": "2021-03-04 16:23:29", "elapsed": 1242.359776, "delta": 3.411684}}
{"target": 0.13652324755042997, "params": {"T1": 0.10130267924980005, "T3": 0.09557470437103487, "T5": 0.082715852774562, "U1": 12.887742734899405, "U5": 13.537677228257756}, "datetime": {"datetime": "2021-03-04 16:23:31", "elapsed": 1245.130763, "delta": 2.770987}}
{"target": 0.2423726464823408, "params": {"T1": 0.11407727528490909, "T3": 0.0918827777379249, "T5": 0.07107223174671799, "U1": 12.202038818025382, "U5": 16.204686187104954}, "datetime": {"datetime": "2021-03-04 16:23:34", "elapsed": 1247.428415, "delta": 2.297652}}
{"target": 0.3083903945765825, "params": {"T1": 0.06167406449579718, "T3": 0.052944314156680265, "T5": 0.12110868913365193, "U1": 17.00292358621025, "U5": 13.346203056424951}, "datetime": {"datetime": "2021-03-04 16:23:36", "elapsed": 1249.675747, "delta": 2.247332}}
{"target": 0.3898021976745393, "params": {"T1": 0.09886198503564791, "T3": 0.06302745144957446, "T5": 0.05875886254729713, "U1": 15.603950359942642, "U5": 19.486433137345585}, "datetime": {"datetime": "2021-03-04 16:23:38", "elapsed": 1251.803406, "delta": 2.127659}}
{"target": 0.4605968981673895, "params": {"T1": 0.09312330409551658, "T3": 0.07434886356522713, "T5": 0.12751135583908213, "U1": 16.305197252012025, "U5": 16.09451942468008}, "datetime": {"datetime": "2021-03-04 16:23:40", "elapsed": 1254.048424, "delta": 2.245018}}
{"target": 0.1936045087128857, "params": {"T1": 0.10450810117064988, "T3": 0.1320049828041827, "T5": 0.07097075743688364, "U1": 16.29470209369005, "U5": 12.363591402464834}, "datetime": {"datetime": "2021-03-04 16:23:43", "elapsed": 1256.395315, "delta": 2.346891}}
{"target": 0.292216752595655, "params": {"T1": 0.05779090261157961, "T3": 0.09958593368405665, "T5": 0.12989576928545588, "U1": 13.561110485062871, "U5": 17.32936039369331}, "datetime": {"datetime": "2021-03-04 16:23:45", "elapsed": 1258.660934, "delta": 2.265619}}
{"target": 0.1416378324969249, "params": {"T1": 0.10237581054149868, "T3": 0.07691732486037614, "T5": 0.09636791199813043, "U1": 16.7352276979561, "U5": 18.4438597986713}, "datetime": {"datetime": "2021-03-04 16:23:49", "elapsed": 1262.410092, "delta": 3.749158}}
{"target": 0.25848022976001767, "params": {"T1": 0.07287690731932447, "T3": 0.06828871369268937, "T5": 0.13889553173126618, "U1": 15.485983671765151, "U5": 14.038305495514514}, "datetime": {"datetime": "2021-03-04 16:23:51", "elapsed": 1264.987156, "delta": 2.577064}}
{"target": 0.23251137119938617, "params": {"T1": 0.07132510622405266, "T3": 0.12045735067245665, "T5": 0.1093666793999568, "U1": 12.306962647737885, "U5": 12.527956455533172}, "datetime": {"datetime": "2021-03-04 16:23:56", "elapsed": 1269.797638, "delta": 4.810482}}
{"target": 0.21250750377754185, "params": {"T1": 0.12168486637293079, "T3": 0.13758829473697598, "T5": 0.05436377130790815, "U1": 19.91956249157376, "U5": 15.707721621407721}, "datetime": {"datetime": "2021-03-04 16:23:58", "elapsed": 1272.197451, "delta": 2.399813}}
{"target": 0.16913080673019207, "params": {"T1": 0.12163861270656864, "T3": 0.13377260209132685, "T5": 0.06863456642600611, "U1": 13.021045973187615, "U5": 15.631101108315228}, "datetime": {"datetime": "2021-03-04 16:24:01", "elapsed": 1274.217623, "delta": 2.020172}}
{"target": 0.19756044640377732, "params": {"T1": 0.06170815862068335, "T3": 0.10147633605412099, "T5": 0.07147223134566236, "U1": 15.26556183478175, "U5": 14.079047737436934}, "datetime": {"datetime": "2021-03-04 16:24:03", "elapsed": 1277.111922, "delta": 2.894299}}
{"target": 0.3998589159399276, "params": {"T1": 0.07052975500530537, "T3": 0.07516614851781175, "T5": 0.09551071648078861, "U1": 19.826123987674634, "U5": 12.316552363563067}, "datetime": {"datetime": "2021-03-04 16:24:06", "elapsed": 1279.453988, "delta": 2.342066}}
{"target": 0.2521454085467488, "params": {"T1": 0.09799513980813311, "T3": 0.12171869603539999, "T5": 0.09921656809830764, "U1": 13.637327193688419, "U5": 16.939221037980694}, "datetime": {"datetime": "2021-03-04 16:24:08", "elapsed": 1281.974146, "delta": 2.520158}}
{"target": 0.4507889479511822, "params": {"T1": 0.11427611337890449, "T3": 0.1271091200769277, "T5": 0.11986169198881531, "U1": 19.134823118423686, "U5": 17.070682783141113}, "datetime": {"datetime": "2021-03-04 16:24:11", "elapsed": 1284.404139, "delta": 2.429993}}
{"target": 0.12313462431710807, "params": {"T1": 0.10334809381245529, "T3": 0.05551253896470962, "T5": 0.11657163940521201, "U1": 14.262301399051218, "U5": 17.982017271242263}, "datetime": {"datetime": "2021-03-04 16:24:13", "elapsed": 1286.542985, "delta": 2.138846}}
{"target": 0.7681333457862546, "params": {"T1": 0.12078015731131742, "T3": 0.12375109731320438, "T5": 0.11711185078188448, "U1": 17.171059530365604, "U5": 18.94891412908566}, "datetime": {"datetime": "2021-03-04 16:24:15", "elapsed": 1288.772597, "delta": 2.229612}}
{"target": 0.14057849739156986, "params": {"T1": 0.14616397682254628, "T3": 0.05953397861891568, "T5": 0.06491954501734618, "U1": 17.217119323883445, "U5": 18.447464011273794}, "datetime": {"datetime": "2021-03-04 16:24:19", "elapsed": 1292.833208, "delta": 4.060611}}
{"target": 0.24967919574088512, "params": {"T1": 0.062151301633457404, "T3": 0.09444429047733957, "T5": 0.05700753825617682, "U1": 15.005978333153829, "U5": 13.055770680513731}, "datetime": {"datetime": "2021-03-04 16:24:23", "elapsed": 1296.54443, "delta": 3.711222}}
{"target": 0.4961007457677087, "params": {"T1": 0.1074949025713818, "T3": 0.13700182396447966, "T5": 0.07411263484957828, "U1": 18.738320022266443, "U5": 14.325183022442559}, "datetime": {"datetime": "2021-03-04 16:24:27", "elapsed": 1300.264791, "delta": 3.720361}}
{"target": 0.261688624311682, "params": {"T1": 0.06711288361411662, "T3": 0.1067508141511026, "T5": 0.12767442689159775, "U1": 16.269855989457323, "U5": 19.582411338032987}, "datetime": {"datetime": "2021-03-04 16:24:29", "elapsed": 1302.648427, "delta": 2.383636}}
{"target": 0.35806303313351057, "params": {"T1": 0.06362045318477201, "T3": 0.11782340434364365, "T5": 0.09951299722936013, "U1": 19.917325843186852, "U5": 12.312521652248552}, "datetime": {"datetime": "2021-03-04 16:24:31", "elapsed": 1304.943143, "delta": 2.294716}}
{"target": 0.4215234023535201, "params": {"T1": 0.06825296466223026, "T3": 0.06917033296271594, "T5": 0.05453286476864853, "U1": 18.645305917180185, "U5": 18.87437043537667}, "datetime": {"datetime": "2021-03-04 16:24:37", "elapsed": 1310.212968, "delta": 5.269825}}
{"target": 0.7183519125680249, "params": {"T1": 0.09391223472931123, "T3": 0.13786481194100958, "T5": 0.06083087308140722, "U1": 18.522867114624297, "U5": 17.123114201923052}, "datetime": {"datetime": "2021-03-04 16:24:40", "elapsed": 1314.208074, "delta": 3.995106}}
{"target": 0.45025813579114615, "params": {"T1": 0.09714979837640401, "T3": 0.09868374198464397, "T5": 0.07320532097380633, "U1": 16.89059567191356, "U5": 17.50133869380022}, "datetime": {"datetime": "2021-03-04 16:24:45", "elapsed": 1318.72255, "delta": 4.514476}}
{"target": 0.24546007615280827, "params": {"T1": 0.1419683490901304, "T3": 0.07284556880567276, "T5": 0.05690152152685429, "U1": 15.961257475949822, "U5": 13.764214437601575}, "datetime": {"datetime": "2021-03-04 16:24:48", "elapsed": 1321.407536, "delta": 2.684986}}
{"target": 0.1875002486723924, "params": {"T1": 0.12275668307800647, "T3": 0.056445846319434646, "T5": 0.08839094549095283, "U1": 13.905773598380263, "U5": 19.622890922002156}, "datetime": {"datetime": "2021-03-04 16:24:50", "elapsed": 1323.788872, "delta": 2.381336}}
{"target": 0.17422616290836493, "params": {"T1": 0.09665509286419088, "T3": 0.0579801515069806, "T5": 0.13881647687731422, "U1": 13.600438948845836, "U5": 18.028766129511382}, "datetime": {"datetime": "2021-03-04 16:24:53", "elapsed": 1326.29791, "delta": 2.509038}}
{"target": 0.2865677755651198, "params": {"T1": 0.07503519849384944, "T3": 0.14653556710420068, "T5": 0.11134374576762833, "U1": 18.633763731336998, "U5": 17.370631037180758}, "datetime": {"datetime": "2021-03-04 16:24:58", "elapsed": 1331.708182, "delta": 5.410272}}
{"target": 0.616832716332537, "params": {"T1": 0.11927549296504254, "T3": 0.1459364703919871, "T5": 0.09664945429086308, "U1": 19.845316236699354, "U5": 15.756409108971647}, "datetime": {"datetime": "2021-03-04 16:25:01", "elapsed": 1334.25151, "delta": 2.543328}}
{"target": 0.1315444984508119, "params": {"T1": 0.14283554842753168, "T3": 0.07601718287363637, "T5": 0.10955910591626791, "U1": 15.500339664223315, "U5": 15.600280191211183}, "datetime": {"datetime": "2021-03-04 16:25:03", "elapsed": 1336.61801, "delta": 2.3665}}
{"target": 0.2788281752012552, "params": {"T1": 0.056058654912594576, "T3": 0.08829003525763199, "T5": 0.06329491956699662, "U1": 18.05492591189245, "U5": 18.036864431996968}, "datetime": {"datetime": "2021-03-04 16:25:09", "elapsed": 1342.470895, "delta": 5.852885}}
{"target": 0.45733285137948737, "params": {"T1": 0.13191477534089288, "T3": 0.1159666850527232, "T5": 0.06704891158849818, "U1": 17.83098364128316, "U5": 15.627964322190234}, "datetime": {"datetime": "2021-03-04 16:25:11", "elapsed": 1344.611051, "delta": 2.140156}}
{"target": 0.18495223311134412, "params": {"T1": 0.06900572434684099, "T3": 0.052015882637033564, "T5": 0.08811574761109367, "U1": 18.21990762462592, "U5": 15.598221029087934}, "datetime": {"datetime": "2021-03-04 16:25:13", "elapsed": 1346.98116, "delta": 2.370109}}
{"target": 0.26102584366555776, "params": {"T1": 0.14325418321174943, "T3": 0.10995371462922807, "T5": 0.06969380895001902, "U1": 14.137049698364557, "U5": 13.038702188362436}, "datetime": {"datetime": "2021-03-04 16:25:16", "elapsed": 1349.920857, "delta": 2.939697}}
{"target": 0.16639581920764174, "params": {"T1": 0.08079017851502175, "T3": 0.114750041464626, "T5": 0.07703929320633326, "U1": 15.574564072691906, "U5": 18.062730674493707}, "datetime": {"datetime": "2021-03-04 16:25:22", "elapsed": 1355.905176, "delta": 5.984319}}
{"target": 0.2074716231891303, "params": {"T1": 0.13493961438749658, "T3": 0.13508248106308424, "T5": 0.13731548233200286, "U1": 12.956426773429804, "U5": 16.576038341395712}, "datetime": {"datetime": "2021-03-04 16:25:27", "elapsed": 1360.671566, "delta": 4.76639}}
{"target": 0.17859309845152183, "params": {"T1": 0.14568794242785243, "T3": 0.09120813638366516, "T5": 0.11989813649274027, "U1": 17.419248099028497, "U5": 19.332820129685164}, "datetime": {"datetime": "2021-03-04 16:25:32", "elapsed": 1365.563211, "delta": 4.891645}}
{"target": 0.2659733380007025, "params": {"T1": 0.14102270172541653, "T3": 0.053425458810515115, "T5": 0.14019567369877506, "U1": 13.275091718727943, "U5": 15.186371832048279}, "datetime": {"datetime": "2021-03-04 16:25:34", "elapsed": 1367.866852, "delta": 2.303641}}
{"target": 0.1603025567872229, "params": {"T1": 0.05697975873659658, "T3": 0.13552976533465227, "T5": 0.1377971275952541, "U1": 15.284687497738098, "U5": 16.663672762672086}, "datetime": {"datetime": "2021-03-04 16:25:37", "elapsed": 1370.678114, "delta": 2.811262}}
{"target": 0.8399008404832071, "params": {"T1": 0.11326331476130196, "T3": 0.11391400765885666, "T5": 0.1140107464529902, "U1": 19.302243017867475, "U5": 14.22054264967344}, "datetime": {"datetime": "2021-03-04 16:25:39", "elapsed": 1373.194333, "delta": 2.516219}}
{"target": 0.566148128162085, "params": {"T1": 0.14883472103756212, "T3": 0.10374290252822682, "T5": 0.11987527322672453, "U1": 19.37360086679198, "U5": 16.27317141928598}, "datetime": {"datetime": "2021-03-04 16:25:43", "elapsed": 1376.543764, "delta": 3.349431}}
{"target": 0.22138172048331412, "params": {"T1": 0.11098305927943836, "T3": 0.08161914362209985, "T5": 0.06328460793256072, "U1": 17.939269989430002, "U5": 16.505478294068162}, "datetime": {"datetime": "2021-03-04 16:25:45", "elapsed": 1378.806913, "delta": 2.263149}}
{"target": 0.30645643241843806, "params": {"T1": 0.07579368756215807, "T3": 0.1210788229713523, "T5": 0.13684623867654827, "U1": 14.000910242748818, "U5": 14.263835356281998}, "datetime": {"datetime": "2021-03-04 16:25:51", "elapsed": 1384.597805, "delta": 5.790892}}
{"target": 0.21677013528657313, "params": {"T1": 0.0876074382282131, "T3": 0.11956747111855678, "T5": 0.05141329010031052, "U1": 18.045154882874762, "U5": 17.71704828746806}, "datetime": {"datetime": "2021-03-04 16:25:53", "elapsed": 1387.039027, "delta": 2.441222}}
{"target": 0.19490004318914603, "params": {"T1": 0.06902058487503755, "T3": 0.07968157081805785, "T5": 0.106183460208398, "U1": 12.152230935776373, "U5": 16.822184786244257}, "datetime": {"datetime": "2021-03-04 16:26:01", "elapsed": 1394.318652, "delta": 7.279625}}
{"target": 0.22943194373277898, "params": {"T1": 0.08323376153850226, "T3": 0.08891819160318803, "T5": 0.07440285390615223, "U1": 17.827925237815812, "U5": 17.016338712329222}, "datetime": {"datetime": "2021-03-04 16:26:05", "elapsed": 1399.124578, "delta": 4.805926}}
{"target": 0.20294980919478445, "params": {"T1": 0.08885795526303865, "T3": 0.05554433854028593, "T5": 0.14364885879667183, "U1": 19.843459238455996, "U5": 15.994709156493501}, "datetime": {"datetime": "2021-03-04 16:26:08", "elapsed": 1401.961393, "delta": 2.836815}}
{"target": 0.14592196456905518, "params": {"T1": 0.12967699486500261, "T3": 0.14749737247072756, "T5": 0.09969649933613936, "U1": 19.084866470767658, "U5": 15.603501826233298}, "datetime": {"datetime": "2021-03-04 16:26:11", "elapsed": 1404.884418, "delta": 2.923025}}
{"target": 0.18029122724261804, "params": {"T1": 0.11132914260585634, "T3": 0.06343221718777985, "T5": 0.14663585871003498, "U1": 19.509142370885904, "U5": 15.167344517317972}, "datetime": {"datetime": "2021-03-04 16:26:14", "elapsed": 1408.061474, "delta": 3.177056}}
{"target": 0.15308067961583718, "params": {"T1": 0.08321735200397655, "T3": 0.0689142017790797, "T5": 0.060984966961529524, "U1": 12.726006295099577, "U5": 18.677865384757656}, "datetime": {"datetime": "2021-03-04 16:26:20", "elapsed": 1413.862762, "delta": 5.801288}}
{"target": 0.26084957689652494, "params": {"T1": 0.10324018432488963, "T3": 0.08108154244427881, "T5": 0.0747398525496183, "U1": 15.637178250288844, "U5": 18.97472576667639}, "datetime": {"datetime": "2021-03-04 16:26:25", "elapsed": 1418.810491, "delta": 4.947729}}
{"target": 0.14951385065269387, "params": {"T1": 0.09896035871976915, "T3": 0.05225409184421598, "T5": 0.05591045502004599, "U1": 12.059310135104056, "U5": 12.92277139208284}, "datetime": {"datetime": "2021-03-04 16:26:28", "elapsed": 1421.802535, "delta": 2.992044}}
{"target": 0.15891979725893432, "params": {"T1": 0.12629383204737338, "T3": 0.12462196619877845, "T5": 0.07129135661241698, "U1": 13.079014942988714, "U5": 19.521684781095363}, "datetime": {"datetime": "2021-03-04 16:26:33", "elapsed": 1426.986507, "delta": 5.183972}}
