{"target": 0.30866182851729224, "params": {"T1": 0.10775156152534048, "T3": 0.05750572486957561, "T5": 0.12374004458054542, "U1": 16.68364492747822, "U5": 12.883517448382143}, "datetime": {"datetime": "2021-03-04 16:03:15", "elapsed": 28.573983, "delta": 0.431393}}
{"target": 0.44600836462973736, "params": {"T1": 0.06479579850756782, "T3": 0.100406602139178, "T5": 0.11497815530214474, "U1": 14.684763297042188, "U5": 16.999797119044878}, "datetime": {"datetime": "2021-03-04 16:03:16", "elapsed": 29.34317, "delta": 0.769187}}
{"target": 0.1871792225786812, "params": {"T1": 0.126917658163795, "T3": 0.11723902382755286, "T5": 0.0545849970466562, "U1": 18.44418066556858, "U5": 13.526160124534316}, "datetime": {"datetime": "2021-03-04 16:03:16", "elapsed": 30.003853, "delta": 0.660683}}
{"target": 0.27098396875301883, "params": {"T1": 0.13734811043360742, "T3": 0.05127430168155387, "T5": 0.057759930215501354, "U1": 19.63568787891939, "U5": 12.136674309440858}, "datetime": {"datetime": "2021-03-04 16:03:17", "elapsed": 30.435414, "delta": 0.431561}}
{"target": 0.33366307395311995, "params": {"T1": 0.111382713760519, "T3": 0.1392415741834071, "T5": 0.0556537426400774, "U1": 18.73980054060455, "U5": 14.312030636354933}, "datetime": {"datetime": "2021-03-04 16:03:18", "elapsed": 31.298412, "delta": 0.862998}}
{"target": 0.18894196504018887, "params": {"T1": 0.14255516100196358, "T3": 0.11976349116581063, "T5": 0.08318495954459913, "U1": 16.433067558623105, "U5": 16.690451522631484}, "datetime": {"datetime": "2021-03-04 16:03:18", "elapsed": 31.740156, "delta": 0.441744}}
{"target": 0.16476187246424145, "params": {"T1": 0.06355737377833479, "T3": 0.0786072245796796, "T5": 0.1337262077328623, "U1": 12.834725872851802, "U5": 17.645333510065555}, "datetime": {"datetime": "2021-03-04 16:03:18", "elapsed": 32.161365, "delta": 0.421209}}
{"target": 0.472196139270394, "params": {"T1": 0.061096256910803885, "T3": 0.07953066889263136, "T5": 0.07969729007586268, "U1": 18.094425993582384, "U5": 18.022910808628634}, "datetime": {"datetime": "2021-03-04 16:03:19", "elapsed": 32.759868, "delta": 0.598503}}
{"target": 0.1435787050577165, "params": {"T1": 0.137463960060648, "T3": 0.051289081144060694, "T5": 0.06334301750589966, "U1": 15.868563870323516, "U5": 16.673448616542046}, "datetime": {"datetime": "2021-03-04 16:03:19", "elapsed": 33.193138, "delta": 0.43327}}
{"target": 0.5468515603651759, "params": {"T1": 0.09524707111306946, "T3": 0.06025713203184718, "T5": 0.05541667764739701, "U1": 17.759739139987715, "U5": 14.464899505123492}, "datetime": {"datetime": "2021-03-04 16:03:20", "elapsed": 33.65796, "delta": 0.464822}}
{"target": 0.17499517130459932, "params": {"T1": 0.14786365681047614, "T3": 0.10768954867099384, "T5": 0.12217804683505358, "U1": 17.60088985098228, "U5": 15.546348543984168}, "datetime": {"datetime": "2021-03-04 16:03:20", "elapsed": 34.121453, "delta": 0.463493}}
{"target": 0.15022311293338184, "params": {"T1": 0.14893052676454438, "T3": 0.1420396252481534, "T5": 0.0619664048053194, "U1": 16.752786676572722, "U5": 13.62537708799178}, "datetime": {"datetime": "2021-03-04 16:03:21", "elapsed": 34.613355, "delta": 0.491902}}
{"target": 0.6673015141198838, "params": {"T1": 0.08207245796666403, "T3": 0.13212632134707097, "T5": 0.062213332355175836, "U1": 14.320408265141413, "U5": 15.46787135701583}, "datetime": {"datetime": "2021-03-04 16:03:22", "elapsed": 35.413555, "delta": 0.8002}}
{"target": 0.15502499117618956, "params": {"T1": 0.14827883890766325, "T3": 0.09939249218761323, "T5": 0.12494911381046699, "U1": 14.950391027598753, "U5": 12.727079899719406}, "datetime": {"datetime": "2021-03-04 16:03:22", "elapsed": 35.891124, "delta": 0.477569}}
{"target": 0.21359667580065772, "params": {"T1": 0.08938915179981735, "T3": 0.1400435188284704, "T5": 0.09923445877429597, "U1": 13.482541468926922, "U5": 12.396224623883203}, "datetime": {"datetime": "2021-03-04 16:03:23", "elapsed": 36.355443, "delta": 0.464319}}
{"target": 0.2624415876780068, "params": {"T1": 0.06844456281224637, "T3": 0.05368816327351529, "T5": 0.14987485156220573, "U1": 13.782894903437661, "U5": 16.06834224403123}, "datetime": {"datetime": "2021-03-04 16:03:23", "elapsed": 36.849585, "delta": 0.494142}}
{"target": 0.2596506122845344, "params": {"T1": 0.07208973103099267, "T3": 0.141744229539987, "T5": 0.09376735115214682, "U1": 12.951231756187168, "U5": 15.889639114457255}, "datetime": {"datetime": "2021-03-04 16:03:24", "elapsed": 37.724949, "delta": 0.875364}}
{"target": 0.31635012170547433, "params": {"T1": 0.051253308630307914, "T3": 0.07270388769938899, "T5": 0.13769728886467197, "U1": 17.427480592679938, "U5": 17.061588177518377}, "datetime": {"datetime": "2021-03-04 16:03:24", "elapsed": 38.201827, "delta": 0.476878}}
{"target": 0.18853767559981865, "params": {"T1": 0.11976945757925957, "T3": 0.10598227663497031, "T5": 0.09909929953825061, "U1": 18.038489787876216, "U5": 17.621194236717276}, "datetime": {"datetime": "2021-03-04 16:03:25", "elapsed": 39.18205, "delta": 0.980223}}
{"target": 0.2767108184122778, "params": {"T1": 0.08378278380897121, "T3": 0.12751909554768254, "T5": 0.11293215233112636, "U1": 13.854503919075462, "U5": 14.497181795622808}, "datetime": {"datetime": "2021-03-04 16:03:26", "elapsed": 40.063473, "delta": 0.881423}}
{"target": 0.9374875624309792, "params": {"T1": 0.08704969411153093, "T3": 0.12220215131840828, "T5": 0.05, "U1": 15.632192618249082, "U5": 15.613620895440643}, "datetime": {"datetime": "2021-03-04 16:03:27", "elapsed": 40.99993, "delta": 0.936457}}
{"target": 0.2245359677307609, "params": {"T1": 0.06486645797906886, "T3": 0.12837127382983787, "T5": 0.13189449639578654, "U1": 12.489400559797083, "U5": 14.315955476512135}, "datetime": {"datetime": "2021-03-04 16:03:28", "elapsed": 41.47909, "delta": 0.47916}}
{"target": 0.17255451992629073, "params": {"T1": 0.05867249270958044, "T3": 0.12407048344855463, "T5": 0.13098266345425097, "U1": 15.250805465294155, "U5": 14.269222381606419}, "datetime": {"datetime": "2021-03-04 16:03:29", "elapsed": 42.257329, "delta": 0.778239}}
{"target": 0.2022567796065748, "params": {"T1": 0.07918181344556202, "T3": 0.14470534251248773, "T5": 0.13344883053083312, "U1": 13.876015247260316, "U5": 19.091054205557562}, "datetime": {"datetime": "2021-03-04 16:03:29", "elapsed": 42.767491, "delta": 0.510162}}
{"target": 0.20019059198073397, "params": {"T1": 0.08866161201129533, "T3": 0.10084191382902125, "T5": 0.09327817239815162, "U1": 12.375569918406436, "U5": 18.072399078589456}, "datetime": {"datetime": "2021-03-04 16:03:30", "elapsed": 43.26514, "delta": 0.497649}}
{"target": 0.16210646464332595, "params": {"T1": 0.12900446073084554, "T3": 0.12827398155602776, "T5": 0.07313361704019769, "U1": 18.03427797659655, "U5": 17.623466942007042}, "datetime": {"datetime": "2021-03-04 16:03:31", "elapsed": 44.400551, "delta": 1.135411}}
{"target": 0.4344015027002389, "params": {"T1": 0.07193659891797075, "T3": 0.08970894721371955, "T5": 0.07554284162860361, "U1": 17.059281475718254, "U5": 16.275495141248857}, "datetime": {"datetime": "2021-03-04 16:03:31", "elapsed": 44.879905, "delta": 0.479354}}
{"target": 0.5182491842623487, "params": {"T1": 0.09759781307974617, "T3": 0.13245925794549573, "T5": 0.13051357355190318, "U1": 18.622967307280778, "U5": 18.93941546891307}, "datetime": {"datetime": "2021-03-04 16:03:32", "elapsed": 45.892449, "delta": 1.012544}}
{"target": 0.19160223806674517, "params": {"T1": 0.08476231589471891, "T3": 0.07973093855105028, "T5": 0.1094037760794643, "U1": 12.160961532474637, "U5": 16.819730533528077}, "datetime": {"datetime": "2021-03-04 16:03:33", "elapsed": 46.695167, "delta": 0.802718}}
{"target": 0.14250507607460067, "params": {"T1": 0.08230544995472029, "T3": 0.12250659594544572, "T5": 0.12315406905054213, "U1": 16.155707922143417, "U5": 19.97343826727115}, "datetime": {"datetime": "2021-03-04 16:03:33", "elapsed": 47.188347, "delta": 0.49318}}
{"target": 0.14001437400982952, "params": {"T1": 0.10369072328522647, "T3": 0.1316776971572376, "T5": 0.05661911133321517, "U1": 15.653508418479925, "U5": 15.61139344693392}, "datetime": {"datetime": "2021-03-04 16:03:34", "elapsed": 47.993444, "delta": 0.805097}}
{"target": 0.24899929628968334, "params": {"T1": 0.06573906143239847, "T3": 0.12564827720057542, "T5": 0.10955620722662554, "U1": 14.213881739414399, "U5": 19.3609290870302}, "datetime": {"datetime": "2021-03-04 16:03:35", "elapsed": 48.856654, "delta": 0.86321}}
{"target": 0.3263826250278994, "params": {"T1": 0.12433515587167532, "T3": 0.14837095624919971, "T5": 0.08706605521269616, "U1": 15.911096808272916, "U5": 18.58984232601519}, "datetime": {"datetime": "2021-03-04 16:03:37", "elapsed": 50.409084, "delta": 1.55243}}
{"target": 0.9717885157314303, "params": {"T1": 0.09982857023450448, "T3": 0.09288922781517372, "T5": 0.0671765807749669, "U1": 16.896772422745613, "U5": 17.49364006734298}, "datetime": {"datetime": "2021-03-04 16:03:37", "elapsed": 50.925162, "delta": 0.516078}}
{"target": 0.19472005095503422, "params": {"T1": 0.12060148478837952, "T3": 0.122951775466998, "T5": 0.07201166222861666, "U1": 17.376145493722824, "U5": 12.875076859837616}, "datetime": {"datetime": "2021-03-04 16:03:38", "elapsed": 51.764178, "delta": 0.839016}}
{"target": 0.3257442017161544, "params": {"T1": 0.08904087601407332, "T3": 0.11124836434098875, "T5": 0.08432137846519266, "U1": 15.554290274996337, "U5": 18.089563679731377}, "datetime": {"datetime": "2021-03-04 16:03:39", "elapsed": 52.740817, "delta": 0.976639}}
{"target": 0.18934354471507625, "params": {"T1": 0.09607989170078876, "T3": 0.07197256293824211, "T5": 0.05725268026808882, "U1": 19.636403852554075, "U5": 12.834437201139743}, "datetime": {"datetime": "2021-03-04 16:03:40", "elapsed": 53.220534, "delta": 0.479717}}
{"target": 0.2539733649378482, "params": {"T1": 0.12270718070728726, "T3": 0.14661345986842655, "T5": 0.09863941242570937, "U1": 19.038101721973753, "U5": 15.49263936582393}, "datetime": {"datetime": "2021-03-04 16:03:40", "elapsed": 54.053522, "delta": 0.832988}}
{"target": 0.17397118391005859, "params": {"T1": 0.14797121063075952, "T3": 0.10095431711415856, "T5": 0.13325041914254193, "U1": 18.84050022495793, "U5": 18.585799391456256}, "datetime": {"datetime": "2021-03-04 16:03:41", "elapsed": 55.060976, "delta": 1.007454}}
{"target": 0.1679104807939657, "params": {"T1": 0.09343031493881462, "T3": 0.054988889604784374, "T5": 0.08085463358735898, "U1": 14.15788301845445, "U5": 17.982083963348945}, "datetime": {"datetime": "2021-03-04 16:03:42", "elapsed": 55.575712, "delta": 0.514736}}
{"target": 0.19578780781664307, "params": {"T1": 0.10408902555332197, "T3": 0.1042451561436121, "T5": 0.1370329490644972, "U1": 18.62738945369351, "U5": 18.986237958940848}, "datetime": {"datetime": "2021-03-04 16:03:43", "elapsed": 56.35072, "delta": 0.775008}}
{"target": 0.1890291537639279, "params": {"T1": 0.11080830085315604, "T3": 0.1478838218044295, "T5": 0.054615302480443495, "U1": 15.263950068276074, "U5": 16.395066356081063}, "datetime": {"datetime": "2021-03-04 16:03:43", "elapsed": 56.881351, "delta": 0.530631}}
{"target": 0.20470242326902946, "params": {"T1": 0.1287181672403625, "T3": 0.07198698262550834, "T5": 0.06889044700380599, "U1": 15.249255197374975, "U5": 17.35093528155594}, "datetime": {"datetime": "2021-03-04 16:03:44", "elapsed": 57.43036, "delta": 0.549009}}
{"target": 0.14695389684861232, "params": {"T1": 0.09756459676246246, "T3": 0.10909313315294819, "T5": 0.07028652344884619, "U1": 12.582023818408103, "U5": 13.189723357698327}, "datetime": {"datetime": "2021-03-04 16:03:44", "elapsed": 57.982498, "delta": 0.552138}}
{"target": 0.38028872096390026, "params": {"T1": 0.0893100637643873, "T3": 0.12233958393266488, "T5": 0.09063022341379111, "U1": 15.580859179018677, "U5": 18.084346839825372}, "datetime": {"datetime": "2021-03-04 16:03:45", "elapsed": 58.844028, "delta": 0.86153}}
{"target": 0.3164049197873518, "params": {"T1": 0.07063847404012416, "T3": 0.12157350173970057, "T5": 0.05521582232639388, "U1": 14.299243324229579, "U5": 15.458988210381051}, "datetime": {"datetime": "2021-03-04 16:03:46", "elapsed": 59.946053, "delta": 1.102025}}
{"target": 0.30404607550192825, "params": {"T1": 0.09756352848158639, "T3": 0.07378056915632744, "T5": 0.051301413602092116, "U1": 12.72895113987667, "U5": 18.68565233168146}, "datetime": {"datetime": "2021-03-04 16:03:47", "elapsed": 60.716183, "delta": 0.77013}}
{"target": 0.21803590567651043, "params": {"T1": 0.09996331101926745, "T3": 0.06347847966628126, "T5": 0.09925302801698499, "U1": 18.489587702157756, "U5": 12.66733072172386}, "datetime": {"datetime": "2021-03-04 16:03:48", "elapsed": 61.988914, "delta": 1.272731}}
{"target": 0.5045384185862004, "params": {"T1": 0.09591798578302488, "T3": 0.08536064497201014, "T5": 0.06861539120563696, "U1": 19.114077102825295, "U5": 13.511979562311968}, "datetime": {"datetime": "2021-03-04 16:03:49", "elapsed": 62.836592, "delta": 0.847678}}
{"target": 0.21042396975088845, "params": {"T1": 0.07170678744112448, "T3": 0.12389959709083695, "T5": 0.10770744701556922, "U1": 16.553961153576875, "U5": 14.375117971610399}, "datetime": {"datetime": "2021-03-04 16:03:50", "elapsed": 63.414807, "delta": 0.578215}}
{"target": 0.22590608814885071, "params": {"T1": 0.05447068991489915, "T3": 0.13214268005988694, "T5": 0.06755770290507015, "U1": 14.251711570582222, "U5": 13.237207268688433}, "datetime": {"datetime": "2021-03-04 16:03:50", "elapsed": 63.988415, "delta": 0.573608}}
{"target": 0.1899566653352288, "params": {"T1": 0.1231759858440312, "T3": 0.06331974065422256, "T5": 0.05369184802499612, "U1": 13.945463439728153, "U5": 12.393925248837512}, "datetime": {"datetime": "2021-03-04 16:03:51", "elapsed": 64.49628, "delta": 0.507865}}
{"target": 0.1491668402303033, "params": {"T1": 0.05385624444859727, "T3": 0.06866632117263675, "T5": 0.11703451030155113, "U1": 19.460797882587613, "U5": 18.513626753870895}, "datetime": {"datetime": "2021-03-04 16:03:51", "elapsed": 64.987811, "delta": 0.491531}}
{"target": 0.3101393224815284, "params": {"T1": 0.08723940275054243, "T3": 0.06716550377002262, "T5": 0.14058295963847547, "U1": 12.604566092916112, "U5": 12.080231145209499}, "datetime": {"datetime": "2021-03-04 16:03:52", "elapsed": 65.565966, "delta": 0.578155}}
{"target": 0.42574501436623524, "params": {"T1": 0.14682532520952823, "T3": 0.1273439208124824, "T5": 0.05300456160971541, "U1": 19.683846332726105, "U5": 18.642272097330718}, "datetime": {"datetime": "2021-03-04 16:03:53", "elapsed": 66.403466, "delta": 0.8375}}
{"target": 0.2020147658193684, "params": {"T1": 0.062483327514020415, "T3": 0.14171528261951666, "T5": 0.10243702838247049, "U1": 17.896013989605898, "U5": 19.09972757241434}, "datetime": {"datetime": "2021-03-04 16:03:53", "elapsed": 66.937226, "delta": 0.53376}}
{"target": 0.22589190030511308, "params": {"T1": 0.0915665255166962, "T3": 0.0702667045461294, "T5": 0.0872961157973658, "U1": 17.977067543025267, "U5": 18.24658357960573}, "datetime": {"datetime": "2021-03-04 16:03:54", "elapsed": 67.437503, "delta": 0.500277}}
{"target": 0.1771845731782016, "params": {"T1": 0.1116185410362712, "T3": 0.10869109440165342, "T5": 0.10229304377110487, "U1": 15.362001182333238, "U5": 13.707572010982654}, "datetime": {"datetime": "2021-03-04 16:03:54", "elapsed": 68.161179, "delta": 0.723676}}
{"target": 0.24186996746569442, "params": {"T1": 0.06483490878730498, "T3": 0.12994103810422053, "T5": 0.10814352566092364, "U1": 14.077682362058624, "U5": 19.18017428567797}, "datetime": {"datetime": "2021-03-04 16:03:55", "elapsed": 68.750543, "delta": 0.589364}}
{"target": 0.12226918802465876, "params": {"T1": 0.13535830378653432, "T3": 0.0614233602774443, "T5": 0.12317227763309631, "U1": 15.266662296065775, "U5": 19.992864383472092}, "datetime": {"datetime": "2021-03-04 16:03:56", "elapsed": 69.299182, "delta": 0.548639}}
{"target": 0.14436255705061835, "params": {"T1": 0.10672015462523682, "T3": 0.06804338034320065, "T5": 0.07801169838514098, "U1": 14.701443149935834, "U5": 19.443662246562774}, "datetime": {"datetime": "2021-03-04 16:03:56", "elapsed": 69.836068, "delta": 0.536886}}
{"target": 0.16799988176512826, "params": {"T1": 0.14075259692380962, "T3": 0.12179782179768024, "T5": 0.07610942960692263, "U1": 18.32249083807651, "U5": 16.619926623782344}, "datetime": {"datetime": "2021-03-04 16:03:57", "elapsed": 70.576188, "delta": 0.74012}}
{"target": 0.44434461533654634, "params": {"T1": 0.06336625470412885, "T3": 0.0987147317036507, "T5": 0.06770152111179059, "U1": 12.430436225960324, "U5": 14.04424943794109}, "datetime": {"datetime": "2021-03-04 16:03:57", "elapsed": 71.122413, "delta": 0.546225}}
{"target": 0.24862933169852294, "params": {"T1": 0.07830703553849563, "T3": 0.0920600972999212, "T5": 0.07875215518577765, "U1": 17.817887980534778, "U5": 17.011187869944017}, "datetime": {"datetime": "2021-03-04 16:03:58", "elapsed": 72.00536, "delta": 0.882947}}
{"target": 0.5344540398592967, "params": {"T1": 0.1025171154117913, "T3": 0.10800504801655153, "T5": 0.07550309903665808, "U1": 18.830468107686816, "U5": 13.791811434884536}, "datetime": {"datetime": "2021-03-04 16:03:59", "elapsed": 72.648301, "delta": 0.642941}}
{"target": 0.22733444480672793, "params": {"T1": 0.09415898798012744, "T3": 0.08530902932240476, "T5": 0.061980295521783614, "U1": 12.713030107563617, "U5": 18.683794947150872}, "datetime": {"datetime": "2021-03-04 16:04:00", "elapsed": 73.368806, "delta": 0.720505}}
{"target": 0.18626267551426726, "params": {"T1": 0.13290516515476408, "T3": 0.13446701606314743, "T5": 0.1283663298480051, "U1": 17.428749221730254, "U5": 13.895961024630264}, "datetime": {"datetime": "2021-03-04 16:04:00", "elapsed": 74.087048, "delta": 0.718242}}
{"target": 0.20359780604182914, "params": {"T1": 0.06630579931848897, "T3": 0.06229811740111088, "T5": 0.055575439155903475, "U1": 12.973981278286363, "U5": 14.999810224558084}, "datetime": {"datetime": "2021-03-04 16:04:01", "elapsed": 74.638929, "delta": 0.551881}}
{"target": 0.13691926704117344, "params": {"T1": 0.10365948065317662, "T3": 0.07631382403334205, "T5": 0.08106322807395562, "U1": 14.812553687281643, "U5": 16.507455603278526}, "datetime": {"datetime": "2021-03-04 16:04:01", "elapsed": 75.169451, "delta": 0.530522}}
{"target": 0.1515633551636497, "params": {"T1": 0.13180669333082087, "T3": 0.05252367747876279, "T5": 0.06220176920194588, "U1": 15.060930995530011, "U5": 15.079948598326013}, "datetime": {"datetime": "2021-03-04 16:04:02", "elapsed": 75.711488, "delta": 0.542037}}
{"target": 0.3048365429653575, "params": {"T1": 0.06378023627954163, "T3": 0.13020965516273636, "T5": 0.14443838540050624, "U1": 15.752352056359875, "U5": 18.07989596512025}, "datetime": {"datetime": "2021-03-04 16:04:03", "elapsed": 76.240373, "delta": 0.528885}}
{"target": 0.162230760395387, "params": {"T1": 0.10086869620726413, "T3": 0.09117142814081443, "T5": 0.07500492611917325, "U1": 16.89246029571236, "U5": 17.4661182576463}, "datetime": {"datetime": "2021-03-04 16:04:03", "elapsed": 77.021781, "delta": 0.781408}}
{"target": 0.6181184941869963, "params": {"T1": 0.14910079115274016, "T3": 0.09328528723912483, "T5": 0.13290211158837248, "U1": 19.37507951482256, "U5": 16.2759508710385}, "datetime": {"datetime": "2021-03-04 16:04:04", "elapsed": 77.541041, "delta": 0.51926}}
{"target": 0.13151409482134527, "params": {"T1": 0.13649965768174271, "T3": 0.10291736094542545, "T5": 0.10691619912874628, "U1": 19.3052364825882, "U5": 14.210376567419424}, "datetime": {"datetime": "2021-03-04 16:04:05", "elapsed": 78.401291, "delta": 0.86025}}
{"target": 0.23156601728566145, "params": {"T1": 0.11173381781456926, "T3": 0.14680668335633762, "T5": 0.12803096406207737, "U1": 13.14119457279105, "U5": 17.579483966399955}, "datetime": {"datetime": "2021-03-04 16:04:05", "elapsed": 78.945596, "delta": 0.544305}}
{"target": 0.1846595980598864, "params": {"T1": 0.06920009648750464, "T3": 0.13435213914101055, "T5": 0.08501246047230857, "U1": 14.218903287671063, "U5": 19.366909947665444}, "datetime": {"datetime": "2021-03-04 16:04:06", "elapsed": 79.739385, "delta": 0.793789}}
{"target": 0.33137753959570854, "params": {"T1": 0.08902937666071273, "T3": 0.09093798890177457, "T5": 0.14853539212503003, "U1": 17.740887564576326, "U5": 19.828893680664567}, "datetime": {"datetime": "2021-03-04 16:04:07", "elapsed": 80.327293, "delta": 0.587908}}
{"target": 0.29470548427707954, "params": {"T1": 0.11108626744838873, "T3": 0.050750886972835134, "T5": 0.12291100467835624, "U1": 15.401453312843298, "U5": 14.410575817676959}, "datetime": {"datetime": "2021-03-04 16:04:07", "elapsed": 81.118536, "delta": 0.791243}}
{"target": 0.20205339228819127, "params": {"T1": 0.060631133983550405, "T3": 0.1280477149867495, "T5": 0.08647574223423506, "U1": 19.333334696140472, "U5": 15.002555552722363}, "datetime": {"datetime": "2021-03-04 16:04:08", "elapsed": 81.83304, "delta": 0.714504}}
{"target": 0.4414375819315974, "params": {"T1": 0.13813668121681616, "T3": 0.12517592068056255, "T5": 0.1098625113614488, "U1": 14.99023400064171, "U5": 12.255020040156527}, "datetime": {"datetime": "2021-03-04 16:04:09", "elapsed": 82.410495, "delta": 0.577455}}
{"target": 0.18455393210470794, "params": {"T1": 0.1433075489279439, "T3": 0.13949060190691448, "T5": 0.1351605840080044, "U1": 16.06241979940573, "U5": 13.331143763199965}, "datetime": {"datetime": "2021-03-04 16:04:09", "elapsed": 82.961286, "delta": 0.550791}}
{"target": 0.7710482884586229, "params": {"T1": 0.060902286533079414, "T3": 0.08959005072296658, "T5": 0.06248923258530681, "U1": 19.220678839350132, "U5": 15.261925264173755}, "datetime": {"datetime": "2021-03-04 16:04:10", "elapsed": 83.593371, "delta": 0.632085}}
