{"target": 0.14477809533454275, "params": {"T1": 0.13198155959930302, "T3": 0.09082715390752581, "T5": 0.07606160055085763, "U1": 17.861365502843228, "U5": 12.712472546373727}, "datetime": {"datetime": "2021-03-05 13:13:55", "elapsed": 642.233429, "delta": 4.087723}}
{"target": 0.3399479836140686, "params": {"T1": 0.06195452509176461, "T3": 0.0903228156196714, "T5": 0.05034397568817303, "U1": 15.472096582004378, "U5": 14.309721136467616}, "datetime": {"datetime": "2021-03-05 13:13:56", "elapsed": 643.76267, "delta": 1.529241}}
{"target": 0.20416714171691533, "params": {"T1": 0.05091387902569482, "T3": 0.10127025503077372, "T5": 0.078807864774466, "U1": 13.936804328569561, "U5": 15.613773284613599}, "datetime": {"datetime": "2021-03-05 13:13:58", "elapsed": 645.440274, "delta": 1.677604}}
{"target": 0.2535268026997041, "params": {"T1": 0.12141916715460904, "T3": 0.05770097805201535, "T5": 0.0828268559674732, "U1": 16.250184563637106, "U5": 17.836165157971443}, "datetime": {"datetime": "2021-03-05 13:14:03", "elapsed": 650.43913, "delta": 4.998856}}
{"target": 0.5072741447653524, "params": {"T1": 0.09260912137026187, "T3": 0.10904913902431784, "T5": 0.10006420320390408, "U1": 12.7258318572058, "U5": 15.86509907237851}, "datetime": {"datetime": "2021-03-05 13:14:07", "elapsed": 654.535587, "delta": 4.096457}}
{"target": 0.12592473767754955, "params": {"T1": 0.11359450325201915, "T3": 0.13878081833516567, "T5": 0.11820175024982306, "U1": 14.988153483690335, "U5": 17.380187789756548}, "datetime": {"datetime": "2021-03-05 13:14:09", "elapsed": 656.70371, "delta": 2.168123}}
{"target": 0.15683988175945204, "params": {"T1": 0.07853211055482714, "T3": 0.11870598118124799, "T5": 0.08463608659635184, "U1": 19.841361736785228, "U5": 19.158376053953017}, "datetime": {"datetime": "2021-03-05 13:14:15", "elapsed": 662.290905, "delta": 5.587195}}
{"target": 0.2403366539677589, "params": {"T1": 0.06936511380895226, "T3": 0.11076608255699626, "T5": 0.08314683203082096, "U1": 16.244868222735537, "U5": 13.117140112457939}, "datetime": {"datetime": "2021-03-05 13:14:17", "elapsed": 664.256422, "delta": 1.965517}}
{"target": 0.6189965863784546, "params": {"T1": 0.11946185332355236, "T3": 0.14687587105096533, "T5": 0.13163401108501063, "U1": 14.193509223507093, "U5": 18.400937694363257}, "datetime": {"datetime": "2021-03-05 13:14:22", "elapsed": 669.517827, "delta": 5.261405}}
{"target": 0.7018411192497591, "params": {"T1": 0.060772219623181536, "T3": 0.14051740810536856, "T5": 0.0735577668701475, "U1": 19.208086142867206, "U5": 17.053891540071323}, "datetime": {"datetime": "2021-03-05 13:14:26", "elapsed": 674.142358, "delta": 4.624531}}
{"target": 0.23022056704975946, "params": {"T1": 0.10442013913073042, "T3": 0.10883888370776335, "T5": 0.07987526794709067, "U1": 16.74662232604031, "U5": 19.33058970811953}, "datetime": {"datetime": "2021-03-05 13:14:28", "elapsed": 676.068191, "delta": 1.925833}}
{"target": 0.28774956525231365, "params": {"T1": 0.05586848541137465, "T3": 0.0914762308678638, "T5": 0.1394533482723342, "U1": 13.845901254872063, "U5": 15.70699895450048}, "datetime": {"datetime": "2021-03-05 13:14:30", "elapsed": 677.87837, "delta": 1.810179}}
{"target": 0.29370048832239676, "params": {"T1": 0.09037054002665451, "T3": 0.14189013728111005, "T5": 0.1365059626067902, "U1": 19.91873486618892, "U5": 18.99517391975654}, "datetime": {"datetime": "2021-03-05 13:14:34", "elapsed": 682.168095, "delta": 4.289725}}
{"target": 0.1373159389043854, "params": {"T1": 0.13052105076419854, "T3": 0.06973904536487048, "T5": 0.09311617775101692, "U1": 15.840650287838326, "U5": 19.86844409862167}, "datetime": {"datetime": "2021-03-05 13:14:37", "elapsed": 684.409419, "delta": 2.241324}}
{"target": 0.19871249129284893, "params": {"T1": 0.053542645591028906, "T3": 0.12542910051620787, "T5": 0.06821737366507954, "U1": 18.52535453560381, "U5": 15.13999854283136}, "datetime": {"datetime": "2021-03-05 13:14:42", "elapsed": 689.94671, "delta": 5.537291}}
{"target": 0.1581144658621797, "params": {"T1": 0.09314416970822079, "T3": 0.05982714513463734, "T5": 0.06591462080130608, "U1": 17.719843342294894, "U5": 14.77206500100738}, "datetime": {"datetime": "2021-03-05 13:14:44", "elapsed": 691.847806, "delta": 1.901096}}
{"target": 0.15446135965137778, "params": {"T1": 0.14124941158467846, "T3": 0.10755212484685484, "T5": 0.10315186203974505, "U1": 14.255499662239936, "U5": 15.54791158111722}, "datetime": {"datetime": "2021-03-05 13:14:46", "elapsed": 693.846051, "delta": 1.998245}}
{"target": 0.16795694930470836, "params": {"T1": 0.12852276139569818, "T3": 0.14313890361490486, "T5": 0.13414377583401543, "U1": 16.6729437601181, "U5": 18.296908643500373}, "datetime": {"datetime": "2021-03-05 13:14:48", "elapsed": 695.550968, "delta": 1.704917}}
{"target": 0.23523367686630275, "params": {"T1": 0.05030333878102469, "T3": 0.061084732427110155, "T5": 0.11957235590269162, "U1": 16.619020694280604, "U5": 15.06275841964499}, "datetime": {"datetime": "2021-03-05 13:14:54", "elapsed": 701.821472, "delta": 6.270504}}
{"target": 0.35544124159980095, "params": {"T1": 0.05592646719004053, "T3": 0.1254650675234354, "T5": 0.0833325307165053, "U1": 19.243974948927573, "U5": 17.04069197014919}, "datetime": {"datetime": "2021-03-05 13:14:59", "elapsed": 706.283932, "delta": 4.46246}}
{"target": 0.20066218200632557, "params": {"T1": 0.14101986614583806, "T3": 0.14749926070102237, "T5": 0.08143421434884271, "U1": 17.82938638010261, "U5": 17.97317116446748}, "datetime": {"datetime": "2021-03-05 13:15:04", "elapsed": 711.330964, "delta": 5.047032}}
{"target": 0.28446438570886334, "params": {"T1": 0.0631729578941501, "T3": 0.12982644902902662, "T5": 0.08178593445826812, "U1": 15.028901498290898, "U5": 15.914362323752867}, "datetime": {"datetime": "2021-03-05 13:15:10", "elapsed": 717.537182, "delta": 6.206218}}
{"target": 0.37677227714636113, "params": {"T1": 0.0786105138993418, "T3": 0.10679440156214301, "T5": 0.07572338488735234, "U1": 18.27931083898899, "U5": 16.248199751841376}, "datetime": {"datetime": "2021-03-05 13:15:15", "elapsed": 722.502801, "delta": 4.965619}}
{"target": 0.14568743350558572, "params": {"T1": 0.07690513910493228, "T3": 0.08858969810633745, "T5": 0.12630350887357233, "U1": 18.707285417779108, "U5": 13.062954879970349}, "datetime": {"datetime": "2021-03-05 13:15:17", "elapsed": 724.434845, "delta": 1.932044}}
{"target": 0.1828042695139668, "params": {"T1": 0.09065695847399638, "T3": 0.1103919048534685, "T5": 0.11478285742979011, "U1": 12.344792059638355, "U5": 19.844060130669607}, "datetime": {"datetime": "2021-03-05 13:15:18", "elapsed": 726.163334, "delta": 1.728489}}
{"target": 0.3576009218971227, "params": {"T1": 0.14892489217790944, "T3": 0.10381622176381314, "T5": 0.10235909828018606, "U1": 15.64028699001282, "U5": 17.79887252766361}, "datetime": {"datetime": "2021-03-05 13:15:21", "elapsed": 728.222334, "delta": 2.059}}
{"target": 0.2557944772340718, "params": {"T1": 0.11293597167079979, "T3": 0.13325780882759672, "T5": 0.08324989113280426, "U1": 19.64183311477188, "U5": 13.565556479964812}, "datetime": {"datetime": "2021-03-05 13:15:27", "elapsed": 734.838188, "delta": 6.615854}}
{"target": 0.16327304252847, "params": {"T1": 0.11168852186148936, "T3": 0.12472465799161898, "T5": 0.13240340828728525, "U1": 14.993968735298743, "U5": 15.90338942055822}, "datetime": {"datetime": "2021-03-05 13:15:32", "elapsed": 739.505861, "delta": 4.667673}}
{"target": 0.888519082970541, "params": {"T1": 0.09074313657897556, "T3": 0.0932886664043773, "T5": 0.06913753143162915, "U1": 17.024868166041642, "U5": 19.01207819419612}, "datetime": {"datetime": "2021-03-05 13:15:34", "elapsed": 741.458322, "delta": 1.952461}}
{"target": 0.2910136202591159, "params": {"T1": 0.12539632929719274, "T3": 0.0833880220135074, "T5": 0.13775520220952409, "U1": 12.212888686248224, "U5": 17.895683760587218}, "datetime": {"datetime": "2021-03-05 13:15:36", "elapsed": 743.667215, "delta": 2.208893}}
{"target": 0.8682692274184812, "params": {"T1": 0.05421124346034589, "T3": 0.14294320416996403, "T5": 0.11137674115033112, "U1": 19.84706230308671, "U5": 18.8182689783832}, "datetime": {"datetime": "2021-03-05 13:15:38", "elapsed": 745.433021, "delta": 1.765806}}
{"target": 0.14664869564522945, "params": {"T1": 0.11108464116726896, "T3": 0.07314230190540612, "T5": 0.10874795001664805, "U1": 16.743174312357056, "U5": 18.44304858649593}, "datetime": {"datetime": "2021-03-05 13:15:40", "elapsed": 747.457174, "delta": 2.024153}}
{"target": 0.35433997287672847, "params": {"T1": 0.06560200357427085, "T3": 0.14896326310785668, "T5": 0.10078452634456594, "U1": 18.620562235774678, "U5": 17.359547083905046}, "datetime": {"datetime": "2021-03-05 13:15:44", "elapsed": 751.396889, "delta": 3.939715}}
{"target": 0.14560656400569527, "params": {"T1": 0.13793530339411164, "T3": 0.10532863165798381, "T5": 0.1034598172740866, "U1": 15.486410051949408, "U5": 13.818330268573654}, "datetime": {"datetime": "2021-03-05 13:15:46", "elapsed": 753.285574, "delta": 1.888685}}
{"target": 0.19704398602479778, "params": {"T1": 0.10727824892011434, "T3": 0.1257885190989903, "T5": 0.1031992557787372, "U1": 18.943910812492206, "U5": 12.27132261457525}, "datetime": {"datetime": "2021-03-05 13:15:52", "elapsed": 759.97851, "delta": 6.692936}}
{"target": 0.25289483576085436, "params": {"T1": 0.07498378366790301, "T3": 0.13377551722328657, "T5": 0.09881537253636519, "U1": 19.611754119760775, "U5": 13.593377994958287}, "datetime": {"datetime": "2021-03-05 13:15:58", "elapsed": 765.224155, "delta": 5.245645}}
{"target": 0.17872124788903687, "params": {"T1": 0.0878181270568063, "T3": 0.14703058286252194, "T5": 0.0587549972055494, "U1": 13.72837910372158, "U5": 13.59675031733963}, "datetime": {"datetime": "2021-03-05 13:15:59", "elapsed": 766.915271, "delta": 1.691116}}
{"target": 0.2377531430845225, "params": {"T1": 0.09582628510307528, "T3": 0.08356362577094044, "T5": 0.09601552333802621, "U1": 16.767531365891102, "U5": 19.343900245428387}, "datetime": {"datetime": "2021-03-05 13:16:01", "elapsed": 768.907428, "delta": 1.992157}}
{"target": 0.15553579827868708, "params": {"T1": 0.14313393505192662, "T3": 0.06532748002311523, "T5": 0.08874205374601485, "U1": 13.186294684696946, "U5": 18.06725940402456}, "datetime": {"datetime": "2021-03-05 13:16:03", "elapsed": 770.56523, "delta": 1.657802}}
{"target": 0.2394413734857125, "params": {"T1": 0.0553262612667032, "T3": 0.13494246281088723, "T5": 0.06572280864901747, "U1": 15.219766028511085, "U5": 16.769033086113776}, "datetime": {"datetime": "2021-03-05 13:16:05", "elapsed": 772.442823, "delta": 1.877593}}
{"target": 0.4453010807825085, "params": {"T1": 0.10028905093635632, "T3": 0.14662903426852575, "T5": 0.06787222035776412, "U1": 18.21401753817797, "U5": 19.482102843760007}, "datetime": {"datetime": "2021-03-05 13:16:07", "elapsed": 774.21954, "delta": 1.776717}}
{"target": 0.3029208963472035, "params": {"T1": 0.05063769785875234, "T3": 0.08138592153905173, "T5": 0.14001558065762154, "U1": 13.723037009269497, "U5": 18.057429689789934}, "datetime": {"datetime": "2021-03-05 13:16:08", "elapsed": 776.129021, "delta": 1.909481}}
{"target": 0.25666522633531963, "params": {"T1": 0.08823217025868839, "T3": 0.0776920882758618, "T5": 0.06775286983122485, "U1": 18.281550179033005, "U5": 16.27952650328862}, "datetime": {"datetime": "2021-03-05 13:16:13", "elapsed": 780.416428, "delta": 4.287407}}
{"target": 0.30383975569720206, "params": {"T1": 0.0621693431044275, "T3": 0.06512680939487678, "T5": 0.10984062017624893, "U1": 17.000041439444644, "U5": 15.694324266640955}, "datetime": {"datetime": "2021-03-05 13:16:15", "elapsed": 782.41056, "delta": 1.994132}}
{"target": 0.42751826879260507, "params": {"T1": 0.058107836903296566, "T3": 0.12012222095700426, "T5": 0.06474614030887273, "U1": 17.531926282115133, "U5": 18.87717871271075}, "datetime": {"datetime": "2021-03-05 13:16:16", "elapsed": 784.118737, "delta": 1.708177}}
{"target": 0.8522560707850443, "params": {"T1": 0.0689274705369473, "T3": 0.1080470593763162, "T5": 0.1218146204028513, "U1": 14.68841308823519, "U5": 16.978136919512156}, "datetime": {"datetime": "2021-03-05 13:16:19", "elapsed": 786.394142, "delta": 2.275405}}
{"target": 0.18336022801434376, "params": {"T1": 0.089334079195113, "T3": 0.13915591051182472, "T5": 0.10250970845234572, "U1": 18.80827355038259, "U5": 14.31410833298379}, "datetime": {"datetime": "2021-03-05 13:16:23", "elapsed": 790.668252, "delta": 4.27411}}
{"target": 0.21545003034022056, "params": {"T1": 0.06441622357092874, "T3": 0.057630394642422124, "T5": 0.06292898009599672, "U1": 13.657586576810662, "U5": 14.406553729294307}, "datetime": {"datetime": "2021-03-05 13:16:25", "elapsed": 792.480894, "delta": 1.812642}}
{"target": 0.22050028983175185, "params": {"T1": 0.0863749332892741, "T3": 0.11464382924959123, "T5": 0.1455175174571083, "U1": 19.168795311193236, "U5": 13.356235735422407}, "datetime": {"datetime": "2021-03-05 13:16:27", "elapsed": 794.24883, "delta": 1.767936}}
{"target": 0.9421068677528216, "params": {"T1": 0.11091505302558927, "T3": 0.1028049993096653, "T5": 0.09822734244318379, "U1": 19.727147078894316, "U5": 12.706936106825967}, "datetime": {"datetime": "2021-03-05 13:16:29", "elapsed": 796.267018, "delta": 2.018188}}
{"target": 0.13692830477362286, "params": {"T1": 0.11962850807309787, "T3": 0.10406275145062582, "T5": 0.13123140735280892, "U1": 16.817493632788498, "U5": 18.863812987468343}, "datetime": {"datetime": "2021-03-05 13:16:31", "elapsed": 798.285506, "delta": 2.018488}}
{"target": 0.14100805642633604, "params": {"T1": 0.10601021889653926, "T3": 0.058417160433517384, "T5": 0.0502497570279514, "U1": 12.347852882488176, "U5": 13.410286212332355}, "datetime": {"datetime": "2021-03-05 13:16:33", "elapsed": 800.42122, "delta": 2.135714}}
{"target": 0.3214317698590706, "params": {"T1": 0.07949604610004564, "T3": 0.10953369246402876, "T5": 0.06925800912385927, "U1": 18.662898261849953, "U5": 14.320445269821562}, "datetime": {"datetime": "2021-03-05 13:16:38", "elapsed": 805.376181, "delta": 4.954961}}
{"target": 0.264200813717837, "params": {"T1": 0.11702532418358993, "T3": 0.08943833227381999, "T5": 0.06548155805492191, "U1": 17.638665017646474, "U5": 12.920342332940226}, "datetime": {"datetime": "2021-03-05 13:16:39", "elapsed": 807.129682, "delta": 1.753501}}
{"target": 0.3075174111684565, "params": {"T1": 0.12381486394198275, "T3": 0.07423202127654344, "T5": 0.13622230956122006, "U1": 16.021908941305323, "U5": 18.116601201068637}, "datetime": {"datetime": "2021-03-05 13:16:41", "elapsed": 809.090181, "delta": 1.960499}}
{"target": 0.15783481941806868, "params": {"T1": 0.0948085670969582, "T3": 0.11556426020655641, "T5": 0.1072950231892407, "U1": 18.215400810846294, "U5": 17.512088839946184}, "datetime": {"datetime": "2021-03-05 13:16:43", "elapsed": 810.849313, "delta": 1.759132}}
{"target": 0.180903827734386, "params": {"T1": 0.10087350783842758, "T3": 0.0672746260347954, "T5": 0.08383844976999807, "U1": 19.35335920686927, "U5": 18.35650920114613}, "datetime": {"datetime": "2021-03-05 13:16:49", "elapsed": 817.069777, "delta": 6.220464}}
{"target": 0.1947130064284259, "params": {"T1": 0.06789609236832886, "T3": 0.11048169808396127, "T5": 0.08480590311392056, "U1": 13.529819701847757, "U5": 13.770708626730467}, "datetime": {"datetime": "2021-03-05 13:16:51", "elapsed": 819.162891, "delta": 2.093114}}
{"target": 0.27059288788282376, "params": {"T1": 0.07330559290503935, "T3": 0.09056966325825697, "T5": 0.09955494851350435, "U1": 16.599289639837238, "U5": 15.063934565890765}, "datetime": {"datetime": "2021-03-05 13:16:55", "elapsed": 822.922398, "delta": 3.759507}}
{"target": 0.2431510978216335, "params": {"T1": 0.05035599767835544, "T3": 0.129328225767241, "T5": 0.13997014062423238, "U1": 18.449409398941498, "U5": 13.654383421819213}, "datetime": {"datetime": "2021-03-05 13:16:57", "elapsed": 824.867273, "delta": 1.944875}}
{"target": 0.3074525578125293, "params": {"T1": 0.12484183130023066, "T3": 0.143762217872424, "T5": 0.050459897500909213, "U1": 16.074619934518267, "U5": 12.912672453633697}, "datetime": {"datetime": "2021-03-05 13:17:03", "elapsed": 830.229976, "delta": 5.362703}}
{"target": 0.5049267434458742, "params": {"T1": 0.14789664812875458, "T3": 0.1068593048641302, "T5": 0.11319619820986311, "U1": 12.383607359782854, "U5": 13.55106325101133}, "datetime": {"datetime": "2021-03-05 13:17:05", "elapsed": 832.217694, "delta": 1.987718}}
{"target": 0.7387929932412507, "params": {"T1": 0.09535204247578477, "T3": 0.14241193624497034, "T5": 0.12001202561479747, "U1": 18.645253236910612, "U5": 15.401423028380837}, "datetime": {"datetime": "2021-03-05 13:17:07", "elapsed": 834.814352, "delta": 2.596658}}
{"target": 0.28438139682431623, "params": {"T1": 0.12038932065489168, "T3": 0.10455999971793214, "T5": 0.08570132080546174, "U1": 18.57897796827555, "U5": 14.67135987244913}, "datetime": {"datetime": "2021-03-05 13:17:09", "elapsed": 836.934648, "delta": 2.120296}}
{"target": 0.16432169277684994, "params": {"T1": 0.07643737202125783, "T3": 0.14968427394642003, "T5": 0.11486094802955688, "U1": 12.727268531273467, "U5": 16.982528837120576}, "datetime": {"datetime": "2021-03-05 13:17:11", "elapsed": 838.767099, "delta": 1.832451}}
{"target": 0.13574304789641906, "params": {"T1": 0.11769930689317498, "T3": 0.10297168336949833, "T5": 0.10097837267711943, "U1": 15.68466887772192, "U5": 13.76451104684808}, "datetime": {"datetime": "2021-03-05 13:17:13", "elapsed": 841.044844, "delta": 2.277745}}
{"target": 0.273750090202687, "params": {"T1": 0.0979676088616287, "T3": 0.1486330203966536, "T5": 0.07963935068808792, "U1": 18.536518914829937, "U5": 17.71085975856807}, "datetime": {"datetime": "2021-03-05 13:17:19", "elapsed": 846.988538, "delta": 5.943694}}
{"target": 0.43263220432897287, "params": {"T1": 0.06578024376197797, "T3": 0.11683935061175656, "T5": 0.06661828675304618, "U1": 17.54330950392986, "U5": 18.878731236111186}, "datetime": {"datetime": "2021-03-05 13:17:22", "elapsed": 849.248194, "delta": 2.259656}}
{"target": 0.1352811097069062, "params": {"T1": 0.07570635268738354, "T3": 0.09176264883481391, "T5": 0.1070031796415557, "U1": 19.4735123156905, "U5": 18.52463343306814}, "datetime": {"datetime": "2021-03-05 13:17:27", "elapsed": 854.51414, "delta": 5.265946}}
{"target": 0.941058428155412, "params": {"T1": 0.07203445041466444, "T3": 0.12695309430767487, "T5": 0.07255663053814546, "U1": 15.045745709391333, "U5": 18.512141976404628}, "datetime": {"datetime": "2021-03-05 13:17:32", "elapsed": 859.349926, "delta": 4.835786}}
{"target": 0.17194623738258516, "params": {"T1": 0.07071615988015008, "T3": 0.061483400006093515, "T5": 0.12152668964018651, "U1": 13.482727844863104, "U5": 19.94590260396811}, "datetime": {"datetime": "2021-03-05 13:17:34", "elapsed": 861.217455, "delta": 1.867529}}
{"target": 0.3717313443795062, "params": {"T1": 0.08920144546436345, "T3": 0.14823610358417189, "T5": 0.08651413087413501, "U1": 18.88503446349778, "U5": 13.737503875492045}, "datetime": {"datetime": "2021-03-05 13:17:38", "elapsed": 865.830182, "delta": 4.612727}}
{"target": 0.2949920427924296, "params": {"T1": 0.12044083001185932, "T3": 0.12055536257955067, "T5": 0.09643540582856455, "U1": 16.75585363477446, "U5": 19.308981228157716}, "datetime": {"datetime": "2021-03-05 13:17:43", "elapsed": 870.635202, "delta": 4.80502}}
{"target": 0.1564540582978146, "params": {"T1": 0.12526967380567638, "T3": 0.05841669205111258, "T5": 0.13903766628614364, "U1": 17.242824488898904, "U5": 14.58433014543958}, "datetime": {"datetime": "2021-03-05 13:17:46", "elapsed": 873.37812, "delta": 2.742918}}
{"target": 0.3074967870219668, "params": {"T1": 0.07684000352598691, "T3": 0.11958490549446667, "T5": 0.05690633393398943, "U1": 19.230696567634844, "U5": 17.056209105996423}, "datetime": {"datetime": "2021-03-05 13:17:50", "elapsed": 878.016333, "delta": 4.638213}}
{"target": 0.516539805677755, "params": {"T1": 0.11624841601316567, "T3": 0.10441788863457406, "T5": 0.09432463119263862, "U1": 19.706158036212447, "U5": 12.716892531891745}, "datetime": {"datetime": "2021-03-05 13:17:52", "elapsed": 880.030007, "delta": 2.013674}}
{"target": 0.5111224704620763, "params": {"T1": 0.08366868568900332, "T3": 0.13428311585689265, "T5": 0.05255497832947329, "U1": 15.737315718359344, "U5": 12.809493792216564}, "datetime": {"datetime": "2021-03-05 13:17:54", "elapsed": 882.083401, "delta": 2.053394}}
{"target": 0.2977766139247031, "params": {"T1": 0.06908251997213963, "T3": 0.13626778866713823, "T5": 0.10824521644713117, "U1": 14.997259145994917, "U5": 15.91310494096173}, "datetime": {"datetime": "2021-03-05 13:18:00", "elapsed": 887.84972, "delta": 5.766319}}
{"target": 0.1869929227704349, "params": {"T1": 0.10802530701180756, "T3": 0.09378784909709269, "T5": 0.05776634446777917, "U1": 17.023319294844974, "U5": 18.995622468803923}, "datetime": {"datetime": "2021-03-05 13:18:05", "elapsed": 892.527748, "delta": 4.678028}}
{"target": 0.1597872522365093, "params": {"T1": 0.12751285617583819, "T3": 0.09419139704078676, "T5": 0.05454100114696937, "U1": 14.954944253343701, "U5": 12.997029478324425}, "datetime": {"datetime": "2021-03-05 13:18:07", "elapsed": 894.500704, "delta": 1.972956}}
{"target": 0.18057103450153986, "params": {"T1": 0.05287894279120284, "T3": 0.12054803211314437, "T5": 0.10136828207863963, "U1": 19.940737600392247, "U5": 12.899358813867057}, "datetime": {"datetime": "2021-03-05 13:18:09", "elapsed": 896.437843, "delta": 1.937139}}
{"target": 0.23278987017643754, "params": {"T1": 0.10262883753968666, "T3": 0.10944653738500801, "T5": 0.0829178669051219, "U1": 12.708981907367846, "U5": 15.873882825720457}, "datetime": {"datetime": "2021-03-05 13:18:14", "elapsed": 901.41657, "delta": 4.978727}}
