{"target": 0.2951180428948052, "params": {"T1": 0.12810531378480283, "T3": 0.11924405560168047, "T5": 0.131120493096767, "U1": 18.463993312362568, "U5": 14.526374578102928}, "datetime": {"datetime": "2021-03-05 15:54:41", "elapsed": 631.69463, "delta": 2.403018}}
{"target": 0.29306592386623087, "params": {"T1": 0.05742580098602153, "T3": 0.050255921538719106, "T5": 0.05121798846580366, "U1": 19.30759316788521, "U5": 12.70714339103689}, "datetime": {"datetime": "2021-03-05 15:54:42", "elapsed": 632.951623, "delta": 1.256993}}
{"target": 0.4283474181139714, "params": {"T1": 0.12941921369545925, "T3": 0.05956655588763335, "T5": 0.13506438025817358, "U1": 18.265622591822957, "U5": 15.156126105303175}, "datetime": {"datetime": "2021-03-05 15:54:44", "elapsed": 635.276082, "delta": 2.324459}}
{"target": 0.3038672794265585, "params": {"T1": 0.09720478040382519, "T3": 0.10167501577080801, "T5": 0.05242449428498012, "U1": 12.525584214293247, "U5": 18.598736805918797}, "datetime": {"datetime": "2021-03-05 15:54:46", "elapsed": 636.660646, "delta": 1.384564}}
{"target": 0.31039461563866544, "params": {"T1": 0.14360291694740063, "T3": 0.074086597703562, "T5": 0.09886674235076717, "U1": 14.627457391472083, "U5": 13.730680357772616}, "datetime": {"datetime": "2021-03-05 15:54:48", "elapsed": 638.427448, "delta": 1.766802}}
{"target": 0.35777626076293434, "params": {"T1": 0.13522823567415315, "T3": 0.05046846313391362, "T5": 0.10258861859325175, "U1": 16.519478749995262, "U5": 12.645927546380797}, "datetime": {"datetime": "2021-03-05 15:54:49", "elapsed": 639.857289, "delta": 1.429841}}
{"target": 0.28690283700640434, "params": {"T1": 0.1417438482516848, "T3": 0.13395856898078057, "T5": 0.13807880322000554, "U1": 13.660583841851434, "U5": 12.820443719474921}, "datetime": {"datetime": "2021-03-05 15:54:50", "elapsed": 641.233597, "delta": 1.376308}}
{"target": 0.29702206014344334, "params": {"T1": 0.1496022413148072, "T3": 0.12679590634765026, "T5": 0.059897769415404326, "U1": 15.738582335194081, "U5": 14.328929856538691}, "datetime": {"datetime": "2021-03-05 15:54:52", "elapsed": 642.641218, "delta": 1.407621}}
{"target": 0.297520930354674, "params": {"T1": 0.12627397375796182, "T3": 0.0680037324018176, "T5": 0.11797692415660917, "U1": 17.576779419414052, "U5": 14.43640293940318}, "datetime": {"datetime": "2021-03-05 15:54:54", "elapsed": 644.712572, "delta": 2.071354}}
{"target": 0.2905175389337541, "params": {"T1": 0.08832583019650368, "T3": 0.05238165254609764, "T5": 0.08940857379980129, "U1": 19.68553337612629, "U5": 13.68404575779489}, "datetime": {"datetime": "2021-03-05 15:54:55", "elapsed": 645.997288, "delta": 1.284716}}
{"target": 0.3061793083202325, "params": {"T1": 0.0920294179086301, "T3": 0.05421259592316571, "T5": 0.05937569869298192, "U1": 16.066506729010264, "U5": 13.356295679355657}, "datetime": {"datetime": "2021-03-05 15:54:57", "elapsed": 647.546986, "delta": 1.549698}}
{"target": 0.3084008780169191, "params": {"T1": 0.0960665685272372, "T3": 0.11183636324304799, "T5": 0.13723267116504745, "U1": 18.626637438001094, "U5": 18.976707195338186}, "datetime": {"datetime": "2021-03-05 15:54:58", "elapsed": 649.160165, "delta": 1.613179}}
{"target": 0.3618300601396342, "params": {"T1": 0.09396079194311593, "T3": 0.13421932955052623, "T5": 0.06964532518869075, "U1": 19.870348147145055, "U5": 15.240946228384686}, "datetime": {"datetime": "2021-03-05 15:55:00", "elapsed": 650.632206, "delta": 1.472041}}
{"target": 0.2997218824935357, "params": {"T1": 0.0582589918832308, "T3": 0.05739914207051242, "T5": 0.06745943825625855, "U1": 19.281020511095935, "U5": 18.935237121058407}, "datetime": {"datetime": "2021-03-05 15:55:01", "elapsed": 651.949119, "delta": 1.316913}}
{"target": 0.3027717693685033, "params": {"T1": 0.13841024495175758, "T3": 0.07534645197171866, "T5": 0.09543612463556803, "U1": 15.891913086864673, "U5": 17.34112841276169}, "datetime": {"datetime": "2021-03-05 15:55:03", "elapsed": 653.432118, "delta": 1.482999}}
{"target": 0.2936625101699907, "params": {"T1": 0.13203722872900697, "T3": 0.05316210862743385, "T5": 0.12537704778794118, "U1": 14.520219128009103, "U5": 18.376871385335455}, "datetime": {"datetime": "2021-03-05 15:55:06", "elapsed": 657.115799, "delta": 3.683681}}
{"target": 0.3930363803086346, "params": {"T1": 0.059653397067882245, "T3": 0.1184757376376648, "T5": 0.06977820741719114, "U1": 19.560689781620944, "U5": 19.795761731400713}, "datetime": {"datetime": "2021-03-05 15:55:08", "elapsed": 659.175386, "delta": 2.059587}}
{"target": 0.31581089830588194, "params": {"T1": 0.12397239371849174, "T3": 0.07401867653579394, "T5": 0.07216510008565258, "U1": 17.81297851559319, "U5": 14.377285682995108}, "datetime": {"datetime": "2021-03-05 15:55:10", "elapsed": 660.633656, "delta": 1.45827}}
{"target": 0.36434447002205794, "params": {"T1": 0.08188393213912429, "T3": 0.12746029978305748, "T5": 0.10498759329630068, "U1": 16.78695826369799, "U5": 14.771638408546098}, "datetime": {"datetime": "2021-03-05 15:55:12", "elapsed": 662.547585, "delta": 1.913929}}
{"target": 0.3107385127923273, "params": {"T1": 0.09597966284362579, "T3": 0.11896457776138446, "T5": 0.10244768657246409, "U1": 13.973222181277038, "U5": 13.107840515186624}, "datetime": {"datetime": "2021-03-05 15:55:13", "elapsed": 663.911103, "delta": 1.363518}}
{"target": 0.3276520144044281, "params": {"T1": 0.08574924604945482, "T3": 0.08399757227049498, "T5": 0.14106337778189504, "U1": 15.772529109472057, "U5": 12.05825661637138}, "datetime": {"datetime": "2021-03-05 15:55:16", "elapsed": 666.508938, "delta": 2.597835}}
{"target": 0.2996824351223146, "params": {"T1": 0.13670221969619706, "T3": 0.1294375280703302, "T5": 0.12362377667919423, "U1": 14.891217544228514, "U5": 18.651904256924826}, "datetime": {"datetime": "2021-03-05 15:55:17", "elapsed": 668.176071, "delta": 1.667133}}
{"target": 0.361103485666122, "params": {"T1": 0.08271224715033276, "T3": 0.05653509168089724, "T5": 0.10297571398495983, "U1": 15.013993595267078, "U5": 12.672978455145604}, "datetime": {"datetime": "2021-03-05 15:55:19", "elapsed": 669.764845, "delta": 1.588774}}
{"target": 0.28115512143338267, "params": {"T1": 0.12320303144793149, "T3": 0.11900772033886538, "T5": 0.10730221493276937, "U1": 15.019003816957557, "U5": 14.023981994915564}, "datetime": {"datetime": "2021-03-05 15:55:20", "elapsed": 671.044733, "delta": 1.279888}}
{"target": 0.30067141663730707, "params": {"T1": 0.14912782714851475, "T3": 0.07102574404533839, "T5": 0.09473498143925704, "U1": 16.66160059369913, "U5": 15.332733764232207}, "datetime": {"datetime": "2021-03-05 15:55:22", "elapsed": 672.547274, "delta": 1.502541}}
{"target": 0.3097994435839973, "params": {"T1": 0.13317833213657831, "T3": 0.11405065225298412, "T5": 0.11575811278302946, "U1": 17.608419188023873, "U5": 13.133914193548}, "datetime": {"datetime": "2021-03-05 15:55:24", "elapsed": 675.027417, "delta": 2.480143}}
{"target": 0.3000162239170043, "params": {"T1": 0.06028582013119398, "T3": 0.07585005374022559, "T5": 0.08661864900027084, "U1": 13.286590872064963, "U5": 12.152682841050726}, "datetime": {"datetime": "2021-03-05 15:55:26", "elapsed": 676.636383, "delta": 1.608966}}
{"target": 0.27373598265549853, "params": {"T1": 0.1337072845062726, "T3": 0.06686479944409314, "T5": 0.07160419280083749, "U1": 14.03866204559232, "U5": 19.51872299461789}, "datetime": {"datetime": "2021-03-05 15:55:27", "elapsed": 678.298744, "delta": 1.662361}}
{"target": 0.30497162501253183, "params": {"T1": 0.11492887625447372, "T3": 0.10139529532400465, "T5": 0.12363484285181331, "U1": 19.70528567237349, "U5": 17.678071478041687}, "datetime": {"datetime": "2021-03-05 15:55:29", "elapsed": 680.372995, "delta": 2.074251}}
{"target": 0.3016070429887899, "params": {"T1": 0.06940684077238253, "T3": 0.05272996551798529, "T5": 0.09828154367135675, "U1": 17.359833350413744, "U5": 15.88198466343787}, "datetime": {"datetime": "2021-03-05 15:55:31", "elapsed": 682.004622, "delta": 1.631627}}
{"target": 0.30342594375310816, "params": {"T1": 0.1319547056542845, "T3": 0.09825343549246252, "T5": 0.10718299092080111, "U1": 16.318471030750068, "U5": 15.716150378850877}, "datetime": {"datetime": "2021-03-05 15:55:34", "elapsed": 684.717251, "delta": 2.712629}}
{"target": 0.29600846804064695, "params": {"T1": 0.08682438181133076, "T3": 0.1423280936887914, "T5": 0.06211726300379995, "U1": 14.793091068425506, "U5": 14.392142323229542}, "datetime": {"datetime": "2021-03-05 15:55:37", "elapsed": 687.786367, "delta": 3.069116}}
{"target": 0.3119918831653403, "params": {"T1": 0.09887130552221177, "T3": 0.07449290819912484, "T5": 0.097464291622258, "U1": 12.694330789084194, "U5": 16.84947089371245}, "datetime": {"datetime": "2021-03-05 15:55:38", "elapsed": 689.383547, "delta": 1.59718}}
{"target": 0.30065929578034545, "params": {"T1": 0.09930320685274371, "T3": 0.06369343074710823, "T5": 0.07674323495746843, "U1": 12.762467116562036, "U5": 14.58497322085315}, "datetime": {"datetime": "2021-03-05 15:55:40", "elapsed": 690.813581, "delta": 1.430034}}
{"target": 0.32239519254839105, "params": {"T1": 0.09890141120965343, "T3": 0.10020368707508946, "T5": 0.13971383409023586, "U1": 18.991689811331344, "U5": 14.928264525675178}, "datetime": {"datetime": "2021-03-05 15:55:41", "elapsed": 692.369933, "delta": 1.556352}}
{"target": 0.3081568936635614, "params": {"T1": 0.11721938446915893, "T3": 0.14544003635667543, "T5": 0.14061422839648424, "U1": 19.852582421840182, "U5": 14.493550081315496}, "datetime": {"datetime": "2021-03-05 15:55:43", "elapsed": 693.689894, "delta": 1.319961}}
{"target": 0.45901946709617264, "params": {"T1": 0.06708093349608467, "T3": 0.11488106319841353, "T5": 0.09762316044462908, "U1": 17.799084769260556, "U5": 17.12907461076506}, "datetime": {"datetime": "2021-03-05 15:55:44", "elapsed": 695.065539, "delta": 1.375645}}
{"target": 0.30341237672724797, "params": {"T1": 0.08973529519633394, "T3": 0.06826140553041957, "T5": 0.08725658129012726, "U1": 13.525551449704906, "U5": 17.48531564883038}, "datetime": {"datetime": "2021-03-05 15:55:46", "elapsed": 696.655574, "delta": 1.590035}}
{"target": 0.3062573973844844, "params": {"T1": 0.12875214837543775, "T3": 0.07787059745970593, "T5": 0.05555396932262644, "U1": 14.797261893982103, "U5": 14.759494057670505}, "datetime": {"datetime": "2021-03-05 15:55:48", "elapsed": 699.048253, "delta": 2.392679}}
{"target": 0.38187037617958286, "params": {"T1": 0.08899142193141335, "T3": 0.08683405043047926, "T5": 0.05905411262833487, "U1": 12.036698215318935, "U5": 13.790107678980707}, "datetime": {"datetime": "2021-03-05 15:55:50", "elapsed": 700.857293, "delta": 1.80904}}
{"target": 0.32233271777961103, "params": {"T1": 0.0714424335784644, "T3": 0.09611686218210808, "T5": 0.0956916419413095, "U1": 19.18643800301392, "U5": 19.08162303878422}, "datetime": {"datetime": "2021-03-05 15:55:52", "elapsed": 702.588924, "delta": 1.731631}}
{"target": 0.2974752641836381, "params": {"T1": 0.13630637598245676, "T3": 0.06704010987735673, "T5": 0.10709074601695825, "U1": 15.39503752610118, "U5": 14.74065478093528}, "datetime": {"datetime": "2021-03-05 15:55:53", "elapsed": 704.130792, "delta": 1.541868}}
{"target": 0.3578499690356567, "params": {"T1": 0.13564190007594074, "T3": 0.1465457401788126, "T5": 0.058417192615282366, "U1": 19.25511406319809, "U5": 13.682399522145227}, "datetime": {"datetime": "2021-03-05 15:55:55", "elapsed": 705.81234, "delta": 1.681548}}
{"target": 0.30117975076147563, "params": {"T1": 0.12156814538142903, "T3": 0.08348318471909724, "T5": 0.08012556584324251, "U1": 15.845220618658802, "U5": 14.009317467036936}, "datetime": {"datetime": "2021-03-05 15:55:56", "elapsed": 707.40644, "delta": 1.5941}}
{"target": 0.2995023366747427, "params": {"T1": 0.1418831211690238, "T3": 0.14835959157820947, "T5": 0.10721407200826613, "U1": 16.948516394260523, "U5": 12.847359997385}, "datetime": {"datetime": "2021-03-05 15:55:58", "elapsed": 708.988616, "delta": 1.582176}}
{"target": 0.32001017348182276, "params": {"T1": 0.09196745929520309, "T3": 0.11028279676608477, "T5": 0.08705097297942258, "U1": 13.735624499772904, "U5": 18.049056874360005}, "datetime": {"datetime": "2021-03-05 15:56:01", "elapsed": 712.135833, "delta": 3.147217}}
{"target": 0.30426802788039253, "params": {"T1": 0.08702197329866633, "T3": 0.07600389150951595, "T5": 0.058501550606803954, "U1": 14.864556182850091, "U5": 13.030968870834034}, "datetime": {"datetime": "2021-03-05 15:56:03", "elapsed": 714.16095, "delta": 2.025117}}
{"target": 0.3348561940038768, "params": {"T1": 0.0991449741738688, "T3": 0.10638438863936606, "T5": 0.10992846558164796, "U1": 14.721040228224236, "U5": 18.782625641134292}, "datetime": {"datetime": "2021-03-05 15:56:05", "elapsed": 715.691465, "delta": 1.530515}}
{"target": 0.312135085669789, "params": {"T1": 0.1165523826103484, "T3": 0.13428254916892904, "T5": 0.1480438596629508, "U1": 19.575758689140496, "U5": 13.863483925943548}, "datetime": {"datetime": "2021-03-05 15:56:06", "elapsed": 717.384307, "delta": 1.692842}}
{"target": 0.2972952386549115, "params": {"T1": 0.055852605663624294, "T3": 0.06379542992506668, "T5": 0.12951209809444336, "U1": 13.819756865855183, "U5": 15.333494015253924}, "datetime": {"datetime": "2021-03-05 15:56:08", "elapsed": 718.842891, "delta": 1.458584}}
{"target": 0.313735161517835, "params": {"T1": 0.08456969876274024, "T3": 0.062079186868745244, "T5": 0.09286953048720761, "U1": 12.954332379921105, "U5": 19.77614703136866}, "datetime": {"datetime": "2021-03-05 15:56:10", "elapsed": 720.538422, "delta": 1.695531}}
{"target": 0.32396634379848793, "params": {"T1": 0.07811741824021827, "T3": 0.14598633147047285, "T5": 0.08412729318405718, "U1": 14.565618207452392, "U5": 14.58730571962425}, "datetime": {"datetime": "2021-03-05 15:56:13", "elapsed": 723.549935, "delta": 3.011513}}
{"target": 0.30267987715786676, "params": {"T1": 0.0542059562123475, "T3": 0.10498203782144282, "T5": 0.07201224170870366, "U1": 18.64193933421645, "U5": 12.831294400751144}, "datetime": {"datetime": "2021-03-05 15:56:14", "elapsed": 725.045939, "delta": 1.496004}}
{"target": 0.29826975451200155, "params": {"T1": 0.14122029914585107, "T3": 0.07700118891413642, "T5": 0.1398731673790961, "U1": 15.411491174372138, "U5": 18.494059343449706}, "datetime": {"datetime": "2021-03-05 15:56:16", "elapsed": 727.40325, "delta": 2.357311}}
{"target": 0.34553454360652625, "params": {"T1": 0.09368508930216793, "T3": 0.120631896634588, "T5": 0.09842642267734242, "U1": 16.38824682960293, "U5": 16.411175311859992}, "datetime": {"datetime": "2021-03-05 15:56:18", "elapsed": 728.804604, "delta": 1.401354}}
{"target": 0.3113050354801285, "params": {"T1": 0.07195268932938376, "T3": 0.07677133592214871, "T5": 0.13584231805782138, "U1": 17.48269229906252, "U5": 15.900495318041285}, "datetime": {"datetime": "2021-03-05 15:56:19", "elapsed": 730.232941, "delta": 1.428337}}
{"target": 0.24649003241669357, "params": {"T1": 0.14679252923226932, "T3": 0.056848573621892974, "T5": 0.06975029639227054, "U1": 16.089450336917114, "U5": 18.9170981440365}, "datetime": {"datetime": "2021-03-05 15:56:21", "elapsed": 731.938265, "delta": 1.705324}}
{"target": 0.3165386932863097, "params": {"T1": 0.06599811873090788, "T3": 0.09364893840754006, "T5": 0.08564966110844562, "U1": 13.081549046828158, "U5": 18.688780816942096}, "datetime": {"datetime": "2021-03-05 15:56:24", "elapsed": 734.559719, "delta": 2.621454}}
{"target": 0.29379094222125196, "params": {"T1": 0.05312728729262564, "T3": 0.06538564383604747, "T5": 0.1383536382588031, "U1": 15.147780150349783, "U5": 17.816463456913677}, "datetime": {"datetime": "2021-03-05 15:56:26", "elapsed": 736.703876, "delta": 2.144157}}
{"target": 0.24011396577919375, "params": {"T1": 0.0868033792279134, "T3": 0.0801511005483906, "T5": 0.10662050068664997, "U1": 14.253267332645521, "U5": 16.5415424775569}, "datetime": {"datetime": "2021-03-05 15:56:28", "elapsed": 738.595286, "delta": 1.89141}}
{"target": 0.26247576668951705, "params": {"T1": 0.07694187684641195, "T3": 0.08023056644948215, "T5": 0.05998389650066807, "U1": 16.67816283665767, "U5": 16.498535003887035}, "datetime": {"datetime": "2021-03-05 15:56:29", "elapsed": 740.171933, "delta": 1.576647}}
{"target": 0.3147781952058869, "params": {"T1": 0.09842678555651468, "T3": 0.06749762911598889, "T5": 0.1200298939878615, "U1": 18.282705628188715, "U5": 16.625581660613257}, "datetime": {"datetime": "2021-03-05 15:56:31", "elapsed": 741.685434, "delta": 1.513501}}
{"target": 0.3035270657670672, "params": {"T1": 0.11487081036061933, "T3": 0.11801629836976965, "T5": 0.12580359017954373, "U1": 19.24984935638959, "U5": 12.091629189963335}, "datetime": {"datetime": "2021-03-05 15:56:33", "elapsed": 743.738046, "delta": 2.052612}}
{"target": 0.26106082676800874, "params": {"T1": 0.08847450978769829, "T3": 0.13360069561868848, "T5": 0.11555376625469456, "U1": 16.562309398026077, "U5": 18.013685104885806}, "datetime": {"datetime": "2021-03-05 15:56:35", "elapsed": 745.546604, "delta": 1.808558}}
{"target": 0.6945661603458044, "params": {"T1": 0.08435504460600254, "T3": 0.13832976203566477, "T5": 0.07073608365440084, "U1": 16.985550453638155, "U5": 14.79245635960297}, "datetime": {"datetime": "2021-03-05 15:56:37", "elapsed": 748.052501, "delta": 2.505897}}
{"target": 0.24253995192662323, "params": {"T1": 0.10820983019926605, "T3": 0.13196382769936, "T5": 0.07760445912055101, "U1": 14.46287522886915, "U5": 18.90221750153925}, "datetime": {"datetime": "2021-03-05 15:56:39", "elapsed": 749.549443, "delta": 1.496942}}
{"target": 0.565652174819091, "params": {"T1": 0.1287786859305056, "T3": 0.10021628267042546, "T5": 0.129501631690343, "U1": 15.583517061345125, "U5": 13.23322039023395}, "datetime": {"datetime": "2021-03-05 15:56:40", "elapsed": 751.066562, "delta": 1.517119}}
{"target": 0.4570820918719993, "params": {"T1": 0.056185987294031785, "T3": 0.11251836482593781, "T5": 0.12239833991745898, "U1": 17.771081564716347, "U5": 12.654174214497608}, "datetime": {"datetime": "2021-03-05 15:56:42", "elapsed": 752.524295, "delta": 1.457733}}
{"target": 0.29613329867300253, "params": {"T1": 0.050439816067411804, "T3": 0.05102848624272475, "T5": 0.054429812906475764, "U1": 18.266415744923332, "U5": 17.547180261237603}, "datetime": {"datetime": "2021-03-05 15:56:45", "elapsed": 756.192484, "delta": 3.668189}}
{"target": 0.2492246695644296, "params": {"T1": 0.1274969956291892, "T3": 0.057083144483215754, "T5": 0.052393503688016534, "U1": 13.360017849436554, "U5": 16.883530963835312}, "datetime": {"datetime": "2021-03-05 15:56:47", "elapsed": 757.44437, "delta": 1.251886}}
{"target": 0.3771912574590581, "params": {"T1": 0.0607606008640407, "T3": 0.07597168331920706, "T5": 0.07057738282574795, "U1": 15.691218413805862, "U5": 12.749611933032778}, "datetime": {"datetime": "2021-03-05 15:56:48", "elapsed": 758.958631, "delta": 1.514261}}
{"target": 0.29034441063580263, "params": {"T1": 0.12881012628044455, "T3": 0.1436939817980254, "T5": 0.10199167536022208, "U1": 12.971458080200541, "U5": 12.982289748493308}, "datetime": {"datetime": "2021-03-05 15:56:51", "elapsed": 761.559479, "delta": 2.600848}}
{"target": 0.3215624173233689, "params": {"T1": 0.14221391915729786, "T3": 0.06615466700149811, "T5": 0.10658995583284925, "U1": 13.76558822334409, "U5": 14.133878995219332}, "datetime": {"datetime": "2021-03-05 15:56:52", "elapsed": 763.07656, "delta": 1.517081}}
{"target": 0.3035366816553152, "params": {"T1": 0.14364606518840767, "T3": 0.09620922082057115, "T5": 0.10500054960804266, "U1": 17.837706200814882, "U5": 12.608001894875223}, "datetime": {"datetime": "2021-03-05 15:56:54", "elapsed": 764.812312, "delta": 1.735752}}
{"target": 0.3260293933268, "params": {"T1": 0.08490438486856577, "T3": 0.09142206086637268, "T5": 0.11625680833318387, "U1": 19.240130308881042, "U5": 17.11457076657879}, "datetime": {"datetime": "2021-03-05 15:56:56", "elapsed": 766.537766, "delta": 1.725454}}
{"target": 0.3026593949546333, "params": {"T1": 0.07092284419179026, "T3": 0.066564883056109, "T5": 0.06820540063944842, "U1": 15.892403175994705, "U5": 17.95962495452305}, "datetime": {"datetime": "2021-03-05 15:56:59", "elapsed": 769.519924, "delta": 2.982158}}
{"target": 0.2845604271813, "params": {"T1": 0.1371637984859263, "T3": 0.062249020317859075, "T5": 0.11656809841989259, "U1": 17.686951390842555, "U5": 14.18717416097483}, "datetime": {"datetime": "2021-03-05 15:57:00", "elapsed": 771.165805, "delta": 1.645881}}
{"target": 0.27161881917683645, "params": {"T1": 0.10368497940049963, "T3": 0.07542111247042399, "T5": 0.14505180501081918, "U1": 18.43145354558844, "U5": 12.286553290700322}, "datetime": {"datetime": "2021-03-05 15:57:02", "elapsed": 772.719854, "delta": 1.554049}}
{"target": 0.30669618564207224, "params": {"T1": 0.1490905134679137, "T3": 0.13402401971332423, "T5": 0.09528554315075585, "U1": 18.0075890608921, "U5": 15.15954971805009}, "datetime": {"datetime": "2021-03-05 15:57:04", "elapsed": 774.8412, "delta": 2.121346}}
{"target": 0.29704555718626924, "params": {"T1": 0.061023405792678634, "T3": 0.11111890958545603, "T5": 0.052178976247781006, "U1": 16.00738904735965, "U5": 17.61138024361382}, "datetime": {"datetime": "2021-03-05 15:57:06", "elapsed": 776.5972, "delta": 1.756}}
{"target": 0.3600660431671414, "params": {"T1": 0.06956962125902386, "T3": 0.05718747200057176, "T5": 0.11364686081426269, "U1": 18.597423289088468, "U5": 17.472913689682144}, "datetime": {"datetime": "2021-03-05 15:57:08", "elapsed": 778.679533, "delta": 2.082333}}
{"target": 0.32489381751357466, "params": {"T1": 0.13699932946284415, "T3": 0.0883637879502832, "T5": 0.0977848822437307, "U1": 15.976957613827828, "U5": 14.304766237164896}, "datetime": {"datetime": "2021-03-05 15:57:10", "elapsed": 781.15548, "delta": 2.475947}}
