{"target": 0.11706365863834882, "params": {"T1": 0.08346379366545434, "T3": 0.07078680176927118, "T5": 0.13522456770394586, "U1": 19.95948424611673, "U5": 19.89010420438142}, "datetime": {"datetime": "2021-03-05 13:54:56", "elapsed": 3103.638709, "delta": 4.485599}}
{"target": 0.17030298616025447, "params": {"T1": 0.12837371696283037, "T3": 0.12532094027007404, "T5": 0.057161245961772446, "U1": 13.187085282008006, "U5": 13.4939700220329}, "datetime": {"datetime": "2021-03-05 13:55:01", "elapsed": 3108.634645, "delta": 4.995936}}
{"target": 0.9288276618972563, "params": {"T1": 0.05705417958207085, "T3": 0.12852256647154858, "T5": 0.08501826345506527, "U1": 17.54716116850287, "U5": 18.88321244273893}, "datetime": {"datetime": "2021-03-05 13:55:07", "elapsed": 3114.607881, "delta": 5.973236}}
{"target": 0.2547492620292156, "params": {"T1": 0.06271177711953899, "T3": 0.08530729726031758, "T5": 0.09713747466423023, "U1": 15.366445785688128, "U5": 17.52206555028382}, "datetime": {"datetime": "2021-03-05 13:55:12", "elapsed": 3119.300077, "delta": 4.692196}}
{"target": 0.17927481288223432, "params": {"T1": 0.13261246005837987, "T3": 0.07623572753923871, "T5": 0.06626899104367794, "U1": 16.246223634124163, "U5": 17.81799814720443}, "datetime": {"datetime": "2021-03-05 13:55:21", "elapsed": 3128.546157, "delta": 9.24608}}
{"target": 0.2477757312520772, "params": {"T1": 0.11855384450625814, "T3": 0.09888570034544963, "T5": 0.1481345841681806, "U1": 14.75492550601125, "U5": 19.611336229147142}, "datetime": {"datetime": "2021-03-05 13:55:26", "elapsed": 3133.248332, "delta": 4.702175}}
{"target": 0.24841833022055823, "params": {"T1": 0.05377500124770678, "T3": 0.14315578331236414, "T5": 0.13270373430930799, "U1": 13.79735492196237, "U5": 14.141689479651173}, "datetime": {"datetime": "2021-03-05 13:55:30", "elapsed": 3137.551629, "delta": 4.303297}}
{"target": 0.3425862759800626, "params": {"T1": 0.06704939156746871, "T3": 0.12536705209134014, "T5": 0.12387496788617103, "U1": 14.924555186704257, "U5": 19.480248242563327}, "datetime": {"datetime": "2021-03-05 13:55:35", "elapsed": 3142.486575, "delta": 4.934946}}
{"target": 0.12360039251064929, "params": {"T1": 0.11480746861979019, "T3": 0.09360704846498012, "T5": 0.06930989557669004, "U1": 15.341154973890823, "U5": 14.143651709378346}, "datetime": {"datetime": "2021-03-05 13:55:39", "elapsed": 3146.393128, "delta": 3.906553}}
{"target": 0.3555997618330979, "params": {"T1": 0.07482915696806988, "T3": 0.13508744236201126, "T5": 0.06286999586080175, "U1": 12.978971508250233, "U5": 12.773339251624924}, "datetime": {"datetime": "2021-03-05 13:55:44", "elapsed": 3151.263076, "delta": 4.869948}}
{"target": 0.1543982590327647, "params": {"T1": 0.11257538746137703, "T3": 0.0518117366116055, "T5": 0.11033786144717692, "U1": 15.395168575618332, "U5": 12.262648225305718}, "datetime": {"datetime": "2021-03-05 13:55:48", "elapsed": 3155.759157, "delta": 4.496081}}
{"target": 0.30862925740127145, "params": {"T1": 0.12346235845310656, "T3": 0.13827877902355568, "T5": 0.06208944306538103, "U1": 12.475132408490857, "U5": 18.09304878756919}, "datetime": {"datetime": "2021-03-05 13:55:53", "elapsed": 3160.359376, "delta": 4.600219}}
{"target": 0.15353095959155297, "params": {"T1": 0.08370088532016025, "T3": 0.13115663364200092, "T5": 0.1329840730953295, "U1": 13.426251270342624, "U5": 12.91632605389439}, "datetime": {"datetime": "2021-03-05 13:55:56", "elapsed": 3164.111235, "delta": 3.751859}}
{"target": 0.17144618234349646, "params": {"T1": 0.08568407291672223, "T3": 0.1105800806234603, "T5": 0.12564791050431157, "U1": 14.751044393136649, "U5": 13.940417997121997}, "datetime": {"datetime": "2021-03-05 13:56:01", "elapsed": 3168.686306, "delta": 4.575071}}
{"target": 0.2833926790989805, "params": {"T1": 0.11153239699139392, "T3": 0.07766398921686546, "T5": 0.08023401993730347, "U1": 18.56706769403929, "U5": 14.371789688029954}, "datetime": {"datetime": "2021-03-05 13:56:05", "elapsed": 3173.154543, "delta": 4.468237}}
{"target": 0.15673189659256972, "params": {"T1": 0.13359424958410004, "T3": 0.1394826706961309, "T5": 0.10853660096982173, "U1": 18.12536648847631, "U5": 18.502389912070907}, "datetime": {"datetime": "2021-03-05 13:56:10", "elapsed": 3177.539064, "delta": 4.384521}}
{"target": 0.1933506157155495, "params": {"T1": 0.1443785360989721, "T3": 0.10676746280033154, "T5": 0.09835335774863241, "U1": 13.480051833293043, "U5": 15.23044152278333}, "datetime": {"datetime": "2021-03-05 13:56:14", "elapsed": 3182.131902, "delta": 4.592838}}
{"target": 0.15837747459646873, "params": {"T1": 0.06368266918140372, "T3": 0.10180034387379092, "T5": 0.14760781873694895, "U1": 14.663572652044715, "U5": 15.42219766422175}, "datetime": {"datetime": "2021-03-05 13:56:19", "elapsed": 3187.053063, "delta": 4.921161}}
{"target": 0.16109914422057448, "params": {"T1": 0.06605737568269167, "T3": 0.1227623453926372, "T5": 0.1402755627550593, "U1": 19.91743190882653, "U5": 19.003043290682175}, "datetime": {"datetime": "2021-03-05 13:56:26", "elapsed": 3193.73418, "delta": 6.681117}}
{"target": 0.22834398861726976, "params": {"T1": 0.11858708795188523, "T3": 0.09255292458289668, "T5": 0.14013344760892932, "U1": 17.907083100817996, "U5": 18.625320009158088}, "datetime": {"datetime": "2021-03-05 13:56:31", "elapsed": 3198.641843, "delta": 4.907663}}
{"target": 0.18760684494246946, "params": {"T1": 0.08751564740511966, "T3": 0.06611253114395857, "T5": 0.0809702514911262, "U1": 12.919702751099583, "U5": 19.45829774169306}, "datetime": {"datetime": "2021-03-05 13:56:35", "elapsed": 3202.623736, "delta": 3.981893}}
{"target": 0.2798692251371232, "params": {"T1": 0.05803083552005683, "T3": 0.14122089464460474, "T5": 0.13736699995658314, "U1": 15.11160784252808, "U5": 12.350084342703187}, "datetime": {"datetime": "2021-03-05 13:56:39", "elapsed": 3207.057166, "delta": 4.43343}}
{"target": 0.18608391437461447, "params": {"T1": 0.10572492293822153, "T3": 0.13255365068524755, "T5": 0.11469945306097644, "U1": 18.79277147180827, "U5": 19.5199456921192}, "datetime": {"datetime": "2021-03-05 13:56:44", "elapsed": 3211.237821, "delta": 4.180655}}
{"target": 0.2541236158908616, "params": {"T1": 0.07278474688013926, "T3": 0.0709700044105834, "T5": 0.09197455477374847, "U1": 17.347149026234902, "U5": 15.667677911378686}, "datetime": {"datetime": "2021-03-05 13:56:49", "elapsed": 3216.332792, "delta": 5.094971}}
{"target": 0.22051876929154504, "params": {"T1": 0.05514565704483581, "T3": 0.08421362988168543, "T5": 0.10686262863950025, "U1": 16.357385156692466, "U5": 17.635009323059435}, "datetime": {"datetime": "2021-03-05 13:56:53", "elapsed": 3220.878572, "delta": 4.54578}}
{"target": 0.31450266760013734, "params": {"T1": 0.0720237911873598, "T3": 0.0820091973258019, "T5": 0.07628063497033089, "U1": 15.878682556751453, "U5": 15.572835260982695}, "datetime": {"datetime": "2021-03-05 13:56:58", "elapsed": 3225.219325, "delta": 4.340753}}
{"target": 0.2480123239705891, "params": {"T1": 0.08237233199345848, "T3": 0.13718840112684755, "T5": 0.12620525069256824, "U1": 17.91024933885884, "U5": 18.0196800635993}, "datetime": {"datetime": "2021-03-05 13:57:02", "elapsed": 3230.001165, "delta": 4.78184}}
{"target": 0.19423453354571768, "params": {"T1": 0.054977162863792554, "T3": 0.12169058662033044, "T5": 0.0958047698439298, "U1": 13.861930658719126, "U5": 12.277102746804609}, "datetime": {"datetime": "2021-03-05 13:57:13", "elapsed": 3240.646325, "delta": 10.64516}}
{"target": 0.652884218749332, "params": {"T1": 0.11842142197769785, "T3": 0.09938414184272368, "T5": 0.1490347664401953, "U1": 17.208736403441293, "U5": 16.338696080075977}, "datetime": {"datetime": "2021-03-05 13:57:17", "elapsed": 3244.935888, "delta": 4.289563}}
{"target": 0.35817848732263446, "params": {"T1": 0.11060223966970317, "T3": 0.12633123697073756, "T5": 0.054346085550761015, "U1": 18.677567074063465, "U5": 18.04106334891304}, "datetime": {"datetime": "2021-03-05 13:57:24", "elapsed": 3251.505476, "delta": 6.569588}}
{"target": 0.1616297043605643, "params": {"T1": 0.10322905337293153, "T3": 0.13486266531207708, "T5": 0.07133107221168475, "U1": 12.66057249420335, "U5": 19.30940069446831}, "datetime": {"datetime": "2021-03-05 13:57:28", "elapsed": 3255.369445, "delta": 3.863969}}
{"target": 0.13262724797936462, "params": {"T1": 0.07878812404843524, "T3": 0.0651673943383603, "T5": 0.10526973725709979, "U1": 17.49641545627925, "U5": 18.31513550637407}, "datetime": {"datetime": "2021-03-05 13:57:34", "elapsed": 3262.159829, "delta": 6.790384}}
{"target": 0.27552319561308425, "params": {"T1": 0.10318004883601245, "T3": 0.11308879092791789, "T5": 0.12782019140695705, "U1": 15.486466515602796, "U5": 18.08271572257918}, "datetime": {"datetime": "2021-03-05 13:57:39", "elapsed": 3266.72985, "delta": 4.570021}}
{"target": 0.17254045359181283, "params": {"T1": 0.12063887293763212, "T3": 0.062156466536717116, "T5": 0.07253576172932623, "U1": 12.921105660467013, "U5": 18.844545575750672}, "datetime": {"datetime": "2021-03-05 13:57:44", "elapsed": 3271.29083, "delta": 4.56098}}
{"target": 0.17897749621460612, "params": {"T1": 0.0997515148154871, "T3": 0.06957864385061814, "T5": 0.054951615491086694, "U1": 12.027558669322232, "U5": 13.221161108401017}, "datetime": {"datetime": "2021-03-05 13:57:48", "elapsed": 3275.5594, "delta": 4.26857}}
{"target": 0.14493777752851936, "params": {"T1": 0.0656560327915322, "T3": 0.07933764662867702, "T5": 0.10585739106224973, "U1": 18.961560233410875, "U5": 15.381695699520618}, "datetime": {"datetime": "2021-03-05 13:57:53", "elapsed": 3280.272494, "delta": 4.713094}}
{"target": 0.30132944948015694, "params": {"T1": 0.054992480460141095, "T3": 0.08413208264726, "T5": 0.08106666226236159, "U1": 14.896063720518786, "U5": 17.57954702769579}, "datetime": {"datetime": "2021-03-05 13:57:57", "elapsed": 3285.003475, "delta": 4.730981}}
{"target": 0.2613704146643526, "params": {"T1": 0.0755783920931937, "T3": 0.13956882752974356, "T5": 0.11202976200202644, "U1": 16.95131641768955, "U5": 15.592905586393346}, "datetime": {"datetime": "2021-03-05 13:58:03", "elapsed": 3290.205244, "delta": 5.201769}}
{"target": 0.3408397544843119, "params": {"T1": 0.07482263576329126, "T3": 0.055570539535285124, "T5": 0.09609573299888952, "U1": 18.162868657807277, "U5": 13.541444246652624}, "datetime": {"datetime": "2021-03-05 13:58:07", "elapsed": 3294.583952, "delta": 4.378708}}
{"target": 0.36710570577842316, "params": {"T1": 0.07908820299362654, "T3": 0.1351191993339308, "T5": 0.07387558575200255, "U1": 16.269052423563416, "U5": 19.96248146753348}, "datetime": {"datetime": "2021-03-05 13:58:13", "elapsed": 3300.178108, "delta": 5.594156}}
{"target": 0.32326365777859806, "params": {"T1": 0.11015005567461197, "T3": 0.05920933708378319, "T5": 0.13727866451061455, "U1": 15.26115025302725, "U5": 12.50238835191968}, "datetime": {"datetime": "2021-03-05 13:58:17", "elapsed": 3304.884802, "delta": 4.706694}}
{"target": 0.18860102733124415, "params": {"T1": 0.1113135137365028, "T3": 0.05547488025855081, "T5": 0.14660126450376265, "U1": 19.563714592567635, "U5": 19.41661001224172}, "datetime": {"datetime": "2021-03-05 13:58:25", "elapsed": 3312.22108, "delta": 7.336278}}
{"target": 0.817893626590631, "params": {"T1": 0.09038208255709887, "T3": 0.1409889823132125, "T5": 0.07438706940828622, "U1": 18.218484261671552, "U5": 19.470819815836517}, "datetime": {"datetime": "2021-03-05 13:58:32", "elapsed": 3319.222949, "delta": 7.001869}}
{"target": 0.14687593717745898, "params": {"T1": 0.11525567368804775, "T3": 0.07896266980566449, "T5": 0.13344474396289246, "U1": 13.475050983839564, "U5": 18.080953853050012}, "datetime": {"datetime": "2021-03-05 13:58:36", "elapsed": 3323.809167, "delta": 4.586218}}
{"target": 0.3554317039483539, "params": {"T1": 0.0565422441837756, "T3": 0.11300535046182515, "T5": 0.08170811170158988, "U1": 14.960870583905217, "U5": 15.917171193761428}, "datetime": {"datetime": "2021-03-05 13:58:42", "elapsed": 3329.486036, "delta": 5.676869}}
{"target": 0.1488978616424128, "params": {"T1": 0.11396995154442272, "T3": 0.1292005915366784, "T5": 0.11002488956205574, "U1": 15.967298783523978, "U5": 14.872962851034632}, "datetime": {"datetime": "2021-03-05 13:58:49", "elapsed": 3336.787153, "delta": 7.301117}}
{"target": 0.25895426580920444, "params": {"T1": 0.07758311775699343, "T3": 0.14087876874777341, "T5": 0.061743265318229185, "U1": 12.297488173443643, "U5": 13.852622365136734}, "datetime": {"datetime": "2021-03-05 13:58:57", "elapsed": 3344.847281, "delta": 8.060128}}
{"target": 0.21283394609121373, "params": {"T1": 0.059720100654792385, "T3": 0.05923543102207976, "T5": 0.10118262837757333, "U1": 16.992416802626927, "U5": 15.692658628934321}, "datetime": {"datetime": "2021-03-05 13:59:06", "elapsed": 3353.209033, "delta": 8.361752}}
{"target": 0.17508785305675548, "params": {"T1": 0.12929343101090696, "T3": 0.11221539420568877, "T5": 0.08920917270302961, "U1": 14.02192227422792, "U5": 17.002322053243006}, "datetime": {"datetime": "2021-03-05 13:59:10", "elapsed": 3357.671705, "delta": 4.462672}}
{"target": 0.13753870937577672, "params": {"T1": 0.10701072388748721, "T3": 0.05171692651485275, "T5": 0.08404396879834913, "U1": 16.573303434080817, "U5": 18.857598361666565}, "datetime": {"datetime": "2021-03-05 13:59:15", "elapsed": 3362.925263, "delta": 5.253558}}
{"target": 0.5549489193613746, "params": {"T1": 0.12031511075972746, "T3": 0.08124330152190429, "T5": 0.06271236303765909, "U1": 15.393592045763842, "U5": 12.160905419542154}, "datetime": {"datetime": "2021-03-05 13:59:20", "elapsed": 3367.20749, "delta": 4.282227}}
{"target": 0.2590500586095803, "params": {"T1": 0.0628624951506324, "T3": 0.1442952160632664, "T5": 0.10855967325955777, "U1": 17.8349436424407, "U5": 19.02367894309572}, "datetime": {"datetime": "2021-03-05 13:59:24", "elapsed": 3372.150694, "delta": 4.943204}}
{"target": 0.22660242321462226, "params": {"T1": 0.09405176853604022, "T3": 0.10678665733350556, "T5": 0.09897587902659655, "U1": 13.769349342171724, "U5": 14.684447553709877}, "datetime": {"datetime": "2021-03-05 13:59:29", "elapsed": 3376.689217, "delta": 4.538523}}
{"target": 0.1384435914407403, "params": {"T1": 0.14202768177724562, "T3": 0.14690116288558544, "T5": 0.1254349881898726, "U1": 15.125729408225876, "U5": 18.319606249971244}, "datetime": {"datetime": "2021-03-05 13:59:34", "elapsed": 3381.91448, "delta": 5.225263}}
{"target": 0.2812417531441966, "params": {"T1": 0.11299280054742744, "T3": 0.1370147253527001, "T5": 0.10327999051703446, "U1": 19.072426778068966, "U5": 17.900282874534128}, "datetime": {"datetime": "2021-03-05 13:59:39", "elapsed": 3386.31524, "delta": 4.40076}}
{"target": 0.23048315586662277, "params": {"T1": 0.05638877911050053, "T3": 0.14362390615978318, "T5": 0.07960855655085716, "U1": 14.228090232309782, "U5": 19.36374987376402}, "datetime": {"datetime": "2021-03-05 13:59:46", "elapsed": 3393.363576, "delta": 7.048336}}
{"target": 0.2589258362836473, "params": {"T1": 0.08721491449629487, "T3": 0.07219492680232117, "T5": 0.12187992373839053, "U1": 19.374856512151204, "U5": 17.129976272529767}, "datetime": {"datetime": "2021-03-05 13:59:50", "elapsed": 3397.888908, "delta": 4.525332}}
{"target": 0.6811852386487581, "params": {"T1": 0.11926380440152069, "T3": 0.1437120087362359, "T5": 0.09919903427606547, "U1": 17.97423355355933, "U5": 14.136597204105371}, "datetime": {"datetime": "2021-03-05 13:59:55", "elapsed": 3402.924492, "delta": 5.035584}}
{"target": 0.5159472940781374, "params": {"T1": 0.09471074890109901, "T3": 0.1282303056327148, "T5": 0.09746818115809557, "U1": 15.344252243785336, "U5": 15.70785097776084}, "datetime": {"datetime": "2021-03-05 14:00:01", "elapsed": 3408.252691, "delta": 5.328199}}
{"target": 0.308537942991009, "params": {"T1": 0.06599600352993856, "T3": 0.13813865576539808, "T5": 0.1439907550507826, "U1": 17.13976373554602, "U5": 12.204504749749379}, "datetime": {"datetime": "2021-03-05 14:00:05", "elapsed": 3412.557387, "delta": 4.304696}}
{"target": 0.720547624368651, "params": {"T1": 0.1078020348040116, "T3": 0.09997408038651817, "T5": 0.10807827607865954, "U1": 18.63659323972719, "U5": 19.521245987040555}, "datetime": {"datetime": "2021-03-05 14:00:10", "elapsed": 3417.299985, "delta": 4.742598}}
{"target": 0.3156981468922359, "params": {"T1": 0.0789434786447973, "T3": 0.12591524811119215, "T5": 0.09736682603671754, "U1": 12.968515912564378, "U5": 15.907569308375718}, "datetime": {"datetime": "2021-03-05 14:00:18", "elapsed": 3425.64267, "delta": 8.342685}}
{"target": 0.22228806244111324, "params": {"T1": 0.08947879166594337, "T3": 0.061742722778417386, "T5": 0.11380728425378576, "U1": 15.837943730384438, "U5": 15.814634746631192}, "datetime": {"datetime": "2021-03-05 14:00:23", "elapsed": 3430.209119, "delta": 4.566449}}
{"target": 0.43250015742425146, "params": {"T1": 0.07366482091952917, "T3": 0.08818760707831474, "T5": 0.1111416989644386, "U1": 17.213343556937122, "U5": 13.574841233379882}, "datetime": {"datetime": "2021-03-05 14:00:27", "elapsed": 3434.555234, "delta": 4.346115}}
{"target": 0.1635497646360444, "params": {"T1": 0.10178801967461043, "T3": 0.12426081655230943, "T5": 0.053988061193494565, "U1": 15.954752397553829, "U5": 16.112856586937227}, "datetime": {"datetime": "2021-03-05 14:00:32", "elapsed": 3439.543985, "delta": 4.988751}}
{"target": 0.17103823265639834, "params": {"T1": 0.1088852421449131, "T3": 0.12232083073019093, "T5": 0.059329904877390094, "U1": 12.461605142098016, "U5": 18.942983609428094}, "datetime": {"datetime": "2021-03-05 14:00:37", "elapsed": 3444.743896, "delta": 5.199911}}
{"target": 0.17119864179119557, "params": {"T1": 0.13868061059590087, "T3": 0.05844760544186363, "T5": 0.08879063489483859, "U1": 13.807909821171236, "U5": 14.303680532328332}, "datetime": {"datetime": "2021-03-05 14:00:41", "elapsed": 3449.050244, "delta": 4.306348}}
{"target": 0.23074370527051324, "params": {"T1": 0.13140145313525498, "T3": 0.13985517280820045, "T5": 0.14530594091606092, "U1": 14.064319786430858, "U5": 12.456953567214736}, "datetime": {"datetime": "2021-03-05 14:00:47", "elapsed": 3454.37145, "delta": 5.321206}}
{"target": 0.3399372488712478, "params": {"T1": 0.08428066214349987, "T3": 0.07533713959037537, "T5": 0.10925665328574016, "U1": 19.005421626898283, "U5": 19.386710268649146}, "datetime": {"datetime": "2021-03-05 14:00:51", "elapsed": 3459.112799, "delta": 4.741349}}
{"target": 0.3719174412397717, "params": {"T1": 0.062509758190303, "T3": 0.09567388282504291, "T5": 0.06960567623648238, "U1": 18.283081264714017, "U5": 18.066900873142202}, "datetime": {"datetime": "2021-03-05 14:00:58", "elapsed": 3465.659698, "delta": 6.546899}}
{"target": 0.30445316139929857, "params": {"T1": 0.08680596106663319, "T3": 0.055999804226751826, "T5": 0.14645579475872475, "U1": 13.717068076512163, "U5": 12.626320318751915}, "datetime": {"datetime": "2021-03-05 14:01:02", "elapsed": 3469.87463, "delta": 4.214932}}
{"target": 0.16615312388975378, "params": {"T1": 0.11008603962689334, "T3": 0.09894853089725719, "T5": 0.1186834162720445, "U1": 15.64887488194734, "U5": 17.138558545906537}, "datetime": {"datetime": "2021-03-05 14:01:14", "elapsed": 3481.306461, "delta": 11.431831}}
{"target": 0.6198879535410393, "params": {"T1": 0.06931666667309945, "T3": 0.11856411914660527, "T5": 0.11438453469937462, "U1": 19.54714472344592, "U5": 19.316239357376844}, "datetime": {"datetime": "2021-03-05 14:01:18", "elapsed": 3485.841195, "delta": 4.534734}}
{"target": 0.220636282070343, "params": {"T1": 0.06394722931979871, "T3": 0.1103565213736599, "T5": 0.09694910453091599, "U1": 19.363811193937245, "U5": 12.226016917526373}, "datetime": {"datetime": "2021-03-05 14:01:23", "elapsed": 3491.024773, "delta": 5.183578}}
{"target": 0.33555063365098503, "params": {"T1": 0.07987493077150117, "T3": 0.10834373662402066, "T5": 0.1030442980961587, "U1": 19.554430732157577, "U5": 19.322796277566354}, "datetime": {"datetime": "2021-03-05 14:01:30", "elapsed": 3497.914976, "delta": 6.890203}}
{"target": 0.20425131062386412, "params": {"T1": 0.06533036065877988, "T3": 0.09126654470699289, "T5": 0.10403041471717098, "U1": 19.971645772999576, "U5": 15.979691564573061}, "datetime": {"datetime": "2021-03-05 14:01:35", "elapsed": 3502.962333, "delta": 5.047357}}
{"target": 0.29544013413537346, "params": {"T1": 0.10547386846125865, "T3": 0.10848685191145499, "T5": 0.14841989177269055, "U1": 13.978356510644424, "U5": 19.10439166317219}, "datetime": {"datetime": "2021-03-05 14:01:40", "elapsed": 3508.133418, "delta": 5.171085}}
{"target": 0.21897416865335823, "params": {"T1": 0.1188720169078685, "T3": 0.1404662316618714, "T5": 0.058238869986290555, "U1": 12.475009083020872, "U5": 18.099180308752384}, "datetime": {"datetime": "2021-03-05 14:01:46", "elapsed": 3513.292501, "delta": 5.159083}}
{"target": 0.5889320204471807, "params": {"T1": 0.07297694885959938, "T3": 0.11148519589347489, "T5": 0.1331842946178836, "U1": 17.969761006758027, "U5": 18.07403289323919}, "datetime": {"datetime": "2021-03-05 14:02:01", "elapsed": 3528.601466, "delta": 15.308965}}
{"target": 0.4665682099487035, "params": {"T1": 0.11695670495452516, "T3": 0.13310206334280805, "T5": 0.05518668983169313, "U1": 19.677908353479015, "U5": 19.67466555280965}, "datetime": {"datetime": "2021-03-05 14:02:05", "elapsed": 3532.234773, "delta": 3.633307}}
{"target": 0.25802969633238587, "params": {"T1": 0.05520764256734733, "T3": 0.05183058815082092, "T5": 0.05391706009509455, "U1": 16.680254468813438, "U5": 16.157993380660386}, "datetime": {"datetime": "2021-03-05 14:02:09", "elapsed": 3537.064347, "delta": 4.829574}}
{"target": 0.5333222985203021, "params": {"T1": 0.07204356456816145, "T3": 0.09723826034100756, "T5": 0.07614145766420469, "U1": 18.40627014441208, "U5": 13.261056809769068}, "datetime": {"datetime": "2021-03-05 14:02:16", "elapsed": 3543.933454, "delta": 6.869107}}
