{"target": 0.44888992377257225, "params": {"T1": 0.14060034351675188, "T3": 0.12255417165209335, "T5": 0.10765914284665701, "U1": 19.767792990213387, "U5": 14.608514347330233}, "datetime": {"datetime": "2021-03-05 15:44:42", "elapsed": 32.852318, "delta": 0.224506}}
{"target": 0.29981997605217925, "params": {"T1": 0.13083969200305612, "T3": 0.10075872802930241, "T5": 0.11826276743262526, "U1": 13.291418541099631, "U5": 14.27118143311257}, "datetime": {"datetime": "2021-03-05 15:44:42", "elapsed": 33.250511, "delta": 0.398193}}
{"target": 0.403967723027399, "params": {"T1": 0.14330111686300015, "T3": 0.10506343938320645, "T5": 0.053369108367814, "U1": 19.962453903895174, "U5": 18.530112539580436}, "datetime": {"datetime": "2021-03-05 15:44:43", "elapsed": 33.515314, "delta": 0.264803}}
{"target": 0.2849864724120336, "params": {"T1": 0.14792927037923354, "T3": 0.06886162848619995, "T5": 0.12771265230316986, "U1": 13.334544455914795, "U5": 14.257419971874555}, "datetime": {"datetime": "2021-03-05 15:44:43", "elapsed": 33.933414, "delta": 0.4181}}
{"target": 0.3051068924491857, "params": {"T1": 0.11417646018435013, "T3": 0.09683909458093432, "T5": 0.08937108177631709, "U1": 18.749749985097917, "U5": 14.729874574021341}, "datetime": {"datetime": "2021-03-05 15:44:43", "elapsed": 34.343533, "delta": 0.410119}}
{"target": 0.29551994077516963, "params": {"T1": 0.1403878261461138, "T3": 0.11480691156855832, "T5": 0.08046038927574789, "U1": 19.932485380486163, "U5": 18.49074718628127}, "datetime": {"datetime": "2021-03-05 15:44:44", "elapsed": 34.765876, "delta": 0.422343}}
{"target": 0.3021297663782545, "params": {"T1": 0.12195373113193134, "T3": 0.08119727274628392, "T5": 0.11795852935835184, "U1": 18.78384859387591, "U5": 14.762602816176749}, "datetime": {"datetime": "2021-03-05 15:44:44", "elapsed": 35.16476, "delta": 0.398884}}
{"target": 0.25619614657441925, "params": {"T1": 0.12578304537385743, "T3": 0.0885077545541724, "T5": 0.057642644077853133, "U1": 19.95316542198685, "U5": 18.541880147104635}, "datetime": {"datetime": "2021-03-05 15:44:45", "elapsed": 35.590973, "delta": 0.426213}}
{"target": 0.27614751518823316, "params": {"T1": 0.13320781156230338, "T3": 0.07465674381014305, "T5": 0.10109242253452437, "U1": 18.7589186621448, "U5": 14.848062754562328}, "datetime": {"datetime": "2021-03-05 15:44:45", "elapsed": 35.822344, "delta": 0.231371}}
{"target": 0.2869063222242437, "params": {"T1": 0.12415642773639668, "T3": 0.08916822004345891, "T5": 0.12804255959303956, "U1": 14.22294289606035, "U5": 15.166136403004664}, "datetime": {"datetime": "2021-03-05 15:44:45", "elapsed": 36.049173, "delta": 0.226829}}
{"target": 0.2949399559108778, "params": {"T1": 0.05050484449064194, "T3": 0.09786666468845415, "T5": 0.11695919548125369, "U1": 14.867153559357835, "U5": 15.181283593816573}, "datetime": {"datetime": "2021-03-05 15:44:45", "elapsed": 36.283445, "delta": 0.234272}}
{"target": 0.3219790855169368, "params": {"T1": 0.13989616865425156, "T3": 0.05413472665630086, "T5": 0.08952731498309072, "U1": 19.287541298481386, "U5": 13.371147985495401}, "datetime": {"datetime": "2021-03-05 15:44:46", "elapsed": 36.507039, "delta": 0.223594}}
{"target": 0.3836164214262573, "params": {"T1": 0.1448048794089043, "T3": 0.13647836060068802, "T5": 0.11379691957378864, "U1": 17.01402063513641, "U5": 16.04984004486571}, "datetime": {"datetime": "2021-03-05 15:44:46", "elapsed": 36.735736, "delta": 0.228697}}
{"target": 0.6000418526781222, "params": {"T1": 0.08479449387130375, "T3": 0.14987912815828047, "T5": 0.06197772805491472, "U1": 18.729095730728005, "U5": 14.712795945595737}, "datetime": {"datetime": "2021-03-05 15:44:46", "elapsed": 37.184986, "delta": 0.44925}}
{"target": 0.2957871789122658, "params": {"T1": 0.1253033623688471, "T3": 0.0945477620338051, "T5": 0.12468175147201631, "U1": 15.542057318835695, "U5": 14.683488789758792}, "datetime": {"datetime": "2021-03-05 15:44:47", "elapsed": 37.64693, "delta": 0.461944}}
{"target": 0.3133680365925089, "params": {"T1": 0.11217402479789113, "T3": 0.13843247842630174, "T5": 0.09615181705693451, "U1": 16.427395915896312, "U5": 16.378343913856718}, "datetime": {"datetime": "2021-03-05 15:44:47", "elapsed": 37.888891, "delta": 0.241961}}
{"target": 0.32039177885942216, "params": {"T1": 0.14091213614913284, "T3": 0.11674683616329172, "T5": 0.125299056696632, "U1": 19.784784778217116, "U5": 14.601868784886667}, "datetime": {"datetime": "2021-03-05 15:44:48", "elapsed": 38.448358, "delta": 0.559467}}
{"target": 0.28589314177932035, "params": {"T1": 0.12684508304992853, "T3": 0.09258619653452713, "T5": 0.14878665191075294, "U1": 16.85130123780106, "U5": 12.29213107655153}, "datetime": {"datetime": "2021-03-05 15:44:48", "elapsed": 38.691565, "delta": 0.243207}}
{"target": 0.2897709655855673, "params": {"T1": 0.11465839218955004, "T3": 0.07958372414824852, "T5": 0.1385842921900383, "U1": 18.043950664515982, "U5": 18.266698963273747}, "datetime": {"datetime": "2021-03-05 15:44:48", "elapsed": 38.94702, "delta": 0.255455}}
{"target": 0.300004510804039, "params": {"T1": 0.11697910883132182, "T3": 0.13841725214688286, "T5": 0.06275362363404298, "U1": 18.280526023705626, "U5": 17.9405094215901}, "datetime": {"datetime": "2021-03-05 15:44:48", "elapsed": 39.414738, "delta": 0.467718}}
{"target": 0.30996488294706365, "params": {"T1": 0.14831580709329462, "T3": 0.09703558696044445, "T5": 0.08041106056552591, "U1": 17.732234109226564, "U5": 15.466312594586745}, "datetime": {"datetime": "2021-03-05 15:44:49", "elapsed": 39.655356, "delta": 0.240618}}
{"target": 0.28262055930188357, "params": {"T1": 0.11279740636996885, "T3": 0.09034226444509325, "T5": 0.14180456409688075, "U1": 16.0796045542346, "U5": 19.607129183371313}, "datetime": {"datetime": "2021-03-05 15:44:49", "elapsed": 39.915352, "delta": 0.259996}}
{"target": 0.29493164695975427, "params": {"T1": 0.07694916719453801, "T3": 0.09050019034240855, "T5": 0.13596825881620583, "U1": 19.489949423387976, "U5": 19.964878957165396}, "datetime": {"datetime": "2021-03-05 15:44:49", "elapsed": 40.242378, "delta": 0.327026}}
{"target": 0.339636792360188, "params": {"T1": 0.14501912117947996, "T3": 0.1252739313688273, "T5": 0.09706619213281147, "U1": 16.209151925940137, "U5": 19.68029073198666}, "datetime": {"datetime": "2021-03-05 15:44:50", "elapsed": 40.486181, "delta": 0.243803}}
{"target": 0.527527993253673, "params": {"T1": 0.12426076948074086, "T3": 0.1403140094684081, "T5": 0.05444762656634403, "U1": 19.769844590481775, "U5": 16.527817512191987}, "datetime": {"datetime": "2021-03-05 15:44:50", "elapsed": 40.722942, "delta": 0.236761}}
{"target": 0.2575966435729416, "params": {"T1": 0.11902553638797922, "T3": 0.1439365228718365, "T5": 0.12096853539814202, "U1": 15.423049274978686, "U5": 18.640311605660315}, "datetime": {"datetime": "2021-03-05 15:44:50", "elapsed": 40.961549, "delta": 0.238607}}
{"target": 0.24687429969926916, "params": {"T1": 0.12049446596979554, "T3": 0.10768383936291206, "T5": 0.13991563424883474, "U1": 12.748620989984634, "U5": 13.266313391882967}, "datetime": {"datetime": "2021-03-05 15:44:50", "elapsed": 41.267784, "delta": 0.306235}}
{"target": 0.2983799718735785, "params": {"T1": 0.09432875148454004, "T3": 0.05267067147726662, "T5": 0.08036505608144187, "U1": 18.685192357996762, "U5": 14.785721116122545}, "datetime": {"datetime": "2021-03-05 15:44:51", "elapsed": 41.590502, "delta": 0.322718}}
{"target": 0.2995474730654368, "params": {"T1": 0.1249416187023995, "T3": 0.055108561848423644, "T5": 0.1181476244431651, "U1": 13.036601757718554, "U5": 18.248808205162533}, "datetime": {"datetime": "2021-03-05 15:44:51", "elapsed": 41.885315, "delta": 0.294813}}
{"target": 0.22893276607670668, "params": {"T1": 0.09892719474095465, "T3": 0.14888948863237242, "T5": 0.10914479168774215, "U1": 18.610235588451015, "U5": 17.106499963256226}, "datetime": {"datetime": "2021-03-05 15:44:51", "elapsed": 42.139662, "delta": 0.254347}}
{"target": 0.2913971269540164, "params": {"T1": 0.11545645289498306, "T3": 0.1454475001332443, "T5": 0.05696782694524776, "U1": 16.746395554814917, "U5": 15.923988294816343}, "datetime": {"datetime": "2021-03-05 15:44:51", "elapsed": 42.392997, "delta": 0.253335}}
{"target": 0.3068032538252665, "params": {"T1": 0.0912608040533494, "T3": 0.08617765289401559, "T5": 0.05037337719942963, "U1": 15.990602539177274, "U5": 12.54017630294498}, "datetime": {"datetime": "2021-03-05 15:44:52", "elapsed": 42.699369, "delta": 0.306372}}
{"target": 0.2902444303784326, "params": {"T1": 0.10545756773673585, "T3": 0.10031043575735252, "T5": 0.09804480170771288, "U1": 12.552545786073935, "U5": 18.62473714792705}, "datetime": {"datetime": "2021-03-05 15:44:52", "elapsed": 42.949834, "delta": 0.250465}}
{"target": 0.30967573847998525, "params": {"T1": 0.09275831120258085, "T3": 0.056559384383791184, "T5": 0.13188338589868234, "U1": 13.72273603727926, "U5": 17.595450740191826}, "datetime": {"datetime": "2021-03-05 15:44:52", "elapsed": 43.198303, "delta": 0.248469}}
{"target": 0.3129491857558065, "params": {"T1": 0.14151407685587936, "T3": 0.06879881004586921, "T5": 0.10467004232991417, "U1": 14.406152544224092, "U5": 16.15491552483855}, "datetime": {"datetime": "2021-03-05 15:44:53", "elapsed": 43.495619, "delta": 0.297316}}
{"target": 0.30355138606432086, "params": {"T1": 0.10619972128268544, "T3": 0.05769569277233721, "T5": 0.1270451633813562, "U1": 16.62387425754737, "U5": 13.007692508459245}, "datetime": {"datetime": "2021-03-05 15:44:53", "elapsed": 43.746685, "delta": 0.251066}}
{"target": 0.3154294552037589, "params": {"T1": 0.07097776161447174, "T3": 0.1115295408349973, "T5": 0.07984690465869491, "U1": 12.715244503473214, "U5": 14.124172376510884}, "datetime": {"datetime": "2021-03-05 15:44:53", "elapsed": 44.091549, "delta": 0.344864}}
{"target": 0.28328551434946064, "params": {"T1": 0.07144825183606368, "T3": 0.12799418879340996, "T5": 0.1344680915159655, "U1": 12.69158864861592, "U5": 12.241294533960842}, "datetime": {"datetime": "2021-03-05 15:44:53", "elapsed": 44.357972, "delta": 0.266423}}
{"target": 0.3094791819641002, "params": {"T1": 0.10614538552027895, "T3": 0.14390646492654274, "T5": 0.06923838591756637, "U1": 17.564175819756393, "U5": 12.660774521783658}, "datetime": {"datetime": "2021-03-05 15:44:54", "elapsed": 44.662839, "delta": 0.304867}}
{"target": 0.2683414544082974, "params": {"T1": 0.1436860490905948, "T3": 0.09249317799682102, "T5": 0.06165891751960304, "U1": 18.720719031873024, "U5": 19.182474330837888}, "datetime": {"datetime": "2021-03-05 15:44:54", "elapsed": 44.915941, "delta": 0.253102}}
{"target": 0.34851300174262784, "params": {"T1": 0.13414375983703664, "T3": 0.06755215744572263, "T5": 0.09532644978351557, "U1": 15.237571067956328, "U5": 12.994122953375484}, "datetime": {"datetime": "2021-03-05 15:44:54", "elapsed": 45.177807, "delta": 0.261866}}
{"target": 0.31565573394478796, "params": {"T1": 0.05315327955200323, "T3": 0.05079627773803063, "T5": 0.09164451579636788, "U1": 18.96552154677227, "U5": 14.561499311153579}, "datetime": {"datetime": "2021-03-05 15:44:55", "elapsed": 45.433211, "delta": 0.255404}}
{"target": 0.2359989594832941, "params": {"T1": 0.05899928336633249, "T3": 0.11065347232879155, "T5": 0.10915049527543846, "U1": 16.786160293611886, "U5": 19.537791229848366}, "datetime": {"datetime": "2021-03-05 15:44:55", "elapsed": 45.71185, "delta": 0.278639}}
{"target": 0.30673499198628074, "params": {"T1": 0.10567611831024298, "T3": 0.09775162758672087, "T5": 0.11195892591727705, "U1": 13.047658939255019, "U5": 12.733792503563055}, "datetime": {"datetime": "2021-03-05 15:44:55", "elapsed": 46.048044, "delta": 0.336194}}
{"target": 0.20729078805815476, "params": {"T1": 0.06953394337283195, "T3": 0.12125180708121797, "T5": 0.12696604159697905, "U1": 17.630537642345594, "U5": 14.203967070312878}, "datetime": {"datetime": "2021-03-05 15:44:55", "elapsed": 46.310339, "delta": 0.262295}}
{"target": 0.30348535248434705, "params": {"T1": 0.08964103826652507, "T3": 0.08539313548643573, "T5": 0.08472741519737641, "U1": 19.429549085529796, "U5": 15.282686619316301}, "datetime": {"datetime": "2021-03-05 15:44:56", "elapsed": 46.581023, "delta": 0.270684}}
{"target": 0.30578712708048744, "params": {"T1": 0.123658267204628, "T3": 0.09844662688630051, "T5": 0.06383975465225562, "U1": 18.025671771716475, "U5": 19.800589266915388}, "datetime": {"datetime": "2021-03-05 15:44:56", "elapsed": 46.872238, "delta": 0.291215}}
{"target": 0.34970708616921065, "params": {"T1": 0.08470674904844563, "T3": 0.07550973851032641, "T5": 0.14594111565657322, "U1": 13.369731865833842, "U5": 19.513238409013002}, "datetime": {"datetime": "2021-03-05 15:44:56", "elapsed": 47.159866, "delta": 0.287628}}
{"target": 0.33475158065820637, "params": {"T1": 0.14523652230504613, "T3": 0.12478782293015983, "T5": 0.056644736696636146, "U1": 19.389531163787733, "U5": 12.821197730165622}, "datetime": {"datetime": "2021-03-05 15:44:57", "elapsed": 47.445187, "delta": 0.285321}}
{"target": 0.30600144524980255, "params": {"T1": 0.12513675256198853, "T3": 0.07816289667419521, "T5": 0.05945035045346401, "U1": 12.702931013029644, "U5": 18.09490746961766}, "datetime": {"datetime": "2021-03-05 15:44:57", "elapsed": 47.799113, "delta": 0.353926}}
{"target": 0.30244082635959274, "params": {"T1": 0.09604005472132099, "T3": 0.06572269808097218, "T5": 0.13397964605037055, "U1": 17.95042215455568, "U5": 19.991798172714482}, "datetime": {"datetime": "2021-03-05 15:44:57", "elapsed": 48.070058, "delta": 0.270945}}
{"target": 0.2971629382395746, "params": {"T1": 0.13681755116475447, "T3": 0.10687892575311467, "T5": 0.10765658263069931, "U1": 14.39691306612907, "U5": 17.132864106833182}, "datetime": {"datetime": "2021-03-05 15:44:57", "elapsed": 48.379419, "delta": 0.309361}}
{"target": 0.29065464814286307, "params": {"T1": 0.11524806738911013, "T3": 0.0650781703849517, "T5": 0.11300577379234282, "U1": 17.86170559849008, "U5": 18.329197114935795}, "datetime": {"datetime": "2021-03-05 15:44:58", "elapsed": 48.641851, "delta": 0.262432}}
{"target": 0.3119887542155497, "params": {"T1": 0.07264900074788984, "T3": 0.07108506175695398, "T5": 0.12674804150301858, "U1": 18.440157883525927, "U5": 17.877805927449273}, "datetime": {"datetime": "2021-03-05 15:44:58", "elapsed": 48.937453, "delta": 0.295602}}
{"target": 0.3011705401226782, "params": {"T1": 0.05487160755023094, "T3": 0.09711707160519678, "T5": 0.11122025312418536, "U1": 12.12666752359925, "U5": 13.827994561461482}, "datetime": {"datetime": "2021-03-05 15:44:58", "elapsed": 49.205458, "delta": 0.268005}}
{"target": 0.3026104461054235, "params": {"T1": 0.11005131467919, "T3": 0.06332791869102525, "T5": 0.13650804631603658, "U1": 13.95010741092473, "U5": 13.834151848091276}, "datetime": {"datetime": "2021-03-05 15:44:59", "elapsed": 49.474433, "delta": 0.268975}}
{"target": 0.41071121206569206, "params": {"T1": 0.14908181213879307, "T3": 0.06824790018465864, "T5": 0.05249184293517825, "U1": 16.601109060868637, "U5": 13.242244934438016}, "datetime": {"datetime": "2021-03-05 15:44:59", "elapsed": 49.734766, "delta": 0.260333}}
{"target": 0.30302845085139446, "params": {"T1": 0.13124114855754995, "T3": 0.14334602517647332, "T5": 0.14598059934515456, "U1": 15.655462157453233, "U5": 16.96396191493142}, "datetime": {"datetime": "2021-03-05 15:44:59", "elapsed": 50.050065, "delta": 0.315299}}
{"target": 0.30368199690689174, "params": {"T1": 0.13494794454583356, "T3": 0.09600002117422929, "T5": 0.10791204808523756, "U1": 14.89469297941135, "U5": 18.558415887067305}, "datetime": {"datetime": "2021-03-05 15:44:59", "elapsed": 50.345983, "delta": 0.295918}}
{"target": 0.27817710753694896, "params": {"T1": 0.10141907444148549, "T3": 0.13162729293014763, "T5": 0.10166017653983843, "U1": 12.328208857098495, "U5": 13.249801115940855}, "datetime": {"datetime": "2021-03-05 15:45:00", "elapsed": 50.644006, "delta": 0.298023}}
{"target": 0.30462780973536313, "params": {"T1": 0.13091688037724475, "T3": 0.13463491270232547, "T5": 0.07892849761263836, "U1": 16.7196591502697, "U5": 17.461767663516543}, "datetime": {"datetime": "2021-03-05 15:45:00", "elapsed": 50.962744, "delta": 0.318738}}
{"target": 0.29536974410074823, "params": {"T1": 0.05518249711974091, "T3": 0.06685323018750448, "T5": 0.06661545527283472, "U1": 19.85992476882495, "U5": 16.132499384360205}, "datetime": {"datetime": "2021-03-05 15:45:00", "elapsed": 51.226192, "delta": 0.263448}}
{"target": 0.3129848548174393, "params": {"T1": 0.0684148681731028, "T3": 0.1186742883645524, "T5": 0.14588537159757944, "U1": 12.769380992628736, "U5": 14.875437161292728}, "datetime": {"datetime": "2021-03-05 15:45:01", "elapsed": 51.507387, "delta": 0.281195}}
{"target": 0.3021212485324371, "params": {"T1": 0.07460087912492473, "T3": 0.08748015203373502, "T5": 0.09468634029910422, "U1": 13.29832630624875, "U5": 14.055111830476633}, "datetime": {"datetime": "2021-03-05 15:45:01", "elapsed": 51.774414, "delta": 0.267027}}
{"target": 0.25950764337915205, "params": {"T1": 0.11001923598766998, "T3": 0.08783165588904826, "T5": 0.14467362325701585, "U1": 18.103263063138275, "U5": 14.652949594105557}, "datetime": {"datetime": "2021-03-05 15:45:01", "elapsed": 52.07925, "delta": 0.304836}}
{"target": 0.23405364457014757, "params": {"T1": 0.06331148333785273, "T3": 0.11521428232793067, "T5": 0.13577775973679962, "U1": 16.422691718137322, "U5": 12.518272760379698}, "datetime": {"datetime": "2021-03-05 15:45:01", "elapsed": 52.405063, "delta": 0.325813}}
{"target": 0.2984168920598103, "params": {"T1": 0.08148294507837611, "T3": 0.14541977069993828, "T5": 0.1346214583992572, "U1": 14.729626341415525, "U5": 12.056547973106287}, "datetime": {"datetime": "2021-03-05 15:45:02", "elapsed": 52.729157, "delta": 0.324094}}
{"target": 0.2493051258236827, "params": {"T1": 0.11801023223871855, "T3": 0.13079122864054007, "T5": 0.05256958539883334, "U1": 17.17393080017218, "U5": 12.959962386957995}, "datetime": {"datetime": "2021-03-05 15:45:02", "elapsed": 52.996967, "delta": 0.26781}}
{"target": 0.29653318285659636, "params": {"T1": 0.10885378544931035, "T3": 0.05933011430382773, "T5": 0.10206299919698712, "U1": 17.843162221794714, "U5": 15.417930849214233}, "datetime": {"datetime": "2021-03-05 15:45:02", "elapsed": 53.272172, "delta": 0.275205}}
{"target": 0.300406827726877, "params": {"T1": 0.08508375253742517, "T3": 0.07572024374479847, "T5": 0.10268538856247697, "U1": 15.413929171014965, "U5": 15.104601062161002}, "datetime": {"datetime": "2021-03-05 15:45:03", "elapsed": 53.58829, "delta": 0.316118}}
{"target": 0.2955749478995086, "params": {"T1": 0.13745671010020605, "T3": 0.10195571291693072, "T5": 0.052250300543875784, "U1": 13.988450113722646, "U5": 15.014617287235613}, "datetime": {"datetime": "2021-03-05 15:45:03", "elapsed": 53.874714, "delta": 0.286424}}
{"target": 0.4133547916190606, "params": {"T1": 0.09551792238573648, "T3": 0.12847463921965122, "T5": 0.0899897243176839, "U1": 18.846787486719524, "U5": 14.815912431333981}, "datetime": {"datetime": "2021-03-05 15:45:03", "elapsed": 54.331929, "delta": 0.457215}}
{"target": 0.27991103301094206, "params": {"T1": 0.05515049810043702, "T3": 0.13659467015124155, "T5": 0.0868133920676766, "U1": 15.625843122177349, "U5": 15.848800903094993}, "datetime": {"datetime": "2021-03-05 15:45:04", "elapsed": 54.771375, "delta": 0.439446}}
{"target": 0.3101794181757264, "params": {"T1": 0.05342268109409142, "T3": 0.14679196354220747, "T5": 0.10251427683690706, "U1": 15.296456080920759, "U5": 15.446244288407588}, "datetime": {"datetime": "2021-03-05 15:45:04", "elapsed": 55.048514, "delta": 0.277139}}
{"target": 0.32342607029782994, "params": {"T1": 0.08218081747083436, "T3": 0.09582309857393745, "T5": 0.10595916484582305, "U1": 15.50757193902281, "U5": 14.699227391977905}, "datetime": {"datetime": "2021-03-05 15:45:05", "elapsed": 55.533502, "delta": 0.484988}}
{"target": 0.3006553542229005, "params": {"T1": 0.07499953016166155, "T3": 0.057643009915132194, "T5": 0.09917137567832307, "U1": 16.551430073734267, "U5": 12.74458982074255}, "datetime": {"datetime": "2021-03-05 15:45:05", "elapsed": 55.806155, "delta": 0.272653}}
{"target": 0.2731726172894709, "params": {"T1": 0.14546460522203375, "T3": 0.09192714029736003, "T5": 0.05926999585908759, "U1": 13.674650713185299, "U5": 12.42303279743563}, "datetime": {"datetime": "2021-03-05 15:45:05", "elapsed": 56.11648, "delta": 0.310325}}
{"target": 0.32845915584633983, "params": {"T1": 0.13831177453827798, "T3": 0.11725298645089144, "T5": 0.07359539841117882, "U1": 18.288733042032906, "U5": 17.912971751514792}, "datetime": {"datetime": "2021-03-05 15:45:06", "elapsed": 56.585794, "delta": 0.469314}}
{"target": 0.5036002868067379, "params": {"T1": 0.13762351776369794, "T3": 0.05018896801708337, "T5": 0.06114197025122192, "U1": 14.84713572915276, "U5": 16.68639406203151}, "datetime": {"datetime": "2021-03-05 15:45:06", "elapsed": 56.917745, "delta": 0.331951}}
{"target": 0.23172036929291334, "params": {"T1": 0.11848249710882568, "T3": 0.06962551800267214, "T5": 0.05985838723954443, "U1": 19.803670032660275, "U5": 19.275927488181274}, "datetime": {"datetime": "2021-03-05 15:45:06", "elapsed": 57.183253, "delta": 0.265508}}
{"target": 0.3042993423904338, "params": {"T1": 0.07710521634133652, "T3": 0.1286438373948992, "T5": 0.06583661408981414, "U1": 17.717491284493274, "U5": 19.5399796681166}, "datetime": {"datetime": "2021-03-05 15:45:07", "elapsed": 57.525862, "delta": 0.342609}}
{"target": 0.21236734517867323, "params": {"T1": 0.14936597183357564, "T3": 0.11384543496441081, "T5": 0.13351929774708465, "U1": 19.3778590449727, "U5": 17.429868598602674}, "datetime": {"datetime": "2021-03-05 15:45:07", "elapsed": 57.899906, "delta": 0.374044}}
