{"target": 0.24254663994895534, "params": {"T1": 0.1384636897927759, "T3": 0.1355409331181999, "T5": 0.06323764812605091, "U1": 15.209292667247341, "U5": 19.310760306140875}, "datetime": {"datetime": "2021-03-05 14:26:46", "elapsed": 4830.536958, "delta": 18.466749}}
{"target": 0.26676495970661757, "params": {"T1": 0.14402366051376417, "T3": 0.05046922576091936, "T5": 0.08773567442598959, "U1": 14.127391205741354, "U5": 19.929267180867704}, "datetime": {"datetime": "2021-03-05 14:26:52", "elapsed": 4836.19421, "delta": 5.657252}}
{"target": 0.17741108562279778, "params": {"T1": 0.1455027344568413, "T3": 0.057201275799624744, "T5": 0.05197822317874569, "U1": 13.563772867827064, "U5": 17.980669668105325}, "datetime": {"datetime": "2021-03-05 14:26:58", "elapsed": 4842.926175, "delta": 6.731965}}
{"target": 0.15671337100263882, "params": {"T1": 0.14721081576134204, "T3": 0.14042855330935633, "T5": 0.13522851613887232, "U1": 14.238498650827786, "U5": 13.221711539184891}, "datetime": {"datetime": "2021-03-05 14:27:05", "elapsed": 4849.374561, "delta": 6.448386}}
{"target": 0.2700535659626321, "params": {"T1": 0.13046894265379919, "T3": 0.11789935629474176, "T5": 0.14827969517553924, "U1": 18.517006891464654, "U5": 12.218111114475374}, "datetime": {"datetime": "2021-03-05 14:27:11", "elapsed": 4855.974195, "delta": 6.599634}}
{"target": 0.2911457197236913, "params": {"T1": 0.13186550738754726, "T3": 0.06582615036314207, "T5": 0.12357277290535153, "U1": 13.875347985969688, "U5": 13.39748321361243}, "datetime": {"datetime": "2021-03-05 14:27:23", "elapsed": 4867.219976, "delta": 11.245781}}
{"target": 0.22145429788472346, "params": {"T1": 0.09513916803196493, "T3": 0.12856897975017623, "T5": 0.11001052277002307, "U1": 13.275075310272346, "U5": 12.587908940264514}, "datetime": {"datetime": "2021-03-05 14:27:29", "elapsed": 4873.568217, "delta": 6.348241}}
{"target": 0.12494181434783042, "params": {"T1": 0.13035753709589987, "T3": 0.05068715228376495, "T5": 0.08740399733643373, "U1": 14.233689938984684, "U5": 14.313094551168476}, "datetime": {"datetime": "2021-03-05 14:27:35", "elapsed": 4879.938541, "delta": 6.370324}}
{"target": 0.19011680770992867, "params": {"T1": 0.09828180750095764, "T3": 0.07174105477420517, "T5": 0.1221255982126699, "U1": 13.253389513610017, "U5": 18.188281569794956}, "datetime": {"datetime": "2021-03-05 14:27:41", "elapsed": 4885.658556, "delta": 5.720015}}
{"target": 0.2825239396032259, "params": {"T1": 0.09562970626318129, "T3": 0.09875614505980349, "T5": 0.07928158179572423, "U1": 17.502442067665346, "U5": 13.317857171752191}, "datetime": {"datetime": "2021-03-05 14:27:47", "elapsed": 4892.093875, "delta": 6.435319}}
{"target": 0.658212026309354, "params": {"T1": 0.10673219623013919, "T3": 0.14832824075931153, "T5": 0.06865505840699654, "U1": 19.391236665268245, "U5": 18.857513960799636}, "datetime": {"datetime": "2021-03-05 14:27:54", "elapsed": 4898.283436, "delta": 6.189561}}
{"target": 0.15466168467485567, "params": {"T1": 0.13283919741216105, "T3": 0.08595062470313428, "T5": 0.10201026292364483, "U1": 14.097187786325957, "U5": 17.995114636976844}, "datetime": {"datetime": "2021-03-05 14:28:00", "elapsed": 4904.660557, "delta": 6.377121}}
{"target": 0.2840538101728739, "params": {"T1": 0.11002608846439191, "T3": 0.1466765006821779, "T5": 0.05912759617460237, "U1": 13.633837077901648, "U5": 13.637026900454345}, "datetime": {"datetime": "2021-03-05 14:28:07", "elapsed": 4911.445555, "delta": 6.784998}}
{"target": 0.26216847933076376, "params": {"T1": 0.10863508702666924, "T3": 0.07686586808957618, "T5": 0.1447379984092429, "U1": 16.001978384199543, "U5": 17.60584032806521}, "datetime": {"datetime": "2021-03-05 14:28:18", "elapsed": 4923.153286, "delta": 11.707731}}
{"target": 0.16432929476800642, "params": {"T1": 0.08937100088389373, "T3": 0.060045472408865964, "T5": 0.078929706188682, "U1": 12.143009319193297, "U5": 13.049116156599236}, "datetime": {"datetime": "2021-03-05 14:28:25", "elapsed": 4930.029875, "delta": 6.876589}}
{"target": 0.2634312704849854, "params": {"T1": 0.1097999186947565, "T3": 0.09967771949606162, "T5": 0.1474689225701598, "U1": 17.035872211038402, "U5": 12.290099511913844}, "datetime": {"datetime": "2021-03-05 14:28:32", "elapsed": 4936.470029, "delta": 6.440154}}
{"target": 0.43930671463228, "params": {"T1": 0.09118163439430099, "T3": 0.10280827530268974, "T5": 0.09697457341313237, "U1": 17.738488557659768, "U5": 19.894675965926}, "datetime": {"datetime": "2021-03-05 14:28:38", "elapsed": 4942.569053, "delta": 6.099024}}
{"target": 0.2009531547736853, "params": {"T1": 0.0930841432725496, "T3": 0.07395670049568862, "T5": 0.09169180997706447, "U1": 14.729762212765365, "U5": 19.96802024033921}, "datetime": {"datetime": "2021-03-05 14:28:45", "elapsed": 4949.275476, "delta": 6.706423}}
{"target": 0.14914898120625797, "params": {"T1": 0.10464633389285, "T3": 0.053016710039638794, "T5": 0.0694883484793114, "U1": 18.606296506214697, "U5": 15.440256783931446}, "datetime": {"datetime": "2021-03-05 14:28:51", "elapsed": 4955.975261, "delta": 6.699785}}
{"target": 0.2888021518103225, "params": {"T1": 0.08205523222670681, "T3": 0.14602892452070318, "T5": 0.09836426418405525, "U1": 16.95117642787846, "U5": 16.212929471887243}, "datetime": {"datetime": "2021-03-05 14:28:57", "elapsed": 4961.690976, "delta": 5.715715}}
{"target": 0.1743583151675769, "params": {"T1": 0.11147435893485406, "T3": 0.10271861093471757, "T5": 0.06574066493922369, "U1": 18.19656105541595, "U5": 17.487111928337555}, "datetime": {"datetime": "2021-03-05 14:29:04", "elapsed": 4968.647975, "delta": 6.956999}}
{"target": 0.1902158005554999, "params": {"T1": 0.09566131663729309, "T3": 0.0719074952484581, "T5": 0.051252455718047665, "U1": 12.271152642768119, "U5": 18.73776196865025}, "datetime": {"datetime": "2021-03-05 14:29:10", "elapsed": 4974.76334, "delta": 6.115365}}
{"target": 0.6380369478061602, "params": {"T1": 0.06069028680482395, "T3": 0.11829863125594732, "T5": 0.1450626460620077, "U1": 17.534839329249557, "U5": 18.664441266124157}, "datetime": {"datetime": "2021-03-05 14:29:21", "elapsed": 4986.080233, "delta": 11.316893}}
{"target": 0.16315351147388574, "params": {"T1": 0.14839321403189737, "T3": 0.08946260196490538, "T5": 0.10582848398352052, "U1": 15.073564661890718, "U5": 12.077770722919213}, "datetime": {"datetime": "2021-03-05 14:29:28", "elapsed": 4993.071506, "delta": 6.991273}}
{"target": 0.17610682973636482, "params": {"T1": 0.05852619004302783, "T3": 0.11428875322412949, "T5": 0.08692939494736177, "U1": 14.800867817361642, "U5": 16.578009687548814}, "datetime": {"datetime": "2021-03-05 14:29:35", "elapsed": 4999.2467, "delta": 6.175194}}
{"target": 0.33905862653684227, "params": {"T1": 0.06499881159588004, "T3": 0.08659494273402739, "T5": 0.11740942619373686, "U1": 14.971416994612635, "U5": 18.563120166022326}, "datetime": {"datetime": "2021-03-05 14:29:40", "elapsed": 5005.032887, "delta": 5.786187}}
{"target": 0.1359734249797941, "params": {"T1": 0.11545418248261244, "T3": 0.1290871464769351, "T5": 0.12006655957487215, "U1": 15.694597338145142, "U5": 12.595552611272865}, "datetime": {"datetime": "2021-03-05 14:29:47", "elapsed": 5012.112289, "delta": 7.079402}}
{"target": 0.22670796504518992, "params": {"T1": 0.08283877578627936, "T3": 0.13875299254750728, "T5": 0.11848243360641893, "U1": 19.783097719067968, "U5": 12.171313912090898}, "datetime": {"datetime": "2021-03-05 14:29:54", "elapsed": 5018.830774, "delta": 6.718485}}
{"target": 0.5785745326958331, "params": {"T1": 0.14971610108167144, "T3": 0.10650017876827708, "T5": 0.09637180448298643, "U1": 16.870794700410418, "U5": 19.516543258319775}, "datetime": {"datetime": "2021-03-05 14:30:01", "elapsed": 5025.47513, "delta": 6.644356}}
{"target": 0.13242974834261276, "params": {"T1": 0.12880917348132886, "T3": 0.06467405201880191, "T5": 0.12986797649505755, "U1": 14.99380548943067, "U5": 16.48519412418951}, "datetime": {"datetime": "2021-03-05 14:30:12", "elapsed": 5036.830915, "delta": 11.355785}}
{"target": 0.27951020277547706, "params": {"T1": 0.14047210096152302, "T3": 0.14439437884339562, "T5": 0.057527845114472335, "U1": 19.4121471017417, "U5": 17.23562932113941}, "datetime": {"datetime": "2021-03-05 14:30:19", "elapsed": 5043.775895, "delta": 6.94498}}
{"target": 0.17504084539191112, "params": {"T1": 0.14481854436496022, "T3": 0.1283896581795193, "T5": 0.135297119883719, "U1": 17.483976997635835, "U5": 18.390469454318286}, "datetime": {"datetime": "2021-03-05 14:30:26", "elapsed": 5050.364871, "delta": 6.588976}}
{"target": 0.1578021189775012, "params": {"T1": 0.08299189615245141, "T3": 0.1120355382374087, "T5": 0.11348677909100492, "U1": 13.91832165566057, "U5": 19.24195522141837}, "datetime": {"datetime": "2021-03-05 14:30:33", "elapsed": 5057.580001, "delta": 7.21513}}
{"target": 0.6578501822684844, "params": {"T1": 0.11860607578486511, "T3": 0.11410958831650854, "T5": 0.08292922327317805, "U1": 19.621404491661266, "U5": 12.531856944840737}, "datetime": {"datetime": "2021-03-05 14:30:39", "elapsed": 5063.931612, "delta": 6.351611}}
{"target": 0.2809459612666223, "params": {"T1": 0.05324885107317278, "T3": 0.07347949230069328, "T5": 0.14498504611763904, "U1": 14.073525208691091, "U5": 16.90869144415968}, "datetime": {"datetime": "2021-03-05 14:30:46", "elapsed": 5070.679739, "delta": 6.748127}}
{"target": 0.3551764886379641, "params": {"T1": 0.09645098213281195, "T3": 0.05948525890685983, "T5": 0.10713356394849605, "U1": 18.062702612480685, "U5": 19.86392102786139}, "datetime": {"datetime": "2021-03-05 14:30:59", "elapsed": 5083.730772, "delta": 13.051033}}
{"target": 0.15181524471974855, "params": {"T1": 0.10385676509111524, "T3": 0.12155050210564665, "T5": 0.10040835562415149, "U1": 19.39604527787032, "U5": 17.671084141385194}, "datetime": {"datetime": "2021-03-05 14:31:06", "elapsed": 5091.051047, "delta": 7.320275}}
{"target": 0.2403181757659973, "params": {"T1": 0.1460581000121018, "T3": 0.055860349646463074, "T5": 0.10975718745247862, "U1": 19.981616061750223, "U5": 18.31198958012819}, "datetime": {"datetime": "2021-03-05 14:31:13", "elapsed": 5097.852417, "delta": 6.80137}}
{"target": 0.31542714555164875, "params": {"T1": 0.07477299818582603, "T3": 0.12363587674361474, "T5": 0.07031429804122266, "U1": 17.768586782252612, "U5": 19.297754021246206}, "datetime": {"datetime": "2021-03-05 14:31:25", "elapsed": 5109.799325, "delta": 11.946908}}
{"target": 0.3851961117033046, "params": {"T1": 0.09479221775661792, "T3": 0.14277919561527425, "T5": 0.05267572124841279, "U1": 12.752299699994172, "U5": 13.867707333316964}, "datetime": {"datetime": "2021-03-05 14:31:31", "elapsed": 5115.583141, "delta": 5.783816}}
{"target": 0.14796576557501745, "params": {"T1": 0.11635560647814584, "T3": 0.08876038931571377, "T5": 0.11844298140244998, "U1": 18.226870945090567, "U5": 15.874623374662516}, "datetime": {"datetime": "2021-03-05 14:31:47", "elapsed": 5131.679724, "delta": 16.096583}}
{"target": 0.45019383139572794, "params": {"T1": 0.10198906145846606, "T3": 0.12399786190846435, "T5": 0.07044631799966969, "U1": 19.183596984221715, "U5": 18.701164055104588}, "datetime": {"datetime": "2021-03-05 14:31:53", "elapsed": 5137.895661, "delta": 6.215937}}
{"target": 0.2843338649372034, "params": {"T1": 0.0917694856261162, "T3": 0.08823199776711729, "T5": 0.0955131364271953, "U1": 13.580110751389004, "U5": 19.84061434278046}, "datetime": {"datetime": "2021-03-05 14:32:00", "elapsed": 5144.83224, "delta": 6.936579}}
{"target": 0.1704797563029435, "params": {"T1": 0.11039064167589396, "T3": 0.08678442838003572, "T5": 0.06128428085271068, "U1": 13.526373018956408, "U5": 19.39968938204661}, "datetime": {"datetime": "2021-03-05 14:32:17", "elapsed": 5162.04311, "delta": 17.21087}}
{"target": 0.1294613742566108, "params": {"T1": 0.11764678253109738, "T3": 0.08007074044167112, "T5": 0.11916275131540711, "U1": 16.392634514472455, "U5": 15.922971688830732}, "datetime": {"datetime": "2021-03-05 14:32:24", "elapsed": 5168.647777, "delta": 6.604667}}
{"target": 0.6230719063822806, "params": {"T1": 0.12780319376595833, "T3": 0.14192177120073557, "T5": 0.10276120975182643, "U1": 19.775802938756605, "U5": 15.080094950462676}, "datetime": {"datetime": "2021-03-05 14:32:36", "elapsed": 5180.673304, "delta": 12.025527}}
{"target": 0.20430557280257217, "params": {"T1": 0.0909066987856654, "T3": 0.07790404943999676, "T5": 0.06561641896179404, "U1": 19.17584429706281, "U5": 16.197411482251397}, "datetime": {"datetime": "2021-03-05 14:32:43", "elapsed": 5187.420718, "delta": 6.747414}}
{"target": 0.13930746052619442, "params": {"T1": 0.10551678159394676, "T3": 0.06348140834678827, "T5": 0.09781672953488099, "U1": 16.25310068336453, "U5": 15.27041138727633}, "datetime": {"datetime": "2021-03-05 14:32:57", "elapsed": 5201.613219, "delta": 14.192501}}
{"target": 0.20487025151608868, "params": {"T1": 0.11823533160334136, "T3": 0.12244965963061546, "T5": 0.12482623086381604, "U1": 18.83927956411138, "U5": 18.868440444279248}, "datetime": {"datetime": "2021-03-05 14:33:04", "elapsed": 5208.842846, "delta": 7.229627}}
{"target": 0.30311940537441073, "params": {"T1": 0.13614720714840062, "T3": 0.1089597835772155, "T5": 0.09509129778487883, "U1": 19.70794223724573, "U5": 14.812426769733507}, "datetime": {"datetime": "2021-03-05 14:33:13", "elapsed": 5217.318464, "delta": 8.475618}}
{"target": 0.17052830080008813, "params": {"T1": 0.052359431359454756, "T3": 0.06477715393379507, "T5": 0.05909441033374572, "U1": 15.16227683357924, "U5": 16.942888554164483}, "datetime": {"datetime": "2021-03-05 14:33:20", "elapsed": 5224.366306, "delta": 7.047842}}
{"target": 0.14797853059995436, "params": {"T1": 0.13239262834427631, "T3": 0.06130703495523271, "T5": 0.13394866607733613, "U1": 17.96735818358856, "U5": 12.950199803839704}, "datetime": {"datetime": "2021-03-05 14:33:26", "elapsed": 5230.49391, "delta": 6.127604}}
{"target": 0.1549427959671169, "params": {"T1": 0.08581336241937415, "T3": 0.07949236305974278, "T5": 0.09166994973708308, "U1": 15.538228045065381, "U5": 19.56993897977451}, "datetime": {"datetime": "2021-03-05 14:33:33", "elapsed": 5237.969989, "delta": 7.476079}}
{"target": 0.21688125396075555, "params": {"T1": 0.05944953035230344, "T3": 0.050319483972334114, "T5": 0.14578907554891457, "U1": 15.725653220744636, "U5": 19.12836388116601}, "datetime": {"datetime": "2021-03-05 14:33:40", "elapsed": 5245.020747, "delta": 7.050758}}
{"target": 0.7011430639722165, "params": {"T1": 0.11287319086888427, "T3": 0.14258138903499828, "T5": 0.1279958118719367, "U1": 17.59949906718765, "U5": 18.41654453589738}, "datetime": {"datetime": "2021-03-05 14:33:46", "elapsed": 5250.992858, "delta": 5.972111}}
{"target": 0.31831801007141164, "params": {"T1": 0.09083771956021412, "T3": 0.09044327752066164, "T5": 0.08386222287516631, "U1": 15.937748513609549, "U5": 13.06548657167929}, "datetime": {"datetime": "2021-03-05 14:33:53", "elapsed": 5257.295169, "delta": 6.302311}}
{"target": 0.4893468311285503, "params": {"T1": 0.1412640532348854, "T3": 0.0953391482785099, "T5": 0.055297663257465095, "U1": 17.18267416190889, "U5": 15.416587358327794}, "datetime": {"datetime": "2021-03-05 14:33:59", "elapsed": 5263.429178, "delta": 6.134009}}
{"target": 0.3223769098084531, "params": {"T1": 0.0683465091424526, "T3": 0.0546830237582561, "T5": 0.13814767834142336, "U1": 19.976606321502054, "U5": 19.01380969261518}, "datetime": {"datetime": "2021-03-05 14:34:12", "elapsed": 5276.338986, "delta": 12.909808}}
{"target": 0.16201280293574252, "params": {"T1": 0.11548151676313312, "T3": 0.06883114289180697, "T5": 0.12812687460223493, "U1": 16.244216949660483, "U5": 13.560585753814266}, "datetime": {"datetime": "2021-03-05 14:34:18", "elapsed": 5282.2789, "delta": 5.939914}}
{"target": 0.16984304796464028, "params": {"T1": 0.09754889448604204, "T3": 0.07144372291776127, "T5": 0.09949254584812259, "U1": 13.173877604011214, "U5": 18.606807323474957}, "datetime": {"datetime": "2021-03-05 14:34:24", "elapsed": 5288.567844, "delta": 6.288944}}
{"target": 0.15278082610309365, "params": {"T1": 0.13686625764635962, "T3": 0.111392009410747, "T5": 0.09847691988500132, "U1": 13.8276266037152, "U5": 17.69281853881295}, "datetime": {"datetime": "2021-03-05 14:34:31", "elapsed": 5295.716109, "delta": 7.148265}}
{"target": 0.21454668867350524, "params": {"T1": 0.1482883408359046, "T3": 0.10443210258650168, "T5": 0.08094481422766174, "U1": 12.853165958152793, "U5": 19.576564627611553}, "datetime": {"datetime": "2021-03-05 14:34:38", "elapsed": 5302.812083, "delta": 7.095974}}
{"target": 0.15015831754398826, "params": {"T1": 0.0552240505545937, "T3": 0.06687630976051843, "T5": 0.09964501366500364, "U1": 19.983700747407422, "U5": 16.453252222789978}, "datetime": {"datetime": "2021-03-05 14:34:45", "elapsed": 5309.548118, "delta": 6.736035}}
{"target": 0.31100888333651605, "params": {"T1": 0.08338264887404716, "T3": 0.055316221124019266, "T5": 0.14908674626807278, "U1": 14.09142856776653, "U5": 17.139024601156585}, "datetime": {"datetime": "2021-03-05 14:34:52", "elapsed": 5317.075958, "delta": 7.52784}}
{"target": 0.22727037760259905, "params": {"T1": 0.14597602958575845, "T3": 0.0689410431286285, "T5": 0.09940300396970986, "U1": 19.446468510799477, "U5": 19.134348613247788}, "datetime": {"datetime": "2021-03-05 14:35:03", "elapsed": 5327.748748, "delta": 10.67279}}
{"target": 0.13057413668158988, "params": {"T1": 0.1039059675413904, "T3": 0.13520015934632246, "T5": 0.09205356183970892, "U1": 14.656259748038735, "U5": 15.160681462150546}, "datetime": {"datetime": "2021-03-05 14:35:13", "elapsed": 5337.82018, "delta": 10.071432}}
{"target": 0.2962475536228736, "params": {"T1": 0.1001928788755672, "T3": 0.10889340357693564, "T5": 0.11853220556120866, "U1": 14.02550187886322, "U5": 19.948533060949643}, "datetime": {"datetime": "2021-03-05 14:35:20", "elapsed": 5344.535358, "delta": 6.715178}}
{"target": 0.16094197599290172, "params": {"T1": 0.12263799747342902, "T3": 0.059932319945497664, "T5": 0.13927001201983508, "U1": 17.70065303270809, "U5": 13.687008862800882}, "datetime": {"datetime": "2021-03-05 14:35:27", "elapsed": 5351.904467, "delta": 7.369109}}
{"target": 0.15896303117500898, "params": {"T1": 0.1449213074436029, "T3": 0.10383568879403098, "T5": 0.08290839316819162, "U1": 15.78821257568791, "U5": 12.685064822312937}, "datetime": {"datetime": "2021-03-05 14:35:35", "elapsed": 5359.310439, "delta": 7.405972}}
{"target": 0.27268748788054153, "params": {"T1": 0.07106881247661898, "T3": 0.05800549182213313, "T5": 0.14698225156525518, "U1": 14.592561825585168, "U5": 12.637537090912723}, "datetime": {"datetime": "2021-03-05 14:35:46", "elapsed": 5370.84104, "delta": 11.530601}}
{"target": 0.1352239142891804, "params": {"T1": 0.1278098186174474, "T3": 0.08119654072194016, "T5": 0.07789206258065426, "U1": 13.474580174813088, "U5": 19.13675609953114}, "datetime": {"datetime": "2021-03-05 14:35:56", "elapsed": 5381.056608, "delta": 10.215568}}
{"target": 0.17240295631678473, "params": {"T1": 0.06120923223804664, "T3": 0.07504436622890451, "T5": 0.09799609193913682, "U1": 12.460388594280825, "U5": 16.0212467862373}, "datetime": {"datetime": "2021-03-05 14:36:03", "elapsed": 5387.645039, "delta": 6.588431}}
{"target": 0.2558784535364806, "params": {"T1": 0.08540276018723604, "T3": 0.10702362447266398, "T5": 0.07762240224970243, "U1": 16.94411611924292, "U5": 13.935426866992053}, "datetime": {"datetime": "2021-03-05 14:36:19", "elapsed": 5403.392541, "delta": 15.747502}}
{"target": 0.2953409323522007, "params": {"T1": 0.10301356950798235, "T3": 0.14222654417694325, "T5": 0.11829359019563254, "U1": 15.759274678817258, "U5": 14.21407232171839}, "datetime": {"datetime": "2021-03-05 14:36:25", "elapsed": 5409.964836, "delta": 6.572295}}
{"target": 0.21838210441561942, "params": {"T1": 0.08984864868301308, "T3": 0.13575868264041113, "T5": 0.10675159862358624, "U1": 12.96599485008976, "U5": 17.150022625083395}, "datetime": {"datetime": "2021-03-05 14:36:44", "elapsed": 5428.809036, "delta": 18.8442}}
{"target": 0.40496150790990815, "params": {"T1": 0.09762697142459237, "T3": 0.07007868195511445, "T5": 0.13506128359811864, "U1": 13.639067147333737, "U5": 13.687144560715627}, "datetime": {"datetime": "2021-03-05 14:36:51", "elapsed": 5435.462476, "delta": 6.65344}}
{"target": 0.30009395793869303, "params": {"T1": 0.0521371233471912, "T3": 0.12421155465881628, "T5": 0.0637153705068623, "U1": 19.833475268009398, "U5": 18.29133695884251}, "datetime": {"datetime": "2021-03-05 14:37:02", "elapsed": 5446.201065, "delta": 10.738589}}
{"target": 0.21807150020725113, "params": {"T1": 0.07647237022998545, "T3": 0.1326219132574165, "T5": 0.06049853323861753, "U1": 16.56763360272926, "U5": 17.40436114973856}, "datetime": {"datetime": "2021-03-05 14:37:09", "elapsed": 5453.290282, "delta": 7.089217}}
{"target": 0.15240016555159616, "params": {"T1": 0.05716759132634487, "T3": 0.08123454888917556, "T5": 0.10559102720860469, "U1": 13.139731281780396, "U5": 17.041530388934653}, "datetime": {"datetime": "2021-03-05 14:37:15", "elapsed": 5459.487274, "delta": 6.196992}}
{"target": 0.14961177805669557, "params": {"T1": 0.06082714718943413, "T3": 0.12642395129030673, "T5": 0.09895627309508208, "U1": 15.848321833369642, "U5": 15.618881597370772}, "datetime": {"datetime": "2021-03-05 14:37:22", "elapsed": 5466.353979, "delta": 6.866705}}
{"target": 0.12821778624338867, "params": {"T1": 0.11238596959265787, "T3": 0.11893940262408075, "T5": 0.12847597873941002, "U1": 17.549259381642962, "U5": 18.59351209672391}, "datetime": {"datetime": "2021-03-05 14:37:31", "elapsed": 5476.145708, "delta": 9.791729}}
{"target": 0.4163494656195297, "params": {"T1": 0.09687208672124412, "T3": 0.13135941930288664, "T5": 0.07286174065697526, "U1": 19.14598574671242, "U5": 17.97600782532974}, "datetime": {"datetime": "2021-03-05 14:37:39", "elapsed": 5483.427285, "delta": 7.281577}}
