{"target": 0.17615676602985103, "params": {"T1": 0.056793719816270107, "T3": 0.09471860233622041, "T5": 0.05187132875733903, "U1": 12.815677215879537, "U5": 14.589787372698298}, "datetime": {"datetime": "2021-03-05 13:05:55", "elapsed": 162.678449, "delta": 0.528046}}
{"target": 1.361070894106313, "params": {"T1": 0.06056877463992599, "T3": 0.12835244321907163, "T5": 0.07070984756715375, "U1": 19.232658112591817, "U5": 17.05528090355228}, "datetime": {"datetime": "2021-03-05 13:05:56", "elapsed": 163.33391, "delta": 0.655461}}
{"target": 0.2858554597553462, "params": {"T1": 0.05627218511754284, "T3": 0.1325736797974469, "T5": 0.11804712439954826, "U1": 15.950258822499078, "U5": 19.745631316324367}, "datetime": {"datetime": "2021-03-05 13:05:56", "elapsed": 163.922208, "delta": 0.588298}}
{"target": 0.21814726996791056, "params": {"T1": 0.08991539089238466, "T3": 0.06738091152269379, "T5": 0.07306419800957151, "U1": 13.98509424861251, "U5": 19.667681157583054}, "datetime": {"datetime": "2021-03-05 13:05:57", "elapsed": 164.510567, "delta": 0.588359}}
{"target": 0.3512079672485697, "params": {"T1": 0.10781013829744879, "T3": 0.13712262503736117, "T5": 0.12246029159511969, "U1": 18.63592430021878, "U5": 18.949252682434018}, "datetime": {"datetime": "2021-03-05 13:05:58", "elapsed": 165.699167, "delta": 1.1886}}
{"target": 0.20762810596710227, "params": {"T1": 0.13998119072520565, "T3": 0.1286149804516461, "T5": 0.129026726178947, "U1": 12.115164182934379, "U5": 13.043684283562692}, "datetime": {"datetime": "2021-03-05 13:05:59", "elapsed": 166.274649, "delta": 0.575482}}
{"target": 0.3517249743324001, "params": {"T1": 0.1330163016332409, "T3": 0.1077243664920006, "T5": 0.07495699344018893, "U1": 15.287145936753198, "U5": 18.686127951427494}, "datetime": {"datetime": "2021-03-05 13:05:59", "elapsed": 166.871122, "delta": 0.596473}}
{"target": 0.32858102855577037, "params": {"T1": 0.12685981527323775, "T3": 0.14371388867853513, "T5": 0.05117774734438268, "U1": 17.539661892067414, "U5": 13.68101319391197}, "datetime": {"datetime": "2021-03-05 13:06:00", "elapsed": 167.446795, "delta": 0.575673}}
{"target": 0.20517787730982118, "params": {"T1": 0.13631342831612192, "T3": 0.14876773239758417, "T5": 0.11214333374874452, "U1": 12.084478155103916, "U5": 12.483662205194989}, "datetime": {"datetime": "2021-03-05 13:06:00", "elapsed": 168.036754, "delta": 0.589959}}
{"target": 0.6060627540153065, "params": {"T1": 0.05961085589314478, "T3": 0.14381130136626397, "T5": 0.13936668354657206, "U1": 18.633412586056707, "U5": 16.1713672769095}, "datetime": {"datetime": "2021-03-05 13:06:01", "elapsed": 168.64065, "delta": 0.603896}}
{"target": 0.512989092823998, "params": {"T1": 0.12700090274220754, "T3": 0.14641524250384086, "T5": 0.055976315392929514, "U1": 18.277688403056136, "U5": 16.82942684177974}, "datetime": {"datetime": "2021-03-05 13:06:02", "elapsed": 169.176222, "delta": 0.535572}}
{"target": 0.427224158239848, "params": {"T1": 0.08011694215998391, "T3": 0.13904635161876125, "T5": 0.05649524073723227, "U1": 14.51865769489674, "U5": 14.182162988620181}, "datetime": {"datetime": "2021-03-05 13:06:03", "elapsed": 170.533748, "delta": 1.357526}}
{"target": 0.27987187807630426, "params": {"T1": 0.09877689291720304, "T3": 0.13622268335503027, "T5": 0.08440243366294851, "U1": 14.29519742437564, "U5": 12.451814243396743}, "datetime": {"datetime": "2021-03-05 13:06:03", "elapsed": 171.104991, "delta": 0.571243}}
{"target": 0.14806102401180543, "params": {"T1": 0.07693623920216927, "T3": 0.05489172634746085, "T5": 0.06458556994070357, "U1": 16.80536126237556, "U5": 15.469072679677996}, "datetime": {"datetime": "2021-03-05 13:06:04", "elapsed": 171.774721, "delta": 0.66973}}
{"target": 0.18224471059151373, "params": {"T1": 0.14403339493475908, "T3": 0.1462607147404446, "T5": 0.09130445164043312, "U1": 16.988316030990454, "U5": 18.466817909930214}, "datetime": {"datetime": "2021-03-05 13:06:05", "elapsed": 172.35919, "delta": 0.584469}}
{"target": 0.19775426324501108, "params": {"T1": 0.09767703502288731, "T3": 0.10661250046466718, "T5": 0.13166432644011544, "U1": 17.416293188241212, "U5": 15.152275452858706}, "datetime": {"datetime": "2021-03-05 13:06:05", "elapsed": 172.973289, "delta": 0.614099}}
{"target": 0.1493225944004694, "params": {"T1": 0.08569746082716537, "T3": 0.10790499538695805, "T5": 0.06786576376733364, "U1": 18.694816617208737, "U5": 14.352478713458746}, "datetime": {"datetime": "2021-03-05 13:06:07", "elapsed": 174.33271, "delta": 1.359421}}
{"target": 0.21003027750754397, "params": {"T1": 0.06817330829258716, "T3": 0.14350654227382986, "T5": 0.09832881796932239, "U1": 18.832056588600864, "U5": 14.2972544928553}, "datetime": {"datetime": "2021-03-05 13:06:08", "elapsed": 175.638578, "delta": 1.305868}}
{"target": 0.1660525906160291, "params": {"T1": 0.1306599083768949, "T3": 0.10360371736571045, "T5": 0.12019755037911735, "U1": 17.16668533552095, "U5": 18.255399936197907}, "datetime": {"datetime": "2021-03-05 13:06:09", "elapsed": 176.31986, "delta": 0.681282}}
{"target": 0.3132517310918766, "params": {"T1": 0.09131841648156255, "T3": 0.08573185497328273, "T5": 0.06274012751280741, "U1": 19.132279742125768, "U5": 13.403499390323844}, "datetime": {"datetime": "2021-03-05 13:06:09", "elapsed": 176.887437, "delta": 0.567577}}
{"target": 0.1738376781058831, "params": {"T1": 0.072340869683272, "T3": 0.09746343266565966, "T5": 0.06210165131006741, "U1": 17.656533755861314, "U5": 18.478575538345787}, "datetime": {"datetime": "2021-03-05 13:06:10", "elapsed": 178.077188, "delta": 1.189751}}
{"target": 0.2995417034549641, "params": {"T1": 0.10982508096562205, "T3": 0.0526995062329687, "T5": 0.10151150540872017, "U1": 14.878906949867513, "U5": 12.319028693860783}, "datetime": {"datetime": "2021-03-05 13:06:11", "elapsed": 178.719178, "delta": 0.64199}}
{"target": 0.45271081358053683, "params": {"T1": 0.11085860667243602, "T3": 0.1438056419461578, "T5": 0.05811183352175997, "U1": 15.328033890137565, "U5": 18.041394023636823}, "datetime": {"datetime": "2021-03-05 13:06:12", "elapsed": 179.305168, "delta": 0.58599}}
{"target": 0.22986573268958488, "params": {"T1": 0.1171295353931996, "T3": 0.0904319925858994, "T5": 0.09899535033148951, "U1": 16.290082698387913, "U5": 15.726007492112867}, "datetime": {"datetime": "2021-03-05 13:06:12", "elapsed": 179.933151, "delta": 0.627983}}
{"target": 0.17117904639976925, "params": {"T1": 0.09683310356527053, "T3": 0.1108938673764992, "T5": 0.06922102786675424, "U1": 12.158849596948656, "U5": 14.62832851456467}, "datetime": {"datetime": "2021-03-05 13:06:13", "elapsed": 180.53195, "delta": 0.598799}}
{"target": 0.21084099844272758, "params": {"T1": 0.10708076282703775, "T3": 0.12686589610993299, "T5": 0.09688854558835189, "U1": 12.791327742275008, "U5": 18.16829574962378}, "datetime": {"datetime": "2021-03-05 13:06:13", "elapsed": 181.13563, "delta": 0.60368}}
{"target": 0.2844208098874281, "params": {"T1": 0.10281161928530688, "T3": 0.10779394914111126, "T5": 0.08077084230561579, "U1": 14.872335661165348, "U5": 13.869696572331208}, "datetime": {"datetime": "2021-03-05 13:06:15", "elapsed": 182.731717, "delta": 1.596087}}
{"target": 0.9110222989652822, "params": {"T1": 0.08408383264462804, "T3": 0.1166804906431525, "T5": 0.13257724613230876, "U1": 18.32679992307054, "U5": 19.185674553987702}, "datetime": {"datetime": "2021-03-05 13:06:17", "elapsed": 185.04026, "delta": 2.308543}}
{"target": 0.3243993715098666, "params": {"T1": 0.12313640805378116, "T3": 0.07812901841465676, "T5": 0.09746960495622906, "U1": 18.962708905880703, "U5": 14.85470983406238}, "datetime": {"datetime": "2021-03-05 13:06:18", "elapsed": 186.031113, "delta": 0.990853}}
{"target": 0.30847654821569287, "params": {"T1": 0.0858157412730558, "T3": 0.05900618048738107, "T5": 0.13408284246082602, "U1": 14.23882562797173, "U5": 18.89380091103238}, "datetime": {"datetime": "2021-03-05 13:06:21", "elapsed": 188.272158, "delta": 2.241045}}
{"target": 0.30908622170816, "params": {"T1": 0.05023302441450736, "T3": 0.08984973603037798, "T5": 0.12030340622599002, "U1": 13.85648485143371, "U5": 12.281557808702885}, "datetime": {"datetime": "2021-03-05 13:06:23", "elapsed": 190.591946, "delta": 2.319788}}
{"target": 0.13651671327694456, "params": {"T1": 0.13442424459183122, "T3": 0.12563059791560388, "T5": 0.10113591585070053, "U1": 17.826884079035203, "U5": 17.941875708711972}, "datetime": {"datetime": "2021-03-05 13:06:26", "elapsed": 193.831715, "delta": 3.239769}}
{"target": 0.2884986363798438, "params": {"T1": 0.07707883696864778, "T3": 0.10714375961400385, "T5": 0.1330573491243373, "U1": 14.21872078488854, "U5": 18.912878971569533}, "datetime": {"datetime": "2021-03-05 13:06:29", "elapsed": 196.253931, "delta": 2.422216}}
{"target": 0.3560967974237163, "params": {"T1": 0.0697669140357057, "T3": 0.13240911157610702, "T5": 0.14096467322591077, "U1": 18.31640710556865, "U5": 19.19032250787717}, "datetime": {"datetime": "2021-03-05 13:06:31", "elapsed": 198.688839, "delta": 2.434908}}
{"target": 0.18513072799242639, "params": {"T1": 0.12452091684813486, "T3": 0.10110020660577167, "T5": 0.10862146283903973, "U1": 14.396845951847808, "U5": 13.072432178920497}, "datetime": {"datetime": "2021-03-05 13:06:32", "elapsed": 199.716611, "delta": 1.027772}}
{"target": 0.22908855346640994, "params": {"T1": 0.11811048399082098, "T3": 0.09966496089408149, "T5": 0.11703347813756457, "U1": 19.811533382322878, "U5": 19.96443558642582}, "datetime": {"datetime": "2021-03-05 13:06:35", "elapsed": 202.23638, "delta": 2.519769}}
{"target": 0.1339041843850822, "params": {"T1": 0.10285717223313155, "T3": 0.06594865393506616, "T5": 0.0804112186592848, "U1": 16.237504378202193, "U5": 17.850433553735613}, "datetime": {"datetime": "2021-03-05 13:06:37", "elapsed": 204.332331, "delta": 2.095951}}
{"target": 0.20075240584516035, "params": {"T1": 0.10032070127401402, "T3": 0.11595188200871803, "T5": 0.0598096136282859, "U1": 19.62739672120789, "U5": 13.579793122338646}, "datetime": {"datetime": "2021-03-05 13:06:39", "elapsed": 207.011514, "delta": 2.679183}}
{"target": 0.1800715219151211, "params": {"T1": 0.09183779331413576, "T3": 0.05521554650535293, "T5": 0.06254980541081409, "U1": 19.221325642161343, "U5": 15.318992529228996}, "datetime": {"datetime": "2021-03-05 13:06:40", "elapsed": 207.901157, "delta": 0.889643}}
{"target": 0.23060301359427093, "params": {"T1": 0.10130268931634276, "T3": 0.10665079035315561, "T5": 0.11693704273435282, "U1": 14.1917514070584, "U5": 18.395726650189868}, "datetime": {"datetime": "2021-03-05 13:06:43", "elapsed": 210.181677, "delta": 2.28052}}
{"target": 0.21846947743535386, "params": {"T1": 0.14685917818064942, "T3": 0.10108448284447001, "T5": 0.10359328548550781, "U1": 16.04406352820064, "U5": 12.84660145701291}, "datetime": {"datetime": "2021-03-05 13:06:43", "elapsed": 211.07796, "delta": 0.896283}}
{"target": 0.7594088372448224, "params": {"T1": 0.08982131516951102, "T3": 0.12441649163676446, "T5": 0.1429814176978116, "U1": 18.623450250424987, "U5": 18.94449099122325}, "datetime": {"datetime": "2021-03-05 13:06:46", "elapsed": 214.033288, "delta": 2.955328}}
{"target": 0.196896193820618, "params": {"T1": 0.14678398772309487, "T3": 0.0716436822858753, "T5": 0.07017999505312504, "U1": 13.790265411580922, "U5": 18.525626304170537}, "datetime": {"datetime": "2021-03-05 13:06:47", "elapsed": 215.018397, "delta": 0.985109}}
{"target": 0.13109908856890937, "params": {"T1": 0.12834137324632566, "T3": 0.07037340425509886, "T5": 0.11168731549088476, "U1": 17.634382965998817, "U5": 12.600888726033336}, "datetime": {"datetime": "2021-03-05 13:06:49", "elapsed": 216.266857, "delta": 1.24846}}
{"target": 0.2868426791337613, "params": {"T1": 0.1265298839318556, "T3": 0.060942428983609756, "T5": 0.13138252719948995, "U1": 15.807238984501435, "U5": 13.731614111349478}, "datetime": {"datetime": "2021-03-05 13:06:50", "elapsed": 217.40191, "delta": 1.135053}}
{"target": 0.12482196268606108, "params": {"T1": 0.08025550682299068, "T3": 0.09231099164034438, "T5": 0.08964888871980849, "U1": 19.81603706679413, "U5": 19.15063599991526}, "datetime": {"datetime": "2021-03-05 13:06:51", "elapsed": 218.72807, "delta": 1.32616}}
{"target": 0.3110536497748094, "params": {"T1": 0.13254749167372726, "T3": 0.051603345012787294, "T5": 0.13014918009478088, "U1": 12.24320528343165, "U5": 17.37426146859648}, "datetime": {"datetime": "2021-03-05 13:06:52", "elapsed": 219.65237, "delta": 0.9243}}
{"target": 0.26679000501764205, "params": {"T1": 0.06783665391570229, "T3": 0.10598272083437797, "T5": 0.09786218034315683, "U1": 13.875463647048047, "U5": 12.280820689824054}, "datetime": {"datetime": "2021-03-05 13:06:54", "elapsed": 222.15701, "delta": 2.50464}}
{"target": 0.14462219894038436, "params": {"T1": 0.14259227784109313, "T3": 0.06416082356087585, "T5": 0.14256591139823133, "U1": 15.625119821125654, "U5": 13.027769188846685}, "datetime": {"datetime": "2021-03-05 13:06:56", "elapsed": 223.272159, "delta": 1.115149}}
{"target": 0.3570811100762884, "params": {"T1": 0.11775819821492765, "T3": 0.12395866685291176, "T5": 0.1300232961024082, "U1": 19.39915880052008, "U5": 14.459021122373773}, "datetime": {"datetime": "2021-03-05 13:06:57", "elapsed": 224.277395, "delta": 1.005236}}
{"target": 0.15483572772427098, "params": {"T1": 0.08264038342988027, "T3": 0.1078985469288129, "T5": 0.06255241389861184, "U1": 14.533586936383184, "U5": 18.60894000509394}, "datetime": {"datetime": "2021-03-05 13:06:59", "elapsed": 226.615667, "delta": 2.338272}}
{"target": 0.9932267461474659, "params": {"T1": 0.12179659455887011, "T3": 0.13832090250154838, "T5": 0.05454593813001647, "U1": 16.08374671608452, "U5": 12.901237585825363}, "datetime": {"datetime": "2021-03-05 13:07:00", "elapsed": 227.432537, "delta": 0.81687}}
{"target": 0.30636227848741443, "params": {"T1": 0.07502498222180545, "T3": 0.08204274443808994, "T5": 0.13741782366347244, "U1": 14.100508982899939, "U5": 14.810583233290924}, "datetime": {"datetime": "2021-03-05 13:07:02", "elapsed": 230.030854, "delta": 2.598317}}
{"target": 0.1500276413309091, "params": {"T1": 0.061420604487128376, "T3": 0.0715254760282468, "T5": 0.06479006129097482, "U1": 15.26220306392516, "U5": 14.84062333792491}, "datetime": {"datetime": "2021-03-05 13:07:03", "elapsed": 231.103037, "delta": 1.072183}}
{"target": 0.17400238536714077, "params": {"T1": 0.12008654454777955, "T3": 0.06742635116673701, "T5": 0.13291739536512368, "U1": 14.52141751789678, "U5": 13.011504220534487}, "datetime": {"datetime": "2021-03-05 13:07:04", "elapsed": 232.045754, "delta": 0.942717}}
{"target": 0.32930247384211997, "params": {"T1": 0.09491575123314502, "T3": 0.08435524787136153, "T5": 0.07138092643105548, "U1": 16.794891622920197, "U5": 19.29355818732915}, "datetime": {"datetime": "2021-03-05 13:07:05", "elapsed": 233.073693, "delta": 1.027939}}
{"target": 0.23306849684425787, "params": {"T1": 0.13356303509848477, "T3": 0.08404616124939271, "T5": 0.061391237364107676, "U1": 16.928620929593237, "U5": 12.348315189077223}, "datetime": {"datetime": "2021-03-05 13:07:06", "elapsed": 234.055626, "delta": 0.981933}}
{"target": 0.16748765828665174, "params": {"T1": 0.14487824109132458, "T3": 0.12825717781633675, "T5": 0.1474094677358211, "U1": 12.124331284077051, "U5": 12.331740125838927}, "datetime": {"datetime": "2021-03-05 13:07:07", "elapsed": 235.160276, "delta": 1.10465}}
{"target": 0.23029636342742732, "params": {"T1": 0.0608085264144346, "T3": 0.1269300061902398, "T5": 0.09695342871727528, "U1": 15.922282508436716, "U5": 18.846644517772734}, "datetime": {"datetime": "2021-03-05 13:07:08", "elapsed": 235.986343, "delta": 0.826067}}
{"target": 0.1908723389823941, "params": {"T1": 0.14957286583617985, "T3": 0.08498582992761686, "T5": 0.09399255992844673, "U1": 12.418395934526876, "U5": 15.383557407540675}, "datetime": {"datetime": "2021-03-05 13:07:09", "elapsed": 237.019504, "delta": 1.033161}}
{"target": 0.41855583947040986, "params": {"T1": 0.07480643801577239, "T3": 0.07755719183773122, "T5": 0.09719522785164618, "U1": 17.498590363267006, "U5": 18.323179123591824}, "datetime": {"datetime": "2021-03-05 13:07:10", "elapsed": 238.044302, "delta": 1.024798}}
{"target": 0.37657414949736734, "params": {"T1": 0.08571631615429678, "T3": 0.14306009494287764, "T5": 0.13846482693610218, "U1": 18.330714195865532, "U5": 19.164925901641354}, "datetime": {"datetime": "2021-03-05 13:07:13", "elapsed": 240.374457, "delta": 2.330155}}
{"target": 0.3214949295794277, "params": {"T1": 0.10608597971019067, "T3": 0.0789409825311291, "T5": 0.05250075305908045, "U1": 17.836576197258445, "U5": 14.805823729460027}, "datetime": {"datetime": "2021-03-05 13:07:14", "elapsed": 241.680442, "delta": 1.305985}}
{"target": 0.15393090036591917, "params": {"T1": 0.1355185682600034, "T3": 0.11527701194260992, "T5": 0.0643048699011956, "U1": 13.537815336338623, "U5": 15.87127396137621}, "datetime": {"datetime": "2021-03-05 13:07:15", "elapsed": 242.884126, "delta": 1.203684}}
{"target": 0.29313932329880565, "params": {"T1": 0.11039574907273453, "T3": 0.140553058357217, "T5": 0.05197809855389801, "U1": 18.716814695383373, "U5": 14.302770009423625}, "datetime": {"datetime": "2021-03-05 13:07:18", "elapsed": 245.634941, "delta": 2.750815}}
{"target": 0.16993772130913068, "params": {"T1": 0.14924155572869802, "T3": 0.13398959053275067, "T5": 0.08999260685092725, "U1": 12.965213233642089, "U5": 14.095214543473482}, "datetime": {"datetime": "2021-03-05 13:07:19", "elapsed": 246.731243, "delta": 1.096302}}
{"target": 0.21090998434565397, "params": {"T1": 0.0737479309862887, "T3": 0.06616794138500325, "T5": 0.11511797829528338, "U1": 18.595401496924982, "U5": 19.26212786876306}, "datetime": {"datetime": "2021-03-05 13:07:22", "elapsed": 249.243731, "delta": 2.512488}}
{"target": 0.2952534814353142, "params": {"T1": 0.10283735843535355, "T3": 0.08855723274651041, "T5": 0.14298573947640575, "U1": 13.678462732545697, "U5": 12.750236077675323}, "datetime": {"datetime": "2021-03-05 13:07:23", "elapsed": 250.267449, "delta": 1.023718}}
{"target": 0.13208064093148192, "params": {"T1": 0.13108820073879562, "T3": 0.12859293106972927, "T5": 0.08983742068551218, "U1": 16.511918821171477, "U5": 12.726928671696605}, "datetime": {"datetime": "2021-03-05 13:07:24", "elapsed": 251.295544, "delta": 1.028095}}
{"target": 0.25509511749148106, "params": {"T1": 0.10908736914308662, "T3": 0.06890197098909855, "T5": 0.08655652283225126, "U1": 18.208912158361326, "U5": 14.98338751006856}, "datetime": {"datetime": "2021-03-05 13:07:27", "elapsed": 254.548837, "delta": 3.253293}}
{"target": 0.18058476228952386, "params": {"T1": 0.11571889156661742, "T3": 0.08474235225457649, "T5": 0.11150886613971661, "U1": 15.7521193569929, "U5": 18.489579096565283}, "datetime": {"datetime": "2021-03-05 13:07:28", "elapsed": 255.612469, "delta": 1.063632}}
{"target": 0.17375474622075476, "params": {"T1": 0.05440335896483213, "T3": 0.12791183300823686, "T5": 0.09131061789945745, "U1": 14.702009452033575, "U5": 15.594972037657747}, "datetime": {"datetime": "2021-03-05 13:07:31", "elapsed": 258.553009, "delta": 2.94054}}
{"target": 0.2888055206377776, "params": {"T1": 0.06382017603391726, "T3": 0.07149699340615454, "T5": 0.13705616425788225, "U1": 17.993597613931797, "U5": 12.40724448969062}, "datetime": {"datetime": "2021-03-05 13:07:32", "elapsed": 259.612024, "delta": 1.059015}}
{"target": 0.21883238301241323, "params": {"T1": 0.12044247392775016, "T3": 0.10906147122548143, "T5": 0.1048312696639283, "U1": 15.96742593625445, "U5": 14.740629767886954}, "datetime": {"datetime": "2021-03-05 13:07:33", "elapsed": 260.721606, "delta": 1.109582}}
{"target": 0.2601011178357888, "params": {"T1": 0.14608680932798912, "T3": 0.07354554993338254, "T5": 0.114209931556208, "U1": 15.367946179197048, "U5": 12.209832635229755}, "datetime": {"datetime": "2021-03-05 13:07:34", "elapsed": 261.896641, "delta": 1.175035}}
{"target": 0.5063062143447465, "params": {"T1": 0.08115068107150167, "T3": 0.13408367743654798, "T5": 0.10097292093787305, "U1": 18.816091079490988, "U5": 14.299041995780543}, "datetime": {"datetime": "2021-03-05 13:07:37", "elapsed": 264.768122, "delta": 2.871481}}
{"target": 0.9378889739271459, "params": {"T1": 0.07248560461810769, "T3": 0.14461283904627037, "T5": 0.1443216551868025, "U1": 19.8976507998863, "U5": 18.99585518324859}, "datetime": {"datetime": "2021-03-05 13:07:38", "elapsed": 265.929986, "delta": 1.161864}}
{"target": 0.38278029483167714, "params": {"T1": 0.07150674214105476, "T3": 0.09704563445729203, "T5": 0.06391256065407, "U1": 14.876047931956649, "U5": 13.859489161182488}, "datetime": {"datetime": "2021-03-05 13:07:42", "elapsed": 269.385487, "delta": 3.455501}}
{"target": 0.16226581676196056, "params": {"T1": 0.09257802700218626, "T3": 0.11795638819217209, "T5": 0.12215372252836647, "U1": 14.391329292050791, "U5": 17.14990849895781}, "datetime": {"datetime": "2021-03-05 13:07:43", "elapsed": 270.387016, "delta": 1.001529}}
{"target": 0.27753570498227126, "params": {"T1": 0.11252409889259714, "T3": 0.05057203304389858, "T5": 0.09324637383896378, "U1": 13.704656911505518, "U5": 19.86468731961347}, "datetime": {"datetime": "2021-03-05 13:07:44", "elapsed": 271.432915, "delta": 1.045899}}
{"target": 0.3355306318330785, "params": {"T1": 0.07303235194439797, "T3": 0.1391735157205064, "T5": 0.06857824944590754, "U1": 18.659456019101118, "U5": 18.07342366079068}, "datetime": {"datetime": "2021-03-05 13:07:47", "elapsed": 274.498707, "delta": 3.065792}}
{"target": 0.4796875772732334, "params": {"T1": 0.0732731476997743, "T3": 0.058868690889164646, "T5": 0.11241601230188558, "U1": 15.855315117334381, "U5": 19.222527387141525}, "datetime": {"datetime": "2021-03-05 13:07:48", "elapsed": 275.621765, "delta": 1.123058}}
