{"target": 0.16617739544380516, "params": {"T1": 0.05631523515508505, "T3": 0.11599598467504026, "T5": 0.10802480286737604, "U1": 13.667513190275265, "U5": 16.122540453449957}, "datetime": {"datetime": "2021-03-05 13:06:23", "elapsed": 8.068395, "delta": 0.095233}}
{"target": 0.24178032392349738, "params": {"T1": 0.07818181711760676, "T3": 0.09780625974929563, "T5": 0.10186633160280903, "U1": 12.592178858392547, "U5": 14.395854101270388}, "datetime": {"datetime": "2021-03-05 13:06:23", "elapsed": 8.1756, "delta": 0.107205}}
{"target": 0.43897410215971666, "params": {"T1": 0.08715104199193488, "T3": 0.09190144943089687, "T5": 0.08129954321192301, "U1": 16.886955212097323, "U5": 15.928297551094554}, "datetime": {"datetime": "2021-03-05 13:06:24", "elapsed": 8.266883, "delta": 0.091283}}
{"target": 0.25705123960623055, "params": {"T1": 0.144687418552839, "T3": 0.08751483480814307, "T5": 0.09976454785834159, "U1": 14.159176799770146, "U5": 13.27275116317054}, "datetime": {"datetime": "2021-03-05 13:06:24", "elapsed": 8.36959, "delta": 0.102707}}
{"target": 0.2470126174575773, "params": {"T1": 0.14974911408300318, "T3": 0.085524365899516, "T5": 0.1440017191762945, "U1": 18.366852786085683, "U5": 14.997543314814337}, "datetime": {"datetime": "2021-03-05 13:06:24", "elapsed": 8.474584, "delta": 0.104994}}
{"target": 0.2558249786866858, "params": {"T1": 0.10490020804270295, "T3": 0.1153886258533829, "T5": 0.12762827922956405, "U1": 12.867632259331993, "U5": 18.65056022569766}, "datetime": {"datetime": "2021-03-05 13:06:24", "elapsed": 8.576627, "delta": 0.102043}}
{"target": 0.23925045992945748, "params": {"T1": 0.06199073618354831, "T3": 0.0866466334213096, "T5": 0.08742912425418924, "U1": 16.601149805857588, "U5": 18.725166375351158}, "datetime": {"datetime": "2021-03-05 13:06:24", "elapsed": 8.66756, "delta": 0.090933}}
{"target": 0.14200563892309176, "params": {"T1": 0.11935236130889675, "T3": 0.06049946135037069, "T5": 0.0812602811388099, "U1": 14.740918294743938, "U5": 14.548731424213202}, "datetime": {"datetime": "2021-03-05 13:06:24", "elapsed": 8.76008, "delta": 0.09252}}
{"target": 0.37094966463268064, "params": {"T1": 0.10022070477893116, "T3": 0.14246194769280834, "T5": 0.09472636561436774, "U1": 17.710291935505868, "U5": 19.3786163747649}, "datetime": {"datetime": "2021-03-05 13:06:24", "elapsed": 8.866927, "delta": 0.106847}}
{"target": 0.2531164054812688, "params": {"T1": 0.11720184226330274, "T3": 0.06291687859990117, "T5": 0.1459328477939939, "U1": 18.687853731741875, "U5": 17.33781531453145}, "datetime": {"datetime": "2021-03-05 13:06:24", "elapsed": 8.97601, "delta": 0.109083}}
{"target": 0.16682435335134624, "params": {"T1": 0.11319984744216857, "T3": 0.07138564191177413, "T5": 0.07744799951949445, "U1": 15.84678937773733, "U5": 16.95910508673364}, "datetime": {"datetime": "2021-03-05 13:06:24", "elapsed": 9.073021, "delta": 0.097011}}
{"target": 0.1729670775850955, "params": {"T1": 0.12397045286305203, "T3": 0.13057240454356583, "T5": 0.14228671194370063, "U1": 14.587393793947408, "U5": 12.046767855245403}, "datetime": {"datetime": "2021-03-05 13:06:24", "elapsed": 9.183451, "delta": 0.11043}}
{"target": 0.14594289712482103, "params": {"T1": 0.10294421559900918, "T3": 0.14789204060998834, "T5": 0.14886393446335705, "U1": 14.73878914065733, "U5": 16.837859632531078}, "datetime": {"datetime": "2021-03-05 13:06:25", "elapsed": 9.291916, "delta": 0.108465}}
{"target": 0.2890744048367769, "params": {"T1": 0.0810330851350756, "T3": 0.12330140745328902, "T5": 0.13200448097188344, "U1": 12.547370024206806, "U5": 12.66647653459877}, "datetime": {"datetime": "2021-03-05 13:06:25", "elapsed": 9.397914, "delta": 0.105998}}
{"target": 0.19159844393072784, "params": {"T1": 0.07591978501265195, "T3": 0.0848211714750813, "T5": 0.06593969797612251, "U1": 17.42391554547226, "U5": 19.985230532392542}, "datetime": {"datetime": "2021-03-05 13:06:25", "elapsed": 9.495353, "delta": 0.097439}}
{"target": 1.2520558552992862, "params": {"T1": 0.14882237166746315, "T3": 0.10896763479649207, "T5": 0.05272560829690942, "U1": 17.108594573614646, "U5": 13.029052701488407}, "datetime": {"datetime": "2021-03-05 13:06:25", "elapsed": 9.595406, "delta": 0.100053}}
{"target": 0.3758649410905009, "params": {"T1": 0.09446845441230359, "T3": 0.1104586052772018, "T5": 0.1339314533752427, "U1": 13.354401579057516, "U5": 14.64017615529195}, "datetime": {"datetime": "2021-03-05 13:06:25", "elapsed": 9.701843, "delta": 0.106437}}
{"target": 0.2610911620901958, "params": {"T1": 0.0724324472618177, "T3": 0.06044760978851447, "T5": 0.10299573630601006, "U1": 13.19878320410378, "U5": 13.247830283532767}, "datetime": {"datetime": "2021-03-05 13:06:25", "elapsed": 9.79826, "delta": 0.096417}}
{"target": 0.25247273888779637, "params": {"T1": 0.07258791226274437, "T3": 0.07811908301175145, "T5": 0.08424519449991133, "U1": 13.738354573062665, "U5": 16.68196632304974}, "datetime": {"datetime": "2021-03-05 13:06:25", "elapsed": 9.874788, "delta": 0.076528}}
{"target": 0.2199081981234698, "params": {"T1": 0.12861750654595427, "T3": 0.13044497661008264, "T5": 0.07073273441316216, "U1": 17.27906943321068, "U5": 13.20643987386352}, "datetime": {"datetime": "2021-03-05 13:06:25", "elapsed": 9.93096, "delta": 0.056172}}
{"target": 0.1920079585935246, "params": {"T1": 0.05403776427116071, "T3": 0.1254159796746023, "T5": 0.13426007417834482, "U1": 14.89557363980898, "U5": 15.462518265051042}, "datetime": {"datetime": "2021-03-05 13:06:25", "elapsed": 10.08517, "delta": 0.15421}}
{"target": 0.1420839979475136, "params": {"T1": 0.10438115471807968, "T3": 0.06725374874082386, "T5": 0.11706963956112043, "U1": 15.375370832247398, "U5": 14.060681728238775}, "datetime": {"datetime": "2021-03-05 13:06:26", "elapsed": 10.244761, "delta": 0.159591}}
{"target": 0.14512620011589994, "params": {"T1": 0.10889502474887852, "T3": 0.06964933113790321, "T5": 0.11910143992236652, "U1": 18.8665319600112, "U5": 19.075133361853712}, "datetime": {"datetime": "2021-03-05 13:06:26", "elapsed": 10.391915, "delta": 0.147154}}
{"target": 0.2982954344102454, "params": {"T1": 0.10817032806319504, "T3": 0.10454996700407865, "T5": 0.08719387826704875, "U1": 17.21231916787744, "U5": 16.17371044624639}, "datetime": {"datetime": "2021-03-05 13:06:26", "elapsed": 10.50546, "delta": 0.113545}}
{"target": 0.1654750658570064, "params": {"T1": 0.05752146174310083, "T3": 0.061250128788426665, "T5": 0.11702300923431448, "U1": 18.304140794101343, "U5": 14.294772364361961}, "datetime": {"datetime": "2021-03-05 13:06:26", "elapsed": 10.614873, "delta": 0.109413}}
{"target": 0.38007296164582227, "params": {"T1": 0.08212120519347106, "T3": 0.13059944234250742, "T5": 0.054792118215506926, "U1": 18.110710203628322, "U5": 19.260495601728717}, "datetime": {"datetime": "2021-03-05 13:06:26", "elapsed": 10.724631, "delta": 0.109758}}
{"target": 0.5461773963336922, "params": {"T1": 0.10936664089479078, "T3": 0.14247135776289516, "T5": 0.06960352951580842, "U1": 18.732512481255878, "U5": 14.309665245449953}, "datetime": {"datetime": "2021-03-05 13:06:26", "elapsed": 10.837898, "delta": 0.113267}}
{"target": 0.20772789123298052, "params": {"T1": 0.11975513683138399, "T3": 0.10069969179048083, "T5": 0.13420175983376964, "U1": 13.326658137164241, "U5": 18.09434126912893}, "datetime": {"datetime": "2021-03-05 13:06:26", "elapsed": 10.957553, "delta": 0.119655}}
{"target": 0.46814452270191287, "params": {"T1": 0.09882069624142847, "T3": 0.07624690505780739, "T5": 0.14474852617623093, "U1": 14.040454291687743, "U5": 19.239045203679495}, "datetime": {"datetime": "2021-03-05 13:06:26", "elapsed": 11.075041, "delta": 0.117488}}
{"target": 0.1343543787206831, "params": {"T1": 0.08504364461882072, "T3": 0.08544882536655415, "T5": 0.06004464670649993, "U1": 16.200300164628935, "U5": 19.185038513705294}, "datetime": {"datetime": "2021-03-05 13:06:26", "elapsed": 11.185602, "delta": 0.110561}}
{"target": 0.2963350334280202, "params": {"T1": 0.13085178187575355, "T3": 0.11078131031650276, "T5": 0.07638250447441156, "U1": 18.577069849039958, "U5": 12.905410266664088}, "datetime": {"datetime": "2021-03-05 13:06:27", "elapsed": 11.309467, "delta": 0.123865}}
{"target": 0.676412240316351, "params": {"T1": 0.06697166831170409, "T3": 0.0665937147211125, "T5": 0.11539557441984223, "U1": 18.602589977800218, "U5": 19.23526340998621}, "datetime": {"datetime": "2021-03-05 13:06:27", "elapsed": 11.417937, "delta": 0.10847}}
{"target": 0.2949687429925846, "params": {"T1": 0.080021659722622, "T3": 0.1273471193539189, "T5": 0.14828245156286196, "U1": 15.478304688154774, "U5": 15.88903491855509}, "datetime": {"datetime": "2021-03-05 13:06:27", "elapsed": 11.54138, "delta": 0.123443}}
{"target": 0.1884239962649318, "params": {"T1": 0.09622235857863226, "T3": 0.1037400201029639, "T5": 0.08518138491627983, "U1": 18.569628880535912, "U5": 12.529876372762807}, "datetime": {"datetime": "2021-03-05 13:06:27", "elapsed": 11.655402, "delta": 0.114022}}
{"target": 0.1558858257185934, "params": {"T1": 0.1369192213823182, "T3": 0.05630312556569771, "T5": 0.09297360026778528, "U1": 17.804052199312814, "U5": 12.105178641000258}, "datetime": {"datetime": "2021-03-05 13:06:27", "elapsed": 11.769883, "delta": 0.114481}}
{"target": 0.6256663494084975, "params": {"T1": 0.12622907539219164, "T3": 0.14939946674283783, "T5": 0.05351870125150082, "U1": 17.488237982071183, "U5": 12.736602432702767}, "datetime": {"datetime": "2021-03-05 13:06:27", "elapsed": 11.885918, "delta": 0.116035}}
{"target": 0.4854999685077528, "params": {"T1": 0.07915165850976856, "T3": 0.1057442816935078, "T5": 0.07799382115441494, "U1": 19.834339954476043, "U5": 19.144744104402676}, "datetime": {"datetime": "2021-03-05 13:06:27", "elapsed": 11.997558, "delta": 0.11164}}
{"target": 0.32607531313616783, "params": {"T1": 0.08261447437064147, "T3": 0.11411282265656936, "T5": 0.06499989127948624, "U1": 14.877478773623102, "U5": 13.8867708081357}, "datetime": {"datetime": "2021-03-05 13:06:27", "elapsed": 12.110611, "delta": 0.113053}}
{"target": 0.16437627524630427, "params": {"T1": 0.07274007633479893, "T3": 0.08059990345591608, "T5": 0.11736563722075556, "U1": 12.150847291450937, "U5": 16.81490145925987}, "datetime": {"datetime": "2021-03-05 13:06:28", "elapsed": 12.201575, "delta": 0.090964}}
{"target": 0.3140671891306584, "params": {"T1": 0.09897483778308191, "T3": 0.14602454322986258, "T5": 0.10651005516148007, "U1": 19.806817371224703, "U5": 17.22760486554359}, "datetime": {"datetime": "2021-03-05 13:06:28", "elapsed": 12.266122, "delta": 0.064547}}
{"target": 0.6908348553810699, "params": {"T1": 0.09375766319236312, "T3": 0.141624168589732, "T5": 0.06055028417518628, "U1": 14.676331850259078, "U5": 13.365678076682858}, "datetime": {"datetime": "2021-03-05 13:06:28", "elapsed": 12.370545, "delta": 0.104423}}
{"target": 0.13358310313059585, "params": {"T1": 0.10987092162231026, "T3": 0.11014086614584095, "T5": 0.1131088215693684, "U1": 15.160158001658358, "U5": 17.687852594581933}, "datetime": {"datetime": "2021-03-05 13:06:28", "elapsed": 12.450004, "delta": 0.079459}}
{"target": 0.1867593465042671, "params": {"T1": 0.1463855361231956, "T3": 0.06089840541636415, "T5": 0.07879487616242792, "U1": 17.22369667502315, "U5": 18.4431446576573}, "datetime": {"datetime": "2021-03-05 13:06:28", "elapsed": 12.542876, "delta": 0.092872}}
{"target": 0.2845186429177399, "params": {"T1": 0.08570678279166412, "T3": 0.09791927167442044, "T5": 0.06291140916788156, "U1": 12.25590734685187, "U5": 19.776386432791547}, "datetime": {"datetime": "2021-03-05 13:06:28", "elapsed": 12.641949, "delta": 0.099073}}
{"target": 0.14553985346114962, "params": {"T1": 0.12992234529080862, "T3": 0.05929368762485916, "T5": 0.0702162254723125, "U1": 14.235994749313948, "U5": 19.231606947908812}, "datetime": {"datetime": "2021-03-05 13:06:28", "elapsed": 12.73192, "delta": 0.089971}}
{"target": 0.15273880169813955, "params": {"T1": 0.13622148816361002, "T3": 0.10937735148777536, "T5": 0.12452322932792619, "U1": 14.908714899728562, "U5": 16.1905898673525}, "datetime": {"datetime": "2021-03-05 13:06:28", "elapsed": 12.8332, "delta": 0.10128}}
{"target": 0.4256094179660256, "params": {"T1": 0.06603350403393601, "T3": 0.10763100658708422, "T5": 0.08894130904390095, "U1": 16.662220361598482, "U5": 16.08881043512543}, "datetime": {"datetime": "2021-03-05 13:06:28", "elapsed": 12.939776, "delta": 0.106576}}
{"target": 0.242124962070299, "params": {"T1": 0.1194045114852801, "T3": 0.0659503116113955, "T5": 0.06009359585680929, "U1": 13.978366812012368, "U5": 13.609271134215579}, "datetime": {"datetime": "2021-03-05 13:06:28", "elapsed": 13.033718, "delta": 0.093942}}
{"target": 0.36280442810469976, "params": {"T1": 0.12337913781646377, "T3": 0.05432694466524479, "T5": 0.09229408960359078, "U1": 17.97357202862989, "U5": 19.28320195307339}, "datetime": {"datetime": "2021-03-05 13:06:28", "elapsed": 13.132816, "delta": 0.099098}}
{"target": 0.280970291378825, "params": {"T1": 0.06782973838321175, "T3": 0.10506337562302734, "T5": 0.11646567616070277, "U1": 13.447101147028093, "U5": 19.639026087339083}, "datetime": {"datetime": "2021-03-05 13:06:29", "elapsed": 13.224783, "delta": 0.091967}}
{"target": 0.16605921658887893, "params": {"T1": 0.09057327850492022, "T3": 0.08478446805074016, "T5": 0.1387838990040884, "U1": 13.019418416415327, "U5": 18.274635539478748}, "datetime": {"datetime": "2021-03-05 13:06:29", "elapsed": 13.280526, "delta": 0.055743}}
{"target": 0.32963763670877566, "params": {"T1": 0.12408261481677475, "T3": 0.11209626189211183, "T5": 0.10916696780697037, "U1": 15.964085686673748, "U5": 14.751645832359603}, "datetime": {"datetime": "2021-03-05 13:06:29", "elapsed": 13.386693, "delta": 0.106167}}
{"target": 0.8493650141311484, "params": {"T1": 0.09164373189423769, "T3": 0.14750048922567294, "T5": 0.10226780834475571, "U1": 18.809720050691954, "U5": 14.29463858904544}, "datetime": {"datetime": "2021-03-05 13:06:29", "elapsed": 13.499275, "delta": 0.112582}}
{"target": 0.28547354610597875, "params": {"T1": 0.14936246823656502, "T3": 0.1078020804461291, "T5": 0.055466246171652814, "U1": 19.68316446597024, "U5": 14.582258807203974}, "datetime": {"datetime": "2021-03-05 13:06:29", "elapsed": 13.605635, "delta": 0.10636}}
{"target": 0.38699883156979914, "params": {"T1": 0.08171626904842529, "T3": 0.10042454987247765, "T5": 0.06845624289396793, "U1": 17.828325191944376, "U5": 17.01565007729763}, "datetime": {"datetime": "2021-03-05 13:06:29", "elapsed": 13.711649, "delta": 0.106014}}
{"target": 0.2493390026977548, "params": {"T1": 0.07698508156070355, "T3": 0.12594420299302403, "T5": 0.132984036843887, "U1": 12.584076705212532, "U5": 12.596804309591793}, "datetime": {"datetime": "2021-03-05 13:06:29", "elapsed": 13.824346, "delta": 0.112697}}
{"target": 0.44182205393874224, "params": {"T1": 0.14545980804091618, "T3": 0.1395465241189363, "T5": 0.08751340534000591, "U1": 17.814663096091685, "U5": 17.957988624599242}, "datetime": {"datetime": "2021-03-05 13:06:29", "elapsed": 13.944594, "delta": 0.120248}}
{"target": 0.18592142079036292, "params": {"T1": 0.1483934442796559, "T3": 0.06506377138466776, "T5": 0.07774326854210208, "U1": 15.589968242187958, "U5": 18.973808557919966}, "datetime": {"datetime": "2021-03-05 13:06:29", "elapsed": 14.055116, "delta": 0.110522}}
{"target": 0.1287510246714856, "params": {"T1": 0.13834441655445556, "T3": 0.13116619331520496, "T5": 0.10894476874027291, "U1": 15.118036722478635, "U5": 16.435093496386237}, "datetime": {"datetime": "2021-03-05 13:06:29", "elapsed": 14.176211, "delta": 0.121095}}
{"target": 0.4153912877368963, "params": {"T1": 0.06742977903869797, "T3": 0.1318317167367293, "T5": 0.14938403242726753, "U1": 18.314725982699034, "U5": 19.18144300084857}, "datetime": {"datetime": "2021-03-05 13:06:30", "elapsed": 14.291813, "delta": 0.115602}}
{"target": 0.16790748888155055, "params": {"T1": 0.09624172798537814, "T3": 0.05550683621888028, "T5": 0.1064032210167235, "U1": 16.020402421137774, "U5": 18.175501407336743}, "datetime": {"datetime": "2021-03-05 13:06:30", "elapsed": 14.414577, "delta": 0.122764}}
{"target": 0.1968054783378985, "params": {"T1": 0.06857552132109287, "T3": 0.09424995862595796, "T5": 0.1295817636445179, "U1": 14.108024683054067, "U5": 14.79338899695354}, "datetime": {"datetime": "2021-03-05 13:06:30", "elapsed": 14.533279, "delta": 0.118702}}
{"target": 0.3022717566090903, "params": {"T1": 0.06575039121381662, "T3": 0.1324594068983202, "T5": 0.14220171997678904, "U1": 19.014702456461936, "U5": 13.122837367496318}, "datetime": {"datetime": "2021-03-05 13:06:30", "elapsed": 14.652481, "delta": 0.119202}}
{"target": 0.75679658865505, "params": {"T1": 0.09887189327494383, "T3": 0.08222861436552234, "T5": 0.14002990430135526, "U1": 17.575679223203007, "U5": 19.66030798816528}, "datetime": {"datetime": "2021-03-05 13:06:30", "elapsed": 14.771536, "delta": 0.119055}}
{"target": 0.22768905461593028, "params": {"T1": 0.12108775914656449, "T3": 0.13156241684596376, "T5": 0.0814941790671311, "U1": 12.120764435058476, "U5": 15.800416436979908}, "datetime": {"datetime": "2021-03-05 13:06:30", "elapsed": 14.888734, "delta": 0.117198}}
{"target": 0.17643270409797124, "params": {"T1": 0.11653042044934558, "T3": 0.07059427047225295, "T5": 0.09414322102940292, "U1": 16.789764510525693, "U5": 17.16154497359761}, "datetime": {"datetime": "2021-03-05 13:06:30", "elapsed": 14.970574, "delta": 0.08184}}
{"target": 0.17312396925009407, "params": {"T1": 0.07134032212120031, "T3": 0.05155237808465734, "T5": 0.10313941116160286, "U1": 15.92418664994402, "U5": 12.629427719834739}, "datetime": {"datetime": "2021-03-05 13:06:30", "elapsed": 15.047167, "delta": 0.076593}}
{"target": 0.16694966751113338, "params": {"T1": 0.10169486805400406, "T3": 0.0749280773149431, "T5": 0.07120282534836309, "U1": 15.010067261882547, "U5": 13.421684280522957}, "datetime": {"datetime": "2021-03-05 13:06:30", "elapsed": 15.147829, "delta": 0.100662}}
{"target": 0.4084000939393405, "params": {"T1": 0.1161875966856515, "T3": 0.09964783535936272, "T5": 0.059905256122848, "U1": 19.190496850738196, "U5": 15.91034663454525}, "datetime": {"datetime": "2021-03-05 13:06:31", "elapsed": 15.240231, "delta": 0.092402}}
{"target": 0.24642238204001102, "params": {"T1": 0.09889038468142375, "T3": 0.13568742011369472, "T5": 0.14733426180162343, "U1": 13.372228977498224, "U5": 13.25322922722766}, "datetime": {"datetime": "2021-03-05 13:06:31", "elapsed": 15.330317, "delta": 0.090086}}
{"target": 0.6695450363303977, "params": {"T1": 0.07433809363460744, "T3": 0.09651190491824152, "T5": 0.0893999358107942, "U1": 15.931149688496454, "U5": 18.38552659186976}, "datetime": {"datetime": "2021-03-05 13:06:31", "elapsed": 15.44676, "delta": 0.116443}}
{"target": 0.4344443694003635, "params": {"T1": 0.08160451075158962, "T3": 0.14481121014372994, "T5": 0.10167360571930131, "U1": 18.624762395405412, "U5": 17.374886094428078}, "datetime": {"datetime": "2021-03-05 13:06:31", "elapsed": 15.541905, "delta": 0.095145}}
{"target": 0.2864967518046222, "params": {"T1": 0.10532706385557167, "T3": 0.06738123873697931, "T5": 0.14607713547406448, "U1": 12.463935178381144, "U5": 14.543732873223025}, "datetime": {"datetime": "2021-03-05 13:06:31", "elapsed": 15.641324, "delta": 0.099419}}
{"target": 0.14440605506273888, "params": {"T1": 0.07362680353724187, "T3": 0.10657520738541545, "T5": 0.14438220201028176, "U1": 13.524749433506575, "U5": 15.054524887999339}, "datetime": {"datetime": "2021-03-05 13:06:31", "elapsed": 15.715846, "delta": 0.074522}}
{"target": 0.17789609376076196, "params": {"T1": 0.08182374564496112, "T3": 0.14910216248640887, "T5": 0.06613871390314496, "U1": 12.57638963048808, "U5": 12.791054801594226}, "datetime": {"datetime": "2021-03-05 13:06:31", "elapsed": 15.824724, "delta": 0.108878}}
{"target": 0.15004122807337578, "params": {"T1": 0.14714549382969944, "T3": 0.09544199018849985, "T5": 0.13460847231370393, "U1": 12.582385734252071, "U5": 12.72612900057015}, "datetime": {"datetime": "2021-03-05 13:06:31", "elapsed": 15.948315, "delta": 0.123591}}
{"target": 0.619041985049153, "params": {"T1": 0.07305872570742683, "T3": 0.07421273946569082, "T5": 0.07012850732113877, "U1": 18.08211558682507, "U5": 18.034068892981402}, "datetime": {"datetime": "2021-03-05 13:06:31", "elapsed": 16.052229, "delta": 0.103914}}
{"target": 0.18698449749549673, "params": {"T1": 0.11885250070337659, "T3": 0.1253271107243124, "T5": 0.13542476990924512, "U1": 14.189528260729977, "U5": 18.396383910616663}, "datetime": {"datetime": "2021-03-05 13:06:31", "elapsed": 16.152025, "delta": 0.099796}}
{"target": 0.23741746430820856, "params": {"T1": 0.11023726578720278, "T3": 0.06333231389972224, "T5": 0.11696489079961299, "U1": 13.229191942985379, "U5": 19.05970214750854}, "datetime": {"datetime": "2021-03-05 13:06:32", "elapsed": 16.258481, "delta": 0.106456}}
{"target": 0.3176580755754291, "params": {"T1": 0.05632933248877499, "T3": 0.13453884690084064, "T5": 0.07453747538795263, "U1": 14.74094173215919, "U5": 12.26939650652687}, "datetime": {"datetime": "2021-03-05 13:06:32", "elapsed": 16.32731, "delta": 0.068829}}
{"target": 0.5979101874440832, "params": {"T1": 0.07258946929628236, "T3": 0.09762343492522421, "T5": 0.06473387983996345, "U1": 15.135930618491031, "U5": 12.27185349659825}, "datetime": {"datetime": "2021-03-05 13:06:32", "elapsed": 16.383451, "delta": 0.056141}}
{"target": 0.1213757484958313, "params": {"T1": 0.11438635195713308, "T3": 0.093148023729387, "T5": 0.1356974479437278, "U1": 17.6174199405845, "U5": 19.503543031751455}, "datetime": {"datetime": "2021-03-05 13:06:32", "elapsed": 16.527015, "delta": 0.143564}}
{"target": 0.49852154966200823, "params": {"T1": 0.09920252810549215, "T3": 0.11322513692876143, "T5": 0.10119310931864192, "U1": 19.538801757278428, "U5": 15.505212664884159}, "datetime": {"datetime": "2021-03-05 13:06:32", "elapsed": 16.628137, "delta": 0.101122}}
