{"target": 0.5278704914432715, "params": {"T1": 0.06727668948665436, "T3": 0.11534315558354943, "T5": 0.13700250887899534, "U1": 17.977468994393256, "U5": 18.077366380058926}, "datetime": {"datetime": "2021-03-04 16:02:46", "elapsed": 0.0, "delta": 0.0}}
{"target": 0.13933808663584, "params": {"T1": 0.12516522970482807, "T3": 0.13780176096532026, "T5": 0.08721767549739909, "U1": 17.434120754191852, "U5": 15.476066952616046}, "datetime": {"datetime": "2021-03-04 16:02:46", "elapsed": 0.055801, "delta": 0.055801}}
{"target": 0.2041510251484655, "params": {"T1": 0.13249236267404324, "T3": 0.06146138048021163, "T5": 0.054873744509537026, "U1": 16.42009371656708, "U5": 12.734194390235833}, "datetime": {"datetime": "2021-03-04 16:02:46", "elapsed": 0.108547, "delta": 0.052746}}
{"target": 0.9247905050742322, "params": {"T1": 0.05923689656963871, "T3": 0.13192644122533476, "T5": 0.08921954477680734, "U1": 14.222883090047414, "U5": 19.37193174387224}, "datetime": {"datetime": "2021-03-04 16:02:46", "elapsed": 0.161256, "delta": 0.052709}}
{"target": 0.3066744459402327, "params": {"T1": 0.07596737600493725, "T3": 0.0901806940295689, "T5": 0.13445511940452332, "U1": 14.02908036369087, "U5": 14.248765242831965}, "datetime": {"datetime": "2021-03-04 16:02:47", "elapsed": 0.216482, "delta": 0.055226}}
{"target": 0.28373753893048964, "params": {"T1": 0.0811970710902672, "T3": 0.09656702344573853, "T5": 0.12258388819542919, "U1": 17.56686167654045, "U5": 12.913440685714775}, "datetime": {"datetime": "2021-03-04 16:02:47", "elapsed": 0.271015, "delta": 0.054533}}
{"target": 0.2808719119480201, "params": {"T1": 0.10422692328649244, "T3": 0.11947235477820554, "T5": 0.09303725394606555, "U1": 12.825767728298224, "U5": 15.410219404509288}, "datetime": {"datetime": "2021-03-04 16:02:47", "elapsed": 0.326121, "delta": 0.055106}}
{"target": 0.24618150002373915, "params": {"T1": 0.14933016976068747, "T3": 0.07661825160863268, "T5": 0.061308396142113475, "U1": 14.818138142284745, "U5": 13.8831265214443}, "datetime": {"datetime": "2021-03-04 16:02:47", "elapsed": 0.380263, "delta": 0.054142}}
{"target": 0.27739926795310027, "params": {"T1": 0.09507910343062295, "T3": 0.11897943046165063, "T5": 0.11378100798389344, "U1": 12.710750060383557, "U5": 15.847678023390351}, "datetime": {"datetime": "2021-03-04 16:02:47", "elapsed": 0.43511, "delta": 0.054847}}
{"target": 0.23220580294154103, "params": {"T1": 0.12450032596511552, "T3": 0.08320266177296126, "T5": 0.1078141124405832, "U1": 19.514453810008508, "U5": 17.248859699356444}, "datetime": {"datetime": "2021-03-04 16:02:47", "elapsed": 0.488621, "delta": 0.053511}}
{"target": 0.13461828849012888, "params": {"T1": 0.07537464932073895, "T3": 0.0679929141545863, "T5": 0.09391341748603653, "U1": 15.80394590699229, "U5": 16.41171676589554}, "datetime": {"datetime": "2021-03-04 16:02:47", "elapsed": 0.539876, "delta": 0.051255}}
{"target": 0.20076256205099652, "params": {"T1": 0.061479179492747005, "T3": 0.07270974038489328, "T5": 0.1428901093942278, "U1": 17.678220518908137, "U5": 13.56365336766958}, "datetime": {"datetime": "2021-03-04 16:02:47", "elapsed": 0.593067, "delta": 0.053191}}
{"target": 0.30356090310033995, "params": {"T1": 0.12220709200005192, "T3": 0.08893785732703714, "T5": 0.0535509803823676, "U1": 15.90321842656067, "U5": 15.908674385362445}, "datetime": {"datetime": "2021-03-04 16:02:47", "elapsed": 0.645112, "delta": 0.052045}}
{"target": 0.17007008709650356, "params": {"T1": 0.08100692483828288, "T3": 0.09171688095928823, "T5": 0.09398910266585452, "U1": 17.939421211499216, "U5": 13.341438891575178}, "datetime": {"datetime": "2021-03-04 16:02:47", "elapsed": 0.69769, "delta": 0.052578}}
{"target": 0.36438254077437077, "params": {"T1": 0.05082433986172098, "T3": 0.14445397549597022, "T5": 0.0523972326827189, "U1": 15.349156724997345, "U5": 14.768628582719739}, "datetime": {"datetime": "2021-03-04 16:02:47", "elapsed": 0.748909, "delta": 0.051219}}
{"target": 0.30210004125083567, "params": {"T1": 0.06382183877904428, "T3": 0.07523658882580858, "T5": 0.13955505921821776, "U1": 14.820033712084074, "U5": 12.464710824811332}, "datetime": {"datetime": "2021-03-04 16:02:47", "elapsed": 0.802893, "delta": 0.053984}}
{"target": 0.26008721749625197, "params": {"T1": 0.08080897835210889, "T3": 0.1447052471098798, "T5": 0.08131045926264949, "U1": 18.671961466363147, "U5": 16.291245513909253}, "datetime": {"datetime": "2021-03-04 16:02:47", "elapsed": 0.856017, "delta": 0.053124}}
{"target": 0.535000578475723, "params": {"T1": 0.09605448835491619, "T3": 0.0998741985456945, "T5": 0.135579336679635, "U1": 18.639570783750315, "U5": 18.966274325562203}, "datetime": {"datetime": "2021-03-04 16:02:47", "elapsed": 0.909364, "delta": 0.053347}}
{"target": 0.3015903732784151, "params": {"T1": 0.09017871480226654, "T3": 0.06851026975812027, "T5": 0.08183223770545575, "U1": 19.366880063336, "U5": 18.352087072570004}, "datetime": {"datetime": "2021-03-04 16:02:47", "elapsed": 0.960804, "delta": 0.05144}}
{"target": 0.1831591656568694, "params": {"T1": 0.08770871982000264, "T3": 0.10785876161122931, "T5": 0.08164527390494218, "U1": 16.69573216492649, "U5": 15.19203672908818}, "datetime": {"datetime": "2021-03-04 16:02:47", "elapsed": 1.013789, "delta": 0.052985}}
{"target": 0.25556981183814625, "params": {"T1": 0.13254066495181843, "T3": 0.07957957852916492, "T5": 0.13193775647141434, "U1": 12.077852779898041, "U5": 12.491915021269367}, "datetime": {"datetime": "2021-03-04 16:02:47", "elapsed": 1.071708, "delta": 0.057919}}
{"target": 0.26994109520532306, "params": {"T1": 0.14669182305296274, "T3": 0.05059453390911964, "T5": 0.14545750491386727, "U1": 12.96237542942761, "U5": 13.989083725047914}, "datetime": {"datetime": "2021-03-04 16:02:47", "elapsed": 1.129738, "delta": 0.05803}}
{"target": 0.2303743069892321, "params": {"T1": 0.14457141063742945, "T3": 0.10626613200577989, "T5": 0.11274341861831157, "U1": 19.29066018510685, "U5": 19.480709966478347}, "datetime": {"datetime": "2021-03-04 16:02:47", "elapsed": 1.184134, "delta": 0.054396}}
{"target": 0.11521038348574097, "params": {"T1": 0.13851687153981523, "T3": 0.09269862361726125, "T5": 0.14498807508882583, "U1": 18.06703719937954, "U5": 16.00222573735013}, "datetime": {"datetime": "2021-03-04 16:02:48", "elapsed": 1.239474, "delta": 0.05534}}
{"target": 0.3025729397548312, "params": {"T1": 0.12751486559841713, "T3": 0.09410248113589556, "T5": 0.1437913958511315, "U1": 14.720187705589236, "U5": 19.505874534634568}, "datetime": {"datetime": "2021-03-04 16:02:48", "elapsed": 1.295432, "delta": 0.055958}}
{"target": 0.31686887259804497, "params": {"T1": 0.06874742421117969, "T3": 0.08579978003013622, "T5": 0.06241157931133147, "U1": 17.658585736690053, "U5": 18.463952105697125}, "datetime": {"datetime": "2021-03-04 16:02:48", "elapsed": 1.345431, "delta": 0.049999}}
{"target": 0.2698324828986703, "params": {"T1": 0.07121942604333614, "T3": 0.10611329599241745, "T5": 0.056172448979197646, "U1": 18.29547749668974, "U5": 18.070661972476355}, "datetime": {"datetime": "2021-03-04 16:02:48", "elapsed": 1.3963, "delta": 0.050869}}
{"target": 0.2658016162943444, "params": {"T1": 0.06212325684750686, "T3": 0.11385928386747345, "T5": 0.11582475442004088, "U1": 12.966832216097513, "U5": 15.551913076319698}, "datetime": {"datetime": "2021-03-04 16:02:48", "elapsed": 1.449456, "delta": 0.053156}}
{"target": 0.26654929801177857, "params": {"T1": 0.06190013171851425, "T3": 0.05984614294964498, "T5": 0.06438935404251994, "U1": 12.031766064852231, "U5": 12.709521144890923}, "datetime": {"datetime": "2021-03-04 16:02:48", "elapsed": 1.500322, "delta": 0.050866}}
{"target": 0.21847604396316328, "params": {"T1": 0.08866854075125744, "T3": 0.14151611361541638, "T5": 0.0803593017271602, "U1": 13.8798924970345, "U5": 13.555796428425708}, "datetime": {"datetime": "2021-03-04 16:02:48", "elapsed": 1.554133, "delta": 0.053811}}
{"target": 0.2539121753713361, "params": {"T1": 0.06689522893834979, "T3": 0.08527457865494344, "T5": 0.13217164669374593, "U1": 13.608102942537947, "U5": 18.932595924540347}, "datetime": {"datetime": "2021-03-04 16:02:48", "elapsed": 1.607109, "delta": 0.052976}}
{"target": 0.13374648279528148, "params": {"T1": 0.13341448995945324, "T3": 0.05419006579721114, "T5": 0.07950716422894746, "U1": 15.672702017934217, "U5": 13.432876870703737}, "datetime": {"datetime": "2021-03-04 16:02:48", "elapsed": 1.660258, "delta": 0.053149}}
{"target": 0.666837204713279, "params": {"T1": 0.09285039307786777, "T3": 0.11736711746475638, "T5": 0.13978656990596933, "U1": 18.6157823672771, "U5": 18.95682368153382}, "datetime": {"datetime": "2021-03-04 16:02:48", "elapsed": 1.714285, "delta": 0.054027}}
{"target": 0.15667431607776217, "params": {"T1": 0.09785267228295727, "T3": 0.056117280671535666, "T5": 0.12545376518938284, "U1": 17.12902823303063, "U5": 14.72084025624379}, "datetime": {"datetime": "2021-03-04 16:02:48", "elapsed": 1.767309, "delta": 0.053024}}
{"target": 0.5774771692891139, "params": {"T1": 0.05026332680742057, "T3": 0.14804462499268192, "T5": 0.05073039243253518, "U1": 18.04981132117328, "U5": 18.94345015902264}, "datetime": {"datetime": "2021-03-04 16:02:48", "elapsed": 1.817359, "delta": 0.05005}}
{"target": 0.40209686978093345, "params": {"T1": 0.13509438059368944, "T3": 0.06259252909228939, "T5": 0.0763722501523438, "U1": 19.95676515057991, "U5": 19.148912705273435}, "datetime": {"datetime": "2021-03-04 16:02:48", "elapsed": 1.868514, "delta": 0.051155}}
{"target": 0.24564257052249622, "params": {"T1": 0.1142398167274265, "T3": 0.09339027715493362, "T5": 0.12385985695727293, "U1": 12.002857031529537, "U5": 18.187588778069482}, "datetime": {"datetime": "2021-03-04 16:02:48", "elapsed": 1.92412, "delta": 0.055606}}
{"target": 0.2533049128743268, "params": {"T1": 0.11707268467865362, "T3": 0.05281071728910724, "T5": 0.08329878649604193, "U1": 16.26986748895243, "U5": 13.126039809674786}, "datetime": {"datetime": "2021-03-04 16:02:48", "elapsed": 1.976829, "delta": 0.052709}}
{"target": 0.26310820491618203, "params": {"T1": 0.12243689165659251, "T3": 0.07283399752541572, "T5": 0.079493865078725, "U1": 16.252751008466426, "U5": 17.8237991542402}, "datetime": {"datetime": "2021-03-04 16:02:48", "elapsed": 2.029039, "delta": 0.05221}}
{"target": 0.26485954779172005, "params": {"T1": 0.07256167249824971, "T3": 0.06837647402200178, "T5": 0.11367259781599155, "U1": 13.380162076855768, "U5": 16.54704106699825}, "datetime": {"datetime": "2021-03-04 16:02:48", "elapsed": 2.081249, "delta": 0.05221}}
{"target": 0.14867115479851692, "params": {"T1": 0.12962773402485978, "T3": 0.07353647359364032, "T5": 0.12605192983711738, "U1": 15.473032890391384, "U5": 15.72117313857408}, "datetime": {"datetime": "2021-03-04 16:02:48", "elapsed": 2.135946, "delta": 0.054697}}
{"target": 0.21771537801946367, "params": {"T1": 0.13978541262947303, "T3": 0.13582123168244914, "T5": 0.062155663107706496, "U1": 19.833508879626972, "U5": 12.008542895050198}, "datetime": {"datetime": "2021-03-04 16:02:48", "elapsed": 2.190352, "delta": 0.054406}}
{"target": 0.17905569712126307, "params": {"T1": 0.08960574744940755, "T3": 0.10120666294507467, "T5": 0.11832190447110291, "U1": 14.968497407210245, "U5": 16.65993588277503}, "datetime": {"datetime": "2021-03-04 16:02:49", "elapsed": 2.244716, "delta": 0.054364}}
{"target": 0.2746016166538982, "params": {"T1": 0.12107475556365407, "T3": 0.13175544217598872, "T5": 0.14878041842467327, "U1": 19.706892409933584, "U5": 15.576467520372374}, "datetime": {"datetime": "2021-03-04 16:02:49", "elapsed": 2.300823, "delta": 0.056107}}
{"target": 0.5422207292092606, "params": {"T1": 0.07003852465725548, "T3": 0.12495290900573809, "T5": 0.09393050763491123, "U1": 15.004530390056427, "U5": 15.927493985217106}, "datetime": {"datetime": "2021-03-04 16:02:49", "elapsed": 2.353264, "delta": 0.052441}}
{"target": 0.29944276532631087, "params": {"T1": 0.11263904061960286, "T3": 0.0568153547387152, "T5": 0.1470349018511016, "U1": 19.874026069424332, "U5": 13.533528726482084}, "datetime": {"datetime": "2021-03-04 16:02:49", "elapsed": 2.407135, "delta": 0.053871}}
{"target": 0.33361558060203694, "params": {"T1": 0.13996837083242175, "T3": 0.10892191751495106, "T5": 0.1394055573556238, "U1": 18.828943691244245, "U5": 18.584456426692405}, "datetime": {"datetime": "2021-03-04 16:02:49", "elapsed": 2.46279, "delta": 0.055655}}
{"target": 0.4692029491455813, "params": {"T1": 0.07367475384752015, "T3": 0.12092381944679766, "T5": 0.06277187971248474, "U1": 19.39706131186166, "U5": 19.58226627170584}, "datetime": {"datetime": "2021-03-04 16:02:49", "elapsed": 2.513553, "delta": 0.050763}}
{"target": 0.3783325032827793, "params": {"T1": 0.06970765651958011, "T3": 0.1327325559461816, "T5": 0.13004263735709048, "U1": 17.640274737681, "U5": 18.130009708991537}, "datetime": {"datetime": "2021-03-04 16:02:49", "elapsed": 2.566841, "delta": 0.053288}}
{"target": 0.15568457439091155, "params": {"T1": 0.10245580938785837, "T3": 0.11261683660824097, "T5": 0.1179348561791913, "U1": 19.815279698401007, "U5": 18.092438691555742}, "datetime": {"datetime": "2021-03-04 16:02:49", "elapsed": 2.620071, "delta": 0.05323}}
{"target": 0.22537343078828698, "params": {"T1": 0.13365910823961236, "T3": 0.12472795346028594, "T5": 0.11176359683939285, "U1": 13.501587289439033, "U5": 19.10436472172332}, "datetime": {"datetime": "2021-03-04 16:02:49", "elapsed": 2.67727, "delta": 0.057199}}
{"target": 0.37879633334723134, "params": {"T1": 0.05586980695586058, "T3": 0.12128069347330263, "T5": 0.07854953290762005, "U1": 17.41283755449931, "U5": 13.476198208449027}, "datetime": {"datetime": "2021-03-04 16:02:49", "elapsed": 2.731024, "delta": 0.053754}}
{"target": 0.1605333113692614, "params": {"T1": 0.10601480539784586, "T3": 0.12338731200799698, "T5": 0.10252807721518037, "U1": 14.728937343086912, "U5": 19.41067307619499}, "datetime": {"datetime": "2021-03-04 16:02:49", "elapsed": 2.785188, "delta": 0.054164}}
{"target": 0.2667411517589628, "params": {"T1": 0.14996612688400818, "T3": 0.0784076855046127, "T5": 0.14411399780893036, "U1": 12.536043212768732, "U5": 18.365030767736087}, "datetime": {"datetime": "2021-03-04 16:02:49", "elapsed": 2.843426, "delta": 0.058238}}
{"target": 0.31853215959768044, "params": {"T1": 0.09839814984091055, "T3": 0.1062401043483758, "T5": 0.11270401920798254, "U1": 12.605744268780448, "U5": 19.67577000496243}, "datetime": {"datetime": "2021-03-04 16:02:49", "elapsed": 2.897522, "delta": 0.054096}}
{"target": 0.20649155693735713, "params": {"T1": 0.1296039139722165, "T3": 0.10522246837502801, "T5": 0.0673268609965071, "U1": 18.03501783803171, "U5": 12.239019702828902}, "datetime": {"datetime": "2021-03-04 16:02:49", "elapsed": 2.950468, "delta": 0.052946}}
{"target": 0.3525611915273377, "params": {"T1": 0.06605055475265044, "T3": 0.07029615569804097, "T5": 0.0836855979262807, "U1": 19.360604370540923, "U5": 15.629749623676684}, "datetime": {"datetime": "2021-03-04 16:02:49", "elapsed": 3.000868, "delta": 0.0504}}
{"target": 0.13082681077671315, "params": {"T1": 0.10443382128222937, "T3": 0.09847788505485239, "T5": 0.10764334472002662, "U1": 15.575291988794897, "U5": 16.27608781588789}, "datetime": {"datetime": "2021-03-04 16:02:49", "elapsed": 3.054568, "delta": 0.0537}}
{"target": 0.285916551919484, "params": {"T1": 0.10780973381839651, "T3": 0.09823153250321501, "T5": 0.11779382450572196, "U1": 15.658257549683432, "U5": 17.15319436665253}, "datetime": {"datetime": "2021-03-04 16:02:49", "elapsed": 3.108475, "delta": 0.053907}}
{"target": 0.141747635182979, "params": {"T1": 0.11503609741855915, "T3": 0.11900643280260605, "T5": 0.08497793391058481, "U1": 12.217113673997126, "U5": 15.737259710533996}, "datetime": {"datetime": "2021-03-04 16:02:49", "elapsed": 3.163198, "delta": 0.054723}}
{"target": 0.38344447078774097, "params": {"T1": 0.05017982299736902, "T3": 0.14438489428820467, "T5": 0.08563663105606836, "U1": 18.88146971544455, "U5": 12.638423906914026}, "datetime": {"datetime": "2021-03-04 16:02:50", "elapsed": 3.216037, "delta": 0.052839}}
{"target": 0.17280420622934142, "params": {"T1": 0.07457093352883278, "T3": 0.11027545589546377, "T5": 0.06409724105285527, "U1": 18.78549315507368, "U5": 14.47675176427931}, "datetime": {"datetime": "2021-03-04 16:02:50", "elapsed": 3.267504, "delta": 0.051467}}
{"target": 0.18302080150940658, "params": {"T1": 0.13553509242778294, "T3": 0.1308394188296316, "T5": 0.13113219329694045, "U1": 18.375870801857243, "U5": 15.101469458897277}, "datetime": {"datetime": "2021-03-04 16:02:50", "elapsed": 3.323805, "delta": 0.056301}}
{"target": 0.12945149193190106, "params": {"T1": 0.1054416564223492, "T3": 0.06798447307275912, "T5": 0.09223419626371598, "U1": 14.04837277707126, "U5": 16.15579757422889}, "datetime": {"datetime": "2021-03-04 16:02:50", "elapsed": 3.376411, "delta": 0.052606}}
{"target": 0.32477285989740623, "params": {"T1": 0.0565883283908772, "T3": 0.05453891739740161, "T5": 0.13170929995624314, "U1": 14.79807752259568, "U5": 19.684618869083508}, "datetime": {"datetime": "2021-03-04 16:02:50", "elapsed": 3.427806, "delta": 0.051395}}
{"target": 0.25328859703282763, "params": {"T1": 0.1367826938156681, "T3": 0.1170494565311423, "T5": 0.06554834159571195, "U1": 13.515813269364262, "U5": 16.829415600274828}, "datetime": {"datetime": "2021-03-04 16:02:50", "elapsed": 3.482942, "delta": 0.055136}}
{"target": 0.2715879596459823, "params": {"T1": 0.13242434155354496, "T3": 0.12486438516022193, "T5": 0.14533231180076617, "U1": 14.636813705224544, "U5": 15.426952959262712}, "datetime": {"datetime": "2021-03-04 16:02:50", "elapsed": 3.54067, "delta": 0.057728}}
{"target": 0.20043374948175863, "params": {"T1": 0.14924368340115432, "T3": 0.08322373517768314, "T5": 0.12323385443118605, "U1": 16.868334121242903, "U5": 18.934842318800168}, "datetime": {"datetime": "2021-03-04 16:02:50", "elapsed": 3.595318, "delta": 0.054648}}
{"target": 0.3841228974433967, "params": {"T1": 0.05441880299586859, "T3": 0.1324620330879138, "T5": 0.1392884189245095, "U1": 16.201712303044605, "U5": 12.080391862709398}, "datetime": {"datetime": "2021-03-04 16:02:50", "elapsed": 3.649759, "delta": 0.054441}}
{"target": 0.3203360439476433, "params": {"T1": 0.10866723428789503, "T3": 0.05287353186722739, "T5": 0.09126952837828413, "U1": 19.136765153488984, "U5": 19.284158961708773}, "datetime": {"datetime": "2021-03-04 16:02:50", "elapsed": 3.700511, "delta": 0.050752}}
{"target": 0.33406202332207324, "params": {"T1": 0.05643969056056036, "T3": 0.13807222268914265, "T5": 0.1303141832780065, "U1": 15.245663475618088, "U5": 14.276486073273269}, "datetime": {"datetime": "2021-03-04 16:02:50", "elapsed": 3.755227, "delta": 0.054716}}
{"target": 0.34832326576985484, "params": {"T1": 0.09424834357039495, "T3": 0.09711094534662801, "T5": 0.07171962828618575, "U1": 13.241432193605142, "U5": 18.154702343691433}, "datetime": {"datetime": "2021-03-04 16:02:50", "elapsed": 3.807184, "delta": 0.051957}}
{"target": 0.21299750863550954, "params": {"T1": 0.11758009046502428, "T3": 0.06570006926470688, "T5": 0.08926481116060234, "U1": 14.537560247330727, "U5": 16.464092862852866}, "datetime": {"datetime": "2021-03-04 16:02:50", "elapsed": 3.859553, "delta": 0.052369}}
{"target": 0.4850089281829573, "params": {"T1": 0.1387812180503663, "T3": 0.140952679301392, "T5": 0.06815305252934442, "U1": 19.697422541721963, "U5": 18.63840825011419}, "datetime": {"datetime": "2021-03-04 16:02:50", "elapsed": 3.912709, "delta": 0.053156}}
{"target": 0.40386909638470614, "params": {"T1": 0.07281126585546151, "T3": 0.11145686496191097, "T5": 0.13667315143907022, "U1": 14.684595897575578, "U5": 16.982866184959864}, "datetime": {"datetime": "2021-03-04 16:02:50", "elapsed": 3.966437, "delta": 0.053728}}
{"target": 0.15769468386539523, "params": {"T1": 0.10806705593290289, "T3": 0.13546203240203647, "T5": 0.0754907431205126, "U1": 15.351782451495986, "U5": 16.437554464962595}, "datetime": {"datetime": "2021-03-04 16:02:50", "elapsed": 4.020421, "delta": 0.053984}}
{"target": 0.14870261154606434, "params": {"T1": 0.09928291219110166, "T3": 0.059953583117952014, "T5": 0.1379981518942064, "U1": 16.707032005047083, "U5": 15.572650292767083}, "datetime": {"datetime": "2021-03-04 16:02:50", "elapsed": 4.073936, "delta": 0.053515}}
{"target": 0.3711530810139894, "params": {"T1": 0.14550889053021077, "T3": 0.1351688454554604, "T5": 0.05641308349813761, "U1": 17.75154450911451, "U5": 19.44923948812353}, "datetime": {"datetime": "2021-03-04 16:02:50", "elapsed": 4.127403, "delta": 0.053467}}
{"target": 0.29489013585379775, "params": {"T1": 0.08288028876452233, "T3": 0.05861111038908692, "T5": 0.14547416104501792, "U1": 16.28352471736644, "U5": 16.28484683549938}, "datetime": {"datetime": "2021-03-04 16:02:50", "elapsed": 4.181112, "delta": 0.053709}}
{"target": 0.33649826337290323, "params": {"T1": 0.13753865558086498, "T3": 0.1144885440249321, "T5": 0.055535979788595695, "U1": 18.434087550534, "U5": 13.513627313010852}, "datetime": {"datetime": "2021-03-04 16:02:51", "elapsed": 4.234323, "delta": 0.053211}}
{"target": 0.2842365396835151, "params": {"T1": 0.13552491114573567, "T3": 0.06586793970251359, "T5": 0.08292265968874361, "U1": 14.332782593321326, "U5": 18.743773538641175}, "datetime": {"datetime": "2021-03-04 16:02:51", "elapsed": 4.28768, "delta": 0.053357}}
{"target": 0.19149057497831454, "params": {"T1": 0.07654182173742327, "T3": 0.08278768507422465, "T5": 0.06752555185434149, "U1": 15.923934103875752, "U5": 18.531281587880713}, "datetime": {"datetime": "2021-03-04 16:02:51", "elapsed": 4.337896, "delta": 0.050216}}
{"target": 0.4697853340940552, "params": {"T1": 0.07318355769518856, "T3": 0.10807263698854966, "T5": 0.09836750228167206, "U1": 19.360550703466668, "U5": 12.22577412358925}, "datetime": {"datetime": "2021-03-04 16:02:51", "elapsed": 4.390648, "delta": 0.052752}}
