{"target": 0.8915698026540152, "params": {"T1": 0.14447550697816916, "T3": 0.1011219170279891, "T5": 0.10773854907724915, "U1": 17.428476780527593, "U5": 19.348292025137447}, "datetime": {"datetime": "2021-03-04 16:12:27", "elapsed": 580.924835, "delta": 1.4451}}
{"target": 0.2839335636127612, "params": {"T1": 0.09314416970822079, "T3": 0.05982714513463734, "T5": 0.06591462080130608, "U1": 17.719843342294894, "U5": 14.77206500100738}, "datetime": {"datetime": "2021-03-04 16:12:29", "elapsed": 582.373333, "delta": 1.448498}}
{"target": 0.21502516877635536, "params": {"T1": 0.14124941158467846, "T3": 0.10755212484685484, "T5": 0.10315186203974505, "U1": 14.255499662239936, "U5": 15.54791158111722}, "datetime": {"datetime": "2021-03-04 16:12:30", "elapsed": 583.850058, "delta": 1.476725}}
{"target": 0.13940340983158342, "params": {"T1": 0.12852276139569818, "T3": 0.14313890361490486, "T5": 0.13414377583401543, "U1": 16.6729437601181, "U5": 18.296908643500373}, "datetime": {"datetime": "2021-03-04 16:12:31", "elapsed": 585.207028, "delta": 1.35697}}
{"target": 0.16873294478303985, "params": {"T1": 0.08653746244439868, "T3": 0.1378285725091653, "T5": 0.08812898089656719, "U1": 19.711689319364975, "U5": 13.394549854272498}, "datetime": {"datetime": "2021-03-04 16:12:34", "elapsed": 587.268662, "delta": 2.061634}}
{"target": 0.5492573298486494, "params": {"T1": 0.06445341820076608, "T3": 0.11955690085101423, "T5": 0.06462363095070513, "U1": 19.68526564755099, "U5": 13.403398996642512}, "datetime": {"datetime": "2021-03-04 16:12:37", "elapsed": 590.53433, "delta": 3.265668}}
{"target": 0.29639148537306753, "params": {"T1": 0.05176442792215102, "T3": 0.12793997598150553, "T5": 0.12664992821318688, "U1": 18.564812307837077, "U5": 14.110105379178432}, "datetime": {"datetime": "2021-03-04 16:12:39", "elapsed": 592.478115, "delta": 1.943785}}
{"target": 0.15109602534319966, "params": {"T1": 0.12753131748611843, "T3": 0.10431680832872492, "T5": 0.10262063169384236, "U1": 17.415394875426152, "U5": 19.362696693084285}, "datetime": {"datetime": "2021-03-04 16:12:41", "elapsed": 594.570086, "delta": 2.091971}}
{"target": 0.18734774096539536, "params": {"T1": 0.08252677411524886, "T3": 0.10887041306095085, "T5": 0.0574619954684405, "U1": 19.14311931955109, "U5": 13.532571941907634}, "datetime": {"datetime": "2021-03-04 16:12:43", "elapsed": 596.526957, "delta": 1.956871}}
{"target": 0.2881270040763306, "params": {"T1": 0.07690513910493228, "T3": 0.08858969810633745, "T5": 0.12630350887357233, "U1": 18.707285417779108, "U5": 13.062954879970349}, "datetime": {"datetime": "2021-03-04 16:12:44", "elapsed": 597.886786, "delta": 1.359829}}
{"target": 0.16260875112809928, "params": {"T1": 0.09065695847399638, "T3": 0.1103919048534685, "T5": 0.11478285742979011, "U1": 12.344792059638355, "U5": 19.844060130669607}, "datetime": {"datetime": "2021-03-04 16:12:46", "elapsed": 599.371379, "delta": 1.484593}}
{"target": 0.13795990969222674, "params": {"T1": 0.14892489217790944, "T3": 0.10381622176381314, "T5": 0.10235909828018606, "U1": 15.64028699001282, "U5": 17.79887252766361}, "datetime": {"datetime": "2021-03-04 16:12:47", "elapsed": 600.928739, "delta": 1.55736}}
{"target": 0.28467838603911616, "params": {"T1": 0.08010637148082864, "T3": 0.0873505331418418, "T5": 0.14688126342333452, "U1": 18.603677974960632, "U5": 18.943903697421504}, "datetime": {"datetime": "2021-03-04 16:12:50", "elapsed": 604.169009, "delta": 3.24027}}
{"target": 0.37857882836846063, "params": {"T1": 0.06506893303210444, "T3": 0.10253931170388919, "T5": 0.0779347203425566, "U1": 16.607764036336174, "U5": 18.717212605183352}, "datetime": {"datetime": "2021-03-04 16:12:53", "elapsed": 606.99748, "delta": 2.828471}}
{"target": 0.6236715177228804, "params": {"T1": 0.09074313657897556, "T3": 0.0932886664043773, "T5": 0.06913753143162915, "U1": 17.024868166041642, "U5": 19.01207819419612}, "datetime": {"datetime": "2021-03-04 16:12:55", "elapsed": 608.513483, "delta": 1.516003}}
{"target": 0.2879300066310059, "params": {"T1": 0.12539632929719274, "T3": 0.0833880220135074, "T5": 0.13775520220952409, "U1": 12.212888686248224, "U5": 17.895683760587218}, "datetime": {"datetime": "2021-03-04 16:12:56", "elapsed": 610.107384, "delta": 1.593901}}
{"target": 0.27243053172157444, "params": {"T1": 0.05421124346034589, "T3": 0.14294320416996403, "T5": 0.11137674115033112, "U1": 19.84706230308671, "U5": 18.8182689783832}, "datetime": {"datetime": "2021-03-04 16:12:58", "elapsed": 611.558385, "delta": 1.451001}}
{"target": 0.3461183590046004, "params": {"T1": 0.11108464116726896, "T3": 0.07314230190540612, "T5": 0.10874795001664805, "U1": 16.743174312357056, "U5": 18.44304858649593}, "datetime": {"datetime": "2021-03-04 16:13:00", "elapsed": 613.272961, "delta": 1.714576}}
{"target": 0.26522230033595245, "params": {"T1": 0.10529483916523771, "T3": 0.1396808593435569, "T5": 0.14371172623374545, "U1": 15.82667359311722, "U5": 15.5231337731541}, "datetime": {"datetime": "2021-03-04 16:13:01", "elapsed": 614.796131, "delta": 1.52317}}
{"target": 0.4912238167448962, "params": {"T1": 0.13793530339411164, "T3": 0.10532863165798381, "T5": 0.1034598172740866, "U1": 15.486410051949408, "U5": 13.818330268573654}, "datetime": {"datetime": "2021-03-04 16:13:03", "elapsed": 616.297724, "delta": 1.501593}}
{"target": 0.34354081548602267, "params": {"T1": 0.07349275121071533, "T3": 0.14919429830105435, "T5": 0.07019975853716257, "U1": 12.49983597132386, "U5": 17.898632563358994}, "datetime": {"datetime": "2021-03-04 16:13:05", "elapsed": 618.2687, "delta": 1.970976}}
{"target": 0.7797755729567194, "params": {"T1": 0.05899898688886771, "T3": 0.1281840737494119, "T5": 0.137822739165271, "U1": 19.029522613420784, "U5": 19.366490606146385}, "datetime": {"datetime": "2021-03-04 16:13:07", "elapsed": 620.364905, "delta": 2.096205}}
{"target": 0.6564194035832642, "params": {"T1": 0.07273015036477948, "T3": 0.13359755119164562, "T5": 0.0794233880778146, "U1": 12.30779278642553, "U5": 12.508577629564677}, "datetime": {"datetime": "2021-03-04 16:13:09", "elapsed": 622.52802, "delta": 2.163115}}
{"target": 0.32126654039176755, "params": {"T1": 0.09582628510307528, "T3": 0.08356362577094044, "T5": 0.09601552333802621, "U1": 16.767531365891102, "U5": 19.343900245428387}, "datetime": {"datetime": "2021-03-04 16:13:11", "elapsed": 624.516589, "delta": 1.988569}}
{"target": 0.2478275775464239, "params": {"T1": 0.14313393505192662, "T3": 0.06532748002311523, "T5": 0.08874205374601485, "U1": 13.186294684696946, "U5": 18.06725940402456}, "datetime": {"datetime": "2021-03-04 16:13:12", "elapsed": 625.839059, "delta": 1.32247}}
{"target": 0.16704577849282662, "params": {"T1": 0.0553262612667032, "T3": 0.13494246281088723, "T5": 0.06572280864901747, "U1": 15.219766028511085, "U5": 16.769033086113776}, "datetime": {"datetime": "2021-03-04 16:13:14", "elapsed": 627.424514, "delta": 1.585455}}
{"target": 0.29560746916210556, "params": {"T1": 0.10028905093635632, "T3": 0.14662903426852575, "T5": 0.06787222035776412, "U1": 18.21401753817797, "U5": 19.482102843760007}, "datetime": {"datetime": "2021-03-04 16:13:15", "elapsed": 628.868981, "delta": 1.444467}}
{"target": 0.3088846949430675, "params": {"T1": 0.05063769785875234, "T3": 0.08138592153905173, "T5": 0.14001558065762154, "U1": 13.723037009269497, "U5": 18.057429689789934}, "datetime": {"datetime": "2021-03-04 16:13:17", "elapsed": 630.380263, "delta": 1.511282}}
{"target": 0.2708315088685173, "params": {"T1": 0.14340911496553682, "T3": 0.13735736930597578, "T5": 0.09168975971367319, "U1": 12.821709694284003, "U5": 12.286970302070465}, "datetime": {"datetime": "2021-03-04 16:13:18", "elapsed": 631.924921, "delta": 1.544658}}
{"target": 0.1827194023985099, "params": {"T1": 0.0621693431044275, "T3": 0.06512680939487678, "T5": 0.10984062017624893, "U1": 17.000041439444644, "U5": 15.694324266640955}, "datetime": {"datetime": "2021-03-04 16:13:20", "elapsed": 633.443007, "delta": 1.518086}}
{"target": 1.1200400026546022, "params": {"T1": 0.058107836903296566, "T3": 0.12012222095700426, "T5": 0.06474614030887273, "U1": 17.531926282115133, "U5": 18.87717871271075}, "datetime": {"datetime": "2021-03-04 16:13:21", "elapsed": 634.727948, "delta": 1.284941}}
{"target": 0.3298278375135634, "params": {"T1": 0.0689274705369473, "T3": 0.1080470593763162, "T5": 0.1218146204028513, "U1": 14.68841308823519, "U5": 16.978136919512156}, "datetime": {"datetime": "2021-03-04 16:13:24", "elapsed": 637.301324, "delta": 2.573376}}
{"target": 0.2302167856169026, "params": {"T1": 0.10190833330085425, "T3": 0.068238064061123, "T5": 0.0746675132572811, "U1": 13.339052484330654, "U5": 18.860203816068505}, "datetime": {"datetime": "2021-03-04 16:13:25", "elapsed": 638.837034, "delta": 1.53571}}
{"target": 0.1961561334028803, "params": {"T1": 0.06441622357092874, "T3": 0.057630394642422124, "T5": 0.06292898009599672, "U1": 13.657586576810662, "U5": 14.406553729294307}, "datetime": {"datetime": "2021-03-04 16:13:27", "elapsed": 640.391601, "delta": 1.554567}}
{"target": 0.13505713757194449, "params": {"T1": 0.0863749332892741, "T3": 0.11464382924959123, "T5": 0.1455175174571083, "U1": 19.168795311193236, "U5": 13.356235735422407}, "datetime": {"datetime": "2021-03-04 16:13:28", "elapsed": 641.778108, "delta": 1.386507}}
{"target": 0.13156589390546977, "params": {"T1": 0.13638291477822045, "T3": 0.1116557442918799, "T5": 0.10390084248968566, "U1": 15.490105226311549, "U5": 13.819624475412768}, "datetime": {"datetime": "2021-03-04 16:13:30", "elapsed": 644.13346, "delta": 2.355352}}
{"target": 0.1850714517889344, "params": {"T1": 0.11962850807309787, "T3": 0.10406275145062582, "T5": 0.13123140735280892, "U1": 16.817493632788498, "U5": 18.863812987468343}, "datetime": {"datetime": "2021-03-04 16:13:32", "elapsed": 645.58151, "delta": 1.44805}}
{"target": 0.1956007692039522, "params": {"T1": 0.10601021889653926, "T3": 0.058417160433517384, "T5": 0.0502497570279514, "U1": 12.347852882488176, "U5": 13.410286212332355}, "datetime": {"datetime": "2021-03-04 16:13:34", "elapsed": 647.211796, "delta": 1.630286}}
{"target": 0.3933532693257906, "params": {"T1": 0.07062321571751581, "T3": 0.1034717370240141, "T5": 0.1371429476256273, "U1": 14.021038467372763, "U5": 14.264463779493525}, "datetime": {"datetime": "2021-03-04 16:13:36", "elapsed": 649.829355, "delta": 2.617559}}
{"target": 0.2643678839097204, "params": {"T1": 0.11702532418358993, "T3": 0.08943833227381999, "T5": 0.06548155805492191, "U1": 17.638665017646474, "U5": 12.920342332940226}, "datetime": {"datetime": "2021-03-04 16:13:38", "elapsed": 651.467417, "delta": 1.638062}}
{"target": 0.15076462040646368, "params": {"T1": 0.12381486394198275, "T3": 0.07423202127654344, "T5": 0.13622230956122006, "U1": 16.021908941305323, "U5": 18.116601201068637}, "datetime": {"datetime": "2021-03-04 16:13:39", "elapsed": 652.905943, "delta": 1.438526}}
{"target": 0.2759972003583844, "params": {"T1": 0.0948085670969582, "T3": 0.11556426020655641, "T5": 0.1072950231892407, "U1": 18.215400810846294, "U5": 17.512088839946184}, "datetime": {"datetime": "2021-03-04 16:13:41", "elapsed": 654.486561, "delta": 1.580618}}
{"target": 0.5603821079651231, "params": {"T1": 0.07298124660770657, "T3": 0.13322973177347588, "T5": 0.13010061153502928, "U1": 19.359140927016675, "U5": 15.61478628620591}, "datetime": {"datetime": "2021-03-04 16:13:44", "elapsed": 657.683645, "delta": 3.197084}}
{"target": 0.24838632773354954, "params": {"T1": 0.06789609236832886, "T3": 0.11048169808396127, "T5": 0.08480590311392056, "U1": 13.529819701847757, "U5": 13.770708626730467}, "datetime": {"datetime": "2021-03-04 16:13:46", "elapsed": 659.263031, "delta": 1.579386}}
{"target": 0.25640065600609296, "params": {"T1": 0.12126848815418255, "T3": 0.10804928161743986, "T5": 0.1060500609168227, "U1": 18.748910118041138, "U5": 15.587808711056436}, "datetime": {"datetime": "2021-03-04 16:13:47", "elapsed": 660.948418, "delta": 1.685387}}
{"target": 0.19128408691522059, "params": {"T1": 0.05035599767835544, "T3": 0.129328225767241, "T5": 0.13997014062423238, "U1": 18.449409398941498, "U5": 13.654383421819213}, "datetime": {"datetime": "2021-03-04 16:13:49", "elapsed": 662.631096, "delta": 1.682678}}
{"target": 0.234583664734261, "params": {"T1": 0.11828449381947848, "T3": 0.11235694924624168, "T5": 0.058168402005258774, "U1": 18.850776865162707, "U5": 13.778001038062293}, "datetime": {"datetime": "2021-03-04 16:13:52", "elapsed": 665.759615, "delta": 3.128519}}
{"target": 0.2532912407266228, "params": {"T1": 0.14789664812875458, "T3": 0.1068593048641302, "T5": 0.11319619820986311, "U1": 12.383607359782854, "U5": 13.55106325101133}, "datetime": {"datetime": "2021-03-04 16:13:54", "elapsed": 667.361673, "delta": 1.602058}}
{"target": 0.21248335037497973, "params": {"T1": 0.09535204247578477, "T3": 0.14241193624497034, "T5": 0.12001202561479747, "U1": 18.645253236910612, "U5": 15.401423028380837}, "datetime": {"datetime": "2021-03-04 16:13:56", "elapsed": 669.302047, "delta": 1.940374}}
{"target": 0.3281185080552215, "params": {"T1": 0.0711062726216585, "T3": 0.11812932009382515, "T5": 0.11211929116813649, "U1": 14.678836501211649, "U5": 16.975615236421486}, "datetime": {"datetime": "2021-03-04 16:13:59", "elapsed": 672.433424, "delta": 3.131377}}
{"target": 0.24449148907697135, "params": {"T1": 0.07643737202125783, "T3": 0.14968427394642003, "T5": 0.11486094802955688, "U1": 12.727268531273467, "U5": 16.982528837120576}, "datetime": {"datetime": "2021-03-04 16:14:00", "elapsed": 674.035742, "delta": 1.602318}}
{"target": 0.15298609957803805, "params": {"T1": 0.11769930689317498, "T3": 0.10297168336949833, "T5": 0.10097837267711943, "U1": 15.68466887772192, "U5": 13.76451104684808}, "datetime": {"datetime": "2021-03-04 16:14:02", "elapsed": 675.874478, "delta": 1.838736}}
{"target": 0.3494187273026887, "params": {"T1": 0.0716830512092811, "T3": 0.1045866372427424, "T5": 0.1380014320417562, "U1": 18.608658911967872, "U5": 18.965187183307798}, "datetime": {"datetime": "2021-03-04 16:14:05", "elapsed": 678.354229, "delta": 2.479751}}
{"target": 0.3940838982563624, "params": {"T1": 0.06578024376197797, "T3": 0.11683935061175656, "T5": 0.06661828675304618, "U1": 17.54330950392986, "U5": 18.878731236111186}, "datetime": {"datetime": "2021-03-04 16:14:07", "elapsed": 680.815722, "delta": 2.461493}}
{"target": 0.1730839953677835, "params": {"T1": 0.09014266696888028, "T3": 0.13164578417170344, "T5": 0.0662792912408833, "U1": 15.468607885571226, "U5": 13.39149104564348}, "datetime": {"datetime": "2021-03-04 16:14:11", "elapsed": 684.480919, "delta": 3.665197}}
{"target": 0.14502336587676892, "params": {"T1": 0.05135271648818297, "T3": 0.1226696913318691, "T5": 0.13409213041659948, "U1": 18.995970940965915, "U5": 16.490027623583785}, "datetime": {"datetime": "2021-03-04 16:14:13", "elapsed": 686.473492, "delta": 1.992573}}
{"target": 0.3047161407278237, "params": {"T1": 0.07071615988015008, "T3": 0.061483400006093515, "T5": 0.12152668964018651, "U1": 13.482727844863104, "U5": 19.94590260396811}, "datetime": {"datetime": "2021-03-04 16:14:14", "elapsed": 687.858016, "delta": 1.384524}}
{"target": 0.16451897601848628, "params": {"T1": 0.08920144546436345, "T3": 0.14823610358417189, "T5": 0.08651413087413501, "U1": 18.88503446349778, "U5": 13.737503875492045}, "datetime": {"datetime": "2021-03-04 16:14:17", "elapsed": 690.936995, "delta": 3.078979}}
{"target": 0.18046695391089757, "params": {"T1": 0.12573749732005324, "T3": 0.07164840097699306, "T5": 0.07572926246226701, "U1": 19.46482753405792, "U5": 15.131379010204249}, "datetime": {"datetime": "2021-03-04 16:14:19", "elapsed": 692.521168, "delta": 1.584173}}
{"target": 0.1755979381504154, "params": {"T1": 0.12526967380567638, "T3": 0.05841669205111258, "T5": 0.13903766628614364, "U1": 17.242824488898904, "U5": 14.58433014543958}, "datetime": {"datetime": "2021-03-04 16:14:21", "elapsed": 694.558218, "delta": 2.03705}}
{"target": 0.38047273814488763, "params": {"T1": 0.08896574034711363, "T3": 0.12628971455766147, "T5": 0.05459677390536214, "U1": 19.388946800273043, "U5": 19.577339539241674}, "datetime": {"datetime": "2021-03-04 16:14:23", "elapsed": 696.809584, "delta": 2.251366}}
{"target": 0.3863661517134441, "params": {"T1": 0.14267890110771797, "T3": 0.14680897007463445, "T5": 0.0721702130249777, "U1": 19.561243300372684, "U5": 19.4448924827132}, "datetime": {"datetime": "2021-03-04 16:14:26", "elapsed": 699.33892, "delta": 2.529336}}
{"target": 0.24686823530904137, "params": {"T1": 0.08366868568900332, "T3": 0.13428311585689265, "T5": 0.05255497832947329, "U1": 15.737315718359344, "U5": 12.809493792216564}, "datetime": {"datetime": "2021-03-04 16:14:27", "elapsed": 700.871143, "delta": 1.532223}}
{"target": 0.2729313481855356, "params": {"T1": 0.06941140389631809, "T3": 0.10534900447407447, "T5": 0.09262542246659866, "U1": 13.85449612345199, "U5": 12.27654180642238}, "datetime": {"datetime": "2021-03-04 16:14:30", "elapsed": 703.762267, "delta": 2.891124}}
{"target": 0.4280048918288108, "params": {"T1": 0.07052652151034207, "T3": 0.11013987235274691, "T5": 0.08222151834598655, "U1": 15.949358437640576, "U5": 18.391254765935674}, "datetime": {"datetime": "2021-03-04 16:14:32", "elapsed": 705.979953, "delta": 2.217686}}
{"target": 0.23207737697912398, "params": {"T1": 0.12751285617583819, "T3": 0.09419139704078676, "T5": 0.05454100114696937, "U1": 14.954944253343701, "U5": 12.997029478324425}, "datetime": {"datetime": "2021-03-04 16:14:34", "elapsed": 707.584386, "delta": 1.604433}}
{"target": 0.21507885953385855, "params": {"T1": 0.05287894279120284, "T3": 0.12054803211314437, "T5": 0.10136828207863963, "U1": 19.940737600392247, "U5": 12.899358813867057}, "datetime": {"datetime": "2021-03-04 16:14:35", "elapsed": 709.039235, "delta": 1.454849}}
{"target": 0.18781064572181538, "params": {"T1": 0.06151419342405197, "T3": 0.13785781615678377, "T5": 0.1270540579379505, "U1": 13.868592925735271, "U5": 14.49915934227407}, "datetime": {"datetime": "2021-03-04 16:14:39", "elapsed": 712.83231, "delta": 3.793075}}
{"target": 0.41051781849656854, "params": {"T1": 0.08845017719174211, "T3": 0.07809066757769383, "T5": 0.05140379888316193, "U1": 19.106586921572664, "U5": 13.52105443230828}, "datetime": {"datetime": "2021-03-04 16:14:41", "elapsed": 714.786636, "delta": 1.954326}}
{"target": 0.1385288117035791, "params": {"T1": 0.08159789595209119, "T3": 0.12536488117192024, "T5": 0.11747917829854, "U1": 13.090438809356364, "U5": 15.131371094818622}, "datetime": {"datetime": "2021-03-04 16:14:43", "elapsed": 716.497258, "delta": 1.710622}}
{"target": 0.24675930884025107, "params": {"T1": 0.09593404277006645, "T3": 0.07594066536396035, "T5": 0.05685839508982629, "U1": 16.451662865593303, "U5": 16.959037049430982}, "datetime": {"datetime": "2021-03-04 16:14:45", "elapsed": 718.534174, "delta": 2.036916}}
{"target": 0.24561610058593814, "params": {"T1": 0.05162010567498687, "T3": 0.0993365305050086, "T5": 0.11080477734452734, "U1": 15.645306670818254, "U5": 15.234815283838607}, "datetime": {"datetime": "2021-03-04 16:14:47", "elapsed": 721.021737, "delta": 2.487563}}
{"target": 0.20292003138899464, "params": {"T1": 0.09639064334275618, "T3": 0.0960462628759727, "T5": 0.09095482033440717, "U1": 18.475843586345206, "U5": 19.2311427735316}, "datetime": {"datetime": "2021-03-04 16:14:49", "elapsed": 722.535793, "delta": 1.514056}}
{"target": 0.16061424124024912, "params": {"T1": 0.061186895006789914, "T3": 0.13917243962962117, "T5": 0.12126600698619647, "U1": 16.566038842965582, "U5": 17.653039391432515}, "datetime": {"datetime": "2021-03-04 16:14:51", "elapsed": 724.422037, "delta": 1.886244}}
{"target": 0.23898438660870222, "params": {"T1": 0.1345075444490133, "T3": 0.08021172044129377, "T5": 0.06969051070512719, "U1": 19.33195559726452, "U5": 13.464344996732631}, "datetime": {"datetime": "2021-03-04 16:14:52", "elapsed": 725.901697, "delta": 1.47966}}
{"target": 0.2269079481576316, "params": {"T1": 0.131881488338706, "T3": 0.10565991956026988, "T5": 0.14606142108419418, "U1": 19.66503897710941, "U5": 14.301832924150771}, "datetime": {"datetime": "2021-03-04 16:14:56", "elapsed": 729.551505, "delta": 3.649808}}
{"target": 0.33115917830671077, "params": {"T1": 0.14053238129977613, "T3": 0.13605099375081509, "T5": 0.05389209293984191, "U1": 19.69321041031637, "U5": 18.655036176650196}, "datetime": {"datetime": "2021-03-04 16:14:59", "elapsed": 732.279741, "delta": 2.728236}}
{"target": 0.21251309382470623, "params": {"T1": 0.09099074737387113, "T3": 0.1289538300099794, "T5": 0.07809157080789508, "U1": 14.31069576686572, "U5": 15.467688673923014}, "datetime": {"datetime": "2021-03-04 16:15:01", "elapsed": 734.812325, "delta": 2.532584}}
{"target": 0.3433998601024976, "params": {"T1": 0.0759481397928529, "T3": 0.1330742148790885, "T5": 0.06943472888831487, "U1": 19.04729550679674, "U5": 12.953694224079033}, "datetime": {"datetime": "2021-03-04 16:15:04", "elapsed": 737.980347, "delta": 3.168022}}
{"target": 0.1425667924725234, "params": {"T1": 0.054476868472698496, "T3": 0.12697048357600094, "T5": 0.14057189745522186, "U1": 18.913530806304685, "U5": 18.285489913367126}, "datetime": {"datetime": "2021-03-04 16:15:06", "elapsed": 740.055222, "delta": 2.074875}}
{"target": 0.556331341818562, "params": {"T1": 0.09700007172425906, "T3": 0.1081371307358174, "T5": 0.14667083067574732, "U1": 17.195102819334117, "U5": 14.095451053170477}, "datetime": {"datetime": "2021-03-04 16:15:08", "elapsed": 741.623883, "delta": 1.568661}}
{"target": 0.30446576455695007, "params": {"T1": 0.05462943609462041, "T3": 0.07933510791876257, "T5": 0.11978148621022375, "U1": 15.938727036474095, "U5": 12.67518329110774}, "datetime": {"datetime": "2021-03-04 16:15:10", "elapsed": 743.40961, "delta": 1.785727}}
