{"target": 0.35156843690189177, "params": {"T1": 0.12741410682639326, "T3": 0.08543630316212722, "T5": 0.05387774348256659, "U1": 17.85677689659766, "U5": 12.710475114325753}, "datetime": {"datetime": "2021-03-04 16:10:09", "elapsed": 442.429963, "delta": 1.194561}}
{"target": 0.130511756009907, "params": {"T1": 0.07623929342778621, "T3": 0.052995220934667964, "T5": 0.10808512718347035, "U1": 19.835628281792665, "U5": 19.907365745230205}, "datetime": {"datetime": "2021-03-04 16:10:10", "elapsed": 443.813246, "delta": 1.383283}}
{"target": 0.16569892022692878, "params": {"T1": 0.10591232152571392, "T3": 0.07045925335096817, "T5": 0.05371277832007213, "U1": 16.020780721542895, "U5": 17.02993210181009}, "datetime": {"datetime": "2021-03-04 16:10:12", "elapsed": 445.283105, "delta": 1.469859}}
{"target": 0.2957178538597501, "params": {"T1": 0.10123680277140656, "T3": 0.08974934215589783, "T5": 0.06996454010790833, "U1": 18.872262284641533, "U5": 19.823025307127942}, "datetime": {"datetime": "2021-03-04 16:10:13", "elapsed": 446.53613, "delta": 1.253025}}
{"target": 0.1395033004566257, "params": {"T1": 0.08850845214688735, "T3": 0.06010004902004339, "T5": 0.12430319592114603, "U1": 19.592801236768643, "U5": 16.40790037783782}, "datetime": {"datetime": "2021-03-04 16:10:14", "elapsed": 447.793548, "delta": 1.257418}}
{"target": 0.22739200057057754, "params": {"T1": 0.1352947572156726, "T3": 0.1129002593965003, "T5": 0.10758653578357655, "U1": 14.367090270706479, "U5": 13.089389636277454}, "datetime": {"datetime": "2021-03-04 16:10:16", "elapsed": 449.361876, "delta": 1.568328}}
{"target": 0.4852571010202085, "params": {"T1": 0.10882191707738081, "T3": 0.10772564504991988, "T5": 0.0681953551800358, "U1": 19.249494062909662, "U5": 17.496855236854554}, "datetime": {"datetime": "2021-03-04 16:10:17", "elapsed": 450.462179, "delta": 1.100303}}
{"target": 0.2427196921597631, "params": {"T1": 0.08204115176115696, "T3": 0.09829890411710682, "T5": 0.09008350922044352, "U1": 12.001164060982154, "U5": 15.654490790974158}, "datetime": {"datetime": "2021-03-04 16:10:18", "elapsed": 451.94292, "delta": 1.480741}}
{"target": 0.18583586127342538, "params": {"T1": 0.05241188666929995, "T3": 0.12993493259213162, "T5": 0.08898366084166486, "U1": 16.755904887415664, "U5": 12.190109352202148}, "datetime": {"datetime": "2021-03-04 16:10:19", "elapsed": 453.074998, "delta": 1.132078}}
{"target": 0.42686043363021864, "params": {"T1": 0.14060739242182407, "T3": 0.13808609011152395, "T5": 0.0845389685294356, "U1": 19.037801783592265, "U5": 15.47369640187485}, "datetime": {"datetime": "2021-03-04 16:10:21", "elapsed": 454.711777, "delta": 1.636779}}
{"target": 0.26073418101298124, "params": {"T1": 0.054808804386480885, "T3": 0.1097634560176996, "T5": 0.13361551766897256, "U1": 15.2287878274051, "U5": 13.807430250934818}, "datetime": {"datetime": "2021-03-04 16:10:22", "elapsed": 455.886793, "delta": 1.175016}}
{"target": 0.1744462613063481, "params": {"T1": 0.05859144880594325, "T3": 0.09338063442007591, "T5": 0.08707929482205863, "U1": 19.890654180976046, "U5": 19.620077839436895}, "datetime": {"datetime": "2021-03-04 16:10:24", "elapsed": 457.380281, "delta": 1.493488}}
{"target": 0.1372462324904716, "params": {"T1": 0.07875616826371817, "T3": 0.06868290935524869, "T5": 0.0848968939273245, "U1": 15.641193944222803, "U5": 18.959249617100163}, "datetime": {"datetime": "2021-03-04 16:10:25", "elapsed": 458.95547, "delta": 1.575189}}
{"target": 0.2026261495316372, "params": {"T1": 0.13681485961994733, "T3": 0.09547577521940928, "T5": 0.14802059452361188, "U1": 19.27879437132909, "U5": 13.604398303797938}, "datetime": {"datetime": "2021-03-04 16:10:26", "elapsed": 460.206935, "delta": 1.251465}}
{"target": 0.17408493389164606, "params": {"T1": 0.11221644488935421, "T3": 0.09526794211188377, "T5": 0.12886516303642642, "U1": 18.627218372045544, "U5": 18.94834518545406}, "datetime": {"datetime": "2021-03-04 16:10:28", "elapsed": 462.175391, "delta": 1.968456}}
{"target": 0.2230163489967298, "params": {"T1": 0.1404678846977141, "T3": 0.12566810522763372, "T5": 0.07467349935879106, "U1": 12.371319426786071, "U5": 15.561523381862244}, "datetime": {"datetime": "2021-03-04 16:10:30", "elapsed": 463.43579, "delta": 1.260399}}
{"target": 0.3081887743563571, "params": {"T1": 0.10135267716029503, "T3": 0.06704329050310116, "T5": 0.13428848954833578, "U1": 16.68302575498413, "U5": 12.862331998014735}, "datetime": {"datetime": "2021-03-04 16:10:32", "elapsed": 465.215203, "delta": 1.779413}}
{"target": 0.14476759301989792, "params": {"T1": 0.1467806678232041, "T3": 0.07046743200769919, "T5": 0.12100753997264498, "U1": 14.912782559363187, "U5": 15.727697648120252}, "datetime": {"datetime": "2021-03-04 16:10:33", "elapsed": 466.431868, "delta": 1.216665}}
{"target": 0.18475512379771128, "params": {"T1": 0.1291848109274279, "T3": 0.12499535950269756, "T5": 0.084507298265046, "U1": 13.543816116655165, "U5": 16.438127990121064}, "datetime": {"datetime": "2021-03-04 16:10:34", "elapsed": 467.866881, "delta": 1.435013}}
{"target": 0.2031800998189241, "params": {"T1": 0.1354791320832766, "T3": 0.12929455865319212, "T5": 0.06114574786671276, "U1": 16.64941077332022, "U5": 17.536922018343994}, "datetime": {"datetime": "2021-03-04 16:10:35", "elapsed": 469.067967, "delta": 1.201086}}
{"target": 0.3807264606311459, "params": {"T1": 0.09692478808405611, "T3": 0.10018604752963098, "T5": 0.10423830118115433, "U1": 19.8186710357516, "U5": 19.984391869801193}, "datetime": {"datetime": "2021-03-04 16:10:38", "elapsed": 471.367527, "delta": 2.29956}}
{"target": 0.16253075716628784, "params": {"T1": 0.07197540874167375, "T3": 0.05809151945415045, "T5": 0.12020469611183213, "U1": 15.681583168380927, "U5": 14.810012244494732}, "datetime": {"datetime": "2021-03-04 16:10:39", "elapsed": 472.785021, "delta": 1.417494}}
{"target": 0.22971292911622282, "params": {"T1": 0.10498282982479773, "T3": 0.13689870880803587, "T5": 0.1431658474125562, "U1": 18.949823688596627, "U5": 19.66047958178749}, "datetime": {"datetime": "2021-03-04 16:10:40", "elapsed": 473.995915, "delta": 1.210894}}
{"target": 0.46149107899815656, "params": {"T1": 0.08328102765620018, "T3": 0.13413176164815327, "T5": 0.09195974586209886, "U1": 18.901493275493984, "U5": 13.72816678805621}, "datetime": {"datetime": "2021-03-04 16:10:42", "elapsed": 475.342986, "delta": 1.347071}}
{"target": 0.2647403557704168, "params": {"T1": 0.08673024804316536, "T3": 0.12531552774664118, "T5": 0.1426636552131982, "U1": 14.151408833187675, "U5": 12.317266980598948}, "datetime": {"datetime": "2021-03-04 16:10:43", "elapsed": 476.732294, "delta": 1.389308}}
{"target": 0.5213111952846705, "params": {"T1": 0.06221074235854608, "T3": 0.08831342166927403, "T5": 0.06502851065079374, "U1": 14.378688707426905, "U5": 13.976864515414533}, "datetime": {"datetime": "2021-03-04 16:10:44", "elapsed": 478.015738, "delta": 1.283444}}
{"target": 0.14690723023539948, "params": {"T1": 0.07902829093637267, "T3": 0.11663150839153862, "T5": 0.07362328261995371, "U1": 15.034940693362024, "U5": 16.24625279023339}, "datetime": {"datetime": "2021-03-04 16:10:46", "elapsed": 479.462784, "delta": 1.447046}}
{"target": 0.7075686897348964, "params": {"T1": 0.0691745453600354, "T3": 0.10331659901179112, "T5": 0.06779458371856315, "U1": 19.839384993905703, "U5": 19.147703053491323}, "datetime": {"datetime": "2021-03-04 16:10:48", "elapsed": 481.285054, "delta": 1.82227}}
{"target": 0.14445962667203474, "params": {"T1": 0.08981400975648758, "T3": 0.11543452678449699, "T5": 0.09723696281313543, "U1": 19.533900858818203, "U5": 15.486681519506433}, "datetime": {"datetime": "2021-03-04 16:10:50", "elapsed": 483.533147, "delta": 2.248093}}
{"target": 0.16972420746434425, "params": {"T1": 0.1408215432546242, "T3": 0.13341648582965615, "T5": 0.0772862802182278, "U1": 13.63236737543863, "U5": 19.04787457758669}, "datetime": {"datetime": "2021-03-04 16:10:51", "elapsed": 484.81865, "delta": 1.285503}}
{"target": 0.16203702791221597, "params": {"T1": 0.14723396317269935, "T3": 0.10479299421992377, "T5": 0.1120721316225912, "U1": 16.042507998470974, "U5": 12.828612434497629}, "datetime": {"datetime": "2021-03-04 16:10:53", "elapsed": 486.706568, "delta": 1.887918}}
{"target": 0.22972795458771247, "params": {"T1": 0.14806727660704544, "T3": 0.09071671542677787, "T5": 0.12383371497656771, "U1": 17.55566766369111, "U5": 15.384435479860382}, "datetime": {"datetime": "2021-03-04 16:10:54", "elapsed": 488.023699, "delta": 1.317131}}
{"target": 0.3981222869220305, "params": {"T1": 0.0680038073973577, "T3": 0.0801221832880618, "T5": 0.06372474195584289, "U1": 18.653334635227655, "U5": 18.86632589435513}, "datetime": {"datetime": "2021-03-04 16:10:56", "elapsed": 489.28054, "delta": 1.256841}}
{"target": 0.23698789924274574, "params": {"T1": 0.0776023591956614, "T3": 0.12902660419135956, "T5": 0.06179511450722669, "U1": 18.256977216923513, "U5": 17.037599485822778}, "datetime": {"datetime": "2021-03-04 16:10:58", "elapsed": 491.262736, "delta": 1.982196}}
{"target": 0.28653622373094, "params": {"T1": 0.05267522447281493, "T3": 0.11341002559445533, "T5": 0.11714137025959813, "U1": 15.663947089410723, "U5": 15.239306349954315}, "datetime": {"datetime": "2021-03-04 16:11:00", "elapsed": 493.677845, "delta": 2.415109}}
{"target": 0.3204486799803214, "params": {"T1": 0.06454091128498977, "T3": 0.12207205843983705, "T5": 0.13422900494624032, "U1": 19.36504556533692, "U5": 15.62699855026209}, "datetime": {"datetime": "2021-03-04 16:11:03", "elapsed": 496.498694, "delta": 2.820849}}
{"target": 0.5071806348785187, "params": {"T1": 0.0648086522067552, "T3": 0.11015100331614217, "T5": 0.053236721077836294, "U1": 19.385848736485286, "U5": 19.599032940326556}, "datetime": {"datetime": "2021-03-04 16:11:04", "elapsed": 498.120887, "delta": 1.622193}}
{"target": 0.3692638530006845, "params": {"T1": 0.14859983686405936, "T3": 0.10449092295929893, "T5": 0.07722839010775978, "U1": 18.56007502986506, "U5": 16.74275667242347}, "datetime": {"datetime": "2021-03-04 16:11:06", "elapsed": 500.034386, "delta": 1.913499}}
{"target": 0.2906703608079313, "params": {"T1": 0.0872880671995395, "T3": 0.1270967630106419, "T5": 0.14988401895588038, "U1": 12.710378441416466, "U5": 13.546913095387035}, "datetime": {"datetime": "2021-03-04 16:11:08", "elapsed": 501.275272, "delta": 1.240886}}
{"target": 0.330599651297522, "params": {"T1": 0.14031093245630027, "T3": 0.14273842547248106, "T5": 0.09718884022389274, "U1": 19.567094571388257, "U5": 19.439563050094463}, "datetime": {"datetime": "2021-03-04 16:11:09", "elapsed": 502.729012, "delta": 1.45374}}
{"target": 0.557523654405498, "params": {"T1": 0.14589721518811463, "T3": 0.10961973272037354, "T5": 0.11806883480533563, "U1": 18.111749360085383, "U5": 14.758681957928317}, "datetime": {"datetime": "2021-03-04 16:11:10", "elapsed": 504.145924, "delta": 1.416912}}
{"target": 0.4682321027766493, "params": {"T1": 0.07158866097251246, "T3": 0.1360935604370079, "T5": 0.10925842106314856, "U1": 12.288673150633844, "U5": 12.517370025210447}, "datetime": {"datetime": "2021-03-04 16:11:13", "elapsed": 506.832305, "delta": 2.686381}}
{"target": 0.12388083134967787, "params": {"T1": 0.12929206994375658, "T3": 0.09998918784960639, "T5": 0.08595802818666938, "U1": 15.84730141783534, "U5": 18.205573388373082}, "datetime": {"datetime": "2021-03-04 16:11:15", "elapsed": 508.353658, "delta": 1.521353}}
{"target": 0.21779314513561324, "params": {"T1": 0.11100697188010732, "T3": 0.13288687416698275, "T5": 0.051540939397303934, "U1": 15.832577681521926, "U5": 12.273228988615376}, "datetime": {"datetime": "2021-03-04 16:11:16", "elapsed": 509.814712, "delta": 1.461054}}
{"target": 0.3029619915349472, "params": {"T1": 0.106173318534863, "T3": 0.0664759994824003, "T5": 0.11901215756985088, "U1": 15.375967537011256, "U5": 14.086744503037897}, "datetime": {"datetime": "2021-03-04 16:11:18", "elapsed": 511.702835, "delta": 1.888123}}
{"target": 0.38629677686445496, "params": {"T1": 0.09232326243623132, "T3": 0.11066562884391955, "T5": 0.06510903376338098, "U1": 18.825951477448065, "U5": 13.785710438837732}, "datetime": {"datetime": "2021-03-04 16:11:20", "elapsed": 513.482042, "delta": 1.779207}}
{"target": 0.40653764339706666, "params": {"T1": 0.08461082598658878, "T3": 0.14111459777167545, "T5": 0.09818266063760865, "U1": 14.966271624491865, "U5": 13.740805041476035}, "datetime": {"datetime": "2021-03-04 16:11:21", "elapsed": 514.816194, "delta": 1.334152}}
{"target": 0.36481309387564814, "params": {"T1": 0.10199808419580547, "T3": 0.1115076616310689, "T5": 0.1328050054123176, "U1": 17.015957058938618, "U5": 16.997464561428544}, "datetime": {"datetime": "2021-03-04 16:11:23", "elapsed": 516.230797, "delta": 1.414603}}
{"target": 0.2441778726447648, "params": {"T1": 0.05428052214295617, "T3": 0.12921026939770627, "T5": 0.13037706440513908, "U1": 17.784750017270994, "U5": 15.455443644872627}, "datetime": {"datetime": "2021-03-04 16:11:24", "elapsed": 517.455575, "delta": 1.224778}}
{"target": 1.1186273199433836, "params": {"T1": 0.0716452426776701, "T3": 0.10033337508938292, "T5": 0.08610399757927903, "U1": 19.859351405115323, "U5": 19.623161249538413}, "datetime": {"datetime": "2021-03-04 16:11:26", "elapsed": 520.025926, "delta": 2.570351}}
{"target": 0.14107664536135267, "params": {"T1": 0.10969025086435795, "T3": 0.08635283820548932, "T5": 0.13924947022792925, "U1": 17.521600134578957, "U5": 16.361300483779097}, "datetime": {"datetime": "2021-03-04 16:11:28", "elapsed": 521.277508, "delta": 1.251582}}
{"target": 0.1477861202724633, "params": {"T1": 0.05957364641158372, "T3": 0.06130300605686492, "T5": 0.10033395271173033, "U1": 18.709020032250116, "U5": 12.202223488403707}, "datetime": {"datetime": "2021-03-04 16:11:29", "elapsed": 522.725228, "delta": 1.44772}}
{"target": 0.15391731123902566, "params": {"T1": 0.08180907070470515, "T3": 0.12460441216495585, "T5": 0.05400625975938711, "U1": 15.629507798669286, "U5": 15.609471767537517}, "datetime": {"datetime": "2021-03-04 16:11:31", "elapsed": 524.845405, "delta": 2.120177}}
{"target": 0.8701110177165164, "params": {"T1": 0.0818629553934037, "T3": 0.12246730189332145, "T5": 0.08346841570558511, "U1": 18.697454770921247, "U5": 14.326965669274768}, "datetime": {"datetime": "2021-03-04 16:11:33", "elapsed": 527.162954, "delta": 2.317549}}
{"target": 0.23541360999184902, "params": {"T1": 0.11491607893459392, "T3": 0.11036967819201973, "T5": 0.12290659940713708, "U1": 12.602142339960508, "U5": 19.668203469444215}, "datetime": {"datetime": "2021-03-04 16:11:35", "elapsed": 529.119017, "delta": 1.956063}}
{"target": 0.474193556702423, "params": {"T1": 0.06282061438627223, "T3": 0.09176244752871787, "T5": 0.09682228773126472, "U1": 19.87073189833314, "U5": 19.642726487997685}, "datetime": {"datetime": "2021-03-04 16:11:38", "elapsed": 531.770144, "delta": 2.651127}}
{"target": 0.18065532006047344, "params": {"T1": 0.09936674655926445, "T3": 0.13275069347035526, "T5": 0.10525146202372462, "U1": 12.443561268089095, "U5": 15.039800662919037}, "datetime": {"datetime": "2021-03-04 16:11:39", "elapsed": 533.166444, "delta": 1.3963}}
{"target": 0.16991274763082687, "params": {"T1": 0.13481863255005783, "T3": 0.08501682871039723, "T5": 0.1375900969046706, "U1": 19.0162264663418, "U5": 15.716465939445929}, "datetime": {"datetime": "2021-03-04 16:11:41", "elapsed": 535.024025, "delta": 1.857581}}
{"target": 0.37864555367359237, "params": {"T1": 0.0588990176802614, "T3": 0.0940950579606385, "T5": 0.08818574910371628, "U1": 18.235834292972022, "U5": 16.084033306346008}, "datetime": {"datetime": "2021-03-04 16:11:43", "elapsed": 536.85471, "delta": 1.830685}}
{"target": 0.13114857775470082, "params": {"T1": 0.14686159624374998, "T3": 0.09059259352970053, "T5": 0.14722078432142377, "U1": 19.731182384782773, "U5": 19.33545202103671}, "datetime": {"datetime": "2021-03-04 16:11:45", "elapsed": 538.227424, "delta": 1.372714}}
{"target": 0.24520392607914318, "params": {"T1": 0.07303812790322278, "T3": 0.13065525585559817, "T5": 0.11330422921179296, "U1": 18.812414895036394, "U5": 14.294808180706077}, "datetime": {"datetime": "2021-03-04 16:11:47", "elapsed": 540.425688, "delta": 2.198264}}
{"target": 0.1312495995954607, "params": {"T1": 0.0884010187422048, "T3": 0.07262539097334528, "T5": 0.1080920260313472, "U1": 17.836659212519272, "U5": 12.434236815508392}, "datetime": {"datetime": "2021-03-04 16:11:49", "elapsed": 542.670758, "delta": 2.24507}}
{"target": 0.4275879094785712, "params": {"T1": 0.05045205205613963, "T3": 0.1171978877149229, "T5": 0.07541433547670856, "U1": 14.607096196036892, "U5": 16.022449284466084}, "datetime": {"datetime": "2021-03-04 16:11:50", "elapsed": 543.967576, "delta": 1.296818}}
{"target": 0.1972685749194756, "params": {"T1": 0.1386939300458968, "T3": 0.11211005895237872, "T5": 0.12835120739141237, "U1": 18.096850499968156, "U5": 14.756629856718673}, "datetime": {"datetime": "2021-03-04 16:11:53", "elapsed": 546.290616, "delta": 2.32304}}
{"target": 0.25060415329462804, "params": {"T1": 0.13602926960661144, "T3": 0.1071423520673982, "T5": 0.10402734027470545, "U1": 17.359641209776367, "U5": 16.456162889690457}, "datetime": {"datetime": "2021-03-04 16:11:54", "elapsed": 547.646128, "delta": 1.355512}}
{"target": 0.6556759338141961, "params": {"T1": 0.09768869673418837, "T3": 0.1189727546886946, "T5": 0.08635767322569066, "U1": 18.153775076108854, "U5": 13.420752592515294}, "datetime": {"datetime": "2021-03-04 16:11:55", "elapsed": 548.982739, "delta": 1.336611}}
{"target": 0.5365323700305961, "params": {"T1": 0.09003717141421765, "T3": 0.10646153473708286, "T5": 0.08692929908048952, "U1": 16.910765050928187, "U5": 17.49909016789578}, "datetime": {"datetime": "2021-03-04 16:11:58", "elapsed": 551.814607, "delta": 2.831868}}
{"target": 0.5468123479248168, "params": {"T1": 0.10435347168469747, "T3": 0.1348599682718593, "T5": 0.07409129458862793, "U1": 18.268146538655895, "U5": 17.019771072606456}, "datetime": {"datetime": "2021-03-04 16:12:00", "elapsed": 553.647521, "delta": 1.832914}}
{"target": 0.199234404606003, "params": {"T1": 0.14280550969817896, "T3": 0.06983320214013466, "T5": 0.12526405179240607, "U1": 17.956525007104876, "U5": 16.576465612492203}, "datetime": {"datetime": "2021-03-04 16:12:02", "elapsed": 556.000597, "delta": 2.353076}}
{"target": 0.25026042140427246, "params": {"T1": 0.06195452509176461, "T3": 0.0903228156196714, "T5": 0.05034397568817303, "U1": 15.472096582004378, "U5": 14.309721136467616}, "datetime": {"datetime": "2021-03-04 16:12:04", "elapsed": 557.245974, "delta": 1.245377}}
{"target": 0.2593929629298615, "params": {"T1": 0.07465939381941246, "T3": 0.13030869169014292, "T5": 0.06024297835397585, "U1": 18.524495133472687, "U5": 15.159653479752043}, "datetime": {"datetime": "2021-03-04 16:12:06", "elapsed": 559.242545, "delta": 1.996571}}
{"target": 0.2650370572359101, "params": {"T1": 0.09440147846467853, "T3": 0.12953152075368596, "T5": 0.08216510683183019, "U1": 16.92649508048878, "U5": 17.49921160951282}, "datetime": {"datetime": "2021-03-04 16:12:08", "elapsed": 561.501992, "delta": 2.259447}}
{"target": 0.19740410537654093, "params": {"T1": 0.1037039721619642, "T3": 0.09381831729606874, "T5": 0.06990514533657415, "U1": 19.120721074805232, "U5": 13.554661053223855}, "datetime": {"datetime": "2021-03-04 16:12:10", "elapsed": 563.684709, "delta": 2.182717}}
{"target": 0.4694048888103618, "params": {"T1": 0.11359450325201915, "T3": 0.13878081833516567, "T5": 0.11820175024982306, "U1": 14.988153483690335, "U5": 17.380187789756548}, "datetime": {"datetime": "2021-03-04 16:12:11", "elapsed": 565.186715, "delta": 1.502006}}
{"target": 0.6248712571552391, "params": {"T1": 0.13761715071783512, "T3": 0.11306745118792046, "T5": 0.06548582719651067, "U1": 17.474658810359504, "U5": 18.158923649429354}, "datetime": {"datetime": "2021-03-04 16:12:13", "elapsed": 566.656949, "delta": 1.470234}}
{"target": 0.28961054885208715, "params": {"T1": 0.06936511380895226, "T3": 0.11076608255699626, "T5": 0.08314683203082096, "U1": 16.244868222735537, "U5": 13.117140112457939}, "datetime": {"datetime": "2021-03-04 16:12:14", "elapsed": 568.148758, "delta": 1.491809}}
{"target": 0.27968515500896296, "params": {"T1": 0.07305773649570793, "T3": 0.10200818744897698, "T5": 0.10162977497760212, "U1": 19.34867104061271, "U5": 12.235758359017197}, "datetime": {"datetime": "2021-03-04 16:12:17", "elapsed": 570.709187, "delta": 2.560429}}
{"target": 0.14064194702248736, "params": {"T1": 0.13881565518047378, "T3": 0.12262747975763244, "T5": 0.12018529348816749, "U1": 16.426507541651553, "U5": 18.629013906243024}, "datetime": {"datetime": "2021-03-04 16:12:19", "elapsed": 572.279618, "delta": 1.570431}}
{"target": 0.4462655883397836, "params": {"T1": 0.0835352439834946, "T3": 0.10063291861573798, "T5": 0.14124431112153255, "U1": 18.605251451946728, "U5": 18.94977574496074}, "datetime": {"datetime": "2021-03-04 16:12:20", "elapsed": 574.193516, "delta": 1.913898}}
{"target": 0.25182833360306645, "params": {"T1": 0.05586848541137465, "T3": 0.0914762308678638, "T5": 0.1394533482723342, "U1": 13.845901254872063, "U5": 15.70699895450048}, "datetime": {"datetime": "2021-03-04 16:12:22", "elapsed": 575.703877, "delta": 1.510361}}
{"target": 0.162320530997019, "params": {"T1": 0.13819971070579942, "T3": 0.11357871921198288, "T5": 0.11520816097203611, "U1": 15.012623894984667, "U5": 12.258007315158162}, "datetime": {"datetime": "2021-03-04 16:12:24", "elapsed": 577.6951, "delta": 1.991223}}
{"target": 0.12293896674319732, "params": {"T1": 0.13052105076419854, "T3": 0.06973904536487048, "T5": 0.09311617775101692, "U1": 15.840650287838326, "U5": 19.86844409862167}, "datetime": {"datetime": "2021-03-04 16:12:26", "elapsed": 579.479735, "delta": 1.784635}}
