{"target": 0.20953543339241468, "params": {"T1": 0.12625544299708125, "T3": 0.09665175833024778, "T5": 0.05361983697415438, "U1": 13.83053044166575, "U5": 13.027917253984015}, "datetime": {"datetime": "2021-03-04 16:03:00", "elapsed": 13.416036, "delta": 0.053867}}
{"target": 0.15296912028679602, "params": {"T1": 0.13316917594427907, "T3": 0.0854397636460362, "T5": 0.10216055664672911, "U1": 17.64055390311062, "U5": 15.628254426070525}, "datetime": {"datetime": "2021-03-04 16:03:00", "elapsed": 13.469872, "delta": 0.053836}}
{"target": 0.4693403362384578, "params": {"T1": 0.05112980003386336, "T3": 0.11894421181355957, "T5": 0.058232315499809964, "U1": 14.261602328563654, "U5": 19.024807195397067}, "datetime": {"datetime": "2021-03-04 16:03:00", "elapsed": 13.520762, "delta": 0.05089}}
{"target": 0.17690755690140483, "params": {"T1": 0.11723292193826759, "T3": 0.14021997363588418, "T5": 0.1329577342797406, "U1": 18.35966892569388, "U5": 17.74143238509047}, "datetime": {"datetime": "2021-03-04 16:03:00", "elapsed": 13.576361, "delta": 0.055599}}
{"target": 0.24896921091290652, "params": {"T1": 0.09144524645181759, "T3": 0.13023621045381203, "T5": 0.09738161251294147, "U1": 16.36175016363681, "U5": 12.917889148447436}, "datetime": {"datetime": "2021-03-04 16:03:00", "elapsed": 13.630611, "delta": 0.05425}}
{"target": 0.17031848139928318, "params": {"T1": 0.10020472125745136, "T3": 0.09989562094082075, "T5": 0.08662326997699026, "U1": 16.314392681025264, "U5": 16.27984933965021}, "datetime": {"datetime": "2021-03-04 16:03:00", "elapsed": 13.683168, "delta": 0.052557}}
{"target": 0.21549655157571587, "params": {"T1": 0.12795369949216057, "T3": 0.09345978212454986, "T5": 0.07965168737417491, "U1": 18.31577851759671, "U5": 16.337876405653233}, "datetime": {"datetime": "2021-03-04 16:03:00", "elapsed": 13.736718, "delta": 0.05355}}
{"target": 0.24411905235700962, "params": {"T1": 0.0807802816910592, "T3": 0.14227020546896715, "T5": 0.11410762762083083, "U1": 19.91580717242781, "U5": 19.663443243694175}, "datetime": {"datetime": "2021-03-04 16:03:00", "elapsed": 13.789682, "delta": 0.052964}}
{"target": 0.16178383351445327, "params": {"T1": 0.09900198140234037, "T3": 0.05963841844252772, "T5": 0.1382680425008182, "U1": 15.25048179277606, "U5": 17.90163105349594}, "datetime": {"datetime": "2021-03-04 16:03:00", "elapsed": 13.842975, "delta": 0.053293}}
{"target": 0.9790978126728198, "params": {"T1": 0.0962301320620001, "T3": 0.1462746035583289, "T5": 0.05385254464403753, "U1": 18.27480383611324, "U5": 17.02673367757839}, "datetime": {"datetime": "2021-03-04 16:03:00", "elapsed": 13.894599, "delta": 0.051624}}
{"target": 0.3887641685293686, "params": {"T1": 0.140319575595938, "T3": 0.09861842063142309, "T5": 0.06849188146188026, "U1": 16.33206451323019, "U5": 13.772652062327584}, "datetime": {"datetime": "2021-03-04 16:03:00", "elapsed": 13.948816, "delta": 0.054217}}
{"target": 0.8510916606975751, "params": {"T1": 0.13913302618932144, "T3": 0.09729009075281181, "T5": 0.09448128228633265, "U1": 18.748253289872537, "U5": 15.597155343575956}, "datetime": {"datetime": "2021-03-04 16:03:00", "elapsed": 14.002845, "delta": 0.054029}}
{"target": 0.26597948069090965, "params": {"T1": 0.14161240928782898, "T3": 0.056698363269965316, "T5": 0.14681625027034267, "U1": 13.24573676097583, "U5": 13.673387072535805}, "datetime": {"datetime": "2021-03-04 16:03:00", "elapsed": 14.060819, "delta": 0.057974}}
{"target": 0.1662772791749566, "params": {"T1": 0.10426064958402864, "T3": 0.06301424876025702, "T5": 0.054568836182444805, "U1": 14.931570939469033, "U5": 12.768111106890014}, "datetime": {"datetime": "2021-03-04 16:03:00", "elapsed": 14.11216, "delta": 0.051341}}
{"target": 0.34770506026548914, "params": {"T1": 0.11455724833917863, "T3": 0.11679026673432837, "T5": 0.08396612417021784, "U1": 15.479467345252356, "U5": 13.39851264736857}, "datetime": {"datetime": "2021-03-04 16:03:00", "elapsed": 14.166017, "delta": 0.053857}}
{"target": 0.5579534738198394, "params": {"T1": 0.07340448836905529, "T3": 0.08711110718694759, "T5": 0.09398126450541147, "U1": 17.02946277434806, "U5": 13.967481133269999}, "datetime": {"datetime": "2021-03-04 16:03:01", "elapsed": 14.218006, "delta": 0.051989}}
{"target": 0.17461859995193715, "params": {"T1": 0.10945698984420851, "T3": 0.14555379694333426, "T5": 0.09618316667797305, "U1": 13.615747931697552, "U5": 12.663596495781722}, "datetime": {"datetime": "2021-03-04 16:03:01", "elapsed": 14.274343, "delta": 0.056337}}
{"target": 0.3937434473817455, "params": {"T1": 0.14997775695461657, "T3": 0.08072959067684057, "T5": 0.06354156776258114, "U1": 17.01288394398076, "U5": 15.790615886561769}, "datetime": {"datetime": "2021-03-04 16:03:01", "elapsed": 14.327593, "delta": 0.05325}}
{"target": 0.20017493585229415, "params": {"T1": 0.06252888783705696, "T3": 0.08318161785809336, "T5": 0.1361792242189603, "U1": 14.535799121920535, "U5": 16.562665293941656}, "datetime": {"datetime": "2021-03-04 16:03:01", "elapsed": 14.380687, "delta": 0.053094}}
{"target": 0.15532432742049, "params": {"T1": 0.13971706463507674, "T3": 0.05618616056334075, "T5": 0.09092669304131248, "U1": 12.50733617555258, "U5": 17.000541601659577}, "datetime": {"datetime": "2021-03-04 16:03:01", "elapsed": 14.435026, "delta": 0.054339}}
{"target": 0.33767505131572667, "params": {"T1": 0.09673899029087922, "T3": 0.07572351713892446, "T5": 0.07539612087678069, "U1": 15.641380736032673, "U5": 18.976213976418137}, "datetime": {"datetime": "2021-03-04 16:03:01", "elapsed": 14.486265, "delta": 0.051239}}
{"target": 0.2734314593414007, "params": {"T1": 0.08752477641893089, "T3": 0.12256555736246062, "T5": 0.12360341555781053, "U1": 16.600206634277647, "U5": 12.815644758946082}, "datetime": {"datetime": "2021-03-04 16:03:01", "elapsed": 14.54087, "delta": 0.054605}}
{"target": 0.24321984589052245, "params": {"T1": 0.1386078340220281, "T3": 0.07354431812288395, "T5": 0.07720848262950043, "U1": 15.977559727288021, "U5": 19.53334137057228}, "datetime": {"datetime": "2021-03-04 16:03:01", "elapsed": 14.593801, "delta": 0.052931}}
{"target": 0.1211172378581198, "params": {"T1": 0.14270925042022445, "T3": 0.08556432817006647, "T5": 0.1470799143090472, "U1": 19.057585362627595, "U5": 14.148393177099532}, "datetime": {"datetime": "2021-03-04 16:03:01", "elapsed": 14.650068, "delta": 0.056267}}
{"target": 0.23909925667240264, "params": {"T1": 0.10123973328603596, "T3": 0.07802308796391236, "T5": 0.09546382060182262, "U1": 18.098881951268236, "U5": 13.84816191481217}, "datetime": {"datetime": "2021-03-04 16:03:01", "elapsed": 14.702933, "delta": 0.052865}}
{"target": 0.2336211887901066, "params": {"T1": 0.13673390123036133, "T3": 0.11810698775992179, "T5": 0.11145194277325154, "U1": 18.581915687704996, "U5": 18.924410625446328}, "datetime": {"datetime": "2021-03-04 16:03:01", "elapsed": 14.760535, "delta": 0.057602}}
{"target": 0.2834353448870551, "params": {"T1": 0.09035220184246329, "T3": 0.10590890599127638, "T5": 0.07166965810539186, "U1": 12.735417663437033, "U5": 13.354514403110617}, "datetime": {"datetime": "2021-03-04 16:03:01", "elapsed": 14.8138, "delta": 0.053265}}
{"target": 0.3725983905958285, "params": {"T1": 0.1459380190989083, "T3": 0.1360611915638975, "T5": 0.09714184168253043, "U1": 13.66027452213862, "U5": 18.2831736559397}, "datetime": {"datetime": "2021-03-04 16:03:01", "elapsed": 14.870311, "delta": 0.056511}}
{"target": 0.30202091758133326, "params": {"T1": 0.05476584068977946, "T3": 0.08295573493695066, "T5": 0.13270001962337774, "U1": 14.221281769936914, "U5": 13.015581265611742}, "datetime": {"datetime": "2021-03-04 16:03:01", "elapsed": 14.924438, "delta": 0.054127}}
{"target": 0.2751083461168064, "params": {"T1": 0.09376723213220982, "T3": 0.1283007818700594, "T5": 0.05199650158527396, "U1": 12.539655657847362, "U5": 14.85645106909411}, "datetime": {"datetime": "2021-03-04 16:03:01", "elapsed": 14.976704, "delta": 0.052266}}
{"target": 0.18930607230345634, "params": {"T1": 0.09265336530424138, "T3": 0.09819393879484414, "T5": 0.07825900031028686, "U1": 13.0557562948275, "U5": 15.812897547556489}, "datetime": {"datetime": "2021-03-04 16:03:01", "elapsed": 15.029371, "delta": 0.052667}}
{"target": 0.5768090234001707, "params": {"T1": 0.14341427438513643, "T3": 0.1396187194311836, "T5": 0.08666692071740807, "U1": 19.03825812055404, "U5": 15.490710467236983}, "datetime": {"datetime": "2021-03-04 16:03:01", "elapsed": 15.083827, "delta": 0.054456}}
{"target": 0.27267544063921834, "params": {"T1": 0.1390162087647296, "T3": 0.11158492718928814, "T5": 0.12621817794655787, "U1": 16.559125315110613, "U5": 15.125678944967504}, "datetime": {"datetime": "2021-03-04 16:03:01", "elapsed": 15.139859, "delta": 0.056032}}
{"target": 0.21567948623037317, "params": {"T1": 0.10844306629326156, "T3": 0.12312003013810849, "T5": 0.13096751696584835, "U1": 13.314888578151916, "U5": 13.470305209474656}, "datetime": {"datetime": "2021-03-04 16:03:01", "elapsed": 15.196881, "delta": 0.057022}}
{"target": 0.16619240891545115, "params": {"T1": 0.07705929673273873, "T3": 0.10982712260105719, "T5": 0.14964599791711955, "U1": 18.56167667618068, "U5": 17.57777701763799}, "datetime": {"datetime": "2021-03-04 16:03:02", "elapsed": 15.251132, "delta": 0.054251}}
{"target": 0.30346755160100647, "params": {"T1": 0.12840238225114983, "T3": 0.06027627718425391, "T5": 0.13007378043691487, "U1": 12.81383316916249, "U5": 16.98935114163286}, "datetime": {"datetime": "2021-03-04 16:03:02", "elapsed": 15.306061, "delta": 0.054929}}
{"target": 0.23881438061969532, "params": {"T1": 0.14403379613994, "T3": 0.0657249978568481, "T5": 0.12018503652400725, "U1": 17.442135293359826, "U5": 18.68772352987233}, "datetime": {"datetime": "2021-03-04 16:03:02", "elapsed": 15.360021, "delta": 0.05396}}
{"target": 0.25543441140092027, "params": {"T1": 0.12432703500613365, "T3": 0.12234948209866306, "T5": 0.07947373394374524, "U1": 14.654531445234845, "U5": 13.210999424568362}, "datetime": {"datetime": "2021-03-04 16:03:02", "elapsed": 15.415096, "delta": 0.055075}}
{"target": 0.28069439999590623, "params": {"T1": 0.10564435655755769, "T3": 0.13098699154227572, "T5": 0.0662902859307081, "U1": 19.793407527892388, "U5": 13.465134124560512}, "datetime": {"datetime": "2021-03-04 16:03:02", "elapsed": 15.467689, "delta": 0.052593}}
{"target": 0.291414513888701, "params": {"T1": 0.09950044319412435, "T3": 0.12212409096413043, "T5": 0.05523993800685931, "U1": 18.508438940316513, "U5": 15.729146104829631}, "datetime": {"datetime": "2021-03-04 16:03:02", "elapsed": 15.519813, "delta": 0.052124}}
{"target": 0.1471621384781986, "params": {"T1": 0.12658698447299807, "T3": 0.06176619960841728, "T5": 0.11335875512339556, "U1": 18.384089276976997, "U5": 15.935404452247376}, "datetime": {"datetime": "2021-03-04 16:03:02", "elapsed": 15.573131, "delta": 0.053318}}
{"target": 0.30971966364158543, "params": {"T1": 0.05143605101144061, "T3": 0.057785674272761656, "T5": 0.11454412259044514, "U1": 19.677430565474317, "U5": 19.721422162066915}, "datetime": {"datetime": "2021-03-04 16:03:02", "elapsed": 15.623267, "delta": 0.050136}}
{"target": 0.16936577519800755, "params": {"T1": 0.14756034380810176, "T3": 0.10474437653611385, "T5": 0.079407186285091, "U1": 12.546567354913368, "U5": 15.745775323942922}, "datetime": {"datetime": "2021-03-04 16:03:02", "elapsed": 15.678955, "delta": 0.055688}}
{"target": 0.3915817931468609, "params": {"T1": 0.06662511075857513, "T3": 0.10187936905784725, "T5": 0.0781010447477519, "U1": 19.934396535076537, "U5": 13.710860351478232}, "datetime": {"datetime": "2021-03-04 16:03:02", "elapsed": 15.730381, "delta": 0.051426}}
{"target": 0.12412684630471102, "params": {"T1": 0.10661168902322238, "T3": 0.13705813734967476, "T5": 0.1125086427199293, "U1": 16.60390325785294, "U5": 13.30323667220575}, "datetime": {"datetime": "2021-03-04 16:03:02", "elapsed": 15.786159, "delta": 0.055778}}
{"target": 0.15369511179351278, "params": {"T1": 0.0682680484342409, "T3": 0.12602944772899183, "T5": 0.1435303990394824, "U1": 16.663116838904887, "U5": 15.499931341968864}, "datetime": {"datetime": "2021-03-04 16:03:02", "elapsed": 15.841209, "delta": 0.05505}}
{"target": 0.25943469093876753, "params": {"T1": 0.1220437151193419, "T3": 0.10257834009042957, "T5": 0.09863007227892029, "U1": 15.35733170007908, "U5": 15.318252983322692}, "datetime": {"datetime": "2021-03-04 16:03:02", "elapsed": 15.896146, "delta": 0.054937}}
{"target": 0.27790093584137976, "params": {"T1": 0.085903146945646, "T3": 0.07198415048402328, "T5": 0.06079529480258705, "U1": 19.687260273545515, "U5": 16.513992328643386}, "datetime": {"datetime": "2021-03-04 16:03:02", "elapsed": 15.9461, "delta": 0.049954}}
{"target": 0.2724029840577573, "params": {"T1": 0.1419293870494846, "T3": 0.057415718697717937, "T5": 0.08141655626950003, "U1": 12.033562356725536, "U5": 14.814311796181695}, "datetime": {"datetime": "2021-03-04 16:03:02", "elapsed": 16.000974, "delta": 0.054874}}
{"target": 0.21346481955377464, "params": {"T1": 0.12130261380564829, "T3": 0.11404136738286998, "T5": 0.05571902841499361, "U1": 13.467777031180376, "U5": 19.283020177060738}, "datetime": {"datetime": "2021-03-04 16:03:02", "elapsed": 16.05439, "delta": 0.053416}}
{"target": 0.42461370307255863, "params": {"T1": 0.0724652128949142, "T3": 0.13682845821645162, "T5": 0.1264303104502276, "U1": 13.853703090055289, "U5": 14.50955165669925}, "datetime": {"datetime": "2021-03-04 16:03:02", "elapsed": 16.109099, "delta": 0.054709}}
{"target": 0.4288966017793717, "params": {"T1": 0.1396432610235367, "T3": 0.0903544651005039, "T5": 0.053668169337974164, "U1": 15.100380260210132, "U5": 13.911964723655249}, "datetime": {"datetime": "2021-03-04 16:03:02", "elapsed": 16.162638, "delta": 0.053539}}
{"target": 0.1687041550641955, "params": {"T1": 0.07323834320159672, "T3": 0.1087834410384406, "T5": 0.0691513273608296, "U1": 14.191092554682669, "U5": 16.653687269536796}, "datetime": {"datetime": "2021-03-04 16:03:03", "elapsed": 16.214382, "delta": 0.051744}}
{"target": 0.34854000744985414, "params": {"T1": 0.06879990868513618, "T3": 0.12147267011607867, "T5": 0.10759013232826908, "U1": 15.566672777845335, "U5": 12.122895627146953}, "datetime": {"datetime": "2021-03-04 16:03:03", "elapsed": 16.268333, "delta": 0.053951}}
{"target": 0.5219144022625402, "params": {"T1": 0.11278356090018156, "T3": 0.09453974067407958, "T5": 0.09976466607929652, "U1": 16.173486917697197, "U5": 18.03551952268641}, "datetime": {"datetime": "2021-03-04 16:03:03", "elapsed": 16.321643, "delta": 0.05331}}
{"target": 0.3012903581057403, "params": {"T1": 0.10258942424134768, "T3": 0.05286460004528742, "T5": 0.14819759975573527, "U1": 15.405300589776417, "U5": 14.39727218466163}, "datetime": {"datetime": "2021-03-04 16:03:03", "elapsed": 16.376861, "delta": 0.055218}}
{"target": 0.12792434318272305, "params": {"T1": 0.10250661686381023, "T3": 0.05524519009693749, "T5": 0.14233999431323466, "U1": 19.774986527730462, "U5": 16.358836017629063}, "datetime": {"datetime": "2021-03-04 16:03:03", "elapsed": 16.429444, "delta": 0.052583}}
{"target": 0.38588331625537525, "params": {"T1": 0.11370928354431936, "T3": 0.14872784357981525, "T5": 0.0661620063757513, "U1": 17.2755704474711, "U5": 14.991373381815558}, "datetime": {"datetime": "2021-03-04 16:03:03", "elapsed": 16.483627, "delta": 0.054183}}
{"target": 0.2643015470343903, "params": {"T1": 0.11207981788395424, "T3": 0.08164952519563312, "T5": 0.0781462544938539, "U1": 18.364656669741997, "U5": 15.423893582920577}, "datetime": {"datetime": "2021-03-04 16:03:03", "elapsed": 16.535991, "delta": 0.052364}}
{"target": 0.2851596463210405, "params": {"T1": 0.05995341322116428, "T3": 0.09131821107044853, "T5": 0.1332507634095535, "U1": 18.195587681619756, "U5": 15.427256600585988}, "datetime": {"datetime": "2021-03-04 16:03:03", "elapsed": 16.589212, "delta": 0.053221}}
{"target": 0.13466749091501973, "params": {"T1": 0.1276752895603117, "T3": 0.060756615315539025, "T5": 0.06007373777828065, "U1": 13.42178878199168, "U5": 19.188562173107798}, "datetime": {"datetime": "2021-03-04 16:03:03", "elapsed": 16.641387, "delta": 0.052175}}
{"target": 0.24542117563904073, "params": {"T1": 0.10341153712120058, "T3": 0.13144101779428513, "T5": 0.08031433648719344, "U1": 17.763395460453022, "U5": 14.875129575069142}, "datetime": {"datetime": "2021-03-04 16:03:03", "elapsed": 16.694969, "delta": 0.053582}}
{"target": 0.30891523085106926, "params": {"T1": 0.13336806131235962, "T3": 0.13832833376583986, "T5": 0.06503315577105402, "U1": 19.019216317457648, "U5": 19.247393402247134}, "datetime": {"datetime": "2021-03-04 16:03:03", "elapsed": 16.748564, "delta": 0.053595}}
{"target": 0.11761812365578665, "params": {"T1": 0.13182838241999184, "T3": 0.10436127314998339, "T5": 0.10727808113689785, "U1": 14.880756165211253, "U5": 18.733189972570838}, "datetime": {"datetime": "2021-03-04 16:03:03", "elapsed": 16.803487, "delta": 0.054923}}
{"target": 0.9628542721252091, "params": {"T1": 0.13952318268305675, "T3": 0.12093130093793782, "T5": 0.12133450250836532, "U1": 17.44184055954826, "U5": 13.881857618030521}, "datetime": {"datetime": "2021-03-04 16:03:03", "elapsed": 16.859898, "delta": 0.056411}}
{"target": 0.30757651112958995, "params": {"T1": 0.11664816894983807, "T3": 0.10450560697638647, "T5": 0.056626134246677895, "U1": 14.539418353269589, "U5": 12.61329599456748}, "datetime": {"datetime": "2021-03-04 16:03:03", "elapsed": 16.913362, "delta": 0.053464}}
{"target": 0.14790325488488748, "params": {"T1": 0.11782694528865244, "T3": 0.07671298027355083, "T5": 0.13037041468605925, "U1": 17.509358399433616, "U5": 12.37458437324184}, "datetime": {"datetime": "2021-03-04 16:03:03", "elapsed": 16.968369, "delta": 0.055007}}
{"target": 0.3147588603183776, "params": {"T1": 0.08300359220510166, "T3": 0.05579995194022988, "T5": 0.059719874651383544, "U1": 16.143950596963464, "U5": 15.712996034457426}, "datetime": {"datetime": "2021-03-04 16:03:03", "elapsed": 17.018502, "delta": 0.050133}}
{"target": 0.42594531387257745, "params": {"T1": 0.05512419315159023, "T3": 0.14929485645277285, "T5": 0.05599219774876965, "U1": 18.54985644578245, "U5": 19.590308240664626}, "datetime": {"datetime": "2021-03-04 16:03:03", "elapsed": 17.069162, "delta": 0.05066}}
{"target": 0.37031182962229836, "params": {"T1": 0.05554448111541014, "T3": 0.13736200120809003, "T5": 0.05975212189671308, "U1": 12.478726043383533, "U5": 17.902499452653704}, "datetime": {"datetime": "2021-03-04 16:03:03", "elapsed": 17.120414, "delta": 0.051252}}
{"target": 0.1324566446216971, "params": {"T1": 0.07927379256657618, "T3": 0.08892006772654969, "T5": 0.07191466865552756, "U1": 13.381334835171065, "U5": 19.16684879014901}, "datetime": {"datetime": "2021-03-04 16:03:03", "elapsed": 17.171874, "delta": 0.05146}}
{"target": 0.14729028975642505, "params": {"T1": 0.11531394502035311, "T3": 0.08175894498136041, "T5": 0.14136144448925536, "U1": 15.010500875005233, "U5": 13.29037958244841}, "datetime": {"datetime": "2021-03-04 16:03:04", "elapsed": 17.228429, "delta": 0.056555}}
{"target": 0.19148327599508383, "params": {"T1": 0.12434765664843032, "T3": 0.09744643703788097, "T5": 0.11932657383402974, "U1": 19.540492232966404, "U5": 13.850216258966135}, "datetime": {"datetime": "2021-03-04 16:03:04", "elapsed": 17.283058, "delta": 0.054629}}
{"target": 0.31413802164589644, "params": {"T1": 0.0546894129145297, "T3": 0.07287291559267714, "T5": 0.1453932178895464, "U1": 12.219856324460151, "U5": 16.20796524082633}, "datetime": {"datetime": "2021-03-04 16:03:04", "elapsed": 17.336659, "delta": 0.053601}}
{"target": 0.5779607893736379, "params": {"T1": 0.11617323216420662, "T3": 0.13280770801210778, "T5": 0.10762324598081127, "U1": 14.376226712241774, "U5": 13.10326243924106}, "datetime": {"datetime": "2021-03-04 16:03:04", "elapsed": 17.392363, "delta": 0.055704}}
{"target": 0.15445471078832884, "params": {"T1": 0.139664529843887, "T3": 0.14531246864589425, "T5": 0.11945719772450501, "U1": 13.234615837732226, "U5": 14.764786182999181}, "datetime": {"datetime": "2021-03-04 16:03:04", "elapsed": 17.450285, "delta": 0.057922}}
{"target": 0.1377285092366191, "params": {"T1": 0.08591187820063464, "T3": 0.11537169126955173, "T5": 0.08617664183637216, "U1": 19.02329356569743, "U5": 18.69408171042184}, "datetime": {"datetime": "2021-03-04 16:03:04", "elapsed": 17.502459, "delta": 0.052174}}
{"target": 0.693182504673281, "params": {"T1": 0.08028156223480762, "T3": 0.13055858857832886, "T5": 0.060437208442124316, "U1": 14.324570286185558, "U5": 15.468231954154126}, "datetime": {"datetime": "2021-03-04 16:03:04", "elapsed": 17.555556, "delta": 0.053097}}
{"target": 0.3297513646242024, "params": {"T1": 0.09481667380647778, "T3": 0.10251937142740572, "T5": 0.09667303392126048, "U1": 15.377664418210799, "U5": 13.706051549411288}, "datetime": {"datetime": "2021-03-04 16:03:04", "elapsed": 17.608959, "delta": 0.053403}}
{"target": 0.22626503071800697, "params": {"T1": 0.1087951675545202, "T3": 0.14705535510328815, "T5": 0.12365720924963286, "U1": 12.01752429392142, "U5": 15.549105300409074}, "datetime": {"datetime": "2021-03-04 16:03:04", "elapsed": 17.666432, "delta": 0.057473}}
{"target": 0.30132415946748015, "params": {"T1": 0.14952360841614584, "T3": 0.05513598319748911, "T5": 0.11400786390223282, "U1": 12.729952875536359, "U5": 12.382863035662659}, "datetime": {"datetime": "2021-03-04 16:03:04", "elapsed": 17.723064, "delta": 0.056632}}
{"target": 0.20818156852089895, "params": {"T1": 0.10003221359810935, "T3": 0.11592385605817722, "T5": 0.11966827550270762, "U1": 13.679705068727063, "U5": 17.38057546400346}, "datetime": {"datetime": "2021-03-04 16:03:04", "elapsed": 17.781865, "delta": 0.058801}}
