{"target": 0.20470043167692248, "params": {"T1": 0.09978585396927872, "T3": 0.11567062045078076, "T5": 0.06119543290459287, "U1": 14.527938594821672, "U5": 18.620514082789846}, "datetime": {"datetime": "2021-03-04 16:05:11", "elapsed": 144.815172, "delta": 0.705789}}
{"target": 0.15643929496085712, "params": {"T1": 0.08977731636202184, "T3": 0.10251535308981571, "T5": 0.12350777099702685, "U1": 18.478738726805595, "U5": 15.199545321481171}, "datetime": {"datetime": "2021-03-04 16:05:12", "elapsed": 145.556328, "delta": 0.741156}}
{"target": 0.13994840203952938, "params": {"T1": 0.10318587134737528, "T3": 0.05375579759978412, "T5": 0.06568365480199428, "U1": 16.787632758968485, "U5": 19.320963545106856}, "datetime": {"datetime": "2021-03-04 16:05:13", "elapsed": 146.731032, "delta": 1.174704}}
{"target": 0.14984701417862623, "params": {"T1": 0.13175334093415558, "T3": 0.1357733716621578, "T5": 0.10801909591387993, "U1": 14.984959943604089, "U5": 12.26742918339901}, "datetime": {"datetime": "2021-03-04 16:05:14", "elapsed": 147.736253, "delta": 1.005221}}
{"target": 0.18548436202548, "params": {"T1": 0.06201796161292755, "T3": 0.08300177890247584, "T5": 0.10503274702099519, "U1": 16.594044377582264, "U5": 18.716043848158954}, "datetime": {"datetime": "2021-03-04 16:05:15", "elapsed": 148.540463, "delta": 0.80421}}
{"target": 0.29773016065180585, "params": {"T1": 0.09341354718072711, "T3": 0.13326887091799947, "T5": 0.09693172625165916, "U1": 12.304191444217174, "U5": 12.505712161388956}, "datetime": {"datetime": "2021-03-04 16:05:16", "elapsed": 149.935231, "delta": 1.394768}}
{"target": 0.1342581571936651, "params": {"T1": 0.07218498618789958, "T3": 0.05170612779743569, "T5": 0.12366434018133204, "U1": 18.643162209584123, "U5": 18.781808182180733}, "datetime": {"datetime": "2021-03-04 16:05:17", "elapsed": 150.679502, "delta": 0.744271}}
{"target": 0.5869068319901674, "params": {"T1": 0.10773575950825785, "T3": 0.1463817154184067, "T5": 0.052925439638404084, "U1": 18.524879842076615, "U5": 17.131970959267505}, "datetime": {"datetime": "2021-03-04 16:05:18", "elapsed": 151.38627, "delta": 0.706768}}
{"target": 0.6020100010899656, "params": {"T1": 0.12058194728632096, "T3": 0.11175095875714018, "T5": 0.1365312055762341, "U1": 19.67469786741606, "U5": 14.304732383045803}, "datetime": {"datetime": "2021-03-04 16:05:18", "elapsed": 152.039887, "delta": 0.653617}}
{"target": 0.33118056156843423, "params": {"T1": 0.13728192320282456, "T3": 0.10240559113724398, "T5": 0.07928445397358211, "U1": 18.70993411512524, "U5": 14.347036812562429}, "datetime": {"datetime": "2021-03-04 16:05:19", "elapsed": 152.925302, "delta": 0.885415}}
{"target": 0.4050580308144061, "params": {"T1": 0.09591102740873274, "T3": 0.1388898125004529, "T5": 0.09480366347458724, "U1": 19.624156000908535, "U5": 13.582176182530722}, "datetime": {"datetime": "2021-03-04 16:05:20", "elapsed": 153.99359, "delta": 1.068288}}
{"target": 0.2896631513700955, "params": {"T1": 0.07887302400472185, "T3": 0.08903161007128747, "T5": 0.13181453986132538, "U1": 14.10949195207803, "U5": 14.803607529633936}, "datetime": {"datetime": "2021-03-04 16:05:21", "elapsed": 155.082394, "delta": 1.088804}}
{"target": 0.2524777343201254, "params": {"T1": 0.06988285807096314, "T3": 0.07971113261804726, "T5": 0.053396279890822865, "U1": 12.438526896649359, "U5": 14.049649408289767}, "datetime": {"datetime": "2021-03-04 16:05:23", "elapsed": 156.462197, "delta": 1.379803}}
{"target": 0.19733885754511343, "params": {"T1": 0.11204617618255724, "T3": 0.11380494376250527, "T5": 0.13674833211389104, "U1": 19.661151740632718, "U5": 14.307488225828092}, "datetime": {"datetime": "2021-03-04 16:05:24", "elapsed": 157.712664, "delta": 1.250467}}
{"target": 0.16280390394843414, "params": {"T1": 0.14913341258818247, "T3": 0.09457506884816683, "T5": 0.13633822145683105, "U1": 13.921615797139165, "U5": 14.310600811994021}, "datetime": {"datetime": "2021-03-04 16:05:25", "elapsed": 158.541794, "delta": 0.82913}}
{"target": 0.29717099607288094, "params": {"T1": 0.071795289974899, "T3": 0.06869040920038373, "T5": 0.12204284408257697, "U1": 13.427598799747855, "U5": 12.848246701944005}, "datetime": {"datetime": "2021-03-04 16:05:26", "elapsed": 159.212723, "delta": 0.670929}}
{"target": 0.2101253282250734, "params": {"T1": 0.13161858687989117, "T3": 0.13939823557402287, "T5": 0.10140916688838175, "U1": 15.726706515030147, "U5": 17.18000145914332}, "datetime": {"datetime": "2021-03-04 16:05:26", "elapsed": 159.959076, "delta": 0.746353}}
{"target": 0.1753360000844509, "params": {"T1": 0.08126218762357727, "T3": 0.12330286113495727, "T5": 0.13343846928367323, "U1": 13.840001193311123, "U5": 14.532361335106897}, "datetime": {"datetime": "2021-03-04 16:05:27", "elapsed": 161.182313, "delta": 1.223237}}
{"target": 0.1382923051414787, "params": {"T1": 0.12599312353408837, "T3": 0.08394403604279158, "T5": 0.05822268327675663, "U1": 16.473844988031303, "U5": 19.06710612474619}, "datetime": {"datetime": "2021-03-04 16:05:28", "elapsed": 161.858016, "delta": 0.675703}}
{"target": 0.8688774921429725, "params": {"T1": 0.14898972106214758, "T3": 0.08314493890309582, "T5": 0.0690771040047998, "U1": 18.57229418339032, "U5": 16.743723166643832}, "datetime": {"datetime": "2021-03-04 16:05:29", "elapsed": 162.525676, "delta": 0.66766}}
{"target": 0.2561185968632702, "params": {"T1": 0.09432151584345243, "T3": 0.10446489616965686, "T5": 0.13761488576667774, "U1": 16.875556301499266, "U5": 13.580746627368308}, "datetime": {"datetime": "2021-03-04 16:05:30", "elapsed": 163.680088, "delta": 1.154412}}
{"target": 0.3090348097861598, "params": {"T1": 0.09250321936849984, "T3": 0.0814273054746403, "T5": 0.10129698526360587, "U1": 18.96486291463135, "U5": 13.660713274633974}, "datetime": {"datetime": "2021-03-04 16:05:31", "elapsed": 164.461536, "delta": 0.781448}}
{"target": 0.2788052487354923, "params": {"T1": 0.06846140917972739, "T3": 0.13063591080555403, "T5": 0.1380673273185713, "U1": 13.089089758244556, "U5": 12.532025257740287}, "datetime": {"datetime": "2021-03-04 16:05:32", "elapsed": 165.217401, "delta": 0.755865}}
{"target": 0.2024058815803537, "params": {"T1": 0.11959664510988455, "T3": 0.13200803949342743, "T5": 0.08337432590232503, "U1": 15.894598995721655, "U5": 18.561541287977402}, "datetime": {"datetime": "2021-03-04 16:05:33", "elapsed": 166.577107, "delta": 1.359706}}
{"target": 0.3003849594485051, "params": {"T1": 0.09184833142179676, "T3": 0.0766567307181539, "T5": 0.1481579048586667, "U1": 13.82007350383949, "U5": 13.716821713473784}, "datetime": {"datetime": "2021-03-04 16:05:34", "elapsed": 167.529715, "delta": 0.952608}}
{"target": 0.11891719411450273, "params": {"T1": 0.12665175129016812, "T3": 0.14455909211490897, "T5": 0.1347852244670783, "U1": 18.191291718137293, "U5": 12.571067890160592}, "datetime": {"datetime": "2021-03-04 16:05:35", "elapsed": 168.315612, "delta": 0.785897}}
{"target": 0.1789485342273938, "params": {"T1": 0.11976604977445994, "T3": 0.13721718200001742, "T5": 0.06699036655882043, "U1": 19.69443084884448, "U5": 18.646663019852856}, "datetime": {"datetime": "2021-03-04 16:05:36", "elapsed": 169.455942, "delta": 1.14033}}
{"target": 0.14618556395441779, "params": {"T1": 0.11914188792658575, "T3": 0.06213760539757186, "T5": 0.12444374355980717, "U1": 13.12897533842526, "U5": 19.07968538082967}, "datetime": {"datetime": "2021-03-04 16:05:37", "elapsed": 170.221523, "delta": 0.765581}}
{"target": 0.28174745978387855, "params": {"T1": 0.0515626973719478, "T3": 0.09872894899896686, "T5": 0.1224623221746073, "U1": 16.38522237449579, "U5": 18.578951570962428}, "datetime": {"datetime": "2021-03-04 16:05:37", "elapsed": 170.991842, "delta": 0.770319}}
{"target": 0.5137014289029436, "params": {"T1": 0.1200910012693966, "T3": 0.1210770874315879, "T5": 0.12309573341876791, "U1": 15.150728837764557, "U5": 16.531642782108307}, "datetime": {"datetime": "2021-03-04 16:05:38", "elapsed": 171.794508, "delta": 0.802666}}
{"target": 0.2329802685230603, "params": {"T1": 0.07005944646504955, "T3": 0.09080751216555973, "T5": 0.08717361868933379, "U1": 19.54554595832679, "U5": 15.48835771144211}, "datetime": {"datetime": "2021-03-04 16:05:39", "elapsed": 172.782358, "delta": 0.98785}}
{"target": 0.23241177299999857, "params": {"T1": 0.07954095176042986, "T3": 0.12433034844335526, "T5": 0.05761535273507608, "U1": 12.606515412412817, "U5": 14.232522679126033}, "datetime": {"datetime": "2021-03-04 16:05:40", "elapsed": 173.510636, "delta": 0.728278}}
{"target": 0.30376912799956246, "params": {"T1": 0.1005660459165447, "T3": 0.07805490136321035, "T5": 0.13497665854144691, "U1": 13.073164167650944, "U5": 17.310105845801946}, "datetime": {"datetime": "2021-03-04 16:05:41", "elapsed": 174.28603, "delta": 0.775394}}
{"target": 0.24439145983060978, "params": {"T1": 0.13325108863207985, "T3": 0.12983876530765176, "T5": 0.13631290290341563, "U1": 12.95085515192443, "U5": 16.024365893170156}, "datetime": {"datetime": "2021-03-04 16:05:41", "elapsed": 175.063071, "delta": 0.777041}}
{"target": 0.1790506707538092, "params": {"T1": 0.055408541604244556, "T3": 0.13733850782064483, "T5": 0.09637767038234385, "U1": 17.054872960617132, "U5": 13.372057065771704}, "datetime": {"datetime": "2021-03-04 16:05:42", "elapsed": 175.890925, "delta": 0.827854}}
{"target": 0.22899164542880848, "params": {"T1": 0.09713666439574795, "T3": 0.14859777541545216, "T5": 0.11262815986050746, "U1": 17.046140029999506, "U5": 19.683261181064736}, "datetime": {"datetime": "2021-03-04 16:05:43", "elapsed": 176.670842, "delta": 0.779917}}
{"target": 0.26629560193251073, "params": {"T1": 0.07052249115975516, "T3": 0.13898135485541369, "T5": 0.062023455067387094, "U1": 18.118826665039883, "U5": 19.279475323451983}, "datetime": {"datetime": "2021-03-04 16:05:44", "elapsed": 177.712778, "delta": 1.041936}}
{"target": 0.3506722906478388, "params": {"T1": 0.10010259231750437, "T3": 0.13103939076975796, "T5": 0.058589852007914445, "U1": 18.2636758216896, "U5": 17.043729458950253}, "datetime": {"datetime": "2021-03-04 16:05:45", "elapsed": 179.031653, "delta": 1.318875}}
{"target": 0.3333005400083899, "params": {"T1": 0.08776774615032341, "T3": 0.09524426573275324, "T5": 0.060339327980354046, "U1": 13.252856512680104, "U5": 18.15834965974983}, "datetime": {"datetime": "2021-03-04 16:05:47", "elapsed": 180.385396, "delta": 1.353743}}
{"target": 0.5332019688374492, "params": {"T1": 0.08236471837960749, "T3": 0.13025967670662852, "T5": 0.0709652236480918, "U1": 18.686742316537376, "U5": 14.328100760910143}, "datetime": {"datetime": "2021-03-04 16:05:47", "elapsed": 181.120932, "delta": 0.735536}}
{"target": 0.15982482953721977, "params": {"T1": 0.10799346479588195, "T3": 0.10053590726013753, "T5": 0.1425425028222165, "U1": 14.930504331553553, "U5": 14.948034819748058}, "datetime": {"datetime": "2021-03-04 16:05:48", "elapsed": 181.899424, "delta": 0.778492}}
{"target": 0.2290841292634883, "params": {"T1": 0.0700700929017003, "T3": 0.09771302642156227, "T5": 0.10896416525308703, "U1": 16.611570681152102, "U5": 15.053499483293002}, "datetime": {"datetime": "2021-03-04 16:05:49", "elapsed": 182.676448, "delta": 0.777024}}
{"target": 0.20074292045773404, "params": {"T1": 0.08338269998671977, "T3": 0.12531283832734802, "T5": 0.050124871539884444, "U1": 13.259464112539069, "U5": 18.152185312901402}, "datetime": {"datetime": "2021-03-04 16:05:51", "elapsed": 184.574166, "delta": 1.897718}}
{"target": 0.3219569399312214, "params": {"T1": 0.09636269938923202, "T3": 0.07683445842802483, "T5": 0.08807780615278384, "U1": 17.149861442841654, "U5": 15.946495844099957}, "datetime": {"datetime": "2021-03-04 16:05:52", "elapsed": 185.436889, "delta": 0.862723}}
{"target": 0.156154030090253, "params": {"T1": 0.10548916686876691, "T3": 0.11428861390990572, "T5": 0.10162081585616295, "U1": 13.922821639772264, "U5": 18.097779679447868}, "datetime": {"datetime": "2021-03-04 16:05:53", "elapsed": 186.222486, "delta": 0.785597}}
{"target": 0.2067466762803757, "params": {"T1": 0.08985418282883977, "T3": 0.07164846387819185, "T5": 0.06299148754360696, "U1": 17.650170533087234, "U5": 18.46759521928287}, "datetime": {"datetime": "2021-03-04 16:05:54", "elapsed": 187.649056, "delta": 1.42657}}
{"target": 0.15564371102819977, "params": {"T1": 0.07554034066044853, "T3": 0.11343772064350467, "T5": 0.05495746717399124, "U1": 15.630815268771704, "U5": 15.609514665921395}, "datetime": {"datetime": "2021-03-04 16:05:55", "elapsed": 188.718218, "delta": 1.069162}}
{"target": 0.13271146141029502, "params": {"T1": 0.1385941335646966, "T3": 0.14001755987028408, "T5": 0.13873751484844893, "U1": 18.808529840580107, "U5": 17.701963846119984}, "datetime": {"datetime": "2021-03-04 16:05:56", "elapsed": 189.753069, "delta": 1.034851}}
{"target": 0.33370799376369004, "params": {"T1": 0.11257622508788212, "T3": 0.12480619347651595, "T5": 0.06707296980472635, "U1": 18.254704372657063, "U5": 17.057559209281795}, "datetime": {"datetime": "2021-03-04 16:05:58", "elapsed": 191.214592, "delta": 1.461523}}
{"target": 0.21849281365725504, "params": {"T1": 0.13311312962833405, "T3": 0.09095870281145427, "T5": 0.06330920138379789, "U1": 19.196780911663105, "U5": 15.916361916748308}, "datetime": {"datetime": "2021-03-04 16:05:59", "elapsed": 192.469553, "delta": 1.254961}}
{"target": 0.408150375013063, "params": {"T1": 0.06985005753083401, "T3": 0.12829260837170586, "T5": 0.13304301856682682, "U1": 16.44399205888936, "U5": 14.592132252820534}, "datetime": {"datetime": "2021-03-04 16:06:00", "elapsed": 193.217329, "delta": 0.747776}}
{"target": 0.4400060914984978, "params": {"T1": 0.06603382270284527, "T3": 0.13071324256207492, "T5": 0.09377633695938553, "U1": 13.38984856727612, "U5": 15.494495581131552}, "datetime": {"datetime": "2021-03-04 16:06:00", "elapsed": 194.02589, "delta": 0.808561}}
{"target": 0.1638957665510987, "params": {"T1": 0.08087976942818224, "T3": 0.1283639479186478, "T5": 0.10993066381138797, "U1": 15.008429798119924, "U5": 15.940994116631348}, "datetime": {"datetime": "2021-03-04 16:06:02", "elapsed": 195.51324, "delta": 1.48735}}
{"target": 0.24609955052287494, "params": {"T1": 0.1129154282678439, "T3": 0.14853211197901187, "T5": 0.06998318999941104, "U1": 18.512810261618565, "U5": 17.11254966443574}, "datetime": {"datetime": "2021-03-04 16:06:03", "elapsed": 196.53079, "delta": 1.01755}}
{"target": 0.23512760942210584, "params": {"T1": 0.11041457855204082, "T3": 0.13201589247887546, "T5": 0.10763062348819485, "U1": 15.1588205074192, "U5": 16.544713965665714}, "datetime": {"datetime": "2021-03-04 16:06:04", "elapsed": 197.487321, "delta": 0.956531}}
{"target": 0.5229619650534393, "params": {"T1": 0.09861544692065832, "T3": 0.1023407554002346, "T5": 0.06340207804113049, "U1": 18.839778762130635, "U5": 13.765655596762828}, "datetime": {"datetime": "2021-03-04 16:06:05", "elapsed": 198.630103, "delta": 1.142782}}
{"target": 0.47291512028990457, "params": {"T1": 0.09109118405539644, "T3": 0.07416347207616118, "T5": 0.0508583073167653, "U1": 16.973097484964413, "U5": 19.825142336020484}, "datetime": {"datetime": "2021-03-04 16:06:06", "elapsed": 199.436799, "delta": 0.806696}}
{"target": 0.29087050085249627, "params": {"T1": 0.10425042113868499, "T3": 0.11425126848745973, "T5": 0.07422522044699412, "U1": 13.10211660905734, "U5": 19.512403756101044}, "datetime": {"datetime": "2021-03-04 16:06:07", "elapsed": 200.559169, "delta": 1.12237}}
{"target": 0.26553498782677526, "params": {"T1": 0.0755170687602302, "T3": 0.05538523606865728, "T5": 0.1415525380010143, "U1": 18.36996563349575, "U5": 16.519153752404073}, "datetime": {"datetime": "2021-03-04 16:06:08", "elapsed": 201.436059, "delta": 0.87689}}
{"target": 0.24468618013699545, "params": {"T1": 0.13673488978509776, "T3": 0.1233478034653744, "T5": 0.12908226868549708, "U1": 16.358002737725293, "U5": 13.03764137396023}, "datetime": {"datetime": "2021-03-04 16:06:08", "elapsed": 202.181293, "delta": 0.745234}}
{"target": 0.312393303706409, "params": {"T1": 0.09653135210618508, "T3": 0.12766987771431904, "T5": 0.12311302522748765, "U1": 12.813216149213439, "U5": 13.742681559089373}, "datetime": {"datetime": "2021-03-04 16:06:09", "elapsed": 202.968169, "delta": 0.786876}}
{"target": 0.4762330033802351, "params": {"T1": 0.08497417755491973, "T3": 0.13946001800323826, "T5": 0.05888792526374699, "U1": 13.62128419463199, "U5": 15.666077224124628}, "datetime": {"datetime": "2021-03-04 16:06:11", "elapsed": 204.483011, "delta": 1.514842}}
{"target": 0.3838028619593826, "params": {"T1": 0.11681948554098047, "T3": 0.09048152483906483, "T5": 0.07972686587284629, "U1": 16.919648385572412, "U5": 17.514961851073796}, "datetime": {"datetime": "2021-03-04 16:06:12", "elapsed": 205.644373, "delta": 1.161362}}
{"target": 0.38101934368927287, "params": {"T1": 0.05821667912900011, "T3": 0.14176093355794328, "T5": 0.08684620528992346, "U1": 19.555656375122755, "U5": 18.969502915860815}, "datetime": {"datetime": "2021-03-04 16:06:13", "elapsed": 206.442779, "delta": 0.798406}}
{"target": 0.30441302173113094, "params": {"T1": 0.056120391082586624, "T3": 0.09784577963002403, "T5": 0.13317006362830225, "U1": 12.985914287296483, "U5": 12.290714758404883}, "datetime": {"datetime": "2021-03-04 16:06:14", "elapsed": 207.379953, "delta": 0.937174}}
{"target": 0.29551663053628885, "params": {"T1": 0.06916847688520097, "T3": 0.1272778144928008, "T5": 0.10277959173642537, "U1": 15.911480265534177, "U5": 12.552306623006903}, "datetime": {"datetime": "2021-03-04 16:06:14", "elapsed": 208.153929, "delta": 0.773976}}
{"target": 0.21905527998743185, "params": {"T1": 0.06331709445524325, "T3": 0.09165273296879095, "T5": 0.09616530421185901, "U1": 16.11896953389993, "U5": 13.587218564674796}, "datetime": {"datetime": "2021-03-04 16:06:15", "elapsed": 209.074669, "delta": 0.92074}}
{"target": 0.19457458263171348, "params": {"T1": 0.099657024583136, "T3": 0.13936965541434365, "T5": 0.0613319854878719, "U1": 13.63216654791932, "U5": 15.651053344563817}, "datetime": {"datetime": "2021-03-04 16:06:17", "elapsed": 210.262411, "delta": 1.187742}}
{"target": 0.5029820276971005, "params": {"T1": 0.08668389312496239, "T3": 0.09837908074044448, "T5": 0.07035361415084491, "U1": 19.11948802737679, "U5": 13.537187925389816}, "datetime": {"datetime": "2021-03-04 16:06:18", "elapsed": 211.396939, "delta": 1.134528}}
{"target": 0.30576853360131506, "params": {"T1": 0.07522372473295343, "T3": 0.14002027776269088, "T5": 0.10520323586996091, "U1": 13.394754156146803, "U5": 15.486990970972242}, "datetime": {"datetime": "2021-03-04 16:06:19", "elapsed": 212.763732, "delta": 1.366793}}
{"target": 0.2948203220043672, "params": {"T1": 0.05627218511754284, "T3": 0.1325736797974469, "T5": 0.11804712439954826, "U1": 15.950258822499078, "U5": 19.745631316324367}, "datetime": {"datetime": "2021-03-04 16:06:20", "elapsed": 213.616894, "delta": 0.853162}}
{"target": 0.2549921548492637, "params": {"T1": 0.08683794766111914, "T3": 0.08359420438774141, "T5": 0.07504663527125159, "U1": 18.557274617791524, "U5": 12.537788465148378}, "datetime": {"datetime": "2021-03-04 16:06:21", "elapsed": 214.760274, "delta": 1.14338}}
{"target": 0.18316736613790416, "params": {"T1": 0.10781013829744879, "T3": 0.13712262503736117, "T5": 0.12246029159511969, "U1": 18.63592430021878, "U5": 18.949252682434018}, "datetime": {"datetime": "2021-03-04 16:06:22", "elapsed": 215.833263, "delta": 1.072989}}
{"target": 0.21205950602160842, "params": {"T1": 0.13998119072520565, "T3": 0.1286149804516461, "T5": 0.129026726178947, "U1": 12.115164182934379, "U5": 13.043684283562692}, "datetime": {"datetime": "2021-03-04 16:06:23", "elapsed": 216.634134, "delta": 0.800871}}
{"target": 0.2658159129900249, "params": {"T1": 0.1330163016332409, "T3": 0.1077243664920006, "T5": 0.07495699344018893, "U1": 15.287145936753198, "U5": 18.686127951427494}, "datetime": {"datetime": "2021-03-04 16:06:24", "elapsed": 217.440211, "delta": 0.806077}}
{"target": 0.18912910810411332, "params": {"T1": 0.09360952971376366, "T3": 0.1252310088360225, "T5": 0.14005565860162938, "U1": 13.37006926230831, "U5": 13.250114832991258}, "datetime": {"datetime": "2021-03-04 16:06:25", "elapsed": 218.518065, "delta": 1.077854}}
{"target": 0.16864528136113457, "params": {"T1": 0.13631342831612192, "T3": 0.14876773239758417, "T5": 0.11214333374874452, "U1": 12.084478155103916, "U5": 12.483662205194989}, "datetime": {"datetime": "2021-03-04 16:06:26", "elapsed": 219.332626, "delta": 0.814561}}
{"target": 0.27560998613922916, "params": {"T1": 0.05961085589314478, "T3": 0.14381130136626397, "T5": 0.13936668354657206, "U1": 18.633412586056707, "U5": 16.1713672769095}, "datetime": {"datetime": "2021-03-04 16:06:26", "elapsed": 220.183434, "delta": 0.850808}}
{"target": 0.36756229045446365, "params": {"T1": 0.07043587522146207, "T3": 0.12996738850767262, "T5": 0.05828024971244338, "U1": 14.279518833607677, "U5": 15.455582103009013}, "datetime": {"datetime": "2021-03-04 16:06:28", "elapsed": 221.781386, "delta": 1.597952}}
{"target": 0.21965191839119208, "params": {"T1": 0.10029488975942058, "T3": 0.11488020146719909, "T5": 0.06079097408022799, "U1": 19.067729236987624, "U5": 12.925997694879218}, "datetime": {"datetime": "2021-03-04 16:06:29", "elapsed": 222.854661, "delta": 1.073275}}
{"target": 0.4182085188703539, "params": {"T1": 0.09877689291720304, "T3": 0.13622268335503027, "T5": 0.08440243366294851, "U1": 14.29519742437564, "U5": 12.451814243396743}, "datetime": {"datetime": "2021-03-04 16:06:30", "elapsed": 223.625551, "delta": 0.77089}}
{"target": 0.17766071705504188, "params": {"T1": 0.07693623920216927, "T3": 0.05489172634746085, "T5": 0.06458556994070357, "U1": 16.80536126237556, "U5": 15.469072679677996}, "datetime": {"datetime": "2021-03-04 16:06:31", "elapsed": 224.602397, "delta": 0.976846}}
